<TEI xmlns="http://www.tei-c.org/ns/1.0">
    <teiHeader xml:id="urn:cts:latinLit:phi0119.phi010.perseus-lat2">
        <fileDesc>
            <titleStmt>
                <title></title>
                <author></author>
            </titleStmt>
        </fileDesc>
    </teiHeader>
    <text>
        <body>            <seg xml:id="urn:cts:latinLit:phi0119.phi010.perseus-lat2:line.1">                <w xml:id="line.1#w.1" pos="NOM" lemma="salus" msd="Case=Acc|Numb=Sing">Salutem</w>                <w xml:id="line.1#w.2" pos="ADJadv.ord" lemma="primum" msd="Deg=Sup">primum</w>                <w xml:id="line.1#w.3" pos="ADV" lemma="iam" msd="Deg=Pos">iam</w>                <w xml:id="line.1#w.4" pos="PRE" lemma="ab" msd="MORPH=empty">a</w>                <w xml:id="line.1#w.5" pos="NOM" lemma="principium" msd="Case=Abl|Numb=Sing">principio</w>                <w xml:id="line.1#w.6" pos="ADJqua" lemma="propitius" msd="Case=Acc|Numb=Sing|Deg=Pos">propitiam</w>            </seg>            <seg xml:id="urn:cts:latinLit:phi0119.phi010.perseus-lat2:line.2">                <w xml:id="line.2#w.1" pos="PROper" lemma="ego" msd="Case=Dat|Numb=Sing">mihi</w>                <w xml:id="line.2#w.2" pos="CONcoo" lemma="atque1" msd="MORPH=empty">atque</w>                <w xml:id="line.2#w.3" pos="PROper" lemma="uos" msd="Case=Dat|Numb=Plur">vobis</w>                <w xml:id="line.2#w.4" pos="PUNC" lemma="," msd="MORPH=empty">,</w>                <w xml:id="line.2#w.5" pos="NOM" lemma="spectator" msd="Case=Nom|Numb=Plur">spectatores</w>                <w xml:id="line.2#w.6" pos="PUNC" lemma="," msd="MORPH=empty">,</w>                <w xml:id="line.2#w.7" pos="NOM" lemma="nuntio" msd="Case=Abl|Numb=Sing|Mood=Ind|Tense=Pres|Voice=Act">nuntio</w>                <w xml:id="line.2#w.8" pos="PUNC" lemma="." msd="MORPH=empty">.</w>            </seg>            <seg xml:id="urn:cts:latinLit:phi0119.phi010.perseus-lat2:line.3">                <w xml:id="line.3#w.1" pos="VER" lemma="apporto" msd="Numb=Sing|Mood=Ind|Tense=Pres|Voice=Act|Person=1">apporto</w>                <w xml:id="line.3#w.2" pos="PROper" lemma="uos" msd="Case=Dat|Numb=Plur">vobis</w>                <w xml:id="line.3#w.3" pos="NOM" lemma="plautus" msd="Case=Acc|Numb=Sing">Plautum</w>                <w xml:id="line.3#w.4" pos="PUNC" lemma="," msd="MORPH=empty">,</w>                <w xml:id="line.3#w.5" pos="NOM" lemma="lingua" msd="Case=Voc|Numb=Sing">lingua</w>                <w xml:id="line.3#w.6" pos="ADVneg" lemma="non" msd="MORPH=empty">non</w>                <w xml:id="line.3#w.7" pos="NOM" lemma="manus?" msd="Case=Abl|Numb=Sing">manu</w>                <w xml:id="line.3#w.8" pos="PUNC" lemma="," msd="MORPH=empty">,</w>            </seg>            <seg xml:id="urn:cts:latinLit:phi0119.phi010.perseus-lat2:line.4">                <w xml:id="line.4#w.1" pos="VER" lemma="quaeso" msd="Numb=Sing|Mood=Ind|Tense=Pres|Voice=Act|Person=1">quaeso</w>                <w xml:id="line.4#w.2" pos="CONsub" lemma="ut4" msd="MORPH=empty">ut</w>                <w xml:id="line.4#w.3" pos="ADJqua" lemma="benignus" msd="Case=Abl|Numb=Plur|Deg=Pos">benignis</w>                <w xml:id="line.4#w.4" pos="VER" lemma="accipio" msd="Numb=Plur|Mood=Sub|Tense=Pres|Voice=Act|Person=2">accipiatis</w>                <w xml:id="line.4#w.5" pos="NOM" lemma="auris" msd="Case=Abl|Numb=Plur">auribus</w>                <w xml:id="line.4#w.6" pos="PUNC" lemma="." msd="MORPH=empty">.</w>            </seg>            <seg xml:id="urn:cts:latinLit:phi0119.phi010.perseus-lat2:line.5">                <w xml:id="line.5#w.1" pos="ADV" lemma="nunc" msd="Deg=Pos">nunc</w>                <w xml:id="line.5#w.2" pos="NOM" lemma="argumentum" msd="Case=Acc|Numb=Sing">argumentum</w>                <w xml:id="line.5#w.3" pos="VER" lemma="accipio" msd="Numb=Plur|Mood=Imp|Tense=Pres|Voice=Act|Person=2">accipite</w>                <w xml:id="line.5#w.4" pos="CONcoo" lemma="atque1" msd="MORPH=empty">atque</w>                <w xml:id="line.5#w.5" pos="NOM" lemma="animus" msd="Case=Acc|Numb=Sing">animum</w>                <w xml:id="line.5#w.6" pos="VER" lemma="aduerto" msd="Numb=Plur|Mood=Imp|Tense=Pres|Voice=Act|Person=2">advortite</w>                <w xml:id="line.5#w.7" pos="PUNC" lemma=";" msd="MORPH=empty">;</w>            </seg>            <seg xml:id="urn:cts:latinLit:phi0119.phi010.perseus-lat2:line.6">                <w xml:id="line.6#w.1" pos="ADVint" lemma="quam2" msd="Case=Acc|Numb=Sing">quam</w>                <w xml:id="line.6#w.2" pos="VER" lemma="possum1" msd="Numb=Sing|Mood=Ind|Tense=Fut|Voice=Act|Person=1">potero</w>                <w xml:id="line.6#w.3" pos="PRE" lemma="in" msd="MORPH=empty">in</w>                <w xml:id="line.6#w.4" pos="NOM" lemma="uerbum" msd="Case=Acc|Numb=Plur">verba</w>                <w xml:id="line.6#w.5" pos="VER" lemma="confero" msd="Numb=Sing|Mood=Ind|Tense=Fut|Voice=Act|Person=1">conferam</w>                <w xml:id="line.6#w.6" pos="ADJqua" lemma="paucus" msd="Case=Nom|Numb=Sing|Deg=Sup">paucissuma</w>                <w xml:id="line.6#w.7" pos="PUNC" lemma="." msd="MORPH=empty">.</w>            </seg>            <seg xml:id="urn:cts:latinLit:phi0119.phi010.perseus-lat2:line.7">                <w xml:id="line.7#w.1" pos="CONcoo" lemma="atque1" msd="MORPH=empty">atque</w>                <w xml:id="line.7#w.2" pos="PROdem" lemma="hic1" msd="Case=Acc|Numb=Sing">hoc</w>                <w xml:id="line.7#w.3" pos="NOM" lemma="poeta" msd="Case=Nom|Numb=Plur">poetae</w>                <w xml:id="line.7#w.4" pos="VER" lemma="facio" msd="Numb=Plur|Mood=Ind|Tense=Pres|Voice=Act|Person=3">faciunt</w>                <w xml:id="line.7#w.5" pos="PRE" lemma="in" msd="MORPH=empty">in</w>                <w xml:id="line.7#w.6" pos="NOM" lemma="comoedia" msd="Case=Abl|Numb=Plur">comoediis</w>                <w xml:id="line.7#w.7" pos="PUNC" lemma=":" msd="MORPH=empty">:</w>            </seg>            <seg xml:id="urn:cts:latinLit:phi0119.phi010.perseus-lat2:line.8">                <w xml:id="line.8#w.1" pos="PROind" lemma="omnis" msd="Case=Acc|Numb=Plur">omnis</w>                <w xml:id="line.8#w.2" pos="NOM" lemma="res" msd="Case=Acc|Numb=Plur">res</w>                <w xml:id="line.8#w.3" pos="VER" lemma="gero" msd="Case=Acc|Numb=Plur|Mood=Par|Tense=Perf|Voice=Pass">gestas</w>                <w xml:id="line.8#w.4" pos="VER" lemma="sum1" msd="Mood=Inf|Tense=Pres|Voice=Act">esse</w>                <w xml:id="line.8#w.5" pos="NOM" lemma="athena" msd="Case=Abl|Numb=Plur">Athenis</w>                <w xml:id="line.8#w.6" pos="VER" lemma="autumo" msd="Numb=Plur|Mood=Ind|Tense=Pres|Voice=Act|Person=3">autumant</w>                <w xml:id="line.8#w.7" pos="PUNC" lemma="," msd="MORPH=empty">,</w>            </seg>            <seg xml:id="urn:cts:latinLit:phi0119.phi010.perseus-lat2:line.9">                <w xml:id="line.9#w.1" pos="PROrel" lemma="quo?" msd="MORPH=empty">quo</w>                <w xml:id="line.9#w.2" pos="PROdem" lemma="ille" msd="Case=Nom|Numb=Sing">Ã­llud</w>                <w xml:id="line.9#w.3" pos="PROper" lemma="uos" msd="Case=Dat|Numb=Plur">vobis</w>                <w xml:id="line.9#w.4" pos="ADJqua" lemma="graecus" msd="Case=Nom|Numb=Sing|Deg=Pos">graecum</w>                <w xml:id="line.9#w.5" pos="VER" lemma="uideo" msd="Numb=Sing|Mood=Sub|Tense=Pres|Voice=Pass|Person=3">videatur</w>                <w xml:id="line.9#w.6" pos="ADV" lemma="magis2" msd="Deg=Comp">magis</w>                <w xml:id="line.9#w.7" pos="PUNC" lemma=";" msd="MORPH=empty">;</w>            </seg>            <seg xml:id="urn:cts:latinLit:phi0119.phi010.perseus-lat2:line.10">                <w xml:id="line.10#w.1" pos="PROper" lemma="ego" msd="Case=Nom|Numb=Sing">ego</w>                <w xml:id="line.10#w.2" pos="ADVneg" lemma="nusquam" msd="MORPH=empty">nusquam</w>                <w xml:id="line.10#w.3" pos="VER" lemma="dico?" msd="Numb=Sing|Mood=Ind|Tense=Fut|Voice=Act|Person=1">dicam</w>                <w xml:id="line.10#w.4" pos="CONsub" lemma="nisi" msd="MORPH=empty">nisi</w>                <w xml:id="line.10#w.5" pos="CONsub" lemma="ubi3" msd="MORPH=empty">ubi</w>                <w xml:id="line.10#w.6" pos="VER" lemma="facio" msd="Case=Nom|Numb=Sing|Mood=Par|Tense=Perf|Voice=Pass">factum</w>                <w xml:id="line.10#w.7" pos="VER" lemma="dico?" msd="Numb=Sing|Mood=Ind|Tense=Pres|Voice=Pass|Person=3">dicitur</w>                <w xml:id="line.10#w.8" pos="PUNC" lemma="." msd="MORPH=empty">.</w>            </seg>            <seg xml:id="urn:cts:latinLit:phi0119.phi010.perseus-lat2:line.11">                <w xml:id="line.11#w.1" pos="CONcoo" lemma="atque1" msd="MORPH=empty">atque</w>                <w xml:id="line.11#w.2" pos="ADV" lemma="adeo2" msd="Deg=Pos">adeo</w>                <w xml:id="line.11#w.3" pos="PROdem" lemma="hic1" msd="Case=Acc|Numb=Sing">hoc</w>                <w xml:id="line.11#w.4" pos="NOM" lemma="argumentum" msd="Case=Nom|Numb=Sing">argumentum</w>                <w xml:id="line.11#w.5" pos="VER" lemma="graecisso" msd="Numb=Sing|Mood=Ind|Tense=Pres|Voice=Act|Person=3">graecissat</w>                <w xml:id="line.11#w.6" pos="PUNC" lemma="," msd="MORPH=empty">,</w>                <w xml:id="line.11#w.7" pos="ADV" lemma="tamen" msd="Deg=Pos">tamen</w>            </seg>            <seg xml:id="urn:cts:latinLit:phi0119.phi010.perseus-lat2:line.12">                <w xml:id="line.12#w.1" pos="ADVneg" lemma="non" msd="MORPH=empty">non</w>                <w xml:id="line.12#w.2" pos="VER" lemma="atticisso" msd="Numb=Sing|Mood=Ind|Tense=Pres|Voice=Act|Person=3">atticissat</w>                <w xml:id="line.12#w.3" pos="PUNC" lemma="," msd="MORPH=empty">,</w>                <w xml:id="line.12#w.4" pos="NOM" lemma="uerum?" msd="Case=Acc|Numb=Sing">verum</w>                <w xml:id="line.12#w.5" pos="VER" lemma="sicilicissito" msd="Numb=Sing|Mood=Ind|Tense=Pres|Voice=Act|Person=3">sicilicissitat</w>                <w xml:id="line.12#w.6" pos="PUNC" lemma="." msd="MORPH=empty">.</w>            </seg>            <seg xml:id="urn:cts:latinLit:phi0119.phi010.perseus-lat2:line.13">                <w xml:id="line.13#w.1" pos="PROdem" lemma="hic1" msd="Case=Dat|Numb=Sing">huic</w>                <w xml:id="line.13#w.2" pos="NOM" lemma="argumentum" msd="Case=Dat|Numb=Sing">argumento</w>                <w xml:id="line.13#w.3" pos="NOM" lemma="antelogium" msd="Case=Nom|Numb=Sing">antelogium</w>                <w xml:id="line.13#w.4" pos="PROdem" lemma="hic1" msd="Case=Nom|Numb=Sing">hoc</w>                <w xml:id="line.13#w.5" pos="VER" lemma="sum1" msd="Numb=Sing|Mood=Ind|Tense=Perf|Voice=Act|Person=3">fuit</w>                <w xml:id="line.13#w.6" pos="PUNC" lemma=";" msd="MORPH=empty">;</w>            </seg>            <seg xml:id="urn:cts:latinLit:phi0119.phi010.perseus-lat2:line.14">                <w xml:id="line.14#w.1" pos="ADV" lemma="nunc" msd="Deg=Pos">nunc</w>                <w xml:id="line.14#w.2" pos="NOM" lemma="argumentum" msd="Case=Nom|Numb=Sing">argumentum</w>                <w xml:id="line.14#w.3" pos="PROper" lemma="uos" msd="Case=Dat|Numb=Plur">vobis</w>                <w xml:id="line.14#w.4" pos="ADJqua" lemma="demetior" msd="Case=Acc|Numb=Sing|Deg=Pos">demensum</w>                <w xml:id="line.14#w.5" pos="VER" lemma="do" msd="Numb=Sing|Mood=Ind|Tense=Fut|Voice=Act|Person=1">dabo</w>                <w xml:id="line.14#w.6" pos="PUNC" lemma="," msd="MORPH=empty">,</w>            </seg>            <seg xml:id="urn:cts:latinLit:phi0119.phi010.perseus-lat2:line.15">                <w xml:id="line.15#w.1" pos="ADVneg" lemma="non" msd="MORPH=empty">non</w>                <w xml:id="line.15#w.2" pos="NOM" lemma="modius" msd="Case=Abl|Numb=Sing">modio</w>                <w xml:id="line.15#w.3" pos="PUNC" lemma="," msd="MORPH=empty">,</w>                <w xml:id="line.15#w.4" pos="CONcoo" lemma="neque" msd="MORPH=empty">neque</w>                <w xml:id="line.15#w.5" pos="NOM" lemma="trimodium" msd="Case=Abl|Numb=Sing">trimodio</w>                <w xml:id="line.15#w.6" pos="PUNC" lemma="," msd="MORPH=empty">,</w>                <w xml:id="line.15#w.7" pos="CONcoo" lemma="uerum4" msd="Numb=Sing">verum</w>                <w xml:id="line.15#w.8" pos="PROdem" lemma="ipse" msd="Case=Abl|Numb=Sing">ipso</w>                <w xml:id="line.15#w.9" pos="VER" lemma="horreo" msd="Numb=Sing|Mood=Ind|Tense=Pres|Voice=Act|Person=1">horreo</w>                <w xml:id="line.15#w.10" pos="PUNC" lemma=":" msd="MORPH=empty">:</w>            </seg>            <seg xml:id="urn:cts:latinLit:phi0119.phi010.perseus-lat2:line.16">                <w xml:id="line.16#w.1" pos="ADV" lemma="tantum2" msd="Case=Nom|Numb=Sing|Deg=Pos">tantum</w>                <w xml:id="line.16#w.2" pos="PRE" lemma="ad2" msd="MORPH=empty">ad</w>                <w xml:id="line.16#w.3" pos="VER" lemma="narro" msd="Case=Acc|Numb=Sing|Mood=Adj|Voice=Pass">narrandum</w>                <w xml:id="line.16#w.4" pos="NOM" lemma="argumentum" msd="Case=Nom|Numb=Sing">argumentum</w>                <w xml:id="line.16#w.5" pos="VER" lemma="sum1" msd="Numb=Sing|Mood=Ind|Tense=Pres|Voice=Act|Person=3">Ã¡dest</w>                <w xml:id="line.16#w.6" pos="NOM" lemma="benignitas" msd="Case=Nom|Numb=Sing">benignitas</w>                <w xml:id="line.16#w.7" pos="PUNC" lemma="." msd="MORPH=empty">.</w>            </seg>            <seg xml:id="urn:cts:latinLit:phi0119.phi010.perseus-lat2:line.17">                <w xml:id="line.17#w.1" pos="NOM" lemma="mercator" msd="Case=Nom|Numb=Sing">mercator</w>                <w xml:id="line.17#w.2" pos="PROind" lemma="quidam" msd="Case=Nom|Numb=Sing">quidam</w>                <w xml:id="line.17#w.3" pos="VER" lemma="sum1" msd="Numb=Sing|Mood=Ind|Tense=Perf|Voice=Act|Person=3">fuit</w>                <w xml:id="line.17#w.4" pos="NOM" lemma="syracusae" msd="Case=Abl|Numb=Plur">Syracusis</w>                <w xml:id="line.17#w.5" pos="NOM" lemma="senex?" msd="Case=Nom|Numb=Sing">senex</w>                <w xml:id="line.17#w.6" pos="PUNC" lemma="," msd="MORPH=empty">,</w>            </seg>            <seg xml:id="urn:cts:latinLit:phi0119.phi010.perseus-lat2:line.18">                <w xml:id="line.18#w.1" pos="INJ" lemma="is" msd="Numb=Sing">eÃ­</w>                <w xml:id="line.18#w.2" pos="VER" lemma="sum1" msd="Numb=Plur|Mood=Ind|Tense=Pres|Voice=Act|Person=3">sunt</w>                <w xml:id="line.18#w.3" pos="NOM" lemma="natus?" msd="Case=Nom|Numb=Plur">nati</w>                <w xml:id="line.18#w.4" pos="NOM" lemma="filius" msd="Case=Nom|Numb=Plur">filii</w>                <w xml:id="line.18#w.5" pos="ADJqua" lemma="geminus" msd="Case=Nom|Numb=Plur|Deg=Pos">gemini</w>                <w xml:id="line.18#w.6" pos="ADJcar" lemma="duo" msd="Case=Nom|Numb=Plur">duo</w>                <w xml:id="line.18#w.7" pos="PUNC" lemma="," msd="MORPH=empty">,</w>            </seg>            <seg xml:id="urn:cts:latinLit:phi0119.phi010.perseus-lat2:line.19">                <w xml:id="line.19#w.1" pos="ADV" lemma="ita" msd="Deg=Pos">ita</w>                <w xml:id="line.19#w.2" pos="NOM" lemma="forma" msd="Case=Abl|Numb=Sing">forma</w>                <w xml:id="line.19#w.3" pos="ADJqua" lemma="similis" msd="Case=Abl|Numb=Sing|Deg=Pos">simili</w>                <w xml:id="line.19#w.4" pos="NOM" lemma="puer" msd="Case=Nom|Numb=Sing">pueri</w>                <w xml:id="line.19#w.5" pos="PUNC" lemma="," msd="MORPH=empty">,</w>                <w xml:id="line.19#w.6" pos="CONsub" lemma="et?" msd="MORPH=empty">Ãºt</w>                <w xml:id="line.19#w.7" pos="NOM" lemma="mater" msd="Case=Nom|Numb=Sing">mater</w>                <w xml:id="line.19#w.8" pos="PROpos.ref" lemma="suus" msd="Case=Nom|Numb=Sing">sua</w>            </seg>            <seg xml:id="urn:cts:latinLit:phi0119.phi010.perseus-lat2:line.20">                <w xml:id="line.20#w.1" pos="ADVneg" lemma="non" msd="MORPH=empty">non</w>                <w xml:id="line.20#w.2" pos="VER" lemma="internosco" msd="Mood=Inf|Tense=Perf|Voice=Act">internosse</w>                <w xml:id="line.20#w.3" pos="VER" lemma="possum1" msd="Numb=Sing|Mood=Sub|Tense=Impa|Voice=Act|Person=3">posset</w>                <w xml:id="line.20#w.4" pos="PROrel" lemma="qui1" msd="Case=Nom|Numb=Sing">quae</w>                <w xml:id="line.20#w.5" pos="NOM" lemma="mamma" msd="Case=Acc|Numb=Sing">mammam</w>                <w xml:id="line.20#w.6" pos="VER" lemma="do" msd="Numb=Sing|Mood=Ind|Tense=Impa|Voice=Act|Person=3">dabat</w>                <w xml:id="line.20#w.7" pos="PUNC" lemma="," msd="MORPH=empty">,</w>            </seg>            <seg xml:id="urn:cts:latinLit:phi0119.phi010.perseus-lat2:line.21">                <w xml:id="line.21#w.1" pos="CONcoo" lemma="neque" msd="MORPH=empty">neque</w>                <w xml:id="line.21#w.2" pos="ADV" lemma="adeo2" msd="Deg=Pos">adeo</w>                <w xml:id="line.21#w.3" pos="NOM" lemma="mater" msd="Case=Nom|Numb=Sing">mater</w>                <w xml:id="line.21#w.4" pos="PROdem" lemma="ipse" msd="Case=Nom|Numb=Sing">ipsa</w>                <w xml:id="line.21#w.5" pos="PROrel" lemma="qui1" msd="Case=Nom|Numb=Sing">quae</w>                <w xml:id="line.21#w.6" pos="PROdem" lemma="ille" msd="Case=Acc|Numb=Plur">illos</w>                <w xml:id="line.21#w.7" pos="VER" lemma="pario2" msd="Numb=Sing|Mood=Ind|Tense=Pqp|Voice=Act|Person=3">pepererat</w>                <w xml:id="line.21#w.8" pos="PUNC" lemma="," msd="MORPH=empty">,</w>            </seg>            <seg xml:id="urn:cts:latinLit:phi0119.phi010.perseus-lat2:line.22">                <w xml:id="line.22#w.1" pos="ADVrel" lemma="ut1" msd="MORPH=empty">ut</w>                <w xml:id="line.22#w.2" pos="ADV" lemma="quidem" msd="Deg=Pos">quidem</w>                <w xml:id="line.22#w.3" pos="PROdem" lemma="ille" msd="Case=Nom|Numb=Sing">ille</w>                <w xml:id="line.22#w.4" pos="VER" lemma="dico?" msd="Numb=Sing|Mood=Ind|Tense=Perf|Voice=Act|Person=3">dixit</w>                <w xml:id="line.22#w.5" pos="PROper" lemma="ego" msd="Case=Dat|Numb=Sing">mihi</w>                <w xml:id="line.22#w.6" pos="PUNC" lemma="," msd="MORPH=empty">,</w>                <w xml:id="line.22#w.7" pos="PROrel" lemma="qui1" msd="Case=Nom|Numb=Sing">qui</w>                <w xml:id="line.22#w.8" pos="NOM" lemma="puer" msd="Case=Acc|Numb=Plur">pueros</w>                <w xml:id="line.22#w.9" pos="VER" lemma="uideo" msd="Numb=Sing|Mood=Ind|Tense=Pqp|Voice=Act|Person=3">viderat</w>                <w xml:id="line.22#w.10" pos="PUNC" lemma=":" msd="MORPH=empty">:</w>            </seg>            <seg xml:id="urn:cts:latinLit:phi0119.phi010.perseus-lat2:line.23">                <w xml:id="line.23#w.1" pos="PROper" lemma="ego" msd="Case=Nom|Numb=Sing">ego</w>                <w xml:id="line.23#w.2" pos="PROdem" lemma="ille" msd="Case=Acc|Numb=Plur">illÃ³s</w>                <w xml:id="line.23#w.3" pos="ADVneg" lemma="non" msd="MORPH=empty">non</w>                <w xml:id="line.23#w.4" pos="VER" lemma="uideo" msd="Numb=Sing|Mood=Ind|Tense=Perf|Voice=Act|Person=1">vidi</w>                <w xml:id="line.23#w.5" pos="PUNC" lemma="," msd="MORPH=empty">,</w>                <w xml:id="line.23#w.6" pos="CONsub" lemma="ne4" msd="MORPH=empty">ne</w>                <w xml:id="line.23#w.7" pos="PROind" lemma="quis2" msd="Case=Nom|Numb=Sing">quis</w>                <w xml:id="line.23#w.8" pos="PROper" lemma="uos" msd="Case=Acc|Numb=Plur">vostrum</w>                <w xml:id="line.23#w.9" pos="VER" lemma="censeo" msd="Numb=Sing|Mood=Sub|Tense=Pres|Voice=Act|Person=3">censeat</w>                <w xml:id="line.23#w.10" pos="PUNC" lemma="." msd="MORPH=empty">.</w>            </seg>            <seg xml:id="urn:cts:latinLit:phi0119.phi010.perseus-lat2:line.24">                <w xml:id="line.24#w.1" pos="CONsub" lemma="postquam" msd="MORPH=empty">postquam</w>                <w xml:id="line.24#w.2" pos="ADV" lemma="iam" msd="Deg=Pos">iam</w>                <w xml:id="line.24#w.3" pos="NOM" lemma="puer" msd="Case=Nom|Numb=Plur">pueri</w>                <w xml:id="line.24#w.4" pos="ADJqua" lemma="septuennis" msd="Case=Nom|Numb=Plur|Deg=Pos">septuennes</w>                <w xml:id="line.24#w.5" pos="VER" lemma="sum1" msd="Numb=Plur|Mood=Ind|Tense=Pres|Voice=Act|Person=3">sunt</w>                <w xml:id="line.24#w.6" pos="PUNC" lemma="," msd="MORPH=empty">,</w>                <w xml:id="line.24#w.7" pos="NOM" lemma="pater" msd="Case=Nom|Numb=Sing">pater</w>            </seg>            <seg xml:id="urn:cts:latinLit:phi0119.phi010.perseus-lat2:line.25">                <w xml:id="line.25#w.1" pos="VER" lemma="onero" msd="Numb=Sing|Mood=Ind|Tense=Perf|Voice=Act|Person=3">oneravit</w>                <w xml:id="line.25#w.2" pos="NOM" lemma="nauis" msd="Case=Acc|Numb=Sing">navem</w>                <w xml:id="line.25#w.3" pos="ADJqua" lemma="magnus" msd="Case=Acc|Numb=Sing|Deg=Pos">magnam</w>                <w xml:id="line.25#w.4" pos="ADJqua" lemma="multus" msd="Case=Abl|Numb=Plur|Deg=Pos">multis</w>                <w xml:id="line.25#w.5" pos="NOM" lemma="merx" msd="Case=Abl|Numb=Plur">mercibus</w>                <w xml:id="line.25#w.6" pos="PUNC" lemma=";" msd="MORPH=empty">;</w>            </seg>            <seg xml:id="urn:cts:latinLit:phi0119.phi010.perseus-lat2:line.26">                <w xml:id="line.26#w.1" pos="VER" lemma="impono" msd="Numb=Sing|Mood=Ind|Tense=Pres|Voice=Act|Person=3">imponit</w>                <w xml:id="line.26#w.2" pos="ADJqua" lemma="geminus" msd="Case=Acc|Numb=Sing|Deg=Pos">geminum</w>                <w xml:id="line.26#w.3" pos="PROind" lemma="ilter" msd="Case=Acc|Numb=Sing">Ã¡lterum</w>                <w xml:id="line.26#w.4" pos="PRE" lemma="in" msd="MORPH=empty">in</w>                <w xml:id="line.26#w.5" pos="NOM" lemma="nauis" msd="Case=Acc|Numb=Sing">navem</w>                <w xml:id="line.26#w.6" pos="NOM" lemma="pater" msd="Case=Nom|Numb=Sing">pater</w>                <w xml:id="line.26#w.7" pos="PUNC" lemma="," msd="MORPH=empty">,</w>            </seg>            <seg xml:id="urn:cts:latinLit:phi0119.phi010.perseus-lat2:line.27">                <w xml:id="line.27#w.1" pos="NOM" lemma="tareo" msd="Case=Gen|Numb=Plur">Tarentum</w>                <w xml:id="line.27#w.2" pos="VER" lemma="aueho" msd="Numb=Sing|Mood=Ind|Tense=Perf|Voice=Act|Person=3">avexit</w>                <w xml:id="line.27#w.3" pos="PROref" lemma="sui" msd="Case=Abl|Numb=Sing">secum</w>                <w xml:id="line.27#w.4" pos="CON" lemma="cum3" msd="MORPH=empty">secum</w>                <w xml:id="line.27#w.5" pos="PRE" lemma="ad2" msd="MORPH=empty">ad</w>                <w xml:id="line.27#w.6" pos="VER" lemma="mercor" msd="Case=Acc|Numb=Sing">mercatum</w>                <w xml:id="line.27#w.7" pos="ADV" lemma="simul1" msd="Deg=Pos">simul</w>                <w xml:id="line.27#w.8" pos="PUNC" lemma="," msd="MORPH=empty">,</w>            </seg>            <seg xml:id="urn:cts:latinLit:phi0119.phi010.perseus-lat2:line.28">                <w xml:id="line.28#w.1" pos="PROdem" lemma="ille" msd="Case=Acc|Numb=Sing">illum</w>                <w xml:id="line.28#w.2" pos="VER" lemma="relinquo" msd="Numb=Sing|Mood=Ind|Tense=Perf|Voice=Act|Person=3">reliquit</w>                <w xml:id="line.28#w.3" pos="PROind" lemma="alter" msd="Case=Acc|Numb=Sing">alterum</w>                <w xml:id="line.28#w.4" pos="PRE" lemma="ppud" msd="MORPH=empty">Ã¡pud</w>                <w xml:id="line.28#w.5" pos="NOM" lemma="mater" msd="Case=Acc|Numb=Sing">matrem</w>                <w xml:id="line.28#w.6" pos="NOM" lemma="domus" msd="Case=Loc|Numb=Sing">domi</w>                <w xml:id="line.28#w.7" pos="PUNC" lemma="." msd="MORPH=empty">.</w>            </seg>            <seg xml:id="urn:cts:latinLit:phi0119.phi010.perseus-lat2:line.29">                <w xml:id="line.29#w.1" pos="VER" lemma="tareo" msd="Case=Dat|Numb=Sing|Mood=Par|Tense=Pres|Voice=Act">Tarenti</w>                <w xml:id="line.29#w.2" pos="NOM" lemma="ludus" msd="Case=Nom|Numb=Plur">ludi</w>                <w xml:id="line.29#w.3" pos="ADV" lemma="forte" msd="Deg=Pos">forte</w>                <w xml:id="line.29#w.4" pos="VER" lemma="sum1" msd="Numb=Plur|Mood=Ind|Tense=Impa|Voice=Act|Person=3">erant</w>                <w xml:id="line.29#w.5" pos="PUNC" lemma="," msd="MORPH=empty">,</w>                <w xml:id="line.29#w.6" pos="CONsub" lemma="cum3" msd="MORPH=empty">cum</w>                <w xml:id="line.29#w.7" pos="ADV" lemma="illuc" msd="Deg=Pos">illuc</w>                <w xml:id="line.29#w.8" pos="VER" lemma="uenio" msd="Numb=Sing|Mood=Ind|Tense=Pres|Voice=Act|Person=3">venit</w>                <w xml:id="line.29#w.9" pos="PUNC" lemma="." msd="MORPH=empty">.</w>            </seg>            <seg xml:id="urn:cts:latinLit:phi0119.phi010.perseus-lat2:line.30">                <w xml:id="line.30#w.1" pos="NOM" lemma="mortalis?" msd="Case=Nom|Numb=Plur">mortales</w>                <w xml:id="line.30#w.2" pos="ADJqua" lemma="multi" msd="Case=Nom|Numb=Plur">multi</w>                <w xml:id="line.30#w.3" pos="PUNC" lemma="," msd="MORPH=empty">,</w>                <w xml:id="line.30#w.4" pos="ADVrel" lemma="ut1" msd="MORPH=empty">ut</w>                <w xml:id="line.30#w.5" pos="PRE" lemma="ad2" msd="MORPH=empty">ad</w>                <w xml:id="line.30#w.6" pos="NOM" lemma="ludus" msd="Case=Acc|Numb=Plur">ludos</w>                <w xml:id="line.30#w.7" pos="PUNC" lemma="," msd="MORPH=empty">,</w>                <w xml:id="line.30#w.8" pos="VER" lemma="conuenio" msd="Numb=Plur|Mood=Ind|Tense=Pqp|Voice=Act|Person=3">convenerant</w>                <w xml:id="line.30#w.9" pos="PUNC" lemma=":" msd="MORPH=empty">:</w>            </seg>            <seg xml:id="urn:cts:latinLit:phi0119.phi010.perseus-lat2:line.31">                <w xml:id="line.31#w.1" pos="NOM" lemma="purr" msd="Case=Nom|Numb=Sing">puÃ©r</w>                <w xml:id="line.31#w.2" pos="VER" lemma="aberro2" msd="Numb=Sing|Mood=Ind|Tense=Perf|Voice=Act|Person=3">aberravit</w>                <w xml:id="line.31#w.3" pos="PRE" lemma="inter" msd="MORPH=empty">inter</w>                <w xml:id="line.31#w.4" pos="NOM" lemma="homo" msd="Case=Acc|Numb=Plur">homines</w>                <w xml:id="line.31#w.5" pos="PRE" lemma="ab" msd="MORPH=empty">a</w>                <w xml:id="line.31#w.6" pos="NOM" lemma="pater" msd="Case=Abl|Numb=Sing">patre</w>                <w xml:id="line.31#w.7" pos="PUNC" lemma="." msd="MORPH=empty">.</w>            </seg>            <seg xml:id="urn:cts:latinLit:phi0119.phi010.perseus-lat2:line.32">                <w xml:id="line.32#w.1" pos="ADJqua" lemma="epidamniensis" msd="Case=Nom|Numb=Plur|Deg=Pos">Epidamniensis</w>                <w xml:id="line.32#w.2" pos="PROind" lemma="quidam" msd="Case=Nom|Numb=Sing">quidam</w>                <w xml:id="line.32#w.3" pos="ADV" lemma="ibi" msd="Deg=Pos">ibi</w>                <w xml:id="line.32#w.4" pos="NOM" lemma="mercator" msd="Case=Nom|Numb=Sing">mercator</w>                <w xml:id="line.32#w.5" pos="VER" lemma="sum1" msd="Numb=Sing|Mood=Ind|Tense=Perf|Voice=Act|Person=3">fuit</w>                <w xml:id="line.32#w.6" pos="PUNC" lemma="," msd="MORPH=empty">,</w>            </seg>            <seg xml:id="urn:cts:latinLit:phi0119.phi010.perseus-lat2:line.33">                <w xml:id="line.33#w.1" pos="PROdem" lemma="is" msd="Case=Nom|Numb=Sing">is</w>                <w xml:id="line.33#w.2" pos="NOM" lemma="puer" msd="Case=Acc|Numb=Sing">puerum</w>                <w xml:id="line.33#w.3" pos="VER" lemma="tollo" msd="Numb=Sing|Mood=Ind|Tense=Pres|Voice=Act|Person=3">tollit</w>                <w xml:id="line.33#w.4" pos="VER" lemma="aueho" msd="Numb=Sing|Mood=Ind|Tense=Perf|Voice=Act|Person=3">avehitque</w>                <w xml:id="line.33#w.5" pos="CON" lemma="que" msd="MORPH=empty">avehitque</w>                <w xml:id="line.33#w.6" pos="NOM" lemma="epidamnium" msd="Case=Gen|Numb=Plur">Epidamnium</w>                <w xml:id="line.33#w.7" pos="PUNC" lemma="." msd="MORPH=empty">.</w>            </seg>            <seg xml:id="urn:cts:latinLit:phi0119.phi010.perseus-lat2:line.34">                <w xml:id="line.34#w.1" pos="NOM" lemma="pater" msd="Case=Nom|Numb=Sing">pater</w>                <w xml:id="line.34#w.2" pos="PROdem" lemma="is" msd="Case=Gen|Numb=Sing">eius</w>                <w xml:id="line.34#w.3" pos="CONcoo" lemma="autem" msd="MORPH=empty">autem</w>                <w xml:id="line.34#w.4" pos="CONsub" lemma="postquam" msd="MORPH=empty">postquam</w>                <w xml:id="line.34#w.5" pos="NOM" lemma="puer" msd="Case=Acc|Numb=Sing">puerum</w>                <w xml:id="line.34#w.6" pos="VER" lemma="perdo" msd="Numb=Sing|Mood=Ind|Tense=Perf|Voice=Act|Person=3">perdidit</w>                <w xml:id="line.34#w.7" pos="PUNC" lemma="," msd="MORPH=empty">,</w>            </seg>            <seg xml:id="urn:cts:latinLit:phi0119.phi010.perseus-lat2:line.35">                <w xml:id="line.35#w.1" pos="NOM" lemma="animus" msd="Case=Acc|Numb=Sing">animum</w>                <w xml:id="line.35#w.2" pos="VER" lemma="despondeo" msd="Numb=Sing|Mood=Ind|Tense=Perf|Voice=Act|Person=3">despondit</w>                <w xml:id="line.35#w.3" pos="PUNC" lemma="," msd="MORPH=empty">,</w>                <w xml:id="line.35#w.4" pos="PROdem" lemma="is" msd="Case=Abl|Numb=Sing">eaque</w>                <w xml:id="line.35#w.5" pos="CON" lemma="que" msd="MORPH=empty">eaque</w>                <w xml:id="line.35#w.6" pos="PROdem" lemma="is" msd="Case=Abl|Numb=Sing">is</w>                <w xml:id="line.35#w.7" pos="NOM" lemma="aegritudo" msd="Case=Abl|Numb=Sing">aegritudine</w>            </seg>            <seg xml:id="urn:cts:latinLit:phi0119.phi010.perseus-lat2:line.36">                <w xml:id="line.36#w.1" pos="ADJqua" lemma="paucus" msd="Case=Abl|Numb=Plur|Deg=Pos">paucis</w>                <w xml:id="line.36#w.2" pos="NOM" lemma="dies" msd="Case=Abl|Numb=Plur">diebus</w>                <w xml:id="line.36#w.3" pos="ADV" lemma="post1" msd="MORPH=empty">post</w>                <w xml:id="line.36#w.4" pos="VER" lemma="tareo" msd="Case=Dat|Numb=Sing">Tarenti</w>                <w xml:id="line.36#w.5" pos="VER" lemma="emorior" msd="Numb=Sing|Mood=Par|Tense=Perf|Voice=Dep">emortuost</w>                <w xml:id="line.36#w.6" pos="PUNC" lemma="." msd="MORPH=empty">.</w>            </seg>            <seg xml:id="urn:cts:latinLit:phi0119.phi010.perseus-lat2:line.37">                <w xml:id="line.37#w.1" pos="CONsub" lemma="postquam" msd="MORPH=empty">postquam</w>                <w xml:id="line.37#w.2" pos="NOM" lemma="syracusae" msd="Case=Acc|Numb=Plur">Syracusas</w>                <w xml:id="line.37#w.3" pos="PRE" lemma="de" msd="MORPH=empty">de</w>                <w xml:id="line.37#w.4" pos="PROdem" lemma="is" msd="Case=Abl|Numb=Sing">ea</w>                <w xml:id="line.37#w.5" pos="NOM" lemma="res" msd="Case=Abl|Numb=Sing">re</w>                <w xml:id="line.37#w.6" pos="VER" lemma="redeo1" msd="Numb=Sing|Mood=Ind|Tense=Perf|Voice=Act|Person=3">rediit</w>                <w xml:id="line.37#w.7" pos="NOM" lemma="nuntius?" msd="Case=Nom|Numb=Sing">nuntius</w>            </seg>            <seg xml:id="urn:cts:latinLit:phi0119.phi010.perseus-lat2:line.38">                <w xml:id="line.38#w.1" pos="PRE" lemma="ad2" msd="MORPH=empty">ad</w>                <w xml:id="line.38#w.2" pos="NOM" lemma="auus" msd="Case=Acc|Numb=Sing">avom</w>                <w xml:id="line.38#w.3" pos="NOM" lemma="puer" msd="Case=Gen|Numb=Plur">puerorum</w>                <w xml:id="line.38#w.4" pos="PUNC" lemma="," msd="MORPH=empty">,</w>                <w xml:id="line.38#w.5" pos="NOM" lemma="puer" msd="Case=Acc|Numb=Sing">puerum</w>                <w xml:id="line.38#w.6" pos="VER" lemma="surripio" msd="Case=Acc|Numb=Sing|Mood=Par|Tense=Perf|Voice=Pass">surruptum</w>                <w xml:id="line.38#w.7" pos="PROind" lemma="alter" msd="Case=Acc|Numb=Sing">alterum</w>            </seg>            <seg xml:id="urn:cts:latinLit:phi0119.phi010.perseus-lat2:line.39">                <w xml:id="line.39#w.1" pos="NOM" lemma="pater" msd="Case=Acc|Numb=Sing">patremque</w>                <w xml:id="line.39#w.2" pos="CON" lemma="que" msd="MORPH=empty">patremque</w>                <w xml:id="line.39#w.3" pos="NOM" lemma="puer" msd="Case=Gen|Numb=Sing">pueri</w>                <w xml:id="line.39#w.4" pos="ADJqua" lemma="tareo" msd="Case=Dat|Numb=Sing">Tarenti</w>                <w xml:id="line.39#w.5" pos="VER" lemma="sum1" msd="Mood=Inf|Tense=Pres|Voice=Act">esse</w>                <w xml:id="line.39#w.6" pos="VER" lemma="emorior" msd="Case=Acc|Numb=Sing|Mood=Par|Tense=Perf|Voice=Dep">emortuom</w>                <w xml:id="line.39#w.7" pos="PUNC" lemma="," msd="MORPH=empty">,</w>            </seg>            <seg xml:id="urn:cts:latinLit:phi0119.phi010.perseus-lat2:line.40">                <w xml:id="line.40#w.1" pos="VER" lemma="immuto2" msd="Numb=Sing|Mood=Ind|Tense=Pres|Voice=Act|Person=3">immutat</w>                <w xml:id="line.40#w.2" pos="NOM" lemma="nomen" msd="Case=Acc|Numb=Sing">nomen</w>                <w xml:id="line.40#w.3" pos="NOM" lemma="auus" msd="Case=Acc|Numb=Plur">avos</w>                <w xml:id="line.40#w.4" pos="PROdem" lemma="hic1" msd="Case=Dat|Numb=Sing">huic</w>                <w xml:id="line.40#w.5" pos="ADJqua" lemma="geminus" msd="Case=Dat|Numb=Sing|Deg=Pos">gemino</w>                <w xml:id="line.40#w.6" pos="PROind" lemma="alter" msd="Case=Dat|Numb=Sing">alteri</w>                <w xml:id="line.40#w.7" pos="PUNC" lemma=";" msd="MORPH=empty">;</w>            </seg>            <seg xml:id="urn:cts:latinLit:phi0119.phi010.perseus-lat2:line.41">                <w xml:id="line.41#w.1" pos="ADV" lemma="ita" msd="Deg=Pos">ita</w>                <w xml:id="line.41#w.2" pos="PROdem" lemma="ille" msd="Case=Acc|Numb=Sing">illum</w>                <w xml:id="line.41#w.3" pos="VER" lemma="diligo3" msd="Numb=Sing|Mood=Ind|Tense=Perf|Voice=Act|Person=3">dilexit</w>                <w xml:id="line.41#w.4" pos="PUNC" lemma="," msd="MORPH=empty">,</w>                <w xml:id="line.41#w.5" pos="PROrel" lemma="qui1" msd="Case=Nom|Numb=Sing">qui</w>                <w xml:id="line.41#w.6" pos="VER" lemma="subrumpo" msd="Numb=Sing|Mood=Par|Tense=Perf|Voice=Pass">subruptust</w>                <w xml:id="line.41#w.7" pos="PUNC" lemma="," msd="MORPH=empty">,</w>                <w xml:id="line.41#w.8" pos="PROind" lemma="alter" msd="Case=Acc|Numb=Sing">alterum</w>                <w xml:id="line.41#w.9" pos="PUNC" lemma=":" msd="MORPH=empty">:</w>            </seg>            <seg xml:id="urn:cts:latinLit:phi0119.phi010.perseus-lat2:line.42">                <w xml:id="line.42#w.1" pos="PROdem" lemma="ille" msd="Case=Gen|Numb=Sing">illius</w>                <w xml:id="line.42#w.2" pos="NOM" lemma="nomen" msd="Case=Acc|Numb=Sing">nomen</w>                <w xml:id="line.42#w.3" pos="VER" lemma="indo" msd="Numb=Sing|Mood=Ind|Tense=Pres|Voice=Act|Person=3">indit</w>                <w xml:id="line.42#w.4" pos="PROdem" lemma="ille" msd="Case=Dat|Numb=Sing">illi</w>                <w xml:id="line.42#w.5" pos="PROrel" lemma="qui1" msd="Case=Nom|Numb=Sing">qui</w>                <w xml:id="line.42#w.6" pos="NOM" lemma="domus" msd="Case=Loc|Numb=Sing">domi</w>                <w xml:id="line.42#w.7" pos="VER" lemma="sum1" msd="Numb=Sing|Mood=Ind|Tense=Pres|Voice=Act|Person=3">est</w>                <w xml:id="line.42#w.8" pos="PUNC" lemma="," msd="MORPH=empty">,</w>            </seg>            <seg xml:id="urn:cts:latinLit:phi0119.phi010.perseus-lat2:line.43">                <w xml:id="line.43#w.1" pos="NOM" lemma="menaecharus" msd="Case=Dat|Numb=Sing">Menaechmo</w>                <w xml:id="line.43#w.2" pos="PUNC" lemma="," msd="MORPH=empty">,</w>                <w xml:id="line.43#w.3" pos="PROdem" lemma="idem" msd="Case=Nom|Numb=Sing">idem</w>                <w xml:id="line.43#w.4" pos="PROrel" lemma="qui1" msd="Case=Nom|Numb=Sing">quod</w>                <w xml:id="line.43#w.5" pos="PROind" lemma="alter" msd="Case=Dat|Numb=Sing">alteri</w>                <w xml:id="line.43#w.6" pos="NOM" lemma="nomen" msd="Case=Nom|Numb=Sing">nomen</w>                <w xml:id="line.43#w.7" pos="VER" lemma="sum1" msd="Numb=Sing|Mood=Ind|Tense=Perf|Voice=Act|Person=3">fuit</w>                <w xml:id="line.43#w.8" pos="PUNC" lemma=";" msd="MORPH=empty">;</w>            </seg>            <seg xml:id="urn:cts:latinLit:phi0119.phi010.perseus-lat2:line.44">                <w xml:id="line.44#w.1" pos="CONcoo" lemma="et2" msd="MORPH=empty">et</w>                <w xml:id="line.44#w.2" pos="PROdem" lemma="ipse" msd="Case=Nom|Numb=Sing">ipsus</w>                <w xml:id="line.44#w.3" pos="PROdem" lemma="idem" msd="Case=Abl|Numb=Sing">eodem</w>                <w xml:id="line.44#w.4" pos="VER" lemma="sum1" msd="Numb=Sing|Mood=Ind|Tense=Pres|Voice=Act|Person=3">est</w>                <w xml:id="line.44#w.5" pos="NOM" lemma="auus" msd="Case=Acc|Numb=Plur">avos</w>                <w xml:id="line.44#w.6" pos="VER" lemma="uoco" msd="Case=Nom|Numb=Sing|Mood=Par|Tense=Perf|Voice=Pass">vocatus</w>                <w xml:id="line.44#w.7" pos="NOM" lemma="nomen" msd="Case=Abl|Numb=Sing">nomine</w>            </seg>            <seg xml:id="urn:cts:latinLit:phi0119.phi010.perseus-lat2:line.45">                <w xml:id="line.45#w.1" pos="PUNC" lemma="(" msd="MORPH=empty">(</w>                <w xml:id="line.45#w.2" pos="ADV" lemma="propterea" msd="Deg=Pos">propterea</w>                <w xml:id="line.45#w.3" pos="PROdem" lemma="ille" msd="Case=Gen|Numb=Sing">illius</w>                <w xml:id="line.45#w.4" pos="NOM" lemma="nomen" msd="Case=Acc|Numb=Sing">nomen</w>                <w xml:id="line.45#w.5" pos="VER" lemma="memini" msd="Numb=Sing|Mood=Ind|Tense=Perf|Voice=Act|Person=1">memini</w>                <w xml:id="line.45#w.6" pos="ADV" lemma="facile" msd="Deg=Comp">facilius</w>                <w xml:id="line.45#w.7" pos="PUNC" lemma="," msd="MORPH=empty">,</w>            </seg>            <seg xml:id="urn:cts:latinLit:phi0119.phi010.perseus-lat2:line.46">                <w xml:id="line.46#w.1" pos="CONsub" lemma="quia" msd="MORPH=empty">quia</w>                <w xml:id="line.46#w.2" pos="PROdem" lemma="ille" msd="Case=Acc|Numb=Sing">illÃºm</w>                <w xml:id="line.46#w.3" pos="NOM" lemma="clamor" msd="Case=Abl|Numb=Sing">clamore</w>                <w xml:id="line.46#w.4" pos="VER" lemma="uideo" msd="Numb=Sing|Mood=Ind|Tense=Perf|Voice=Act|Person=1">vidi</w>                <w xml:id="line.46#w.5" pos="VER" lemma="flagito" msd="Mood=Inf|Tense=Pres|Voice=Pass">flagitarier</w>                <w xml:id="line.46#w.6" pos="PUNC" lemma=")" msd="MORPH=empty">)</w>                <w xml:id="line.46#w.7" pos="PUNC" lemma="." msd="MORPH=empty">.</w>            </seg>            <seg xml:id="urn:cts:latinLit:phi0119.phi010.perseus-lat2:line.47">                <w xml:id="line.47#w.1" pos="CONsub" lemma="ne4" msd="MORPH=empty">ne</w>                <w xml:id="line.47#w.2" pos="ADV" lemma="mox" msd="Deg=Pos">mox</w>                <w xml:id="line.47#w.3" pos="VER" lemma="erro2" msd="Numb=Plur|Mood=Sub|Tense=Pres|Voice=Act|Person=2">erretis</w>                <w xml:id="line.47#w.4" pos="PUNC" lemma="," msd="MORPH=empty">,</w>                <w xml:id="line.47#w.5" pos="ADV" lemma="iam" msd="Deg=Pos">iam</w>                <w xml:id="line.47#w.6" pos="ADV" lemma="nunc" msd="Deg=Pos">nunc</w>                <w xml:id="line.47#w.7" pos="VER" lemma="praedico?" msd="Numb=Sing|Mood=Ind|Tense=Pres|Voice=Act|Person=1">praedico</w>                <w xml:id="line.47#w.8" pos="ADJadv.ord" lemma="prius" msd="Deg=Comp">prius</w>                <w xml:id="line.47#w.9" pos="PUNC" lemma=":" msd="MORPH=empty">:</w>            </seg>            <seg xml:id="urn:cts:latinLit:phi0119.phi010.perseus-lat2:line.48">                <w xml:id="line.48#w.1" pos="PROdem" lemma="idem" msd="Case=Nom|Numb=Sing">idem</w>                <w xml:id="line.48#w.2" pos="VER" lemma="sum1" msd="Numb=Sing|Mood=Ind|Tense=Pres|Voice=Act|Person=3">est</w>                <w xml:id="line.48#w.3" pos="ADJcar" lemma="ambo2" msd="Case=Dat|Numb=Plur">ambobus</w>                <w xml:id="line.48#w.4" pos="NOM" lemma="nomen" msd="Case=Nom|Numb=Sing">nomen</w>                <w xml:id="line.48#w.5" pos="ADJqua" lemma="geminus" msd="Case=Dat|Numb=Plur|Deg=Pos">geminis</w>                <w xml:id="line.48#w.6" pos="NOM" lemma="frater" msd="Case=Dat|Numb=Plur">fratribus</w>                <w xml:id="line.48#w.7" pos="PUNC" lemma="." msd="MORPH=empty">.</w>            </seg>            <seg xml:id="urn:cts:latinLit:phi0119.phi010.perseus-lat2:line.49">                <w xml:id="line.49#w.1" pos="ADV" lemma="nunc" msd="Deg=Pos">nunc</w>                <w xml:id="line.49#w.2" pos="PRE" lemma="in" msd="MORPH=empty">in</w>                <w xml:id="line.49#w.3" pos="NOM" lemma="epidamnum" msd="Case=Acc|Numb=Sing">Epidamnum</w>                <w xml:id="line.49#w.4" pos="NOM" lemma="pes" msd="Case=Abl|Numb=Plur">pedibus</w>                <w xml:id="line.49#w.5" pos="VER" lemma="redeo1" msd="Case=Nom|Numb=Sing|Mood=Adj|Voice=Pass">redeundum</w>                <w xml:id="line.49#w.6" pos="VER" lemma="sum1" msd="Numb=Sing|Mood=Ind|Tense=Pres|Voice=Act|Person=3">est</w>                <w xml:id="line.49#w.7" pos="PROper" lemma="ego" msd="Case=Dat|Numb=Sing">mihi</w>                <w xml:id="line.49#w.8" pos="PUNC" lemma="," msd="MORPH=empty">,</w>            </seg>            <seg xml:id="urn:cts:latinLit:phi0119.phi010.perseus-lat2:line.50">                <w xml:id="line.50#w.1" pos="CONsub" lemma="ut4" msd="MORPH=empty">ut</w>                <w xml:id="line.50#w.2" pos="PROdem" lemma="hic1" msd="Case=Acc|Numb=Sing">hanc</w>                <w xml:id="line.50#w.3" pos="NOM" lemma="res" msd="Case=Acc|Numb=Sing">rem</w>                <w xml:id="line.50#w.4" pos="PROper" lemma="uos" msd="Case=Dat|Numb=Plur">vobis</w>                <w xml:id="line.50#w.5" pos="ADV" lemma="examussim" msd="Deg=Pos">examussim</w>                <w xml:id="line.50#w.6" pos="VER" lemma="disputo" msd="Numb=Sing|Mood=Sub|Tense=Pres|Voice=Act|Person=1">disputem</w>                <w xml:id="line.50#w.7" pos="PUNC" lemma="." msd="MORPH=empty">.</w>            </seg>            <seg xml:id="urn:cts:latinLit:phi0119.phi010.perseus-lat2:line.51">                <w xml:id="line.51#w.1" pos="CONsub" lemma="si2" msd="MORPH=empty">si</w>                <w xml:id="line.51#w.2" pos="PROind" lemma="quis2" msd="Case=Nom|Numb=Sing">quis</w>                <w xml:id="line.51#w.3" pos="PROind" lemma="quis2" msd="Case=Acc|Numb=Sing">quid</w>                <w xml:id="line.51#w.4" pos="PROper" lemma="uos" msd="Case=Gen|Numb=Plur">vestrum</w>                <w xml:id="line.51#w.5" pos="NOM" lemma="epidamnum" msd="Case=Acc|Numb=Sing">Epidamnum</w>                <w xml:id="line.51#w.6" pos="VER" lemma="curo" msd="Mood=Inf|Tense=Pres|Voice=Pass">curari</w>                <w xml:id="line.51#w.7" pos="PROref" lemma="sui1" msd="Case=Dat|Numb=Sing">sibi</w>            </seg>            <seg xml:id="urn:cts:latinLit:phi0119.phi010.perseus-lat2:line.52">                <w xml:id="line.52#w.1" pos="VER" lemma="uolo?" msd="Numb=Sing|Mood=Sub|Tense=Pres|Voice=Act|Person=3">velit</w>                <w xml:id="line.52#w.2" pos="PUNC" lemma="," msd="MORPH=empty">,</w>                <w xml:id="line.52#w.3" pos="ADV" lemma="audaciter" msd="Deg=Pos">audacter</w>                <w xml:id="line.52#w.4" pos="VER" lemma="impero" msd="Numb=Sing|Mood=Imp|Tense=Fut|Voice=Act">imperato</w>                <w xml:id="line.52#w.5" pos="CONcoo" lemma="et2" msd="MORPH=empty">et</w>                <w xml:id="line.52#w.6" pos="VER" lemma="dico?" msd="Numb=Sing|Mood=Imp|Tense=Fut|Voice=Act|Person=2">dicito</w>                <w xml:id="line.52#w.7" pos="PUNC" lemma="," msd="MORPH=empty">,</w>            </seg>            <seg xml:id="urn:cts:latinLit:phi0119.phi010.perseus-lat2:line.53">                <w xml:id="line.53#w.1" pos="CONcoo" lemma="sed" msd="MORPH=empty">sed</w>                <w xml:id="line.53#w.2" pos="ADV" lemma="ita" msd="Deg=Pos">ita</w>                <w xml:id="line.53#w.3" pos="CONsub" lemma="ut4" msd="MORPH=empty">ut</w>                <w xml:id="line.53#w.4" pos="VER" lemma="do" msd="Numb=Sing|Mood=Sub|Tense=Pres|Voice=Act|Person=3">det</w>                <w xml:id="line.53#w.5" pos="ADVint" lemma="unde2" msd="MORPH=empty">unde</w>                <w xml:id="line.53#w.6" pos="VER" lemma="curo" msd="Mood=Inf|Tense=Pres|Voice=Pass">curari</w>                <w xml:id="line.53#w.7" pos="PROdem" lemma="is" msd="Case=Acc|Numb=Sing">id</w>                <w xml:id="line.53#w.8" pos="VER" lemma="possum1" msd="Numb=Sing|Mood=Sub|Tense=Pres|Voice=Act|Person=3">possit</w>                <w xml:id="line.53#w.9" pos="PROref" lemma="sui1" msd="Case=Dat|Numb=Sing">sibi</w>                <w xml:id="line.53#w.10" pos="PUNC" lemma="." msd="MORPH=empty">.</w>            </seg>            <seg xml:id="urn:cts:latinLit:phi0119.phi010.perseus-lat2:line.54">                <w xml:id="line.54#w.1" pos="CONcoo" lemma="nam" msd="MORPH=empty">nam</w>                <w xml:id="line.54#w.2" pos="CONsub" lemma="nisi" msd="MORPH=empty">nisi</w>                <w xml:id="line.54#w.3" pos="PROrel" lemma="qui1" msd="Case=Nom|Numb=Sing">qui</w>                <w xml:id="line.54#w.4" pos="NOM" lemma="argentum" msd="Case=Acc|Numb=Sing">argentum</w>                <w xml:id="line.54#w.5" pos="VER" lemma="do" msd="Numb=Sing|Mood=Ind|Tense=FutAnt|Voice=Act|Person=3">dederit</w>                <w xml:id="line.54#w.6" pos="PUNC" lemma="," msd="MORPH=empty">,</w>                <w xml:id="line.54#w.7" pos="NOM" lemma="nugae" msd="Case=Acc|Numb=Plur">nugas</w>                <w xml:id="line.54#w.8" pos="VER" lemma="ago" msd="Numb=Sing|Mood=Ind|Tense=FutAnt|Voice=Act|Person=3">egerit</w>                <w xml:id="line.54#w.9" pos="PUNC" lemma=";" msd="MORPH=empty">;</w>            </seg>            <seg xml:id="urn:cts:latinLit:phi0119.phi010.perseus-lat2:line.55">                <w xml:id="line.55#w.1" pos="PROrel" lemma="qui1" msd="Case=Nom|Numb=Sing">qui</w>                <w xml:id="line.55#w.2" pos="VER" lemma="do" msd="Numb=Sing|Mood=Ind|Tense=FutAnt|Voice=Act|Person=3">dederit</w>                <w xml:id="line.55#w.3" pos="PUNC" lemma="," msd="MORPH=empty">,</w>                <w xml:id="line.55#w.4" pos="ADV" lemma="magis2" msd="Deg=Comp">magis</w>                <w xml:id="line.55#w.5" pos="NOM" lemma="magnus" msd="Case=Acc|Numb=Plur|Deg=Comp">maiores</w>                <w xml:id="line.55#w.6" pos="NOM" lemma="nugae" msd="Case=Acc|Numb=Plur">nugas</w>                <w xml:id="line.55#w.7" pos="VER" lemma="ago" msd="Numb=Sing|Mood=Sub|Tense=Perf|Voice=Act|Person=3">egerit</w>                <w xml:id="line.55#w.8" pos="PUNC" lemma="." msd="MORPH=empty">.</w>            </seg>            <seg xml:id="urn:cts:latinLit:phi0119.phi010.perseus-lat2:line.56">                <w xml:id="line.56#w.1" pos="CONcoo" lemma="uerum4" msd="MORPH=empty">verum</w>                <w xml:id="line.56#w.2" pos="ADV" lemma="illuc" msd="Deg=Pos">illuc</w>                <w xml:id="line.56#w.3" pos="VER" lemma="redeo1" msd="Numb=Sing|Mood=Ind|Tense=Pres|Voice=Act|Person=1">redeo</w>                <w xml:id="line.56#w.4" pos="ADVrel" lemma="unde1" msd="MORPH=empty">unde</w>                <w xml:id="line.56#w.5" pos="VER" lemma="abeo1" msd="Numb=Sing|Mood=Ind|Tense=Perf|Voice=Act|Person=1">abii</w>                <w xml:id="line.56#w.6" pos="PUNC" lemma="," msd="MORPH=empty">,</w>                <w xml:id="line.56#w.7" pos="CONcoo" lemma="atque1" msd="MORPH=empty">atque</w>                <w xml:id="line.56#w.8" pos="ADJcar" lemma="unus" msd="Case=Abl|Numb=Sing">uno</w>                <w xml:id="line.56#w.9" pos="VER" lemma="asto" msd="Numb=Sing|Mood=Ind|Tense=Pres|Voice=Act|Person=1">asto</w>                <w xml:id="line.56#w.10" pos="PRE" lemma="in" msd="MORPH=empty">in</w>                <w xml:id="line.56#w.11" pos="NOM" lemma="locus" msd="Case=Abl|Numb=Sing">loco</w>                <w xml:id="line.56#w.12" pos="PUNC" lemma="." msd="MORPH=empty">.</w>            </seg>            <seg xml:id="urn:cts:latinLit:phi0119.phi010.perseus-lat2:line.57">                <w xml:id="line.57#w.1" pos="ADJqua" lemma="epidamniensis" msd="Case=Nom|Numb=Sing|Deg=Pos">Epidamniensis</w>                <w xml:id="line.57#w.2" pos="PROdem" lemma="ille" msd="Case=Nom|Numb=Sing">ille</w>                <w xml:id="line.57#w.3" pos="PUNC" lemma="," msd="MORPH=empty">,</w>                <w xml:id="line.57#w.4" pos="PROrel" lemma="qui1" msd="Case=Acc|Numb=Sing">quem</w>                <w xml:id="line.57#w.5" pos="VER" lemma="didum" msd="Person=1">dÃºdum</w>                <w xml:id="line.57#w.6" pos="VER" lemma="dico?" msd="Numb=Sing|Mood=Ind|Tense=Pqp|Voice=Act|Person=1">dixeram</w>                <w xml:id="line.57#w.7" pos="PUNC" lemma="," msd="MORPH=empty">,</w>            </seg>            <seg xml:id="urn:cts:latinLit:phi0119.phi010.perseus-lat2:line.58">                <w xml:id="line.58#w.1" pos="ADJqua" lemma="geminus" msd="Case=Acc|Numb=Sing|Deg=Pos">geminum</w>                <w xml:id="line.58#w.2" pos="PROdem" lemma="ille" msd="Case=Acc|Numb=Sing">illum</w>                <w xml:id="line.58#w.3" pos="NOM" lemma="puer" msd="Case=Acc|Numb=Sing">puerum</w>                <w xml:id="line.58#w.4" pos="PROrel" lemma="qui1" msd="Case=Nom|Numb=Sing">qui</w>                <w xml:id="line.58#w.5" pos="VER" lemma="surripio" msd="Numb=Sing|Mood=Ind|Tense=Perf|Voice=Act|Person=3">surrupuit</w>                <w xml:id="line.58#w.6" pos="PROind" lemma="alter" msd="Case=Acc|Numb=Sing">alterum</w>                <w xml:id="line.58#w.7" pos="PUNC" lemma="," msd="MORPH=empty">,</w>            </seg>            <seg xml:id="urn:cts:latinLit:phi0119.phi010.perseus-lat2:line.59">                <w xml:id="line.59#w.1" pos="PROdem" lemma="is" msd="Case=Dat|Numb=Sing">ei</w>                <w xml:id="line.59#w.2" pos="NOM" lemma="liberi" msd="Case=Gen|Numb=Plur">liberorum</w>                <w xml:id="line.59#w.3" pos="PUNC" lemma="," msd="MORPH=empty">,</w>                <w xml:id="line.59#w.4" pos="CONsub" lemma="nisi" msd="MORPH=empty">nisi</w>                <w xml:id="line.59#w.5" pos="NOM" lemma="diuitiae" msd="Case=Nom|Numb=Plur">divitiae</w>                <w xml:id="line.59#w.6" pos="PUNC" lemma="," msd="MORPH=empty">,</w>                <w xml:id="line.59#w.7" pos="PROind" lemma="nihil" msd="Case=Ind">nil</w>                <w xml:id="line.59#w.8" pos="VER" lemma="sum1" msd="Numb=Sing|Mood=Ind|Tense=Impa|Voice=Act|Person=3">erat</w>                <w xml:id="line.59#w.9" pos="PUNC" lemma=":" msd="MORPH=empty">:</w>            </seg>            <seg xml:id="urn:cts:latinLit:phi0119.phi010.perseus-lat2:line.60">                <w xml:id="line.60#w.1" pos="VER" lemma="adopto" msd="Numb=Sing|Mood=Ind|Tense=Pres|Voice=Act|Person=3">adoptat</w>                <w xml:id="line.60#w.2" pos="PROdem" lemma="ille" msd="Case=Acc|Numb=Sing">illum</w>                <w xml:id="line.60#w.3" pos="NOM" lemma="puer" msd="Case=Acc|Numb=Sing">puerum</w>                <w xml:id="line.60#w.4" pos="NOM" lemma="surrupticius" msd="Case=Acc|Numb=Sing">surrupticium</w>            </seg>            <seg xml:id="urn:cts:latinLit:phi0119.phi010.perseus-lat2:line.61">                <w xml:id="line.61#w.1" pos="PROref" lemma="sui1" msd="Case=Dat|Numb=Sing">sibi</w>                <w xml:id="line.61#w.2" pos="NOM" lemma="filius" msd="Case=Acc|Numb=Sing">filium</w>                <w xml:id="line.61#w.3" pos="PROdem" lemma="is" msd="Case=Dat|Numb=Sing">eique</w>                <w xml:id="line.61#w.4" pos="CON" lemma="que" msd="MORPH=empty">eique</w>                <w xml:id="line.61#w.5" pos="NOM" lemma="uxor" msd="Case=Acc|Numb=Sing">uxorem</w>                <w xml:id="line.61#w.6" pos="ADJqua" lemma="dotatus" msd="Case=Acc|Numb=Sing|Deg=Pos|Mood=Par|Tense=Perf|Voice=Pass">dotatam</w>                <w xml:id="line.61#w.7" pos="VER" lemma="do" msd="Numb=Sing|Mood=Ind|Tense=Perf|Voice=Act|Person=3">dedit</w>                <w xml:id="line.61#w.8" pos="PUNC" lemma="," msd="MORPH=empty">,</w>            </seg>            <seg xml:id="urn:cts:latinLit:phi0119.phi010.perseus-lat2:line.62">                <w xml:id="line.62#w.1" pos="PROdem" lemma="is" msd="Case=Acc|Numb=Sing">eumque</w>                <w xml:id="line.62#w.2" pos="CON" lemma="que" msd="MORPH=empty">eumque</w>                <w xml:id="line.62#w.3" pos="NOM" lemma="heres" msd="Case=Acc|Numb=Sing">heredem</w>                <w xml:id="line.62#w.4" pos="VER" lemma="facio" msd="Numb=Sing|Mood=Ind|Tense=Perf|Voice=Act|Person=3">fecit</w>                <w xml:id="line.62#w.5" pos="PUNC" lemma="," msd="MORPH=empty">,</w>                <w xml:id="line.62#w.6" pos="CONsub" lemma="cum3" msd="MORPH=empty">quom</w>                <w xml:id="line.62#w.7" pos="PROdem" lemma="ipse" msd="Case=Nom|Numb=Sing">ipse</w>                <w xml:id="line.62#w.8" pos="VER" lemma="obeo1" msd="Numb=Sing|Mood=Ind|Tense=Perf|Voice=Act|Person=3">obiit</w>                <w xml:id="line.62#w.9" pos="NOM" lemma="dies" msd="Case=Acc|Numb=Sing">diem</w>                <w xml:id="line.62#w.10" pos="PUNC" lemma="." msd="MORPH=empty">.</w>            </seg>            <seg xml:id="urn:cts:latinLit:phi0119.phi010.perseus-lat2:line.63">                <w xml:id="line.63#w.1" pos="CONcoo" lemma="nam" msd="MORPH=empty">nam</w>                <w xml:id="line.63#w.2" pos="NOM" lemma="rus" msd="Case=Nom|Numb=Sing">rus</w>                <w xml:id="line.63#w.3" pos="ADVrel" lemma="ut1" msd="MORPH=empty">ut</w>                <w xml:id="line.63#w.4" pos="VER" lemma="eo1" msd="Numb=Sing|Mood=Ind|Tense=Impa|Voice=Act|Person=3">ibat</w>                <w xml:id="line.63#w.5" pos="ADV" lemma="forte" msd="Deg=Pos">forte</w>                <w xml:id="line.63#w.6" pos="PUNC" lemma="," msd="MORPH=empty">,</w>                <w xml:id="line.63#w.7" pos="ADVrel" lemma="ut1" msd="MORPH=empty">ut</w>                <w xml:id="line.63#w.8" pos="ADV" lemma="multum2" msd="Numb=Sing|Deg=Pos">multum</w>                <w xml:id="line.63#w.9" pos="VER" lemma="pluo" msd="Numb=Sing|Mood=Ind|Tense=Pqp|Voice=Act|Person=3">pluerat</w>                <w xml:id="line.63#w.10" pos="PUNC" lemma="," msd="MORPH=empty">,</w>            </seg>            <seg xml:id="urn:cts:latinLit:phi0119.phi010.perseus-lat2:line.64">                <w xml:id="line.64#w.1" pos="VER" lemma="ingredior" msd="Case=Nom|Numb=Sing|Mood=Par|Tense=Perf|Voice=Dep">ingressus</w>                <w xml:id="line.64#w.2" pos="NOM" lemma="fluuius" msd="Case=Acc|Numb=Sing">fluvium</w>                <w xml:id="line.64#w.3" pos="ADJqua" lemma="rapidus" msd="Case=Acc|Numb=Sing|Deg=Pos">rapidum</w>                <w xml:id="line.64#w.4" pos="PRE" lemma="ab" msd="MORPH=empty">ab</w>                <w xml:id="line.64#w.5" pos="NOM" lemma="urbs" msd="Case=Abl|Numb=Sing">urbe</w>                <w xml:id="line.64#w.6" pos="ADVneg" lemma="haud" msd="MORPH=empty">haud</w>                <w xml:id="line.64#w.7" pos="ADJqua" lemma="longulus" msd="Case=Nom|Numb=Sing|Deg=Pos">longule</w>                <w xml:id="line.64#w.8" pos="PUNC" lemma="," msd="MORPH=empty">,</w>            </seg>            <seg xml:id="urn:cts:latinLit:phi0119.phi010.perseus-lat2:line.65">                <w xml:id="line.65#w.1" pos="ADJqua" lemma="rapidus" msd="Case=Nom|Numb=Sing|Deg=Pos">rapidus</w>                <w xml:id="line.65#w.2" pos="NOM" lemma="raptor" msd="Case=Dat|Numb=Sing">raptori</w>                <w xml:id="line.65#w.3" pos="NOM" lemma="puer" msd="Case=Nom|Numb=Sing">pueri</w>                <w xml:id="line.65#w.4" pos="VER" lemma="subduco" msd="Numb=Sing|Mood=Ind|Tense=Perf|Voice=Act|Person=3">subduxit</w>                <w xml:id="line.65#w.5" pos="NOM" lemma="pes" msd="Case=Acc|Numb=Plur">pedes</w>            </seg>            <seg xml:id="urn:cts:latinLit:phi0119.phi010.perseus-lat2:line.66">                <w xml:id="line.66#w.1" pos="VER" lemma="abstraho" msd="Numb=Sing|Mood=Ind|Tense=Perf|Voice=Act|Person=3">abstraxitque</w>                <w xml:id="line.66#w.2" pos="CON" lemma="que" msd="MORPH=empty">abstraxitque</w>                <w xml:id="line.66#w.3" pos="NOM" lemma="homo" msd="Case=Acc|Numb=Sing">hominem</w>                <w xml:id="line.66#w.4" pos="PRE" lemma="in" msd="MORPH=empty">in</w>                <w xml:id="line.66#w.5" pos="ADJqua" lemma="magnus" msd="Case=Acc|Numb=Sing|Deg=Sup">maximam</w>                <w xml:id="line.66#w.6" pos="ADJqua" lemma="malus3" msd="Case=Acc|Numb=Sing|Deg=Pos">malam</w>                <w xml:id="line.66#w.7" pos="NOM" lemma="crux" msd="Case=Acc|Numb=Sing">crucem</w>                <w xml:id="line.66#w.8" pos="PUNC" lemma="." msd="MORPH=empty">.</w>            </seg>            <seg xml:id="urn:cts:latinLit:phi0119.phi010.perseus-lat2:line.67">                <w xml:id="line.67#w.1" pos="PROdem" lemma="ille" msd="Case=Nom|Numb=Plur">illi</w>                <w xml:id="line.67#w.2" pos="NOM" lemma="diuitiae" msd="Case=Nom|Numb=Plur">divitiae</w>                <w xml:id="line.67#w.3" pos="VER" lemma="euenio" msd="Numb=Plur|Mood=Ind|Tense=Perf|Voice=Act|Person=3">evenerunt</w>                <w xml:id="line.67#w.4" pos="ADJqua" lemma="magnus" msd="Case=Nom|Numb=Sing|Deg=Sup">maximae</w>                <w xml:id="line.67#w.5" pos="PUNC" lemma="." msd="MORPH=empty">.</w>            </seg>            <seg xml:id="urn:cts:latinLit:phi0119.phi010.perseus-lat2:line.68">                <w xml:id="line.68#w.1" pos="PROdem" lemma="is" msd="Case=Nom|Numb=Sing">is</w>                <w xml:id="line.68#w.2" pos="ADV" lemma="illic2" msd="Deg=Pos">illic</w>                <w xml:id="line.68#w.3" pos="VER" lemma="habito" msd="Numb=Sing|Mood=Ind|Tense=Pres|Voice=Act|Person=3">habitat</w>                <w xml:id="line.68#w.4" pos="ADJqua" lemma="geminus" msd="Case=Nom|Numb=Sing|Deg=Pos">geminus</w>                <w xml:id="line.68#w.5" pos="NOM" lemma="surrupticius" msd="Case=Nom|Numb=Sing">surrupticius</w>                <w xml:id="line.68#w.6" pos="PUNC" lemma="." msd="MORPH=empty">.</w>            </seg>            <seg xml:id="urn:cts:latinLit:phi0119.phi010.perseus-lat2:line.69">                <w xml:id="line.69#w.1" pos="ADV" lemma="nunc" msd="Deg=Pos">nunc</w>                <w xml:id="line.69#w.2" pos="PROdem" lemma="ille" msd="Case=Nom|Numb=Sing">ille</w>                <w xml:id="line.69#w.3" pos="ADJqua" lemma="geminus" msd="Case=Nom|Numb=Sing|Deg=Pos">geminus</w>                <w xml:id="line.69#w.4" pos="PUNC" lemma="," msd="MORPH=empty">,</w>                <w xml:id="line.69#w.5" pos="PROrel" lemma="qui1" msd="Case=Nom|Numb=Sing">qui</w>                <w xml:id="line.69#w.6" pos="NOM" lemma="syracusae" msd="Case=Abl|Numb=Plur">Syracusis</w>                <w xml:id="line.69#w.7" pos="VER" lemma="habeo" msd="Numb=Sing|Mood=Ind|Tense=Pres|Voice=Act|Person=3">habet</w>                <w xml:id="line.69#w.8" pos="PUNC" lemma="," msd="MORPH=empty">,</w>            </seg>            <seg xml:id="urn:cts:latinLit:phi0119.phi010.perseus-lat2:line.70">                <w xml:id="line.70#w.1" pos="ADV" lemma="hodie" msd="Deg=Pos">hodie</w>                <w xml:id="line.70#w.2" pos="PRE" lemma="in" msd="MORPH=empty">in</w>                <w xml:id="line.70#w.3" pos="NOM" lemma="epidamnum" msd="Case=Acc|Numb=Sing">Epidamnum</w>                <w xml:id="line.70#w.4" pos="VER" lemma="uenio" msd="Numb=Sing|Mood=Ind|Tense=Fut|Voice=Act|Person=3">veniet</w>                <w xml:id="line.70#w.5" pos="PRE" lemma="cum2" msd="MORPH=empty">cum</w>                <w xml:id="line.70#w.6" pos="NOM" lemma="seruus?" msd="Case=Abl|Numb=Sing">servo</w>                <w xml:id="line.70#w.7" pos="PROpos.ref" lemma="suus" msd="Case=Abl|Numb=Sing">suo</w>            </seg>            <seg xml:id="urn:cts:latinLit:phi0119.phi010.perseus-lat2:line.71">                <w xml:id="line.71#w.1" pos="PROdem" lemma="hic1" msd="Case=Acc|Numb=Sing">hunc</w>                <w xml:id="line.71#w.2" pos="VER" lemma="quaerito" msd="Case=Acc|Numb=Sing|Mood=Par|Tense=Perf|Voice=Pass">quaeritatum</w>                <w xml:id="line.71#w.3" pos="ADJqua" lemma="geminus" msd="Case=Acc|Numb=Sing|Deg=Pos">geminum</w>                <w xml:id="line.71#w.4" pos="NOM" lemma="germanus?" msd="Case=Acc|Numb=Sing">germanum</w>                <w xml:id="line.71#w.5" pos="PROpos.ref" lemma="suus" msd="Case=Acc|Numb=Sing">suom</w>                <w xml:id="line.71#w.6" pos="PUNC" lemma="." msd="MORPH=empty">.</w>            </seg>            <seg xml:id="urn:cts:latinLit:phi0119.phi010.perseus-lat2:line.72">                <w xml:id="line.72#w.1" pos="PROdem" lemma="hic1" msd="Case=Nom|Numb=Sing">haec</w>                <w xml:id="line.72#w.2" pos="NOM" lemma="urbs" msd="Case=Nom|Numb=Sing">urbs</w>                <w xml:id="line.72#w.3" pos="NOM" lemma="epidamnus" msd="Case=Nom|Numb=Sing">Epidamnus</w>                <w xml:id="line.72#w.4" pos="VER" lemma="sum1" msd="Numb=Sing|Mood=Ind|Tense=Pres|Voice=Act|Person=3">est</w>                <w xml:id="line.72#w.5" pos="PUNC" lemma="," msd="MORPH=empty">,</w>                <w xml:id="line.72#w.6" pos="CONsub" lemma="dum2" msd="MORPH=empty">dum</w>                <w xml:id="line.72#w.7" pos="PROdem" lemma="hic1" msd="Case=Nom|Numb=Sing">haec</w>                <w xml:id="line.72#w.8" pos="VER" lemma="ago" msd="Numb=Sing|Mood=Ind|Tense=Pres|Voice=Pass|Person=3">agitur</w>                <w xml:id="line.72#w.9" pos="NOM" lemma="fabula1" msd="Case=Nom|Numb=Sing">fabula</w>                <w xml:id="line.72#w.10" pos="PUNC" lemma=":" msd="MORPH=empty">:</w>            </seg>            <seg xml:id="urn:cts:latinLit:phi0119.phi010.perseus-lat2:line.73">                <w xml:id="line.73#w.1" pos="CONsub" lemma="quando3" msd="MORPH=empty">quando</w>                <w xml:id="line.73#w.2" pos="PROind" lemma="alius" msd="Case=Nom|Numb=Plur">alia</w>                <w xml:id="line.73#w.3" pos="VER" lemma="ago" msd="Numb=Sing|Mood=Ind|Tense=Fut|Voice=Pass|Person=3">agetur</w>                <w xml:id="line.73#w.4" pos="PUNC" lemma="," msd="MORPH=empty">,</w>                <w xml:id="line.73#w.5" pos="PROind" lemma="alius" msd="Case=Nom|Numb=Sing">aliud</w>                <w xml:id="line.73#w.6" pos="VER" lemma="fio" msd="Numb=Sing|Mood=Ind|Tense=Fut|Voice=Act|Person=3">fiet</w>                <w xml:id="line.73#w.7" pos="NOM" lemma="oppidum" msd="Case=Nom|Numb=Sing">oppidum</w>                <w xml:id="line.73#w.8" pos="PUNC" lemma=";" msd="MORPH=empty">;</w>            </seg>            <seg xml:id="urn:cts:latinLit:phi0119.phi010.perseus-lat2:line.74">                <w xml:id="line.74#w.1" pos="ADVrel" lemma="sicut1" msd="MORPH=empty">sicut</w>                <w xml:id="line.74#w.2" pos="NOM" lemma="familia" msd="Case=Gen|Numb=Sing">familiae</w>                <w xml:id="line.74#w.3" pos="ADV" lemma="quoque" msd="Deg=Pos">quoque</w>                <w xml:id="line.74#w.4" pos="VER" lemma="soleo" msd="Numb=Plur|Mood=Ind|Tense=Pres|Voice=SemDep|Person=3">solent</w>                <w xml:id="line.74#w.5" pos="VER" lemma="muto2" msd="Mood=Inf|Tense=Pres|Voice=Pass">mutarier</w>                <w xml:id="line.74#w.6" pos="PUNC" lemma=":" msd="MORPH=empty">:</w>            </seg>            <seg xml:id="urn:cts:latinLit:phi0119.phi010.perseus-lat2:line.75">                <w xml:id="line.75#w.1" pos="ADV" lemma="modo1" msd="Deg=Pos">modo</w>                <w xml:id="line.75#w.2" pos="PUNC" lemma="â " msd="MORPH=empty">â </w>                <w xml:id="line.75#w.3" pos="CONsub" lemma="ni2" msd="MORPH=empty">ni</w>                <w xml:id="line.75#w.4" pos="VER" lemma="cadito" msd="Numb=Sing|Mood=Ind|Tense=Pres|Voice=Act|Person=3">caditat</w>                <w xml:id="line.75#w.5" pos="NOM" lemma="leno1" msd="Case=Nom|Numb=Sing">leno</w>                <w xml:id="line.75#w.6" pos="PUNC" lemma="," msd="MORPH=empty">,</w>                <w xml:id="line.75#w.7" pos="ADV" lemma="modo1" msd="Deg=Pos">modo</w>                <w xml:id="line.75#w.8" pos="NOM" lemma="adolescens?" msd="Case=Nom|Numb=Sing">adulescens</w>                <w xml:id="line.75#w.9" pos="PUNC" lemma="," msd="MORPH=empty">,</w>                <w xml:id="line.75#w.10" pos="ADV" lemma="modo1" msd="Deg=Pos">modo</w>                <w xml:id="line.75#w.11" pos="NOM" lemma="senex?" msd="Case=Nom|Numb=Sing">senex</w>                <w xml:id="line.75#w.12" pos="PUNC" lemma="," msd="MORPH=empty">,</w>            </seg>            <seg xml:id="urn:cts:latinLit:phi0119.phi010.perseus-lat2:line.76">                <w xml:id="line.76#w.1" pos="ADJqua" lemma="pauper" msd="Case=Nom|Numb=Sing|Deg=Pos">pauper</w>                <w xml:id="line.76#w.2" pos="PUNC" lemma="," msd="MORPH=empty">,</w>                <w xml:id="line.76#w.3" pos="ADJqua" lemma="mendicus2" msd="Case=Nom|Numb=Sing|Deg=Pos">mendicus</w>                <w xml:id="line.76#w.4" pos="PUNC" lemma="," msd="MORPH=empty">,</w>                <w xml:id="line.76#w.5" pos="NOM" lemma="rex" msd="Case=Nom|Numb=Sing">rex</w>                <w xml:id="line.76#w.6" pos="PUNC" lemma="," msd="MORPH=empty">,</w>                <w xml:id="line.76#w.7" pos="NOM" lemma="parasitus" msd="Case=Nom|Numb=Sing">parasitus</w>                <w xml:id="line.76#w.8" pos="PUNC" lemma="," msd="MORPH=empty">,</w>                <w xml:id="line.76#w.9" pos="NOM" lemma="hariolus" msd="Case=Nom|Numb=Sing">hariolus</w>            </seg>            <seg xml:id="urn:cts:latinLit:phi0119.phi010.perseus-lat2:line.76a">            </seg>            <seg xml:id="urn:cts:latinLit:phi0119.phi010.perseus-lat2:line.77">                <w xml:id="line.77#w.1" pos="NOM" lemma="iuuentus" msd="Case=Nom|Numb=Sing">Iuventus</w>                <w xml:id="line.77#w.2" pos="NOM" lemma="nomen" msd="Case=Acc|Numb=Sing">nomen</w>                <w xml:id="line.77#w.3" pos="VER" lemma="facio" msd="Numb=Sing|Mood=Ind|Tense=Perf|Voice=Act|Person=3">fecit</w>                <w xml:id="line.77#w.4" pos="NOM" lemma="peniculum" msd="Case=Abl|Numb=Sing">Peniculo</w>                <w xml:id="line.77#w.5" pos="PROper" lemma="ego" msd="Case=Dat|Numb=Sing">mihi</w>                <w xml:id="line.77#w.6" pos="PUNC" lemma="," msd="MORPH=empty">,</w>            </seg>            <seg xml:id="urn:cts:latinLit:phi0119.phi010.perseus-lat2:line.78">                <w xml:id="line.78#w.1" pos="ADV" lemma="ideo" msd="Deg=Pos">ideo</w>                <w xml:id="line.78#w.2" pos="CONsub" lemma="quia" msd="MORPH=empty">quia</w>                <w xml:id="line.78#w.3" pos="NOM" lemma="mensa" msd="Case=Acc|Numb=Sing">mensam</w>                <w xml:id="line.78#w.4" pos="PUNC" lemma="," msd="MORPH=empty">,</w>                <w xml:id="line.78#w.5" pos="ADVint" lemma="quando2" msd="MORPH=empty">quando</w>                <w xml:id="line.78#w.6" pos="VER" lemma="edo?" msd="Numb=Sing|Mood=Ind|Tense=Pres|Voice=Act|Person=1">edo</w>                <w xml:id="line.78#w.7" pos="PUNC" lemma="," msd="MORPH=empty">,</w>                <w xml:id="line.78#w.8" pos="VER" lemma="detergeo" msd="Numb=Sing|Mood=Ind|Tense=Pres|Voice=Act|Person=1">detergeo</w>                <w xml:id="line.78#w.9" pos="PUNC" lemma="." msd="MORPH=empty">.</w>            </seg>            <seg xml:id="urn:cts:latinLit:phi0119.phi010.perseus-lat2:line.79">                <w xml:id="line.79#w.1" pos="NOM" lemma="homo" msd="Case=Nom|Numb=Plur">homines</w>                <w xml:id="line.79#w.2" pos="NOM" lemma="captiuus?" msd="Case=Acc|Numb=Plur">captivos</w>                <w xml:id="line.79#w.3" pos="PROrel" lemma="qui1" msd="Case=Nom|Numb=Plur">qui</w>                <w xml:id="line.79#w.4" pos="NOM" lemma="catena" msd="Case=Abl|Numb=Plur">catenis</w>                <w xml:id="line.79#w.5" pos="VER" lemma="uincio" msd="Numb=Plur|Mood=Ind|Tense=Pres|Voice=Act|Person=3">vinciunt</w>            </seg>            <seg xml:id="urn:cts:latinLit:phi0119.phi010.perseus-lat2:line.80">                <w xml:id="line.80#w.1" pos="CONcoo" lemma="et2" msd="MORPH=empty">et</w>                <w xml:id="line.80#w.2" pos="PROrel" lemma="qui1" msd="Case=Nom|Numb=Plur">qui</w>                <w xml:id="line.80#w.3" pos="NOM" lemma="fugitiuus?" msd="Case=Abl|Numb=Plur">fugitivis</w>                <w xml:id="line.80#w.4" pos="NOM" lemma="seruus?" msd="Case=Abl|Numb=Plur">servis</w>                <w xml:id="line.80#w.5" pos="VER" lemma="indo" msd="Numb=Plur|Mood=Ind|Tense=Pres|Voice=Act|Person=3">indunt</w>                <w xml:id="line.80#w.6" pos="NOM" lemma="compes" msd="Case=Acc|Numb=Plur">compedes</w>                <w xml:id="line.80#w.7" pos="PUNC" lemma="," msd="MORPH=empty">,</w>            </seg>            <seg xml:id="urn:cts:latinLit:phi0119.phi010.perseus-lat2:line.81">                <w xml:id="line.81#w.1" pos="ADV" lemma="nimis" msd="Deg=Pos">nimis</w>                <w xml:id="line.81#w.2" pos="ADV" lemma="stulte" msd="Deg=Pos">stÃºlte</w>                <w xml:id="line.81#w.3" pos="VER" lemma="facio" msd="Numb=Plur|Mood=Ind|Tense=Pres|Voice=Act|Person=3">faciunt</w>                <w xml:id="line.81#w.4" pos="PROpos" lemma="meus" msd="Case=Abl|Numb=Sing">mea</w>                <w xml:id="line.81#w.5" pos="ADV" lemma="quidem" msd="Deg=Pos">quidem</w>                <w xml:id="line.81#w.6" pos="NOM" lemma="sententia" msd="Case=Nom|Numb=Sing">sententia</w>                <w xml:id="line.81#w.7" pos="PUNC" lemma="." msd="MORPH=empty">.</w>            </seg>            <seg xml:id="urn:cts:latinLit:phi0119.phi010.perseus-lat2:line.82">                <w xml:id="line.82#w.1" pos="CONcoo" lemma="nam" msd="MORPH=empty">nam</w>                <w xml:id="line.82#w.2" pos="NOM" lemma="homo" msd="Case=Dat|Numb=Sing">homini</w>                <w xml:id="line.82#w.3" pos="ADJqua" lemma="miser" msd="Case=Dat|Numb=Sing|Deg=Pos">misero</w>                <w xml:id="line.82#w.4" pos="CONsub" lemma="si2" msd="MORPH=empty">si</w>                <w xml:id="line.82#w.5" pos="PRE" lemma="ad2" msd="MORPH=empty">ad</w>                <w xml:id="line.82#w.6" pos="NOM" lemma="malus?" msd="Case=Acc|Numb=Sing">malum</w>                <w xml:id="line.82#w.7" pos="VER" lemma="accedo1" msd="Numb=Sing|Mood=Ind|Tense=Pres|Voice=Act|Person=3">accedit</w>                <w xml:id="line.82#w.8" pos="NOM" lemma="malum?" msd="Case=Nom|Numb=Sing">malum</w>                <w xml:id="line.82#w.9" pos="PUNC" lemma="," msd="MORPH=empty">,</w>            </seg>            <seg xml:id="urn:cts:latinLit:phi0119.phi010.perseus-lat2:line.83">                <w xml:id="line.83#w.1" pos="ADJqua" lemma="magnus" msd="Case=Nom|Numb=Sing|Deg=Comp">maior</w>                <w xml:id="line.83#w.2" pos="NOM" lemma="libido" msd="Case=Nom|Numb=Sing">lubido</w>                <w xml:id="line.83#w.3" pos="VER" lemma="sum1" msd="Numb=Sing|Mood=Ind|Tense=Pres|Voice=Act|Person=3">est</w>                <w xml:id="line.83#w.4" pos="VER" lemma="fugio" msd="Mood=Inf|Tense=Pres|Voice=Act">fugere</w>                <w xml:id="line.83#w.5" pos="CONcoo" lemma="et2" msd="MORPH=empty">et</w>                <w xml:id="line.83#w.6" pos="VER" lemma="facio" msd="Mood=Inf|Tense=Pres|Voice=Act">facere</w>                <w xml:id="line.83#w.7" pos="ADV" lemma="nequiter" msd="Deg=Pos">nequiter</w>                <w xml:id="line.83#w.8" pos="PUNC" lemma="." msd="MORPH=empty">.</w>            </seg>            <seg xml:id="urn:cts:latinLit:phi0119.phi010.perseus-lat2:line.84">                <w xml:id="line.84#w.1" pos="CONcoo" lemma="nam" msd="MORPH=empty">nam</w>                <w xml:id="line.84#w.2" pos="PROref" lemma="sui1" msd="Case=Acc|Numb=Sing">se</w>                <w xml:id="line.84#w.3" pos="PRE" lemma="ex" msd="MORPH=empty">ex</w>                <w xml:id="line.84#w.4" pos="NOM" lemma="catena" msd="Case=Abl|Numb=Plur">catenis</w>                <w xml:id="line.84#w.5" pos="VER" lemma="eximo" msd="Numb=Plur|Mood=Ind|Tense=Pres|Voice=Act|Person=3">eximunt</w>                <w xml:id="line.84#w.6" pos="PROind" lemma="aliquis" msd="Case=Abl|Numb=Sing">aliquo</w>                <w xml:id="line.84#w.7" pos="NOM" lemma="modus" msd="Case=Abl|Numb=Sing">modo</w>                <w xml:id="line.84#w.8" pos="PUNC" lemma="." msd="MORPH=empty">.</w>            </seg>            <seg xml:id="urn:cts:latinLit:phi0119.phi010.perseus-lat2:line.85">                <w xml:id="line.85#w.1" pos="ADV" lemma="tum" msd="Deg=Pos">tum</w>                <w xml:id="line.85#w.2" pos="VER" lemma="compedio" msd="Case=Nom|Numb=Plur|Mood=Par|Tense=Perf|Voice=Pass">compediti</w>                <w xml:id="line.85#w.3" pos="NOM" lemma="nnus" msd="Case=Acc|Numb=Sing">Ã¡num</w>                <w xml:id="line.85#w.4" pos="NOM" lemma="lima" msd="Case=Nom|Numb=Plur">lima</w>                <w xml:id="line.85#w.5" pos="VER" lemma="praetero" msd="Numb=Plur|Mood=Ind|Tense=Pres|Voice=Act|Person=3">praeterunt</w>            </seg>            <seg xml:id="urn:cts:latinLit:phi0119.phi010.perseus-lat2:line.86">                <w xml:id="line.86#w.1" pos="CONcoo" lemma="aut" msd="MORPH=empty">aut</w>                <w xml:id="line.86#w.2" pos="NOM" lemma="lapis" msd="Case=Abl|Numb=Sing">lapide</w>                <w xml:id="line.86#w.3" pos="VER" lemma="excutio" msd="Numb=Plur|Mood=Ind|Tense=Pres|Voice=Act|Person=3">excutiunt</w>                <w xml:id="line.86#w.4" pos="NOM" lemma="clauus" msd="Case=Acc|Numb=Sing">clavom</w>                <w xml:id="line.86#w.5" pos="PUNC" lemma="." msd="MORPH=empty">.</w>                <w xml:id="line.86#w.6" pos="NOM" lemma="nugae" msd="Case=Nom|Numb=Plur">nugae</w>                <w xml:id="line.86#w.7" pos="VER" lemma="sum1" msd="Numb=Plur|Mood=Ind|Tense=Pres|Voice=Act|Person=3">sunt</w>                <w xml:id="line.86#w.8" pos="PROdem" lemma="is" msd="Case=Nom|Numb=Plur">eae</w>                <w xml:id="line.86#w.9" pos="PUNC" lemma="." msd="MORPH=empty">.</w>            </seg>            <seg xml:id="urn:cts:latinLit:phi0119.phi010.perseus-lat2:line.87">                <w xml:id="line.87#w.1" pos="PROrel" lemma="qui1" msd="Case=Acc|Numb=Sing">quem</w>                <w xml:id="line.87#w.2" pos="PROper" lemma="tu" msd="Case=Nom|Numb=Sing">tu</w>                <w xml:id="line.87#w.3" pos="VER" lemma="asseruo" msd="Mood=Inf|Tense=Pres|Voice=Act">adservare</w>                <w xml:id="line.87#w.4" pos="ADV" lemma="recte" msd="Deg=Pos">recte</w>                <w xml:id="line.87#w.5" pos="PUNC" lemma="," msd="MORPH=empty">,</w>                <w xml:id="line.87#w.6" pos="CONsub" lemma="ne4" msd="MORPH=empty">ne</w>                <w xml:id="line.87#w.7" pos="VER" lemma="aufugio" msd="Numb=Sing|Mood=Sub|Tense=Pres|Voice=Act|Person=3">aufugiat</w>                <w xml:id="line.87#w.8" pos="PUNC" lemma="," msd="MORPH=empty">,</w>                <w xml:id="line.87#w.9" pos="VER" lemma="uolo?" msd="Numb=Sing|Mood=Sub|Tense=Pres|Voice=Act|Person=2">voles</w>                <w xml:id="line.87#w.10" pos="PUNC" lemma="," msd="MORPH=empty">,</w>            </seg>            <seg xml:id="urn:cts:latinLit:phi0119.phi010.perseus-lat2:line.88">                <w xml:id="line.88#w.1" pos="NOM" lemma="esca" msd="Case=Abl|Numb=Sing">esca</w>                <w xml:id="line.88#w.2" pos="CONcoo" lemma="atque1" msd="MORPH=empty">atque</w>                <w xml:id="line.88#w.3" pos="NOM" lemma="potio?" msd="Case=Abl|Numb=Sing">potione</w>                <w xml:id="line.88#w.4" pos="VER" lemma="uincio" msd="Mood=Inf|Tense=Pres|Voice=Pass">vinciri</w>                <w xml:id="line.88#w.5" pos="VER" lemma="decet" msd="Numb=Sing|Mood=Ind|Tense=Pres|Voice=Act|Person=3">decet</w>                <w xml:id="line.88#w.6" pos="PUNC" lemma="." msd="MORPH=empty">.</w>            </seg>            <seg xml:id="urn:cts:latinLit:phi0119.phi010.perseus-lat2:line.89">                <w xml:id="line.89#w.1" pos="PRE" lemma="apud" msd="MORPH=empty">apud</w>                <w xml:id="line.89#w.2" pos="NOM" lemma="mansa" msd="Case=Acc|Numb=Sing">mÃ©nsam</w>                <w xml:id="line.89#w.3" pos="ADJqua" lemma="plenus" msd="Case=Acc|Numb=Sing|Deg=Pos">plenam</w>                <w xml:id="line.89#w.4" pos="NOM" lemma="homo" msd="Case=Dat|Numb=Sing">homini</w>                <w xml:id="line.89#w.5" pos="NOM" lemma="rostrum" msd="Case=Acc|Numb=Sing">rostrum</w>                <w xml:id="line.89#w.6" pos="VER" lemma="deligo?" msd="Numb=Sing|Mood=Ind|Tense=Fut|Voice=Act|Person=2">deliges</w>                <w xml:id="line.89#w.7" pos="PUNC" lemma=";" msd="MORPH=empty">;</w>            </seg>            <seg xml:id="urn:cts:latinLit:phi0119.phi010.perseus-lat2:line.90">                <w xml:id="line.90#w.1" pos="CONsub" lemma="dum2" msd="MORPH=empty">dum</w>                <w xml:id="line.90#w.2" pos="PROper" lemma="tu" msd="Case=Nom|Numb=Sing">tu</w>                <w xml:id="line.90#w.3" pos="PROdem" lemma="ille" msd="Case=Dat|Numb=Sing">illi</w>                <w xml:id="line.90#w.4" pos="PROrel" lemma="qui1" msd="Case=Acc|Numb=Sing">quod</w>                <w xml:id="line.90#w.5" pos="VER" lemma="edo?" msd="Numb=Sing|Mood=Ind|Tense=Pres|Voice=Act|Person=3">edit</w>                <w xml:id="line.90#w.6" pos="CONcoo" lemma="et2" msd="MORPH=empty">et</w>                <w xml:id="line.90#w.7" pos="PROrel" lemma="qui1" msd="Case=Acc|Numb=Sing">quod</w>                <w xml:id="line.90#w.8" pos="VER" lemma="poto" msd="Numb=Sing|Mood=Sub|Tense=Pres|Voice=Act|Person=3">potet</w>                <w xml:id="line.90#w.9" pos="VER" lemma="praebeo" msd="Numb=Sing|Mood=Sub|Tense=Pres|Voice=Act|Person=2">praebeas</w>                <w xml:id="line.90#w.10" pos="PUNC" lemma="," msd="MORPH=empty">,</w>            </seg>            <seg xml:id="urn:cts:latinLit:phi0119.phi010.perseus-lat2:line.91">                <w xml:id="line.91#w.1" pos="PROpos.ref" lemma="suus" msd="Case=Abl|Numb=Sing">suo</w>                <w xml:id="line.91#w.2" pos="NOM" lemma="arbitratus" msd="Case=Abl|Numb=Sing">arbitratu</w>                <w xml:id="line.91#w.3" pos="ADV" lemma="sffatim" msd="Deg=Pos">Ã¡dfatim</w>                <w xml:id="line.91#w.4" pos="ADV" lemma="cotidie" msd="Deg=Pos">cottidie</w>                <w xml:id="line.91#w.5" pos="PUNC" lemma="," msd="MORPH=empty">,</w>            </seg>            <seg xml:id="urn:cts:latinLit:phi0119.phi010.perseus-lat2:line.92">                <w xml:id="line.92#w.1" pos="ADVneg" lemma="numquam" msd="MORPH=empty">numquam</w>                <w xml:id="line.92#w.2" pos="INJ" lemma="edepol" msd="MORPH=empty">edepol</w>                <w xml:id="line.92#w.3" pos="VER" lemma="fugio" msd="Numb=Sing|Mood=Ind|Tense=Fut|Voice=Act|Person=3">fugiet</w>                <w xml:id="line.92#w.4" pos="PUNC" lemma="," msd="MORPH=empty">,</w>                <w xml:id="line.92#w.5" pos="ADV" lemma="tam" msd="Deg=Pos">tam</w>                <w xml:id="line.92#w.6" pos="CONsub" lemma="etsi2" msd="MORPH=empty">etsi</w>                <w xml:id="line.92#w.7" pos="NOM" lemma="capital" msd="Case=Acc|Numb=Sing">capital</w>                <w xml:id="line.92#w.8" pos="VER" lemma="facio" msd="Numb=Sing|Mood=Ind|Tense=FutAnt|Voice=Act|Person=3">fecerit</w>                <w xml:id="line.92#w.9" pos="PUNC" lemma="," msd="MORPH=empty">,</w>            </seg>            <seg xml:id="urn:cts:latinLit:phi0119.phi010.perseus-lat2:line.93">                <w xml:id="line.93#w.1" pos="ADV" lemma="facile" msd="Deg=Pos">facile</w>                <w xml:id="line.93#w.2" pos="VER" lemma="asseruo" msd="Numb=Sing|Mood=Ind|Tense=Fut|Voice=Act|Person=2">adservabis</w>                <w xml:id="line.93#w.3" pos="PUNC" lemma="," msd="MORPH=empty">,</w>                <w xml:id="line.93#w.4" pos="VER" lemma="do" msd="Person=2">dÃºm</w>                <w xml:id="line.93#w.5" pos="PROdem" lemma="is" msd="Case=Abl|Numb=Sing">eo</w>                <w xml:id="line.93#w.6" pos="NOM" lemma="uinculum" msd="Case=Abl|Numb=Sing">vinclo</w>                <w xml:id="line.93#w.7" pos="VER" lemma="uincio" msd="Numb=Sing|Mood=Ind|Tense=Fut|Voice=Act|Person=2">vincies</w>                <w xml:id="line.93#w.8" pos="PUNC" lemma="." msd="MORPH=empty">.</w>            </seg>            <seg xml:id="urn:cts:latinLit:phi0119.phi010.perseus-lat2:line.94">                <w xml:id="line.94#w.1" pos="ADV" lemma="ita" msd="Deg=Pos">ita</w>                <w xml:id="line.94#w.2" pos="PROdem" lemma="istic1" msd="Case=Nom|Numb=Plur">istaÃ©c</w>                <w xml:id="line.94#w.3" pos="ADV" lemma="nimis" msd="Deg=Pos">nimis</w>                <w xml:id="line.94#w.4" pos="ADJqua" lemma="lentus" msd="Case=Nom|Numb=Plur|Deg=Pos">lenta</w>                <w xml:id="line.94#w.5" pos="NOM" lemma="uinculum" msd="Case=Nom|Numb=Plur">vincla</w>                <w xml:id="line.94#w.6" pos="VER" lemma="sum1" msd="Numb=Plur|Mood=Ind|Tense=Pres|Voice=Act|Person=3">sunt</w>                <w xml:id="line.94#w.7" pos="NOM" lemma="escarium" msd="Case=Nom|Numb=Plur">escaria</w>                <w xml:id="line.94#w.8" pos="PUNC" lemma=":" msd="MORPH=empty">:</w>            </seg>            <seg xml:id="urn:cts:latinLit:phi0119.phi010.perseus-lat2:line.95">                <w xml:id="line.95#w.1" pos="PROrel" lemma="qui1" msd="Case=Acc">quam</w>                <w xml:id="line.95#w.2" pos="ADV" lemma="magis2" msd="Deg=Comp">magis</w>                <w xml:id="line.95#w.3" pos="VER" lemma="extendo" msd="Numb=Sing|Mood=Sub|Tense=Pres|Voice=Act|Person=2">extendas</w>                <w xml:id="line.95#w.4" pos="PUNC" lemma="," msd="MORPH=empty">,</w>                <w xml:id="line.95#w.5" pos="ADV" lemma="tanto" msd="Numb=Sing">tanto</w>                <w xml:id="line.95#w.6" pos="VER" lemma="astringo" msd="Numb=Plur|Mood=Ind|Tense=Pres|Voice=Act|Person=3">adstringunt</w>                <w xml:id="line.95#w.7" pos="ADV" lemma="arte" msd="Deg=Comp">artius</w>                <w xml:id="line.95#w.8" pos="PUNC" lemma="." msd="MORPH=empty">.</w>            </seg>            <seg xml:id="urn:cts:latinLit:phi0119.phi010.perseus-lat2:line.96">                <w xml:id="line.96#w.1" pos="CONcoo" lemma="nam" msd="MORPH=empty">nam</w>                <w xml:id="line.96#w.2" pos="PROper" lemma="ego" msd="Case=Nom|Numb=Sing">ego</w>                <w xml:id="line.96#w.3" pos="PRE" lemma="ad2" msd="MORPH=empty">ad</w>                <w xml:id="line.96#w.4" pos="NOM" lemma="menaechmus" msd="Case=Acc|Numb=Sing">Menaechmum</w>                <w xml:id="line.96#w.5" pos="PROdem" lemma="hic1" msd="Case=Acc|Numb=Sing">hÃºnc</w>                <w xml:id="line.96#w.6" pos="PROdem" lemma="is" msd="Case=Abl|Numb=Sing">eo</w>                <w xml:id="line.96#w.7" pos="PUNC" lemma="," msd="MORPH=empty">,</w>                <w xml:id="line.96#w.8" pos="PROrel" lemma="qui1" msd="Case=Abl|Numb=Sing">quo</w>                <w xml:id="line.96#w.9" pos="ADV" lemma="iam" msd="Deg=Pos">iam</w>                <w xml:id="line.96#w.10" pos="ADV" lemma="diu" msd="Deg=Pos">diu</w>            </seg>            <seg xml:id="urn:cts:latinLit:phi0119.phi010.perseus-lat2:line.97">                <w xml:id="line.97#w.1" pos="VER" lemma="sum1" msd="Numb=Sing|Mood=Ind|Tense=Pres|Voice=Act|Person=1">sum</w>                <w xml:id="line.97#w.2" pos="VER" lemma="iudico" msd="Numb=Sing|Mood=Par|Tense=Perf|Voice=Pass">iudicatus</w>                <w xml:id="line.97#w.3" pos="PUNC" lemma=";" msd="MORPH=empty">;</w>                <w xml:id="line.97#w.4" pos="ADV" lemma="ultro" msd="Deg=Pos">ultro</w>                <w xml:id="line.97#w.5" pos="ADV" lemma="is" msd="Numb=Sing|Deg=Pos">eo</w>                <w xml:id="line.97#w.6" pos="CONsub" lemma="ut4" msd="MORPH=empty">ut</w>                <w xml:id="line.97#w.7" pos="PROper" lemma="ego" msd="Case=Acc|Numb=Sing">me</w>                <w xml:id="line.97#w.8" pos="VER" lemma="uincio" msd="Numb=Sing|Mood=Sub|Tense=Pres|Voice=Act|Person=3">vinciat</w>                <w xml:id="line.97#w.9" pos="PUNC" lemma="." msd="MORPH=empty">.</w>            </seg>            <seg xml:id="urn:cts:latinLit:phi0119.phi010.perseus-lat2:line.98">                <w xml:id="line.98#w.1" pos="CONcoo" lemma="nam" msd="MORPH=empty">nam</w>                <w xml:id="line.98#w.2" pos="ADV" lemma="illic2" msd="Deg=Pos">illic</w>                <w xml:id="line.98#w.3" pos="NOM" lemma="homo" msd="Case=Nom|Numb=Sing">homo</w>                <w xml:id="line.98#w.4" pos="NOM" lemma="homo" msd="Case=Acc|Numb=Plur">homines</w>                <w xml:id="line.98#w.5" pos="ADVneg" lemma="non" msd="MORPH=empty">non</w>                <w xml:id="line.98#w.6" pos="VER" lemma="alo" msd="Numb=Sing|Mood=Ind|Tense=Pres|Voice=Act|Person=3">alit</w>                <w xml:id="line.98#w.7" pos="PUNC" lemma="," msd="MORPH=empty">,</w>                <w xml:id="line.98#w.8" pos="NOM" lemma="uerum?" msd="Case=Acc|Numb=Sing">verum</w>                <w xml:id="line.98#w.9" pos="VER" lemma="educo?" msd="Numb=Sing|Mood=Sub|Tense=Pres|Voice=Act|Person=3">educat</w>                <w xml:id="line.98#w.10" pos="PUNC" lemma="," msd="MORPH=empty">,</w>            </seg>            <seg xml:id="urn:cts:latinLit:phi0119.phi010.perseus-lat2:line.99">                <w xml:id="line.99#w.1" pos="VER" lemma="recreo" msd="Numb=Sing|Mood=Ind|Tense=Pres|Voice=Act|Person=3">recreatque</w>                <w xml:id="line.99#w.2" pos="CON" lemma="que" msd="MORPH=empty">recreatque</w>                <w xml:id="line.99#w.3" pos="PUNC" lemma=":" msd="MORPH=empty">:</w>                <w xml:id="line.99#w.4" pos="PROind" lemma="nullus" msd="Case=Nom|Numb=Sing">nullus</w>                <w xml:id="line.99#w.5" pos="ADV" lemma="bene" msd="Deg=Comp">melius</w>                <w xml:id="line.99#w.6" pos="NOM" lemma="medicina" msd="Case=Acc|Numb=Sing">medicinam</w>                <w xml:id="line.99#w.7" pos="VER" lemma="facio" msd="Numb=Sing|Mood=Ind|Tense=Pres|Voice=Act|Person=3">facit</w>                <w xml:id="line.99#w.8" pos="PUNC" lemma="." msd="MORPH=empty">.</w>            </seg>            <seg xml:id="urn:cts:latinLit:phi0119.phi010.perseus-lat2:line.100">                <w xml:id="line.100#w.1" pos="ADV" lemma="ita" msd="Deg=Pos">ita</w>                <w xml:id="line.100#w.2" pos="VER" lemma="sum1" msd="Numb=Sing|Mood=Ind|Tense=Pres|Voice=Act|Person=3">est</w>                <w xml:id="line.100#w.3" pos="NOM" lemma="adolescens?" msd="Case=Nom|Numb=Sing">adulescens</w>                <w xml:id="line.100#w.4" pos="PUNC" lemma=";" msd="MORPH=empty">;</w>                <w xml:id="line.100#w.5" pos="PROdem" lemma="ipse" msd="Case=Nom|Numb=Sing">ipsus</w>                <w xml:id="line.100#w.6" pos="NOM" lemma="esca" msd="Case=Nom|Numb=Sing">escae</w>                <w xml:id="line.100#w.7" pos="ADJqua" lemma="magnus" msd="Case=Gen|Numb=Sing|Deg=Sup">maxumae</w>            </seg>            <seg xml:id="urn:cts:latinLit:phi0119.phi010.perseus-lat2:line.101">                <w xml:id="line.101#w.1" pos="ADJqua" lemma="cerialis" msd="Case=Nom|Numb=Sing|Deg=Pos">cerialis</w>                <w xml:id="line.101#w.2" pos="NOM" lemma="cena" msd="Case=Acc|Numb=Plur">cenas</w>                <w xml:id="line.101#w.3" pos="VER" lemma="do" msd="Numb=Sing|Mood=Ind|Tense=Pres|Voice=Act|Person=3">dat</w>                <w xml:id="line.101#w.4" pos="PUNC" lemma="," msd="MORPH=empty">,</w>                <w xml:id="line.101#w.5" pos="ADV" lemma="ita" msd="Deg=Pos">ita</w>                <w xml:id="line.101#w.6" pos="NOM" lemma="mensa" msd="Case=Acc|Numb=Plur">mensas</w>                <w xml:id="line.101#w.7" pos="VER" lemma="exstruo" msd="Numb=Sing|Mood=Ind|Tense=Pres|Voice=Act|Person=3">exstruit</w>                <w xml:id="line.101#w.8" pos="PUNC" lemma="," msd="MORPH=empty">,</w>            </seg>            <seg xml:id="urn:cts:latinLit:phi0119.phi010.perseus-lat2:line.102">                <w xml:id="line.102#w.1" pos="PROdem" lemma="tantus" msd="Case=Acc|Numb=Plur">tantas</w>                <w xml:id="line.102#w.2" pos="NOM" lemma="struex" msd="Case=Acc|Numb=Plur">struices</w>                <w xml:id="line.102#w.3" pos="VER" lemma="concinno" msd="Numb=Sing|Mood=Ind|Tense=Pres|Voice=Act|Person=3">concinnat</w>                <w xml:id="line.102#w.4" pos="ADJqua" lemma="patinarius" msd="Case=Acc|Numb=Plur|Deg=Pos">patinarias</w>                <w xml:id="line.102#w.5" pos="PUNC" lemma=":" msd="MORPH=empty">:</w>            </seg>            <seg xml:id="urn:cts:latinLit:phi0119.phi010.perseus-lat2:line.103">                <w xml:id="line.103#w.1" pos="VER" lemma="sto" msd="Case=Nom|Numb=Sing|Mood=Adj|Voice=Pass">standumst</w>                <w xml:id="line.103#w.2" pos="VER" lemma="sum1" msd="Numb=Sing|Mood=Ind|Tense=Pres|Voice=Act|Person=3">standumst</w>                <w xml:id="line.103#w.3" pos="PRE" lemma="in" msd="MORPH=empty">in</w>                <w xml:id="line.103#w.4" pos="NOM" lemma="lectus?" msd="Case=Abl|Numb=Sing">lecto</w>                <w xml:id="line.103#w.5" pos="PUNC" lemma="," msd="MORPH=empty">,</w>                <w xml:id="line.103#w.6" pos="CONsub" lemma="si2" msd="MORPH=empty">si</w>                <w xml:id="line.103#w.7" pos="PROind" lemma="quis2" msd="Case=Acc|Numb=Sing">quid</w>                <w xml:id="line.103#w.8" pos="PRE" lemma="de" msd="MORPH=empty">de</w>                <w xml:id="line.103#w.9" pos="NOM" lemma="summum?" msd="Case=Abl|Numb=Sing">summo</w>                <w xml:id="line.103#w.10" pos="VER" lemma="peto" msd="Numb=Sing|Mood=Sub|Tense=Pres|Voice=Act|Person=2">petas</w>                <w xml:id="line.103#w.11" pos="PUNC" lemma="." msd="MORPH=empty">.</w>            </seg>            <seg xml:id="urn:cts:latinLit:phi0119.phi010.perseus-lat2:line.104">                <w xml:id="line.104#w.1" pos="CONcoo" lemma="sed" msd="MORPH=empty">sed</w>                <w xml:id="line.104#w.2" pos="PROper" lemma="ego" msd="Case=Dat|Numb=Sing">mi</w>                <w xml:id="line.104#w.3" pos="NOM" lemma="interuallum" msd="Case=Nom|Numb=Sing">intervallum</w>                <w xml:id="line.104#w.4" pos="ADV" lemma="iam" msd="Deg=Pos">iam</w>                <w xml:id="line.104#w.5" pos="PROdem" lemma="hic1" msd="Case=Acc|Numb=Plur">hos</w>                <w xml:id="line.104#w.6" pos="NOM" lemma="dies" msd="Case=Nom|Numb=Plur">dies</w>                <w xml:id="line.104#w.7" pos="ADJqua" lemma="multus" msd="Case=Acc|Numb=Plur|Deg=Pos">multos</w>                <w xml:id="line.104#w.8" pos="VER" lemma="sum1" msd="Numb=Sing|Mood=Ind|Tense=Perf|Voice=Act|Person=3">fuit</w>                <w xml:id="line.104#w.9" pos="PUNC" lemma=":" msd="MORPH=empty">:</w>            </seg>            <seg xml:id="urn:cts:latinLit:phi0119.phi010.perseus-lat2:line.105">                <w xml:id="line.105#w.1" pos="NOM" lemma="domus" msd="Case=Loc|Numb=Sing">domi</w>                <w xml:id="line.105#w.2" pos="ADJqua" lemma="domo" msd="Case=Nom|Numb=Sing|Deg=Pos">domÃ­tus</w>                <w xml:id="line.105#w.3" pos="VER" lemma="sum1" msd="Numb=Sing|Mood=Ind|Tense=Pres|Voice=Act|Person=1">sum</w>                <w xml:id="line.105#w.4" pos="ADV" lemma="usque" msd="Deg=Pos">usque</w>                <w xml:id="line.105#w.5" pos="PRE" lemma="cum2" msd="MORPH=empty">cum</w>                <w xml:id="line.105#w.6" pos="ADJqua" lemma="carus" msd="Case=Abl|Numb=Plur|Deg=Pos">caris</w>                <w xml:id="line.105#w.7" pos="PROpos" lemma="meus" msd="Case=Abl|Numb=Plur">meis</w>                <w xml:id="line.105#w.8" pos="PUNC" lemma="." msd="MORPH=empty">.</w>            </seg>            <seg xml:id="urn:cts:latinLit:phi0119.phi010.perseus-lat2:line.106">                <w xml:id="line.106#w.1" pos="CONcoo" lemma="nam" msd="MORPH=empty">nam</w>                <w xml:id="line.106#w.2" pos="CONcoo" lemma="neque" msd="MORPH=empty">neque</w>                <w xml:id="line.106#w.3" pos="VER" lemma="edo?" msd="Numb=Sing|Mood=Ind|Tense=Pres|Voice=Act|Person=1">edo</w>                <w xml:id="line.106#w.4" pos="CONcoo" lemma="neque" msd="MORPH=empty">neque</w>                <w xml:id="line.106#w.5" pos="VER" lemma="emo" msd="Numb=Sing|Mood=Ind|Tense=Pres|Voice=Act|Person=1">emo</w>                <w xml:id="line.106#w.6" pos="CONsub" lemma="nisi" msd="MORPH=empty">nisi</w>                <w xml:id="line.106#w.7" pos="PROrel" lemma="qui1" msd="Case=Nom|Numb=Sing">quod</w>                <w xml:id="line.106#w.8" pos="VER" lemma="sum1" msd="Numb=Sing|Mood=Ind|Tense=Pres|Voice=Act|Person=3">est</w>                <w xml:id="line.106#w.9" pos="ADJqua" lemma="carus" msd="Case=Nom|Numb=Sing|Deg=Sup">carissumum</w>                <w xml:id="line.106#w.10" pos="PUNC" lemma="." msd="MORPH=empty">.</w>            </seg>            <seg xml:id="urn:cts:latinLit:phi0119.phi010.perseus-lat2:line.107">                <w xml:id="line.107#w.1" pos="PROdem" lemma="is" msd="Case=Acc|Numb=Sing">id</w>                <w xml:id="line.107#w.2" pos="ADV" lemma="quoque" msd="Deg=Pos">quoque</w>                <w xml:id="line.107#w.3" pos="ADV" lemma="iam" msd="Deg=Pos">iam</w>                <w xml:id="line.107#w.4" pos="PUNC" lemma="," msd="MORPH=empty">,</w>                <w xml:id="line.107#w.5" pos="ADJqua" lemma="carus" msd="Case=Nom|Numb=Plur|Deg=Pos">cari</w>                <w xml:id="line.107#w.6" pos="PROrel" lemma="qui1" msd="Case=Nom|Numb=Plur">qui</w>                <w xml:id="line.107#w.7" pos="VER" lemma="instruo" msd="Numb=Plur|Mood=Ind|Tense=Pres|Voice=Pass|Person=3">instruontur</w>                <w xml:id="line.107#w.8" pos="VER" lemma="desero?" msd="Numb=Plur|Mood=Ind|Tense=Pres|Voice=Act|Person=3">deserunt</w>                <w xml:id="line.107#w.9" pos="PUNC" lemma="." msd="MORPH=empty">.</w>            </seg>            <seg xml:id="urn:cts:latinLit:phi0119.phi010.perseus-lat2:line.108">                <w xml:id="line.108#w.1" pos="ADV" lemma="nunc" msd="Deg=Pos">nunc</w>                <w xml:id="line.108#w.2" pos="PRE" lemma="ad2" msd="MORPH=empty">ad</w>                <w xml:id="line.108#w.3" pos="PROdem" lemma="is" msd="Case=Acc|Numb=Sing">eum</w>                <w xml:id="line.108#w.4" pos="ADJqua" lemma="inuisus?" msd="Case=Abl|Numb=Sing|Deg=Pos">inviso</w>                <w xml:id="line.108#w.5" pos="PUNC" lemma="." msd="MORPH=empty">.</w>                <w xml:id="line.108#w.6" pos="CONcoo" lemma="sed" msd="MORPH=empty">sed</w>                <w xml:id="line.108#w.7" pos="VER" lemma="aperio" msd="Numb=Sing|Mood=Ind|Tense=Pres|Voice=Pass|Person=3">aperitur</w>                <w xml:id="line.108#w.8" pos="NOM" lemma="ostium" msd="Case=Nom|Numb=Sing">ostium</w>                <w xml:id="line.108#w.9" pos="PUNC" lemma="." msd="MORPH=empty">.</w>            </seg>            <seg xml:id="urn:cts:latinLit:phi0119.phi010.perseus-lat2:line.109">                <w xml:id="line.109#w.1" pos="NOM" lemma="menaechus" msd="Case=Acc|Numb=Sing">Menaechmum</w>                <w xml:id="line.109#w.2" pos="INJ" lemma="ecce" msd="MORPH=empty">eccum</w>                <w xml:id="line.109#w.3" pos="PROdem" lemma="ipse" msd="Case=Acc|Numb=Sing">ipsum</w>                <w xml:id="line.109#w.4" pos="VER" lemma="uideo" msd="Numb=Sing|Mood=Ind|Tense=Pres|Voice=Act|Person=1">video</w>                <w xml:id="line.109#w.5" pos="PUNC" lemma="," msd="MORPH=empty">,</w>                <w xml:id="line.109#w.6" pos="VER" lemma="progredior" msd="Numb=Sing|Mood=Ind|Tense=Pres|Voice=Dep|Person=3">progreditur</w>                <w xml:id="line.109#w.7" pos="ADV" lemma="foras" msd="Deg=Pos">foras</w>                <w xml:id="line.109#w.8" pos="PUNC" lemma="." msd="MORPH=empty">.</w>            </seg>            <seg xml:id="urn:cts:latinLit:phi0119.phi010.perseus-lat2:line.110">                <w xml:id="line.110#w.1" pos="ADVneg" lemma="nu" msd="MORPH=empty">NÃ­</w>                <w xml:id="line.110#w.2" pos="NOM" lemma="malum?" msd="Case=Acc|Numb=Plur">mala</w>                <w xml:id="line.110#w.3" pos="PUNC" lemma="," msd="MORPH=empty">,</w>                <w xml:id="line.110#w.4" pos="CONsub" lemma="ni2" msd="MORPH=empty">ni</w>                <w xml:id="line.110#w.5" pos="ADJqua" lemma="steltus" msd="Case=Nom|Numb=Sing|Deg=Pos">stÃºlta</w>                <w xml:id="line.110#w.6" pos="VER" lemma="sum1" msd="Numb=Sing|Mood=Sub|Tense=Pres|Voice=Act|Person=2">sies</w>                <w xml:id="line.110#w.7" pos="PUNC" lemma="," msd="MORPH=empty">,</w>                <w xml:id="line.110#w.8" pos="CONsub" lemma="ni2" msd="MORPH=empty">ni</w>                <w xml:id="line.110#w.9" pos="ADJqua" lemma="nndomitus" msd="Case=Nom|Numb=Sing|Deg=Pos">Ã­ndomita</w>                <w xml:id="line.110#w.10" pos="ADJqua" lemma="impes" msd="Case=Nom|Numb=Sing|Deg=Pos">impÃ³sque</w>                <w xml:id="line.110#w.11" pos="CON" lemma="que" msd="MORPH=empty">impÃ³sque</w>                <w xml:id="line.110#w.12" pos="NOM" lemma="animus" msd="Case=Gen|Numb=Sing">animi</w>                <w xml:id="line.110#w.13" pos="PUNC" lemma="," msd="MORPH=empty">,</w>            </seg>            <seg xml:id="urn:cts:latinLit:phi0119.phi010.perseus-lat2:line.111">                <w xml:id="line.111#w.1" pos="PROrel" lemma="qui1" msd="Case=Acc|Numb=Sing">quÃ³d</w>                <w xml:id="line.111#w.2" pos="NOM" lemma="uir" msd="Case=Dat|Numb=Sing">viro</w>                <w xml:id="line.111#w.3" pos="VER" lemma="sum1" msd="Mood=Inf|Tense=Pres|Voice=Act">esse</w>                <w xml:id="line.111#w.4" pos="NOM" lemma="odium" msd="Case=Gen|Numb=Sing">odiÃ³</w>                <w xml:id="line.111#w.5" pos="VER" lemma="uideo" msd="Numb=Sing|Mood=Sub|Tense=Pres|Voice=Act|Person=2">videas</w>                <w xml:id="line.111#w.6" pos="PUNC" lemma="," msd="MORPH=empty">,</w>                <w xml:id="line.111#w.7" pos="PROper" lemma="tu" msd="Case=Abl|Numb=Sing">tÃºte</w>                <w xml:id="line.111#w.8" pos="PROper" lemma="tu" msd="Case=Dat|Numb=Sing">tibi</w>                <w xml:id="line.111#w.9" pos="NOM" lemma="odium" msd="Case=Dat|Numb=Sing">odio</w>                <w xml:id="line.111#w.10" pos="VER" lemma="habeo" msd="Numb=Sing|Mood=Sub|Tense=Pres|Voice=Act|Person=2">habeas</w>                <w xml:id="line.111#w.11" pos="PUNC" lemma="." msd="MORPH=empty">.</w>            </seg>            <seg xml:id="urn:cts:latinLit:phi0119.phi010.perseus-lat2:line.112">                <w xml:id="line.112#w.1" pos="ADV" lemma="pranterhac" msd="Deg=Pos">praÃ©terhac</w>                <w xml:id="line.112#w.2" pos="CONsub" lemma="sui?" msd="MORPH=empty">sÃ­</w>                <w xml:id="line.112#w.3" pos="PROper" lemma="ego" msd="Case=Dat|Numb=Sing">mihi</w>                <w xml:id="line.112#w.4" pos="VER" lemma="telo" msd="Numb=Sing|Mood=Imp|Tense=Pres|Voice=Act|Person=2">tÃ¡le</w>                <w xml:id="line.112#w.5" pos="PRE" lemma="post2" msd="MORPH=empty">post</w>                <w xml:id="line.112#w.6" pos="PROdem" lemma="hic1" msd="Case=Acc|Numb=Sing">hÃºnc</w>                <w xml:id="line.112#w.7" pos="NOM" lemma="dies" msd="Case=Acc|Numb=Sing">diem</w>            </seg>            <seg xml:id="urn:cts:latinLit:phi0119.phi010.perseus-lat2:line.113">                <w xml:id="line.113#w.1" pos="VER" lemma="facio" msd="Numb=Sing|Mood=Ind|Tense=Perf|Voice=Act|Person=2">fÃ¡xis</w>                <w xml:id="line.113#w.2" pos="PUNC" lemma="," msd="MORPH=empty">,</w>                <w xml:id="line.113#w.3" pos="VER" lemma="facio" msd="Numb=Sing|Mood=Ind|Tense=Perf|Voice=Act|Person=1">faxÃ³</w>                <w xml:id="line.113#w.4" pos="ADV" lemma="foris2" msd="Deg=Pos">foris</w>                <w xml:id="line.113#w.5" pos="ADJqua" lemma="urduus" msd="Case=Nom|Numb=Sing|Deg=Pos">vÃ­dua</w>                <w xml:id="line.113#w.6" pos="VER" lemma="uideo" msd="Numb=Sing|Mood=Par|Tense=Perf|Voice=Pass|Person=2">visÃ¡s</w>                <w xml:id="line.113#w.7" pos="NOM" lemma="pater" msd="Case=Acc|Numb=Sing">patrem</w>                <w xml:id="line.113#w.8" pos="PUNC" lemma="." msd="MORPH=empty">.</w>            </seg>            <seg xml:id="urn:cts:latinLit:phi0119.phi010.perseus-lat2:line.114">                <w xml:id="line.114#w.1" pos="ADVint" lemma="nem" msd="MORPH=empty">nÃ¡m</w>                <w xml:id="line.114#w.2" pos="ADVrel" lemma="quotiens1" msd="MORPH=empty">quotiens</w>                <w xml:id="line.114#w.3" pos="ADV" lemma="foras" msd="Deg=Pos">foras</w>                <w xml:id="line.114#w.4" pos="NOM" lemma="pres" msd="Case=Abl|Numb=Sing">Ã­re</w>                <w xml:id="line.114#w.5" pos="VER" lemma="uolo?" msd="Numb=Sing|Mood=Ind|Tense=Pres|Voice=Act|Person=1">volo</w>                <w xml:id="line.114#w.6" pos="PUNC" lemma="," msd="MORPH=empty">,</w>                <w xml:id="line.114#w.7" pos="PROper" lemma="ego" msd="Case=Acc|Numb=Sing">mÃ©</w>                <w xml:id="line.114#w.8" pos="VER" lemma="retineo" msd="Numb=Sing|Mood=Ind|Tense=Pres|Voice=Act|Person=2">retines</w>                <w xml:id="line.114#w.9" pos="PUNC" lemma="," msd="MORPH=empty">,</w>                <w xml:id="line.114#w.10" pos="VER" lemma="reuoco" msd="Numb=Sing|Mood=Ind|Tense=Pres|Voice=Act|Person=2">revocÃ¡s</w>                <w xml:id="line.114#w.11" pos="PUNC" lemma="," msd="MORPH=empty">,</w>                <w xml:id="line.114#w.12" pos="VER" lemma="rogito" msd="Numb=Sing|Mood=Ind|Tense=Pres|Voice=Act|Person=2">rogitas</w>                <w xml:id="line.114#w.13" pos="PUNC" lemma="," msd="MORPH=empty">,</w>            </seg>            <seg xml:id="urn:cts:latinLit:phi0119.phi010.perseus-lat2:line.115">                <w xml:id="line.115#w.1" pos="ADVrel" lemma="qui2" msd="MORPH=empty">quÃ³</w>                <w xml:id="line.115#w.2" pos="PROper" lemma="ego" msd="Case=Nom|Numb=Sing">ego</w>                <w xml:id="line.115#w.3" pos="PROdem" lemma="is" msd="Case=Acc|Numb=Sing">eam</w>                <w xml:id="line.115#w.4" pos="PUNC" lemma="," msd="MORPH=empty">,</w>                <w xml:id="line.115#w.5" pos="CONsub" lemma="qui?" msd="MORPH=empty">quÃ¡m</w>                <w xml:id="line.115#w.6" pos="NOM" lemma="res" msd="Case=Acc|Numb=Sing">rem</w>                <w xml:id="line.115#w.7" pos="VER" lemma="ago" msd="Numb=Sing|Mood=Ind|Tense=Fut|Voice=Act|Person=1">agam</w>                <w xml:id="line.115#w.8" pos="PUNC" lemma="," msd="MORPH=empty">,</w>                <w xml:id="line.115#w.9" pos="PROrel" lemma="qui1" msd="Case=Acc|Numb=Sing">quÃ­d</w>                <w xml:id="line.115#w.10" pos="NOM" lemma="negotium" msd="Case=Ind|Numb=Sing">negotÃ­</w>                <w xml:id="line.115#w.11" pos="VER" lemma="gero" msd="Numb=Sing|Mood=Sub|Tense=Pres|Voice=Act|Person=1">geram</w>                <w xml:id="line.115#w.12" pos="PUNC" lemma="," msd="MORPH=empty">,</w>            </seg>            <seg xml:id="urn:cts:latinLit:phi0119.phi010.perseus-lat2:line.116">                <w xml:id="line.116#w.1" pos="PROrel" lemma="qui1" msd="Case=Acc|Numb=Sing">quÃ­d</w>                <w xml:id="line.116#w.2" pos="VER" lemma="peto" msd="Numb=Sing|Mood=Ind|Tense=Fut|Voice=Act|Person=1">petam</w>                <w xml:id="line.116#w.3" pos="PUNC" lemma="," msd="MORPH=empty">,</w>                <w xml:id="line.116#w.4" pos="PROint" lemma="quis1" msd="Case=Acc|Numb=Sing">quid</w>                <w xml:id="line.116#w.5" pos="VER" lemma="fero" msd="Numb=Sing|Mood=Sub|Tense=Pres|Voice=Act|Person=1">feram</w>                <w xml:id="line.116#w.6" pos="PUNC" lemma="," msd="MORPH=empty">,</w>                <w xml:id="line.116#w.7" pos="PROrel" lemma="qui1" msd="Case=Acc|Numb=Sing">quÃ­d</w>                <w xml:id="line.116#w.8" pos="ADV" lemma="foris2" msd="Deg=Pos">foris</w>                <w xml:id="line.116#w.9" pos="VER" lemma="ago" msd="Numb=Sing|Mood=Sub|Tense=Perf|Voice=Act|Person=1">egerim</w>                <w xml:id="line.116#w.10" pos="PUNC" lemma="." msd="MORPH=empty">.</w>            </seg>            <seg xml:id="urn:cts:latinLit:phi0119.phi010.perseus-lat2:line.117">                <w xml:id="line.117#w.1" pos="NOM" lemma="portitor?" msd="Case=Acc|Numb=Sing">portitorem</w>                <w xml:id="line.117#w.2" pos="NOM" lemma="domus" msd="Case=Acc|Numb=Sing">domum</w>                <w xml:id="line.117#w.3" pos="VER" lemma="duco" msd="Numb=Sing|Mood=Ind|Tense=Perf|Voice=Act|Person=1">duxi</w>                <w xml:id="line.117#w.4" pos="PUNC" lemma="," msd="MORPH=empty">,</w>                <w xml:id="line.117#w.5" pos="ADV" lemma="ita" msd="Deg=Pos">ita</w>                <w xml:id="line.117#w.6" pos="PROind" lemma="omnis" msd="Case=Acc|Numb=Sing">omnem</w>                <w xml:id="line.117#w.7" pos="PROper" lemma="ego" msd="Case=Dat|Numb=Sing">mihi</w>            </seg>            <seg xml:id="urn:cts:latinLit:phi0119.phi010.perseus-lat2:line.118">                <w xml:id="line.118#w.1" pos="NOM" lemma="res" msd="Case=Acc|Numb=Sing">rem</w>                <w xml:id="line.118#w.2" pos="ADJqua" lemma="necesse" msd="Case=Ind|Deg=Pos">necesse</w>                <w xml:id="line.118#w.3" pos="VER" lemma="eloquor" msd="Mood=Inf|Tense=Pres|Voice=Dep">eloqui</w>                <w xml:id="line.118#w.4" pos="VER" lemma="sum1" msd="Numb=Sing|Mood=Ind|Tense=Pres|Voice=Act|Person=3">est</w>                <w xml:id="line.118#w.5" pos="PUNC" lemma="," msd="MORPH=empty">,</w>                <w xml:id="line.118#w.6" pos="PROrel" lemma="quisquis1" msd="Case=Acc|Numb=Sing">quidquid</w>                <w xml:id="line.118#w.7" pos="VER" lemma="ago" msd="Numb=Sing|Mood=Ind|Tense=Perf|Voice=Act|Person=1">egi</w>                <w xml:id="line.118#w.8" pos="CONcoo" lemma="atque1" msd="MORPH=empty">atque</w>                <w xml:id="line.118#w.9" pos="VER" lemma="ago" msd="Numb=Sing|Mood=Ind|Tense=Pres|Voice=Act|Person=1">ago</w>                <w xml:id="line.118#w.10" pos="PUNC" lemma="." msd="MORPH=empty">.</w>            </seg>            <seg xml:id="urn:cts:latinLit:phi0119.phi010.perseus-lat2:line.119">                <w xml:id="line.119#w.1" pos="ADJqua" lemma="nimis" msd="Case=Gen|Numb=Plur|Deg=Pos">nÃ­mium</w>                <w xml:id="line.119#w.2" pos="PROper" lemma="ego" msd="Case=Nom|Numb=Sing">ego</w>                <w xml:id="line.119#w.3" pos="PROper" lemma="tu" msd="Case=Acc|Numb=Sing">te</w>                <w xml:id="line.119#w.4" pos="VER" lemma="habeo" msd="Numb=Sing|Mood=Ind|Tense=Perf|Voice=Act|Person=1">habui</w>                <w xml:id="line.119#w.5" pos="ADJqua" lemma="delicatus2" msd="Case=Acc|Numb=Sing|Deg=Pos|Mood=Par|Tense=Perf|Voice=Pass">dÃ©licatam</w>                <w xml:id="line.119#w.6" pos="PUNC" lemma=";" msd="MORPH=empty">;</w>                <w xml:id="line.119#w.7" pos="ADV" lemma="nenc" msd="Deg=Pos">nÃºnc</w>                <w xml:id="line.119#w.8" pos="ADV" lemma="adeo2" msd="Deg=Pos">adeo</w>                <w xml:id="line.119#w.9" pos="CONsub" lemma="ut4" msd="MORPH=empty">ut</w>                <w xml:id="line.119#w.10" pos="VER" lemma="facio" msd="Case=Nom|Numb=Sing|Mood=Par|Tense=Fut|Voice=Act">factÃºrus</w>                <w xml:id="line.119#w.11" pos="VER" lemma="dico?" msd="Numb=Sing|Mood=Sub|Tense=Pres|Voice=Act|Person=1">dicam</w>                <w xml:id="line.119#w.12" pos="PUNC" lemma="." msd="MORPH=empty">.</w>            </seg>            <seg xml:id="urn:cts:latinLit:phi0119.phi010.perseus-lat2:line.120">                <w xml:id="line.120#w.1" pos="ADVint" lemma="quando2" msd="MORPH=empty">quando</w>                <w xml:id="line.120#w.2" pos="PROper" lemma="ago" msd="Case=Nom|Numb=Sing">Ã©go</w>                <w xml:id="line.120#w.3" pos="PROper" lemma="tu" msd="Case=Dat|Numb=Sing">tibi</w>                <w xml:id="line.120#w.4" pos="NOM" lemma="ancillas" msd="Case=Nom|Numb=Sing">ancillÃ¡s</w>                <w xml:id="line.120#w.5" pos="PUNC" lemma="," msd="MORPH=empty">,</w>                <w xml:id="line.120#w.6" pos="NOM" lemma="penus" msd="Case=Acc|Numb=Sing">penum</w>                <w xml:id="line.120#w.7" pos="PUNC" lemma="," msd="MORPH=empty">,</w>            </seg>            <seg xml:id="urn:cts:latinLit:phi0119.phi010.perseus-lat2:line.121">                <w xml:id="line.121#w.1" pos="NOM" lemma="lana" msd="Case=Acc|Numb=Sing">lanam</w>                <w xml:id="line.121#w.2" pos="PUNC" lemma="," msd="MORPH=empty">,</w>                <w xml:id="line.121#w.3" pos="NOM" lemma="aurum" msd="Case=Acc|Numb=Sing">aurum</w>                <w xml:id="line.121#w.4" pos="PUNC" lemma="," msd="MORPH=empty">,</w>                <w xml:id="line.121#w.5" pos="NOM" lemma="uestis" msd="Case=Acc|Numb=Sing">vestem</w>                <w xml:id="line.121#w.6" pos="PUNC" lemma="," msd="MORPH=empty">,</w>                <w xml:id="line.121#w.7" pos="NOM" lemma="purpura" msd="Case=Acc|Numb=Sing">purpuram</w>                <w xml:id="line.121#w.8" pos="ADV" lemma="bene" msd="Deg=Pos">bene</w>                <w xml:id="line.121#w.9" pos="VER" lemma="praebeo" msd="Numb=Sing|Mood=Ind|Tense=Pres|Voice=Act|Person=1">praebeo</w>                <w xml:id="line.121#w.10" pos="CONcoo" lemma="nec2" msd="MORPH=empty">nec</w>                <w xml:id="line.121#w.11" pos="PROind" lemma="quisquam" msd="Case=Acc|Numb=Sing">quicquam</w>                <w xml:id="line.121#w.12" pos="VER" lemma="egeo" msd="Numb=Sing|Mood=Ind|Tense=Pres|Voice=Act|Person=2">eges</w>                <w xml:id="line.121#w.13" pos="PUNC" lemma="," msd="MORPH=empty">,</w>            </seg>            <seg xml:id="urn:cts:latinLit:phi0119.phi010.perseus-lat2:line.122">                <w xml:id="line.122#w.1" pos="NOM" lemma="malo" msd="Case=Abl|Numb=Sing">malo</w>                <w xml:id="line.122#w.2" pos="VER" lemma="caueo" msd="Numb=Sing|Mood=Ind|Tense=Fut|Voice=Act|Person=2">cavebis</w>                <w xml:id="line.122#w.3" pos="CONsub" lemma="si2" msd="MORPH=empty">si</w>                <w xml:id="line.122#w.4" pos="VER" lemma="sapio" msd="Numb=Sing|Mood=Ind|Tense=Pres|Voice=Act|Person=2">sapis</w>                <w xml:id="line.122#w.5" pos="PUNC" lemma="," msd="MORPH=empty">,</w>                <w xml:id="line.122#w.6" pos="NOM" lemma="uir" msd="Case=Acc|Numb=Sing">virum</w>                <w xml:id="line.122#w.7" pos="VER" lemma="obseruo" msd="Mood=Inf|Tense=Pres|Voice=Act">observare</w>                <w xml:id="line.122#w.8" pos="VER" lemma="desino" msd="Numb=Sing|Mood=Sub|Tense=Pres|Voice=Act|Person=2">desines</w>                <w xml:id="line.122#w.9" pos="PUNC" lemma="." msd="MORPH=empty">.</w>            </seg>            <seg xml:id="urn:cts:latinLit:phi0119.phi010.perseus-lat2:line.123">                <w xml:id="line.123#w.1" pos="CONcoo" lemma="et" msd="MORPH=empty">Ã¡tque</w>                <w xml:id="line.123#w.2" pos="CON" lemma="que" msd="MORPH=empty">Ã¡tque</w>                <w xml:id="line.123#w.3" pos="ADV" lemma="adeo2" msd="Deg=Pos">adeo</w>                <w xml:id="line.123#w.4" pos="PUNC" lemma="," msd="MORPH=empty">,</w>                <w xml:id="line.123#w.5" pos="ADVneg" lemma="ne3" msd="MORPH=empty">ne</w>                <w xml:id="line.123#w.6" pos="PROper" lemma="ego" msd="Case=Acc|Numb=Sing">me</w>                <w xml:id="line.123#w.7" pos="ADV" lemma="nequiquam" msd="Deg=Pos">nequiquam</w>                <w xml:id="line.123#w.8" pos="VER" lemma="seruo" msd="Numb=Sing|Mood=Sub|Tense=Pres|Voice=Act|Person=2">serves</w>                <w xml:id="line.123#w.9" pos="PUNC" lemma="," msd="MORPH=empty">,</w>                <w xml:id="line.123#w.10" pos="PRE" lemma="ob" msd="MORPH=empty">ob</w>                <w xml:id="line.123#w.11" pos="PROdem" lemma="is" msd="Case=Acc|Numb=Sing">eam</w>                <w xml:id="line.123#w.12" pos="NOM" lemma="industria" msd="Case=Acc|Numb=Sing">industriam</w>            </seg>            <seg xml:id="urn:cts:latinLit:phi0119.phi010.perseus-lat2:line.124">                <w xml:id="line.124#w.1" pos="ADV" lemma="hodie" msd="Deg=Pos">hodie</w>                <w xml:id="line.124#w.2" pos="VER" lemma="duco" msd="Numb=Sing|Mood=Ind|Tense=Fut|Voice=Act|Person=1">ducam</w>                <w xml:id="line.124#w.3" pos="NOM" lemma="scortum" msd="Case=Acc|Numb=Sing">scortum</w>                <w xml:id="line.124#w.4" pos="PRE" lemma="ad2" msd="MORPH=empty">ad</w>                <w xml:id="line.124#w.5" pos="NOM" lemma="cena" msd="Case=Acc|Numb=Sing">cenam</w>                <w xml:id="line.124#w.6" pos="CONcoo" lemma="atque1" msd="MORPH=empty">atque</w>                <w xml:id="line.124#w.7" pos="PROind" lemma="aliquo" msd="Numb=Sing">aliquo</w>                <w xml:id="line.124#w.8" pos="VER" lemma="condico2" msd="Numb=Sing|Mood=Ind|Tense=Fut|Voice=Act|Person=1">condicam</w>                <w xml:id="line.124#w.9" pos="ADV" lemma="foras" msd="Deg=Pos">foras</w>                <w xml:id="line.124#w.10" pos="PUNC" lemma="." msd="MORPH=empty">.</w>            </seg>            <seg xml:id="urn:cts:latinLit:phi0119.phi010.perseus-lat2:line.125">                <w xml:id="line.125#w.1" pos="PROdem" lemma="illic1" msd="Case=Nom|Deg=Pos">Illic</w>                <w xml:id="line.125#w.2" pos="NOM" lemma="homo" msd="Case=Nom|Numb=Sing">homo</w>                <w xml:id="line.125#w.3" pos="PROref" lemma="sui1" msd="Case=Acc|Numb=Sing">se</w>                <w xml:id="line.125#w.4" pos="NOM" lemma="uxor" msd="Case=Dat|Numb=Sing">uxori</w>                <w xml:id="line.125#w.5" pos="VER" lemma="simulo" msd="Numb=Sing|Mood=Ind|Tense=Pres|Voice=Act|Person=3">simulat</w>                <w xml:id="line.125#w.6" pos="ADV" lemma="male" msd="Deg=Pos">male</w>                <w xml:id="line.125#w.7" pos="VER" lemma="loquor" msd="Mood=Inf|Tense=Pres|Voice=Dep">loqui</w>                <w xml:id="line.125#w.8" pos="PUNC" lemma="," msd="MORPH=empty">,</w>                <w xml:id="line.125#w.9" pos="VER" lemma="loquor" msd="Numb=Sing|Mood=Ind|Tense=Pres|Voice=Dep|Person=3">loquitur</w>                <w xml:id="line.125#w.10" pos="PROper" lemma="ego" msd="Case=Dat|Numb=Sing">mihi</w>                <w xml:id="line.125#w.11" pos="PUNC" lemma=";" msd="MORPH=empty">;</w>            </seg>            <seg xml:id="urn:cts:latinLit:phi0119.phi010.perseus-lat2:line.126">                <w xml:id="line.126#w.1" pos="CONcoo" lemma="nam" msd="MORPH=empty">nam</w>                <w xml:id="line.126#w.2" pos="CONsub" lemma="si2" msd="MORPH=empty">si</w>                <w xml:id="line.126#w.3" pos="ADV" lemma="foris2" msd="Deg=Pos">foris</w>                <w xml:id="line.126#w.4" pos="VER" lemma="ceno" msd="Numb=Sing|Mood=Ind|Tense=Pres|Voice=Act|Person=3">cenat</w>                <w xml:id="line.126#w.5" pos="PUNC" lemma="," msd="MORPH=empty">,</w>                <w xml:id="line.126#w.6" pos="ADV" lemma="profecto" msd="Deg=Pos">profecto</w>                <w xml:id="line.126#w.7" pos="PROper" lemma="ego" msd="Case=Acc|Numb=Sing">me</w>                <w xml:id="line.126#w.8" pos="PUNC" lemma="," msd="MORPH=empty">,</w>                <w xml:id="line.126#w.9" pos="ADVneg" lemma="haud" msd="MORPH=empty">haud</w>                <w xml:id="line.126#w.10" pos="NOM" lemma="uxor" msd="Case=Acc|Numb=Sing">uxorem</w>                <w xml:id="line.126#w.11" pos="PUNC" lemma="," msd="MORPH=empty">,</w>                <w xml:id="line.126#w.12" pos="VER" lemma="ulciscor" msd="Numb=Sing|Mood=Ind|Tense=Pres|Voice=Dep|Person=3">ulciscitur</w>                <w xml:id="line.126#w.13" pos="PUNC" lemma="." msd="MORPH=empty">.</w>            </seg>            <seg xml:id="urn:cts:latinLit:phi0119.phi010.perseus-lat2:line.127">                <w xml:id="line.127#w.1" pos="INJ" lemma="euax" msd="Numb=Sing">Euax</w>                <w xml:id="line.127#w.2" pos="PUNC" lemma="," msd="MORPH=empty">,</w>                <w xml:id="line.127#w.3" pos="NOM" lemma="iurgium" msd="Case=Abl|Numb=Sing">iurgio</w>                <w xml:id="line.127#w.4" pos="INJ" lemma="hercules" msd="MORPH=empty">hercle</w>                <w xml:id="line.127#w.5" pos="ADV" lemma="tandem" msd="Deg=Pos">tandem</w>                <w xml:id="line.127#w.6" pos="NOM" lemma="uxor" msd="Case=Acc|Numb=Sing">uxorem</w>                <w xml:id="line.127#w.7" pos="VER" lemma="abigo" msd="Numb=Sing|Mood=Ind|Tense=Perf|Voice=Act|Person=1">abegi</w>                <w xml:id="line.127#w.8" pos="PRE" lemma="ab" msd="MORPH=empty">ab</w>                <w xml:id="line.127#w.9" pos="NOM" lemma="ianua" msd="Case=Abl|Numb=Sing">ianua</w>                <w xml:id="line.127#w.10" pos="PUNC" lemma="." msd="MORPH=empty">.</w>            </seg>            <seg xml:id="urn:cts:latinLit:phi0119.phi010.perseus-lat2:line.128">                <w xml:id="line.128#w.1" pos="ADVint" lemma="ubi2" msd="MORPH=empty">ubi</w>                <w xml:id="line.128#w.2" pos="VER" lemma="sum1" msd="Numb=Plur|Mood=Sub|Tense=Pres|Voice=Act|Person=3">sÃºnt</w>                <w xml:id="line.128#w.3" pos="NOM" lemma="amator" msd="Case=Nom|Numb=Plur">amatores</w>                <w xml:id="line.128#w.4" pos="NOM" lemma="maritus?" msd="Case=Nom|Numb=Plur">mariti</w>                <w xml:id="line.128#w.5" pos="PUNC" lemma="?" msd="MORPH=empty">?</w>                <w xml:id="line.128#w.6" pos="NOM" lemma="donum" msd="Case=Acc|Numb=Plur">dona</w>                <w xml:id="line.128#w.7" pos="PROint" lemma="quis1" msd="Case=Acc|Numb=Sing">quid</w>                <w xml:id="line.128#w.8" pos="VER" lemma="cesso" msd="Numb=Plur|Mood=Ind|Tense=Pres|Voice=Act|Person=3">cessant</w>                <w xml:id="line.128#w.9" pos="PROper" lemma="ego" msd="Case=Dat|Numb=Sing">mihi</w>            </seg>            <seg xml:id="urn:cts:latinLit:phi0119.phi010.perseus-lat2:line.129">                <w xml:id="line.129#w.1" pos="VER" lemma="confero" msd="Mood=Inf|Tense=Pres|Voice=Act">confÃ©rre</w>                <w xml:id="line.129#w.2" pos="PROind" lemma="omnis" msd="Case=Nom|Numb=Plur">omnes</w>                <w xml:id="line.129#w.3" pos="VER" lemma="congratulor" msd="Case=Acc|Numb=Plur|Mood=Par|Tense=Pres|Voice=Dep">congratulantes</w>                <w xml:id="line.129#w.4" pos="PUNC" lemma="," msd="MORPH=empty">,</w>                <w xml:id="line.129#w.5" pos="CONsub" lemma="quia" msd="MORPH=empty">quia</w>                <w xml:id="line.129#w.6" pos="VER" lemma="pugno" msd="Numb=Sing|Mood=Ind|Tense=Perf|Voice=Act|Person=1">pugnavi</w>                <w xml:id="line.129#w.7" pos="ADV" lemma="fortiter" msd="Deg=Pos">fortiter</w>                <w xml:id="line.129#w.8" pos="PUNC" lemma="?" msd="MORPH=empty">?</w>            </seg>            <seg xml:id="urn:cts:latinLit:phi0119.phi010.perseus-lat2:line.130">                <w xml:id="line.130#w.1" pos="PROdem" lemma="hic1" msd="Case=Acc|Numb=Sing">hÃ¡nc</w>                <w xml:id="line.130#w.2" pos="ADV" lemma="modo1" msd="Deg=Pos">modo</w>                <w xml:id="line.130#w.3" pos="NOM" lemma="uxor" msd="Case=Dat|Numb=Sing">uxori</w>                <w xml:id="line.130#w.4" pos="ADV" lemma="intus1" msd="Deg=Pos">intus</w>                <w xml:id="line.130#w.5" pos="NOM" lemma="palla" msd="Case=Acc|Numb=Sing">pallam</w>                <w xml:id="line.130#w.6" pos="VER" lemma="surripio" msd="Numb=Sing|Mood=Ind|Tense=Perf|Voice=Act|Person=1">surrupui</w>                <w xml:id="line.130#w.7" pos="PUNC" lemma="," msd="MORPH=empty">,</w>                <w xml:id="line.130#w.8" pos="PRE" lemma="ad2" msd="MORPH=empty">ad</w>                <w xml:id="line.130#w.9" pos="NOM" lemma="scortum" msd="Case=Acc|Numb=Sing">scortum</w>                <w xml:id="line.130#w.10" pos="VER" lemma="fero" msd="Numb=Sing|Mood=Ind|Tense=Pres|Voice=Act|Person=1">fero</w>                <w xml:id="line.130#w.11" pos="PUNC" lemma="." msd="MORPH=empty">.</w>            </seg>            <seg xml:id="urn:cts:latinLit:phi0119.phi010.perseus-lat2:line.131">                <w xml:id="line.131#w.1" pos="ADV" lemma="sic" msd="Deg=Pos">sic</w>                <w xml:id="line.131#w.2" pos="ADV" lemma="hic2" msd="MORPH=empty">hÃ³c</w>                <w xml:id="line.131#w.3" pos="VER" lemma="decet" msd="Numb=Sing|Mood=Ind|Tense=Pres|Voice=Act|Person=3">decet</w>                <w xml:id="line.131#w.4" pos="PUNC" lemma="," msd="MORPH=empty">,</w>                <w xml:id="line.131#w.5" pos="VER" lemma="do" msd="Mood=Inf|Tense=Pres|Voice=Pass">dari</w>                <w xml:id="line.131#w.6" pos="ADV" lemma="facete" msd="Deg=Pos">facete</w>                <w xml:id="line.131#w.7" pos="NOM" lemma="uerbum" msd="Case=Acc|Numb=Plur">verba</w>                <w xml:id="line.131#w.8" pos="NOM" lemma="custos" msd="Case=Dat|Numb=Sing">custodi</w>                <w xml:id="line.131#w.9" pos="VER" lemma="catus" msd="Case=Nom|Numb=Plur|Mood=Par|Tense=Perf|Voice=Pass">catae</w>                <w xml:id="line.131#w.10" pos="PUNC" lemma="." msd="MORPH=empty">.</w>            </seg>            <seg xml:id="urn:cts:latinLit:phi0119.phi010.perseus-lat2:line.132">                <w xml:id="line.132#w.1" pos="PROdem" lemma="hic1" msd="Case=Nom|Numb=Sing">hoc</w>                <w xml:id="line.132#w.2" pos="NOM" lemma="facinus" msd="Case=Nom|Numb=Sing">fÃ¡cinus</w>                <w xml:id="line.132#w.3" pos="ADJqua" lemma="pulcher" msd="Case=Nom|Numb=Sing|Deg=Pos">pulchrumst</w>                <w xml:id="line.132#w.4" pos="VER" lemma="sum1" msd="Numb=Sing|Mood=Ind|Tense=Pres|Voice=Act|Person=3">pulchrumst</w>                <w xml:id="line.132#w.5" pos="PUNC" lemma="," msd="MORPH=empty">,</w>                <w xml:id="line.132#w.6" pos="PROdem" lemma="hic1" msd="Case=Nom|Numb=Sing">hoc</w>                <w xml:id="line.132#w.7" pos="ADJqua" lemma="probus" msd="Case=Nom|Numb=Sing|Deg=Pos">probumst</w>                <w xml:id="line.132#w.8" pos="VER" lemma="sum1" msd="Numb=Sing|Mood=Ind|Tense=Pres|Voice=Act|Person=3">probumst</w>                <w xml:id="line.132#w.9" pos="PUNC" lemma="," msd="MORPH=empty">,</w>                <w xml:id="line.132#w.10" pos="PROdem" lemma="hic1" msd="Case=Nom|Numb=Sing">hoc</w>                <w xml:id="line.132#w.11" pos="ADJqua" lemma="lepidus" msd="Case=Nom|Numb=Sing|Deg=Pos">lepidumst</w>                <w xml:id="line.132#w.12" pos="VER" lemma="sum1" msd="Numb=Sing|Mood=Ind|Tense=Pres|Voice=Act|Person=3">lepidumst</w>                <w xml:id="line.132#w.13" pos="PUNC" lemma="," msd="MORPH=empty">,</w>                <w xml:id="line.132#w.14" pos="PROdem" lemma="hic1" msd="Case=Nom|Numb=Sing">hoc</w>                <w xml:id="line.132#w.15" pos="VER" lemma="facio" msd="Numb=Sing|Mood=Par|Tense=Perf|Voice=Pass">factumst</w>                <w xml:id="line.132#w.16" pos="NOM" lemma="fabre" msd="Case=Abl|Numb=Sing">fabre</w>                <w xml:id="line.132#w.17" pos="PUNC" lemma=":" msd="MORPH=empty">:</w>            </seg>            <seg xml:id="urn:cts:latinLit:phi0119.phi010.perseus-lat2:line.133">                <w xml:id="line.133#w.1" pos="PROpos" lemma="ego" msd="Case=Abl|Numb=Sing">meÃ³</w>                <w xml:id="line.133#w.2" pos="VER" lemma="malum?" msd="Case=Abl|Numb=Sing|Person=1">malo</w>                <w xml:id="line.133#w.3" pos="PRE" lemma="ab" msd="MORPH=empty">a</w>                <w xml:id="line.133#w.4" pos="NOM" lemma="malum?" msd="Case=Abl|Numb=Plur">mala</w>                <w xml:id="line.133#w.5" pos="VER" lemma="aufero" msd="Numb=Sing|Mood=Ind|Tense=Perf|Voice=Act|Person=1">abstuli</w>                <w xml:id="line.133#w.6" pos="PROdem" lemma="hic1" msd="Case=Nom|Numb=Sing">hoc</w>                <w xml:id="line.133#w.7" pos="PUNC" lemma="," msd="MORPH=empty">,</w>                <w xml:id="line.133#w.8" pos="PRE" lemma="ad2" msd="MORPH=empty">ad</w>                <w xml:id="line.133#w.9" pos="NOM" lemma="damnum" msd="Case=Acc|Numb=Sing">damnum</w>                <w xml:id="line.133#w.10" pos="VER" lemma="defero" msd="Numb=Sing|Mood=Ind|Tense=Fut|Voice=Pass|Person=3">deferetur</w>                <w xml:id="line.133#w.11" pos="PUNC" lemma="." msd="MORPH=empty">.</w>            </seg>            <seg xml:id="urn:cts:latinLit:phi0119.phi010.perseus-lat2:line.134">                <w xml:id="line.134#w.1" pos="ADJqua" lemma="auerto" msd="Case=Gen|Numb=Plur|Deg=Pos">avÃ³rti</w>                <w xml:id="line.134#w.2" pos="NOM" lemma="praeda" msd="Case=Acc|Numb=Sing">praedam</w>                <w xml:id="line.134#w.3" pos="PRE" lemma="ab" msd="MORPH=empty">ab</w>                <w xml:id="line.134#w.4" pos="NOM" lemma="hostis" msd="Case=Abl|Numb=Plur">hostibus</w>                <w xml:id="line.134#w.5" pos="PROpos" lemma="nos" msd="Case=Acc|Numb=Sing">nostrum</w>                <w xml:id="line.134#w.6" pos="NOM" lemma="salus" msd="Case=Abl|Numb=Sing">salute</w>                <w xml:id="line.134#w.7" pos="NOM" lemma="socius?" msd="Case=Acc|Numb=Sing">socium</w>                <w xml:id="line.134#w.8" pos="PUNC" lemma="." msd="MORPH=empty">.</w>            </seg>            <seg xml:id="urn:cts:latinLit:phi0119.phi010.perseus-lat2:line.135">                <w xml:id="line.135#w.1" pos="INJ" lemma="hes" msd="Case=Nom|Numb=Sing">HeÃºs</w>                <w xml:id="line.135#w.2" pos="NOM" lemma="adolescens?" msd="Case=Nom|Numb=Sing">adulescens</w>                <w xml:id="line.135#w.3" pos="PUNC" lemma="," msd="MORPH=empty">,</w>                <w xml:id="line.135#w.4" pos="PROint" lemma="ecquis" msd="Case=Nom|Numb=Sing">ecqua</w>                <w xml:id="line.135#w.5" pos="PRE" lemma="in" msd="MORPH=empty">in</w>                <w xml:id="line.135#w.6" pos="PROdem" lemma="istic1" msd="Case=Abl|Numb=Sing">istac</w>                <w xml:id="line.135#w.7" pos="NOM" lemma="pars" msd="Case=Nom|Numb=Sing">pars</w>                <w xml:id="line.135#w.8" pos="VER" lemma="insum1" msd="Numb=Sing|Mood=Ind|Tense=Pres|Voice=Act|Person=3">inest</w>                <w xml:id="line.135#w.9" pos="NOM" lemma="praeda" msd="Case=Nom|Numb=Sing">praeda</w>                <w xml:id="line.135#w.10" pos="PROper" lemma="ego" msd="Case=Dat|Numb=Sing">mihi</w>                <w xml:id="line.135#w.11" pos="PUNC" lemma="?" msd="MORPH=empty">?</w>            </seg>            <seg xml:id="urn:cts:latinLit:phi0119.phi010.perseus-lat2:line.136">                <w xml:id="line.136#w.1" pos="VER" lemma="pereo1" msd="Numb=Sing|Mood=Ind|Tense=Perf|Voice=Act|Person=1">Perii</w>                <w xml:id="line.136#w.2" pos="PUNC" lemma="," msd="MORPH=empty">,</w>                <w xml:id="line.136#w.3" pos="PRE" lemma="in" msd="MORPH=empty">in</w>                <w xml:id="line.136#w.4" pos="NOM" lemma="insidiae" msd="Case=Acc|Numb=Plur">insidias</w>                <w xml:id="line.136#w.5" pos="VER" lemma="deuenio" msd="Numb=Sing|Mood=Ind|Tense=Perf|Voice=Act|Person=1">deveni</w>                <w xml:id="line.136#w.6" pos="PUNC" lemma="." msd="MORPH=empty">.</w>            </seg>            <seg xml:id="urn:cts:latinLit:phi0119.phi010.perseus-lat2:line.136b">                <w xml:id="line.136b#w.1" pos="ADV" lemma="immo" msd="Deg=Pos">Immo</w>                <w xml:id="line.136b#w.2" pos="PRE" lemma="in" msd="MORPH=empty">in</w>                <w xml:id="line.136b#w.3" pos="NOM" lemma="praesidium" msd="Case=Acc|Numb=Sing">praesidium</w>                <w xml:id="line.136b#w.4" pos="PUNC" lemma="," msd="MORPH=empty">,</w>                <w xml:id="line.136b#w.5" pos="ADVneg" lemma="ne3" msd="MORPH=empty">ne</w>                <w xml:id="line.136b#w.6" pos="VER" lemma="timeo" msd="Numb=Sing|Mood=Imp|Tense=Pres|Voice=Act|Person=2">time</w>                <w xml:id="line.136b#w.7" pos="PUNC" lemma="." msd="MORPH=empty">.</w>            </seg>            <seg xml:id="urn:cts:latinLit:phi0119.phi010.perseus-lat2:line.137">                <w xml:id="line.137#w.1" pos="PROint" lemma="quis1" msd="Case=Nom|Numb=Sing">Quis</w>                <w xml:id="line.137#w.2" pos="NOM" lemma="homo" msd="Case=Nom|Numb=Sing">homo</w>                <w xml:id="line.137#w.3" pos="VER" lemma="sum1" msd="Numb=Sing|Mood=Ind|Tense=Pres|Voice=Act|Person=3">est</w>                <w xml:id="line.137#w.4" pos="PUNC" lemma="?" msd="MORPH=empty">?</w>            </seg>            <seg xml:id="urn:cts:latinLit:phi0119.phi010.perseus-lat2:line.137b">                <w xml:id="line.137b#w.1" pos="PROper" lemma="ego" msd="Case=Nom|Numb=Sing">Ego</w>                <w xml:id="line.137b#w.2" pos="VER" lemma="sum1" msd="Numb=Sing|Mood=Ind|Tense=Pres|Voice=Act|Person=1">sum</w>                <w xml:id="line.137b#w.3" pos="PUNC" lemma="." msd="MORPH=empty">.</w>            </seg>            <seg xml:id="urn:cts:latinLit:phi0119.phi010.perseus-lat2:line.137c">                <w xml:id="line.137c#w.1" pos="INJ" lemma="o" msd="MORPH=empty">O</w>                <w xml:id="line.137c#w.2" pos="PROpos" lemma="meus" msd="Case=Voc|Numb=Sing">mea</w>                <w xml:id="line.137c#w.3" pos="NOM" lemma="commoditas" msd="Case=Voc|Numb=Sing">Commoditas</w>                <w xml:id="line.137c#w.4" pos="PUNC" lemma="," msd="MORPH=empty">,</w>                <w xml:id="line.137c#w.5" pos="INJ" lemma="o" msd="MORPH=empty">o</w>                <w xml:id="line.137c#w.6" pos="PROpos" lemma="meus" msd="Case=Voc|Numb=Sing">mea</w>                <w xml:id="line.137c#w.7" pos="NOM" lemma="opportunitas" msd="Case=Nom|Numb=Sing">Opportunitas</w>                <w xml:id="line.137c#w.8" pos="PUNC" lemma="," msd="MORPH=empty">,</w>            </seg>            <seg xml:id="urn:cts:latinLit:phi0119.phi010.perseus-lat2:line.138">                <w xml:id="line.138#w.1" pos="VER" lemma="salueo" msd="Numb=Sing|Mood=Imp|Tense=Pres|Voice=Act|Person=2">salve</w>                <w xml:id="line.138#w.2" pos="PUNC" lemma="." msd="MORPH=empty">.</w>            </seg>            <seg xml:id="urn:cts:latinLit:phi0119.phi010.perseus-lat2:line.138b">                <w xml:id="line.138b#w.1" pos="VER" lemma="salue" msd="Numb=Sing|Mood=Imp|Tense=Pres|Voice=Act|Person=2">Salve</w>                <w xml:id="line.138b#w.2" pos="PUNC" lemma="." msd="MORPH=empty">.</w>            </seg>            <seg xml:id="urn:cts:latinLit:phi0119.phi010.perseus-lat2:line.138c">                <w xml:id="line.138c#w.1" pos="PROint" lemma="quis1" msd="Case=Acc|Numb=Sing">Quid</w>                <w xml:id="line.138c#w.2" pos="VER" lemma="ago" msd="Numb=Sing|Mood=Ind|Tense=Pres|Voice=Act|Person=2">agis</w>                <w xml:id="line.138c#w.3" pos="PUNC" lemma="?" msd="MORPH=empty">?</w>            </seg>            <seg xml:id="urn:cts:latinLit:phi0119.phi010.perseus-lat2:line.138d">                <w xml:id="line.138d#w.1" pos="VER" lemma="teneo" msd="Numb=Sing|Mood=Ind|Tense=Pres|Voice=Act|Person=1">Teneo</w>                <w xml:id="line.138d#w.2" pos="NOM" lemma="dextera" msd="Case=Nom|Numb=Sing">dextera</w>                <w xml:id="line.138d#w.3" pos="NOM" lemma="genius" msd="Case=Acc|Numb=Sing">genium</w>                <w xml:id="line.138d#w.4" pos="PROpos" lemma="meus" msd="Case=Acc|Numb=Sing">meum</w>                <w xml:id="line.138d#w.5" pos="PUNC" lemma="." msd="MORPH=empty">.</w>            </seg>            <seg xml:id="urn:cts:latinLit:phi0119.phi010.perseus-lat2:line.139">                <w xml:id="line.139#w.1" pos="ADVneg" lemma="non" msd="MORPH=empty">Non</w>                <w xml:id="line.139#w.2" pos="VER" lemma="possum1" msd="Numb=Sing|Mood=Ind|Tense=Perf|Voice=Act|Person=2">potuisti</w>                <w xml:id="line.139#w.3" pos="ADV" lemma="magis2" msd="Deg=Comp">magis</w>                <w xml:id="line.139#w.4" pos="PRE" lemma="per" msd="MORPH=empty">per</w>                <w xml:id="line.139#w.5" pos="NOM" lemma="tempus?" msd="Case=Acc|Numb=Sing">tempus</w>                <w xml:id="line.139#w.6" pos="PROper" lemma="ego" msd="Case=Dat|Numb=Sing">mi</w>                <w xml:id="line.139#w.7" pos="VER" lemma="aduenio" msd="Mood=Inf|Tense=Pres|Voice=Act">advenire</w>                <w xml:id="line.139#w.8" pos="ADVrel" lemma="quam1" msd="MORPH=empty">quam</w>                <w xml:id="line.139#w.9" pos="VER" lemma="aduenio" msd="Numb=Sing|Mood=Ind|Tense=Pres|Voice=Act|Person=2">advenis</w>                <w xml:id="line.139#w.10" pos="PUNC" lemma="." msd="MORPH=empty">.</w>            </seg>            <seg xml:id="urn:cts:latinLit:phi0119.phi010.perseus-lat2:line.140">                <w xml:id="line.140#w.1" pos="ADV" lemma="ita" msd="Deg=Pos">Ita</w>                <w xml:id="line.140#w.2" pos="PROper" lemma="ego" msd="Case=Nom|Numb=Sing">ego</w>                <w xml:id="line.140#w.3" pos="VER" lemma="soleo" msd="Numb=Sing|Mood=Ind|Tense=Pres|Voice=SemDep|Person=1">soleo</w>                <w xml:id="line.140#w.4" pos="PUNC" lemma=":" msd="MORPH=empty">:</w>                <w xml:id="line.140#w.5" pos="NOM" lemma="commoditas" msd="Case=Gen|Numb=Sing">commoditatis</w>                <w xml:id="line.140#w.6" pos="PROind" lemma="omnis" msd="Case=Acc|Numb=Sing">omnis</w>                <w xml:id="line.140#w.7" pos="NOM" lemma="articulus" msd="Case=Acc|Numb=Plur">articulos</w>                <w xml:id="line.140#w.8" pos="VER" lemma="scio" msd="Numb=Sing|Mood=Ind|Tense=Pres|Voice=Act|Person=1">scio</w>                <w xml:id="line.140#w.9" pos="PUNC" lemma="." msd="MORPH=empty">.</w>            </seg>            <seg xml:id="urn:cts:latinLit:phi0119.phi010.perseus-lat2:line.141">                <w xml:id="line.141#w.1" pos="VER" lemma="uolo" msd="Numb=Sing|Mood=Ind|Tense=Pres|Voice=Act|Person=2">Vin</w>                <w xml:id="line.141#w.2" pos="ADV" lemma="ne2" msd="MORPH=empty">Vin</w>                <w xml:id="line.141#w.3" pos="PROper" lemma="tu" msd="Case=Nom|Numb=Sing">tu</w>                <w xml:id="line.141#w.4" pos="NOM" lemma="facinus" msd="Case=Acc|Numb=Sing">facinus</w>                <w xml:id="line.141#w.5" pos="ADJqua" lemma="luculentus" msd="Case=Acc|Numb=Sing|Deg=Pos">luculentum</w>                <w xml:id="line.141#w.6" pos="VER" lemma="inspicio" msd="Mood=Inf|Tense=Pres|Voice=Act">inspicere</w>                <w xml:id="line.141#w.7" pos="PUNC" lemma="?" msd="MORPH=empty">?</w>            </seg>            <seg xml:id="urn:cts:latinLit:phi0119.phi010.perseus-lat2:line.141b">                <w xml:id="line.141b#w.1" pos="PROint" lemma="quis1" msd="Case=Nom|Numb=Sing">Quis</w>                <w xml:id="line.141b#w.2" pos="PROdem" lemma="is" msd="Case=Acc|Numb=Sing">id</w>                <w xml:id="line.141b#w.3" pos="VER" lemma="coquo" msd="Numb=Sing|Mood=Ind|Tense=Perf|Voice=Act|Person=3">coxit</w>                <w xml:id="line.141b#w.4" pos="NOM" lemma="coquus" msd="Case=Acc|Numb=Sing">coquos</w>                <w xml:id="line.141b#w.5" pos="PUNC" lemma="?" msd="MORPH=empty">?</w>            </seg>            <seg xml:id="urn:cts:latinLit:phi0119.phi010.perseus-lat2:line.142">                <w xml:id="line.142#w.1" pos="ADV" lemma="iam" msd="Deg=Pos">iam</w>                <w xml:id="line.142#w.2" pos="VER" lemma="scio" msd="Numb=Sing|Mood=Ind|Tense=Fut|Voice=Act|Person=1">sciam</w>                <w xml:id="line.142#w.3" pos="PUNC" lemma="," msd="MORPH=empty">,</w>                <w xml:id="line.142#w.4" pos="CONsub" lemma="si2" msd="MORPH=empty">si</w>                <w xml:id="line.142#w.5" pos="PROind" lemma="quis2" msd="Case=Acc|Numb=Sing">quid</w>                <w xml:id="line.142#w.6" pos="VER" lemma="titubo" msd="Numb=Sing|Mood=Par|Tense=Perf|Voice=Pass">titubatumst</w>                <w xml:id="line.142#w.7" pos="PUNC" lemma="," msd="MORPH=empty">,</w>                <w xml:id="line.142#w.8" pos="CONsub" lemma="ubi3" msd="MORPH=empty">ubi</w>                <w xml:id="line.142#w.9" pos="NOM" lemma="reliquiae" msd="Case=Acc|Numb=Plur">reliquias</w>                <w xml:id="line.142#w.10" pos="VER" lemma="uideo" msd="Numb=Sing|Mood=Ind|Tense=FutAnt|Voice=Act|Person=1">videro</w>                <w xml:id="line.142#w.11" pos="PUNC" lemma="." msd="MORPH=empty">.</w>            </seg>            <seg xml:id="urn:cts:latinLit:phi0119.phi010.perseus-lat2:line.143">                <w xml:id="line.143#w.1" pos="VER" lemma="dico?" msd="Numb=Sing|Mood=Imp|Tense=Pres|Voice=Act|Person=2">Dic</w>                <w xml:id="line.143#w.2" pos="PROper" lemma="ego" msd="Case=Dat|Numb=Sing">mi</w>                <w xml:id="line.143#w.3" pos="PUNC" lemma="," msd="MORPH=empty">,</w>                <w xml:id="line.143#w.4" pos="ADV" lemma="enumquam" msd="MORPH=empty">enumquam</w>                <w xml:id="line.143#w.5" pos="PROper" lemma="tu" msd="Case=Nom|Numb=Sing">tu</w>                <w xml:id="line.143#w.6" pos="VER" lemma="uideo" msd="Numb=Sing|Mood=Ind|Tense=Perf|Voice=Act|Person=2">vidisti</w>                <w xml:id="line.143#w.7" pos="NOM" lemma="tabula" msd="Case=Acc|Numb=Sing">tabulam</w>                <w xml:id="line.143#w.8" pos="VER" lemma="pingo" msd="Case=Acc|Numb=Sing|Mood=Par|Tense=Perf|Voice=Pass">pictam</w>                <w xml:id="line.143#w.9" pos="PRE" lemma="in" msd="MORPH=empty">in</w>                <w xml:id="line.143#w.10" pos="NOM" lemma="paries" msd="Case=Abl|Numb=Sing">pariete</w>                <w xml:id="line.143#w.11" pos="PUNC" lemma="," msd="MORPH=empty">,</w>            </seg>            <seg xml:id="urn:cts:latinLit:phi0119.phi010.perseus-lat2:line.144">                <w xml:id="line.144#w.1" pos="CONsub" lemma="ubi3" msd="MORPH=empty">ubi</w>                <w xml:id="line.144#w.2" pos="NOM" lemma="aquila" msd="Case=Nom|Numb=Sing">aquila</w>                <w xml:id="line.144#w.3" pos="NOM" lemma="catameitum" msd="Case=Acc|Numb=Sing">Catameitum</w>                <w xml:id="line.144#w.4" pos="VER" lemma="rapio" msd="Numb=Sing|Mood=Sub|Tense=Impa|Voice=Act|Person=3">raperet</w>                <w xml:id="line.144#w.5" pos="CONcoo" lemma="aut" msd="MORPH=empty">aut</w>                <w xml:id="line.144#w.6" pos="CONsub" lemma="ubi3" msd="MORPH=empty">ubi</w>                <w xml:id="line.144#w.7" pos="NOM" lemma="uenus1" msd="Case=Nom|Numb=Sing">Venus</w>                <w xml:id="line.144#w.8" pos="ADJqua" lemma="adoneus" msd="Case=Acc|Numb=Sing|Deg=Pos">Adoneum</w>                <w xml:id="line.144#w.9" pos="PUNC" lemma="?" msd="MORPH=empty">?</w>            </seg>            <seg xml:id="urn:cts:latinLit:phi0119.phi010.perseus-lat2:line.145">                <w xml:id="line.145#w.1" pos="ADV" lemma="saepe" msd="Deg=Pos">Saepe</w>                <w xml:id="line.145#w.2" pos="PUNC" lemma="." msd="MORPH=empty">.</w>                <w xml:id="line.145#w.3" pos="CONcoo" lemma="sed" msd="MORPH=empty">sed</w>                <w xml:id="line.145#w.4" pos="PROint" lemma="quis1" msd="Case=Acc|Numb=Sing">quid</w>                <w xml:id="line.145#w.5" pos="PROdem" lemma="iste" msd="Case=Acc|Numb=Plur">istaÃ©</w>                <w xml:id="line.145#w.6" pos="NOM" lemma="pictura" msd="Case=Nom|Numb=Plur">picturae</w>                <w xml:id="line.145#w.7" pos="PRE" lemma="ad2" msd="MORPH=empty">ad</w>                <w xml:id="line.145#w.8" pos="PROper" lemma="ego" msd="Case=Acc|Numb=Sing">me</w>                <w xml:id="line.145#w.9" pos="VER" lemma="attineo" msd="Numb=Plur|Mood=Ind|Tense=Pres|Voice=Act|Person=3">attinent</w>                <w xml:id="line.145#w.10" pos="PUNC" lemma="?" msd="MORPH=empty">?</w>            </seg>            <seg xml:id="urn:cts:latinLit:phi0119.phi010.perseus-lat2:line.145b">                <w xml:id="line.145b#w.1" pos="INJ" lemma="age" msd="MORPH=empty">Age</w>                <w xml:id="line.145b#w.2" pos="PROper" lemma="ego" msd="Case=Acc|Numb=Sing">me</w>                <w xml:id="line.145b#w.3" pos="VER" lemma="aspicio" msd="Numb=Sing|Mood=Imp|Tense=Pres|Voice=Act|Person=2">aspice</w>                <w xml:id="line.145b#w.4" pos="PUNC" lemma="." msd="MORPH=empty">.</w>            </seg>            <seg xml:id="urn:cts:latinLit:phi0119.phi010.perseus-lat2:line.146">                <w xml:id="line.146#w.1" pos="ADVint" lemma="ecquid" msd="Numb=Sing">ecquid</w>                <w xml:id="line.146#w.2" pos="VER" lemma="assimulo" msd="Numb=Sing|Mood=Ind|Tense=Pres|Voice=Act|Person=1">adsimulo</w>                <w xml:id="line.146#w.3" pos="ADV" lemma="similiter" msd="Deg=Pos">similiter</w>                <w xml:id="line.146#w.4" pos="PUNC" lemma="?" msd="MORPH=empty">?</w>            </seg>            <seg xml:id="urn:cts:latinLit:phi0119.phi010.perseus-lat2:line.146b">                <w xml:id="line.146b#w.1" pos="PROint" lemma="quis1" msd="Case=Nom|Numb=Sing">Quis</w>                <w xml:id="line.146b#w.2" pos="PROdem" lemma="iste" msd="Case=Nom|Numb=Sing">istest</w>                <w xml:id="line.146b#w.3" pos="VER" lemma="sum1" msd="Numb=Sing|Mood=Ind|Tense=Pres|Voice=Act|Person=3">istest</w>                <w xml:id="line.146b#w.4" pos="NOM" lemma="ornatus?" msd="Numb=Sing">ornatus</w>                <w xml:id="line.146b#w.5" pos="PROpos" lemma="tuus" msd="Case=Acc|Numb=Plur">tuos</w>                <w xml:id="line.146b#w.6" pos="PUNC" lemma="?" msd="MORPH=empty">?</w>            </seg>            <seg xml:id="urn:cts:latinLit:phi0119.phi010.perseus-lat2:line.147">                <w xml:id="line.147#w.1" pos="VER" lemma="dico?" msd="Numb=Sing|Mood=Imp|Tense=Pres|Voice=Act|Person=2">Dic</w>                <w xml:id="line.147#w.2" pos="NOM" lemma="homo" msd="Case=Acc|Numb=Sing">hominem</w>                <w xml:id="line.147#w.3" pos="ADJqua" lemma="lepidus" msd="Case=Acc|Numb=Sing|Deg=Sup">lepidissimum</w>                <w xml:id="line.147#w.4" pos="VER" lemma="sum1" msd="Mood=Inf|Tense=Pres|Voice=Act">esse</w>                <w xml:id="line.147#w.5" pos="PROper" lemma="ego" msd="Case=Acc|Numb=Sing">me</w>                <w xml:id="line.147#w.6" pos="PUNC" lemma="." msd="MORPH=empty">.</w>            </seg>            <seg xml:id="urn:cts:latinLit:phi0119.phi010.perseus-lat2:line.147b">                <w xml:id="line.147b#w.1" pos="ADVint" lemma="ubi2" msd="MORPH=empty">Vbi</w>                <w xml:id="line.147b#w.2" pos="VER" lemma="edo?" msd="Case=Nom|Numb=Plur|Mood=Par|Tense=Fut|Voice=Act">essuri</w>                <w xml:id="line.147b#w.3" pos="VER" lemma="sum1" msd="Numb=Plur|Mood=Ind|Tense=Pres|Voice=Act|Person=1">sumus</w>                <w xml:id="line.147b#w.4" pos="PUNC" lemma="?" msd="MORPH=empty">?</w>            </seg>            <seg xml:id="urn:cts:latinLit:phi0119.phi010.perseus-lat2:line.148">                <w xml:id="line.148#w.1" pos="VER" lemma="dico?" msd="Numb=Sing|Mood=Imp|Tense=Pres|Voice=Act|Person=2">Dic</w>                <w xml:id="line.148#w.2" pos="ADV" lemma="modo1" msd="Deg=Pos">modo</w>                <w xml:id="line.148#w.3" pos="PROdem" lemma="hic1" msd="Case=Acc|Numb=Sing">hoc</w>                <w xml:id="line.148#w.4" pos="PROrel" lemma="qui1" msd="Case=Acc|Numb=Sing">quod</w>                <w xml:id="line.148#w.5" pos="PROper" lemma="ego" msd="Case=Nom|Numb=Sing">ego</w>                <w xml:id="line.148#w.6" pos="PROper" lemma="tu" msd="Case=Acc|Numb=Sing">te</w>                <w xml:id="line.148#w.7" pos="VER" lemma="iubeo" msd="Numb=Sing|Mood=Ind|Tense=Pres|Voice=Act|Person=1">iubeo</w>                <w xml:id="line.148#w.8" pos="PUNC" lemma="." msd="MORPH=empty">.</w>            </seg>            <seg xml:id="urn:cts:latinLit:phi0119.phi010.perseus-lat2:line.148b">                <w xml:id="line.148b#w.1" pos="VER" lemma="dico?" msd="Numb=Sing|Mood=Ind|Tense=Pres|Voice=Act|Person=1">Dico</w>                <w xml:id="line.148b#w.2" pos="PUNC" lemma=":" msd="MORPH=empty">:</w>                <w xml:id="line.148b#w.3" pos="NOM" lemma="homo" msd="Case=Nom|Numb=Sing">homo</w>                <w xml:id="line.148b#w.4" pos="ADV" lemma="lepidus" msd="Case=Voc|Deg=Sup">lepidissime</w>                <w xml:id="line.148b#w.5" pos="PUNC" lemma="." msd="MORPH=empty">.</w>            </seg>            <seg xml:id="urn:cts:latinLit:phi0119.phi010.perseus-lat2:line.149">                <w xml:id="line.149#w.1" pos="PROint" lemma="ecquis" msd="Numb=Sing">Ecquid</w>                <w xml:id="line.149#w.2" pos="VER" lemma="audeo" msd="Numb=Sing|Mood=Ind|Tense=Pres|Voice=SemDep|Person=2">audes</w>                <w xml:id="line.149#w.3" pos="PRE" lemma="de" msd="MORPH=empty">de</w>                <w xml:id="line.149#w.4" pos="PROpos" lemma="tuum" msd="Case=Abl|Numb=Sing">tuo</w>                <w xml:id="line.149#w.5" pos="PROdem" lemma="istic1" msd="Case=Acc|Numb=Sing">istuc</w>                <w xml:id="line.149#w.6" pos="VER" lemma="addo" msd="Mood=Inf|Tense=Pres|Voice=Act">addere</w>                <w xml:id="line.149#w.7" pos="PUNC" lemma="?" msd="MORPH=empty">?</w>            </seg>            <seg xml:id="urn:cts:latinLit:phi0119.phi010.perseus-lat2:line.149b">                <w xml:id="line.149b#w.1" pos="CONcoo" lemma="atque1" msd="MORPH=empty">Atque</w>                <w xml:id="line.149b#w.2" pos="ADV" lemma="hilariter" msd="Deg=Sup">hilarissime</w>                <w xml:id="line.149b#w.3" pos="PUNC" lemma="." msd="MORPH=empty">.</w>            </seg>            <seg xml:id="urn:cts:latinLit:phi0119.phi010.perseus-lat2:line.150">                <w xml:id="line.150#w.1" pos="VER" lemma="pergo" msd="Numb=Sing|Mood=Imp|Tense=Pres|Voice=Act|Person=2">Perge</w>                <w xml:id="line.150#w.2" pos="ADV" lemma="porro" msd="Deg=Pos">porro</w>                <w xml:id="line.150#w.3" pos="PUNC" lemma="." msd="MORPH=empty">.</w>            </seg>            <seg xml:id="urn:cts:latinLit:phi0119.phi010.perseus-lat2:line.150b">                <w xml:id="line.150b#w.1" pos="ADVneg" lemma="non" msd="MORPH=empty">Non</w>                <w xml:id="line.150b#w.2" pos="VER" lemma="pergo" msd="Numb=Sing|Mood=Ind|Tense=Pres|Voice=Act|Person=1">pergo</w>                <w xml:id="line.150b#w.3" pos="INJ" lemma="hercules" msd="MORPH=empty">hercle</w>                <w xml:id="line.150b#w.4" pos="PUNC" lemma="," msd="MORPH=empty">,</w>                <w xml:id="line.150b#w.5" pos="CONsub" lemma="nisi" msd="MORPH=empty">nisi</w>                <w xml:id="line.150b#w.6" pos="VER" lemma="scio" msd="Numb=Sing|Mood=Ind|Tense=Pres|Voice=Act|Person=1">scio</w>                <w xml:id="line.150b#w.7" pos="PROint" lemma="quis1" msd="Case=Abl|Numb=Sing">qua</w>                <w xml:id="line.150b#w.8" pos="NOM" lemma="gratia" msd="Case=Abl|Numb=Sing">gratia</w>                <w xml:id="line.150b#w.9" pos="PUNC" lemma="." msd="MORPH=empty">.</w>            </seg>            <seg xml:id="urn:cts:latinLit:phi0119.phi010.perseus-lat2:line.151">                <w xml:id="line.151#w.1" pos="NOM" lemma="litigium" msd="Case=Nom|Numb=Sing">litigium</w>                <w xml:id="line.151#w.2" pos="PROper" lemma="tu" msd="Case=Dat|Numb=Sing">tibi</w>                <w xml:id="line.151#w.3" pos="VER" lemma="sum1" msd="Numb=Sing|Mood=Ind|Tense=Pres|Voice=Act|Person=3">est</w>                <w xml:id="line.151#w.4" pos="PRE" lemma="cum2" msd="MORPH=empty">cum</w>                <w xml:id="line.151#w.5" pos="NOM" lemma="uxor" msd="Case=Abl|Numb=Sing">uxore</w>                <w xml:id="line.151#w.6" pos="PUNC" lemma="," msd="MORPH=empty">,</w>                <w xml:id="line.151#w.7" pos="PROdem" lemma="is" msd="Case=Abl|Numb=Sing|Deg=Pos">eo</w>                <w xml:id="line.151#w.8" pos="PROpos" lemma="ego" msd="Case=Voc|Numb=Sing">mi</w>                <w xml:id="line.151#w.9" pos="PRE" lemma="ebs" msd="MORPH=empty">Ã¡bs</w>                <w xml:id="line.151#w.10" pos="PROper" lemma="tu" msd="Case=Abl|Numb=Sing">te</w>                <w xml:id="line.151#w.11" pos="VER" lemma="caueo" msd="Numb=Sing|Mood=Ind|Tense=Pres|Voice=Act|Person=1">caveo</w>                <w xml:id="line.151#w.12" pos="ADV" lemma="caute" msd="Deg=Comp">cautius</w>                <w xml:id="line.151#w.13" pos="PUNC" lemma="." msd="MORPH=empty">.</w>            </seg>            <seg xml:id="urn:cts:latinLit:phi0119.phi010.perseus-lat2:line.152">                <w xml:id="line.152#w.1" pos="ADV" lemma="clam1" msd="Deg=Pos">Clam</w>                <w xml:id="line.152#w.2" pos="NOM" lemma="uxor" msd="Case=Nom|Numb=Sing">uxoremst</w>                <w xml:id="line.152#w.3" pos="CONsub" lemma="ubi3" msd="MORPH=empty">ubi</w>                <w xml:id="line.152#w.4" pos="ADV" lemma="pulchre" msd="Deg=Pos">pulchre</w>                <w xml:id="line.152#w.5" pos="VER" lemma="habeo" msd="Numb=Plur|Mood=Sub|Tense=Pres|Voice=Act|Person=1">habeamus</w>                <w xml:id="line.152#w.6" pos="CONcoo" lemma="atque1" msd="MORPH=empty">atque</w>                <w xml:id="line.152#w.7" pos="PROdem" lemma="hic1" msd="Case=Acc|Numb=Sing">hunc</w>                <w xml:id="line.152#w.8" pos="VER" lemma="comburo" msd="Numb=Plur|Mood=Sub|Tense=Pres|Voice=Act|Person=1">comburamus</w>                <w xml:id="line.152#w.9" pos="NOM" lemma="dies" msd="Case=Acc|Numb=Sing">diem</w>                <w xml:id="line.152#w.10" pos="PUNC" lemma="." msd="MORPH=empty">.</w>            </seg>            <seg xml:id="urn:cts:latinLit:phi0119.phi010.perseus-lat2:line.153">                <w xml:id="line.153#w.1" pos="INJ" lemma="age" msd="MORPH=empty">Age</w>                <w xml:id="line.153#w.2" pos="ADV" lemma="sane" msd="Deg=Pos">sane</w>                <w xml:id="line.153#w.3" pos="CONcoo" lemma="igitur" msd="MORPH=empty">igitur</w>                <w xml:id="line.153#w.4" pos="PUNC" lemma="," msd="MORPH=empty">,</w>                <w xml:id="line.153#w.5" pos="ADVint" lemma="quando2" msd="MORPH=empty">quando</w>                <w xml:id="line.153#w.6" pos="ADJqua" lemma="aequus" msd="Case=Acc|Numb=Sing|Deg=Pos">aequom</w>                <w xml:id="line.153#w.7" pos="VER" lemma="oro" msd="Case=Acc|Numb=Plur|Mood=Ind|Tense=Pres|Voice=Act|Person=2">oras</w>                <w xml:id="line.153#w.8" pos="PUNC" lemma="," msd="MORPH=empty">,</w>                <w xml:id="line.153#w.9" pos="ADVint" lemma="quam2" msd="MORPH=empty">quam</w>                <w xml:id="line.153#w.10" pos="ADV" lemma="mox" msd="Deg=Pos">mox</w>                <w xml:id="line.153#w.11" pos="VER" lemma="incendo" msd="Numb=Sing|Mood=Ind|Tense=Pres|Voice=Act|Person=1">incendo</w>                <w xml:id="line.153#w.12" pos="NOM" lemma="rogus" msd="Case=Acc|Numb=Sing">rogum</w>                <w xml:id="line.153#w.13" pos="PUNC" lemma="?" msd="MORPH=empty">?</w>            </seg>            <seg xml:id="urn:cts:latinLit:phi0119.phi010.perseus-lat2:line.154">                <w xml:id="line.154#w.1" pos="NOM" lemma="dies" msd="Case=Nom|Numb=Sing">dies</w>                <w xml:id="line.154#w.2" pos="ADV" lemma="quidem" msd="Deg=Pos">quidem</w>                <w xml:id="line.154#w.3" pos="ADV" lemma="iam" msd="Deg=Pos">iam</w>                <w xml:id="line.154#w.4" pos="PRE" lemma="ad2" msd="MORPH=empty">ad</w>                <w xml:id="line.154#w.5" pos="NOM" lemma="umbilicus" msd="Case=Acc|Numb=Sing">umbilicum</w>                <w xml:id="line.154#w.6" pos="VER" lemma="sum1" msd="Numb=Sing|Mood=Ind|Tense=Pres|Voice=Act|Person=3">est</w>                <w xml:id="line.154#w.7" pos="VER" lemma="dimidio" msd="Case=Nom|Numb=Sing|Mood=Par|Tense=Perf|Voice=Pass">dimidiatus</w>                <w xml:id="line.154#w.8" pos="VER" lemma="mortuus?" msd="Case=Acc|Numb=Plur|Mood=Par|Tense=Perf|Voice=Dep">mortuos</w>                <w xml:id="line.154#w.9" pos="PUNC" lemma="." msd="MORPH=empty">.</w>            </seg>            <seg xml:id="urn:cts:latinLit:phi0119.phi010.perseus-lat2:line.156">                <w xml:id="line.156#w.1" pos="PROper" lemma="tu" msd="Case=Acc|Numb=Sing">Te</w>                <w xml:id="line.156#w.2" pos="VER" lemma="moror1" msd="Numb=Sing|Mood=Imp|Tense=Pres|Voice=Dep|Person=2">morare</w>                <w xml:id="line.156#w.3" pos="PUNC" lemma="," msd="MORPH=empty">,</w>                <w xml:id="line.156#w.4" pos="PROper" lemma="ego" msd="Case=Dat|Numb=Sing">mihi</w>                <w xml:id="line.156#w.5" pos="CONsub" lemma="cum3" msd="MORPH=empty">quom</w>                <w xml:id="line.156#w.6" pos="VER" lemma="obloquor" msd="Numb=Sing|Mood=Sub|Tense=Pres|Voice=Dep|Person=2">obloquere</w>                <w xml:id="line.156#w.7" pos="PUNC" lemma="." msd="MORPH=empty">.</w>            </seg>            <seg xml:id="urn:cts:latinLit:phi0119.phi010.perseus-lat2:line.156b">                <w xml:id="line.156b#w.1" pos="NOM" lemma="oculus" msd="Case=Acc|Numb=Sing">Oculum</w>                <w xml:id="line.156b#w.2" pos="VER" lemma="effodio" msd="Numb=Sing|Mood=Imp|Tense=Fut|Voice=Act|Person=2">ecfodito</w>                <w xml:id="line.156b#w.3" pos="PRE" lemma="per" msd="MORPH=empty">per</w>                <w xml:id="line.156b#w.4" pos="PROind" lemma="solus" msd="Case=Acc|Numb=Sing">solum</w>            </seg>            <seg xml:id="urn:cts:latinLit:phi0119.phi010.perseus-lat2:line.157">                <w xml:id="line.157#w.1" pos="PROper" lemma="ego" msd="Case=Dat|Numb=Sing">mihi</w>                <w xml:id="line.157#w.2" pos="PUNC" lemma="," msd="MORPH=empty">,</w>                <w xml:id="line.157#w.3" pos="NOM" lemma="menaecher" msd="Case=Abl|Numb=Sing">Menaechme</w>                <w xml:id="line.157#w.4" pos="PUNC" lemma="," msd="MORPH=empty">,</w>                <w xml:id="line.157#w.5" pos="CONsub" lemma="si2" msd="MORPH=empty">si</w>                <w xml:id="line.157#w.6" pos="PROind" lemma="ullus" msd="Case=Acc|Numb=Sing">ullum</w>                <w xml:id="line.157#w.7" pos="NOM" lemma="uerbum" msd="Case=Acc|Numb=Sing">verbum</w>                <w xml:id="line.157#w.8" pos="VER" lemma="facio" msd="Numb=Sing|Mood=Ind|Tense=Fut|Voice=Act|Person=1">faxo</w>                <w xml:id="line.157#w.9" pos="CONsub" lemma="nisi" msd="MORPH=empty">nisi</w>                <w xml:id="line.157#w.10" pos="PROrel" lemma="qui1" msd="Case=Acc|Numb=Sing">quod</w>                <w xml:id="line.157#w.11" pos="VER" lemma="iubeo" msd="Numb=Sing|Mood=Ind|Tense=FutAnt|Voice=Act|Person=2">iusseris</w>                <w xml:id="line.157#w.12" pos="PUNC" lemma="." msd="MORPH=empty">.</w>            </seg>            <seg xml:id="urn:cts:latinLit:phi0119.phi010.perseus-lat2:line.158">                <w xml:id="line.158#w.1" pos="VER" lemma="concedo1" msd="Numb=Sing|Mood=Imp|Tense=Pres|Voice=Act|Person=2">Concede</w>                <w xml:id="line.158#w.2" pos="ADV" lemma="huc" msd="Deg=Pos">huc</w>                <w xml:id="line.158#w.3" pos="PRE" lemma="ab" msd="MORPH=empty">a</w>                <w xml:id="line.158#w.4" pos="NOM" lemma="foris?" msd="Case=Abl|Numb=Plur">foribus</w>                <w xml:id="line.158#w.5" pos="PUNC" lemma="." msd="MORPH=empty">.</w>            </seg>            <seg xml:id="urn:cts:latinLit:phi0119.phi010.perseus-lat2:line.158b">                <w xml:id="line.158b#w.1" pos="VER" lemma="fio" msd="Numb=Sing|Mood=Sub|Tense=Pres|Voice=Act|Person=3">Fiat</w>                <w xml:id="line.158b#w.2" pos="PUNC" lemma="." msd="MORPH=empty">.</w>            </seg>            <seg xml:id="urn:cts:latinLit:phi0119.phi010.perseus-lat2:line.158c">                <w xml:id="line.158c#w.1" pos="ADV" lemma="etiam" msd="Deg=Pos">Etiam</w>                <w xml:id="line.158c#w.2" pos="VER" lemma="concedo1" msd="Numb=Sing|Mood=Imp|Tense=Pres|Voice=Act|Person=2">concede</w>                <w xml:id="line.158c#w.3" pos="ADV" lemma="huc" msd="Deg=Pos">huc</w>                <w xml:id="line.158c#w.4" pos="PUNC" lemma="." msd="MORPH=empty">.</w>            </seg>            <seg xml:id="urn:cts:latinLit:phi0119.phi010.perseus-lat2:line.158d">                <w xml:id="line.158d#w.1" pos="VER" lemma="licet1" msd="Numb=Sing|Mood=Ind|Tense=Pres|Voice=Act|Person=3">Licet</w>                <w xml:id="line.158d#w.2" pos="PUNC" lemma="." msd="MORPH=empty">.</w>            </seg>            <seg xml:id="urn:cts:latinLit:phi0119.phi010.perseus-lat2:line.159">                <w xml:id="line.159#w.1" pos="ADV" lemma="etiam" msd="Deg=Pos">Etiam</w>                <w xml:id="line.159#w.2" pos="ADV" lemma="nunc" msd="Deg=Pos">nunc</w>                <w xml:id="line.159#w.3" pos="VER" lemma="concedo1" msd="Numb=Sing|Mood=Imp|Tense=Pres|Voice=Act|Person=2">concede</w>                <w xml:id="line.159#w.4" pos="ADV" lemma="audaciter" msd="Deg=Pos">audacter</w>                <w xml:id="line.159#w.5" pos="PRE" lemma="ab" msd="MORPH=empty">ab</w>                <w xml:id="line.159#w.6" pos="ADJqua" lemma="leoninus" msd="Case=Abl|Numb=Sing|Deg=Pos">leonino</w>                <w xml:id="line.159#w.7" pos="NOM" lemma="cauus?" msd="Case=Abl|Numb=Sing">cavo</w>                <w xml:id="line.159#w.8" pos="PUNC" lemma="." msd="MORPH=empty">.</w>            </seg>            <seg xml:id="urn:cts:latinLit:phi0119.phi010.perseus-lat2:line.160">                <w xml:id="line.160#w.1" pos="INJ" lemma="eu" msd="MORPH=empty">Eu</w>                <w xml:id="line.160#w.2" pos="INJ" lemma="edepol" msd="MORPH=empty">edepol</w>                <w xml:id="line.160#w.3" pos="CONsub" lemma="ne4" msd="MORPH=empty">ne</w>                <w xml:id="line.160#w.4" pos="PROper" lemma="tu" msd="Case=Nom|Numb=Sing">tu</w>                <w xml:id="line.160#w.5" pos="PUNC" lemma="," msd="MORPH=empty">,</w>                <w xml:id="line.160#w.6" pos="CONsub" lemma="ut4" msd="MORPH=empty">ut</w>                <w xml:id="line.160#w.7" pos="PROper" lemma="ego" msd="Case=Nom|Numb=Sing">ego</w>                <w xml:id="line.160#w.8" pos="VER" lemma="opinor" msd="Numb=Sing|Mood=Ind|Tense=Pres|Voice=Dep|Person=1">opinor</w>                <w xml:id="line.160#w.9" pos="PUNC" lemma="," msd="MORPH=empty">,</w>                <w xml:id="line.160#w.10" pos="VER" lemma="sum1" msd="Numb=Sing|Mood=Sub|Tense=Impa|Voice=Act|Person=2">esses</w>                <w xml:id="line.160#w.11" pos="NOM" lemma="agitator" msd="Case=Nom|Numb=Sing">agitator</w>                <w xml:id="line.160#w.12" pos="ADJqua" lemma="probus" msd="Case=Nom|Numb=Sing|Deg=Pos">probus</w>                <w xml:id="line.160#w.13" pos="PUNC" lemma="." msd="MORPH=empty">.</w>            </seg>            <seg xml:id="urn:cts:latinLit:phi0119.phi010.perseus-lat2:line.161">                <w xml:id="line.161#w.1" pos="PROind" lemma="quidum" msd="Case=Nom|Numb=Sing">Quidum</w>                <w xml:id="line.161#w.2" pos="PUNC" lemma="?" msd="MORPH=empty">?</w>            </seg>            <seg xml:id="urn:cts:latinLit:phi0119.phi010.perseus-lat2:line.161b">                <w xml:id="line.161b#w.1" pos="CONsub" lemma="ne4" msd="MORPH=empty">Ne</w>                <w xml:id="line.161b#w.2" pos="PROper" lemma="tu" msd="Case=Acc|Numb=Sing">te</w>                <w xml:id="line.161b#w.3" pos="NOM" lemma="uxor" msd="Case=Nom|Numb=Sing">uxor</w>                <w xml:id="line.161b#w.4" pos="VER" lemma="sequor" msd="Numb=Sing|Mood=Sub|Tense=Pres|Voice=Dep|Person=3">sequatur</w>                <w xml:id="line.161b#w.5" pos="PUNC" lemma="," msd="MORPH=empty">,</w>                <w xml:id="line.161b#w.6" pos="VER" lemma="respecto" msd="Numb=Sing|Mood=Ind|Tense=Pres|Voice=Act|Person=2">respectas</w>                <w xml:id="line.161b#w.7" pos="ADV" lemma="identidem" msd="Deg=Pos">identidem</w>                <w xml:id="line.161b#w.8" pos="PUNC" lemma="." msd="MORPH=empty">.</w>            </seg>            <seg xml:id="urn:cts:latinLit:phi0119.phi010.perseus-lat2:line.162">                <w xml:id="line.162#w.1" pos="CONcoo" lemma="sed" msd="MORPH=empty">Sed</w>                <w xml:id="line.162#w.2" pos="PROint" lemma="quis1" msd="Case=Acc|Numb=Sing">quid</w>                <w xml:id="line.162#w.3" pos="VER" lemma="aio" msd="Numb=Sing|Mood=Ind|Tense=Pres|Voice=Act|Person=2">ais</w>                <w xml:id="line.162#w.4" pos="PUNC" lemma="?" msd="MORPH=empty">?</w>            </seg>            <seg xml:id="urn:cts:latinLit:phi0119.phi010.perseus-lat2:line.162b">                <w xml:id="line.162b#w.1" pos="PROper" lemma="ego" msd="Case=Nom|Numb=Sing">Egone</w>                <w xml:id="line.162b#w.2" pos="ADV" lemma="ne2" msd="MORPH=empty">Egone</w>                <w xml:id="line.162b#w.3" pos="PUNC" lemma="?" msd="MORPH=empty">?</w>                <w xml:id="line.162b#w.4" pos="PROdem" lemma="is" msd="Case=Nom|Numb=Sing">id</w>                <w xml:id="line.162b#w.5" pos="CONcoo" lemma="enim2" msd="MORPH=empty">enim</w>                <w xml:id="line.162b#w.6" pos="PROrel" lemma="qui1" msd="Case=Acc|Numb=Sing">quod</w>                <w xml:id="line.162b#w.7" pos="PROper" lemma="tu" msd="Case=Nom|Numb=Sing">tu</w>                <w xml:id="line.162b#w.8" pos="VER" lemma="uolo?" msd="Numb=Sing|Mood=Ind|Tense=Pres|Voice=Act|Person=2">vis</w>                <w xml:id="line.162b#w.9" pos="PUNC" lemma="," msd="MORPH=empty">,</w>                <w xml:id="line.162b#w.10" pos="PROdem" lemma="is" msd="Case=Acc|Numb=Sing">id</w>                <w xml:id="line.162b#w.11" pos="VER" lemma="aio" msd="Numb=Sing|Mood=Ind|Tense=Pres|Voice=Act|Person=1">aio</w>                <w xml:id="line.162b#w.12" pos="CONcoo" lemma="atque1" msd="MORPH=empty">atque</w>                <w xml:id="line.162b#w.13" pos="PROdem" lemma="is" msd="Case=Acc|Numb=Sing">id</w>                <w xml:id="line.162b#w.14" pos="VER" lemma="nego" msd="Numb=Sing|Mood=Ind|Tense=Pres|Voice=Act|Person=1">nego</w>                <w xml:id="line.162b#w.15" pos="PUNC" lemma="." msd="MORPH=empty">.</w>            </seg>            <seg xml:id="urn:cts:latinLit:phi0119.phi010.perseus-lat2:line.163">                <w xml:id="line.163#w.1" pos="PROint" lemma="ecquid" msd="Numb=Sing">Ecquid</w>                <w xml:id="line.163#w.2" pos="PROper" lemma="tu" msd="Case=Nom|Numb=Sing">tu</w>                <w xml:id="line.163#w.3" pos="PRE" lemma="de" msd="MORPH=empty">de</w>                <w xml:id="line.163#w.4" pos="NOM" lemma="odor" msd="Case=Abl|Numb=Sing">odore</w>                <w xml:id="line.163#w.5" pos="VER" lemma="possum1" msd="Numb=Sing|Mood=Sub|Tense=Pres|Voice=Act|Person=2">possis</w>                <w xml:id="line.163#w.6" pos="PUNC" lemma="," msd="MORPH=empty">,</w>                <w xml:id="line.163#w.7" pos="CONsub" lemma="si2" msd="MORPH=empty">si</w>                <w xml:id="line.163#w.8" pos="PROind" lemma="quis2" msd="Case=Acc|Numb=Sing">quid</w>                <w xml:id="line.163#w.9" pos="ADV" lemma="forte" msd="Deg=Pos">forte</w>                <w xml:id="line.163#w.10" pos="VER" lemma="olfacio" msd="Numb=Sing|Mood=Sub|Tense=Perf|Voice=Act|Person=2">olfeceris</w>                <w xml:id="line.163#w.11" pos="PUNC" lemma="," msd="MORPH=empty">,</w>            </seg>            <seg xml:id="urn:cts:latinLit:phi0119.phi010.perseus-lat2:line.164">                <w xml:id="line.164#w.1" pos="VER" lemma="facio" msd="Mood=Inf|Tense=Pres|Voice=Act">facere</w>                <w xml:id="line.164#w.2" pos="NOM" lemma="coniectura" msd="Case=Acc|Numb=Sing">coniecturam</w>                <w xml:id="line.164#w.3" pos="PUNC" lemma="?" msd="MORPH=empty">?</w>            </seg>            <seg xml:id="urn:cts:latinLit:phi0119.phi010.perseus-lat2:line.165">                <w xml:id="line.165#w.1" pos="VER" lemma="capio2" msd="Numb=Sing|Mood=Par|Tense=Perf|Voice=Pass">captum</w>                <w xml:id="line.165#w.2" pos="VER" lemma="sum1" msd="Numb=Sing|Mood=Sub|Tense=Pres|Voice=Act|Person=3">sit</w>                <w xml:id="line.165#w.3" pos="NOM" lemma="collegium" msd="Case=Nom|Numb=Sing">collegium</w>                <w xml:id="line.165#w.4" pos="PUNC" lemma="." msd="MORPH=empty">.</w>            </seg>            <seg xml:id="urn:cts:latinLit:phi0119.phi010.perseus-lat2:line.166">                <w xml:id="line.166#w.1" pos="INJ" lemma="agedum" msd="MORPH=empty">Agedum</w>                <w xml:id="line.166#w.2" pos="VER" lemma="odoror" msd="Mood=Imp|Tense=Pres|Voice=Dep">odorare</w>                <w xml:id="line.166#w.3" pos="PROdem" lemma="hic1" msd="Case=Acc|Numb=Sing">hanc</w>                <w xml:id="line.166#w.4" pos="PROrel" lemma="qui1" msd="Case=Acc|Numb=Sing">quam</w>                <w xml:id="line.166#w.5" pos="PROper" lemma="ego" msd="Case=Nom|Numb=Sing">ego</w>                <w xml:id="line.166#w.6" pos="VER" lemma="habeo" msd="Numb=Sing|Mood=Ind|Tense=Pres|Voice=Act|Person=1">habeo</w>                <w xml:id="line.166#w.7" pos="NOM" lemma="palla" msd="Case=Acc|Numb=Sing">pallam</w>                <w xml:id="line.166#w.8" pos="PUNC" lemma="." msd="MORPH=empty">.</w>                <w xml:id="line.166#w.9" pos="PROint" lemma="quis1" msd="Case=Acc|Numb=Sing">quid</w>                <w xml:id="line.166#w.10" pos="VER" lemma="oleo" msd="Numb=Sing|Mood=Ind|Tense=Pres|Voice=Act|Person=3">olet</w>                <w xml:id="line.166#w.11" pos="PUNC" lemma="?" msd="MORPH=empty">?</w>                <w xml:id="line.166#w.12" pos="VER" lemma="abstineo" msd="Numb=Sing|Mood=Ind|Tense=Pres|Voice=Act|Person=2">apstines</w>                <w xml:id="line.166#w.13" pos="PUNC" lemma="?" msd="MORPH=empty">?</w>            </seg>            <seg xml:id="urn:cts:latinLit:phi0119.phi010.perseus-lat2:line.167">                <w xml:id="line.167#w.1" pos="ADJqua" lemma="superus" msd="Case=Acc|Numb=Sing|Deg=Sup">Summum</w>                <w xml:id="line.167#w.2" pos="VER" lemma="olfacto" msd="Mood=Inf|Tense=Pres|Voice=Act">Ã³lfactare</w>                <w xml:id="line.167#w.3" pos="VER" lemma="oportet" msd="Numb=Sing|Mood=Ind|Tense=Pres|Voice=Act|Person=3">oportet</w>                <w xml:id="line.167#w.4" pos="NOM" lemma="uestimentum" msd="Case=Acc|Numb=Sing">vestimentum</w>                <w xml:id="line.167#w.5" pos="ADJqua" lemma="muliebris" msd="Case=Acc|Numb=Sing|Deg=Pos">muliebre</w>                <w xml:id="line.167#w.6" pos="PUNC" lemma="," msd="MORPH=empty">,</w>            </seg>            <seg xml:id="urn:cts:latinLit:phi0119.phi010.perseus-lat2:line.168">                <w xml:id="line.168#w.1" pos="CONcoo" lemma="nam" msd="MORPH=empty">nam</w>                <w xml:id="line.168#w.2" pos="PRE" lemma="ex" msd="MORPH=empty">ex</w>                <w xml:id="line.168#w.3" pos="PROdem" lemma="istic1" msd="Case=Abl|Numb=Sing">istoc</w>                <w xml:id="line.168#w.4" pos="NOM" lemma="locus" msd="Case=Abl|Numb=Sing">loco</w>                <w xml:id="line.168#w.5" pos="VER" lemma="spurco" msd="Numb=Sing|Mood=Ind|Tense=Pres|Voice=Pass|Person=3">spurcatur</w>                <w xml:id="line.168#w.6" pos="NOM" lemma="nasus" msd="Case=Acc|Numb=Sing">nasum</w>                <w xml:id="line.168#w.7" pos="NOM" lemma="odor" msd="Case=Abl|Numb=Sing">odore</w>                <w xml:id="line.168#w.8" pos="PUNC" lemma="â " msd="MORPH=empty">â </w>                <w xml:id="line.168#w.9" pos="ADJqua" lemma="illucidus" msd="Case=Abl|Numb=Sing|Deg=Pos">inlucido</w>                <w xml:id="line.168#w.10" pos="PUNC" lemma="." msd="MORPH=empty">.</w>            </seg>            <seg xml:id="urn:cts:latinLit:phi0119.phi010.perseus-lat2:line.169">                <w xml:id="line.169#w.1" pos="VER" lemma="olfacio" msd="Numb=Sing|Mood=Par|Tense=Perf|Voice=Pass">Olfacta</w>                <w xml:id="line.169#w.2" pos="CONcoo" lemma="igitur" msd="MORPH=empty">igitur</w>                <w xml:id="line.169#w.3" pos="ADV" lemma="hinc" msd="Deg=Pos">hinc</w>                <w xml:id="line.169#w.4" pos="PUNC" lemma="," msd="MORPH=empty">,</w>                <w xml:id="line.169#w.5" pos="NOM" lemma="peniculus" msd="MORPH=empty">Penicule</w>                <w xml:id="line.169#w.6" pos="PUNC" lemma="." msd="MORPH=empty">.</w>                <w xml:id="line.169#w.7" pos="ADV" lemma="lepide" msd="Deg=Pos">lepide</w>                <w xml:id="line.169#w.8" pos="ADVrel" lemma="ut1" msd="MORPH=empty">ut</w>                <w xml:id="line.169#w.9" pos="VER" lemma="fastidio" msd="Numb=Sing|Mood=Ind|Tense=Pres|Voice=Act|Person=2">fastidis</w>                <w xml:id="line.169#w.10" pos="PUNC" lemma="." msd="MORPH=empty">.</w>            </seg>            <seg xml:id="urn:cts:latinLit:phi0119.phi010.perseus-lat2:line.169b">                <w xml:id="line.169b#w.1" pos="VER" lemma="decet" msd="Numb=Sing|Mood=Ind|Tense=Pres|Voice=Act|Person=3">Decet</w>                <w xml:id="line.169b#w.2" pos="PUNC" lemma="." msd="MORPH=empty">.</w>            </seg>            <seg xml:id="urn:cts:latinLit:phi0119.phi010.perseus-lat2:line.170">                <w xml:id="line.170#w.1" pos="PROint" lemma="quis1" msd="Case=Acc|Numb=Sing">Quid</w>                <w xml:id="line.170#w.2" pos="CONcoo" lemma="igitur" msd="MORPH=empty">igitur</w>                <w xml:id="line.170#w.3" pos="PUNC" lemma="?" msd="MORPH=empty">?</w>                <w xml:id="line.170#w.4" pos="PROint" lemma="quis1" msd="Case=Acc|Numb=Sing">quid</w>                <w xml:id="line.170#w.5" pos="VER" lemma="oleo" msd="Numb=Sing|Mood=Ind|Tense=Pres|Voice=Act|Person=3">olet</w>                <w xml:id="line.170#w.6" pos="PUNC" lemma="?" msd="MORPH=empty">?</w>                <w xml:id="line.170#w.7" pos="VER" lemma="respondeo" msd="Numb=Sing|Mood=Imp|Tense=Pres|Voice=Act|Person=2">responde</w>                <w xml:id="line.170#w.8" pos="PUNC" lemma="." msd="MORPH=empty">.</w>            </seg>            <seg xml:id="urn:cts:latinLit:phi0119.phi010.perseus-lat2:line.170b">                <w xml:id="line.170b#w.1" pos="NOM" lemma="furtum" msd="Case=Acc|Numb=Sing">Furtum</w>                <w xml:id="line.170b#w.2" pos="PUNC" lemma="," msd="MORPH=empty">,</w>                <w xml:id="line.170b#w.3" pos="NOM" lemma="scortum" msd="Case=Acc|Numb=Sing">scortum</w>                <w xml:id="line.170b#w.4" pos="PUNC" lemma="," msd="MORPH=empty">,</w>                <w xml:id="line.170b#w.5" pos="NOM" lemma="prandium" msd="Case=Nom|Numb=Sing">prandium</w>                <w xml:id="line.170b#w.6" pos="PUNC" lemma="." msd="MORPH=empty">.</w>            </seg>            <seg xml:id="urn:cts:latinLit:phi0119.phi010.perseus-lat2:line.171">                <w xml:id="line.171#w.1" pos="PROper" lemma="tu" msd="Case=Dat|Numb=Sing">tibi</w>                <w xml:id="line.171#w.2" pos="VER" lemma="sum1" msd="Numb=Plur|Mood=Sub|Tense=Pres|Voice=Act|Person=3">fuant</w>            </seg>            <seg xml:id="urn:cts:latinLit:phi0119.phi010.perseus-lat2:line.172">                <w xml:id="line.172#w.1" pos="VER" lemma="eloquor" msd="Case=Nom|Numb=Sing|Mood=Par|Tense=Perf|Voice=Dep">elocutus</w>                <w xml:id="line.172#w.2" pos="PUNC" lemma="," msd="MORPH=empty">,</w>                <w xml:id="line.172#w.3" pos="CONcoo" lemma="nam" msd="MORPH=empty">nam</w>            </seg>            <seg xml:id="urn:cts:latinLit:phi0119.phi010.perseus-lat2:line.173">                <w xml:id="line.173#w.1" pos="ADV" lemma="nunc" msd="Deg=Pos">nunc</w>                <w xml:id="line.173#w.2" pos="PRE" lemma="ad2" msd="MORPH=empty">ad</w>                <w xml:id="line.173#w.3" pos="NOM" lemma="amica" msd="Case=Acc|Numb=Sing">amicam</w>                <w xml:id="line.173#w.4" pos="VER" lemma="defero" msd="Numb=Sing|Mood=Ind|Tense=Fut|Voice=Pass|Person=3">deferetur</w>                <w xml:id="line.173#w.5" pos="PROdem" lemma="hic1" msd="Case=Acc|Numb=Sing">hanc</w>                <w xml:id="line.173#w.6" pos="NOM" lemma="meretrix" msd="Case=Acc|Numb=Sing">meretricem</w>                <w xml:id="line.173#w.7" pos="NOM" lemma="erotium" msd="Case=Gen|Numb=Plur">Erotium</w>                <w xml:id="line.173#w.8" pos="PUNC" lemma="." msd="MORPH=empty">.</w>            </seg>            <seg xml:id="urn:cts:latinLit:phi0119.phi010.perseus-lat2:line.174">                <w xml:id="line.174#w.1" pos="PROper" lemma="ego" msd="Case=Dat|Numb=Sing">mihi</w>                <w xml:id="line.174#w.2" pos="PUNC" lemma="," msd="MORPH=empty">,</w>                <w xml:id="line.174#w.3" pos="PROper" lemma="tu" msd="Case=Dat|Numb=Sing">tibi</w>                <w xml:id="line.174#w.4" pos="CONcoo" lemma="atque1" msd="MORPH=empty">atque</w>                <w xml:id="line.174#w.5" pos="PROdem" lemma="ille" msd="Case=Dat|Numb=Sing">illi</w>                <w xml:id="line.174#w.6" pos="VER" lemma="iubeo" msd="Numb=Sing|Mood=Ind|Tense=Fut|Voice=Act|Person=1">iubebo</w>                <w xml:id="line.174#w.7" pos="ADV" lemma="iam" msd="Deg=Pos">iam</w>                <w xml:id="line.174#w.8" pos="VER" lemma="apparo2" msd="Mood=Inf|Tense=Pres|Voice=Pass">adparari</w>                <w xml:id="line.174#w.9" pos="NOM" lemma="prandium" msd="Case=Acc|Numb=Sing">prandium</w>                <w xml:id="line.174#w.10" pos="PUNC" lemma="." msd="MORPH=empty">.</w>            </seg>            <seg xml:id="urn:cts:latinLit:phi0119.phi010.perseus-lat2:line.174b">                <w xml:id="line.174b#w.1" pos="INJ" lemma="eu" msd="MORPH=empty">Eu</w>                <w xml:id="line.174b#w.2" pos="PUNC" lemma="." msd="MORPH=empty">.</w>            </seg>            <seg xml:id="urn:cts:latinLit:phi0119.phi010.perseus-lat2:line.175">                <w xml:id="line.175#w.1" pos="ADV" lemma="inde" msd="Deg=Pos">Inde</w>                <w xml:id="line.175#w.2" pos="ADV" lemma="usque" msd="Deg=Pos">usque</w>                <w xml:id="line.175#w.3" pos="PRE" lemma="ad2" msd="MORPH=empty">ad</w>                <w xml:id="line.175#w.4" pos="ADJqua" lemma="diurnus" msd="Case=Acc|Numb=Sing|Deg=Pos">diurnam</w>                <w xml:id="line.175#w.5" pos="NOM" lemma="stella" msd="Case=Acc|Numb=Sing">stellam</w>                <w xml:id="line.175#w.6" pos="ADJqua" lemma="crastinus" msd="Case=Acc|Numb=Sing|Deg=Pos">crastinam</w>                <w xml:id="line.175#w.7" pos="VER" lemma="poto" msd="Numb=Plur|Mood=Ind|Tense=Fut|Voice=Act|Person=1">potabimus</w>                <w xml:id="line.175#w.8" pos="PUNC" lemma="." msd="MORPH=empty">.</w>            </seg>            <seg xml:id="urn:cts:latinLit:phi0119.phi010.perseus-lat2:line.175b">                <w xml:id="line.175b#w.1" pos="INJ" lemma="eu" msd="MORPH=empty">Eu</w>                <w xml:id="line.175b#w.2" pos="PUNC" lemma="," msd="MORPH=empty">,</w>            </seg>            <seg xml:id="urn:cts:latinLit:phi0119.phi010.perseus-lat2:line.176">                <w xml:id="line.176#w.1" pos="ADV" lemma="expedio" msd="Deg=Pos|Mood=Imp|Tense=Pres|Voice=Act|Person=2">expedite</w>                <w xml:id="line.176#w.2" pos="PUNC" lemma="." msd="MORPH=empty">.</w>                <w xml:id="line.176#w.3" pos="ADV" lemma="iam" msd="Deg=Pos">iam</w>                <w xml:id="line.176#w.4" pos="NOM" lemma="foris?" msd="Case=Acc|Numb=Plur">fores</w>                <w xml:id="line.176#w.5" pos="ADJqua" lemma="ferio" msd="Case=Abl|Numb=Sing|Mood=Ind|Tense=Pres|Voice=Act|Person=1">ferio</w>                <w xml:id="line.176#w.6" pos="PUNC" lemma="?" msd="MORPH=empty">?</w>            </seg>            <seg xml:id="urn:cts:latinLit:phi0119.phi010.perseus-lat2:line.176b">                <w xml:id="line.176b#w.1" pos="ADJqua" lemma="ferus2" msd="Case=Nom|Numb=Sing|Deg=Pos">Feri</w>                <w xml:id="line.176b#w.2" pos="PUNC" lemma="." msd="MORPH=empty">.</w>            </seg>            <seg xml:id="urn:cts:latinLit:phi0119.phi010.perseus-lat2:line.177">                <w xml:id="line.177#w.1" pos="CONcoo" lemma="uel2" msd="MORPH=empty">vel</w>                <w xml:id="line.177#w.2" pos="ADV" lemma="mane2" msd="Deg=Pos">mane</w>                <w xml:id="line.177#w.3" pos="ADV" lemma="etiam" msd="Deg=Pos">etiam</w>                <w xml:id="line.177#w.4" pos="PUNC" lemma="." msd="MORPH=empty">.</w>            </seg>            <seg xml:id="urn:cts:latinLit:phi0119.phi010.perseus-lat2:line.177b">                <w xml:id="line.177b#w.1" pos="ADJcar" lemma="mille" msd="Case=Ind">Mille</w>                <w xml:id="line.177b#w.2" pos="NOM" lemma="passum" msd="Numb=Sing">passum</w>                <w xml:id="line.177b#w.3" pos="NOM" lemma="cantha" msd="Case=Gen|Numb=Plur">cantharum</w>                <w xml:id="line.177b#w.4" pos="PUNC" lemma="." msd="MORPH=empty">.</w>            </seg>            <seg xml:id="urn:cts:latinLit:phi0119.phi010.perseus-lat2:line.178">                <w xml:id="line.178#w.1" pos="ADV" lemma="placide" msd="Deg=Pos">Placide</w>                <w xml:id="line.178#w.2" pos="VER" lemma="pulto" msd="Numb=Sing|Mood=Imp|Tense=Pres|Voice=Act|Person=2">pulta</w>                <w xml:id="line.178#w.3" pos="PUNC" lemma="." msd="MORPH=empty">.</w>            </seg>            <seg xml:id="urn:cts:latinLit:phi0119.phi010.perseus-lat2:line.178b">                <w xml:id="line.178b#w.1" pos="VER" lemma="metuo" msd="Numb=Sing|Mood=Ind|Tense=Pres|Voice=Act|Person=2">Metuis</w>                <w xml:id="line.178b#w.2" pos="PUNC" lemma="," msd="MORPH=empty">,</w>                <w xml:id="line.178b#w.3" pos="VER" lemma="credo" msd="Numb=Sing|Mood=Ind|Tense=Pres|Voice=Act|Person=1">credo</w>                <w xml:id="line.178b#w.4" pos="PUNC" lemma="," msd="MORPH=empty">,</w>                <w xml:id="line.178b#w.5" pos="CONsub" lemma="ne4" msd="MORPH=empty">ne</w>                <w xml:id="line.178b#w.6" pos="NOM" lemma="foris?" msd="Case=Nom|Numb=Plur">fores</w>                <w xml:id="line.178b#w.7" pos="NOM" lemma="samia" msd="Case=Nom|Numb=Plur">Samiae</w>                <w xml:id="line.178b#w.8" pos="VER" lemma="sum1" msd="Numb=Plur|Mood=Sub|Tense=Pres|Voice=Act|Person=3">sient</w>                <w xml:id="line.178b#w.9" pos="PUNC" lemma="." msd="MORPH=empty">.</w>            </seg>            <seg xml:id="urn:cts:latinLit:phi0119.phi010.perseus-lat2:line.179">                <w xml:id="line.179#w.1" pos="VER" lemma="maneo" msd="Deg=Pos|Mood=Imp|Tense=Pres|Voice=Act|Person=2">Mane</w>                <w xml:id="line.179#w.2" pos="PUNC" lemma="," msd="MORPH=empty">,</w>                <w xml:id="line.179#w.3" pos="ADV" lemma="maneo" msd="Deg=Pos|Mood=Imp|Tense=Pres|Voice=Act|Person=2">mane</w>                <w xml:id="line.179#w.4" pos="VER" lemma="obsecro" msd="Numb=Sing|Mood=Ind|Tense=Pres|Voice=Act|Person=1">obsecro</w>                <w xml:id="line.179#w.5" pos="INJ" lemma="hercules" msd="MORPH=empty">hercle</w>                <w xml:id="line.179#w.6" pos="PUNC" lemma=":" msd="MORPH=empty">:</w>                <w xml:id="line.179#w.7" pos="PROdem" lemma="ipse" msd="Case=Nom|Numb=Sing">eapse</w>                <w xml:id="line.179#w.8" pos="INJ" lemma="ecce" msd="MORPH=empty">eccam</w>                <w xml:id="line.179#w.9" pos="VER" lemma="exeo1" msd="Numb=Sing|Mood=Ind|Tense=Pres|Voice=Act|Person=3">exit</w>                <w xml:id="line.179#w.10" pos="PUNC" lemma="." msd="MORPH=empty">.</w>                <w xml:id="line.179#w.11" pos="INJ" lemma="oh" msd="MORPH=empty">oh</w>                <w xml:id="line.179#w.12" pos="PUNC" lemma="," msd="MORPH=empty">,</w>                <w xml:id="line.179#w.13" pos="NOM" lemma="sol" msd="Case=Acc|Numb=Sing">solem</w>                <w xml:id="line.179#w.14" pos="VER" lemma="uideo" msd="Numb=Sing|Mood=Ind|Tense=Pres|Voice=Act|Person=2">vides</w>            </seg>            <seg xml:id="urn:cts:latinLit:phi0119.phi010.perseus-lat2:line.181">                <w xml:id="line.181#w.1" pos="ADV" lemma="satis" msd="Deg=Pos">satin</w>                <w xml:id="line.181#w.2" pos="ADV" lemma="ne2" msd="MORPH=empty">satin</w>                <w xml:id="line.181#w.3" pos="CONsub" lemma="ut4" msd="MORPH=empty">ut</w>                <w xml:id="line.181#w.4" pos="VER" lemma="occaeco" msd="Numb=Sing|Mood=Par|Tense=Perf|Voice=Pass">occaecatust</w>                <w xml:id="line.181#w.5" pos="PRE" lemma="prae2" msd="MORPH=empty">prae</w>                <w xml:id="line.181#w.6" pos="PROdem" lemma="hic1" msd="Case=Gen|Numb=Sing">huius</w>                <w xml:id="line.181#w.7" pos="NOM" lemma="corpus" msd="Case=Gen|Numb=Sing">corporis</w>                <w xml:id="line.181#w.8" pos="NOM" lemma="candor" msd="Case=Abl|Numb=Plur">candoribus</w>                <w xml:id="line.181#w.9" pos="PUNC" lemma="?" msd="MORPH=empty">?</w>            </seg>            <seg xml:id="urn:cts:latinLit:phi0119.phi010.perseus-lat2:line.182">                <w xml:id="line.182#w.1" pos="NOM" lemma="animus" msd="Case=Voc|Numb=Sing">Anime</w>                <w xml:id="line.182#w.2" pos="PROper" lemma="ego" msd="Case=Voc|Numb=Sing">mi</w>                <w xml:id="line.182#w.3" pos="PUNC" lemma="," msd="MORPH=empty">,</w>                <w xml:id="line.182#w.4" pos="NOM" lemma="menaechis" msd="Case=Voc|Numb=Sing">Menaechme</w>                <w xml:id="line.182#w.5" pos="PUNC" lemma="," msd="MORPH=empty">,</w>                <w xml:id="line.182#w.6" pos="VER" lemma="salueo" msd="Numb=Sing|Mood=Imp|Tense=Pres|Voice=Act|Person=2">salve</w>                <w xml:id="line.182#w.7" pos="PUNC" lemma="." msd="MORPH=empty">.</w>            </seg>            <seg xml:id="urn:cts:latinLit:phi0119.phi010.perseus-lat2:line.182b">                <w xml:id="line.182b#w.1" pos="PROint" lemma="quis1" msd="Case=Acc|Numb=Sing">Quid</w>                <w xml:id="line.182b#w.2" pos="PROper" lemma="ego" msd="Case=Nom|Numb=Sing">ego</w>                <w xml:id="line.182b#w.3" pos="PUNC" lemma="?" msd="MORPH=empty">?</w>            </seg>            <seg xml:id="urn:cts:latinLit:phi0119.phi010.perseus-lat2:line.182c">                <w xml:id="line.182c#w.1" pos="PRE" lemma="extra2" msd="MORPH=empty">Extra</w>                <w xml:id="line.182c#w.2" pos="NOM" lemma="numerus" msd="Case=Acc|Numb=Sing">numerum</w>                <w xml:id="line.182c#w.3" pos="VER" lemma="sum1" msd="Numb=Sing|Mood=Ind|Tense=Pres|Voice=Act|Person=2">es</w>                <w xml:id="line.182c#w.4" pos="PROper" lemma="ego" msd="Case=Dat|Numb=Sing">mihi</w>                <w xml:id="line.182c#w.5" pos="PUNC" lemma="." msd="MORPH=empty">.</w>            </seg>            <seg xml:id="urn:cts:latinLit:phi0119.phi010.perseus-lat2:line.183">                <w xml:id="line.183#w.1" pos="PROdem" lemma="idem" msd="Case=Nom|Numb=Sing">Idem</w>                <w xml:id="line.183#w.2" pos="PROdem" lemma="istic1" msd="Case=Nom|Numb=Sing">istuc</w>                <w xml:id="line.183#w.3" pos="PROind" lemma="alius" msd="Case=Abl|Numb=Plur">aliis</w>                <w xml:id="line.183#w.4" pos="ADJqua" lemma="ascribtuium" msd="Case=Abl|Numb=Plur|Deg=Pos">adscriptivis</w>                <w xml:id="line.183#w.5" pos="VER" lemma="fio" msd="Mood=Inf|Tense=Pres|Voice=Act">fieri</w>                <w xml:id="line.183#w.6" pos="PRE" lemma="ad2" msd="MORPH=empty">ad</w>                <w xml:id="line.183#w.7" pos="NOM" lemma="legio" msd="Case=Acc|Numb=Sing">legionem</w>                <w xml:id="line.183#w.8" pos="VER" lemma="soleo" msd="Numb=Sing|Mood=Ind|Tense=Pres|Voice=SemDep|Person=3">solet</w>                <w xml:id="line.183#w.9" pos="PUNC" lemma="." msd="MORPH=empty">.</w>            </seg>            <seg xml:id="urn:cts:latinLit:phi0119.phi010.perseus-lat2:line.184">                <w xml:id="line.184#w.1" pos="PROper" lemma="ego" msd="Case=Nom|Numb=Sing">Ego</w>                <w xml:id="line.184#w.2" pos="ADV" lemma="istic2" msd="Deg=Pos">istic</w>                <w xml:id="line.184#w.3" pos="PROper" lemma="ego" msd="Case=Dat|Numb=Sing">mihi</w>                <w xml:id="line.184#w.4" pos="ADV" lemma="hodie" msd="Deg=Pos">hodie</w>                <w xml:id="line.184#w.5" pos="VER" lemma="apparo2" msd="Mood=Inf|Tense=Pres|Voice=Pass">adparari</w>                <w xml:id="line.184#w.6" pos="VER" lemma="iubeo" msd="Numb=Sing|Mood=Ind|Tense=Perf|Voice=Act|Person=1">iussi</w>                <w xml:id="line.184#w.7" pos="PRE" lemma="apud" msd="MORPH=empty">apud</w>                <w xml:id="line.184#w.8" pos="PROper" lemma="tu" msd="Case=Acc|Numb=Sing">te</w>                <w xml:id="line.184#w.9" pos="NOM" lemma="proelium" msd="Case=Acc|Numb=Sing">proelium</w>                <w xml:id="line.184#w.10" pos="PUNC" lemma="." msd="MORPH=empty">.</w>            </seg>            <seg xml:id="urn:cts:latinLit:phi0119.phi010.perseus-lat2:line.186">                <w xml:id="line.186#w.1" pos="ADV" lemma="hodie" msd="Deg=Pos">Hodie</w>                <w xml:id="line.186#w.2" pos="PROdem" lemma="is" msd="Case=Nom|Numb=Sing">id</w>                <w xml:id="line.186#w.3" pos="VER" lemma="fio" msd="Numb=Sing|Mood=Ind|Tense=Fut|Voice=Act|Person=3">fiet</w>                <w xml:id="line.186#w.4" pos="PUNC" lemma="." msd="MORPH=empty">.</w>            </seg>            <seg xml:id="urn:cts:latinLit:phi0119.phi010.perseus-lat2:line.186b">                <w xml:id="line.186b#w.1" pos="PRE" lemma="in" msd="MORPH=empty">In</w>                <w xml:id="line.186b#w.2" pos="PROdem" lemma="is" msd="Case=Abl|Numb=Sing">eo</w>                <w xml:id="line.186b#w.3" pos="PROind" lemma="uterque" msd="Case=Nom|Numb=Sing">uterque</w>                <w xml:id="line.186b#w.4" pos="NOM" lemma="proelium" msd="Case=Abl|Numb=Sing">proelio</w>                <w xml:id="line.186b#w.5" pos="VER" lemma="poto" msd="Numb=Plur|Mood=Ind|Tense=Fut|Voice=Act|Person=1">potabimus</w>                <w xml:id="line.186b#w.6" pos="PUNC" lemma=";" msd="MORPH=empty">;</w>            </seg>            <seg xml:id="urn:cts:latinLit:phi0119.phi010.perseus-lat2:line.187">                <w xml:id="line.187#w.1" pos="PROint" lemma="uter3" msd="Case=Nom|Numb=Sing">uter</w>                <w xml:id="line.187#w.2" pos="ADV" lemma="ibi" msd="Deg=Pos">ibi</w>                <w xml:id="line.187#w.3" pos="ADJqua" lemma="bonus" msd="Case=Nom|Numb=Sing|Deg=Comp">melior</w>                <w xml:id="line.187#w.4" pos="NOM" lemma="bellator" msd="Case=Nom|Numb=Sing">bellator</w>                <w xml:id="line.187#w.5" pos="VER" lemma="sum1" msd="Numb=Sing|Mood=Ind|Tense=Fut|Voice=Act|Person=3">erit</w>                <w xml:id="line.187#w.6" pos="VER" lemma="inuenio" msd="Case=Nom|Numb=Sing|Mood=Par|Tense=Perf|Voice=Pass">inventus</w>                <w xml:id="line.187#w.7" pos="NOM" lemma="cantharus" msd="Case=Abl|Numb=Sing">cantharo</w>                <w xml:id="line.187#w.8" pos="PUNC" lemma="," msd="MORPH=empty">,</w>            </seg>            <seg xml:id="urn:cts:latinLit:phi0119.phi010.perseus-lat2:line.188">                <w xml:id="line.188#w.1" pos="PUNC" lemma="â " msd="MORPH=empty">â </w>                <w xml:id="line.188#w.2" pos="VER" lemma="tueo" msd="Case=Nom|Numb=Sing">tuest</w>                <w xml:id="line.188#w.3" pos="NOM" lemma="legio" msd="Case=Nom|Numb=Sing">legio</w>                <w xml:id="line.188#w.4" pos="VER" lemma="adiudico" msd="Numb=Sing|Mood=Imp|Tense=Fut|Voice=Act|Person=2">adiudicato</w>                <w xml:id="line.188#w.5" pos="PUNC" lemma="," msd="MORPH=empty">,</w>                <w xml:id="line.188#w.6" pos="PRE" lemma="cum2" msd="MORPH=empty">cum</w>                <w xml:id="line.188#w.7" pos="PROint" lemma="uter3" msd="Case=Abl|Numb=Sing">utro</w>                <w xml:id="line.188#w.8" pos="PROdem" lemma="hic1" msd="Case=Acc|Numb=Sing">hanc</w>                <w xml:id="line.188#w.9" pos="NOM" lemma="nox" msd="Case=Acc|Numb=Sing">noctem</w>                <w xml:id="line.188#w.10" pos="VER" lemma="sum1" msd="Numb=Sing|Mood=Sub|Tense=Pres|Voice=Act|Person=2">sies</w>                <w xml:id="line.188#w.11" pos="PUNC" lemma="." msd="MORPH=empty">.</w>            </seg>            <seg xml:id="urn:cts:latinLit:phi0119.phi010.perseus-lat2:line.189">                <w xml:id="line.189#w.1" pos="ADVrel" lemma="ut1" msd="MORPH=empty">ut</w>                <w xml:id="line.189#w.2" pos="PROper" lemma="ego" msd="Case=Nom|Numb=Sing">ego</w>                <w xml:id="line.189#w.3" pos="NOM" lemma="uxor" msd="Case=Acc|Numb=Sing">uxorem</w>                <w xml:id="line.189#w.4" pos="PUNC" lemma="," msd="MORPH=empty">,</w>                <w xml:id="line.189#w.5" pos="PROpos" lemma="meus" msd="Case=Nom|Numb=Sing">mea</w>                <w xml:id="line.189#w.6" pos="NOM" lemma="uoluptas" msd="Case=Nom|Numb=Sing">voluptas</w>                <w xml:id="line.189#w.7" pos="PUNC" lemma="," msd="MORPH=empty">,</w>                <w xml:id="line.189#w.8" pos="CONsub" lemma="ubi3" msd="MORPH=empty">ubi</w>                <w xml:id="line.189#w.9" pos="PROper" lemma="tu" msd="Case=Acc|Numb=Sing">te</w>                <w xml:id="line.189#w.10" pos="VER" lemma="aspicio" msd="Numb=Sing|Mood=Ind|Tense=Pres|Voice=Act|Person=1">aspicio</w>                <w xml:id="line.189#w.11" pos="PUNC" lemma="," msd="MORPH=empty">,</w>                <w xml:id="line.189#w.12" pos="VER" lemma="odi" msd="Numb=Sing|Mood=Ind|Tense=Perf|Voice=Act|Person=1">odi</w>                <w xml:id="line.189#w.13" pos="ADV" lemma="male" msd="Deg=Pos">male</w>                <w xml:id="line.189#w.14" pos="PUNC" lemma="." msd="MORPH=empty">.</w>            </seg>            <seg xml:id="urn:cts:latinLit:phi0119.phi010.perseus-lat2:line.190">                <w xml:id="line.190#w.1" pos="ADV" lemma="interim" msd="Deg=Pos">Interim</w>                <w xml:id="line.190#w.2" pos="VER" lemma="nequeo" msd="Numb=Sing|Mood=Ind|Tense=Pres|Voice=Act|Person=2">nequis</w>                <w xml:id="line.190#w.3" pos="CONsub" lemma="quin2" msd="MORPH=empty">quin</w>                <w xml:id="line.190#w.4" pos="PROdem" lemma="is" msd="Case=Gen|Numb=Sing">eius</w>                <w xml:id="line.190#w.5" pos="PROind" lemma="aliquis" msd="Case=Nom|Numb=Sing">aliquid</w>                <w xml:id="line.190#w.6" pos="VER" lemma="induo" msd="Case=Nom|Numb=Sing|Mood=Par|Tense=Perf|Voice=Pass">indutus</w>                <w xml:id="line.190#w.7" pos="VER" lemma="sum1" msd="Numb=Sing|Mood=Sub|Tense=Pres|Voice=Act|Person=2">sies</w>                <w xml:id="line.190#w.8" pos="PUNC" lemma="." msd="MORPH=empty">.</w>            </seg>            <seg xml:id="urn:cts:latinLit:phi0119.phi010.perseus-lat2:line.191">                <w xml:id="line.191#w.1" pos="PROint" lemma="quis1" msd="Case=Nom|Numb=Sing">quid</w>                <w xml:id="line.191#w.2" pos="PROdem" lemma="hic1" msd="Case=Nom|Numb=Sing">hoc</w>                <w xml:id="line.191#w.3" pos="VER" lemma="sum1" msd="Numb=Sing|Mood=Ind|Tense=Pres|Voice=Act|Person=3">est</w>                <w xml:id="line.191#w.4" pos="PUNC" lemma="?" msd="MORPH=empty">?</w>            </seg>            <seg xml:id="urn:cts:latinLit:phi0119.phi010.perseus-lat2:line.191b">                <w xml:id="line.191b#w.1" pos="NOM" lemma="induuiae" msd="Case=Nom|Numb=Plur">Induviae</w>                <w xml:id="line.191b#w.2" pos="PROpos" lemma="tuus" msd="Case=Dat|Numb=Sing">tuae</w>                <w xml:id="line.191b#w.3" pos="CONcoo" lemma="atque1" msd="MORPH=empty">atque</w>                <w xml:id="line.191b#w.4" pos="NOM" lemma="uxor" msd="Case=Gen|Numb=Sing">uxoris</w>                <w xml:id="line.191b#w.5" pos="NOM" lemma="exuuiae" msd="Case=Gen|Numb=Sing">exuviae</w>                <w xml:id="line.191b#w.6" pos="PUNC" lemma="," msd="MORPH=empty">,</w>                <w xml:id="line.191b#w.7" pos="NOM" lemma="rosa" msd="Case=Abl|Numb=Sing">rosa</w>                <w xml:id="line.191b#w.8" pos="PUNC" lemma="." msd="MORPH=empty">.</w>            </seg>            <seg xml:id="urn:cts:latinLit:phi0119.phi010.perseus-lat2:line.192">                <w xml:id="line.192#w.1" pos="VER" lemma="supero" msd="Numb=Plur|Mood=Ind|Tense=Pres|Voice=Act|Person=2">Superas</w>                <w xml:id="line.192#w.2" pos="ADV" lemma="facile" msd="Deg=Pos">facile</w>                <w xml:id="line.192#w.3" pos="PUNC" lemma="," msd="MORPH=empty">,</w>                <w xml:id="line.192#w.4" pos="CONsub" lemma="ut4" msd="MORPH=empty">ut</w>                <w xml:id="line.192#w.5" pos="ADJqua" lemma="superus" msd="Case=Nom|Numb=Sing|Deg=Comp">superior</w>                <w xml:id="line.192#w.6" pos="VER" lemma="sum1" msd="Numb=Sing|Mood=Sub|Tense=Pres|Voice=Act|Person=2">sis</w>                <w xml:id="line.192#w.7" pos="PROper" lemma="ego" msd="Case=Dat|Numb=Sing">mihi</w>                <w xml:id="line.192#w.8" pos="ADVrel" lemma="quam1" msd="MORPH=empty">quam</w>                <w xml:id="line.192#w.9" pos="PROind" lemma="quisquam" msd="Case=Nom|Numb=Sing">quisquam</w>                <w xml:id="line.192#w.10" pos="PROrel" lemma="qui1" msd="Case=Nom|Numb=Plur">qui</w>                <w xml:id="line.192#w.11" pos="VER" lemma="impetro" msd="Numb=Plur|Mood=Ind|Tense=Pres|Voice=Act|Person=3">impetrant</w>                <w xml:id="line.192#w.12" pos="PUNC" lemma="." msd="MORPH=empty">.</w>            </seg>            <seg xml:id="urn:cts:latinLit:phi0119.phi010.perseus-lat2:line.193">                <w xml:id="line.193#w.1" pos="NOM" lemma="meretrix" msd="Case=Nom|Numb=Sing">Meretrix</w>                <w xml:id="line.193#w.2" pos="ADV" lemma="tantisper" msd="Deg=Pos">tantisper</w>                <w xml:id="line.193#w.3" pos="VER" lemma="blandior" msd="Numb=Sing|Mood=Ind|Tense=Pres|Voice=Dep|Person=3">blanditur</w>                <w xml:id="line.193#w.4" pos="PUNC" lemma="," msd="MORPH=empty">,</w>                <w xml:id="line.193#w.5" pos="CONsub" lemma="dum2" msd="MORPH=empty">dum</w>                <w xml:id="line.193#w.6" pos="PROdem" lemma="ille" msd="Case=Acc|Numb=Sing">illud</w>                <w xml:id="line.193#w.7" pos="PROrel" lemma="qui1" msd="Case=Acc|Numb=Sing">quod</w>                <w xml:id="line.193#w.8" pos="VER" lemma="rapio" msd="Numb=Sing|Mood=Sub|Tense=Pres|Voice=Act|Person=3">rapiat</w>                <w xml:id="line.193#w.9" pos="VER" lemma="uideo" msd="Numb=Sing|Mood=Ind|Tense=Pres|Voice=Act|Person=3">videt</w>                <w xml:id="line.193#w.10" pos="PUNC" lemma=";" msd="MORPH=empty">;</w>            </seg>            <seg xml:id="urn:cts:latinLit:phi0119.phi010.perseus-lat2:line.194">                <w xml:id="line.194#w.1" pos="CONcoo" lemma="nam" msd="MORPH=empty">nam</w>                <w xml:id="line.194#w.2" pos="CONsub" lemma="si2" msd="MORPH=empty">si</w>                <w xml:id="line.194#w.3" pos="VER" lemma="amo" msd="Numb=Sing|Mood=Ind|Tense=Impa|Voice=Act|Person=2">amabas</w>                <w xml:id="line.194#w.4" pos="PUNC" lemma="," msd="MORPH=empty">,</w>                <w xml:id="line.194#w.5" pos="ADV" lemma="is" msd="MORPH=empty">iÃ¡m</w>                <w xml:id="line.194#w.6" pos="VER" lemma="oportet" msd="Numb=Sing|Mood=Ind|Tense=Impa|Voice=Act|Person=3">oportebat</w>                <w xml:id="line.194#w.7" pos="NOM" lemma="nasus" msd="Case=Acc|Numb=Sing">nasum</w>                <w xml:id="line.194#w.8" pos="VER" lemma="abripio" msd="Case=Acc|Numb=Sing|Mood=Par|Tense=Perf|Voice=Pass">abreptum</w>                <w xml:id="line.194#w.9" pos="ADV" lemma="mordicus2" msd="Deg=Pos">mordicus</w>                <w xml:id="line.194#w.10" pos="PUNC" lemma="." msd="MORPH=empty">.</w>            </seg>            <seg xml:id="urn:cts:latinLit:phi0119.phi010.perseus-lat2:line.196">                <w xml:id="line.196#w.1" pos="VER" lemma="sustineo" msd="Numb=Sing|Mood=Imp|Tense=Pres|Voice=Act|Person=2">Sustine</w>                <w xml:id="line.196#w.2" pos="PROdem" lemma="hic1" msd="Case=Acc|Numb=Sing">hoc</w>                <w xml:id="line.196#w.3" pos="PUNC" lemma="," msd="MORPH=empty">,</w>                <w xml:id="line.196#w.4" pos="NOM" lemma="peniculus" msd="Case=Voc">Penicule</w>                <w xml:id="line.196#w.5" pos="PUNC" lemma=":" msd="MORPH=empty">:</w>                <w xml:id="line.196#w.6" pos="NOM" lemma="exuuiae" msd="Case=Acc|Numb=Plur">exuvias</w>                <w xml:id="line.196#w.7" pos="VER" lemma="facio" msd="Mood=Inf|Tense=Pres|Voice=Act">facere</w>                <w xml:id="line.196#w.8" pos="PROrel" lemma="qui1" msd="Case=Acc|Numb=Plur">quas</w>                <w xml:id="line.196#w.9" pos="VER" lemma="uoueo" msd="Numb=Sing|Mood=Ind|Tense=Perf|Voice=Act|Person=1">vovi</w>                <w xml:id="line.196#w.10" pos="VER" lemma="uolo?" msd="Numb=Sing|Mood=Ind|Tense=Pres|Voice=Act|Person=1">volo</w>                <w xml:id="line.196#w.11" pos="PUNC" lemma="." msd="MORPH=empty">.</w>            </seg>            <seg xml:id="urn:cts:latinLit:phi0119.phi010.perseus-lat2:line.197">                <w xml:id="line.197#w.1" pos="INJ" lemma="cedo2" msd="Person=1">Cedo</w>                <w xml:id="line.197#w.2" pos="PUNC" lemma=";" msd="MORPH=empty">;</w>                <w xml:id="line.197#w.3" pos="CONcoo" lemma="sed" msd="MORPH=empty">sed</w>                <w xml:id="line.197#w.4" pos="VER" lemma="obsecro" msd="Numb=Sing|Mood=Ind|Tense=Pres|Voice=Act|Person=1">obsecro</w>                <w xml:id="line.197#w.5" pos="INJ" lemma="hercules" msd="MORPH=empty">hercle</w>                <w xml:id="line.197#w.6" pos="PUNC" lemma="," msd="MORPH=empty">,</w>                <w xml:id="line.197#w.7" pos="ADJqua" lemma="saltus?" msd="Case=Abl|Numb=Plur|Deg=Pos">salta</w>                <w xml:id="line.197#w.8" pos="ADV" lemma="sic" msd="Deg=Pos">sic</w>                <w xml:id="line.197#w.9" pos="PRE" lemma="cum2" msd="MORPH=empty">cum</w>                <w xml:id="line.197#w.10" pos="NOM" lemma="palla" msd="Case=Abl|Numb=Sing">palla</w>                <w xml:id="line.197#w.11" pos="ADV" lemma="postea" msd="Deg=Pos">postea</w>                <w xml:id="line.197#w.12" pos="PUNC" lemma="." msd="MORPH=empty">.</w>            </seg>            <seg xml:id="urn:cts:latinLit:phi0119.phi010.perseus-lat2:line.198">                <w xml:id="line.198#w.1" pos="PROper" lemma="ego" msd="Case=Nom|Numb=Sing">Ego</w>                <w xml:id="line.198#w.2" pos="VER" lemma="salto" msd="Numb=Sing|Mood=Ind|Tense=Fut|Voice=Act|Person=1">saltabo</w>                <w xml:id="line.198#w.3" pos="PUNC" lemma="?" msd="MORPH=empty">?</w>                <w xml:id="line.198#w.4" pos="ADJqua" lemma="sanus" msd="Case=Nom|Numb=Sing|Deg=Pos">sanus</w>                <w xml:id="line.198#w.5" pos="INJ" lemma="hercules" msd="MORPH=empty">hercle</w>                <w xml:id="line.198#w.6" pos="ADVneg" lemma="non" msd="MORPH=empty">non</w>                <w xml:id="line.198#w.7" pos="VER" lemma="sum1" msd="Numb=Sing|Mood=Ind|Tense=Pres|Voice=Act|Person=2">es</w>                <w xml:id="line.198#w.8" pos="PUNC" lemma="." msd="MORPH=empty">.</w>            </seg>            <seg xml:id="urn:cts:latinLit:phi0119.phi010.perseus-lat2:line.198b">                <w xml:id="line.198b#w.1" pos="PROper" lemma="ego" msd="Case=Nom|Numb=Sing">Egone</w>                <w xml:id="line.198b#w.2" pos="ADV" lemma="ne2" msd="MORPH=empty">Egone</w>                <w xml:id="line.198b#w.3" pos="ADVint" lemma="an" msd="MORPH=empty">an</w>                <w xml:id="line.198b#w.4" pos="PROper" lemma="tu" msd="Case=Nom|Numb=Sing">tu</w>                <w xml:id="line.198b#w.5" pos="ADV" lemma="magis2" msd="Deg=Comp">magis</w>                <w xml:id="line.198b#w.6" pos="PUNC" lemma="?" msd="MORPH=empty">?</w>            </seg>            <seg xml:id="urn:cts:latinLit:phi0119.phi010.perseus-lat2:line.199">                <w xml:id="line.199#w.1" pos="CONsub" lemma="si2" msd="MORPH=empty">si</w>                <w xml:id="line.199#w.2" pos="ADVneg" lemma="non" msd="MORPH=empty">non</w>                <w xml:id="line.199#w.3" pos="VER" lemma="salto" msd="Numb=Plur|Mood=Ind|Tense=Pres|Voice=Act|Person=2">saltas</w>                <w xml:id="line.199#w.4" pos="PUNC" lemma="," msd="MORPH=empty">,</w>                <w xml:id="line.199#w.5" pos="VER" lemma="exuo" msd="Numb=Sing|Mood=Imp|Tense=Pres|Voice=Act|Person=2">exue</w>                <w xml:id="line.199#w.6" pos="CONcoo" lemma="igitur" msd="MORPH=empty">igitur</w>                <w xml:id="line.199#w.7" pos="PUNC" lemma="." msd="MORPH=empty">.</w>            </seg>            <seg xml:id="urn:cts:latinLit:phi0119.phi010.perseus-lat2:line.199b">                <w xml:id="line.199b#w.1" pos="ADJqua" lemma="nimio" msd="Numb=Sing|Deg=Pos">Nimio</w>                <w xml:id="line.199b#w.2" pos="PROper" lemma="ego" msd="Case=Nom|Numb=Sing">ego</w>                <w xml:id="line.199b#w.3" pos="PROdem" lemma="hic1" msd="Case=Acc|Numb=Sing">hanc</w>                <w xml:id="line.199b#w.4" pos="NOM" lemma="periculum" msd="Case=Abl|Numb=Sing">periculo</w>            </seg>            <seg xml:id="urn:cts:latinLit:phi0119.phi010.perseus-lat2:line.200">                <w xml:id="line.200#w.1" pos="VER" lemma="surripio" msd="Numb=Sing|Mood=Ind|Tense=Perf|Voice=Act|Person=1">surrupui</w>                <w xml:id="line.200#w.2" pos="ADV" lemma="hodie" msd="Deg=Pos">hodie</w>                <w xml:id="line.200#w.3" pos="PUNC" lemma="." msd="MORPH=empty">.</w>                <w xml:id="line.200#w.4" pos="PROpos" lemma="meus" msd="Case=Abl|Numb=Sing">meo</w>                <w xml:id="line.200#w.5" pos="ADV" lemma="quidem" msd="Deg=Pos">quidem</w>                <w xml:id="line.200#w.6" pos="NOM" lemma="animus" msd="Case=Abl|Numb=Sing">animo</w>                <w xml:id="line.200#w.7" pos="PRE" lemma="ab" msd="MORPH=empty">ab</w>                <w xml:id="line.200#w.8" pos="NOM" lemma="hippolyta" msd="Case=Abl|Numb=Sing">Hippolyta</w>                <w xml:id="line.200#w.9" pos="NOM" lemma="subcingulum" msd="Case=Acc|Numb=Sing">subcingulum</w>            </seg>            <seg xml:id="urn:cts:latinLit:phi0119.phi010.perseus-lat2:line.201">                <w xml:id="line.201#w.1" pos="INJ" lemma="hercules" msd="MORPH=empty">Hercules</w>                <w xml:id="line.201#w.2" pos="ADVneg" lemma="haud" msd="MORPH=empty">haud</w>                <w xml:id="line.201#w.3" pos="ADV" lemma="aeque" msd="Deg=Pos">aeque</w>                <w xml:id="line.201#w.4" pos="ADJqua" lemma="magnus" msd="Case=Abl|Numb=Sing|Deg=Pos">magno</w>                <w xml:id="line.201#w.5" pos="ADV" lemma="umquam" msd="Deg=Pos">umquam</w>                <w xml:id="line.201#w.6" pos="VER" lemma="aufero" msd="Numb=Sing|Mood=Ind|Tense=Perf|Voice=Act|Person=3">abstulit</w>                <w xml:id="line.201#w.7" pos="NOM" lemma="periculum" msd="Case=Abl|Numb=Sing">periculo</w>                <w xml:id="line.201#w.8" pos="PUNC" lemma="." msd="MORPH=empty">.</w>            </seg>            <seg xml:id="urn:cts:latinLit:phi0119.phi010.perseus-lat2:line.202">                <w xml:id="line.202#w.1" pos="VER" lemma="capio2" msd="Numb=Sing|Mood=Imp|Tense=Pres|Voice=Act|Person=2">cape</w>                <w xml:id="line.202#w.2" pos="PROper" lemma="tu" msd="Case=Dat|Numb=Sing">tibi</w>                <w xml:id="line.202#w.3" pos="PROdem" lemma="hic1" msd="Case=Acc|Numb=Sing">hanc</w>                <w xml:id="line.202#w.4" pos="PUNC" lemma="," msd="MORPH=empty">,</w>                <w xml:id="line.202#w.5" pos="ADVint" lemma="quando2" msd="MORPH=empty">quando</w>                <w xml:id="line.202#w.6" pos="ADV" lemma="una" msd="Numb=Sing">una</w>                <w xml:id="line.202#w.7" pos="VER" lemma="uiuo" msd="Numb=Sing|Mood=Ind|Tense=Pres|Voice=Act|Person=2">vivis</w>                <w xml:id="line.202#w.8" pos="PROpos" lemma="meus" msd="Case=Abl|Numb=Plur">meis</w>                <w xml:id="line.202#w.9" pos="ADJqua" lemma="morigerus" msd="Case=Nom|Numb=Sing|Deg=Pos">morigera</w>                <w xml:id="line.202#w.10" pos="NOM" lemma="mos" msd="Case=Abl|Numb=Plur">moribus</w>                <w xml:id="line.202#w.11" pos="PUNC" lemma="." msd="MORPH=empty">.</w>            </seg>            <seg xml:id="urn:cts:latinLit:phi0119.phi010.perseus-lat2:line.203">                <w xml:id="line.203#w.1" pos="PROdem" lemma="hic1" msd="Case=Abl|Numb=Sing">Hoc</w>                <w xml:id="line.203#w.2" pos="NOM" lemma="animus" msd="Case=Abl|Numb=Sing">animo</w>                <w xml:id="line.203#w.3" pos="VER" lemma="decet" msd="Numb=Sing|Mood=Ind|Tense=Pres|Voice=Act|Person=3">decet</w>                <w xml:id="line.203#w.4" pos="ADJqua" lemma="animatus" msd="Case=Acc|Numb=Plur|Deg=Pos">animatos</w>                <w xml:id="line.203#w.5" pos="VER" lemma="sum1" msd="Mood=Inf|Tense=Pres|Voice=Act">esse</w>                <w xml:id="line.203#w.6" pos="NOM" lemma="amator" msd="Case=Acc|Numb=Plur">amatores</w>                <w xml:id="line.203#w.7" pos="ADJqua" lemma="probus" msd="Case=Acc|Numb=Plur|Deg=Pos">probos</w>                <w xml:id="line.203#w.8" pos="PUNC" lemma="." msd="MORPH=empty">.</w>            </seg>            <seg xml:id="urn:cts:latinLit:phi0119.phi010.perseus-lat2:line.204">                <w xml:id="line.204#w.1" pos="PROrel" lemma="qui1" msd="Case=Nom|Numb=Plur">Qui</w>                <w xml:id="line.204#w.2" pos="ADV" lemma="quidem" msd="Deg=Pos">quidem</w>                <w xml:id="line.204#w.3" pos="PRE" lemma="ad2" msd="MORPH=empty">ad</w>                <w xml:id="line.204#w.4" pos="NOM" lemma="mendicitas" msd="Case=Acc|Numb=Sing">mendicitatem</w>                <w xml:id="line.204#w.5" pos="PROref" lemma="sui1" msd="Case=Acc|Numb=Sing">se</w>                <w xml:id="line.204#w.6" pos="VER" lemma="propero" msd="Numb=Plur|Mood=Sub|Tense=Pres|Voice=Act|Person=3">properent</w>                <w xml:id="line.204#w.7" pos="VER" lemma="detrudo" msd="Mood=Inf|Tense=Pres|Voice=Act">detrudere</w>                <w xml:id="line.204#w.8" pos="PUNC" lemma="." msd="MORPH=empty">.</w>            </seg>            <seg xml:id="urn:cts:latinLit:phi0119.phi010.perseus-lat2:line.205">                <w xml:id="line.205#w.1" pos="ADJcar" lemma="quatuor" msd="Case=Ind">Quattuor</w>                <w xml:id="line.205#w.2" pos="NOM" lemma="minae" msd="Case=Abl|Numb=Plur">minis</w>                <w xml:id="line.205#w.3" pos="PROper" lemma="ego" msd="Case=Nom|Numb=Sing">ego</w>                <w xml:id="line.205#w.4" pos="VER" lemma="emo" msd="Numb=Sing|Mood=Ind|Tense=Perf|Voice=Act|Person=1">emi</w>                <w xml:id="line.205#w.5" pos="PROdem" lemma="istic1" msd="Case=Acc|Numb=Sing">istanc</w>                <w xml:id="line.205#w.6" pos="NOM" lemma="annus" msd="Case=Abl|Numb=Sing">anno</w>                <w xml:id="line.205#w.7" pos="NOM" lemma="uxor" msd="Case=Dat|Numb=Sing">uxori</w>                <w xml:id="line.205#w.8" pos="PROpos" lemma="meus" msd="Case=Dat|Numb=Sing">meae</w>                <w xml:id="line.205#w.9" pos="PUNC" lemma="." msd="MORPH=empty">.</w>            </seg>            <seg xml:id="urn:cts:latinLit:phi0119.phi010.perseus-lat2:line.206">                <w xml:id="line.206#w.1" pos="ADJcar" lemma="quatuor" msd="Case=Ind">Quattuor</w>                <w xml:id="line.206#w.2" pos="NOM" lemma="minae" msd="Case=Nom|Numb=Plur">minae</w>                <w xml:id="line.206#w.3" pos="VER" lemma="pereo1" msd="Numb=Plur|Mood=Ind|Tense=Perf|Voice=Act|Person=3">perierunt</w>                <w xml:id="line.206#w.4" pos="ADV" lemma="plane" msd="Deg=Pos">plane</w>                <w xml:id="line.206#w.5" pos="PUNC" lemma="," msd="MORPH=empty">,</w>                <w xml:id="line.206#w.6" pos="ADVrel" lemma="ut1" msd="MORPH=empty">ut</w>                <w xml:id="line.206#w.7" pos="NOM" lemma="ratio" msd="Case=Nom|Numb=Sing">ratio</w>                <w xml:id="line.206#w.8" pos="VER" lemma="reddo" msd="Numb=Sing|Mood=Ind|Tense=Pres|Voice=Pass|Person=3">redditur</w>                <w xml:id="line.206#w.9" pos="PUNC" lemma="." msd="MORPH=empty">.</w>            </seg>            <seg xml:id="urn:cts:latinLit:phi0119.phi010.perseus-lat2:line.207">                <w xml:id="line.207#w.1" pos="VER" lemma="scio" msd="Numb=Sing|Mood=Ind|Tense=Pres|Voice=Act|Person=2">Scin</w>                <w xml:id="line.207#w.2" pos="ADV" lemma="ne2" msd="MORPH=empty">Scin</w>                <w xml:id="line.207#w.3" pos="PROint" lemma="quis1" msd="Case=Acc|Numb=Sing">quid</w>                <w xml:id="line.207#w.4" pos="VER" lemma="uolo?" msd="Numb=Sing|Mood=Ind|Tense=Pres|Voice=Act|Person=1">volo</w>                <w xml:id="line.207#w.5" pos="PROper" lemma="ego" msd="Case=Nom|Numb=Sing">ego</w>                <w xml:id="line.207#w.6" pos="PROper" lemma="tu" msd="Case=Acc|Numb=Sing">te</w>                <w xml:id="line.207#w.7" pos="VER" lemma="accuro" msd="Mood=Inf|Tense=Pres|Voice=Act">accurare</w>                <w xml:id="line.207#w.8" pos="PUNC" lemma="?" msd="MORPH=empty">?</w>            </seg>            <seg xml:id="urn:cts:latinLit:phi0119.phi010.perseus-lat2:line.207b">                <w xml:id="line.207b#w.1" pos="VER" lemma="scio" msd="Numb=Sing|Mood=Ind|Tense=Pres|Voice=Act|Person=1">Scio</w>                <w xml:id="line.207b#w.2" pos="PUNC" lemma="," msd="MORPH=empty">,</w>                <w xml:id="line.207b#w.3" pos="VER" lemma="curo" msd="Numb=Sing|Mood=Ind|Tense=Fut|Voice=Act|Person=1">curabo</w>                <w xml:id="line.207b#w.4" pos="PROrel" lemma="qui1" msd="Case=Acc|Numb=Plur">quae</w>                <w xml:id="line.207b#w.5" pos="VER" lemma="uolo?" msd="Numb=Sing|Mood=Ind|Tense=Fut|Voice=Act|Person=2">voles</w>                <w xml:id="line.207b#w.6" pos="PUNC" lemma="." msd="MORPH=empty">.</w>            </seg>            <seg xml:id="urn:cts:latinLit:phi0119.phi010.perseus-lat2:line.208">                <w xml:id="line.208#w.1" pos="VER" lemma="iubeo" msd="Numb=Sing|Mood=Imp|Tense=Pres|Voice=Act|Person=2">Iube</w>                <w xml:id="line.208#w.2" pos="CONcoo" lemma="igitur" msd="MORPH=empty">igitur</w>                <w xml:id="line.208#w.3" pos="ADJcar" lemma="tres" msd="Case=Dat|Numb=Plur">tribus</w>                <w xml:id="line.208#w.4" pos="NOM" lemma="nubes" msd="Case=Acc|Numb=Plur">nÃ³bis</w>                <w xml:id="line.208#w.5" pos="PRE" lemma="apud" msd="MORPH=empty">apud</w>                <w xml:id="line.208#w.6" pos="PROper" lemma="tu" msd="Case=Acc|Numb=Sing">te</w>                <w xml:id="line.208#w.7" pos="NOM" lemma="prandium" msd="Case=Acc|Numb=Sing">prandium</w>                <w xml:id="line.208#w.8" pos="VER" lemma="accuro" msd="Mood=Inf|Tense=Pres|Voice=Pass">accurarier</w>            </seg>            <seg xml:id="urn:cts:latinLit:phi0119.phi010.perseus-lat2:line.209">                <w xml:id="line.209#w.1" pos="CONcoo" lemma="atque1" msd="MORPH=empty">atque</w>                <w xml:id="line.209#w.2" pos="PROind" lemma="aliquis" msd="Case=Acc|Numb=Sing">aliquid</w>                <w xml:id="line.209#w.3" pos="NOM" lemma="scitamentum" msd="Case=Gen|Numb=Plur">scitamentorum</w>                <w xml:id="line.209#w.4" pos="PRE" lemma="de" msd="MORPH=empty">de</w>                <w xml:id="line.209#w.5" pos="NOM" lemma="forum?" msd="Case=Abl|Numb=Sing">foro</w>                <w xml:id="line.209#w.6" pos="VER" lemma="obsono1" msd="Mood=Inf|Tense=Pres|Voice=Pass">opsonarier</w>                <w xml:id="line.209#w.7" pos="PUNC" lemma="," msd="MORPH=empty">,</w>            </seg>            <seg xml:id="urn:cts:latinLit:phi0119.phi010.perseus-lat2:line.210">                <w xml:id="line.210#w.1" pos="NOM" lemma="glandion" msd="Case=Acc|Numb=Sing">glandionidam</w>                <w xml:id="line.210#w.2" pos="ADJqua" lemma="suillus" msd="Case=Acc|Numb=Sing|Deg=Pos">suillam</w>                <w xml:id="line.210#w.3" pos="PUNC" lemma="," msd="MORPH=empty">,</w>                <w xml:id="line.210#w.4" pos="NOM" lemma="lardum" msd="Case=Acc|Numb=Sing">laridum</w>                <w xml:id="line.210#w.5" pos="ADJqua" lemma="pernonidus" msd="Case=Acc|Numb=Sing|Deg=Pos">pernonidam</w>                <w xml:id="line.210#w.6" pos="PUNC" lemma="," msd="MORPH=empty">,</w>            </seg>            <seg xml:id="urn:cts:latinLit:phi0119.phi010.perseus-lat2:line.211">                <w xml:id="line.211#w.1" pos="CONcoo" lemma="aut" msd="MORPH=empty">aut</w>                <w xml:id="line.211#w.2" pos="NOM" lemma="sincipitamentum" msd="Case=Acc|Numb=Plur">sincipitamenta</w>                <w xml:id="line.211#w.3" pos="ADJqua" lemma="porcinus" msd="Case=Nom|Numb=Sing|Deg=Pos">porcina</w>                <w xml:id="line.211#w.4" pos="CONcoo" lemma="aut" msd="MORPH=empty">aut</w>                <w xml:id="line.211#w.5" pos="PROind" lemma="aliquis" msd="Case=Acc|Numb=Sing">aliquid</w>                <w xml:id="line.211#w.6" pos="PRE" lemma="ad2" msd="MORPH=empty">ad</w>                <w xml:id="line.211#w.7" pos="PROdem" lemma="is" msd="Case=Acc|Numb=Sing">eum</w>                <w xml:id="line.211#w.8" pos="NOM" lemma="modus" msd="Case=Acc|Numb=Sing">modum</w>                <w xml:id="line.211#w.9" pos="PUNC" lemma="," msd="MORPH=empty">,</w>            </seg>            <seg xml:id="urn:cts:latinLit:phi0119.phi010.perseus-lat2:line.212">                <w xml:id="line.212#w.1" pos="ADJqua" lemma="madidus" msd="Case=Abl|Numb=Plur|Deg=Pos">madida</w>                <w xml:id="line.212#w.2" pos="PROrel" lemma="qui1" msd="Case=Nom|Numb=Plur">quae</w>                <w xml:id="line.212#w.3" pos="PROper" lemma="ego" msd="Case=Dat|Numb=Sing">mi</w>                <w xml:id="line.212#w.4" pos="VER" lemma="appono" msd="Numb=Sing|Mood=Par|Tense=Perf|Voice=Pass">adposita</w>                <w xml:id="line.212#w.5" pos="PRE" lemma="in" msd="MORPH=empty">in</w>                <w xml:id="line.212#w.6" pos="NOM" lemma="mensa" msd="Case=Abl|Numb=Sing">mensa</w>                <w xml:id="line.212#w.7" pos="NOM" lemma="miluina" msd="Case=Acc|Numb=Sing">miluinam</w>                <w xml:id="line.212#w.8" pos="VER" lemma="suggero" msd="Numb=Plur|Mood=Ind|Tense=Pres|Voice=Act|Person=3">suggerant</w>                <w xml:id="line.212#w.9" pos="PUNC" lemma=";" msd="MORPH=empty">;</w>            </seg>            <seg xml:id="urn:cts:latinLit:phi0119.phi010.perseus-lat2:line.213">                <w xml:id="line.213#w.1" pos="CONcoo" lemma="atque1" msd="MORPH=empty">atque</w>                <w xml:id="line.213#w.2" pos="ADV" lemma="actutum" msd="Deg=Pos">actutum</w>                <w xml:id="line.213#w.3" pos="PUNC" lemma="." msd="MORPH=empty">.</w>            </seg>            <seg xml:id="urn:cts:latinLit:phi0119.phi010.perseus-lat2:line.213b">                <w xml:id="line.213b#w.1" pos="VER" lemma="licet1" msd="Numb=Sing|Mood=Ind|Tense=Pres|Voice=Act|Person=3">Licet</w>                <w xml:id="line.213b#w.2" pos="INJ" lemma="ecastor" msd="MORPH=empty">ecastor</w>                <w xml:id="line.213b#w.3" pos="PUNC" lemma="." msd="MORPH=empty">.</w>            </seg>            <seg xml:id="urn:cts:latinLit:phi0119.phi010.perseus-lat2:line.213c">                <w xml:id="line.213c#w.1" pos="PROper" lemma="nos" msd="Case=Nom|Numb=Plur">Nos</w>                <w xml:id="line.213c#w.2" pos="VER" lemma="prodo" msd="Numb=Plur|Mood=Ind|Tense=Pres|Voice=Act|Person=1">prodimus</w>                <w xml:id="line.213c#w.3" pos="PRE" lemma="ad2" msd="MORPH=empty">ad</w>                <w xml:id="line.213c#w.4" pos="NOM" lemma="forum?" msd="Case=Acc|Numb=Sing">forum</w>                <w xml:id="line.213c#w.5" pos="PUNC" lemma="." msd="MORPH=empty">.</w>            </seg>            <seg xml:id="urn:cts:latinLit:phi0119.phi010.perseus-lat2:line.214">                <w xml:id="line.214#w.1" pos="ADV" lemma="iam" msd="Deg=Pos">iam</w>                <w xml:id="line.214#w.2" pos="ADV" lemma="hic2" msd="Numb=Sing">hic</w>                <w xml:id="line.214#w.3" pos="PROper" lemma="nos" msd="Case=Nom|Numb=Plur">nos</w>                <w xml:id="line.214#w.4" pos="VER" lemma="sum1" msd="Numb=Plur|Mood=Ind|Tense=Fut|Voice=Act|Person=1">erimus</w>                <w xml:id="line.214#w.5" pos="PUNC" lemma=":" msd="MORPH=empty">:</w>                <w xml:id="line.214#w.6" pos="CONsub" lemma="dum2" msd="MORPH=empty">dum</w>                <w xml:id="line.214#w.7" pos="VER" lemma="coquo" msd="Numb=Sing|Mood=Ind|Tense=Fut|Voice=Pass|Person=3">coquetur</w>                <w xml:id="line.214#w.8" pos="PUNC" lemma="," msd="MORPH=empty">,</w>                <w xml:id="line.214#w.9" pos="ADV" lemma="interim" msd="Deg=Pos">interim</w>                <w xml:id="line.214#w.10" pos="VER" lemma="poto" msd="Numb=Plur|Mood=Ind|Tense=Fut|Voice=Act|Person=1">potabimus</w>                <w xml:id="line.214#w.11" pos="PUNC" lemma="." msd="MORPH=empty">.</w>            </seg>            <seg xml:id="urn:cts:latinLit:phi0119.phi010.perseus-lat2:line.215">                <w xml:id="line.215#w.1" pos="ADVint" lemma="quando2" msd="MORPH=empty">Quando</w>                <w xml:id="line.215#w.2" pos="VER" lemma="uolo?" msd="Numb=Sing|Mood=Ind|Tense=Pres|Voice=Act|Person=2">vis</w>                <w xml:id="line.215#w.3" pos="VER" lemma="uenio" msd="Numb=Sing|Mood=Imp|Tense=Pres|Voice=Act|Person=2">veni</w>                <w xml:id="line.215#w.4" pos="PUNC" lemma="," msd="MORPH=empty">,</w>                <w xml:id="line.215#w.5" pos="ADJqua" lemma="paratus2" msd="Case=Nom|Numb=Sing|Deg=Pos">parata</w>                <w xml:id="line.215#w.6" pos="NOM" lemma="res" msd="Case=Nom|Numb=Sing">res</w>                <w xml:id="line.215#w.7" pos="VER" lemma="sum1" msd="Numb=Sing|Mood=Ind|Tense=Fut|Voice=Act|Person=3">erit</w>                <w xml:id="line.215#w.8" pos="PUNC" lemma="." msd="MORPH=empty">.</w>            </seg>            <seg xml:id="urn:cts:latinLit:phi0119.phi010.perseus-lat2:line.215b">                <w xml:id="line.215b#w.1" pos="VER" lemma="propero" msd="Numb=Sing|Mood=Imp|Tense=Pres|Voice=Act|Person=2">Propera</w>                <w xml:id="line.215b#w.2" pos="ADV" lemma="modo1" msd="Deg=Pos">modo</w>                <w xml:id="line.215b#w.3" pos="PUNC" lemma="." msd="MORPH=empty">.</w>            </seg>            <seg xml:id="urn:cts:latinLit:phi0119.phi010.perseus-lat2:line.216">                <w xml:id="line.216#w.1" pos="VER" lemma="sequor" msd="Numb=Sing|Mood=Imp|Tense=Pres|Voice=Dep|Person=2">sequere</w>                <w xml:id="line.216#w.2" pos="PROper" lemma="tu" msd="Case=Nom|Numb=Sing">tu</w>                <w xml:id="line.216#w.3" pos="PUNC" lemma="." msd="MORPH=empty">.</w>                <w xml:id="line.216#w.4" pos="PUNC" lemma="â" msd="MORPH=empty">â</w>            </seg>            <seg xml:id="urn:cts:latinLit:phi0119.phi010.perseus-lat2:line.216b">                <w xml:id="line.216b#w.1" pos="PROper" lemma="ego" msd="Case=Nom|Numb=Sing">Ego</w>                <w xml:id="line.216b#w.2" pos="INJ" lemma="hercules" msd="MORPH=empty">hercle</w>                <w xml:id="line.216b#w.3" pos="CONcoo" lemma="uero4" msd="MORPH=empty">vero</w>                <w xml:id="line.216b#w.4" pos="PROper" lemma="tu" msd="Case=Acc|Numb=Sing">te</w>                <w xml:id="line.216b#w.5" pos="CONcoo" lemma="et2" msd="MORPH=empty">et</w>                <w xml:id="line.216b#w.6" pos="VER" lemma="seruo" msd="Numb=Sing|Mood=Ind|Tense=Fut|Voice=Act|Person=1">servabo</w>                <w xml:id="line.216b#w.7" pos="CONcoo" lemma="et2" msd="MORPH=empty">et</w>                <w xml:id="line.216b#w.8" pos="PROper" lemma="tu" msd="Case=Acc|Numb=Sing">te</w>                <w xml:id="line.216b#w.9" pos="VER" lemma="sequor" msd="Numb=Sing|Mood=Ind|Tense=Fut|Voice=Dep|Person=1">sequar</w>                <w xml:id="line.216b#w.10" pos="PUNC" lemma="," msd="MORPH=empty">,</w>            </seg>            <seg xml:id="urn:cts:latinLit:phi0119.phi010.perseus-lat2:line.217">                <w xml:id="line.217#w.1" pos="CONcoo" lemma="neque" msd="MORPH=empty">neque</w>                <w xml:id="line.217#w.2" pos="ADV" lemma="hodie" msd="Deg=Pos">hodie</w>                <w xml:id="line.217#w.3" pos="CONsub" lemma="ut4" msd="MORPH=empty">ut</w>                <w xml:id="line.217#w.4" pos="PROper" lemma="tu" msd="Case=Acc|Numb=Sing">te</w>                <w xml:id="line.217#w.5" pos="VER" lemma="perdo" msd="Numb=Sing|Mood=Sub|Tense=Pres|Voice=Act|Person=1">perdam</w>                <w xml:id="line.217#w.6" pos="PUNC" lemma="," msd="MORPH=empty">,</w>                <w xml:id="line.217#w.7" pos="VER" lemma="mereo" msd="Numb=Sing|Mood=Sub|Tense=Pres|Voice=Act|Person=1">meream</w>                <w xml:id="line.217#w.8" pos="NOM" lemma="deus" msd="Case=Gen|Numb=Plur">deorum</w>                <w xml:id="line.217#w.9" pos="NOM" lemma="diuitiae" msd="Case=Acc|Numb=Plur">divitias</w>                <w xml:id="line.217#w.10" pos="PROper" lemma="ego" msd="Case=Dat|Numb=Sing">mihi</w>                <w xml:id="line.217#w.11" pos="PUNC" lemma="." msd="MORPH=empty">.</w>                <w xml:id="line.217#w.12" pos="PUNC" lemma="â" msd="MORPH=empty">â</w>            </seg>            <seg xml:id="urn:cts:latinLit:phi0119.phi010.perseus-lat2:line.218">                <w xml:id="line.218#w.1" pos="VER" lemma="euoco" msd="Numb=Plur|Mood=Imp|Tense=Pres|Voice=Act|Person=2">Evocate</w>                <w xml:id="line.218#w.2" pos="ADV" lemma="intus1" msd="Deg=Pos">intus</w>                <w xml:id="line.218#w.3" pos="NOM" lemma="culindrum" msd="Case=Gen|Numb=Plur">Culindrum</w>                <w xml:id="line.218#w.4" pos="PROper" lemma="ego" msd="Case=Dat|Numb=Sing">mihi</w>                <w xml:id="line.218#w.5" pos="NOM" lemma="coquus" msd="Case=Acc|Numb=Sing">coquom</w>                <w xml:id="line.218#w.6" pos="ADV" lemma="actutum" msd="Deg=Pos">actutum</w>                <w xml:id="line.218#w.7" pos="ADV" lemma="foras" msd="Deg=Pos">foras</w>                <w xml:id="line.218#w.8" pos="PUNC" lemma="." msd="MORPH=empty">.</w>            </seg>            <seg xml:id="urn:cts:latinLit:phi0119.phi010.perseus-lat2:line.219">                <w xml:id="line.219#w.1" pos="NOM" lemma="sportula" msd="Case=Acc|Numb=Sing">sportulam</w>                <w xml:id="line.219#w.2" pos="VER" lemma="capio2" msd="Numb=Sing|Mood=Imp|Tense=Pres|Voice=Act|Person=2">cape</w>                <w xml:id="line.219#w.3" pos="CONcoo" lemma="atque1" msd="MORPH=empty">atque</w>                <w xml:id="line.219#w.4" pos="NOM" lemma="argentum" msd="Case=Acc|Numb=Sing">argentum</w>                <w xml:id="line.219#w.5" pos="PUNC" lemma="." msd="MORPH=empty">.</w>                <w xml:id="line.219#w.6" pos="INJ" lemma="ecce" msd="MORPH=empty">eccos</w>                <w xml:id="line.219#w.7" pos="ADJcar" lemma="tres" msd="Case=Acc|Numb=Plur">tris</w>                <w xml:id="line.219#w.8" pos="NOM" lemma="numus" msd="Case=Acc|Numb=Plur">nummos</w>                <w xml:id="line.219#w.9" pos="VER" lemma="habeo" msd="Numb=Sing|Mood=Ind|Tense=Pres|Voice=Act|Person=2">habes</w>                <w xml:id="line.219#w.10" pos="PUNC" lemma="." msd="MORPH=empty">.</w>            </seg>            <seg xml:id="urn:cts:latinLit:phi0119.phi010.perseus-lat2:line.220">                <w xml:id="line.220#w.1" pos="VER" lemma="habeo" msd="Numb=Sing|Mood=Ind|Tense=Pres|Voice=Act|Person=1">Habeo</w>                <w xml:id="line.220#w.2" pos="PUNC" lemma="." msd="MORPH=empty">.</w>            </seg>            <seg xml:id="urn:cts:latinLit:phi0119.phi010.perseus-lat2:line.220b">                <w xml:id="line.220b#w.1" pos="VER" lemma="abeo1" msd="Numb=Sing|Mood=Imp|Tense=Pres|Voice=Act|Person=2">Abi</w>                <w xml:id="line.220b#w.2" pos="CONcoo" lemma="atque1" msd="MORPH=empty">atque</w>                <w xml:id="line.220b#w.3" pos="NOM" lemma="obsonium" msd="Case=Acc|Numb=Sing">obsonium</w>                <w xml:id="line.220b#w.4" pos="VER" lemma="affero" msd="Numb=Sing|Mood=Imp|Tense=Pres|Voice=Act|Person=2">adfer</w>                <w xml:id="line.220b#w.5" pos="PUNC" lemma=";" msd="MORPH=empty">;</w>                <w xml:id="line.220b#w.6" pos="ADJcar" lemma="tres" msd="Case=Dat|Numb=Plur">tribus</w>                <w xml:id="line.220b#w.7" pos="VER" lemma="uideo" msd="Numb=Sing|Mood=Imp|Tense=Pres|Voice=Act|Person=2">vide</w>                <w xml:id="line.220b#w.8" pos="PROrel" lemma="qui1" msd="Case=Nom|Numb=Sing">quod</w>                <w xml:id="line.220b#w.9" pos="VER" lemma="sum1" msd="Numb=Sing|Mood=Sub|Tense=Pres|Voice=Act|Person=3">sit</w>                <w xml:id="line.220b#w.10" pos="ADV" lemma="satis2" msd="Case=Ind|Deg=Pos">satis</w>                <w xml:id="line.220b#w.11" pos="PUNC" lemma=":" msd="MORPH=empty">:</w>            </seg>            <seg xml:id="urn:cts:latinLit:phi0119.phi010.perseus-lat2:line.221">                <w xml:id="line.221#w.1" pos="CONcoo" lemma="neque" msd="MORPH=empty">neque</w>                <w xml:id="line.221#w.2" pos="VER" lemma="defio" msd="Numb=Sing|Mood=Sub|Tense=Pres|Voice=Act|Person=3">defiat</w>                <w xml:id="line.221#w.3" pos="CONcoo" lemma="neque" msd="MORPH=empty">neque</w>                <w xml:id="line.221#w.4" pos="VER" lemma="supersum1" msd="Numb=Sing|Mood=Sub|Tense=Pres|Voice=Act|Person=3">supersit</w>                <w xml:id="line.221#w.5" pos="PUNC" lemma="." msd="MORPH=empty">.</w>            </seg>            <seg xml:id="urn:cts:latinLit:phi0119.phi010.perseus-lat2:line.221b">                <w xml:id="line.221b#w.1" pos="PROint" lemma="quis1" msd="Case=Gen|Numb=Sing">Cuius</w>                <w xml:id="line.221b#w.2" pos="NOM" lemma="modus" msd="Case=Gen|Numb=Sing">modi</w>                <w xml:id="line.221b#w.3" pos="PROdem" lemma="hic1" msd="Case=Nom">hÃ­</w>                <w xml:id="line.221b#w.4" pos="NOM" lemma="homo" msd="Case=Nom|Numb=Plur">homines</w>                <w xml:id="line.221b#w.5" pos="VER" lemma="sum1" msd="Numb=Plur|Mood=Ind|Tense=Fut|Voice=Act|Person=3">erunt</w>                <w xml:id="line.221b#w.6" pos="PUNC" lemma="?" msd="MORPH=empty">?</w>            </seg>            <seg xml:id="urn:cts:latinLit:phi0119.phi010.perseus-lat2:line.222">                <w xml:id="line.222#w.1" pos="PROper" lemma="ego" msd="Case=Nom|Numb=Sing">Ego</w>                <w xml:id="line.222#w.2" pos="CONcoo" lemma="et2" msd="MORPH=empty">et</w>                <w xml:id="line.222#w.3" pos="NOM" lemma="menaechus" msd="Case=Nom|Numb=Sing|Person=1">Menaechmus</w>                <w xml:id="line.222#w.4" pos="CONcoo" lemma="et2" msd="MORPH=empty">et</w>                <w xml:id="line.222#w.5" pos="NOM" lemma="parasitus" msd="Case=Nom|Numb=Sing">parasitus</w>                <w xml:id="line.222#w.6" pos="PROdem" lemma="is" msd="Case=Gen|Numb=Sing">eius</w>                <w xml:id="line.222#w.7" pos="PUNC" lemma="." msd="MORPH=empty">.</w>            </seg>            <seg xml:id="urn:cts:latinLit:phi0119.phi010.perseus-lat2:line.222b">                <w xml:id="line.222b#w.1" pos="ADV" lemma="iam" msd="Deg=Pos">Iam</w>                <w xml:id="line.222b#w.2" pos="PROdem" lemma="iste" msd="Case=Dat|Numb=Plur">isti</w>                <w xml:id="line.222b#w.3" pos="VER" lemma="sum1" msd="Numb=Plur|Mood=Ind|Tense=Pres|Voice=Act|Person=3">sunt</w>                <w xml:id="line.222b#w.4" pos="ADJcar" lemma="decem" msd="Case=Ind">decem</w>                <w xml:id="line.222b#w.5" pos="PUNC" lemma=";" msd="MORPH=empty">;</w>            </seg>            <seg xml:id="urn:cts:latinLit:phi0119.phi010.perseus-lat2:line.223">                <w xml:id="line.223#w.1" pos="CONcoo" lemma="nam" msd="MORPH=empty">nam</w>                <w xml:id="line.223#w.2" pos="NOM" lemma="parasitus" msd="Case=Nom|Numb=Sing">parasitus</w>                <w xml:id="line.223#w.3" pos="ADJcar" lemma="octo" msd="Case=Ind">octo</w>                <w xml:id="line.223#w.4" pos="NOM" lemma="homo" msd="Case=Gen|Numb=Plur">hominum</w>                <w xml:id="line.223#w.5" pos="NOM" lemma="munus" msd="Case=Nom|Numb=Sing">munus</w>                <w xml:id="line.223#w.6" pos="ADV" lemma="facile" msd="Deg=Pos">facile</w>                <w xml:id="line.223#w.7" pos="VER" lemma="fungor" msd="Numb=Sing|Mood=Ind|Tense=Pres|Voice=Dep|Person=3">fungitur</w>                <w xml:id="line.223#w.8" pos="PUNC" lemma="." msd="MORPH=empty">.</w>            </seg>            <seg xml:id="urn:cts:latinLit:phi0119.phi010.perseus-lat2:line.224">                <w xml:id="line.224#w.1" pos="VER" lemma="eloquor" msd="Numb=Sing|Mood=Par|Tense=Perf|Voice=Dep">Elocuta</w>                <w xml:id="line.224#w.2" pos="VER" lemma="sum1" msd="Numb=Sing|Mood=Ind|Tense=Pres|Voice=Act|Person=1">sum</w>                <w xml:id="line.224#w.3" pos="NOM" lemma="conuiua" msd="Case=Acc|Numb=Plur">convivas</w>                <w xml:id="line.224#w.4" pos="PUNC" lemma="," msd="MORPH=empty">,</w>                <w xml:id="line.224#w.5" pos="ADV" lemma="ceterum2" msd="Deg=Pos">ceterum</w>                <w xml:id="line.224#w.6" pos="NOM" lemma="curo" msd="Case=Nom|Numb=Sing|Mood=Imp|Tense=Pres|Voice=Act">cura</w>                <w xml:id="line.224#w.7" pos="PUNC" lemma="." msd="MORPH=empty">.</w>            </seg>            <seg xml:id="urn:cts:latinLit:phi0119.phi010.perseus-lat2:line.224b">                <w xml:id="line.224b#w.1" pos="VER" lemma="licet1" msd="Numb=Sing|Mood=Ind|Tense=Pres|Voice=Act|Person=3">Licet</w>                <w xml:id="line.224b#w.2" pos="PUNC" lemma="." msd="MORPH=empty">.</w>            </seg>            <seg xml:id="urn:cts:latinLit:phi0119.phi010.perseus-lat2:line.225">                <w xml:id="line.225#w.1" pos="VER" lemma="coquo" msd="Case=Nom|Numb=Plur">cocta</w>                <w xml:id="line.225#w.2" pos="VER" lemma="sum1" msd="Numb=Plur|Mood=Ind|Tense=Pres|Voice=Act|Person=3">sunt</w>                <w xml:id="line.225#w.3" pos="PUNC" lemma="," msd="MORPH=empty">,</w>                <w xml:id="line.225#w.4" pos="VER" lemma="iubeo" msd="Numb=Sing|Mood=Imp|Tense=Pres|Voice=Act|Person=2">iube</w>                <w xml:id="line.225#w.5" pos="VER" lemma="eo1" msd="Mood=Inf|Tense=Pres|Voice=Act">ire</w>                <w xml:id="line.225#w.6" pos="VER" lemma="accumbo" msd="Numb=Sing">accubitum</w>                <w xml:id="line.225#w.7" pos="PUNC" lemma="." msd="MORPH=empty">.</w>            </seg>            <seg xml:id="urn:cts:latinLit:phi0119.phi010.perseus-lat2:line.225b">                <w xml:id="line.225b#w.1" pos="VER" lemma="redeo1" msd="Numb=Sing|Mood=Imp|Tense=Pres|Voice=Act|Person=2">Redi</w>                <w xml:id="line.225b#w.2" pos="ADV" lemma="cito2" msd="Deg=Pos">cito</w>                <w xml:id="line.225b#w.3" pos="PUNC" lemma="." msd="MORPH=empty">.</w>            </seg>            <seg xml:id="urn:cts:latinLit:phi0119.phi010.perseus-lat2:line.225c">                <w xml:id="line.225c#w.1" pos="ADV" lemma="iam" msd="Deg=Pos">Iam</w>                <w xml:id="line.225c#w.2" pos="PROper" lemma="ego" msd="Case=Nom|Numb=Sing">ego</w>                <w xml:id="line.225c#w.3" pos="ADV" lemma="hic2" msd="Numb=Sing|Deg=Pos">hic</w>                <w xml:id="line.225c#w.4" pos="VER" lemma="sum1" msd="Numb=Sing|Mood=Ind|Tense=Fut|Voice=Act|Person=1">ero</w>                <w xml:id="line.225c#w.5" pos="PUNC" lemma="." msd="MORPH=empty">.</w>                <w xml:id="line.225c#w.6" pos="PUNC" lemma="â" msd="MORPH=empty">â</w>            </seg>            <seg xml:id="urn:cts:latinLit:phi0119.phi010.perseus-lat2:line.226">                <w xml:id="line.226#w.1" pos="NOM" lemma="uoluptas" msd="Case=Nom|Numb=Sing">Voluptas</w>                <w xml:id="line.226#w.2" pos="PROind" lemma="nullus" msd="Case=Nom|Numb=Sing">nullast</w>                <w xml:id="line.226#w.3" pos="VER" lemma="sum1" msd="Numb=Sing|Mood=Ind|Tense=Pres|Voice=Act|Person=3">nullast</w>                <w xml:id="line.226#w.4" pos="NOM" lemma="nauta" msd="Case=Dat|Numb=Plur">navitis</w>                <w xml:id="line.226#w.5" pos="PUNC" lemma="," msd="MORPH=empty">,</w>                <w xml:id="line.226#w.6" pos="NOM" lemma="messenium" msd="Case=Abl|Numb=Sing">Messenio</w>                <w xml:id="line.226#w.7" pos="PUNC" lemma="," msd="MORPH=empty">,</w>            </seg>            <seg xml:id="urn:cts:latinLit:phi0119.phi010.perseus-lat2:line.227">                <w xml:id="line.227#w.1" pos="ADJqua" lemma="magnus" msd="Case=Nom|Numb=Sing|Deg=Comp">maior</w>                <w xml:id="line.227#w.2" pos="PROpos" lemma="meus" msd="Case=Abl|Numb=Sing">meo</w>                <w xml:id="line.227#w.3" pos="NOM" lemma="animus" msd="Case=Abl|Numb=Sing">animo</w>                <w xml:id="line.227#w.4" pos="PUNC" lemma="," msd="MORPH=empty">,</w>                <w xml:id="line.227#w.5" pos="ADVrel" lemma="quam1" msd="MORPH=empty">quam</w>                <w xml:id="line.227#w.6" pos="CONsub" lemma="cum3" msd="MORPH=empty">quom</w>                <w xml:id="line.227#w.7" pos="PRE" lemma="ex" msd="MORPH=empty">ex</w>                <w xml:id="line.227#w.8" pos="NOM" lemma="altum" msd="Case=Abl|Numb=Sing">alto</w>                <w xml:id="line.227#w.9" pos="ADV" lemma="procul" msd="Deg=Pos">procul</w>            </seg>            <seg xml:id="urn:cts:latinLit:phi0119.phi010.perseus-lat2:line.228">                <w xml:id="line.228#w.1" pos="NOM" lemma="terra" msd="Case=Acc|Numb=Sing">terram</w>                <w xml:id="line.228#w.2" pos="VER" lemma="conspicio" msd="Numb=Plur|Mood=Ind|Tense=Pres|Voice=Act|Person=3">conspiciunt</w>                <w xml:id="line.228#w.3" pos="PUNC" lemma="." msd="MORPH=empty">.</w>            </seg>            <seg xml:id="urn:cts:latinLit:phi0119.phi010.perseus-lat2:line.228b">                <w xml:id="line.228b#w.1" pos="ADJqua" lemma="magnus" msd="Case=Nom|Numb=Sing|Deg=Comp">Maior</w>                <w xml:id="line.228b#w.2" pos="PUNC" lemma="," msd="MORPH=empty">,</w>                <w xml:id="line.228b#w.3" pos="ADVneg" lemma="non" msd="MORPH=empty">non</w>                <w xml:id="line.228b#w.4" pos="VER" lemma="dico?" msd="Numb=Sing|Mood=Ind|Tense=Fut|Voice=Act|Person=1">dicam</w>                <w xml:id="line.228b#w.5" pos="NOM" lemma="dolus" msd="Case=Abl|Numb=Sing">dolo</w>                <w xml:id="line.228b#w.6" pos="PUNC" lemma="," msd="MORPH=empty">,</w>            </seg>            <seg xml:id="urn:cts:latinLit:phi0119.phi010.perseus-lat2:line.229">                <w xml:id="line.229#w.1" pos="CONsub" lemma="si2" msd="MORPH=empty">si</w>                <w xml:id="line.229#w.2" pos="VER" lemma="aduenio" msd="Case=Nom|Numb=Sing|Mood=Par|Tense=Pres|Voice=Act">adveniens</w>                <w xml:id="line.229#w.3" pos="NOM" lemma="terra" msd="Case=Acc|Numb=Sing">terram</w>                <w xml:id="line.229#w.4" pos="VER" lemma="uideo" msd="Numb=Sing|Mood=Sub|Tense=Pres|Voice=Act|Person=2">videas</w>                <w xml:id="line.229#w.5" pos="PROrel" lemma="qui1" msd="Case=Nom|Numb=Sing">quae</w>                <w xml:id="line.229#w.6" pos="VER" lemma="sum1" msd="Numb=Sing|Mood=Sub|Tense=Perf|Voice=Act|Person=3">fuerit</w>                <w xml:id="line.229#w.7" pos="PROpos" lemma="tuus" msd="Case=Nom|Numb=Sing">tua</w>                <w xml:id="line.229#w.8" pos="PUNC" lemma="." msd="MORPH=empty">.</w>            </seg>            <seg xml:id="urn:cts:latinLit:phi0119.phi010.perseus-lat2:line.230">                <w xml:id="line.230#w.1" pos="CONcoo" lemma="sed" msd="MORPH=empty">sed</w>                <w xml:id="line.230#w.2" pos="VER" lemma="quaeso" msd="Numb=Sing|Mood=Ind|Tense=Pres|Voice=Act|Person=1">quaeso</w>                <w xml:id="line.230#w.3" pos="PUNC" lemma="," msd="MORPH=empty">,</w>                <w xml:id="line.230#w.4" pos="PROrel" lemma="qui1" msd="Case=Acc|Numb=Sing">quam</w>                <w xml:id="line.230#w.5" pos="PRE" lemma="ob" msd="MORPH=empty">ob</w>                <w xml:id="line.230#w.6" pos="NOM" lemma="res" msd="Case=Acc|Numb=Sing">rem</w>                <w xml:id="line.230#w.7" pos="ADV" lemma="nunc" msd="Deg=Pos">nunc</w>                <w xml:id="line.230#w.8" pos="NOM" lemma="epidamnum" msd="Case=Acc|Numb=Sing">Epidamnum</w>                <w xml:id="line.230#w.9" pos="VER" lemma="uenio" msd="Numb=Plur|Mood=Ind|Tense=Perf|Voice=Act|Person=1">venimus</w>                <w xml:id="line.230#w.10" pos="PUNC" lemma="?" msd="MORPH=empty">?</w>            </seg>            <seg xml:id="urn:cts:latinLit:phi0119.phi010.perseus-lat2:line.231">                <w xml:id="line.231#w.1" pos="ADVint" lemma="an" msd="MORPH=empty">an</w>                <w xml:id="line.231#w.2" pos="ADVrel" lemma="quasi1" msd="MORPH=empty">quasi</w>                <w xml:id="line.231#w.3" pos="NOM" lemma="mare" msd="Case=Acc|Numb=Sing">mare</w>                <w xml:id="line.231#w.4" pos="PROind" lemma="omnis" msd="Case=Acc|Numb=Plur">omnis</w>                <w xml:id="line.231#w.5" pos="VER" lemma="circumeo1" msd="Numb=Plur|Mood=Ind|Tense=Pres|Voice=Act|Person=1">circumimus</w>                <w xml:id="line.231#w.6" pos="NOM" lemma="insula" msd="Case=Acc|Numb=Plur">insulas</w>                <w xml:id="line.231#w.7" pos="PUNC" lemma="?" msd="MORPH=empty">?</w>            </seg>            <seg xml:id="urn:cts:latinLit:phi0119.phi010.perseus-lat2:line.232">                <w xml:id="line.232#w.1" pos="NOM" lemma="frater" msd="Case=Acc|Numb=Sing">Fratrem</w>                <w xml:id="line.232#w.2" pos="VER" lemma="quaero" msd="Case=Acc|Numb=Sing|Mood=Par|Tense=Perf|Voice=Pass">quaesitum</w>                <w xml:id="line.232#w.3" pos="ADJqua" lemma="geminus" msd="Case=Acc|Numb=Sing|Deg=Pos">geminum</w>                <w xml:id="line.232#w.4" pos="NOM" lemma="germanus?" msd="Case=Acc|Numb=Sing">germanum</w>                <w xml:id="line.232#w.5" pos="PROpos" lemma="meus" msd="Case=Acc|Numb=Sing">meum</w>                <w xml:id="line.232#w.6" pos="PUNC" lemma="." msd="MORPH=empty">.</w>            </seg>            <seg xml:id="urn:cts:latinLit:phi0119.phi010.perseus-lat2:line.233">                <w xml:id="line.233#w.1" pos="CONcoo" lemma="nam" msd="MORPH=empty">Nam</w>                <w xml:id="line.233#w.2" pos="PROint" lemma="quis1" msd="Case=Nom|Numb=Sing">quid</w>                <w xml:id="line.233#w.3" pos="NOM" lemma="modus" msd="Case=Gen|Numb=Sing">modi</w>                <w xml:id="line.233#w.4" pos="VER" lemma="sum1" msd="Case=Nom|Numb=Sing|Mood=Par|Tense=Fut|Voice=Act">futurum</w>                <w xml:id="line.233#w.5" pos="VER" lemma="sum1" msd="Numb=Sing|Mood=Ind|Tense=Pres|Voice=Act|Person=3">est</w>                <w xml:id="line.233#w.6" pos="PROdem" lemma="ille" msd="Case=Acc|Numb=Sing">illum</w>                <w xml:id="line.233#w.7" pos="VER" lemma="quaero" msd="Mood=Inf|Tense=Pres|Voice=Act">quaerere</w>                <w xml:id="line.233#w.8" pos="PUNC" lemma="?" msd="MORPH=empty">?</w>            </seg>            <seg xml:id="urn:cts:latinLit:phi0119.phi010.perseus-lat2:line.234">                <w xml:id="line.234#w.1" pos="PROdem" lemma="hic1" msd="Case=Nom|Numb=Sing|Deg=Pos">hic</w>                <w xml:id="line.234#w.2" pos="NOM" lemma="annus" msd="Case=Nom|Numb=Sing">annus</w>                <w xml:id="line.234#w.3" pos="ADJqua" lemma="sextus" msd="Case=Nom|Numb=Sing|Deg=Pos">sextust</w>                <w xml:id="line.234#w.4" pos="VER" lemma="sum1" msd="Numb=Sing|Mood=Ind|Tense=Pres|Voice=Act|Person=3">sextust</w>                <w xml:id="line.234#w.5" pos="CONsub" lemma="postquam" msd="MORPH=empty">postquam</w>                <w xml:id="line.234#w.6" pos="PROdem" lemma="is" msd="Case=Dat|Numb=Sing">ei</w>                <w xml:id="line.234#w.7" pos="NOM" lemma="res" msd="Case=Nom|Numb=Sing">reÃ­</w>                <w xml:id="line.234#w.8" pos="NOM" lemma="opera" msd="Case=Acc|Numb=Sing">operam</w>                <w xml:id="line.234#w.9" pos="VER" lemma="do" msd="Numb=Plur|Mood=Ind|Tense=Pres|Voice=Act|Person=1">damus</w>                <w xml:id="line.234#w.10" pos="PUNC" lemma="." msd="MORPH=empty">.</w>            </seg>            <seg xml:id="urn:cts:latinLit:phi0119.phi010.perseus-lat2:line.235">                <w xml:id="line.235#w.1" pos="NOM" lemma="histri" msd="Case=Acc|Numb=Plur">Histros</w>                <w xml:id="line.235#w.2" pos="PUNC" lemma="," msd="MORPH=empty">,</w>                <w xml:id="line.235#w.3" pos="ADJqua" lemma="hispanus" msd="Case=Acc|Numb=Plur|Deg=Pos">Hispanos</w>                <w xml:id="line.235#w.4" pos="PUNC" lemma="," msd="MORPH=empty">,</w>                <w xml:id="line.235#w.5" pos="ADJqua" lemma="massiliensis" msd="Case=Acc|Numb=Plur|Deg=Pos">Massiliensis</w>                <w xml:id="line.235#w.6" pos="PUNC" lemma="," msd="MORPH=empty">,</w>                <w xml:id="line.235#w.7" pos="NOM" lemma="hilurius" msd="Case=Acc|Numb=Plur">Hilurios</w>                <w xml:id="line.235#w.8" pos="PUNC" lemma="," msd="MORPH=empty">,</w>            </seg>            <seg xml:id="urn:cts:latinLit:phi0119.phi010.perseus-lat2:line.236">                <w xml:id="line.236#w.1" pos="NOM" lemma="mare" msd="Case=Acc|Numb=Sing">mare</w>                <w xml:id="line.236#w.2" pos="ADJqua" lemma="superus" msd="Case=Acc|Numb=Sing|Deg=Pos">superum</w>                <w xml:id="line.236#w.3" pos="PROind" lemma="omnis" msd="Case=Acc|Numb=Sing">omne</w>                <w xml:id="line.236#w.4" pos="NOM" lemma="graecia" msd="Case=Acc|Numb=Sing">Graeciamque</w>                <w xml:id="line.236#w.5" pos="CON" lemma="que" msd="MORPH=empty">Graeciamque</w>                <w xml:id="line.236#w.6" pos="ADJqua" lemma="exoticus" msd="Case=Acc|Numb=Sing">exoticam</w>            </seg>            <seg xml:id="urn:cts:latinLit:phi0119.phi010.perseus-lat2:line.237">                <w xml:id="line.237#w.1" pos="NOM" lemma="ora" msd="Case=Acc|Numb=Plur">orasque</w>                <w xml:id="line.237#w.2" pos="CON" lemma="que" msd="MORPH=empty">orasque</w>                <w xml:id="line.237#w.3" pos="ADJqua" lemma="italicus" msd="Case=Acc|Numb=Plur|Deg=Pos">Italicas</w>                <w xml:id="line.237#w.4" pos="PROind" lemma="omnis" msd="Case=Acc|Numb=Plur">omnis</w>                <w xml:id="line.237#w.5" pos="PUNC" lemma="," msd="MORPH=empty">,</w>                <w xml:id="line.237#w.6" pos="ADVrel" lemma="qua1" msd="Numb=Sing">qua</w>                <w xml:id="line.237#w.7" pos="VER" lemma="aggredior" msd="Numb=Sing|Mood=Ind|Tense=Pres|Voice=Dep|Person=3">adgreditur</w>                <w xml:id="line.237#w.8" pos="NOM" lemma="mare" msd="Case=Nom|Numb=Sing">mare</w>                <w xml:id="line.237#w.9" pos="PUNC" lemma="," msd="MORPH=empty">,</w>            </seg>            <seg xml:id="urn:cts:latinLit:phi0119.phi010.perseus-lat2:line.238">                <w xml:id="line.238#w.1" pos="VER" lemma="sum1" msd="Numb=Plur|Mood=Ind|Tense=Pres|Voice=Act|Person=1">sumus</w>                <w xml:id="line.238#w.2" pos="VER" lemma="crrcumuehor" msd="Case=Nom|Numb=Plur|Mood=Par|Tense=Perf|Voice=Pass">cÃ­rcumvecti</w>                <w xml:id="line.238#w.3" pos="PUNC" lemma="." msd="MORPH=empty">.</w>                <w xml:id="line.238#w.4" pos="CONsub" lemma="si2" msd="MORPH=empty">sÃ­</w>                <w xml:id="line.238#w.5" pos="NOM" lemma="acus?" msd="Case=Acc|Numb=Sing">acum</w>                <w xml:id="line.238#w.6" pos="PUNC" lemma="," msd="MORPH=empty">,</w>                <w xml:id="line.238#w.7" pos="VER" lemma="credo" msd="Numb=Sing|Mood=Ind|Tense=Pres|Voice=Act|Person=1">credo</w>                <w xml:id="line.238#w.8" pos="PUNC" lemma="," msd="MORPH=empty">,</w>                <w xml:id="line.238#w.9" pos="VER" lemma="quaero" msd="Numb=Sing|Mood=Sub|Tense=Impa|Voice=Act|Person=2">quaereres</w>                <w xml:id="line.238#w.10" pos="PUNC" lemma="," msd="MORPH=empty">,</w>            </seg>            <seg xml:id="urn:cts:latinLit:phi0119.phi010.perseus-lat2:line.239">                <w xml:id="line.239#w.1" pos="NOM" lemma="acus?" msd="Case=Acc|Numb=Sing">acum</w>                <w xml:id="line.239#w.2" pos="VER" lemma="inuenio" msd="Numb=Sing|Mood=Sub|Tense=Pqp|Voice=Act|Person=2">invenisses</w>                <w xml:id="line.239#w.3" pos="PUNC" lemma="," msd="MORPH=empty">,</w>                <w xml:id="line.239#w.4" pos="CONsub" lemma="si2" msd="MORPH=empty">si</w>                <w xml:id="line.239#w.5" pos="VER" lemma="appareo" msd="Numb=Sing|Mood=Sub|Tense=Impa|Voice=Act|Person=3">appareret</w>                <w xml:id="line.239#w.6" pos="PUNC" lemma="," msd="MORPH=empty">,</w>                <w xml:id="line.239#w.7" pos="ADV" lemma="iam" msd="Deg=Pos">iam</w>                <w xml:id="line.239#w.8" pos="ADV" lemma="diu" msd="Deg=Pos">diu</w>                <w xml:id="line.239#w.9" pos="PUNC" lemma="." msd="MORPH=empty">.</w>            </seg>            <seg xml:id="urn:cts:latinLit:phi0119.phi010.perseus-lat2:line.240">                <w xml:id="line.240#w.1" pos="NOM" lemma="homo" msd="Case=Acc|Numb=Sing">hominem</w>                <w xml:id="line.240#w.2" pos="PRE" lemma="inter" msd="MORPH=empty">inter</w>                <w xml:id="line.240#w.3" pos="ADJqua" lemma="uiuus2" msd="Case=Acc|Numb=Plur|Deg=Pos">vivos</w>                <w xml:id="line.240#w.4" pos="VER" lemma="quaerito" msd="Numb=Plur|Mood=Ind|Tense=Pres|Voice=Act|Person=1">quaeritamus</w>                <w xml:id="line.240#w.5" pos="VER" lemma="morior" msd="Case=Acc|Numb=Sing|Mood=Par|Tense=Perf|Voice=Dep">mortuom</w>                <w xml:id="line.240#w.6" pos="PUNC" lemma=";" msd="MORPH=empty">;</w>            </seg>            <seg xml:id="urn:cts:latinLit:phi0119.phi010.perseus-lat2:line.241">                <w xml:id="line.241#w.1" pos="CONcoo" lemma="nam" msd="MORPH=empty">nam</w>                <w xml:id="line.241#w.2" pos="VER" lemma="inuenio" msd="Numb=Plur|Mood=Sub|Tense=Pqp|Voice=Act|Person=1">invenissemus</w>                <w xml:id="line.241#w.3" pos="ADV" lemma="iam" msd="Deg=Pos">iam</w>                <w xml:id="line.241#w.4" pos="ADV" lemma="diu" msd="Deg=Pos">diu</w>                <w xml:id="line.241#w.5" pos="PUNC" lemma="," msd="MORPH=empty">,</w>                <w xml:id="line.241#w.6" pos="CONsub" lemma="si2" msd="MORPH=empty">si</w>                <w xml:id="line.241#w.7" pos="VER" lemma="uiuo" msd="Numb=Sing|Mood=Sub|Tense=Impa|Voice=Act|Person=3">viveret</w>                <w xml:id="line.241#w.8" pos="PUNC" lemma="." msd="MORPH=empty">.</w>            </seg>            <seg xml:id="urn:cts:latinLit:phi0119.phi010.perseus-lat2:line.242">                <w xml:id="line.242#w.1" pos="CONcoo" lemma="ergo2" msd="MORPH=empty">Ergo</w>                <w xml:id="line.242#w.2" pos="PROdem" lemma="istic1" msd="Case=Acc|Numb=Sing">istuc</w>                <w xml:id="line.242#w.3" pos="VER" lemma="quaero" msd="Numb=Sing|Mood=Ind|Tense=Pres|Voice=Act|Person=1">quaero</w>                <w xml:id="line.242#w.4" pos="ADJqua" lemma="certus" msd="Case=Acc|Numb=Sing|Deg=Pos">certum</w>                <w xml:id="line.242#w.5" pos="PROrel" lemma="qui1" msd="Case=Nom|Numb=Sing">qui</w>                <w xml:id="line.242#w.6" pos="VER" lemma="facio" msd="Numb=Sing|Mood=Sub|Tense=Pres|Voice=Act|Person=3">faciat</w>                <w xml:id="line.242#w.7" pos="PROper" lemma="ego" msd="Case=Dat|Numb=Sing">mihi</w>                <w xml:id="line.242#w.8" pos="PUNC" lemma="," msd="MORPH=empty">,</w>            </seg>            <seg xml:id="urn:cts:latinLit:phi0119.phi010.perseus-lat2:line.243">                <w xml:id="line.243#w.1" pos="PROrel" lemma="qui1" msd="Case=Nom|Numb=Sing">qui</w>                <w xml:id="line.243#w.2" pos="PROref" lemma="sui1" msd="Case=Acc|Numb=Sing">sese</w>                <w xml:id="line.243#w.3" pos="VER" lemma="dico?" msd="Numb=Sing|Mood=Sub|Tense=Pres|Voice=Act|Person=3">dicat</w>                <w xml:id="line.243#w.4" pos="VER" lemma="scio" msd="Mood=Inf|Tense=Pres|Voice=Act">scire</w>                <w xml:id="line.243#w.5" pos="PROdem" lemma="is" msd="Case=Acc|Numb=Sing">eum</w>                <w xml:id="line.243#w.6" pos="VER" lemma="sum1" msd="Mood=Inf|Tense=Pres|Voice=Act">esse</w>                <w xml:id="line.243#w.7" pos="VER" lemma="emorior" msd="Case=Acc|Numb=Sing|Mood=Par|Tense=Perf|Voice=Dep">emortuom</w>                <w xml:id="line.243#w.8" pos="PUNC" lemma=":" msd="MORPH=empty">:</w>            </seg>            <seg xml:id="urn:cts:latinLit:phi0119.phi010.perseus-lat2:line.244">                <w xml:id="line.244#w.1" pos="NOM" lemma="opera" msd="Case=Acc|Numb=Sing">operam</w>                <w xml:id="line.244#w.2" pos="ADV" lemma="praeterea" msd="Deg=Pos">praeterea</w>                <w xml:id="line.244#w.3" pos="ADVneg" lemma="numquam" msd="MORPH=empty">numquam</w>                <w xml:id="line.244#w.4" pos="VER" lemma="sumo" msd="Numb=Sing|Mood=Ind|Tense=Fut|Voice=Act|Person=1">sumam</w>                <w xml:id="line.244#w.5" pos="VER" lemma="quaero" msd="Mood=Inf|Tense=Pres|Voice=Act">quaerere</w>                <w xml:id="line.244#w.6" pos="PUNC" lemma="." msd="MORPH=empty">.</w>            </seg>            <seg xml:id="urn:cts:latinLit:phi0119.phi010.perseus-lat2:line.245">                <w xml:id="line.245#w.1" pos="CONcoo" lemma="uerum4" msd="MORPH=empty">verum</w>                <w xml:id="line.245#w.2" pos="ADV" lemma="aliter" msd="Deg=Pos">aliter</w>                <w xml:id="line.245#w.3" pos="ADJqua" lemma="uiuus2" msd="Case=Acc|Numb=Plur|Deg=Pos">vivos</w>                <w xml:id="line.245#w.4" pos="ADVneg" lemma="numquam" msd="MORPH=empty">numquam</w>                <w xml:id="line.245#w.5" pos="VER" lemma="desisto" msd="Numb=Sing|Mood=Ind|Tense=Fut|Voice=Act|Person=1">desistam</w>                <w xml:id="line.245#w.6" pos="VER" lemma="exsequor" msd="Mood=Inf|Tense=Pres|Voice=Dep">exsequi</w>                <w xml:id="line.245#w.7" pos="PUNC" lemma="." msd="MORPH=empty">.</w>            </seg>            <seg xml:id="urn:cts:latinLit:phi0119.phi010.perseus-lat2:line.246">                <w xml:id="line.246#w.1" pos="PROper" lemma="ego" msd="Case=Nom|Numb=Sing">ego</w>                <w xml:id="line.246#w.2" pos="PROdem" lemma="ille" msd="Case=Acc|Numb=Sing">illÃºm</w>                <w xml:id="line.246#w.3" pos="VER" lemma="scio" msd="Numb=Sing|Mood=Ind|Tense=Pres|Voice=Act|Person=1">scio</w>                <w xml:id="line.246#w.4" pos="ADVint" lemma="quam2" msd="MORPH=empty">quam</w>                <w xml:id="line.246#w.5" pos="NOM" lemma="cor" msd="Case=Dat|Numb=Sing">cordi</w>                <w xml:id="line.246#w.6" pos="VER" lemma="sum1" msd="Numb=Sing|Mood=Sub|Tense=Pres|Voice=Act|Person=3">sit</w>                <w xml:id="line.246#w.7" pos="ADJqua" lemma="carus" msd="Case=Nom|Numb=Sing|Deg=Pos">carus</w>                <w xml:id="line.246#w.8" pos="PROpos" lemma="meus" msd="Case=Dat|Numb=Sing">meo</w>                <w xml:id="line.246#w.9" pos="PUNC" lemma="." msd="MORPH=empty">.</w>            </seg>            <seg xml:id="urn:cts:latinLit:phi0119.phi010.perseus-lat2:line.247">                <w xml:id="line.247#w.1" pos="PRE" lemma="in" msd="MORPH=empty">In</w>                <w xml:id="line.247#w.2" pos="NOM" lemma="scirpus" msd="Case=Abl|Numb=Sing">scirpo</w>                <w xml:id="line.247#w.3" pos="NOM" lemma="nodus" msd="Case=Acc|Numb=Sing">nodum</w>                <w xml:id="line.247#w.4" pos="VER" lemma="quaero" msd="Numb=Sing|Mood=Ind|Tense=Pres|Voice=Act|Person=2">quaeris</w>                <w xml:id="line.247#w.5" pos="PUNC" lemma="." msd="MORPH=empty">.</w>                <w xml:id="line.247#w.6" pos="ADVint.neg" lemma="quin3" msd="Deg=Pos">quin</w>                <w xml:id="line.247#w.7" pos="PROper" lemma="nos" msd="Case=Nom|Numb=Plur">nos</w>                <w xml:id="line.247#w.8" pos="ADV" lemma="hinc" msd="Deg=Pos">hinc</w>                <w xml:id="line.247#w.9" pos="NOM" lemma="domus" msd="Case=Acc|Numb=Sing">domum</w>            </seg>            <seg xml:id="urn:cts:latinLit:phi0119.phi010.perseus-lat2:line.248">                <w xml:id="line.248#w.1" pos="VER" lemma="redeo1" msd="Numb=Plur|Mood=Ind|Tense=Pres|Voice=Act|Person=1">redimus</w>                <w xml:id="line.248#w.2" pos="PUNC" lemma="," msd="MORPH=empty">,</w>                <w xml:id="line.248#w.3" pos="CONsub" lemma="nisi" msd="MORPH=empty">nisi</w>                <w xml:id="line.248#w.4" pos="CONsub" lemma="si2" msd="MORPH=empty">si</w>                <w xml:id="line.248#w.5" pos="NOM" lemma="historia" msd="Case=Acc|Numb=Sing">historiam</w>                <w xml:id="line.248#w.6" pos="VER" lemma="scribo" msd="Case=Nom|Numb=Plur|Mood=Par|Tense=Fut|Voice=Act">scripturi</w>                <w xml:id="line.248#w.7" pos="VER" lemma="sum1" msd="Numb=Plur|Mood=Ind|Tense=Pres|Voice=Act|Person=1">sumus</w>                <w xml:id="line.248#w.8" pos="PUNC" lemma="?" msd="MORPH=empty">?</w>            </seg>            <seg xml:id="urn:cts:latinLit:phi0119.phi010.perseus-lat2:line.249">                <w xml:id="line.249#w.1" pos="NOM" lemma="dictum" msd="Case=Acc|Numb=Sing|Mood=Par|Tense=Perf|Voice=Pass">Dictum</w>                <w xml:id="line.249#w.2" pos="VER" lemma="facesso" msd="Numb=Sing|Mood=Sub|Tense=Pres|Voice=Act|Person=2">facessas</w>                <w xml:id="line.249#w.3" pos="PUNC" lemma="," msd="MORPH=empty">,</w>                <w xml:id="line.249#w.4" pos="VER" lemma="do" msd="Case=Acc|Numb=Sing|Mood=Par|Tense=Perf|Voice=Pass">datum</w>                <w xml:id="line.249#w.5" pos="VER" lemma="edo?" msd="Numb=Sing|Mood=Sub|Tense=Pres|Voice=Act|Person=2">edis</w>                <w xml:id="line.249#w.6" pos="PUNC" lemma="," msd="MORPH=empty">,</w>                <w xml:id="line.249#w.7" pos="VER" lemma="caueo" msd="Numb=Sing|Mood=Sub|Tense=Pres|Voice=Act|Person=2">caveas</w>                <w xml:id="line.249#w.8" pos="NOM" lemma="malum?" msd="Case=Abl|Numb=Sing">malo</w>                <w xml:id="line.249#w.9" pos="PUNC" lemma="." msd="MORPH=empty">.</w>            </seg>            <seg xml:id="urn:cts:latinLit:phi0119.phi010.perseus-lat2:line.250">                <w xml:id="line.250#w.1" pos="ADJqua" lemma="molestus" msd="Case=Nom|Numb=Sing|Deg=Pos">molestus</w>                <w xml:id="line.250#w.2" pos="CONsub" lemma="ne4" msd="MORPH=empty">ne</w>                <w xml:id="line.250#w.3" pos="VER" lemma="sum1" msd="Numb=Sing|Mood=Sub|Tense=Pres|Voice=Act|Person=2">sis</w>                <w xml:id="line.250#w.4" pos="PUNC" lemma="," msd="MORPH=empty">,</w>                <w xml:id="line.250#w.5" pos="ADVneg" lemma="non" msd="MORPH=empty">non</w>                <w xml:id="line.250#w.6" pos="PROpos" lemma="tuus" msd="Case=Dat|Numb=Sing">tuo</w>                <w xml:id="line.250#w.7" pos="PROdem" lemma="hic1" msd="Case=Nom|Numb=Sing">hoc</w>                <w xml:id="line.250#w.8" pos="VER" lemma="fio" msd="Numb=Sing|Mood=Ind|Tense=Fut|Voice=Act|Person=3">fiet</w>                <w xml:id="line.250#w.9" pos="ADV" lemma="modo1" msd="Deg=Pos">modo</w>                <w xml:id="line.250#w.10" pos="PUNC" lemma="." msd="MORPH=empty">.</w>            </seg>            <seg xml:id="urn:cts:latinLit:phi0119.phi010.perseus-lat2:line.250b">                <w xml:id="line.250b#w.1" pos="INJ" lemma="hem" msd="MORPH=empty">Em</w>            </seg>            <seg xml:id="urn:cts:latinLit:phi0119.phi010.perseus-lat2:line.251">                <w xml:id="line.251#w.1" pos="PROdem" lemma="illic1" msd="Case=Abl|Numb=Sing">illoc</w>                <w xml:id="line.251#w.2" pos="CONcoo" lemma="enim2" msd="MORPH=empty">enim</w>                <w xml:id="line.251#w.3" pos="NOM" lemma="uerbum" msd="Case=Abl|Numb=Sing">vÃ©rbo</w>                <w xml:id="line.251#w.4" pos="VER" lemma="sum1" msd="Mood=Inf|Tense=Pres|Voice=Act">esse</w>                <w xml:id="line.251#w.5" pos="PROper" lemma="ego" msd="Case=Acc|Numb=Sing">me</w>                <w xml:id="line.251#w.6" pos="NOM" lemma="seruus?" msd="Case=Acc|Numb=Sing">servom</w>                <w xml:id="line.251#w.7" pos="VER" lemma="scio" msd="Numb=Sing|Mood=Ind|Tense=Pres|Voice=Act|Person=1">scio</w>                <w xml:id="line.251#w.8" pos="PUNC" lemma="." msd="MORPH=empty">.</w>            </seg>            <seg xml:id="urn:cts:latinLit:phi0119.phi010.perseus-lat2:line.252">                <w xml:id="line.252#w.1" pos="ADVneg" lemma="non" msd="MORPH=empty">non</w>                <w xml:id="line.252#w.2" pos="VER" lemma="possum1" msd="Numb=Sing|Mood=Ind|Tense=Perf|Voice=Act|Person=3">potuit</w>                <w xml:id="line.252#w.3" pos="NOM" lemma="pauci" msd="Case=Abl|Numb=Plur|Deg=Pos">paucis</w>                <w xml:id="line.252#w.4" pos="ADJqua" lemma="multus" msd="Case=Acc|Numb=Plur|Deg=Comp">plura</w>                <w xml:id="line.252#w.5" pos="ADV" lemma="plane" msd="Deg=Pos">plane</w>                <w xml:id="line.252#w.6" pos="VER" lemma="proloquor" msd="Mood=Inf|Tense=Pres|Voice=Dep">proloqui</w>                <w xml:id="line.252#w.7" pos="PUNC" lemma="." msd="MORPH=empty">.</w>            </seg>            <seg xml:id="urn:cts:latinLit:phi0119.phi010.perseus-lat2:line.253">                <w xml:id="line.253#w.1" pos="CONcoo" lemma="uerum4" msd="MORPH=empty">verum</w>                <w xml:id="line.253#w.2" pos="ADV" lemma="tamen" msd="Deg=Pos">tamen</w>                <w xml:id="line.253#w.3" pos="VER" lemma="niqueo" msd="Numb=Sing|Mood=Ind|Tense=Pres|Voice=Act|Person=1">nÃ©queo</w>                <w xml:id="line.253#w.4" pos="VER" lemma="contineo" msd="Mood=Inf|Tense=Pres|Voice=Pass">contineri</w>                <w xml:id="line.253#w.5" pos="CONsub" lemma="quin2" msd="MORPH=empty">quin</w>                <w xml:id="line.253#w.6" pos="VER" lemma="loquor" msd="Numb=Sing|Mood=Sub|Tense=Pres|Voice=Dep|Person=1">loquar</w>                <w xml:id="line.253#w.7" pos="PUNC" lemma="." msd="MORPH=empty">.</w>            </seg>            <seg xml:id="urn:cts:latinLit:phi0119.phi010.perseus-lat2:line.254">                <w xml:id="line.254#w.1" pos="VER" lemma="audio" msd="Numb=Sing|Mood=Ind|Tense=Pres|Voice=Act|Person=2">audin</w>                <w xml:id="line.254#w.2" pos="ADV" lemma="ne2" msd="MORPH=empty">audin</w>                <w xml:id="line.254#w.3" pos="PUNC" lemma="," msd="MORPH=empty">,</w>                <w xml:id="line.254#w.4" pos="NOM" lemma="menaecher" msd="Case=Voc|Numb=Sing">Menaechme</w>                <w xml:id="line.254#w.5" pos="PUNC" lemma="?" msd="MORPH=empty">?</w>                <w xml:id="line.254#w.6" pos="CONsub" lemma="cum3" msd="MORPH=empty">quom</w>                <w xml:id="line.254#w.7" pos="VER" lemma="inspicio" msd="Numb=Sing|Mood=Ind|Tense=Pres|Voice=Act|Person=1">inspicio</w>                <w xml:id="line.254#w.8" pos="NOM" lemma="marsupium" msd="Case=Acc|Numb=Sing">marsuppium</w>                <w xml:id="line.254#w.9" pos="PUNC" lemma="," msd="MORPH=empty">,</w>            </seg>            <seg xml:id="urn:cts:latinLit:phi0119.phi010.perseus-lat2:line.255">                <w xml:id="line.255#w.1" pos="VER" lemma="uiaticatus" msd="Case=Nom|Numb=Plur|Mood=Par|Tense=Perf|Voice=Pass">viaticati</w>                <w xml:id="line.255#w.2" pos="INJ" lemma="hercules" msd="MORPH=empty">hercle</w>                <w xml:id="line.255#w.3" pos="ADV" lemma="admodum" msd="Deg=Pos">admodum</w>                <w xml:id="line.255#w.4" pos="NOM" lemma="aestiue" msd="Numb=Sing">aestive</w>                <w xml:id="line.255#w.5" pos="VER" lemma="sum1" msd="Numb=Plur|Mood=Ind|Tense=Pres|Voice=Act|Person=1">sumus</w>                <w xml:id="line.255#w.6" pos="PUNC" lemma="." msd="MORPH=empty">.</w>            </seg>            <seg xml:id="urn:cts:latinLit:phi0119.phi010.perseus-lat2:line.256">                <w xml:id="line.256#w.1" pos="ADVneg" lemma="ne3" msd="MORPH=empty">ne</w>                <w xml:id="line.256#w.2" pos="PROper" lemma="tu" msd="Case=Nom|Numb=Sing">tu</w>                <w xml:id="line.256#w.3" pos="INJ" lemma="hercules" msd="MORPH=empty">hercle</w>                <w xml:id="line.256#w.4" pos="PUNC" lemma="," msd="MORPH=empty">,</w>                <w xml:id="line.256#w.5" pos="VER" lemma="opinor" msd="Numb=Sing|Mood=Ind|Tense=Pres|Voice=Dep|Person=1">opinor</w>                <w xml:id="line.256#w.6" pos="PUNC" lemma="," msd="MORPH=empty">,</w>                <w xml:id="line.256#w.7" pos="CONsub" lemma="nisi" msd="MORPH=empty">nisi</w>                <w xml:id="line.256#w.8" pos="NOM" lemma="domus" msd="Case=Acc|Numb=Sing">domum</w>                <w xml:id="line.256#w.9" pos="VER" lemma="reuertor" msd="Numb=Sing|Mood=Ind|Tense=Pres|Voice=Dep|Person=2">revorteris</w>                <w xml:id="line.256#w.10" pos="PUNC" lemma="," msd="MORPH=empty">,</w>            </seg>            <seg xml:id="urn:cts:latinLit:phi0119.phi010.perseus-lat2:line.257">                <w xml:id="line.257#w.1" pos="ADVrel" lemma="ubi1" msd="MORPH=empty">ubi</w>                <w xml:id="line.257#w.2" pos="PROind" lemma="nihil" msd="Case=Ind">nihil</w>                <w xml:id="line.257#w.3" pos="VER" lemma="habeo" msd="Numb=Sing|Mood=Ind|Tense=Fut|Voice=Act|Person=2">habebis</w>                <w xml:id="line.257#w.4" pos="PUNC" lemma="," msd="MORPH=empty">,</w>                <w xml:id="line.257#w.5" pos="ADJqua" lemma="geminus" msd="Case=Acc|Numb=Sing|Deg=Pos">geminum</w>                <w xml:id="line.257#w.6" pos="CONsub" lemma="dum2" msd="MORPH=empty">dum</w>                <w xml:id="line.257#w.7" pos="VER" lemma="quaero" msd="Numb=Sing|Mood=Ind|Tense=Fut|Voice=Act|Person=2">quaeres</w>                <w xml:id="line.257#w.8" pos="PUNC" lemma="," msd="MORPH=empty">,</w>                <w xml:id="line.257#w.9" pos="VER" lemma="gemo" msd="Numb=Sing|Mood=Ind|Tense=Fut|Voice=Act|Person=2">gemes</w>                <w xml:id="line.257#w.10" pos="PUNC" lemma="." msd="MORPH=empty">.</w>            </seg>            <seg xml:id="urn:cts:latinLit:phi0119.phi010.perseus-lat2:line.258">                <w xml:id="line.258#w.1" pos="CONcoo" lemma="nam" msd="MORPH=empty">nam</w>                <w xml:id="line.258#w.2" pos="ADV" lemma="ita" msd="Deg=Pos">ita</w>                <w xml:id="line.258#w.3" pos="VER" lemma="sum1" msd="Numb=Sing|Mood=Ind|Tense=Pres|Voice=Act|Person=3">est</w>                <w xml:id="line.258#w.4" pos="PROdem" lemma="hic1" msd="Case=Nom|Numb=Sing">haec</w>                <w xml:id="line.258#w.5" pos="NOM" lemma="homo" msd="Case=Gen|Numb=Plur">hominum</w>                <w xml:id="line.258#w.6" pos="NOM" lemma="natio1" msd="Case=Nom|Numb=Sing">natio</w>                <w xml:id="line.258#w.7" pos="PUNC" lemma=":" msd="MORPH=empty">:</w>                <w xml:id="line.258#w.8" pos="PRE" lemma="in" msd="MORPH=empty">in</w>                <w xml:id="line.258#w.9" pos="ADJqua" lemma="epidamnieus" msd="Case=Abl|Numb=Plur|Deg=Pos">Epidamnieis</w>            </seg>            <seg xml:id="urn:cts:latinLit:phi0119.phi010.perseus-lat2:line.259">                <w xml:id="line.259#w.1" pos="ADJqua" lemma="uolupterius" msd="Case=Nom|Numb=Plur|Deg=Pos">voluptÃ¡rii</w>                <w xml:id="line.259#w.2" pos="CONcoo" lemma="atque1" msd="MORPH=empty">atque</w>                <w xml:id="line.259#w.3" pos="NOM" lemma="potator" msd="Case=Nom|Numb=Plur">potatores</w>                <w xml:id="line.259#w.4" pos="ADJqua" lemma="magnus" msd="Case=Nom|Numb=Plur|Deg=Sup">maxumi</w>                <w xml:id="line.259#w.5" pos="PUNC" lemma=";" msd="MORPH=empty">;</w>            </seg>            <seg xml:id="urn:cts:latinLit:phi0119.phi010.perseus-lat2:line.260">                <w xml:id="line.260#w.1" pos="ADV" lemma="tum" msd="Deg=Pos">tum</w>                <w xml:id="line.260#w.2" pos="NOM" lemma="sycophanta" msd="Case=Nom|Numb=Plur">sycophantae</w>                <w xml:id="line.260#w.3" pos="CONcoo" lemma="et2" msd="MORPH=empty">et</w>                <w xml:id="line.260#w.4" pos="NOM" lemma="palpator" msd="Case=Nom|Numb=Plur">palpatores</w>                <w xml:id="line.260#w.5" pos="ADJqua" lemma="multus" msd="Case=Nom|Numb=Plur|Deg=Sup">plurumi</w>            </seg>            <seg xml:id="urn:cts:latinLit:phi0119.phi010.perseus-lat2:line.261">                <w xml:id="line.261#w.1" pos="PRE" lemma="in" msd="MORPH=empty">in</w>                <w xml:id="line.261#w.2" pos="NOM" lemma="urbs" msd="Case=Abl|Numb=Sing">urbe</w>                <w xml:id="line.261#w.3" pos="PROdem" lemma="hic1" msd="Case=Abl|Numb=Sing">hac</w>                <w xml:id="line.261#w.4" pos="VER" lemma="habito" msd="Numb=Plur|Mood=Ind|Tense=Pres|Voice=Act|Person=3">habitant</w>                <w xml:id="line.261#w.5" pos="PUNC" lemma=";" msd="MORPH=empty">;</w>                <w xml:id="line.261#w.6" pos="ADV" lemma="tum" msd="Deg=Pos">tum</w>                <w xml:id="line.261#w.7" pos="NOM" lemma="meretrix" msd="Case=Nom|Numb=Plur">meretrices</w>                <w xml:id="line.261#w.8" pos="NOM" lemma="mulier" msd="Case=Nom|Numb=Plur">mulieres</w>            </seg>            <seg xml:id="urn:cts:latinLit:phi0119.phi010.perseus-lat2:line.262">                <w xml:id="line.262#w.1" pos="ADVneg" lemma="nusquam" msd="MORPH=empty">nusquam</w>                <w xml:id="line.262#w.2" pos="VER" lemma="perhibeo" msd="Numb=Plur|Mood=Ind|Tense=Pres|Voice=Pass|Person=3">perhibentur</w>                <w xml:id="line.262#w.3" pos="ADJqua" lemma="blandus" msd="Case=Nom|Numb=Plur|Deg=Comp">blandiores</w>                <w xml:id="line.262#w.4" pos="NOM" lemma="gens" msd="Case=Gen|Numb=Plur">gentium</w>                <w xml:id="line.262#w.5" pos="PUNC" lemma="." msd="MORPH=empty">.</w>            </seg>            <seg xml:id="urn:cts:latinLit:phi0119.phi010.perseus-lat2:line.263">                <w xml:id="line.263#w.1" pos="ADV" lemma="propterea" msd="Deg=Pos">propterea</w>                <w xml:id="line.263#w.2" pos="PROdem" lemma="hic1" msd="Case=Dat|Numb=Sing">huic</w>                <w xml:id="line.263#w.3" pos="NOM" lemma="urbs" msd="Case=Dat|Numb=Sing">urbi</w>                <w xml:id="line.263#w.4" pos="NOM" lemma="nomen" msd="Case=Nom|Numb=Sing">nomen</w>                <w xml:id="line.263#w.5" pos="NOM" lemma="epidamnum" msd="Case=Dat|Numb=Sing">Epidamno</w>                <w xml:id="line.263#w.6" pos="VER" lemma="indo" msd="Numb=Sing|Mood=Par|Tense=Perf|Voice=Pass">inditumst</w>                <w xml:id="line.263#w.7" pos="PUNC" lemma="," msd="MORPH=empty">,</w>            </seg>            <seg xml:id="urn:cts:latinLit:phi0119.phi010.perseus-lat2:line.264">                <w xml:id="line.264#w.1" pos="CONsub" lemma="quia" msd="MORPH=empty">quia</w>                <w xml:id="line.264#w.2" pos="PROind" lemma="nemo" msd="Case=Nom|Numb=Sing">nemo</w>                <w xml:id="line.264#w.3" pos="ADV" lemma="ferme" msd="Deg=Pos">ferme</w>                <w xml:id="line.264#w.4" pos="ADV" lemma="huc" msd="Deg=Pos">huc</w>                <w xml:id="line.264#w.5" pos="PRE" lemma="sine" msd="MORPH=empty">sine</w>                <w xml:id="line.264#w.6" pos="NOM" lemma="damnum" msd="Case=Abl|Numb=Sing">damno</w>                <w xml:id="line.264#w.7" pos="VER" lemma="deuerto" msd="Numb=Sing|Mood=Ind|Tense=Pres|Voice=Pass|Person=3">devortitur</w>                <w xml:id="line.264#w.8" pos="PUNC" lemma="." msd="MORPH=empty">.</w>            </seg>            <seg xml:id="urn:cts:latinLit:phi0119.phi010.perseus-lat2:line.265">                <w xml:id="line.265#w.1" pos="PROper" lemma="ego" msd="Case=Nom|Numb=Sing">Ego</w>                <w xml:id="line.265#w.2" pos="PROdem" lemma="istic1" msd="Case=Acc|Numb=Sing">istÃºc</w>                <w xml:id="line.265#w.3" pos="VER" lemma="caueo" msd="Numb=Sing|Mood=Ind|Tense=Fut|Voice=Act|Person=1">cavebo</w>                <w xml:id="line.265#w.4" pos="PUNC" lemma="." msd="MORPH=empty">.</w>                <w xml:id="line.265#w.5" pos="INJ" lemma="cedo2" msd="MORPH=empty">cedo</w>                <w xml:id="line.265#w.6" pos="CONsub" lemma="dum2" msd="MORPH=empty">dum</w>                <w xml:id="line.265#w.7" pos="ADV" lemma="huc" msd="Deg=Pos">huc</w>                <w xml:id="line.265#w.8" pos="PROper" lemma="ego" msd="Case=Dat|Numb=Sing">mihi</w>                <w xml:id="line.265#w.9" pos="NOM" lemma="marsupium" msd="Case=Nom|Numb=Sing">marsuppium</w>                <w xml:id="line.265#w.10" pos="PUNC" lemma="." msd="MORPH=empty">.</w>            </seg>            <seg xml:id="urn:cts:latinLit:phi0119.phi010.perseus-lat2:line.266">                <w xml:id="line.266#w.1" pos="PROint" lemma="quis1" msd="Case=Nom|Numb=Sing">Quid</w>                <w xml:id="line.266#w.2" pos="PROdem" lemma="is" msd="Numb=Sing|Deg=Pos|Mood=Ind|Tense=Pres|Voice=Act">eo</w>                <w xml:id="line.266#w.3" pos="VER" lemma="uolo?" msd="Numb=Sing|Mood=Ind|Tense=Pres|Voice=Act|Person=2">vis</w>                <w xml:id="line.266#w.4" pos="PUNC" lemma="?" msd="MORPH=empty">?</w>            </seg>            <seg xml:id="urn:cts:latinLit:phi0119.phi010.perseus-lat2:line.266b">                <w xml:id="line.266b#w.1" pos="ADV" lemma="iam" msd="Deg=Pos">Iam</w>                <w xml:id="line.266b#w.2" pos="PRE" lemma="ab" msd="MORPH=empty">aps</w>                <w xml:id="line.266b#w.3" pos="PROper" lemma="tu" msd="Case=Abl|Numb=Sing">te</w>                <w xml:id="line.266b#w.4" pos="VER" lemma="metuo" msd="Numb=Sing|Mood=Ind|Tense=Pres|Voice=Act|Person=1">metuo</w>                <w xml:id="line.266b#w.5" pos="PRE" lemma="de" msd="MORPH=empty">de</w>                <w xml:id="line.266b#w.6" pos="NOM" lemma="uerbum" msd="Case=Abl|Numb=Plur">verbis</w>                <w xml:id="line.266b#w.7" pos="PROpos" lemma="tuus" msd="Case=Abl|Numb=Plur">tuis</w>                <w xml:id="line.266b#w.8" pos="PUNC" lemma="." msd="MORPH=empty">.</w>            </seg>            <seg xml:id="urn:cts:latinLit:phi0119.phi010.perseus-lat2:line.267">                <w xml:id="line.267#w.1" pos="PROint" lemma="quis1" msd="Case=Acc|Numb=Sing">Quid</w>                <w xml:id="line.267#w.2" pos="VER" lemma="metuo" msd="Numb=Sing|Mood=Ind|Tense=Pres|Voice=Act|Person=2">metuis</w>                <w xml:id="line.267#w.3" pos="PUNC" lemma="?" msd="MORPH=empty">?</w>            </seg>            <seg xml:id="urn:cts:latinLit:phi0119.phi010.perseus-lat2:line.267b">                <w xml:id="line.267b#w.1" pos="ADVneg" lemma="ne3" msd="MORPH=empty">Ne</w>                <w xml:id="line.267b#w.2" pos="PROper" lemma="ego" msd="Case=Dat|Numb=Sing">mihi</w>                <w xml:id="line.267b#w.3" pos="NOM" lemma="damnum" msd="Case=Nom|Numb=Sing">damnum</w>                <w xml:id="line.267b#w.4" pos="PRE" lemma="in" msd="MORPH=empty">in</w>                <w xml:id="line.267b#w.5" pos="NOM" lemma="epidamnum" msd="Case=Abl|Numb=Sing">Epidamno</w>                <w xml:id="line.267b#w.6" pos="ADJcar" lemma="do" msd="Case=Abl|Numb=Plur">duis</w>                <w xml:id="line.267b#w.7" pos="PUNC" lemma="." msd="MORPH=empty">.</w>            </seg>            <seg xml:id="urn:cts:latinLit:phi0119.phi010.perseus-lat2:line.268">                <w xml:id="line.268#w.1" pos="PROper" lemma="tu" msd="Case=Nom|Numb=Sing">tu</w>                <w xml:id="line.268#w.2" pos="ADJqua" lemma="magnus" msd="Case=Nom|Numb=Sing|Deg=Pos">magnus</w>                <w xml:id="line.268#w.3" pos="NOM" lemma="amator" msd="Case=Nom|Numb=Sing">amator</w>                <w xml:id="line.268#w.4" pos="NOM" lemma="mulier" msd="Case=Gen|Numb=Plur">mulierum</w>                <w xml:id="line.268#w.5" pos="VER" lemma="sum1" msd="Numb=Sing|Mood=Ind|Tense=Pres|Voice=Act|Person=2">es</w>                <w xml:id="line.268#w.6" pos="PUNC" lemma="," msd="MORPH=empty">,</w>                <w xml:id="line.268#w.7" pos="VER" lemma="messenium" msd="Case=Dat|Numb=Sing">Messenio</w>                <w xml:id="line.268#w.8" pos="PUNC" lemma="," msd="MORPH=empty">,</w>            </seg>            <seg xml:id="urn:cts:latinLit:phi0119.phi010.perseus-lat2:line.269">                <w xml:id="line.269#w.1" pos="PROper" lemma="ego" msd="Case=Nom|Numb=Sing">ego</w>                <w xml:id="line.269#w.2" pos="CONcoo" lemma="autem" msd="MORPH=empty">autem</w>                <w xml:id="line.269#w.3" pos="NOM" lemma="homo" msd="Case=Nom|Numb=Sing">homo</w>                <w xml:id="line.269#w.4" pos="ADJqua" lemma="iracundus" msd="Case=Nom|Numb=Sing|Deg=Pos">iracundus</w>                <w xml:id="line.269#w.5" pos="PUNC" lemma="," msd="MORPH=empty">,</w>                <w xml:id="line.269#w.6" pos="NOM" lemma="animus" msd="Case=Gen|Numb=Sing">animi</w>                <w xml:id="line.269#w.7" pos="ADJqua" lemma="perditus" msd="Case=Gen|Numb=Sing|Deg=Pos">perditi</w>                <w xml:id="line.269#w.8" pos="PUNC" lemma=";" msd="MORPH=empty">;</w>            </seg>            <seg xml:id="urn:cts:latinLit:phi0119.phi010.perseus-lat2:line.270">                <w xml:id="line.270#w.1" pos="PROdem" lemma="is" msd="Case=Acc|Numb=Sing">id</w>                <w xml:id="line.270#w.2" pos="PROind" lemma="uterque" msd="Case=Acc|Numb=Sing">utrumque</w>                <w xml:id="line.270#w.3" pos="PUNC" lemma="," msd="MORPH=empty">,</w>                <w xml:id="line.270#w.4" pos="NOM" lemma="argentum" msd="Case=Acc|Numb=Sing">argentum</w>                <w xml:id="line.270#w.5" pos="CONsub" lemma="quando3" msd="MORPH=empty">quando</w>                <w xml:id="line.270#w.6" pos="VER" lemma="habeo" msd="Numb=Sing|Mood=Ind|Tense=Fut|Voice=Act|Person=1">habebo</w>                <w xml:id="line.270#w.7" pos="PUNC" lemma="," msd="MORPH=empty">,</w>                <w xml:id="line.270#w.8" pos="VER" lemma="caueo" msd="Numb=Sing|Mood=Ind|Tense=FutAnt|Voice=Act|Person=1">cavero</w>                <w xml:id="line.270#w.9" pos="PUNC" lemma="," msd="MORPH=empty">,</w>            </seg>            <seg xml:id="urn:cts:latinLit:phi0119.phi010.perseus-lat2:line.271">                <w xml:id="line.271#w.1" pos="CONsub" lemma="ne4" msd="MORPH=empty">ne</w>                <w xml:id="line.271#w.2" pos="PROper" lemma="tu" msd="Case=Nom|Numb=Sing">tu</w>                <w xml:id="line.271#w.3" pos="VER" lemma="delinquo" msd="Numb=Sing|Mood=Sub|Tense=Pres|Voice=Act|Person=2">delinquas</w>                <w xml:id="line.271#w.4" pos="CONcoo" lemma="neue1" msd="MORPH=empty">neve</w>                <w xml:id="line.271#w.5" pos="PROper" lemma="ego" msd="Case=Nom|Numb=Sing">ego</w>                <w xml:id="line.271#w.6" pos="VER" lemma="irascor" msd="Numb=Sing|Mood=Sub|Tense=Pres|Voice=Dep|Person=1">irascar</w>                <w xml:id="line.271#w.7" pos="PROper" lemma="tu" msd="Case=Dat|Numb=Sing">tibi</w>                <w xml:id="line.271#w.8" pos="PUNC" lemma="." msd="MORPH=empty">.</w>            </seg>            <seg xml:id="urn:cts:latinLit:phi0119.phi010.perseus-lat2:line.272">                <w xml:id="line.272#w.1" pos="VER" lemma="capio2" msd="Numb=Sing|Mood=Imp|Tense=Pres|Voice=Act|Person=2">Cape</w>                <w xml:id="line.272#w.2" pos="CONcoo" lemma="atque1" msd="MORPH=empty">atque</w>                <w xml:id="line.272#w.3" pos="VER" lemma="seruo" msd="Numb=Sing|Mood=Imp|Tense=Pres|Voice=Act|Person=2">serva</w>                <w xml:id="line.272#w.4" pos="PUNC" lemma="." msd="MORPH=empty">.</w>                <w xml:id="line.272#w.5" pos="PROper" lemma="ego" msd="Case=Acc|Numb=Sing">me</w>                <w xml:id="line.272#w.6" pos="ADJqua" lemma="libens" msd="Case=Abl|Numb=Sing|Deg=Pos">lubente</w>                <w xml:id="line.272#w.7" pos="VER" lemma="facio" msd="Numb=Sing|Mood=Sub|Tense=Perf|Voice=Act|Person=2">feceris</w>                <w xml:id="line.272#w.8" pos="PUNC" lemma="." msd="MORPH=empty">.</w>            </seg>            <seg xml:id="urn:cts:latinLit:phi0119.phi010.perseus-lat2:line.273">                <w xml:id="line.273#w.1" pos="ADV" lemma="bene" msd="Deg=Pos">Bene</w>                <w xml:id="line.273#w.2" pos="VER" lemma="obsono1" msd="Numb=Sing|Mood=Ind|Tense=Perf|Voice=Act|Person=1">opsonavi</w>                <w xml:id="line.273#w.3" pos="CONcoo" lemma="atque1" msd="MORPH=empty">atque</w>                <w xml:id="line.273#w.4" pos="PRE" lemma="ex" msd="MORPH=empty">ex</w>                <w xml:id="line.273#w.5" pos="PROpos" lemma="meus" msd="Case=Abl|Numb=Sing">mea</w>                <w xml:id="line.273#w.6" pos="NOM" lemma="sententia" msd="Case=Abl|Numb=Sing">sententia</w>                <w xml:id="line.273#w.7" pos="PUNC" lemma="," msd="MORPH=empty">,</w>            </seg>            <seg xml:id="urn:cts:latinLit:phi0119.phi010.perseus-lat2:line.274">                <w xml:id="line.274#w.1" pos="NOM" lemma="bonus" msd="Case=Acc|Numb=Sing">bonum</w>                <w xml:id="line.274#w.2" pos="VER" lemma="antepono" msd="Numb=Sing|Mood=Ind|Tense=Fut|Voice=Act|Person=1">anteponam</w>                <w xml:id="line.274#w.3" pos="NOM" lemma="prandium" msd="Case=Acc|Numb=Sing">prandium</w>                <w xml:id="line.274#w.4" pos="NOM" lemma="pransor" msd="Case=Dat|Numb=Plur">pransoribus</w>                <w xml:id="line.274#w.5" pos="PUNC" lemma="." msd="MORPH=empty">.</w>            </seg>            <seg xml:id="urn:cts:latinLit:phi0119.phi010.perseus-lat2:line.275">                <w xml:id="line.275#w.1" pos="CONcoo" lemma="sed" msd="MORPH=empty">sed</w>                <w xml:id="line.275#w.2" pos="INJ" lemma="ecce" msd="MORPH=empty">eccÃºm</w>                <w xml:id="line.275#w.3" pos="PROdem" lemma="is" msd="MORPH=empty">eccÃºm</w>                <w xml:id="line.275#w.4" pos="NOM" lemma="menaechus" msd="Case=Acc|Numb=Sing">Menaechmum</w>                <w xml:id="line.275#w.5" pos="VER" lemma="uideo" msd="Numb=Sing|Mood=Ind|Tense=Pres|Voice=Act|Person=1">video</w>                <w xml:id="line.275#w.6" pos="PUNC" lemma="." msd="MORPH=empty">.</w>                <w xml:id="line.275#w.7" pos="INJ" lemma="uae" msd="Case=Nom">vae</w>                <w xml:id="line.275#w.8" pos="NOM" lemma="tergum" msd="Case=Dat|Numb=Sing">tergo</w>                <w xml:id="line.275#w.9" pos="PROpos" lemma="meus" msd="Case=Abl|Numb=Sing">meo</w>                <w xml:id="line.275#w.10" pos="PUNC" lemma="," msd="MORPH=empty">,</w>            </seg>            <seg xml:id="urn:cts:latinLit:phi0119.phi010.perseus-lat2:line.276">                <w xml:id="line.276#w.1" pos="ADJadv.ord" lemma="prius" msd="Deg=Comp">prius</w>                <w xml:id="line.276#w.2" pos="ADV" lemma="is" msd="Deg=Pos">iÃ¡m</w>                <w xml:id="line.276#w.3" pos="NOM" lemma="conuiua" msd="Case=Nom|Numb=Plur">convivae</w>                <w xml:id="line.276#w.4" pos="VER" lemma="ambulo" msd="Numb=Plur|Mood=Ind|Tense=Pres|Voice=Act|Person=3">ambulant</w>                <w xml:id="line.276#w.5" pos="PRE" lemma="ante2" msd="MORPH=empty">ante</w>                <w xml:id="line.276#w.6" pos="NOM" lemma="ostium" msd="Case=Acc|Numb=Sing">ostium</w>                <w xml:id="line.276#w.7" pos="PUNC" lemma="," msd="MORPH=empty">,</w>            </seg>            <seg xml:id="urn:cts:latinLit:phi0119.phi010.perseus-lat2:line.277">                <w xml:id="line.277#w.1" pos="ADVrel" lemma="quam1" msd="MORPH=empty">quam</w>                <w xml:id="line.277#w.2" pos="PROper" lemma="ego" msd="Case=Nom|Numb=Sing">ego</w>                <w xml:id="line.277#w.3" pos="NOM" lemma="obsonatus" msd="Case=Abl|Numb=Sing">opsonatu</w>                <w xml:id="line.277#w.4" pos="VER" lemma="redeo1" msd="Numb=Sing|Mood=Ind|Tense=Pres|Voice=Act|Person=1">redeo</w>                <w xml:id="line.277#w.5" pos="PUNC" lemma="." msd="MORPH=empty">.</w>                <w xml:id="line.277#w.6" pos="VER" lemma="adeo1" msd="Numb=Sing|Mood=Ind|Tense=Fut|Voice=Act|Person=1">adibo</w>                <w xml:id="line.277#w.7" pos="CONcoo" lemma="atque1" msd="MORPH=empty">atque</w>                <w xml:id="line.277#w.8" pos="VER" lemma="alloquor" msd="Numb=Sing|Mood=Ind|Tense=Fut|Voice=Dep|Person=1">alloquar</w>                <w xml:id="line.277#w.9" pos="PUNC" lemma="." msd="MORPH=empty">.</w>            </seg>            <seg xml:id="urn:cts:latinLit:phi0119.phi010.perseus-lat2:line.278">                <w xml:id="line.278#w.1" pos="NOM" lemma="menaechis" msd="Case=Voc|Numb=Sing">Menaechme</w>                <w xml:id="line.278#w.2" pos="PUNC" lemma="," msd="MORPH=empty">,</w>                <w xml:id="line.278#w.3" pos="VER" lemma="salueo" msd="Numb=Sing|Mood=Imp|Tense=Pres|Voice=Act|Person=2">salve</w>                <w xml:id="line.278#w.4" pos="PUNC" lemma="." msd="MORPH=empty">.</w>            </seg>            <seg xml:id="urn:cts:latinLit:phi0119.phi010.perseus-lat2:line.278b">                <w xml:id="line.278b#w.1" pos="NOM" lemma="deus" msd="Case=Nom|Numb=Plur">Di</w>                <w xml:id="line.278b#w.2" pos="PROper" lemma="tu" msd="Case=Acc|Numb=Sing">te</w>                <w xml:id="line.278b#w.3" pos="VER" lemma="amo" msd="Numb=Plur|Mood=Ind|Tense=Fut|Voice=Act|Person=3">amabunt</w>                <w xml:id="line.278b#w.4" pos="PROrel" lemma="quisquis1" msd="Case=Nom|Numb=Sing">quisquis</w>                <w xml:id="line.278b#w.5" pos="VER" lemma="sum1" msd="Numb=Sing|Mood=Ind|Tense=Pres|Voice=Act|Person=2">es</w>                <w xml:id="line.278b#w.6" pos="PUNC" lemma="." msd="MORPH=empty">.</w>            </seg>            <seg xml:id="urn:cts:latinLit:phi0119.phi010.perseus-lat2:line.279">                <w xml:id="line.279#w.1" pos="PROrel" lemma="quisquis1" msd="Case=Nom|Numb=Sing">Quisquis</w>                <w xml:id="line.279#w.2" pos="PROint" lemma="quis1" msd="Case=Nom|Numb=Sing">quis</w>                <w xml:id="line.279#w.3" pos="PROper" lemma="ego" msd="Case=Nom|Numb=Sing">ego</w>                <w xml:id="line.279#w.4" pos="VER" lemma="sum1" msd="Numb=Sing|Mood=Sub|Tense=Pres|Voice=Act|Person=1">sim</w>                <w xml:id="line.279#w.5" pos="PUNC" lemma="?" msd="MORPH=empty">?</w>            </seg>            <seg xml:id="urn:cts:latinLit:phi0119.phi010.perseus-lat2:line.280">                <w xml:id="line.280#w.1" pos="ADVneg" lemma="non" msd="MORPH=empty">Non</w>                <w xml:id="line.280#w.2" pos="INJ" lemma="hercules" msd="MORPH=empty">hercle</w>                <w xml:id="line.280#w.3" pos="ADV" lemma="uero3" msd="Deg=Pos">vero</w>                <w xml:id="line.280#w.4" pos="PUNC" lemma="." msd="MORPH=empty">.</w>            </seg>            <seg xml:id="urn:cts:latinLit:phi0119.phi010.perseus-lat2:line.280b">                <w xml:id="line.280b#w.1" pos="ADVrel" lemma="ubi1" msd="MORPH=empty">Vbi</w>                <w xml:id="line.280b#w.2" pos="NOM" lemma="conuiua" msd="Case=Nom|Numb=Plur">convivae</w>                <w xml:id="line.280b#w.3" pos="NOM" lemma="ceteri" msd="Case=Nom|Numb=Plur">ceteri</w>                <w xml:id="line.280b#w.4" pos="PUNC" lemma="?" msd="MORPH=empty">?</w>            </seg>            <seg xml:id="urn:cts:latinLit:phi0119.phi010.perseus-lat2:line.281">                <w xml:id="line.281#w.1" pos="PROint" lemma="quis1" msd="Case=Acc|Numb=Plur">Quos</w>                <w xml:id="line.281#w.2" pos="PROper" lemma="tu" msd="Case=Nom|Numb=Sing">tu</w>                <w xml:id="line.281#w.3" pos="NOM" lemma="conuiua" msd="Case=Acc|Numb=Plur">convivas</w>                <w xml:id="line.281#w.4" pos="VER" lemma="quaero" msd="Numb=Sing|Mood=Ind|Tense=Pres|Voice=Act|Person=2">quaeris</w>                <w xml:id="line.281#w.5" pos="PUNC" lemma="?" msd="MORPH=empty">?</w>            </seg>            <seg xml:id="urn:cts:latinLit:phi0119.phi010.perseus-lat2:line.281b">                <w xml:id="line.281b#w.1" pos="NOM" lemma="parasitus" msd="Case=Acc|Numb=Sing">Parasitum</w>                <w xml:id="line.281b#w.2" pos="PROpos" lemma="tuus" msd="Case=Acc|Numb=Sing">tuom</w>                <w xml:id="line.281b#w.3" pos="PUNC" lemma="." msd="MORPH=empty">.</w>            </seg>            <seg xml:id="urn:cts:latinLit:phi0119.phi010.perseus-lat2:line.282">                <w xml:id="line.282#w.1" pos="PROpos" lemma="meus" msd="Case=Acc|Numb=Sing">Meum</w>                <w xml:id="line.282#w.2" pos="NOM" lemma="parasitus" msd="Case=Acc|Numb=Sing">parasitum</w>                <w xml:id="line.282#w.3" pos="PUNC" lemma="?" msd="MORPH=empty">?</w>                <w xml:id="line.282#w.4" pos="ADV" lemma="certe" msd="Deg=Pos">certe</w>                <w xml:id="line.282#w.5" pos="PROdem" lemma="hic1" msd="Case=Nom|Numb=Sing">hic</w>                <w xml:id="line.282#w.6" pos="ADJqua" lemma="insanus" msd="Case=Nom|Numb=Sing|Deg=Pos">insanust</w>                <w xml:id="line.282#w.7" pos="VER" lemma="sum1" msd="Numb=Sing|Mood=Ind|Tense=Pres|Voice=Act|Person=3">insanust</w>                <w xml:id="line.282#w.8" pos="NOM" lemma="homo" msd="Case=Nom|Numb=Sing">homo</w>                <w xml:id="line.282#w.9" pos="PUNC" lemma="." msd="MORPH=empty">.</w>            </seg>            <seg xml:id="urn:cts:latinLit:phi0119.phi010.perseus-lat2:line.283">                <w xml:id="line.283#w.1" pos="VER" lemma="dico" msd="Numb=Sing|Mood=Ind|Tense=Perf|Voice=Act|Person=1">Dixin</w>                <w xml:id="line.283#w.2" pos="ADV" lemma="ne2" msd="MORPH=empty">Dixin</w>                <w xml:id="line.283#w.3" pos="PROper" lemma="tu" msd="Case=Dat|Numb=Sing">tibi</w>                <w xml:id="line.283#w.4" pos="VER" lemma="sum1" msd="Mood=Inf|Tense=Pres|Voice=Act">esse</w>                <w xml:id="line.283#w.5" pos="ADV" lemma="hic2" msd="Case=Nom">hic</w>                <w xml:id="line.283#w.6" pos="NOM" lemma="sycophantas" msd="Case=Acc|Numb=Plur">sycophantas</w>                <w xml:id="line.283#w.7" pos="ADJqua" lemma="multus" msd="Case=Acc|Numb=Plur|Deg=Sup">plurumos</w>                <w xml:id="line.283#w.8" pos="PUNC" lemma="?" msd="MORPH=empty">?</w>            </seg>            <seg xml:id="urn:cts:latinLit:phi0119.phi010.perseus-lat2:line.284">            </seg>            <seg xml:id="urn:cts:latinLit:phi0119.phi010.perseus-lat2:line.285">                <w xml:id="line.285#w.1" pos="PROint" lemma="quis1" msd="Case=Acc|Numb=Sing">Quem</w>                <w xml:id="line.285#w.2" pos="PROper" lemma="tu" msd="Case=Nom|Numb=Sing">tu</w>                <w xml:id="line.285#w.3" pos="NOM" lemma="parasitus" msd="Case=Acc|Numb=Sing">parasitum</w>                <w xml:id="line.285#w.4" pos="VER" lemma="quaero" msd="Numb=Sing|Mood=Ind|Tense=Pres|Voice=Act|Person=2">quaeris</w>                <w xml:id="line.285#w.5" pos="PUNC" lemma="," msd="MORPH=empty">,</w>                <w xml:id="line.285#w.6" pos="NOM" lemma="adolescens?" msd="Case=Voc|Numb=Sing">adulescens</w>                <w xml:id="line.285#w.7" pos="PUNC" lemma="," msd="MORPH=empty">,</w>                <w xml:id="line.285#w.8" pos="PROpos" lemma="meus" msd="Case=Acc|Numb=Sing">meum</w>                <w xml:id="line.285#w.9" pos="PUNC" lemma="?" msd="MORPH=empty">?</w>            </seg>            <seg xml:id="urn:cts:latinLit:phi0119.phi010.perseus-lat2:line.286">                <w xml:id="line.286#w.1" pos="NOM" lemma="peniculum" msd="Case=Acc|Numb=Sing">Peniculum</w>                <w xml:id="line.286#w.2" pos="NOM" lemma="sccus" msd="Case=Acc|Numb=Sing">Ã©ccum</w>                <w xml:id="line.286#w.3" pos="PRE" lemma="in" msd="MORPH=empty">in</w>                <w xml:id="line.286#w.4" pos="NOM" lemma="uidulus" msd="Case=Abl|Numb=Sing">vidulo</w>                <w xml:id="line.286#w.5" pos="ADJqua" lemma="saluus" msd="Case=Acc|Numb=Sing|Deg=Pos">salvom</w>                <w xml:id="line.286#w.6" pos="VER" lemma="fero" msd="Numb=Sing|Mood=Ind|Tense=Pres|Voice=Act|Person=1">fero</w>                <w xml:id="line.286#w.7" pos="PUNC" lemma="." msd="MORPH=empty">.</w>            </seg>            <seg xml:id="urn:cts:latinLit:phi0119.phi010.perseus-lat2:line.287">                <w xml:id="line.287#w.1" pos="NOM" lemma="menaechus" msd="Case=Abl|Numb=Sing">Menaechme</w>                <w xml:id="line.287#w.2" pos="PUNC" lemma="," msd="MORPH=empty">,</w>                <w xml:id="line.287#w.3" pos="NOM" lemma="numero?" msd="Case=Abl|Numb=Sing|Mood=Ind|Tense=Pres|Voice=Act">numero</w>                <w xml:id="line.287#w.4" pos="ADV" lemma="huc" msd="Deg=Pos">huc</w>                <w xml:id="line.287#w.5" pos="VER" lemma="aduenio" msd="Numb=Sing|Mood=Ind|Tense=Pres|Voice=Act|Person=2">advenis</w>                <w xml:id="line.287#w.6" pos="PRE" lemma="ad2" msd="MORPH=empty">ad</w>                <w xml:id="line.287#w.7" pos="NOM" lemma="prandium" msd="Case=Acc|Numb=Sing">prandium</w>                <w xml:id="line.287#w.8" pos="PUNC" lemma="." msd="MORPH=empty">.</w>            </seg>            <seg xml:id="urn:cts:latinLit:phi0119.phi010.perseus-lat2:line.288">                <w xml:id="line.288#w.1" pos="ADV" lemma="nunc" msd="Deg=Pos">nunc</w>                <w xml:id="line.288#w.2" pos="NOM" lemma="obsonatus" msd="Case=Abl|Numb=Sing">opsonatu</w>                <w xml:id="line.288#w.3" pos="VER" lemma="redeo1" msd="Numb=Sing|Mood=Ind|Tense=Pres|Voice=Act|Person=1">redeo</w>                <w xml:id="line.288#w.4" pos="PUNC" lemma="." msd="MORPH=empty">.</w>            </seg>            <seg xml:id="urn:cts:latinLit:phi0119.phi010.perseus-lat2:line.288b">                <w xml:id="line.288b#w.1" pos="VER" lemma="respondeo" msd="Numb=Sing|Mood=Imp|Tense=Pres|Voice=Act|Person=2">Responde</w>                <w xml:id="line.288b#w.2" pos="PROper" lemma="ego" msd="Case=Dat|Numb=Sing">mihi</w>                <w xml:id="line.288b#w.3" pos="PUNC" lemma="," msd="MORPH=empty">,</w>            </seg>            <seg xml:id="urn:cts:latinLit:phi0119.phi010.perseus-lat2:line.289">                <w xml:id="line.289#w.1" pos="NOM" lemma="adolescens?" msd="Case=Voc|Numb=Sing">adulescens</w>                <w xml:id="line.289#w.2" pos="PUNC" lemma=":" msd="MORPH=empty">:</w>                <w xml:id="line.289#w.3" pos="PROrel" lemma="qui1" msd="Case=Dat|Numb=Plur">quibus</w>                <w xml:id="line.289#w.4" pos="ADV" lemma="hic2" msd="Case=Nom|Numb=Sing|Deg=Pos">hic</w>                <w xml:id="line.289#w.5" pos="NOM" lemma="pretium" msd="Case=Abl|Numb=Plur">pretiis</w>                <w xml:id="line.289#w.6" pos="NOM" lemma="porcus" msd="Case=Nom|Numb=Plur">porci</w>                <w xml:id="line.289#w.7" pos="VER" lemma="ueneo" msd="Numb=Plur|Mood=Ind|Tense=Pres|Voice=Act|Person=3">veneunt</w>            </seg>            <seg xml:id="urn:cts:latinLit:phi0119.phi010.perseus-lat2:line.290">                <w xml:id="line.290#w.1" pos="ADJqua" lemma="sacer" msd="Case=Nom|Numb=Plur|Deg=Pos">sacres</w>                <w xml:id="line.290#w.2" pos="ADJqua" lemma="sincerus" msd="Case=Nom|Numb=Plur|Deg=Pos">sinceri</w>                <w xml:id="line.290#w.3" pos="PUNC" lemma="?" msd="MORPH=empty">?</w>            </seg>            <seg xml:id="urn:cts:latinLit:phi0119.phi010.perseus-lat2:line.290b">                <w xml:id="line.290b#w.1" pos="NOM" lemma="numus" msd="Case=Abl|Numb=Plur">Nummis</w>                <w xml:id="line.290b#w.2" pos="PUNC" lemma="." msd="MORPH=empty">.</w>            </seg>            <seg xml:id="urn:cts:latinLit:phi0119.phi010.perseus-lat2:line.290c">                <w xml:id="line.290c#w.1" pos="NOM" lemma="numus" msd="Case=Acc|Numb=Plur">Nummum</w>                <w xml:id="line.290c#w.2" pos="PRE" lemma="ab" msd="MORPH=empty">a</w>                <w xml:id="line.290c#w.3" pos="PROper" lemma="ego" msd="Case=Abl|Numb=Sing">me</w>                <w xml:id="line.290c#w.4" pos="VER" lemma="accipio" msd="Numb=Sing|Mood=Imp|Tense=Pres|Voice=Act|Person=2">accipe</w>                <w xml:id="line.290c#w.5" pos="PUNC" lemma=":" msd="MORPH=empty">:</w>            </seg>            <seg xml:id="urn:cts:latinLit:phi0119.phi010.perseus-lat2:line.291">                <w xml:id="line.291#w.1" pos="VER" lemma="iubeo" msd="Numb=Sing|Mood=Imp|Tense=Pres|Voice=Act|Person=2">iube</w>                <w xml:id="line.291#w.2" pos="PROper" lemma="tu" msd="Case=Acc|Numb=Sing">tÃ©</w>                <w xml:id="line.291#w.3" pos="VER" lemma="pio" msd="Mood=Inf|Tense=Pres|Voice=Pass">piari</w>                <w xml:id="line.291#w.4" pos="PRE" lemma="de" msd="MORPH=empty">de</w>                <w xml:id="line.291#w.5" pos="PROpos" lemma="meus" msd="Case=Abl|Numb=Sing">mea</w>                <w xml:id="line.291#w.6" pos="NOM" lemma="pecunia" msd="Case=Abl|Numb=Sing">pecunia</w>                <w xml:id="line.291#w.7" pos="PUNC" lemma="." msd="MORPH=empty">.</w>            </seg>            <seg xml:id="urn:cts:latinLit:phi0119.phi010.perseus-lat2:line.292">                <w xml:id="line.292#w.1" pos="CONcoo" lemma="nam" msd="MORPH=empty">nam</w>                <w xml:id="line.292#w.2" pos="ADV" lemma="pquidem" msd="Deg=Pos">Ã©quidem</w>                <w xml:id="line.292#w.3" pos="ADJqua" lemma="insanus" msd="Case=Acc|Numb=Sing|Deg=Pos">insanum</w>                <w xml:id="line.292#w.4" pos="VER" lemma="sum1" msd="Mood=Inf|Tense=Pres|Voice=Act">esse</w>                <w xml:id="line.292#w.5" pos="PROper" lemma="tu" msd="Case=Acc|Numb=Sing">te</w>                <w xml:id="line.292#w.6" pos="ADV" lemma="certo2" msd="Deg=Pos">certo</w>                <w xml:id="line.292#w.7" pos="VER" lemma="scio" msd="Numb=Sing|Mood=Ind|Tense=Pres|Voice=Act|Person=1">scio</w>                <w xml:id="line.292#w.8" pos="PUNC" lemma="," msd="MORPH=empty">,</w>            </seg>            <seg xml:id="urn:cts:latinLit:phi0119.phi010.perseus-lat2:line.293">                <w xml:id="line.293#w.1" pos="PROrel" lemma="qui1" msd="Case=Nom|Numb=Sing">qui</w>                <w xml:id="line.293#w.2" pos="PROper" lemma="ego" msd="Case=Dat|Numb=Sing">mihi</w>                <w xml:id="line.293#w.3" pos="NOM" lemma="homo" msd="Case=Dat|Numb=Sing">homini</w>                <w xml:id="line.293#w.4" pos="ADJqua" lemma="ignotus" msd="Case=Dat|Numb=Sing|Deg=Pos">ignoto</w>                <w xml:id="line.293#w.5" pos="PUNC" lemma="," msd="MORPH=empty">,</w>                <w xml:id="line.293#w.6" pos="PROrel" lemma="quisquis1" msd="Case=Nom|Numb=Sing">quisquis</w>                <w xml:id="line.293#w.7" pos="VER" lemma="sum1" msd="Numb=Sing|Mood=Ind|Tense=Pres|Voice=Act|Person=2">es</w>                <w xml:id="line.293#w.8" pos="PUNC" lemma="." msd="MORPH=empty">.</w>            </seg>            <seg xml:id="urn:cts:latinLit:phi0119.phi010.perseus-lat2:line.294">                <w xml:id="line.294#w.1" pos="NOM" lemma="cylindrus" msd="Case=Nom|Numb=Sing">Cylindrus</w>                <w xml:id="line.294#w.2" pos="PROper" lemma="ego" msd="Case=Nom|Numb=Sing">ego</w>                <w xml:id="line.294#w.3" pos="VER" lemma="sum1" msd="Numb=Sing|Mood=Ind|Tense=Pres|Voice=Act|Person=1">sum</w>                <w xml:id="line.294#w.4" pos="PUNC" lemma=":" msd="MORPH=empty">:</w>                <w xml:id="line.294#w.5" pos="ADVneg" lemma="non" msd="MORPH=empty">non</w>                <w xml:id="line.294#w.6" pos="VER" lemma="nosco" msd="Numb=Sing|Mood=Ind|Tense=Perf|Voice=Act|Person=2">nosti</w>                <w xml:id="line.294#w.7" pos="NOM" lemma="nomen" msd="Case=Acc|Numb=Sing">nomen</w>                <w xml:id="line.294#w.8" pos="PROpos" lemma="meus" msd="Case=Acc|Numb=Sing">meum</w>                <w xml:id="line.294#w.9" pos="PUNC" lemma="?" msd="MORPH=empty">?</w>            </seg>            <seg xml:id="urn:cts:latinLit:phi0119.phi010.perseus-lat2:line.295">                <w xml:id="line.295#w.1" pos="CONsub" lemma="si2" msd="MORPH=empty">Si</w>                <w xml:id="line.295#w.2" pos="PROper" lemma="tu" msd="Case=Nom|Numb=Sing">tu</w>                <w xml:id="line.295#w.3" pos="NOM" lemma="cylindrus" msd="Case=Nom|Numb=Sing">Cylindrus</w>                <w xml:id="line.295#w.4" pos="CONsub" lemma="seu2" msd="MORPH=empty">seu</w>                <w xml:id="line.295#w.5" pos="NOM" lemma="coriendrus" msd="Case=Nom|Numb=Sing">Coriendrus</w>                <w xml:id="line.295#w.6" pos="PUNC" lemma="," msd="MORPH=empty">,</w>                <w xml:id="line.295#w.7" pos="VER" lemma="pereo1" msd="Numb=Sing|Mood=Ind|Tense=FutAnt|Voice=Act|Person=2">perieris</w>                <w xml:id="line.295#w.8" pos="PUNC" lemma="." msd="MORPH=empty">.</w>            </seg>            <seg xml:id="urn:cts:latinLit:phi0119.phi010.perseus-lat2:line.296">                <w xml:id="line.296#w.1" pos="PROper" lemma="ego" msd="Case=Nom|Numb=Sing">ego</w>                <w xml:id="line.296#w.2" pos="PROper" lemma="tu" msd="Case=Acc|Numb=Sing">te</w>                <w xml:id="line.296#w.3" pos="ADVneg" lemma="non" msd="MORPH=empty">non</w>                <w xml:id="line.296#w.4" pos="VER" lemma="nosco" msd="Numb=Sing|Mood=Ind|Tense=Perf|Voice=Act|Person=1">novi</w>                <w xml:id="line.296#w.5" pos="PUNC" lemma="," msd="MORPH=empty">,</w>                <w xml:id="line.296#w.6" pos="CONcoo" lemma="neque" msd="MORPH=empty">neque</w>                <w xml:id="line.296#w.7" pos="VER" lemma="nosco" msd="Mood=Inf|Tense=Perf|Voice=Act">novisse</w>                <w xml:id="line.296#w.8" pos="ADV" lemma="adeo2" msd="Deg=Pos">adeo</w>                <w xml:id="line.296#w.9" pos="VER" lemma="uolo?" msd="Numb=Sing|Mood=Ind|Tense=Pres|Voice=Act|Person=1">volo</w>                <w xml:id="line.296#w.10" pos="PUNC" lemma="." msd="MORPH=empty">.</w>            </seg>            <seg xml:id="urn:cts:latinLit:phi0119.phi010.perseus-lat2:line.297">                <w xml:id="line.297#w.1" pos="VER" lemma="sum1" msd="Numb=Sing|Mood=Ind|Tense=Pres|Voice=Act|Person=3">Est</w>                <w xml:id="line.297#w.2" pos="PROper" lemma="tu" msd="Case=Dat|Numb=Sing">tibi</w>                <w xml:id="line.297#w.3" pos="NOM" lemma="menaechmus" msd="Case=Dat|Numb=Sing">Menaechmo</w>                <w xml:id="line.297#w.4" pos="NOM" lemma="nomen" msd="Case=Nom|Numb=Sing">nomen</w>                <w xml:id="line.297#w.5" pos="PUNC" lemma="," msd="MORPH=empty">,</w>                <w xml:id="line.297#w.6" pos="ADV" lemma="tantum2" msd="Case=Acc|Deg=Pos">tantum</w>                <w xml:id="line.297#w.7" pos="PROrel" lemma="qui1" msd="Case=Acc|Numb=Sing">quod</w>                <w xml:id="line.297#w.8" pos="VER" lemma="scio" msd="Numb=Sing|Mood=Sub|Tense=Pres|Voice=Act|Person=1">sciam</w>                <w xml:id="line.297#w.9" pos="PUNC" lemma="." msd="MORPH=empty">.</w>            </seg>            <seg xml:id="urn:cts:latinLit:phi0119.phi010.perseus-lat2:line.298">                <w xml:id="line.298#w.1" pos="PRE" lemma="pro1" msd="MORPH=empty">Pro</w>                <w xml:id="line.298#w.2" pos="ADJqua" lemma="sanus" msd="Case=Abl|Numb=Sing|Deg=Pos">sano</w>                <w xml:id="line.298#w.3" pos="VER" lemma="loquor" msd="Numb=Sing|Mood=Ind|Tense=Pres|Voice=Dep|Person=2">loqueris</w>                <w xml:id="line.298#w.4" pos="CONsub" lemma="cum3" msd="MORPH=empty">quom</w>                <w xml:id="line.298#w.5" pos="PROper" lemma="ego" msd="Case=Acc|Numb=Sing">me</w>                <w xml:id="line.298#w.6" pos="VER" lemma="appello?" msd="Numb=Sing|Mood=Ind|Tense=Pres|Voice=Act|Person=2">appellas</w>                <w xml:id="line.298#w.7" pos="NOM" lemma="nomen" msd="Case=Abl|Numb=Sing">nomine</w>                <w xml:id="line.298#w.8" pos="PUNC" lemma="." msd="MORPH=empty">.</w>            </seg>            <seg xml:id="urn:cts:latinLit:phi0119.phi010.perseus-lat2:line.299">                <w xml:id="line.299#w.1" pos="CONcoo" lemma="sed" msd="MORPH=empty">sed</w>                <w xml:id="line.299#w.2" pos="CONsub" lemma="ubi3" msd="MORPH=empty">ubi</w>                <w xml:id="line.299#w.3" pos="VER" lemma="nosco" msd="Numb=Sing|Mood=Ind|Tense=Perf|Voice=Act|Person=2">novisti</w>                <w xml:id="line.299#w.4" pos="PROper" lemma="ego" msd="Case=Acc|Numb=Sing">me</w>                <w xml:id="line.299#w.5" pos="PUNC" lemma="?" msd="MORPH=empty">?</w>            </seg>            <seg xml:id="urn:cts:latinLit:phi0119.phi010.perseus-lat2:line.299b">                <w xml:id="line.299b#w.1" pos="CONsub" lemma="ubi3" msd="MORPH=empty">Vbi</w>                <w xml:id="line.299b#w.2" pos="PROper" lemma="ego" msd="Case=Nom|Numb=Sing">ego</w>                <w xml:id="line.299b#w.3" pos="PROper" lemma="tu" msd="Case=Acc|Numb=Sing">te</w>                <w xml:id="line.299b#w.4" pos="VER" lemma="nosco" msd="Numb=Sing|Mood=Sub|Tense=Perf|Voice=Act|Person=1">noverim</w>                <w xml:id="line.299b#w.5" pos="PUNC" lemma="," msd="MORPH=empty">,</w>            </seg>            <seg xml:id="urn:cts:latinLit:phi0119.phi010.perseus-lat2:line.300">                <w xml:id="line.300#w.1" pos="PROrel" lemma="qui1" msd="Case=Nom|Numb=Sing">qui</w>                <w xml:id="line.300#w.2" pos="NOM" lemma="amica" msd="Case=Acc|Numb=Sing">amicam</w>                <w xml:id="line.300#w.3" pos="VER" lemma="habeo" msd="Numb=Sing|Mood=Ind|Tense=Pres|Voice=Act|Person=2">habes</w>                <w xml:id="line.300#w.4" pos="VER" lemma="sum1" msd="Numb=Sing|Mood=Ind|Tense=Impa|Voice=Act|Person=1">eram</w>                <w xml:id="line.300#w.5" pos="PROpos" lemma="meus" msd="Case=Acc|Numb=Sing">meam</w>                <w xml:id="line.300#w.6" pos="PROdem" lemma="hic1" msd="Case=Acc|Numb=Sing">hanc</w>                <w xml:id="line.300#w.7" pos="NOM" lemma="erotium" msd="Case=Gen|Numb=Plur">Erotium</w>                <w xml:id="line.300#w.8" pos="PUNC" lemma="?" msd="MORPH=empty">?</w>            </seg>            <seg xml:id="urn:cts:latinLit:phi0119.phi010.perseus-lat2:line.301">                <w xml:id="line.301#w.1" pos="CONcoo" lemma="neque" msd="MORPH=empty">Neque</w>                <w xml:id="line.301#w.2" pos="INJ" lemma="hercules" msd="MORPH=empty">hercle</w>                <w xml:id="line.301#w.3" pos="PROper" lemma="ego" msd="Case=Nom|Numb=Sing">ego</w>                <w xml:id="line.301#w.4" pos="VER" lemma="habeo" msd="Numb=Sing|Mood=Ind|Tense=Pres|Voice=Act|Person=1">habeo</w>                <w xml:id="line.301#w.5" pos="PUNC" lemma="," msd="MORPH=empty">,</w>                <w xml:id="line.301#w.6" pos="CONcoo" lemma="neque" msd="MORPH=empty">neque</w>                <w xml:id="line.301#w.7" pos="PROper" lemma="tu" msd="Case=Acc|Numb=Sing">te</w>                <w xml:id="line.301#w.8" pos="PROint" lemma="quis1" msd="Case=Nom|Numb=Sing">quis</w>                <w xml:id="line.301#w.9" pos="NOM" lemma="homo" msd="Case=Nom|Numb=Sing">homo</w>                <w xml:id="line.301#w.10" pos="VER" lemma="sum1" msd="Numb=Sing|Mood=Sub|Tense=Pres|Voice=Act|Person=2">sis</w>                <w xml:id="line.301#w.11" pos="VER" lemma="scio" msd="Numb=Sing|Mood=Ind|Tense=Pres|Voice=Act|Person=1">scio</w>                <w xml:id="line.301#w.12" pos="PUNC" lemma="." msd="MORPH=empty">.</w>            </seg>            <seg xml:id="urn:cts:latinLit:phi0119.phi010.perseus-lat2:line.302">                <w xml:id="line.302#w.1" pos="ADVneg" lemma="non" msd="MORPH=empty">Non</w>                <w xml:id="line.302#w.2" pos="VER" lemma="scio" msd="Numb=Sing|Mood=Ind|Tense=Pres|Voice=Act|Person=2">scis</w>                <w xml:id="line.302#w.3" pos="PROint" lemma="quis1" msd="Case=Nom|Numb=Sing">quis</w>                <w xml:id="line.302#w.4" pos="PROper" lemma="ego" msd="Case=Nom|Numb=Sing">ego</w>                <w xml:id="line.302#w.5" pos="VER" lemma="sum1" msd="Numb=Sing|Mood=Sub|Tense=Pres|Voice=Act|Person=1">sim</w>                <w xml:id="line.302#w.6" pos="PUNC" lemma="," msd="MORPH=empty">,</w>                <w xml:id="line.302#w.7" pos="PROrel" lemma="qui1" msd="Case=Nom|Numb=Sing">qui</w>                <w xml:id="line.302#w.8" pos="PROper" lemma="tu" msd="Case=Dat|Numb=Sing">tibi</w>                <w xml:id="line.302#w.9" pos="ADV" lemma="saepus" msd="Deg=Sup">saepissime</w>            </seg>            <seg xml:id="urn:cts:latinLit:phi0119.phi010.perseus-lat2:line.303">                <w xml:id="line.303#w.1" pos="NOM" lemma="cyathissus" msd="Case=Abl|Numb=Sing">cyathisso</w>                <w xml:id="line.303#w.2" pos="PRE" lemma="apud" msd="MORPH=empty">apud</w>                <w xml:id="line.303#w.3" pos="PROper" lemma="nos" msd="Case=Acc|Numb=Plur">nos</w>                <w xml:id="line.303#w.4" pos="PUNC" lemma="," msd="MORPH=empty">,</w>                <w xml:id="line.303#w.5" pos="ADVint" lemma="quando2" msd="MORPH=empty">quando</w>                <w xml:id="line.303#w.6" pos="VER" lemma="poto" msd="Numb=Sing|Mood=Ind|Tense=Pres|Voice=Act|Person=2">potas</w>                <w xml:id="line.303#w.7" pos="PUNC" lemma="?" msd="MORPH=empty">?</w>            </seg>            <seg xml:id="urn:cts:latinLit:phi0119.phi010.perseus-lat2:line.303b">                <w xml:id="line.303b#w.1" pos="INJ" lemma="ei" msd="MORPH=empty">Ei</w>                <w xml:id="line.303b#w.2" pos="PROper" lemma="ego" msd="Case=Dat|Numb=Sing">mihi</w>                <w xml:id="line.303b#w.3" pos="PUNC" lemma="," msd="MORPH=empty">,</w>            </seg>            <seg xml:id="urn:cts:latinLit:phi0119.phi010.perseus-lat2:line.304">                <w xml:id="line.304#w.1" pos="CONsub" lemma="cum3" msd="MORPH=empty">quom</w>                <w xml:id="line.304#w.2" pos="PROind" lemma="nihil" msd="Case=Ind">nihil</w>                <w xml:id="line.304#w.3" pos="VER" lemma="sum1" msd="Numb=Sing|Mood=Ind|Tense=Pres|Voice=Act|Person=3">est</w>                <w xml:id="line.304#w.4" pos="PROrel" lemma="qui1" msd="Case=Nom|Numb=Sing">qui</w>                <w xml:id="line.304#w.5" pos="PROdem" lemma="ille" msd="Case=Dat|Numb=Sing">illi</w>                <w xml:id="line.304#w.6" pos="NOM" lemma="homo" msd="Case=Dat|Numb=Sing">homini</w>                <w xml:id="line.304#w.7" pos="VER" lemma="diminuo" msd="Numb=Sing|Mood=Ind|Tense=Fut|Voice=Act|Person=1">diminuam</w>                <w xml:id="line.304#w.8" pos="NOM" lemma="caput" msd="Case=Acc|Numb=Sing">caput</w>                <w xml:id="line.304#w.9" pos="PUNC" lemma="." msd="MORPH=empty">.</w>            </seg>            <seg xml:id="urn:cts:latinLit:phi0119.phi010.perseus-lat2:line.305">                <w xml:id="line.305#w.1" pos="PROper" lemma="tu" msd="Case=Nom|Numb=Sing">Tun</w>                <w xml:id="line.305#w.2" pos="ADV" lemma="ne2" msd="MORPH=empty">Tun</w>                <w xml:id="line.305#w.3" pos="NOM" lemma="cyathissarus" msd="Case=Voc|Numb=Sing">cyathissare</w>                <w xml:id="line.305#w.4" pos="PROper" lemma="ego" msd="Case=Dat|Numb=Sing">mihi</w>                <w xml:id="line.305#w.5" pos="VER" lemma="soleo" msd="Numb=Sing|Mood=Ind|Tense=Pres|Voice=SemDep|Person=2">soles</w>                <w xml:id="line.305#w.6" pos="PUNC" lemma="," msd="MORPH=empty">,</w>                <w xml:id="line.305#w.7" pos="PROrel" lemma="qui1" msd="Case=Nom|Numb=Sing">qui</w>                <w xml:id="line.305#w.8" pos="PRE" lemma="ante2" msd="MORPH=empty">ante</w>                <w xml:id="line.305#w.9" pos="PROdem" lemma="hic1" msd="Case=Acc|Numb=Sing">hunc</w>                <w xml:id="line.305#w.10" pos="NOM" lemma="dies" msd="Case=Acc|Numb=Sing">diem</w>            </seg>            <seg xml:id="urn:cts:latinLit:phi0119.phi010.perseus-lat2:line.306">                <w xml:id="line.306#w.1" pos="NOM" lemma="epidamnum" msd="Case=Acc|Numb=Sing">Epidamnum</w>                <w xml:id="line.306#w.2" pos="ADVneg" lemma="numquam" msd="MORPH=empty">numquam</w>                <w xml:id="line.306#w.3" pos="VER" lemma="uideo" msd="Numb=Sing|Mood=Ind|Tense=Perf|Voice=Act|Person=1">vidi</w>                <w xml:id="line.306#w.4" pos="CONcoo" lemma="neque" msd="MORPH=empty">neque</w>                <w xml:id="line.306#w.5" pos="VER" lemma="uenio" msd="Numb=Sing|Mood=Ind|Tense=Perf|Voice=Act|Person=2">veni</w>                <w xml:id="line.306#w.6" pos="PUNC" lemma="?" msd="MORPH=empty">?</w>            </seg>            <seg xml:id="urn:cts:latinLit:phi0119.phi010.perseus-lat2:line.306b">                <w xml:id="line.306b#w.1" pos="VER" lemma="nego" msd="Numb=Sing|Mood=Ind|Tense=Pres|Voice=Act|Person=2">Negas</w>                <w xml:id="line.306b#w.2" pos="PUNC" lemma="?" msd="MORPH=empty">?</w>            </seg>            <seg xml:id="urn:cts:latinLit:phi0119.phi010.perseus-lat2:line.307">                <w xml:id="line.307#w.1" pos="VER" lemma="nego" msd="Numb=Sing|Mood=Ind|Tense=Pres|Voice=Act|Person=1">Nego</w>                <w xml:id="line.307#w.2" pos="INJ" lemma="hercules" msd="MORPH=empty">hercle</w>                <w xml:id="line.307#w.3" pos="ADV" lemma="uero3" msd="Deg=Pos">vero</w>                <w xml:id="line.307#w.4" pos="PUNC" lemma="." msd="MORPH=empty">.</w>            </seg>            <seg xml:id="urn:cts:latinLit:phi0119.phi010.perseus-lat2:line.307b">                <w xml:id="line.307b#w.1" pos="ADVneg" lemma="non" msd="MORPH=empty">Non</w>                <w xml:id="line.307b#w.2" pos="PROper" lemma="tu" msd="Case=Nom|Numb=Sing">tu</w>                <w xml:id="line.307b#w.3" pos="PRE" lemma="in" msd="MORPH=empty">in</w>                <w xml:id="line.307b#w.4" pos="PROdem" lemma="illic1" msd="Case=Abl|Numb=Plur">illisce</w>                <w xml:id="line.307b#w.5" pos="NOM" lemma="aedes" msd="Case=Abl|Numb=Plur">aedibus</w>            </seg>            <seg xml:id="urn:cts:latinLit:phi0119.phi010.perseus-lat2:line.308">                <w xml:id="line.308#w.1" pos="PUNC" lemma="â " msd="MORPH=empty">â </w>                <w xml:id="line.308#w.2" pos="VER" lemma="habito" msd="Numb=Sing|Mood=Ind|Tense=Pres|Voice=Act|Person=2">habitas</w>                <w xml:id="line.308#w.3" pos="PUNC" lemma="?" msd="MORPH=empty">?</w>            </seg>            <seg xml:id="urn:cts:latinLit:phi0119.phi010.perseus-lat2:line.308b">                <w xml:id="line.308b#w.1" pos="NOM" lemma="deus" msd="Case=Nom|Numb=Plur">Di</w>                <w xml:id="line.308b#w.2" pos="PROdem" lemma="ille" msd="Case=Acc|Numb=Plur">illos</w>                <w xml:id="line.308b#w.3" pos="NOM" lemma="homo" msd="Case=Acc|Numb=Plur">homines</w>                <w xml:id="line.308b#w.4" pos="PUNC" lemma="," msd="MORPH=empty">,</w>                <w xml:id="line.308b#w.5" pos="PROrel" lemma="qui1" msd="Case=Nom|Numb=Plur">qui</w>                <w xml:id="line.308b#w.6" pos="ADV" lemma="illic2" msd="Deg=Pos">illic</w>                <w xml:id="line.308b#w.7" pos="VER" lemma="habito" msd="Numb=Plur|Mood=Ind|Tense=Pres|Voice=Act|Person=3">habitant</w>                <w xml:id="line.308b#w.8" pos="PUNC" lemma="," msd="MORPH=empty">,</w>                <w xml:id="line.308b#w.9" pos="VER" lemma="perdo" msd="Numb=Plur|Mood=Sub|Tense=Pres|Voice=Act|Person=3">perduint</w>                <w xml:id="line.308b#w.10" pos="PUNC" lemma="." msd="MORPH=empty">.</w>            </seg>            <seg xml:id="urn:cts:latinLit:phi0119.phi010.perseus-lat2:line.309">                <w xml:id="line.309#w.1" pos="VER" lemma="insanio" msd="Numb=Sing|Mood=Ind|Tense=Pres|Voice=Act|Person=3">Insanit</w>                <w xml:id="line.309#w.2" pos="PROdem" lemma="hic1" msd="Case=Nom|Numb=Sing">hic</w>                <w xml:id="line.309#w.3" pos="ADV" lemma="quidem" msd="Deg=Pos">quidem</w>                <w xml:id="line.309#w.4" pos="PUNC" lemma="," msd="MORPH=empty">,</w>                <w xml:id="line.309#w.5" pos="PROrel" lemma="qui1" msd="Case=Nom|Numb=Sing">qui</w>                <w xml:id="line.309#w.6" pos="PROdem" lemma="ipse" msd="Case=Nom|Numb=Sing">ipse</w>                <w xml:id="line.309#w.7" pos="ADV" lemma="male" msd="Deg=Pos">male</w>                <w xml:id="line.309#w.8" pos="VER" lemma="dico?" msd="Numb=Sing|Mood=Ind|Tense=Pres|Voice=Act|Person=3">dicit</w>                <w xml:id="line.309#w.9" pos="PROref" lemma="sui1" msd="Case=Dat|Numb=Sing">sibi</w>                <w xml:id="line.309#w.10" pos="PUNC" lemma="." msd="MORPH=empty">.</w>            </seg>            <seg xml:id="urn:cts:latinLit:phi0119.phi010.perseus-lat2:line.310">                <w xml:id="line.310#w.1" pos="VER" lemma="audio" msd="Numb=Sing|Mood=Ind|Tense=Pres|Voice=Act|Person=2">audin</w>                <w xml:id="line.310#w.2" pos="ADV" lemma="ne2" msd="MORPH=empty">audin</w>                <w xml:id="line.310#w.3" pos="PUNC" lemma="," msd="MORPH=empty">,</w>                <w xml:id="line.310#w.4" pos="NOM" lemma="menaecher" msd="Case=Voc|Numb=Sing">Menaechme</w>                <w xml:id="line.310#w.5" pos="PUNC" lemma="?" msd="MORPH=empty">?</w>            </seg>            <seg xml:id="urn:cts:latinLit:phi0119.phi010.perseus-lat2:line.310b">                <w xml:id="line.310b#w.1" pos="PROint" lemma="quis1" msd="Case=Acc|Numb=Sing">Quid</w>                <w xml:id="line.310b#w.2" pos="VER" lemma="uolo?" msd="Numb=Sing|Mood=Ind|Tense=Pres|Voice=Act|Person=2">vis</w>                <w xml:id="line.310b#w.3" pos="PUNC" lemma="?" msd="MORPH=empty">?</w>            </seg>            <seg xml:id="urn:cts:latinLit:phi0119.phi010.perseus-lat2:line.310c">                <w xml:id="line.310c#w.1" pos="CONsub" lemma="si2" msd="MORPH=empty">Si</w>                <w xml:id="line.310c#w.2" pos="PROper" lemma="ego" msd="Case=Acc|Numb=Sing">me</w>                <w xml:id="line.310c#w.3" pos="VER" lemma="consulo" msd="Numb=Sing|Mood=Sub|Tense=Pres|Voice=Act|Person=2">consulas</w>                <w xml:id="line.310c#w.4" pos="PUNC" lemma="," msd="MORPH=empty">,</w>            </seg>            <seg xml:id="urn:cts:latinLit:phi0119.phi010.perseus-lat2:line.311">                <w xml:id="line.311#w.1" pos="NOM" lemma="numus" msd="Case=Acc|Numb=Sing">nummum</w>                <w xml:id="line.311#w.2" pos="PROdem" lemma="ille" msd="Case=Acc|Numb=Sing">illum</w>                <w xml:id="line.311#w.3" pos="PROrel" lemma="qui1" msd="Case=Acc|Numb=Sing">quem</w>                <w xml:id="line.311#w.4" pos="PROper" lemma="ego" msd="Case=Dat|Numb=Sing">mihi</w>                <w xml:id="line.311#w.5" pos="ADV" lemma="dudum" msd="Deg=Pos">dudum</w>                <w xml:id="line.311#w.6" pos="VER" lemma="do" msd="Mood=Inf|Tense=Pres|Voice=Act">dare</w>                <w xml:id="line.311#w.7" pos="PUNC" lemma="â" msd="MORPH=empty">â</w>            </seg>            <seg xml:id="urn:cts:latinLit:phi0119.phi010.perseus-lat2:line.312">                <w xml:id="line.312#w.1" pos="CONcoo" lemma="nam" msd="MORPH=empty">nam</w>                <w xml:id="line.312#w.2" pos="PROper" lemma="tu" msd="Case=Nom|Numb=Sing">tu</w>                <w xml:id="line.312#w.3" pos="ADV" lemma="quidem" msd="Deg=Pos">quidem</w>                <w xml:id="line.312#w.4" pos="INJ" lemma="hercules" msd="MORPH=empty">hercle</w>                <w xml:id="line.312#w.5" pos="ADJqua" lemma="certo?" msd="Numb=Sing|Deg=Pos">certo</w>                <w xml:id="line.312#w.6" pos="ADVneg" lemma="non" msd="MORPH=empty">non</w>                <w xml:id="line.312#w.7" pos="ADV" lemma="satis2" msd="Case=Ind|Deg=Pos">satis</w>                <w xml:id="line.312#w.8" pos="PUNC" lemma="," msd="MORPH=empty">,</w>            </seg>            <seg xml:id="urn:cts:latinLit:phi0119.phi010.perseus-lat2:line.313">                <w xml:id="line.313#w.1" pos="NOM" lemma="menaecher" msd="Case=Abl|Numb=Sing">Menaechme</w>                <w xml:id="line.313#w.2" pos="PUNC" lemma="," msd="MORPH=empty">,</w>                <w xml:id="line.313#w.3" pos="PROrel" lemma="qui1" msd="Case=Nom|Numb=Sing">qui</w>                <w xml:id="line.313#w.4" pos="ADV" lemma="nunc" msd="Deg=Pos">nunc</w>                <w xml:id="line.313#w.5" pos="PROdem" lemma="ipse" msd="Case=Nom|Numb=Sing">ipsus</w>                <w xml:id="line.313#w.6" pos="ADV" lemma="male" msd="Deg=Pos">male</w>                <w xml:id="line.313#w.7" pos="VER" lemma="dico?" msd="Numb=Sing|Mood=Sub|Tense=Pres|Voice=Act|Person=2">dicas</w>                <w xml:id="line.313#w.8" pos="PROper" lemma="tu" msd="Case=Dat|Numb=Sing">tibi</w>                <w xml:id="line.313#w.9" pos="PUNC" lemma="â" msd="MORPH=empty">â</w>            </seg>            <seg xml:id="urn:cts:latinLit:phi0119.phi010.perseus-lat2:line.314">                <w xml:id="line.314#w.1" pos="VER" lemma="iubeo" msd="Numb=Sing|Mood=Sub|Tense=Pres|Voice=Act|Person=2">iubeas</w>                <w xml:id="line.314#w.2" pos="PUNC" lemma="," msd="MORPH=empty">,</w>                <w xml:id="line.314#w.3" pos="CONsub" lemma="si2" msd="MORPH=empty">si</w>                <w xml:id="line.314#w.4" pos="VER" lemma="sapio" msd="Numb=Sing|Mood=Sub|Tense=Pres|Voice=Act|Person=2">sapias</w>                <w xml:id="line.314#w.5" pos="PUNC" lemma="," msd="MORPH=empty">,</w>                <w xml:id="line.314#w.6" pos="NOM" lemma="porculus" msd="Case=Acc|Numb=Sing">porculum</w>                <w xml:id="line.314#w.7" pos="VER" lemma="affero" msd="Mood=Inf|Tense=Pres|Voice=Pass">adferri</w>                <w xml:id="line.314#w.8" pos="PROper" lemma="tu" msd="Case=Dat|Numb=Sing">tibi</w>                <w xml:id="line.314#w.9" pos="PUNC" lemma="." msd="MORPH=empty">.</w>            </seg>            <seg xml:id="urn:cts:latinLit:phi0119.phi010.perseus-lat2:line.316">                <w xml:id="line.316#w.1" pos="INJ" lemma="eu" msd="MORPH=empty">Eu</w>                <w xml:id="line.316#w.2" pos="INJ" lemma="hercules" msd="MORPH=empty">hercle</w>                <w xml:id="line.316#w.3" pos="NOM" lemma="homo" msd="Case=Acc|Numb=Sing">hominem</w>                <w xml:id="line.316#w.4" pos="NOM" lemma="multus" msd="Case=Acc|Numb=Sing|Deg=Pos">multum</w>                <w xml:id="line.316#w.5" pos="PUNC" lemma="," msd="MORPH=empty">,</w>                <w xml:id="line.316#w.6" pos="CONcoo" lemma="et2" msd="MORPH=empty">et</w>                <w xml:id="line.316#w.7" pos="ADJqua" lemma="odiosus" msd="Case=Nom|Numb=Sing|Deg=Pos">odiosum</w>                <w xml:id="line.316#w.8" pos="PROper" lemma="ego" msd="Case=Dat|Numb=Sing">mihi</w>                <w xml:id="line.316#w.9" pos="PUNC" lemma="." msd="MORPH=empty">.</w>            </seg>            <seg xml:id="urn:cts:latinLit:phi0119.phi010.perseus-lat2:line.317">                <w xml:id="line.317#w.1" pos="VER" lemma="soleo" msd="Numb=Sing|Mood=Ind|Tense=Pres|Voice=SemDep|Person=3">Solet</w>                <w xml:id="line.317#w.2" pos="VER" lemma="iocor" msd="Mood=Inf|Tense=Pres|Voice=Dep">iocari</w>                <w xml:id="line.317#w.3" pos="ADV" lemma="saepe" msd="Deg=Pos">saepe</w>                <w xml:id="line.317#w.4" pos="PROper" lemma="ego" msd="Case=Abl|Numb=Sing">mecum</w>                <w xml:id="line.317#w.5" pos="CON" lemma="cum3" msd="MORPH=empty">mecum</w>                <w xml:id="line.317#w.6" pos="PROdem" lemma="illic1" msd="Case=Abl|Numb=Sing">illoc</w>                <w xml:id="line.317#w.7" pos="NOM" lemma="modus" msd="Case=Abl|Numb=Sing">modo</w>                <w xml:id="line.317#w.8" pos="PUNC" lemma="." msd="MORPH=empty">.</w>            </seg>            <seg xml:id="urn:cts:latinLit:phi0119.phi010.perseus-lat2:line.318">                <w xml:id="line.318#w.1" pos="ADVint" lemma="quam2" msd="MORPH=empty">quam</w>                <w xml:id="line.318#w.2" pos="NOM" lemma="uis" msd="Case=Nom|Numb=Sing">vis</w>                <w xml:id="line.318#w.3" pos="ADJqua" lemma="ridiculus2" msd="Case=Nom|Numb=Sing|Deg=Pos">ridiculus</w>                <w xml:id="line.318#w.4" pos="VER" lemma="sum1" msd="Numb=Sing|Mood=Ind|Tense=Pres|Voice=Act|Person=3">est</w>                <w xml:id="line.318#w.5" pos="PUNC" lemma="," msd="MORPH=empty">,</w>                <w xml:id="line.318#w.6" pos="ADVint" lemma="ubi2" msd="MORPH=empty">ubi</w>                <w xml:id="line.318#w.7" pos="NOM" lemma="uxor" msd="Case=Nom|Numb=Sing">uxor</w>                <w xml:id="line.318#w.8" pos="ADVneg" lemma="non" msd="MORPH=empty">non</w>                <w xml:id="line.318#w.9" pos="VER" lemma="assum1" msd="Numb=Sing|Mood=Ind|Tense=Pres|Voice=Act|Person=3">adest</w>                <w xml:id="line.318#w.10" pos="PUNC" lemma="." msd="MORPH=empty">.</w>            </seg>            <seg xml:id="urn:cts:latinLit:phi0119.phi010.perseus-lat2:line.319">                <w xml:id="line.319#w.1" pos="PROint" lemma="quis1" msd="Case=Acc|Numb=Sing">quid</w>                <w xml:id="line.319#w.2" pos="VER" lemma="aio" msd="Numb=Sing|Mood=Ind|Tense=Pres|Voice=Act|Person=2">ais</w>                <w xml:id="line.319#w.3" pos="PROper" lemma="tu" msd="Case=Nom|Numb=Sing">tu</w>                <w xml:id="line.319#w.4" pos="PUNC" lemma="?" msd="MORPH=empty">?</w>            </seg>            <seg xml:id="urn:cts:latinLit:phi0119.phi010.perseus-lat2:line.319b">                <w xml:id="line.319b#w.1" pos="PROint" lemma="quis1" msd="Case=Acc|Numb=Sing">Quid</w>                <w xml:id="line.319b#w.2" pos="VER" lemma="uolo?" msd="Numb=Sing|Mood=Ind|Tense=Pres|Voice=Act|Person=2">vis</w>                <w xml:id="line.319b#w.3" pos="PUNC" lemma="," msd="MORPH=empty">,</w>                <w xml:id="line.319b#w.4" pos="VER" lemma="inquio" msd="Numb=Sing|Mood=Ind|Tense=Pres|Voice=Act|Person=1">inquam</w>                <w xml:id="line.319b#w.5" pos="PUNC" lemma="." msd="MORPH=empty">.</w>            </seg>            <seg xml:id="urn:cts:latinLit:phi0119.phi010.perseus-lat2:line.319c">                <w xml:id="line.319c#w.1" pos="ADV" lemma="satis" msd="Deg=Pos">Satin</w>                <w xml:id="line.319c#w.2" pos="ADV" lemma="ne2" msd="MORPH=empty">Satin</w>                <w xml:id="line.319c#w.3" pos="PROdem" lemma="hic1" msd="Case=Acc|Numb=Sing">hoc</w>                <w xml:id="line.319c#w.4" pos="PROrel" lemma="qui1" msd="Case=Acc|Numb=Sing">quod</w>                <w xml:id="line.319c#w.5" pos="VER" lemma="uideo" msd="Numb=Sing|Mood=Ind|Tense=Pres|Voice=Act|Person=2">vides</w>            </seg>            <seg xml:id="urn:cts:latinLit:phi0119.phi010.perseus-lat2:line.320">                <w xml:id="line.320#w.1" pos="ADJcar" lemma="tres" msd="Case=Abl|Numb=Plur">tribus</w>                <w xml:id="line.320#w.2" pos="NOM" lemma="urbs" msd="Case=Dat|Numb=Plur">vÃ³bis</w>                <w xml:id="line.320#w.3" pos="VER" lemma="obsono1" msd="Numb=Sing|Mood=Par|Tense=Perf|Voice=Pass">opsonatumst</w>                <w xml:id="line.320#w.4" pos="PUNC" lemma="," msd="MORPH=empty">,</w>                <w xml:id="line.320#w.5" pos="ADVint" lemma="an" msd="MORPH=empty">an</w>                <w xml:id="line.320#w.6" pos="VER" lemma="obsono1" msd="Numb=Sing|Mood=Ind|Tense=Pres|Voice=Act|Person=1">opsono</w>                <w xml:id="line.320#w.7" pos="ADV" lemma="ample" msd="Deg=Comp">amplius</w>                <w xml:id="line.320#w.8" pos="PUNC" lemma="," msd="MORPH=empty">,</w>            </seg>            <seg xml:id="urn:cts:latinLit:phi0119.phi010.perseus-lat2:line.321">                <w xml:id="line.321#w.1" pos="PROper" lemma="tu" msd="Case=Dat|Numb=Sing">tibi</w>                <w xml:id="line.321#w.2" pos="CONcoo" lemma="et2" msd="MORPH=empty">et</w>                <w xml:id="line.321#w.3" pos="NOM" lemma="parasitus" msd="Case=Abl|Numb=Sing">parasito</w>                <w xml:id="line.321#w.4" pos="CONcoo" lemma="et2" msd="MORPH=empty">et</w>                <w xml:id="line.321#w.5" pos="NOM" lemma="mulier" msd="Case=Dat|Numb=Sing">mulieri</w>                <w xml:id="line.321#w.6" pos="PUNC" lemma="?" msd="MORPH=empty">?</w>            </seg>            <seg xml:id="urn:cts:latinLit:phi0119.phi010.perseus-lat2:line.321b">                <w xml:id="line.321b#w.1" pos="PROint" lemma="quis1" msd="Case=Acc|Numb=Plur">Quas</w>                <w xml:id="line.321b#w.2" pos="NOM" lemma="mulier" msd="Case=Acc|Numb=Plur">mulieres</w>                <w xml:id="line.321b#w.3" pos="PUNC" lemma="," msd="MORPH=empty">,</w>            </seg>            <seg xml:id="urn:cts:latinLit:phi0119.phi010.perseus-lat2:line.322">                <w xml:id="line.322#w.1" pos="PROint" lemma="quis1" msd="Case=Acc|Numb=Plur">quos</w>                <w xml:id="line.322#w.2" pos="PROper" lemma="tu" msd="Case=Nom|Numb=Sing">tu</w>                <w xml:id="line.322#w.3" pos="NOM" lemma="parasitus" msd="Case=Acc|Numb=Plur">parasitos</w>                <w xml:id="line.322#w.4" pos="VER" lemma="loquor" msd="Numb=Sing|Mood=Ind|Tense=Pres|Voice=Dep|Person=2">loquere</w>                <w xml:id="line.322#w.5" pos="PUNC" lemma="?" msd="MORPH=empty">?</w>            </seg>            <seg xml:id="urn:cts:latinLit:phi0119.phi010.perseus-lat2:line.322b">                <w xml:id="line.322b#w.1" pos="PROrel" lemma="quis?" msd="Case=Nom|Numb=Sing">Quod</w>                <w xml:id="line.322b#w.2" pos="PROper" lemma="tu" msd="Case=Acc|Numb=Sing">te</w>                <w xml:id="line.322b#w.3" pos="VER" lemma="urgeo" msd="Numb=Sing|Mood=Ind|Tense=Pres|Voice=Act|Person=3">urget</w>                <w xml:id="line.322b#w.4" pos="NOM" lemma="scelus" msd="Case=Nom|Numb=Sing">scelus</w>                <w xml:id="line.322b#w.5" pos="PUNC" lemma="," msd="MORPH=empty">,</w>            </seg>            <seg xml:id="urn:cts:latinLit:phi0119.phi010.perseus-lat2:line.323">                <w xml:id="line.323#w.1" pos="PROrel" lemma="qui1" msd="Case=Nom|Numb=Sing">qui</w>                <w xml:id="line.323#w.2" pos="PROdem" lemma="hic1" msd="Case=Dat|Numb=Sing">huic</w>                <w xml:id="line.323#w.3" pos="VER" lemma="sum1" msd="Numb=Sing|Mood=Sub|Tense=Pres|Voice=Act|Person=2">sis</w>                <w xml:id="line.323#w.4" pos="ADJqua" lemma="molestus" msd="Case=Nom|Numb=Sing|Deg=Pos">molestus</w>                <w xml:id="line.323#w.5" pos="PUNC" lemma="?" msd="MORPH=empty">?</w>            </seg>            <seg xml:id="urn:cts:latinLit:phi0119.phi010.perseus-lat2:line.323b">                <w xml:id="line.323b#w.1" pos="PROint" lemma="quis1" msd="Case=Nom|Numb=Sing">Quid</w>                <w xml:id="line.323b#w.2" pos="PROper" lemma="tu" msd="Case=Dat|Numb=Sing">tibi</w>                <w xml:id="line.323b#w.3" pos="PROper" lemma="ego" msd="Case=Abl|Numb=Sing">mecum</w>                <w xml:id="line.323b#w.4" pos="CON" lemma="cum3" msd="MORPH=empty">mecum</w>                <w xml:id="line.323b#w.5" pos="VER" lemma="sum1" msd="Numb=Sing|Mood=Ind|Tense=Pres|Voice=Act|Person=3">est</w>                <w xml:id="line.323b#w.6" pos="NOM" lemma="res" msd="Case=Gen|Numb=Sing">rei</w>                <w xml:id="line.323b#w.7" pos="PUNC" lemma="?" msd="MORPH=empty">?</w>            </seg>            <seg xml:id="urn:cts:latinLit:phi0119.phi010.perseus-lat2:line.324">                <w xml:id="line.324#w.1" pos="PROper" lemma="ego" msd="Case=Nom|Numb=Sing">ego</w>                <w xml:id="line.324#w.2" pos="PROper" lemma="tu" msd="Case=Acc|Numb=Sing">te</w>                <w xml:id="line.324#w.3" pos="ADVneg" lemma="non" msd="MORPH=empty">non</w>                <w xml:id="line.324#w.4" pos="VER" lemma="nosco" msd="Numb=Sing|Mood=Ind|Tense=Perf|Voice=Act|Person=1">novi</w>                <w xml:id="line.324#w.5" pos="PUNC" lemma=":" msd="MORPH=empty">:</w>                <w xml:id="line.324#w.6" pos="PRE" lemma="cum2" msd="MORPH=empty">cum</w>                <w xml:id="line.324#w.7" pos="PROdem" lemma="hic1" msd="Case=Abl|Numb=Sing">hoc</w>                <w xml:id="line.324#w.8" pos="PROrel" lemma="qui1" msd="Case=Acc|Numb=Sing">quem</w>                <w xml:id="line.324#w.9" pos="VER" lemma="nosco" msd="Numb=Sing|Mood=Ind|Tense=Perf|Voice=Act|Person=1">novi</w>                <w xml:id="line.324#w.10" pos="VER" lemma="fabulor" msd="Numb=Sing|Mood=Ind|Tense=Pres|Voice=Dep|Person=1">fabulor</w>                <w xml:id="line.324#w.11" pos="PUNC" lemma="." msd="MORPH=empty">.</w>            </seg>            <seg xml:id="urn:cts:latinLit:phi0119.phi010.perseus-lat2:line.325">                <w xml:id="line.325#w.1" pos="ADVneg" lemma="non" msd="MORPH=empty">Non</w>                <w xml:id="line.325#w.2" pos="INJ" lemma="edepol" msd="MORPH=empty">edepol</w>                <w xml:id="line.325#w.3" pos="PROper" lemma="tu" msd="Case=Nom|Numb=Sing">tÃº</w>                <w xml:id="line.325#w.4" pos="NOM" lemma="homo" msd="Case=Nom|Numb=Sing">homo</w>                <w xml:id="line.325#w.5" pos="ADJqua" lemma="sanus" msd="Case=Nom|Numb=Sing|Deg=Pos">sanus</w>                <w xml:id="line.325#w.6" pos="VER" lemma="sum1" msd="Numb=Sing|Mood=Ind|Tense=Pres|Voice=Act|Person=2">es</w>                <w xml:id="line.325#w.7" pos="PUNC" lemma="," msd="MORPH=empty">,</w>                <w xml:id="line.325#w.8" pos="ADV" lemma="certo2" msd="Deg=Pos">certo</w>                <w xml:id="line.325#w.9" pos="VER" lemma="scio" msd="Numb=Sing|Mood=Ind|Tense=Pres|Voice=Act|Person=1">scio</w>                <w xml:id="line.325#w.10" pos="PUNC" lemma="." msd="MORPH=empty">.</w>            </seg>            <seg xml:id="urn:cts:latinLit:phi0119.phi010.perseus-lat2:line.326">                <w xml:id="line.326#w.1" pos="ADV" lemma="iam" msd="Deg=Pos">Iam</w>                <w xml:id="line.326#w.2" pos="CONcoo" lemma="ergo2" msd="MORPH=empty">ergo</w>                <w xml:id="line.326#w.3" pos="PROdem" lemma="hic1" msd="Case=Nom|Numb=Plur">haec</w>                <w xml:id="line.326#w.4" pos="VER" lemma="madeo" msd="Numb=Plur|Mood=Ind|Tense=Fut|Voice=Act|Person=3">madebunt</w>                <w xml:id="line.326#w.5" pos="VER" lemma="facio" msd="Numb=Sing|Mood=Ind|Tense=Fut|Voice=Act|Person=1">faxo</w>                <w xml:id="line.326#w.6" pos="PUNC" lemma="," msd="MORPH=empty">,</w>                <w xml:id="line.326#w.7" pos="PROind" lemma="nihil" msd="Case=Ind">nil</w>                <w xml:id="line.326#w.8" pos="VER" lemma="moror1" msd="Numb=Sing|Mood=Ind|Tense=Fut|Voice=Dep|Person=3">morabitur</w>                <w xml:id="line.326#w.9" pos="PUNC" lemma="." msd="MORPH=empty">.</w>            </seg>            <seg xml:id="urn:cts:latinLit:phi0119.phi010.perseus-lat2:line.327">                <w xml:id="line.327#w.1" pos="ADV" lemma="proinde" msd="Deg=Pos">proin</w>                <w xml:id="line.327#w.2" pos="PROper" lemma="tu" msd="Case=Nom|Numb=Sing">tu</w>                <w xml:id="line.327#w.3" pos="CONsub" lemma="ne4" msd="MORPH=empty">ne</w>                <w xml:id="line.327#w.4" pos="CONsub" lemma="quo5" msd="Numb=Sing">quo</w>                <w xml:id="line.327#w.5" pos="VER" lemma="abeo1" msd="Numb=Sing|Mood=Sub|Tense=Pres|Voice=Act|Person=2">abeas</w>                <w xml:id="line.327#w.6" pos="ADV" lemma="longe" msd="Deg=Comp">longius</w>                <w xml:id="line.327#w.7" pos="PRE" lemma="ab" msd="MORPH=empty">ab</w>                <w xml:id="line.327#w.8" pos="NOM" lemma="aedes" msd="Case=Abl|Numb=Plur">aedibus</w>                <w xml:id="line.327#w.9" pos="PUNC" lemma="." msd="MORPH=empty">.</w>            </seg>            <seg xml:id="urn:cts:latinLit:phi0119.phi010.perseus-lat2:line.328">                <w xml:id="line.328#w.1" pos="PROint" lemma="numquis" msd="Numb=Sing">numquid</w>                <w xml:id="line.328#w.2" pos="VER" lemma="uolo?" msd="Numb=Sing|Mood=Ind|Tense=Pres|Voice=Act|Person=2">vis</w>                <w xml:id="line.328#w.3" pos="PUNC" lemma="?" msd="MORPH=empty">?</w>            </seg>            <seg xml:id="urn:cts:latinLit:phi0119.phi010.perseus-lat2:line.328b">                <w xml:id="line.328b#w.1" pos="CONsub" lemma="ut4" msd="MORPH=empty">Vt</w>                <w xml:id="line.328b#w.2" pos="PROdem" lemma="eo?" msd="Case=Acc|Numb=Sing|Mood=Sub|Tense=Pres|Voice=Act|Person=2">eas</w>                <w xml:id="line.328b#w.3" pos="ADJqua" lemma="magnus" msd="Case=Acc|Numb=Sing|Deg=Sup">maximam</w>                <w xml:id="line.328b#w.4" pos="ADJqua" lemma="malus3" msd="Case=Acc|Numb=Sing|Deg=Pos">malam</w>                <w xml:id="line.328b#w.5" pos="NOM" lemma="crux" msd="Case=Acc|Numb=Sing">crucem</w>                <w xml:id="line.328b#w.6" pos="PUNC" lemma="." msd="MORPH=empty">.</w>            </seg>            <seg xml:id="urn:cts:latinLit:phi0119.phi010.perseus-lat2:line.329">                <w xml:id="line.329#w.1" pos="VER" lemma="eo1" msd="Mood=Inf|Tense=Pres|Voice=Act">Ire</w>                <w xml:id="line.329#w.2" pos="INJ" lemma="hercules" msd="MORPH=empty">hercle</w>                <w xml:id="line.329#w.3" pos="ADJqua" lemma="bonus" msd="Numb=Sing|Deg=Comp">meliust</w>                <w xml:id="line.329#w.4" pos="VER" lemma="sum1" msd="Numb=Sing|Mood=Ind|Tense=Pres|Voice=Act|Person=3">meliust</w>                <w xml:id="line.329#w.5" pos="PROper" lemma="tu" msd="Case=Acc|Numb=Sing">te</w>                <w xml:id="line.329#w.6" pos="ADV" lemma="interim" msd="Deg=Pos">interim</w>                <w xml:id="line.329#w.7" pos="CONcoo" lemma="atque1" msd="MORPH=empty">atque</w>                <w xml:id="line.329#w.8" pos="VER" lemma="accumbo" msd="Mood=Inf|Tense=Pres|Voice=Act">accumbere</w>                <w xml:id="line.329#w.9" pos="PUNC" lemma="," msd="MORPH=empty">,</w>            </seg>            <seg xml:id="urn:cts:latinLit:phi0119.phi010.perseus-lat2:line.330">                <w xml:id="line.330#w.1" pos="CONsub" lemma="dum2" msd="MORPH=empty">dum</w>                <w xml:id="line.330#w.2" pos="PROper" lemma="ego" msd="Case=Nom|Numb=Sing">ego</w>                <w xml:id="line.330#w.3" pos="PROdem" lemma="hic1" msd="Case=Acc|Numb=Plur">haec</w>                <w xml:id="line.330#w.4" pos="VER" lemma="appono" msd="Numb=Sing|Mood=Ind|Tense=Pres|Voice=Act|Person=1">appono</w>                <w xml:id="line.330#w.5" pos="PRE" lemma="ad2" msd="MORPH=empty">ad</w>                <w xml:id="line.330#w.6" pos="NOM" lemma="uulcanus" msd="Case=Gen|Numb=Sing">Volcani</w>                <w xml:id="line.330#w.7" pos="NOM" lemma="uiolentia" msd="Case=Acc|Numb=Sing">violentiam</w>                <w xml:id="line.330#w.8" pos="PUNC" lemma="." msd="MORPH=empty">.</w>            </seg>            <seg xml:id="urn:cts:latinLit:phi0119.phi010.perseus-lat2:line.331">                <w xml:id="line.331#w.1" pos="VER" lemma="eo1" msd="Numb=Sing|Mood=Ind|Tense=Fut|Voice=Act|Person=1">ibo</w>                <w xml:id="line.331#w.2" pos="ADV" lemma="intro2" msd="Deg=Pos">intro</w>                <w xml:id="line.331#w.3" pos="CONcoo" lemma="et2" msd="MORPH=empty">et</w>                <w xml:id="line.331#w.4" pos="VER" lemma="dico?" msd="Numb=Sing|Mood=Ind|Tense=Fut|Voice=Act|Person=1">dicam</w>                <w xml:id="line.331#w.5" pos="PROper" lemma="tu" msd="Case=Acc|Numb=Sing">te</w>                <w xml:id="line.331#w.6" pos="ADV" lemma="hic2" msd="Case=Nom|Deg=Pos">hic</w>                <w xml:id="line.331#w.7" pos="VER" lemma="asto" msd="Mood=Inf|Tense=Pres|Voice=Act">adstare</w>                <w xml:id="line.331#w.8" pos="NOM" lemma="erotio" msd="Case=Nom|Numb=Sing">Erotio</w>                <w xml:id="line.331#w.9" pos="PUNC" lemma="," msd="MORPH=empty">,</w>            </seg>            <seg xml:id="urn:cts:latinLit:phi0119.phi010.perseus-lat2:line.332">                <w xml:id="line.332#w.1" pos="CONsub" lemma="ut4" msd="MORPH=empty">ut</w>                <w xml:id="line.332#w.2" pos="PROper" lemma="tu" msd="Case=Acc|Numb=Sing">te</w>                <w xml:id="line.332#w.3" pos="ADV" lemma="hinc" msd="Deg=Pos">hinc</w>                <w xml:id="line.332#w.4" pos="VER" lemma="abduco" msd="Numb=Sing|Mood=Sub|Tense=Pres|Voice=Act|Person=3">abducat</w>                <w xml:id="line.332#w.5" pos="ADV" lemma="potius" msd="Deg=Comp">potius</w>                <w xml:id="line.332#w.6" pos="ADVrel" lemma="quam1" msd="MORPH=empty">quam</w>                <w xml:id="line.332#w.7" pos="ADV" lemma="hic2" msd="MORPH=empty">hic</w>                <w xml:id="line.332#w.8" pos="VER" lemma="asto" msd="Numb=Sing|Mood=Sub|Tense=Pres|Voice=Act|Person=2">adstes</w>                <w xml:id="line.332#w.9" pos="ADV" lemma="foris2" msd="Deg=Pos">foris</w>                <w xml:id="line.332#w.10" pos="PUNC" lemma="." msd="MORPH=empty">.</w>                <w xml:id="line.332#w.11" pos="PUNC" lemma="â" msd="MORPH=empty">â</w>            </seg>            <seg xml:id="urn:cts:latinLit:phi0119.phi010.perseus-lat2:line.333">                <w xml:id="line.333#w.1" pos="ADV" lemma="iam" msd="Deg=Pos">Iamne</w>                <w xml:id="line.333#w.2" pos="ADV" lemma="ne2" msd="MORPH=empty">Iamne</w>                <w xml:id="line.333#w.3" pos="VER" lemma="abeo1" msd="Numb=Sing|Mood=Ind|Tense=Perf|Voice=Act|Person=3">abiit</w>                <w xml:id="line.333#w.4" pos="ADV" lemma="illic2" msd="Deg=Pos">illic</w>                <w xml:id="line.333#w.5" pos="PUNC" lemma="?" msd="MORPH=empty">?</w>                <w xml:id="line.333#w.6" pos="INJ" lemma="edepol" msd="MORPH=empty">edepol</w>                <w xml:id="line.333#w.7" pos="ADVneg" lemma="haud" msd="MORPH=empty">haud</w>                <w xml:id="line.333#w.8" pos="NOM" lemma="mendacium" msd="Case=Acc|Numb=Plur">mendacia</w>            </seg>            <seg xml:id="urn:cts:latinLit:phi0119.phi010.perseus-lat2:line.334">                <w xml:id="line.334#w.1" pos="PROpos" lemma="tuus" msd="Case=Acc|Numb=Plur">tua</w>                <w xml:id="line.334#w.2" pos="NOM" lemma="uerbum" msd="Case=Acc|Numb=Plur">verba</w>                <w xml:id="line.334#w.3" pos="VER" lemma="experior" msd="Numb=Sing|Mood=Ind|Tense=Pres|Voice=Dep|Person=1">experior</w>                <w xml:id="line.334#w.4" pos="VER" lemma="sum1" msd="Mood=Inf|Tense=Pres|Voice=Act">esse</w>                <w xml:id="line.334#w.5" pos="PUNC" lemma="." msd="MORPH=empty">.</w>            </seg>            <seg xml:id="urn:cts:latinLit:phi0119.phi010.perseus-lat2:line.334b">                <w xml:id="line.334b#w.1" pos="VER" lemma="obseruo" msd="Numb=Sing|Mood=Par|Tense=Perf|Voice=Pass|Person=2">Observato</w>                <w xml:id="line.334b#w.2" pos="ADV" lemma="modo1" msd="Deg=Pos">modo</w>                <w xml:id="line.334b#w.3" pos="PUNC" lemma=":" msd="MORPH=empty">:</w>            </seg>            <seg xml:id="urn:cts:latinLit:phi0119.phi010.perseus-lat2:line.335">                <w xml:id="line.335#w.1" pos="CONcoo" lemma="nam" msd="MORPH=empty">nam</w>                <w xml:id="line.335#w.2" pos="ADV" lemma="istic2" msd="MORPH=empty">istic</w>                <w xml:id="line.335#w.3" pos="NOM" lemma="meretrix" msd="Case=Acc|Numb=Sing">meretricem</w>                <w xml:id="line.335#w.4" pos="VER" lemma="credo" msd="Numb=Sing|Mood=Ind|Tense=Pres|Voice=Act|Person=1">credo</w>                <w xml:id="line.335#w.5" pos="VER" lemma="habito" msd="Mood=Inf|Tense=Pres|Voice=Act">habitare</w>                <w xml:id="line.335#w.6" pos="NOM" lemma="mulier" msd="Case=Acc|Numb=Sing">mulierem</w>                <w xml:id="line.335#w.7" pos="PUNC" lemma="," msd="MORPH=empty">,</w>            </seg>            <seg xml:id="urn:cts:latinLit:phi0119.phi010.perseus-lat2:line.336">                <w xml:id="line.336#w.1" pos="ADVrel" lemma="ut1" msd="MORPH=empty">ut</w>                <w xml:id="line.336#w.2" pos="ADV" lemma="quidem" msd="Deg=Pos">quidem</w>                <w xml:id="line.336#w.3" pos="PROdem" lemma="ille" msd="Case=Nom|Numb=Sing">ille</w>                <w xml:id="line.336#w.4" pos="ADJqua" lemma="insanus" msd="Case=Nom|Numb=Sing|Deg=Pos">insanus</w>                <w xml:id="line.336#w.5" pos="VER" lemma="dico?" msd="Numb=Sing|Mood=Ind|Tense=Perf|Voice=Act|Person=3">dixit</w>                <w xml:id="line.336#w.6" pos="PUNC" lemma="," msd="MORPH=empty">,</w>                <w xml:id="line.336#w.7" pos="PROrel" lemma="qui1" msd="Case=Nom|Numb=Sing">qui</w>                <w xml:id="line.336#w.8" pos="ADV" lemma="hinc" msd="Deg=Pos">hinc</w>                <w xml:id="line.336#w.9" pos="VER" lemma="abeo1" msd="Numb=Sing|Mood=Ind|Tense=Perf|Voice=Act|Person=3">abiit</w>                <w xml:id="line.336#w.10" pos="ADV" lemma="modo1" msd="Deg=Pos">modo</w>                <w xml:id="line.336#w.11" pos="PUNC" lemma="." msd="MORPH=empty">.</w>            </seg>            <seg xml:id="urn:cts:latinLit:phi0119.phi010.perseus-lat2:line.337">                <w xml:id="line.337#w.1" pos="CONcoo" lemma="sed" msd="MORPH=empty">Sed</w>                <w xml:id="line.337#w.2" pos="VER" lemma="miror" msd="Numb=Sing|Mood=Ind|Tense=Pres|Voice=Dep|Person=1">miror</w>                <w xml:id="line.337#w.3" pos="PROrel" lemma="qui1" msd="Case=Nom|Numb=Sing">qui</w>                <w xml:id="line.337#w.4" pos="PROdem" lemma="ille" msd="Case=Nom|Numb=Sing">ille</w>                <w xml:id="line.337#w.5" pos="VER" lemma="nosco" msd="Numb=Sing|Mood=Sub|Tense=Perf|Voice=Act|Person=3">noverit</w>                <w xml:id="line.337#w.6" pos="NOM" lemma="nomen" msd="Case=Acc|Numb=Sing">nomen</w>                <w xml:id="line.337#w.7" pos="PROpos" lemma="meus" msd="Case=Acc|Numb=Sing">meum</w>                <w xml:id="line.337#w.8" pos="PUNC" lemma="." msd="MORPH=empty">.</w>            </seg>            <seg xml:id="urn:cts:latinLit:phi0119.phi010.perseus-lat2:line.338">                <w xml:id="line.338#w.1" pos="ADV" lemma="parum2" msd="Deg=Sup">Minime</w>                <w xml:id="line.338#w.2" pos="INJ" lemma="hercules" msd="MORPH=empty">hercle</w>                <w xml:id="line.338#w.3" pos="ADJqua" lemma="mirus" msd="Case=Nom|Numb=Sing|Deg=Pos">mirum</w>                <w xml:id="line.338#w.4" pos="PUNC" lemma="." msd="MORPH=empty">.</w>                <w xml:id="line.338#w.5" pos="NOM" lemma="mos" msd="Case=Acc|Numb=Sing">morem</w>                <w xml:id="line.338#w.6" pos="PROdem" lemma="hic1" msd="Case=Acc|Numb=Sing">hunc</w>                <w xml:id="line.338#w.7" pos="NOM" lemma="meretrix" msd="Case=Nom|Numb=Plur">meretrices</w>                <w xml:id="line.338#w.8" pos="VER" lemma="habeo" msd="Numb=Plur|Mood=Ind|Tense=Pres|Voice=Act|Person=3">habent</w>                <w xml:id="line.338#w.9" pos="PUNC" lemma=":" msd="MORPH=empty">:</w>            </seg>            <seg xml:id="urn:cts:latinLit:phi0119.phi010.perseus-lat2:line.339">                <w xml:id="line.339#w.1" pos="PRE" lemma="ad2" msd="MORPH=empty">ad</w>                <w xml:id="line.339#w.2" pos="NOM" lemma="portus" msd="Case=Acc|Numb=Sing">portum</w>                <w xml:id="line.339#w.3" pos="VER" lemma="mitto" msd="Numb=Plur|Mood=Ind|Tense=Pres|Voice=Act|Person=3">mittunt</w>                <w xml:id="line.339#w.4" pos="NOM" lemma="seruulus" msd="Case=Acc|Numb=Plur">servolos</w>                <w xml:id="line.339#w.5" pos="PUNC" lemma="," msd="MORPH=empty">,</w>                <w xml:id="line.339#w.6" pos="NOM" lemma="ancillula" msd="Case=Acc|Numb=Plur">ancillulas</w>                <w xml:id="line.339#w.7" pos="PUNC" lemma=";" msd="MORPH=empty">;</w>            </seg>            <seg xml:id="urn:cts:latinLit:phi0119.phi010.perseus-lat2:line.340">                <w xml:id="line.340#w.1" pos="CONsub" lemma="si2" msd="MORPH=empty">si</w>                <w xml:id="line.340#w.2" pos="PROrel" lemma="quis?" msd="Case=Nom|Numb=Sing">quae</w>                <w xml:id="line.340#w.3" pos="ADJqua" lemma="peregrinus2" msd="Case=Nom|Numb=Sing|Deg=Pos">peregrina</w>                <w xml:id="line.340#w.4" pos="NOM" lemma="nauis" msd="Case=Nom|Numb=Sing">navis</w>                <w xml:id="line.340#w.5" pos="PRE" lemma="in" msd="MORPH=empty">in</w>                <w xml:id="line.340#w.6" pos="NOM" lemma="portus" msd="Case=Acc|Numb=Sing">portum</w>                <w xml:id="line.340#w.7" pos="VER" lemma="aduenio" msd="Numb=Sing|Mood=Ind|Tense=Pres|Voice=Act|Person=3">advenit</w>                <w xml:id="line.340#w.8" pos="PUNC" lemma="," msd="MORPH=empty">,</w>            </seg>            <seg xml:id="urn:cts:latinLit:phi0119.phi010.perseus-lat2:line.341">                <w xml:id="line.341#w.1" pos="VER" lemma="rogito" msd="Numb=Plur|Mood=Ind|Tense=Pres|Voice=Act|Person=3">rogitant</w>                <w xml:id="line.341#w.2" pos="VER" lemma="cuiatus" msd="Case=Dat|Numb=Plur">cuiatis</w>                <w xml:id="line.341#w.3" pos="VER" lemma="sum1" msd="Numb=Sing|Mood=Sub|Tense=Pres|Voice=Act|Person=3">sit</w>                <w xml:id="line.341#w.4" pos="PUNC" lemma="," msd="MORPH=empty">,</w>                <w xml:id="line.341#w.5" pos="PROint" lemma="quis1" msd="Case=Nom|Numb=Sing">quid</w>                <w xml:id="line.341#w.6" pos="PROdem" lemma="is" msd="Case=Dat|Numb=Sing">ei</w>                <w xml:id="line.341#w.7" pos="NOM" lemma="nomen" msd="Case=Nom|Numb=Sing">nomen</w>                <w xml:id="line.341#w.8" pos="VER" lemma="sum1" msd="Numb=Sing|Mood=Sub|Tense=Pres|Voice=Act|Person=3">siet</w>                <w xml:id="line.341#w.9" pos="PUNC" lemma="," msd="MORPH=empty">,</w>            </seg>            <seg xml:id="urn:cts:latinLit:phi0119.phi010.perseus-lat2:line.342">                <w xml:id="line.342#w.1" pos="ADV" lemma="postilla" msd="Deg=Pos">postilla</w>                <w xml:id="line.342#w.2" pos="ADV" lemma="extemplo" msd="Deg=Pos">extemplo</w>                <w xml:id="line.342#w.3" pos="PROref" lemma="sui1" msd="Case=Acc|Numb=Sing">se</w>                <w xml:id="line.342#w.4" pos="VER" lemma="applico" msd="Numb=Plur|Mood=Ind|Tense=Pres|Voice=Act|Person=3">applicant</w>                <w xml:id="line.342#w.5" pos="PUNC" lemma="," msd="MORPH=empty">,</w>                <w xml:id="line.342#w.6" pos="VER" lemma="agglutino" msd="Numb=Plur|Mood=Ind|Tense=Pres|Voice=Act|Person=3">agglutinant</w>                <w xml:id="line.342#w.7" pos="PUNC" lemma=":" msd="MORPH=empty">:</w>            </seg>            <seg xml:id="urn:cts:latinLit:phi0119.phi010.perseus-lat2:line.343">                <w xml:id="line.343#w.1" pos="CONsub" lemma="si2" msd="MORPH=empty">si</w>                <w xml:id="line.343#w.2" pos="VER" lemma="pellicio" msd="Numb=Plur|Mood=Ind|Tense=Perf|Voice=Act|Person=3">pellexerunt</w>                <w xml:id="line.343#w.3" pos="PUNC" lemma="," msd="MORPH=empty">,</w>                <w xml:id="line.343#w.4" pos="ADJqua" lemma="perdo" msd="Case=Acc|Numb=Sing|Deg=Pos">perditum</w>                <w xml:id="line.343#w.5" pos="VER" lemma="amitto" msd="Numb=Plur|Mood=Ind|Tense=Pres|Voice=Act|Person=3">amittunt</w>                <w xml:id="line.343#w.6" pos="NOM" lemma="domus" msd="Case=Acc|Numb=Sing">domum</w>                <w xml:id="line.343#w.7" pos="PUNC" lemma="." msd="MORPH=empty">.</w>            </seg>            <seg xml:id="urn:cts:latinLit:phi0119.phi010.perseus-lat2:line.344">                <w xml:id="line.344#w.1" pos="ADV" lemma="nunc" msd="Deg=Pos">nunc</w>                <w xml:id="line.344#w.2" pos="ADVint" lemma="an" msd="MORPH=empty">Ã­n</w>                <w xml:id="line.344#w.3" pos="PROdem" lemma="istic1" msd="Case=Abl|Numb=Sing">istoc</w>                <w xml:id="line.344#w.4" pos="NOM" lemma="portus" msd="Case=Abl|Numb=Sing">portu</w>                <w xml:id="line.344#w.5" pos="VER" lemma="sto" msd="Numb=Sing|Mood=Sub|Tense=Pres|Voice=Act|Person=3">stÃ¡t</w>                <w xml:id="line.344#w.6" pos="NOM" lemma="nauis" msd="Case=Nom|Numb=Sing">navis</w>                <w xml:id="line.344#w.7" pos="ADJqua" lemma="praedatorius" msd="Case=Nom|Numb=Sing|Deg=Pos">praedatoria</w>                <w xml:id="line.344#w.8" pos="PUNC" lemma="," msd="MORPH=empty">,</w>            </seg>            <seg xml:id="urn:cts:latinLit:phi0119.phi010.perseus-lat2:line.345">                <w xml:id="line.345#w.1" pos="PRE" lemma="ab" msd="MORPH=empty">aps</w>                <w xml:id="line.345#w.2" pos="PROrel" lemma="qui1" msd="Case=Abl|Numb=Sing">qua</w>                <w xml:id="line.345#w.3" pos="VER" lemma="caueo" msd="Case=Acc|Numb=Sing|Mood=Adj|Voice=Pass">cavendum</w>                <w xml:id="line.345#w.4" pos="PROper" lemma="nos" msd="Case=Dat|Numb=Plur">nobis</w>                <w xml:id="line.345#w.5" pos="ADV" lemma="sane" msd="Deg=Pos">sane</w>                <w xml:id="line.345#w.6" pos="VER" lemma="censeo" msd="Numb=Sing|Mood=Ind|Tense=Pres|Voice=Act|Person=1">censeo</w>                <w xml:id="line.345#w.7" pos="PUNC" lemma="." msd="MORPH=empty">.</w>            </seg>            <seg xml:id="urn:cts:latinLit:phi0119.phi010.perseus-lat2:line.346">                <w xml:id="line.346#w.1" pos="VER" lemma="moneo" msd="Numb=Sing|Mood=Ind|Tense=Pres|Voice=Act|Person=2">Mones</w>                <w xml:id="line.346#w.2" pos="ADV" lemma="quidem" msd="Deg=Pos">quidem</w>                <w xml:id="line.346#w.3" pos="INJ" lemma="hercules" msd="MORPH=empty">hercle</w>                <w xml:id="line.346#w.4" pos="ADV" lemma="recte" msd="Deg=Pos">recte</w>                <w xml:id="line.346#w.5" pos="PUNC" lemma="." msd="MORPH=empty">.</w>            </seg>            <seg xml:id="urn:cts:latinLit:phi0119.phi010.perseus-lat2:line.346b">                <w xml:id="line.346b#w.1" pos="ADV" lemma="tum" msd="Deg=Pos">Tum</w>                <w xml:id="line.346b#w.2" pos="ADV" lemma="demum" msd="Deg=Pos">demum</w>                <w xml:id="line.346b#w.3" pos="VER" lemma="scio" msd="Numb=Sing|Mood=Ind|Tense=Fut|Voice=Act|Person=1">sciam</w>            </seg>            <seg xml:id="urn:cts:latinLit:phi0119.phi010.perseus-lat2:line.347">                <w xml:id="line.347#w.1" pos="ADV" lemma="recte" msd="Deg=Pos">recte</w>                <w xml:id="line.347#w.2" pos="VER" lemma="moneo" msd="Mood=Inf|Tense=Perf|Voice=Act">monuisse</w>                <w xml:id="line.347#w.3" pos="PUNC" lemma="," msd="MORPH=empty">,</w>                <w xml:id="line.347#w.4" pos="CONsub" lemma="si2" msd="MORPH=empty">si</w>                <w xml:id="line.347#w.5" pos="PROper" lemma="tu" msd="Case=Nom|Numb=Sing">tu</w>                <w xml:id="line.347#w.6" pos="ADV" lemma="recte" msd="Deg=Pos">recte</w>                <w xml:id="line.347#w.7" pos="VER" lemma="caueo" msd="Numb=Sing|Mood=Ind|Tense=FutAnt|Voice=Act|Person=2">caveris</w>                <w xml:id="line.347#w.8" pos="PUNC" lemma="." msd="MORPH=empty">.</w>            </seg>            <seg xml:id="urn:cts:latinLit:phi0119.phi010.perseus-lat2:line.348">                <w xml:id="line.348#w.1" pos="VER" lemma="taceo" msd="Numb=Sing|Mood=Imp|Tense=Pres|Voice=Act|Person=2">Tace</w>                <w xml:id="line.348#w.2" pos="VER" lemma="do" msd="Numb=Sing|Mood=Sub|Tense=Pres|Voice=Act|Person=1">dÃºm</w>                <w xml:id="line.348#w.3" pos="ADV" lemma="parumper" msd="Deg=Pos">parumper</w>                <w xml:id="line.348#w.4" pos="PUNC" lemma="," msd="MORPH=empty">,</w>                <w xml:id="line.348#w.5" pos="CONcoo" lemma="nam" msd="MORPH=empty">nam</w>                <w xml:id="line.348#w.6" pos="VER" lemma="concrepo" msd="Numb=Sing|Mood=Ind|Tense=Perf|Voice=Act|Person=3">concrepuit</w>                <w xml:id="line.348#w.7" pos="NOM" lemma="ostium" msd="Case=Acc|Numb=Sing">ostium</w>                <w xml:id="line.348#w.8" pos="PUNC" lemma=":" msd="MORPH=empty">:</w>            </seg>            <seg xml:id="urn:cts:latinLit:phi0119.phi010.perseus-lat2:line.349">                <w xml:id="line.349#w.1" pos="VER" lemma="uideo" msd="Numb=Plur|Mood=Sub|Tense=Pres|Voice=Act|Person=1">videamus</w>                <w xml:id="line.349#w.2" pos="PROrel" lemma="qui1" msd="Case=Nom|Numb=Sing">qui</w>                <w xml:id="line.349#w.3" pos="ADV" lemma="hinc" msd="Deg=Pos">hinc</w>                <w xml:id="line.349#w.4" pos="VER" lemma="egredior" msd="Numb=Sing|Mood=Ind|Tense=Pres|Voice=Dep|Person=3">egreditur</w>                <w xml:id="line.349#w.5" pos="PUNC" lemma="." msd="MORPH=empty">.</w>            </seg>            <seg xml:id="urn:cts:latinLit:phi0119.phi010.perseus-lat2:line.349b">                <w xml:id="line.349b#w.1" pos="PROdem" lemma="hic1" msd="Case=Acc|Numb=Sing">Hoc</w>                <w xml:id="line.349b#w.2" pos="VER" lemma="pono" msd="Numb=Sing|Mood=Ind|Tense=Fut|Voice=Act|Person=1">ponam</w>                <w xml:id="line.349b#w.3" pos="ADV" lemma="interim" msd="Deg=Pos">interim</w>                <w xml:id="line.349b#w.4" pos="PUNC" lemma="." msd="MORPH=empty">.</w>            </seg>            <seg xml:id="urn:cts:latinLit:phi0119.phi010.perseus-lat2:line.350">                <w xml:id="line.350#w.1" pos="VER" lemma="asseruo" msd="Numb=Plur|Mood=Imp|Tense=Fut|Voice=Act|Person=2">asservatote</w>                <w xml:id="line.350#w.2" pos="PROdem" lemma="hic1" msd="Case=Acc|Numb=Plur">haec</w>                <w xml:id="line.350#w.3" pos="VER" lemma="si" msd="Person=2">sultis</w>                <w xml:id="line.350#w.4" pos="" lemma="uolo" msd="MORPH=empty">sultis</w>                <w xml:id="line.350#w.5" pos="PUNC" lemma="," msd="MORPH=empty">,</w>                <w xml:id="line.350#w.6" pos="ADJqua" lemma="naualis" msd="Case=Acc|Numb=Plur|Deg=Pos">navales</w>                <w xml:id="line.350#w.7" pos="NOM" lemma="pes" msd="Case=Acc|Numb=Plur">pedes</w>                <w xml:id="line.350#w.8" pos="PUNC" lemma="." msd="MORPH=empty">.</w>            </seg>            <seg xml:id="urn:cts:latinLit:phi0119.phi010.perseus-lat2:line.351">                <w xml:id="line.351#w.1" pos="VER" lemma="sino" msd="Mood=Imp|Tense=Pres|Voice=Act|Person=2">Sine</w>                <w xml:id="line.351#w.2" pos="VER" lemma="firo" msd="Numb=Sing|Mood=Ind|Tense=Fut|Voice=Act|Person=2">fÃ³res</w>                <w xml:id="line.351#w.3" pos="ADV" lemma="sic" msd="Deg=Pos">sic</w>                <w xml:id="line.351#w.4" pos="PUNC" lemma="," msd="MORPH=empty">,</w>                <w xml:id="line.351#w.5" pos="VER" lemma="abeo1" msd="Numb=Sing|Mood=Imp|Tense=Pres|Voice=Act|Person=2">abi</w>                <w xml:id="line.351#w.6" pos="PUNC" lemma="," msd="MORPH=empty">,</w>                <w xml:id="line.351#w.7" pos="VER" lemma="nolo" msd="Numb=Sing|Mood=Ind|Tense=Pres|Voice=Act|Person=1">nolo</w>                <w xml:id="line.351#w.8" pos="VER" lemma="aperio" msd="Mood=Inf|Tense=Pres|Voice=Pass">Ã³periri</w>                <w xml:id="line.351#w.9" pos="PUNC" lemma="." msd="MORPH=empty">.</w>            </seg>            <seg xml:id="urn:cts:latinLit:phi0119.phi010.perseus-lat2:line.352">                <w xml:id="line.352#w.1" pos="ADV" lemma="intes" msd="Deg=Pos">intÃºs</w>                <w xml:id="line.352#w.2" pos="VER" lemma="paro2" msd="Numb=Sing|Mood=Imp|Tense=Pres|Voice=Act|Person=2">para</w>                <w xml:id="line.352#w.3" pos="PUNC" lemma="," msd="MORPH=empty">,</w>                <w xml:id="line.352#w.4" pos="NOM" lemma="curo" msd="Numb=Sing|Mood=Imp|Tense=Pres|Voice=Act|Person=2">curÃ¡</w>                <w xml:id="line.352#w.5" pos="PUNC" lemma="," msd="MORPH=empty">,</w>                <w xml:id="line.352#w.6" pos="VER" lemma="uideo" msd="Numb=Sing|Mood=Imp|Tense=Pres|Voice=Act|Person=2">vide</w>                <w xml:id="line.352#w.7" pos="PUNC" lemma="," msd="MORPH=empty">,</w>                <w xml:id="line.352#w.8" pos="PROrel" lemma="qui1" msd="Case=Nom|Numb=Sing">quod</w>                <w xml:id="line.352#w.9" pos="NOM" lemma="ops" msd="Case=Ind|Numb=Sing">opÃºst</w>                <w xml:id="line.352#w.10" pos="VER" lemma="sum1" msd="Numb=Sing|Mood=Ind|Tense=Pres|Voice=Act|Person=3">opÃºst</w>                <w xml:id="line.352#w.11" pos="VER" lemma="fio" msd="Numb=Sing|Mood=Sub|Tense=Pres|Voice=Act|Person=3">fiat</w>                <w xml:id="line.352#w.12" pos="PUNC" lemma=":" msd="MORPH=empty">:</w>            </seg>            <seg xml:id="urn:cts:latinLit:phi0119.phi010.perseus-lat2:line.353">                <w xml:id="line.353#w.1" pos="VER" lemma="sterno" msd="Numb=Plur|Mood=Imp|Tense=Pres|Voice=Act|Person=2">sternÃ­te</w>                <w xml:id="line.353#w.2" pos="NOM" lemma="lectus?" msd="Case=Acc|Numb=Plur">lectos</w>                <w xml:id="line.353#w.3" pos="PUNC" lemma="," msd="MORPH=empty">,</w>                <w xml:id="line.353#w.4" pos="VER" lemma="inctedo" msd="Numb=Plur|Mood=Imp|Tense=Pres|Voice=Act|Person=2">incÃ©ndite</w>                <w xml:id="line.353#w.5" pos="NOM" lemma="odor" msd="Case=Acc|Numb=Plur">odores</w>                <w xml:id="line.353#w.6" pos="PUNC" lemma=";" msd="MORPH=empty">;</w>                <w xml:id="line.353#w.7" pos="NOM" lemma="manditia" msd="Case=Nom|Numb=Plur">mÃºnditia</w>            </seg>            <seg xml:id="urn:cts:latinLit:phi0119.phi010.perseus-lat2:line.354">                <w xml:id="line.354#w.1" pos="NOM" lemma="illicebra" msd="Case=Nom|Numb=Sing">inlÃ©cebra</w>                <w xml:id="line.354#w.2" pos="NOM" lemma="animus" msd="Case=Nom|Numb=Sing">animost</w>                <w xml:id="line.354#w.3" pos="VER" lemma="sum1" msd="Numb=Sing|Mood=Ind|Tense=Pres|Voice=Act|Person=3">animost</w>                <w xml:id="line.354#w.4" pos="NOM" lemma="amo" msd="Case=Gen|Numb=Plur">amÃ¡ntium</w>                <w xml:id="line.354#w.5" pos="PUNC" lemma="." msd="MORPH=empty">.</w>            </seg>            <seg xml:id="urn:cts:latinLit:phi0119.phi010.perseus-lat2:line.356">                <w xml:id="line.356#w.1" pos="NOM" lemma="amo" msd="Case=Dat|Numb=Sing">amÃ¡nti</w>                <w xml:id="line.356#w.2" pos="VER" lemma="amoenitus" msd="Case=Nom|Numb=Sing">amoenitÃ¡s</w>                <w xml:id="line.356#w.3" pos="NOM" lemma="malus" msd="Case=Nom|Numb=Sing">malost</w>                <w xml:id="line.356#w.4" pos="VER" lemma="sum1" msd="Numb=Sing|Mood=Ind|Tense=Pres|Voice=Act|Person=3">malost</w>                <w xml:id="line.356#w.5" pos="PUNC" lemma="," msd="MORPH=empty">,</w>                <w xml:id="line.356#w.6" pos="PROper" lemma="nos" msd="Case=Nom|Numb=Plur">nobÃ­s</w>                <w xml:id="line.356#w.7" pos="NOM" lemma="lucrum" msd="Case=Nom|Numb=Sing">lucrost</w>                <w xml:id="line.356#w.8" pos="VER" lemma="sum1" msd="Numb=Sing|Mood=Ind|Tense=Pres|Voice=Act|Person=3">lucrost</w>                <w xml:id="line.356#w.9" pos="PUNC" lemma="." msd="MORPH=empty">.</w>            </seg>            <seg xml:id="urn:cts:latinLit:phi0119.phi010.perseus-lat2:line.357">                <w xml:id="line.357#w.1" pos="CONcoo" lemma="sed" msd="MORPH=empty">sed</w>                <w xml:id="line.357#w.2" pos="ADVint" lemma="ubi2" msd="MORPH=empty">ubi</w>                <w xml:id="line.357#w.3" pos="PROdem" lemma="hlle" msd="Case=Nom|Numb=Sing">Ã­lle</w>                <w xml:id="line.357#w.4" pos="VER" lemma="sum1" msd="Numb=Sing|Mood=Ind|Tense=Pres|Voice=Act|Person=3">est</w>                <w xml:id="line.357#w.5" pos="PUNC" lemma="," msd="MORPH=empty">,</w>                <w xml:id="line.357#w.6" pos="PROrel" lemma="qui1" msd="Case=Acc|Numb=Sing">quem</w>                <w xml:id="line.357#w.7" pos="NOM" lemma="coquus" msd="Case=Acc|Numb=Sing">coquos</w>                <w xml:id="line.357#w.8" pos="PRE" lemma="inte" msd="MORPH=empty">Ã¡nte</w>                <w xml:id="line.357#w.9" pos="NOM" lemma="aedes" msd="Case=Acc|Numb=Plur">aedis</w>                <w xml:id="line.357#w.10" pos="VER" lemma="sum1" msd="Mood=Inf|Tense=Pres|Voice=Act">esse</w>                <w xml:id="line.357#w.11" pos="VER" lemma="eo1" msd="Numb=Sing|Mood=Ind|Tense=Pres|Voice=Act|Person=3">Ã¡it</w>                <w xml:id="line.357#w.12" pos="PUNC" lemma="?" msd="MORPH=empty">?</w>                <w xml:id="line.357#w.13" pos="CONcoo" lemma="atque1" msd="MORPH=empty">atque</w>                <w xml:id="line.357#w.14" pos="INJ" lemma="ecce" msd="MORPH=empty">eccum</w>                <w xml:id="line.357#w.15" pos="VER" lemma="uideo" msd="Numb=Sing|Mood=Ind|Tense=Pres|Voice=Act|Person=1">video</w>                <w xml:id="line.357#w.16" pos="PUNC" lemma="," msd="MORPH=empty">,</w>            </seg>            <seg xml:id="urn:cts:latinLit:phi0119.phi010.perseus-lat2:line.358">                <w xml:id="line.358#w.1" pos="PROrel" lemma="qui1" msd="Case=Nom|Numb=Sing">qui</w>                <w xml:id="line.358#w.2" pos="PROper" lemma="ego" msd="Case=Dat|Numb=Sing">mi</w>                <w xml:id="line.358#w.3" pos="NOM" lemma="sum?" msd="Numb=Sing">Ã©st</w>                <w xml:id="line.358#w.4" pos="NOM" lemma="usus" msd="Case=Dat|Numb=Sing">usui</w>                <w xml:id="line.358#w.5" pos="CONcoo" lemma="et2" msd="MORPH=empty">et</w>                <w xml:id="line.358#w.6" pos="ADJqua" lemma="multum?" msd="Numb=Sing|Deg=Sup">plurÃ­mum</w>                <w xml:id="line.358#w.7" pos="VER" lemma="prosum1" msd="Numb=Sing|Mood=Ind|Tense=Pres|Voice=Act|Person=3">prodest</w>                <w xml:id="line.358#w.8" pos="PUNC" lemma="." msd="MORPH=empty">.</w>            </seg>            <seg xml:id="urn:cts:latinLit:phi0119.phi010.perseus-lat2:line.359">                <w xml:id="line.359#w.1" pos="ADV" lemma="item" msd="Deg=Pos">item</w>                <w xml:id="line.359#w.2" pos="ADV" lemma="hinc" msd="Deg=Pos">hinc</w>                <w xml:id="line.359#w.3" pos="ADV" lemma="sltro" msd="Deg=Pos">Ãºltro</w>                <w xml:id="line.359#w.4" pos="VER" lemma="fio" msd="Numb=Sing|Mood=Ind|Tense=Pres|Voice=Act|Person=3">fit</w>                <w xml:id="line.359#w.5" pos="PUNC" lemma="," msd="MORPH=empty">,</w>                <w xml:id="line.359#w.6" pos="CONsub" lemma="ut4" msd="MORPH=empty">ut</w>                <w xml:id="line.359#w.7" pos="VER" lemma="mireo" msd="Numb=Sing|Mood=Sub|Tense=Pres|Voice=Act|Person=3">mÃ©ret</w>                <w xml:id="line.359#w.8" pos="PUNC" lemma="," msd="MORPH=empty">,</w>                <w xml:id="line.359#w.9" pos="ADV" lemma="potius" msd="Deg=Sup">potissimus</w>                <w xml:id="line.359#w.10" pos="PROpos" lemma="noster" msd="Case=Acc|Numb=Sing">nostraÃ©</w>                <w xml:id="line.359#w.11" pos="NOM" lemma="domus" msd="Case=Loc|Numb=Sing">domi</w>                <w xml:id="line.359#w.12" pos="CONsub" lemma="ut4" msd="MORPH=empty">ut</w>                <w xml:id="line.359#w.13" pos="VER" lemma="sum1" msd="Numb=Sing|Mood=Sub|Tense=Pres|Voice=Act|Person=3">sit</w>                <w xml:id="line.359#w.14" pos="PUNC" lemma=";" msd="MORPH=empty">;</w>            </seg>            <seg xml:id="urn:cts:latinLit:phi0119.phi010.perseus-lat2:line.360">                <w xml:id="line.360#w.1" pos="ADV" lemma="nunc" msd="Deg=Pos">nunc</w>                <w xml:id="line.360#w.2" pos="ADV" lemma="ium" msd="MORPH=empty">Ã©um</w>                <w xml:id="line.360#w.3" pos="VER" lemma="adeo1" msd="Numb=Sing|Mood=Ind|Tense=Fut|Voice=Act|Person=1">adibo</w>                <w xml:id="line.360#w.4" pos="PUNC" lemma="," msd="MORPH=empty">,</w>                <w xml:id="line.360#w.5" pos="VER" lemma="alloquor" msd="Numb=Sing|Mood=Ind|Tense=Fut|Voice=Dep|Person=1">adloquar</w>                <w xml:id="line.360#w.6" pos="ADV" lemma="ultro" msd="Deg=Pos">ultro</w>                <w xml:id="line.360#w.7" pos="PUNC" lemma="." msd="MORPH=empty">.</w>            </seg>            <seg xml:id="urn:cts:latinLit:phi0119.phi010.perseus-lat2:line.361">                <w xml:id="line.361#w.1" pos="NOM" lemma="animal" msd="Case=Nom|Numb=Sing">animÃºle</w>                <w xml:id="line.361#w.2" pos="PROper" lemma="ego" msd="Case=Dat|Numb=Sing">mi</w>                <w xml:id="line.361#w.3" pos="PUNC" lemma="," msd="MORPH=empty">,</w>                <w xml:id="line.361#w.4" pos="PROper" lemma="ego" msd="Case=Dat|Numb=Sing">mihi</w>                <w xml:id="line.361#w.5" pos="ADJqua" lemma="mirus" msd="Case=Nom|Numb=Sing|Deg=Pos">mirÃ¡</w>                <w xml:id="line.361#w.6" pos="VER" lemma="uideo" msd="Numb=Plur|Mood=Ind|Tense=Pres|Voice=Pass|Person=3">videntur</w>                <w xml:id="line.361#w.7" pos="PUNC" lemma="," msd="MORPH=empty">,</w>            </seg>            <seg xml:id="urn:cts:latinLit:phi0119.phi010.perseus-lat2:line.362">                <w xml:id="line.362#w.1" pos="PROper" lemma="tu" msd="Case=Acc|Numb=Sing">te</w>                <w xml:id="line.362#w.2" pos="ADV" lemma="hic2" msd="Deg=Pos">hic</w>                <w xml:id="line.362#w.3" pos="VER" lemma="sto" msd="Mood=Inf|Tense=Pres|Voice=Act">stÃ¡re</w>                <w xml:id="line.362#w.4" pos="ADV" lemma="foris2" msd="Deg=Pos">foris</w>                <w xml:id="line.362#w.5" pos="PUNC" lemma="," msd="MORPH=empty">,</w>                <w xml:id="line.362#w.6" pos="NOM" lemma="foris?" msd="Case=Acc|Numb=Plur">fores</w>                <w xml:id="line.362#w.7" pos="PROrel" lemma="quo?" msd="MORPH=empty">quoÃ­</w>                <w xml:id="line.362#w.8" pos="VER" lemma="pateo" msd="Numb=Plur|Mood=Sub|Tense=Pres|Voice=Act|Person=3">pateant</w>                <w xml:id="line.362#w.9" pos="PUNC" lemma="," msd="MORPH=empty">,</w>            </seg>            <seg xml:id="urn:cts:latinLit:phi0119.phi010.perseus-lat2:line.363">                <w xml:id="line.363#w.1" pos="ADV" lemma="magis2" msd="Deg=Comp">magis</w>                <w xml:id="line.363#w.2" pos="CONsub" lemma="quom" msd="MORPH=empty">quÃ¡m</w>                <w xml:id="line.363#w.3" pos="NOM" lemma="domus" msd="Case=Nom|Numb=Sing">domus</w>                <w xml:id="line.363#w.4" pos="PROpos" lemma="tuus" msd="Case=Nom|Numb=Sing">tua</w>                <w xml:id="line.363#w.5" pos="NOM" lemma="domus" msd="Case=Nom|Numb=Sing">domus</w>                <w xml:id="line.363#w.6" pos="CONsub" lemma="cum3" msd="MORPH=empty">quom</w>                <w xml:id="line.363#w.7" pos="PROdem" lemma="hic1" msd="Case=Nom|Numb=Sing">haÃ©c</w>                <w xml:id="line.363#w.8" pos="PROpos" lemma="tuus" msd="Case=Nom|Numb=Sing">tua</w>                <w xml:id="line.363#w.9" pos="VER" lemma="sum1" msd="Numb=Sing|Mood=Sub|Tense=Pres|Voice=Act|Person=3">sit</w>                <w xml:id="line.363#w.10" pos="PUNC" lemma="." msd="MORPH=empty">.</w>            </seg>            <seg xml:id="urn:cts:latinLit:phi0119.phi010.perseus-lat2:line.364">                <w xml:id="line.364#w.1" pos="PROind" lemma="omnis" msd="Case=Nom|Numb=Sing">omnÃ©</w>                <w xml:id="line.364#w.2" pos="VER" lemma="paro2" msd="Numb=Sing|Mood=Par|Tense=Perf|Voice=Pass">paratumst</w>                <w xml:id="line.364#w.3" pos="PUNC" lemma="," msd="MORPH=empty">,</w>                <w xml:id="line.364#w.4" pos="CONsub" lemma="ut4" msd="MORPH=empty">ut</w>                <w xml:id="line.364#w.5" pos="VER" lemma="inbeo" msd="Numb=Sing|Mood=Ind|Tense=Perf|Voice=Act|Person=2">iÃºssisti</w>            </seg>            <seg xml:id="urn:cts:latinLit:phi0119.phi010.perseus-lat2:line.365">                <w xml:id="line.365#w.1" pos="CONcoo" lemma="atque1" msd="MORPH=empty">atque</w>                <w xml:id="line.365#w.2" pos="CONcoo" lemma="et2" msd="MORPH=empty">Ãºt</w>                <w xml:id="line.365#w.3" pos="VER" lemma="uolo?" msd="Numb=Sing|Mood=Ind|Tense=Perf|Voice=Act|Person=2">voluisti</w>                <w xml:id="line.365#w.4" pos="PUNC" lemma="," msd="MORPH=empty">,</w>                <w xml:id="line.365#w.5" pos="CONcoo" lemma="numque" msd="MORPH=empty">nÃ©que</w>                <w xml:id="line.365#w.6" pos="PROper" lemma="tu" msd="Case=Dat|Numb=Sing">tibi</w>            </seg>            <seg xml:id="urn:cts:latinLit:phi0119.phi010.perseus-lat2:line.366">                <w xml:id="line.366#w.1" pos="PROind" lemma="ullus" msd="Case=Nom|Numb=Sing">ullÃ¡</w>                <w xml:id="line.366#w.2" pos="NOM" lemma="mora" msd="Case=Nom|Numb=Sing">morast</w>                <w xml:id="line.366#w.3" pos="VER" lemma="sum1" msd="Numb=Sing|Mood=Ind|Tense=Pres|Voice=Act|Person=3">morast</w>                <w xml:id="line.366#w.4" pos="ADV" lemma="intus1" msd="Deg=Pos">intus</w>                <w xml:id="line.366#w.5" pos="PUNC" lemma="." msd="MORPH=empty">.</w>            </seg>            <seg xml:id="urn:cts:latinLit:phi0119.phi010.perseus-lat2:line.367">                <w xml:id="line.367#w.1" pos="NOM" lemma="prandium" msd="Case=Acc|Numb=Sing">prandium</w>                <w xml:id="line.367#w.2" pos="PUNC" lemma="," msd="MORPH=empty">,</w>                <w xml:id="line.367#w.3" pos="CONcoo" lemma="et2" msd="MORPH=empty">Ãºt</w>                <w xml:id="line.367#w.4" pos="VER" lemma="iubeo" msd="Numb=Sing|Mood=Ind|Tense=Perf|Voice=Act|Person=2">iussisti</w>                <w xml:id="line.367#w.5" pos="PUNC" lemma="," msd="MORPH=empty">,</w>                <w xml:id="line.367#w.6" pos="PROdem" lemma="hic1" msd="Case=Nom|Numb=Sing">hic</w>                <w xml:id="line.367#w.7" pos="VER" lemma="crro" msd="Case=Nom|Numb=Sing|Mood=Par|Tense=Perf|Voice=Pass">cÃºratumst</w>                <w xml:id="line.367#w.8" pos="VER" lemma="sum1" msd="Numb=Sing|Mood=Ind|Tense=Pres|Voice=Act|Person=3">cÃºratumst</w>                <w xml:id="line.367#w.9" pos="PUNC" lemma=":" msd="MORPH=empty">:</w>            </seg>            <seg xml:id="urn:cts:latinLit:phi0119.phi010.perseus-lat2:line.368">                <w xml:id="line.368#w.1" pos="CONsub" lemma="ubi3" msd="MORPH=empty">ubi</w>                <w xml:id="line.368#w.2" pos="VER" lemma="libet" msd="Numb=Sing|Mood=Ind|Tense=Pres|Voice=Act|Person=3">lÃºbet</w>                <w xml:id="line.368#w.3" pos="PUNC" lemma="," msd="MORPH=empty">,</w>                <w xml:id="line.368#w.4" pos="VER" lemma="eo1" msd="Mood=Inf|Tense=Pres|Voice=Act">ire</w>                <w xml:id="line.368#w.5" pos="VER" lemma="licet1" msd="Numb=Sing|Mood=Ind|Tense=Pres|Voice=Act|Person=3">licet</w>                <w xml:id="line.368#w.6" pos="NOM" lemma="sccubo" msd="Numb=Sing">Ã¡ccubitum</w>                <w xml:id="line.368#w.7" pos="PUNC" lemma="." msd="MORPH=empty">.</w>            </seg>            <seg xml:id="urn:cts:latinLit:phi0119.phi010.perseus-lat2:line.369">                <w xml:id="line.369#w.1" pos="ADVint" lemma="qui" msd="Numb=Sing">QuÃ­cum</w>                <w xml:id="line.369#w.2" pos="CON" lemma="cum3" msd="MORPH=empty">QuÃ­cum</w>                <w xml:id="line.369#w.3" pos="PROdem" lemma="hic1" msd="Case=Nom|Numb=Sing">haec</w>                <w xml:id="line.369#w.4" pos="NOM" lemma="mulier" msd="Case=Nom|Numb=Sing">mulier</w>                <w xml:id="line.369#w.5" pos="VER" lemma="loquor" msd="Numb=Sing|Mood=Ind|Tense=Pres|Voice=Dep|Person=3">loquitur</w>                <w xml:id="line.369#w.6" pos="PUNC" lemma="?" msd="MORPH=empty">?</w>            </seg>            <seg xml:id="urn:cts:latinLit:phi0119.phi010.perseus-lat2:line.369b">                <w xml:id="line.369b#w.1" pos="ADV" lemma="equidem" msd="Deg=Pos">Equidem</w>                <w xml:id="line.369b#w.2" pos="PROper" lemma="tu" msd="Case=Abl|Numb=Sing">tecum</w>                <w xml:id="line.369b#w.3" pos="CON" lemma="cum3" msd="MORPH=empty">tecum</w>                <w xml:id="line.369b#w.4" pos="PUNC" lemma="." msd="MORPH=empty">.</w>            </seg>            <seg xml:id="urn:cts:latinLit:phi0119.phi010.perseus-lat2:line.369c">                <w xml:id="line.369c#w.1" pos="PROint" lemma="quis1" msd="Case=Nom|Numb=Sing">Quid</w>                <w xml:id="line.369c#w.2" pos="PROper" lemma="ego" msd="Case=Abl|Numb=Sing">mecum</w>                <w xml:id="line.369c#w.3" pos="CON" lemma="cum3" msd="MORPH=empty">mecum</w>                <w xml:id="line.369c#w.4" pos="PROper" lemma="tu" msd="Case=Dat|Numb=Sing">tibi</w>            </seg>            <seg xml:id="urn:cts:latinLit:phi0119.phi010.perseus-lat2:line.370">                <w xml:id="line.370#w.1" pos="VER" lemma="sum1" msd="Numb=Sing|Mood=Ind|Tense=Perf|Voice=Act|Person=3">fuit</w>                <w xml:id="line.370#w.2" pos="ADV" lemma="umquam" msd="Deg=Pos">umquam</w>                <w xml:id="line.370#w.3" pos="CONcoo" lemma="aut" msd="MORPH=empty">aut</w>                <w xml:id="line.370#w.4" pos="ADV" lemma="nunc" msd="Deg=Pos">nunc</w>                <w xml:id="line.370#w.5" pos="VER" lemma="sum1" msd="Numb=Sing|Mood=Ind|Tense=Pres|Voice=Act|Person=3">est</w>                <w xml:id="line.370#w.6" pos="NOM" lemma="negotium" msd="Case=Gen|Numb=Sing">negoti</w>                <w xml:id="line.370#w.7" pos="PUNC" lemma="?" msd="MORPH=empty">?</w>            </seg>            <seg xml:id="urn:cts:latinLit:phi0119.phi010.perseus-lat2:line.370b">                <w xml:id="line.370b#w.1" pos="CONsub" lemma="quia" msd="MORPH=empty">Quia</w>                <w xml:id="line.370b#w.2" pos="INJ" lemma="pol" msd="MORPH=empty">pol</w>                <w xml:id="line.370b#w.3" pos="PROper" lemma="tu" msd="Case=Acc|Numb=Sing">te</w>                <w xml:id="line.370b#w.4" pos="ADJcar" lemma="unus" msd="Case=Acc|Numb=Sing">unum</w>                <w xml:id="line.370b#w.5" pos="PRE" lemma="ex" msd="MORPH=empty">ex</w>                <w xml:id="line.370b#w.6" pos="PROind" lemma="omnis" msd="Case=Abl|Numb=Plur">omnibus</w>            </seg>            <seg xml:id="urn:cts:latinLit:phi0119.phi010.perseus-lat2:line.371">                <w xml:id="line.371#w.1" pos="NOM" lemma="uenus1" msd="Case=Nom|Numb=Sing">Venus</w>                <w xml:id="line.371#w.2" pos="PROper" lemma="ego" msd="Case=Acc|Numb=Sing">me</w>                <w xml:id="line.371#w.3" pos="VER" lemma="uolo?" msd="Numb=Sing|Mood=Ind|Tense=Perf|Voice=Act|Person=3">voluit</w>                <w xml:id="line.371#w.4" pos="VER" lemma="magnifico" msd="Mood=Inf|Tense=Pres|Voice=Act">magnificare</w>                <w xml:id="line.371#w.5" pos="PUNC" lemma="," msd="MORPH=empty">,</w>                <w xml:id="line.371#w.6" pos="CONcoo" lemma="neque" msd="MORPH=empty">neque</w>                <w xml:id="line.371#w.7" pos="PROdem" lemma="is" msd="Case=Nom|Numb=Sing">id</w>                <w xml:id="line.371#w.8" pos="ADVneg" lemma="haud" msd="MORPH=empty">haud</w>                <w xml:id="line.371#w.9" pos="ADV" lemma="immerito" msd="Deg=Pos">immerito</w>                <w xml:id="line.371#w.10" pos="PROpos" lemma="tuus" msd="Case=Dat|Numb=Sing">tuo</w>                <w xml:id="line.371#w.11" pos="PUNC" lemma="." msd="MORPH=empty">.</w>            </seg>            <seg xml:id="urn:cts:latinLit:phi0119.phi010.perseus-lat2:line.372">                <w xml:id="line.372#w.1" pos="CONcoo" lemma="nam" msd="MORPH=empty">nam</w>                <w xml:id="line.372#w.2" pos="INJ" lemma="ecastor" msd="MORPH=empty">ecastor</w>                <w xml:id="line.372#w.3" pos="PROind" lemma="solus" msd="Case=Nom|Numb=Sing">solus</w>                <w xml:id="line.372#w.4" pos="NOM" lemma="benefactum" msd="Case=Abl|Numb=Plur">benefactis</w>                <w xml:id="line.372#w.5" pos="PROpos" lemma="tuus" msd="Case=Abl|Numb=Plur">tuis</w>                <w xml:id="line.372#w.6" pos="PROper" lemma="ego" msd="Case=Acc|Numb=Sing">me</w>                <w xml:id="line.372#w.7" pos="ADJqua" lemma="florens" msd="Case=Acc|Numb=Sing|Deg=Pos">florentem</w>                <w xml:id="line.372#w.8" pos="VER" lemma="facio" msd="Numb=Sing|Mood=Ind|Tense=Pres|Voice=Act|Person=2">facis</w>                <w xml:id="line.372#w.9" pos="PUNC" lemma="." msd="MORPH=empty">.</w>            </seg>            <seg xml:id="urn:cts:latinLit:phi0119.phi010.perseus-lat2:line.373">                <w xml:id="line.373#w.1" pos="ADV" lemma="certo2" msd="Case=Abl|Numb=Sing|Deg=Pos">Certo</w>                <w xml:id="line.373#w.2" pos="PROdem" lemma="hic1" msd="Case=Nom|Numb=Sing">haec</w>                <w xml:id="line.373#w.3" pos="NOM" lemma="mulier" msd="Case=Nom|Numb=Sing">mulier</w>                <w xml:id="line.373#w.4" pos="CONcoo" lemma="aut" msd="MORPH=empty">aut</w>                <w xml:id="line.373#w.5" pos="ADJqua" lemma="insanus" msd="Case=Nom|Numb=Sing|Deg=Pos">insana</w>                <w xml:id="line.373#w.6" pos="CONcoo" lemma="aut" msd="MORPH=empty">aut</w>                <w xml:id="line.373#w.7" pos="ADJqua" lemma="ebrius" msd="Case=Nom|Numb=Sing|Deg=Pos">ebria</w>                <w xml:id="line.373#w.8" pos="VER" lemma="sum1" msd="Numb=Sing|Mood=Ind|Tense=Pres|Voice=Act|Person=3">est</w>                <w xml:id="line.373#w.9" pos="PUNC" lemma="," msd="MORPH=empty">,</w>                <w xml:id="line.373#w.10" pos="NOM" lemma="messenium" msd="Case=Dat|Numb=Sing">Messenio</w>                <w xml:id="line.373#w.11" pos="PUNC" lemma="," msd="MORPH=empty">,</w>            </seg>            <seg xml:id="urn:cts:latinLit:phi0119.phi010.perseus-lat2:line.374">                <w xml:id="line.374#w.1" pos="PROrel" lemma="qui1" msd="Case=Nom|Numb=Sing">quaÃ©</w>                <w xml:id="line.374#w.2" pos="NOM" lemma="homo" msd="Case=Acc|Numb=Sing">hominem</w>                <w xml:id="line.374#w.3" pos="ADJqua" lemma="ignotus" msd="Case=Acc|Numb=Sing|Deg=Pos">ignotum</w>                <w xml:id="line.374#w.4" pos="VER" lemma="compello?" msd="Numb=Sing|Mood=Ind|Tense=Fut|Voice=Act|Person=3">compellet</w>                <w xml:id="line.374#w.5" pos="PROper" lemma="ego" msd="Case=Acc|Numb=Sing">me</w>                <w xml:id="line.374#w.6" pos="ADV" lemma="tam" msd="Deg=Pos">tam</w>                <w xml:id="line.374#w.7" pos="ADV" lemma="familiariter" msd="Deg=Pos">familiariter</w>                <w xml:id="line.374#w.8" pos="PUNC" lemma="." msd="MORPH=empty">.</w>            </seg>            <seg xml:id="urn:cts:latinLit:phi0119.phi010.perseus-lat2:line.375">                <w xml:id="line.375#w.1" pos="VER" lemma="dico" msd="Numb=Sing|Mood=Ind|Tense=Pres|Voice=Act|Person=1">Dixin</w>                <w xml:id="line.375#w.2" pos="ADV" lemma="ne2" msd="MORPH=empty">Dixin</w>                <w xml:id="line.375#w.3" pos="PROper" lemma="ago" msd="Case=Nom|Numb=Sing">Ã©go</w>                <w xml:id="line.375#w.4" pos="PROdem" lemma="istic1" msd="Case=Acc|Numb=Plur">istaec</w>                <w xml:id="line.375#w.5" pos="ADV" lemma="hic2" msd="Case=Nom|Numb=Sing">hic</w>                <w xml:id="line.375#w.6" pos="VER" lemma="soleo" msd="Mood=Inf|Tense=Pres|Voice=SemDep">solere</w>                <w xml:id="line.375#w.7" pos="VER" lemma="fio" msd="Mood=Inf|Tense=Pres|Voice=Act">fieri</w>                <w xml:id="line.375#w.8" pos="PUNC" lemma="?" msd="MORPH=empty">?</w>                <w xml:id="line.375#w.9" pos="NOM" lemma="folium" msd="Case=Nom|Numb=Plur">folia</w>                <w xml:id="line.375#w.10" pos="ADV" lemma="nunc" msd="Deg=Pos">nunc</w>                <w xml:id="line.375#w.11" pos="VER" lemma="cado" msd="Numb=Plur|Mood=Ind|Tense=Pres|Voice=Act|Person=3">cadunt</w>                <w xml:id="line.375#w.12" pos="PUNC" lemma="," msd="MORPH=empty">,</w>            </seg>            <seg xml:id="urn:cts:latinLit:phi0119.phi010.perseus-lat2:line.376">                <w xml:id="line.376#w.1" pos="ADV" lemma="praeut" msd="Deg=Pos|Person=3">praeut</w>                <w xml:id="line.376#w.2" pos="CONsub" lemma="si2" msd="MORPH=empty">si</w>                <w xml:id="line.376#w.3" pos="NOM" lemma="triduum" msd="Case=Acc|Numb=Sing">triduom</w>                <w xml:id="line.376#w.4" pos="PROdem" lemma="hic1" msd="Case=Nom|Numb=Sing">hoc</w>                <w xml:id="line.376#w.5" pos="ADV" lemma="hic2" msd="Deg=Pos">hic</w>                <w xml:id="line.376#w.6" pos="VER" lemma="sum1" msd="Numb=Plur|Mood=Ind|Tense=Fut|Voice=Act|Person=1">erimus</w>                <w xml:id="line.376#w.7" pos="PUNC" lemma=":" msd="MORPH=empty">:</w>                <w xml:id="line.376#w.8" pos="ADV" lemma="tum" msd="Deg=Pos">tum</w>                <w xml:id="line.376#w.9" pos="NOM" lemma="arbor" msd="Case=Nom|Numb=Plur">arbores</w>                <w xml:id="line.376#w.10" pos="PRE" lemma="in" msd="MORPH=empty">in</w>                <w xml:id="line.376#w.11" pos="PROper" lemma="tu" msd="Case=Acc|Numb=Sing">te</w>                <w xml:id="line.376#w.12" pos="VER" lemma="cado" msd="Numb=Plur|Mood=Ind|Tense=Fut|Voice=Act|Person=3">cadent</w>                <w xml:id="line.376#w.13" pos="PUNC" lemma="." msd="MORPH=empty">.</w>            </seg>            <seg xml:id="urn:cts:latinLit:phi0119.phi010.perseus-lat2:line.377">                <w xml:id="line.377#w.1" pos="CONcoo" lemma="nam" msd="MORPH=empty">nam</w>                <w xml:id="line.377#w.2" pos="ADV" lemma="ita" msd="Deg=Pos">ita</w>                <w xml:id="line.377#w.3" pos="VER" lemma="sum1" msd="Numb=Plur|Mood=Ind|Tense=Pres|Voice=Act|Person=3">sunt</w>                <w xml:id="line.377#w.4" pos="PROdem" lemma="hic1" msd="Case=Nom|Numb=Sing">hic</w>                <w xml:id="line.377#w.5" pos="NOM" lemma="meretrix" msd="Case=Nom|Numb=Plur">meretrices</w>                <w xml:id="line.377#w.6" pos="PUNC" lemma=":" msd="MORPH=empty">:</w>                <w xml:id="line.377#w.7" pos="PROind" lemma="omnis" msd="Case=Nom|Numb=Plur">omnes</w>                <w xml:id="line.377#w.8" pos="NOM" lemma="elecebra" msd="Case=Nom|Numb=Plur">elecebrae</w>                <w xml:id="line.377#w.9" pos="NOM" lemma="argentaria" msd="Case=Nom|Numb=Plur">argentariae</w>                <w xml:id="line.377#w.10" pos="PUNC" lemma="." msd="MORPH=empty">.</w>            </seg>            <seg xml:id="urn:cts:latinLit:phi0119.phi010.perseus-lat2:line.378">                <w xml:id="line.378#w.1" pos="CONcoo" lemma="sed" msd="MORPH=empty">sed</w>                <w xml:id="line.378#w.2" pos="PRE" lemma="sino" msd="Mood=Imp|Tense=Pres|Voice=Act|Person=2">sine</w>                <w xml:id="line.378#w.3" pos="PROper" lemma="ego" msd="Case=Abl|Numb=Sing">me</w>                <w xml:id="line.378#w.4" pos="CONsub" lemma="dum2" msd="MORPH=empty">dum</w>                <w xml:id="line.378#w.5" pos="PROdem" lemma="hic1" msd="Case=Acc|Numb=Sing">hanc</w>                <w xml:id="line.378#w.6" pos="VER" lemma="compello?" msd="Mood=Inf|Tense=Pres|Voice=Act">compellare</w>                <w xml:id="line.378#w.7" pos="PUNC" lemma="." msd="MORPH=empty">.</w>                <w xml:id="line.378#w.8" pos="INJ" lemma="heus" msd="MORPH=empty">heus</w>                <w xml:id="line.378#w.9" pos="NOM" lemma="mulier" msd="Case=Voc|Numb=Sing">mulier</w>                <w xml:id="line.378#w.10" pos="PUNC" lemma="," msd="MORPH=empty">,</w>                <w xml:id="line.378#w.11" pos="PROper" lemma="tu" msd="Case=Dat|Numb=Sing">tibi</w>                <w xml:id="line.378#w.12" pos="VER" lemma="dico?" msd="Numb=Sing|Mood=Ind|Tense=Pres|Voice=Act|Person=1">dico</w>                <w xml:id="line.378#w.13" pos="PUNC" lemma="." msd="MORPH=empty">.</w>            </seg>            <seg xml:id="urn:cts:latinLit:phi0119.phi010.perseus-lat2:line.378b">                <w xml:id="line.378b#w.1" pos="PROint" lemma="quis1" msd="Case=Nom|Numb=Sing">Quid</w>                <w xml:id="line.378b#w.2" pos="VER" lemma="sum1" msd="Numb=Sing|Mood=Ind|Tense=Pres|Voice=Act|Person=3">est</w>                <w xml:id="line.378b#w.3" pos="PUNC" lemma="?" msd="MORPH=empty">?</w>            </seg>            <seg xml:id="urn:cts:latinLit:phi0119.phi010.perseus-lat2:line.379">                <w xml:id="line.379#w.1" pos="ADVint" lemma="ubi2" msd="MORPH=empty">Vbi</w>                <w xml:id="line.379#w.2" pos="PROper" lemma="tu" msd="Case=Nom|Numb=Sing">tu</w>                <w xml:id="line.379#w.3" pos="PROdem" lemma="hic1" msd="Case=Acc|Numb=Sing">hÃºnc</w>                <w xml:id="line.379#w.4" pos="NOM" lemma="homo" msd="Case=Acc|Numb=Sing">hominem</w>                <w xml:id="line.379#w.5" pos="VER" lemma="nosco" msd="Numb=Sing|Mood=Ind|Tense=Perf|Voice=Act|Person=2">novisti</w>                <w xml:id="line.379#w.6" pos="PUNC" lemma="?" msd="MORPH=empty">?</w>            </seg>            <seg xml:id="urn:cts:latinLit:phi0119.phi010.perseus-lat2:line.379b">                <w xml:id="line.379b#w.1" pos="ADV" lemma="ibidem" msd="Deg=Pos">Ibidem</w>                <w xml:id="line.379b#w.2" pos="CONsub" lemma="ubi3" msd="MORPH=empty">ubi</w>                <w xml:id="line.379b#w.3" pos="ADV" lemma="hic2" msd="Numb=Sing">hic</w>                <w xml:id="line.379b#w.4" pos="PROper" lemma="ego" msd="Case=Acc|Numb=Sing">me</w>                <w xml:id="line.379b#w.5" pos="ADV" lemma="iam" msd="Deg=Pos">iam</w>                <w xml:id="line.379b#w.6" pos="ADV" lemma="diu" msd="Deg=Pos">diu</w>                <w xml:id="line.379b#w.7" pos="PUNC" lemma="," msd="MORPH=empty">,</w>            </seg>            <seg xml:id="urn:cts:latinLit:phi0119.phi010.perseus-lat2:line.380">                <w xml:id="line.380#w.1" pos="PRE" lemma="in" msd="MORPH=empty">in</w>                <w xml:id="line.380#w.2" pos="NOM" lemma="epidamnum" msd="Case=Abl|Numb=Sing">Epidamno</w>                <w xml:id="line.380#w.3" pos="PUNC" lemma="." msd="MORPH=empty">.</w>            </seg>            <seg xml:id="urn:cts:latinLit:phi0119.phi010.perseus-lat2:line.380b">                <w xml:id="line.380b#w.1" pos="PRE" lemma="in" msd="MORPH=empty">In</w>                <w xml:id="line.380b#w.2" pos="NOM" lemma="epidamnum" msd="Case=Abl|Numb=Sing">Epidamno</w>                <w xml:id="line.380b#w.3" pos="PUNC" lemma="?" msd="MORPH=empty">?</w>                <w xml:id="line.380b#w.4" pos="PROrel" lemma="qui1" msd="Case=Nom|Numb=Sing">qui</w>                <w xml:id="line.380b#w.5" pos="ADV" lemma="huc" msd="Deg=Pos">huc</w>                <w xml:id="line.380b#w.6" pos="PRE" lemma="in" msd="MORPH=empty">in</w>                <w xml:id="line.380b#w.7" pos="PROdem" lemma="hic1" msd="Case=Acc|Numb=Sing">hanc</w>                <w xml:id="line.380b#w.8" pos="NOM" lemma="urbs" msd="Case=Acc|Numb=Sing">urbem</w>                <w xml:id="line.380b#w.9" pos="NOM" lemma="pes" msd="Case=Acc|Numb=Sing">pedem</w>                <w xml:id="line.380b#w.10" pos="PUNC" lemma="," msd="MORPH=empty">,</w>            </seg>            <seg xml:id="urn:cts:latinLit:phi0119.phi010.perseus-lat2:line.381">                <w xml:id="line.381#w.1" pos="CONsub" lemma="nisi" msd="MORPH=empty">nisi</w>                <w xml:id="line.381#w.2" pos="ADV" lemma="hodie" msd="Deg=Pos">hodie</w>                <w xml:id="line.381#w.3" pos="PUNC" lemma="," msd="MORPH=empty">,</w>                <w xml:id="line.381#w.4" pos="ADVneg" lemma="numquam" msd="MORPH=empty">numquam</w>                <w xml:id="line.381#w.5" pos="ADV" lemma="intro2" msd="Deg=Pos">intro</w>                <w xml:id="line.381#w.6" pos="VER" lemma="fero" msd="Numb=Sing|Mood=Ind|Tense=Perf|Voice=Act|Person=3">tetulit</w>                <w xml:id="line.381#w.7" pos="PUNC" lemma="?" msd="MORPH=empty">?</w>            </seg>            <seg xml:id="urn:cts:latinLit:phi0119.phi010.perseus-lat2:line.381b">                <w xml:id="line.381b#w.1" pos="INJ" lemma="eia" msd="MORPH=empty">Heia</w>                <w xml:id="line.381b#w.2" pos="PUNC" lemma="," msd="MORPH=empty">,</w>                <w xml:id="line.381b#w.3" pos="NOM" lemma="delicia1" msd="Case=Acc|Numb=Plur">delicias</w>                <w xml:id="line.381b#w.4" pos="VER" lemma="facio" msd="Numb=Sing|Mood=Ind|Tense=Pres|Voice=Act|Person=2">facis</w>                <w xml:id="line.381b#w.5" pos="PUNC" lemma="." msd="MORPH=empty">.</w>            </seg>            <seg xml:id="urn:cts:latinLit:phi0119.phi010.perseus-lat2:line.382">                <w xml:id="line.382#w.1" pos="PROper" lemma="ego" msd="Case=Voc|Numb=Sing">mi</w>                <w xml:id="line.382#w.2" pos="NOM" lemma="menaechus" msd="Case=Voc|Numb=Sing">Menaechme</w>                <w xml:id="line.382#w.3" pos="PUNC" lemma="," msd="MORPH=empty">,</w>                <w xml:id="line.382#w.4" pos="ADV" lemma="quin1" msd="Deg=Pos">quin</w>                <w xml:id="line.382#w.5" pos="PUNC" lemma="," msd="MORPH=empty">,</w>                <w xml:id="line.382#w.6" pos="VER" lemma="amo" msd="Numb=Sing|Mood=Ind|Tense=Fut|Voice=Act|Person=1">amabo</w>                <w xml:id="line.382#w.7" pos="PUNC" lemma="," msd="MORPH=empty">,</w>                <w xml:id="line.382#w.8" pos="PROdem" lemma="eo?" msd="Case=Nom|Numb=Sing">is</w>                <w xml:id="line.382#w.9" pos="ADV" lemma="intro2" msd="Deg=Pos">intro</w>                <w xml:id="line.382#w.10" pos="PUNC" lemma="?" msd="MORPH=empty">?</w>                <w xml:id="line.382#w.11" pos="PROdem" lemma="hic1" msd="Case=Nom|Numb=Sing">hic</w>                <w xml:id="line.382#w.12" pos="PROper" lemma="tu" msd="Case=Dat|Numb=Sing">tibi</w>                <w xml:id="line.382#w.13" pos="VER" lemma="sum1" msd="Numb=Sing|Mood=Ind|Tense=Fut|Voice=Act|Person=3">erit</w>                <w xml:id="line.382#w.14" pos="ADJqua" lemma="recte" msd="Case=Nom|Deg=Comp">rectius</w>                <w xml:id="line.382#w.15" pos="PUNC" lemma="." msd="MORPH=empty">.</w>            </seg>            <seg xml:id="urn:cts:latinLit:phi0119.phi010.perseus-lat2:line.383">                <w xml:id="line.383#w.1" pos="PROdem" lemma="hic1" msd="Case=Nom|Numb=Plur">Haec</w>                <w xml:id="line.383#w.2" pos="ADV" lemma="quidem" msd="Deg=Pos">quidem</w>                <w xml:id="line.383#w.3" pos="INJ" lemma="edepol" msd="MORPH=empty">edepol</w>                <w xml:id="line.383#w.4" pos="ADV" lemma="recte" msd="Deg=Pos">recte</w>                <w xml:id="line.383#w.5" pos="VER" lemma="appello?" msd="Numb=Sing|Mood=Ind|Tense=Pres|Voice=Act|Person=3">appellat</w>                <w xml:id="line.383#w.6" pos="PROpos" lemma="meus" msd="Case=Abl|Numb=Sing">meo</w>                <w xml:id="line.383#w.7" pos="PROper" lemma="ego" msd="Case=Acc|Numb=Sing">me</w>                <w xml:id="line.383#w.8" pos="NOM" lemma="mulier" msd="Case=Nom|Numb=Sing">mulier</w>                <w xml:id="line.383#w.9" pos="NOM" lemma="nomen" msd="Case=Abl|Numb=Sing">nomine</w>                <w xml:id="line.383#w.10" pos="PUNC" lemma="." msd="MORPH=empty">.</w>            </seg>            <seg xml:id="urn:cts:latinLit:phi0119.phi010.perseus-lat2:line.384">                <w xml:id="line.384#w.1" pos="ADV" lemma="nimis" msd="Deg=Pos">nimis</w>                <w xml:id="line.384#w.2" pos="VER" lemma="miror" msd="Numb=Sing|Mood=Ind|Tense=Pres|Voice=Dep|Person=1">miror</w>                <w xml:id="line.384#w.3" pos="PUNC" lemma="," msd="MORPH=empty">,</w>                <w xml:id="line.384#w.4" pos="PROint" lemma="quis1" msd="Case=Nom|Numb=Sing">quid</w>                <w xml:id="line.384#w.5" pos="PROdem" lemma="hic1" msd="Case=Nom|Numb=Sing">hoc</w>                <w xml:id="line.384#w.6" pos="VER" lemma="sum1" msd="Numb=Sing|Mood=Ind|Tense=Pres|Voice=Act|Person=3">sÃ­t</w>                <w xml:id="line.384#w.7" pos="NOM" lemma="negotium" msd="Case=Gen|Numb=Sing">negoti</w>                <w xml:id="line.384#w.8" pos="PUNC" lemma="." msd="MORPH=empty">.</w>            </seg>            <seg xml:id="urn:cts:latinLit:phi0119.phi010.perseus-lat2:line.384b">                <w xml:id="line.384b#w.1" pos="VER" lemma="oboleo" msd="Numb=Sing|Mood=Ind|Tense=Perf|Voice=Act|Person=3">Oboluit</w>                <w xml:id="line.384b#w.2" pos="NOM" lemma="marsupium" msd="Case=Acc|Numb=Sing">marsuppium</w>            </seg>            <seg xml:id="urn:cts:latinLit:phi0119.phi010.perseus-lat2:line.385">                <w xml:id="line.385#w.1" pos="PROdem" lemma="hic1" msd="Case=Dat|Numb=Sing">huic</w>                <w xml:id="line.385#w.2" pos="PROdem" lemma="istic1" msd="Case=Acc|Numb=Sing">istuc</w>                <w xml:id="line.385#w.3" pos="PROrel" lemma="qui1" msd="Case=Acc|Numb=Sing">quod</w>                <w xml:id="line.385#w.4" pos="VER" lemma="habeo" msd="Numb=Sing|Mood=Ind|Tense=Pres|Voice=Act|Person=2">habes</w>                <w xml:id="line.385#w.5" pos="PUNC" lemma="." msd="MORPH=empty">.</w>            </seg>            <seg xml:id="urn:cts:latinLit:phi0119.phi010.perseus-lat2:line.385b">                <w xml:id="line.385b#w.1" pos="CONcoo" lemma="atque1" msd="MORPH=empty">Atque</w>                <w xml:id="line.385b#w.2" pos="INJ" lemma="edepol" msd="MORPH=empty">edepol</w>                <w xml:id="line.385b#w.3" pos="PROper" lemma="tu" msd="Case=Nom|Numb=Sing">tu</w>                <w xml:id="line.385b#w.4" pos="PROper" lemma="ego" msd="Case=Acc|Numb=Sing">me</w>                <w xml:id="line.385b#w.5" pos="VER" lemma="moneo" msd="Numb=Sing|Mood=Ind|Tense=Perf|Voice=Act|Person=2">monuisti</w>                <w xml:id="line.385b#w.6" pos="ADV" lemma="probe" msd="Deg=Pos">probe</w>                <w xml:id="line.385b#w.7" pos="PUNC" lemma="." msd="MORPH=empty">.</w>            </seg>            <seg xml:id="urn:cts:latinLit:phi0119.phi010.perseus-lat2:line.386">                <w xml:id="line.386#w.1" pos="VER" lemma="accipio" msd="Numb=Sing|Mood=Imp|Tense=Pres|Voice=Act|Person=2">accipe</w>                <w xml:id="line.386#w.2" pos="CONsub" lemma="dum2" msd="MORPH=empty">dum</w>                <w xml:id="line.386#w.3" pos="PROdem" lemma="hic1" msd="Case=Acc|Numb=Sing">hoc</w>                <w xml:id="line.386#w.4" pos="PUNC" lemma="." msd="MORPH=empty">.</w>                <w xml:id="line.386#w.5" pos="ADV" lemma="iam" msd="Deg=Pos">iam</w>                <w xml:id="line.386#w.6" pos="VER" lemma="scio" msd="Numb=Sing|Mood=Ind|Tense=Fut|Voice=Act|Person=1">scibo</w>                <w xml:id="line.386#w.7" pos="PUNC" lemma="," msd="MORPH=empty">,</w>                <w xml:id="line.386#w.8" pos="ADVint" lemma="utrum" msd="MORPH=empty">utrum</w>                <w xml:id="line.386#w.9" pos="PROdem" lemma="hic1" msd="Case=Acc|Numb=Sing">haec</w>                <w xml:id="line.386#w.10" pos="PROper" lemma="ego" msd="Case=Acc|Numb=Sing">me</w>                <w xml:id="line.386#w.11" pos="ADV" lemma="mage" msd="Deg=Pos">mage</w>                <w xml:id="line.386#w.12" pos="VER" lemma="amo" msd="Numb=Sing|Mood=Sub|Tense=Pres|Voice=Act|Person=3">amet</w>                <w xml:id="line.386#w.13" pos="ADVint" lemma="an" msd="MORPH=empty">an</w>                <w xml:id="line.386#w.14" pos="NOM" lemma="marsupium" msd="Case=Nom|Numb=Sing">marsuppium</w>                <w xml:id="line.386#w.15" pos="PUNC" lemma="." msd="MORPH=empty">.</w>            </seg>            <seg xml:id="urn:cts:latinLit:phi0119.phi010.perseus-lat2:line.387">                <w xml:id="line.387#w.1" pos="VER" lemma="eo1" msd="Numb=Plur|Mood=Sub|Tense=Pres|Voice=Act|Person=1">Eamus</w>                <w xml:id="line.387#w.2" pos="ADV" lemma="intro2" msd="Deg=Pos">intro</w>                <w xml:id="line.387#w.3" pos="PUNC" lemma="," msd="MORPH=empty">,</w>                <w xml:id="line.387#w.4" pos="CONsub" lemma="ut4" msd="MORPH=empty">ut</w>                <w xml:id="line.387#w.5" pos="VER" lemma="prandeo" msd="Numb=Plur|Mood=Sub|Tense=Pres|Voice=Act|Person=1">prandeamus</w>                <w xml:id="line.387#w.6" pos="PUNC" lemma="." msd="MORPH=empty">.</w>            </seg>            <seg xml:id="urn:cts:latinLit:phi0119.phi010.perseus-lat2:line.387b">                <w xml:id="line.387b#w.1" pos="ADV" lemma="bene" msd="Deg=Pos">Bene</w>                <w xml:id="line.387b#w.2" pos="VER" lemma="uoco" msd="Numb=Sing|Mood=Ind|Tense=Pres|Voice=Act|Person=2">vocas</w>                <w xml:id="line.387b#w.3" pos="PUNC" lemma=":" msd="MORPH=empty">:</w>                <w xml:id="line.387b#w.4" pos="ADV" lemma="tam" msd="Deg=Pos">tam</w>                <w xml:id="line.387b#w.5" pos="NOM" lemma="gratia" msd="Case=Ind|Numb=Sing|Deg=Pos">gratiast</w>                <w xml:id="line.387b#w.6" pos="VER" lemma="sum1" msd="Numb=Sing|Mood=Ind|Tense=Pres|Voice=Act|Person=3">gratiast</w>                <w xml:id="line.387b#w.7" pos="PUNC" lemma="." msd="MORPH=empty">.</w>            </seg>            <seg xml:id="urn:cts:latinLit:phi0119.phi010.perseus-lat2:line.388">                <w xml:id="line.388#w.1" pos="ADVint" lemma="cur" msd="MORPH=empty">Cur</w>                <w xml:id="line.388#w.2" pos="CONcoo" lemma="igitur" msd="MORPH=empty">igitur</w>                <w xml:id="line.388#w.3" pos="PROper" lemma="ego" msd="Case=Acc|Numb=Sing">me</w>                <w xml:id="line.388#w.4" pos="PROper" lemma="tu" msd="Case=Dat|Numb=Sing">tibi</w>                <w xml:id="line.388#w.5" pos="VER" lemma="iubeo" msd="Numb=Sing|Mood=Ind|Tense=Perf|Voice=Act|Person=2">iussisti</w>                <w xml:id="line.388#w.6" pos="VER" lemma="coquo" msd="Mood=Inf|Tense=Pres|Voice=Act">coquere</w>                <w xml:id="line.388#w.7" pos="ADV" lemma="dudum" msd="Deg=Pos">dudum</w>                <w xml:id="line.388#w.8" pos="NOM" lemma="prandium" msd="Case=Acc|Numb=Sing">prandium</w>                <w xml:id="line.388#w.9" pos="PUNC" lemma="?" msd="MORPH=empty">?</w>            </seg>            <seg xml:id="urn:cts:latinLit:phi0119.phi010.perseus-lat2:line.389">                <w xml:id="line.389#w.1" pos="PROper" lemma="ego" msd="Case=Nom|Numb=Sing">Egon</w>                <w xml:id="line.389#w.2" pos="ADV" lemma="ne2" msd="MORPH=empty">Egon</w>                <w xml:id="line.389#w.3" pos="PROper" lemma="tu" msd="Case=Acc|Numb=Sing">te</w>                <w xml:id="line.389#w.4" pos="VER" lemma="iubeo" msd="Numb=Sing|Mood=Ind|Tense=Perf|Voice=Act|Person=1">iussi</w>                <w xml:id="line.389#w.5" pos="VER" lemma="coquo" msd="Mood=Inf|Tense=Pres|Voice=Act">coquere</w>                <w xml:id="line.389#w.6" pos="PUNC" lemma="?" msd="MORPH=empty">?</w>            </seg>            <seg xml:id="urn:cts:latinLit:phi0119.phi010.perseus-lat2:line.389b">                <w xml:id="line.389b#w.1" pos="ADJqua" lemma="certo?" msd="Case=Dat|Numb=Sing|Deg=Pos">Certo</w>                <w xml:id="line.389b#w.2" pos="PUNC" lemma="," msd="MORPH=empty">,</w>                <w xml:id="line.389b#w.3" pos="PROper" lemma="tu" msd="Case=Dat|Numb=Sing">tibi</w>                <w xml:id="line.389b#w.4" pos="CONcoo" lemma="et2" msd="MORPH=empty">et</w>                <w xml:id="line.389b#w.5" pos="NOM" lemma="parasitus" msd="Case=Dat|Numb=Sing">parasito</w>                <w xml:id="line.389b#w.6" pos="PROpos" lemma="tuus" msd="Case=Dat|Numb=Sing">tuo</w>                <w xml:id="line.389b#w.7" pos="PUNC" lemma="." msd="MORPH=empty">.</w>            </seg>            <seg xml:id="urn:cts:latinLit:phi0119.phi010.perseus-lat2:line.390">                <w xml:id="line.390#w.1" pos="PROint" lemma="quis1" msd="Case=Dat|Numb=Sing">Cui</w>                <w xml:id="line.390#w.2" pos="PUNC" lemma="," msd="MORPH=empty">,</w>                <w xml:id="line.390#w.3" pos="NOM" lemma="malum?" msd="Case=Acc|Numb=Sing">malum</w>                <w xml:id="line.390#w.4" pos="PUNC" lemma="," msd="MORPH=empty">,</w>                <w xml:id="line.390#w.5" pos="NOM" lemma="parasitus" msd="Case=Dat|Numb=Sing">parasito</w>                <w xml:id="line.390#w.6" pos="PUNC" lemma="?" msd="MORPH=empty">?</w>                <w xml:id="line.390#w.7" pos="ADJqua" lemma="certo?" msd="Case=Abl|Numb=Sing|Deg=Pos">certo</w>                <w xml:id="line.390#w.8" pos="PROdem" lemma="hic1" msd="Case=Nom|Numb=Sing">haec</w>                <w xml:id="line.390#w.9" pos="NOM" lemma="mulier" msd="Case=Nom|Numb=Sing">mulier</w>                <w xml:id="line.390#w.10" pos="ADVneg" lemma="non" msd="MORPH=empty">non</w>                <w xml:id="line.390#w.11" pos="VER" lemma="sano" msd="Numb=Sing|Deg=Pos">sanast</w>                <w xml:id="line.390#w.12" pos="ADV" lemma="satis2" msd="Deg=Pos">satis</w>                <w xml:id="line.390#w.13" pos="PUNC" lemma="." msd="MORPH=empty">.</w>            </seg>            <seg xml:id="urn:cts:latinLit:phi0119.phi010.perseus-lat2:line.391">                <w xml:id="line.391#w.1" pos="NOM" lemma="peniculus" msd="Case=Abl|Numb=Sing">Peniculo</w>                <w xml:id="line.391#w.2" pos="PUNC" lemma="." msd="MORPH=empty">.</w>            </seg>            <seg xml:id="urn:cts:latinLit:phi0119.phi010.perseus-lat2:line.391b">                <w xml:id="line.391b#w.1" pos="PROint" lemma="quis1" msd="Case=Nom|Numb=Sing">Quis</w>                <w xml:id="line.391b#w.2" pos="PROdem" lemma="iste" msd="Case=Nom|Numb=Sing">iste</w>                <w xml:id="line.391b#w.3" pos="NOM" lemma="sum?" msd="MORPH=empty">Ã©st</w>                <w xml:id="line.391b#w.4" pos="NOM" lemma="peniculus" msd="Case=Nom|Numb=Sing">Peniculus</w>                <w xml:id="line.391b#w.5" pos="PUNC" lemma="?" msd="MORPH=empty">?</w>                <w xml:id="line.391b#w.6" pos="PROrel" lemma="qui1" msd="Case=Nom|Numb=Plur">qui</w>                <w xml:id="line.391b#w.7" pos="VER" lemma="extergo" msd="Numb=Plur|Mood=Sub|Tense=Pres|Voice=Pass|Person=3">extergentur</w>                <w xml:id="line.391b#w.8" pos="ADJqua" lemma="baxeus" msd="Case=Nom|Numb=Plur|Deg=Pos">baxeae</w>                <w xml:id="line.391b#w.9" pos="PUNC" lemma="?" msd="MORPH=empty">?</w>            </seg>            <seg xml:id="urn:cts:latinLit:phi0119.phi010.perseus-lat2:line.392">                <w xml:id="line.392#w.1" pos="ADV" lemma="scilicet" msd="Deg=Pos">Scilicet</w>                <w xml:id="line.392#w.2" pos="PROrel" lemma="qui1" msd="Case=Nom|Numb=Sing">qui</w>                <w xml:id="line.392#w.3" pos="ADV" lemma="dudum" msd="Deg=Pos">dudum</w>                <w xml:id="line.392#w.4" pos="PROper" lemma="tu" msd="Case=Abl|Numb=Sing">tecum</w>                <w xml:id="line.392#w.5" pos="CON" lemma="cum3" msd="MORPH=empty">tecum</w>                <w xml:id="line.392#w.6" pos="VER" lemma="uenio" msd="Numb=Sing|Mood=Ind|Tense=Perf|Voice=Act|Person=3">venit</w>                <w xml:id="line.392#w.7" pos="PUNC" lemma="," msd="MORPH=empty">,</w>                <w xml:id="line.392#w.8" pos="CONsub" lemma="cum3" msd="MORPH=empty">quom</w>                <w xml:id="line.392#w.9" pos="NOM" lemma="palla" msd="Case=Acc|Numb=Sing">pallam</w>                <w xml:id="line.392#w.10" pos="PROper" lemma="ego" msd="Case=Dat|Numb=Sing">mihi</w>            </seg>            <seg xml:id="urn:cts:latinLit:phi0119.phi010.perseus-lat2:line.393">                <w xml:id="line.393#w.1" pos="VER" lemma="defero" msd="Numb=Sing|Mood=Ind|Tense=Perf|Voice=Act|Person=2">detulisti</w>                <w xml:id="line.393#w.2" pos="PUNC" lemma="," msd="MORPH=empty">,</w>                <w xml:id="line.393#w.3" pos="CONsub" lemma="qui?" msd="MORPH=empty">quÃ¡m</w>                <w xml:id="line.393#w.4" pos="PRE" lemma="ab" msd="MORPH=empty">ab</w>                <w xml:id="line.393#w.5" pos="NOM" lemma="uxor" msd="Case=Abl|Numb=Sing">uxore</w>                <w xml:id="line.393#w.6" pos="PROpos" lemma="tuus" msd="Case=Abl|Numb=Sing">tua</w>                <w xml:id="line.393#w.7" pos="VER" lemma="surripio" msd="Numb=Sing|Mood=Ind|Tense=Perf|Voice=Act|Person=2">surrupuisti</w>                <w xml:id="line.393#w.8" pos="PUNC" lemma="." msd="MORPH=empty">.</w>            </seg>            <seg xml:id="urn:cts:latinLit:phi0119.phi010.perseus-lat2:line.393b">                <w xml:id="line.393b#w.1" pos="PROint" lemma="quis1" msd="Case=Nom|Numb=Sing">Quid</w>                <w xml:id="line.393b#w.2" pos="VER" lemma="sum1" msd="Numb=Sing|Mood=Ind|Tense=Pres|Voice=Act|Person=3">est</w>                <w xml:id="line.393b#w.3" pos="PUNC" lemma="?" msd="MORPH=empty">?</w>            </seg>            <seg xml:id="urn:cts:latinLit:phi0119.phi010.perseus-lat2:line.394">                <w xml:id="line.394#w.1" pos="PROper" lemma="tu" msd="Case=Dat|Numb=Sing">tibi</w>                <w xml:id="line.394#w.2" pos="NOM" lemma="palla" msd="Case=Acc|Numb=Sing">pallam</w>                <w xml:id="line.394#w.3" pos="VER" lemma="do" msd="Numb=Sing|Mood=Ind|Tense=Perf|Voice=Act|Person=1">dedi</w>                <w xml:id="line.394#w.4" pos="PUNC" lemma="," msd="MORPH=empty">,</w>                <w xml:id="line.394#w.5" pos="PROrel" lemma="qui1" msd="Numb=Sing">quam</w>                <w xml:id="line.394#w.6" pos="NOM" lemma="uxor" msd="Case=Dat|Numb=Sing">uxori</w>                <w xml:id="line.394#w.7" pos="PROpos" lemma="meus" msd="Case=Dat|Numb=Sing">meae</w>                <w xml:id="line.394#w.8" pos="VER" lemma="surripio" msd="Numb=Sing|Mood=Ind|Tense=Perf|Voice=Act|Person=1">surrupui</w>                <w xml:id="line.394#w.9" pos="PUNC" lemma="?" msd="MORPH=empty">?</w>                <w xml:id="line.394#w.10" pos="ADJqua" lemma="sanus" msd="Case=Nom|Numb=Sing|Deg=Pos">sanan</w>                <w xml:id="line.394#w.11" pos="ADV" lemma="ne2" msd="MORPH=empty">sanan</w>                <w xml:id="line.394#w.12" pos="VER" lemma="sum1" msd="Numb=Sing|Mood=Ind|Tense=Pres|Voice=Act|Person=2">es</w>                <w xml:id="line.394#w.13" pos="PUNC" lemma="?" msd="MORPH=empty">?</w>            </seg>            <seg xml:id="urn:cts:latinLit:phi0119.phi010.perseus-lat2:line.395">                <w xml:id="line.395#w.1" pos="ADV" lemma="certe" msd="Deg=Pos">certe</w>                <w xml:id="line.395#w.2" pos="PROdem" lemma="hic1" msd="Case=Nom|Numb=Sing">haec</w>                <w xml:id="line.395#w.3" pos="NOM" lemma="mulier" msd="Case=Nom|Numb=Sing">mulier</w>                <w xml:id="line.395#w.4" pos="ADJqua" lemma="cantherinus" msd="Case=Abl|Numb=Sing|Deg=Pos">cantherino</w>                <w xml:id="line.395#w.5" pos="NOM" lemma="ritus" msd="Case=Abl|Numb=Sing">ritu</w>                <w xml:id="line.395#w.6" pos="VER" lemma="asto" msd="Case=Nom|Numb=Sing|Mood=Par|Tense=Pres|Voice=Act">Ã¡stans</w>                <w xml:id="line.395#w.7" pos="VER" lemma="somnio" msd="Numb=Sing|Mood=Sub|Tense=Pres|Voice=Act|Person=3">somniat</w>                <w xml:id="line.395#w.8" pos="PUNC" lemma="." msd="MORPH=empty">.</w>            </seg>            <seg xml:id="urn:cts:latinLit:phi0119.phi010.perseus-lat2:line.396">                <w xml:id="line.396#w.1" pos="PROrel" lemma="qui1" msd="Case=Nom|Numb=Sing">Qui</w>                <w xml:id="line.396#w.2" pos="VER" lemma="libet" msd="Numb=Sing|Mood=Ind|Tense=Pres|Voice=Act|Person=3">lubet</w>                <w xml:id="line.396#w.3" pos="NOM" lemma="ludibrium" msd="Case=Abl|Numb=Sing">ludibrio</w>                <w xml:id="line.396#w.4" pos="VER" lemma="habeo" msd="Mood=Inf|Tense=Pres|Voice=Act">habere</w>                <w xml:id="line.396#w.5" pos="PROper" lemma="ego" msd="Case=Acc|Numb=Sing">me</w>                <w xml:id="line.396#w.6" pos="CONcoo" lemma="atque1" msd="MORPH=empty">atque</w>                <w xml:id="line.396#w.7" pos="VER" lemma="eo1" msd="Mood=Inf|Tense=Pres|Voice=Act">ire</w>                <w xml:id="line.396#w.8" pos="NOM" lemma="infitias" msd="Case=Acc|Numb=Plur">infitias</w>                <w xml:id="line.396#w.9" pos="PROper" lemma="ego" msd="Case=Dat|Numb=Sing">mihi</w>            </seg>            <seg xml:id="urn:cts:latinLit:phi0119.phi010.perseus-lat2:line.397">                <w xml:id="line.397#w.1" pos="NOM" lemma="factum" msd="Case=Nom|Numb=Plur">facta</w>                <w xml:id="line.397#w.2" pos="PROrel" lemma="qui1" msd="Case=Nom|Numb=Plur">quae</w>                <w xml:id="line.397#w.3" pos="VER" lemma="sum1" msd="Numb=Plur|Mood=Ind|Tense=Pres|Voice=Act|Person=3">sunt</w>                <w xml:id="line.397#w.4" pos="PUNC" lemma="?" msd="MORPH=empty">?</w>            </seg>            <seg xml:id="urn:cts:latinLit:phi0119.phi010.perseus-lat2:line.397b">                <w xml:id="line.397b#w.1" pos="VER" lemma="dico?" msd="Numb=Sing|Mood=Imp|Tense=Pres|Voice=Act|Person=2">Dic</w>                <w xml:id="line.397b#w.2" pos="PROint" lemma="quis1" msd="Case=Nom|Numb=Sing">quid</w>                <w xml:id="line.397b#w.3" pos="VER" lemma="sum1" msd="Numb=Sing|Mood=Ind|Tense=Pres|Voice=Act|Person=3">est</w>                <w xml:id="line.397b#w.4" pos="PROdem" lemma="is" msd="Case=Nom|Numb=Sing">id</w>                <w xml:id="line.397b#w.5" pos="PROrel" lemma="qui1" msd="Case=Acc|Numb=Sing">quod</w>                <w xml:id="line.397b#w.6" pos="VER" lemma="nego" msd="Numb=Sing|Mood=Sub|Tense=Pres|Voice=Act|Person=1">negem</w>                <w xml:id="line.397b#w.7" pos="PROrel" lemma="qui1" msd="Case=Acc|Numb=Sing">quod</w>                <w xml:id="line.397b#w.8" pos="VER" lemma="facio" msd="Numb=Sing|Mood=Sub|Tense=Perf|Voice=Act|Person=1">fecerim</w>                <w xml:id="line.397b#w.9" pos="PUNC" lemma="?" msd="MORPH=empty">?</w>            </seg>            <seg xml:id="urn:cts:latinLit:phi0119.phi010.perseus-lat2:line.398">                <w xml:id="line.398#w.1" pos="NOM" lemma="palla" msd="Case=Acc|Numb=Sing">Pallam</w>                <w xml:id="line.398#w.2" pos="PROper" lemma="tu" msd="Case=Acc|Numb=Sing">te</w>                <w xml:id="line.398#w.3" pos="ADV" lemma="hodie" msd="Deg=Pos">hodie</w>                <w xml:id="line.398#w.4" pos="PROper" lemma="ego" msd="Case=Dat|Numb=Sing">mihi</w>                <w xml:id="line.398#w.5" pos="VER" lemma="do" msd="Mood=Inf|Tense=Perf|Voice=Act">dedisse</w>                <w xml:id="line.398#w.6" pos="NOM" lemma="uxor" msd="Case=Gen|Numb=Sing">uxoris</w>                <w xml:id="line.398#w.7" pos="PUNC" lemma="." msd="MORPH=empty">.</w>            </seg>            <seg xml:id="urn:cts:latinLit:phi0119.phi010.perseus-lat2:line.398b">                <w xml:id="line.398b#w.1" pos="ADV" lemma="etiam" msd="Deg=Pos">Etiam</w>                <w xml:id="line.398b#w.2" pos="ADV" lemma="nunc" msd="Deg=Pos">nunc</w>                <w xml:id="line.398b#w.3" pos="VER" lemma="nego" msd="Numb=Sing|Mood=Ind|Tense=Pres|Voice=Act|Person=1">nego</w>                <w xml:id="line.398b#w.4" pos="PUNC" lemma="." msd="MORPH=empty">.</w>            </seg>            <seg xml:id="urn:cts:latinLit:phi0119.phi010.perseus-lat2:line.399">                <w xml:id="line.399#w.1" pos="PROper" lemma="ego" msd="Case=Nom|Numb=Sing">ego</w>                <w xml:id="line.399#w.2" pos="ADV" lemma="quidem" msd="Deg=Pos">quidem</w>                <w xml:id="line.399#w.3" pos="CONcoo" lemma="neque" msd="MORPH=empty">neque</w>                <w xml:id="line.399#w.4" pos="ADV" lemma="umquam" msd="Deg=Pos">umquam</w>                <w xml:id="line.399#w.5" pos="NOM" lemma="uxor" msd="Case=Acc|Numb=Sing">uxorem</w>                <w xml:id="line.399#w.6" pos="VER" lemma="habeo" msd="Numb=Sing|Mood=Ind|Tense=Perf|Voice=Act|Person=1">hÃ¡bui</w>                <w xml:id="line.399#w.7" pos="CONcoo" lemma="neque" msd="MORPH=empty">neque</w>                <w xml:id="line.399#w.8" pos="VER" lemma="habeo" msd="Numb=Sing|Mood=Ind|Tense=Pres|Voice=Act|Person=1">habeo</w>                <w xml:id="line.399#w.9" pos="PUNC" lemma="," msd="MORPH=empty">,</w>                <w xml:id="line.399#w.10" pos="CONcoo" lemma="neque" msd="MORPH=empty">neque</w>                <w xml:id="line.399#w.11" pos="ADV" lemma="huc" msd="Deg=Pos">huc</w>            </seg>            <seg xml:id="urn:cts:latinLit:phi0119.phi010.perseus-lat2:line.400">                <w xml:id="line.400#w.1" pos="ADV" lemma="umquam" msd="Deg=Pos">umquam</w>                <w xml:id="line.400#w.2" pos="PUNC" lemma="," msd="MORPH=empty">,</w>                <w xml:id="line.400#w.3" pos="CONsub" lemma="postquam" msd="MORPH=empty">postquam</w>                <w xml:id="line.400#w.4" pos="VER" lemma="nascor" msd="Numb=Sing|Mood=Par|Tense=Perf|Voice=Dep">natus</w>                <w xml:id="line.400#w.5" pos="VER" lemma="sum1" msd="Numb=Sing|Mood=Ind|Tense=Pres|Voice=Act|Person=1">sum</w>                <w xml:id="line.400#w.6" pos="PUNC" lemma="," msd="MORPH=empty">,</w>                <w xml:id="line.400#w.7" pos="PRE" lemma="intra2" msd="MORPH=empty">intra</w>                <w xml:id="line.400#w.8" pos="NOM" lemma="porta" msd="Case=Acc|Numb=Sing">portam</w>                <w xml:id="line.400#w.9" pos="VER" lemma="penetro" msd="Numb=Sing|Mood=Ind|Tense=Perf|Voice=Act|Person=1">penetravi</w>                <w xml:id="line.400#w.10" pos="NOM" lemma="pes" msd="Case=Acc|Numb=Sing">pedem</w>                <w xml:id="line.400#w.11" pos="PUNC" lemma="." msd="MORPH=empty">.</w>            </seg>            <seg xml:id="urn:cts:latinLit:phi0119.phi010.perseus-lat2:line.401">                <w xml:id="line.401#w.1" pos="VER" lemma="prandium" msd="Case=Gen|Numb=Sing|Mood=Ger|Voice=Act">prandi</w>                <w xml:id="line.401#w.2" pos="PRE" lemma="in" msd="MORPH=empty">in</w>                <w xml:id="line.401#w.3" pos="NOM" lemma="nauis" msd="Case=Abl|Numb=Sing">navi</w>                <w xml:id="line.401#w.4" pos="PUNC" lemma="," msd="MORPH=empty">,</w>                <w xml:id="line.401#w.5" pos="ADV" lemma="inde" msd="Deg=Pos">inde</w>                <w xml:id="line.401#w.6" pos="ADV" lemma="huc" msd="Deg=Pos">huc</w>                <w xml:id="line.401#w.7" pos="VER" lemma="sum1" msd="Numb=Sing|Mood=Ind|Tense=Pres|Voice=Act|Person=1">sum</w>                <w xml:id="line.401#w.8" pos="VER" lemma="egressus" msd="Case=Nom|Numb=Sing|Mood=Par|Tense=Perf|Voice=Dep">egressus</w>                <w xml:id="line.401#w.9" pos="PUNC" lemma="," msd="MORPH=empty">,</w>                <w xml:id="line.401#w.10" pos="PROper" lemma="tu" msd="Case=Acc|Numb=Sing">te</w>                <w xml:id="line.401#w.11" pos="VER" lemma="conuenio" msd="Numb=Sing|Mood=Ind|Tense=Perf|Voice=Act|Person=1">conveni</w>                <w xml:id="line.401#w.12" pos="PUNC" lemma="." msd="MORPH=empty">.</w>            </seg>            <seg xml:id="urn:cts:latinLit:phi0119.phi010.perseus-lat2:line.401b">                <w xml:id="line.401b#w.1" pos="INJ" lemma="eccere" msd="MORPH=empty">Eccere</w>                <w xml:id="line.401b#w.2" pos="PUNC" lemma="," msd="MORPH=empty">,</w>            </seg>            <seg xml:id="urn:cts:latinLit:phi0119.phi010.perseus-lat2:line.402">                <w xml:id="line.402#w.1" pos="VER" lemma="pereo1" msd="Numb=Sing|Mood=Ind|Tense=Perf|Voice=Act|Person=1">perii</w>                <w xml:id="line.402#w.2" pos="ADJqua" lemma="miser" msd="Case=Nom|Numb=Sing|Deg=Pos">misera</w>                <w xml:id="line.402#w.3" pos="PUNC" lemma="," msd="MORPH=empty">,</w>                <w xml:id="line.402#w.4" pos="ADVint" lemma="qui3" msd="MORPH=empty">quam</w>                <w xml:id="line.402#w.5" pos="PROper" lemma="tu" msd="Case=Nom|Numb=Sing">tu</w>                <w xml:id="line.402#w.6" pos="PROper" lemma="ego" msd="Case=Dat|Numb=Sing">mihi</w>                <w xml:id="line.402#w.7" pos="ADV" lemma="nunc" msd="Deg=Pos">nunc</w>                <w xml:id="line.402#w.8" pos="NOM" lemma="nauis" msd="Case=Acc|Numb=Sing">navem</w>                <w xml:id="line.402#w.9" pos="VER" lemma="narro" msd="Numb=Sing|Mood=Ind|Tense=Pres|Voice=Act|Person=2">narras</w>                <w xml:id="line.402#w.10" pos="PUNC" lemma="?" msd="MORPH=empty">?</w>            </seg>            <seg xml:id="urn:cts:latinLit:phi0119.phi010.perseus-lat2:line.402b">                <w xml:id="line.402b#w.1" pos="ADJqua" lemma="ligneus" msd="Case=Acc|Numb=Sing|Deg=Pos">Ligneam</w>                <w xml:id="line.402b#w.2" pos="PUNC" lemma="," msd="MORPH=empty">,</w>            </seg>            <seg xml:id="urn:cts:latinLit:phi0119.phi010.perseus-lat2:line.403">                <w xml:id="line.403#w.1" pos="ADV" lemma="saepe" msd="Deg=Pos">saepe</w>                <w xml:id="line.403#w.2" pos="VER" lemma="tero" msd="Case=Acc|Numb=Sing|Mood=Par|Tense=Perf|Voice=Pass">tritam</w>                <w xml:id="line.403#w.3" pos="PUNC" lemma="," msd="MORPH=empty">,</w>                <w xml:id="line.403#w.4" pos="ADV" lemma="saepe" msd="Deg=Pos">saepe</w>                <w xml:id="line.403#w.5" pos="VER" lemma="figo" msd="Case=Acc|Numb=Sing|Mood=Par|Tense=Perf|Voice=Pass">fixam</w>                <w xml:id="line.403#w.6" pos="PUNC" lemma="," msd="MORPH=empty">,</w>                <w xml:id="line.403#w.7" pos="ADV" lemma="saepe" msd="Deg=Pos">saepe</w>                <w xml:id="line.403#w.8" pos="VER" lemma="excutio" msd="Case=Acc|Numb=Sing|Mood=Par|Tense=Perf|Voice=Pass">excussam</w>                <w xml:id="line.403#w.9" pos="VER" lemma="malleus" msd="Numb=Sing|Mood=Ind|Tense=Pres|Voice=Act|Person=1">malleo</w>                <w xml:id="line.403#w.10" pos="PUNC" lemma=";" msd="MORPH=empty">;</w>            </seg>            <seg xml:id="urn:cts:latinLit:phi0119.phi010.perseus-lat2:line.404">                <w xml:id="line.404#w.1" pos="ADVrel" lemma="quasi1" msd="MORPH=empty">quasi</w>                <w xml:id="line.404#w.2" pos="NOM" lemma="supellex" msd="Case=Nom|Numb=Sing">supellex</w>                <w xml:id="line.404#w.3" pos="NOM" lemma="pellio" msd="Case=Gen|Numb=Sing">pellionis</w>                <w xml:id="line.404#w.4" pos="PUNC" lemma="," msd="MORPH=empty">,</w>                <w xml:id="line.404#w.5" pos="NOM" lemma="palus?" msd="Case=Nom|Numb=Sing">palus</w>                <w xml:id="line.404#w.6" pos="NOM" lemma="palus?" msd="Case=Abl|Numb=Sing">palo</w>                <w xml:id="line.404#w.7" pos="ADJqua" lemma="propior" msd="Case=Nom|Numb=Sing|Deg=Pos">proxumust</w>                <w xml:id="line.404#w.8" pos="VER" lemma="sum1" msd="Numb=Sing|Mood=Ind|Tense=Pres|Voice=Act|Person=3">proxumust</w>                <w xml:id="line.404#w.9" pos="PUNC" lemma="." msd="MORPH=empty">.</w>            </seg>            <seg xml:id="urn:cts:latinLit:phi0119.phi010.perseus-lat2:line.405">                <w xml:id="line.405#w.1" pos="ADV" lemma="eo3" msd="MORPH=empty">IÃ¡m</w>                <w xml:id="line.405#w.2" pos="PUNC" lemma="," msd="MORPH=empty">,</w>                <w xml:id="line.405#w.3" pos="VER" lemma="amo" msd="Numb=Sing|Mood=Ind|Tense=Fut|Voice=Act|Person=1">amabo</w>                <w xml:id="line.405#w.4" pos="PUNC" lemma="," msd="MORPH=empty">,</w>                <w xml:id="line.405#w.5" pos="VER" lemma="desisto" msd="Numb=Sing|Mood=Imp|Tense=Pres|Voice=Act|Person=2">desiste</w>                <w xml:id="line.405#w.6" pos="NOM" lemma="ludus" msd="Case=Acc|Numb=Plur">ludos</w>                <w xml:id="line.405#w.7" pos="VER" lemma="facio" msd="Mood=Inf|Tense=Pres|Voice=Act">facere</w>                <w xml:id="line.405#w.8" pos="CONcoo" lemma="atque1" msd="MORPH=empty">atque</w>                <w xml:id="line.405#w.9" pos="VER" lemma="eo1" msd="Numb=Sing|Mood=Imp|Tense=Pres|Voice=Act|Person=2">i</w>                <w xml:id="line.405#w.10" pos="PROdem" lemma="hac" msd="Case=Abl|Numb=Sing">hac</w>                <w xml:id="line.405#w.11" pos="PROper" lemma="ego" msd="Case=Abl|Numb=Sing">mecum</w>                <w xml:id="line.405#w.12" pos="CON" lemma="cum3" msd="MORPH=empty">mecum</w>                <w xml:id="line.405#w.13" pos="ADV" lemma="simul1" msd="Deg=Pos">semul</w>                <w xml:id="line.405#w.14" pos="PUNC" lemma="." msd="MORPH=empty">.</w>            </seg>            <seg xml:id="urn:cts:latinLit:phi0119.phi010.perseus-lat2:line.406">                <w xml:id="line.406#w.1" pos="VER" lemma="nescio" msd="Numb=Sing|Mood=Ind|Tense=Pres|Voice=Act|Person=1">Nescio</w>                <w xml:id="line.406#w.2" pos="PROrel" lemma="qui1" msd="Case=Acc|Numb=Sing">quem</w>                <w xml:id="line.406#w.3" pos="PUNC" lemma="," msd="MORPH=empty">,</w>                <w xml:id="line.406#w.4" pos="NOM" lemma="mulier" msd="Case=Nom|Numb=Sing">mulier</w>                <w xml:id="line.406#w.5" pos="PUNC" lemma="," msd="MORPH=empty">,</w>                <w xml:id="line.406#w.6" pos="PROind" lemma="alius" msd="Case=Acc|Numb=Sing">alium</w>                <w xml:id="line.406#w.7" pos="NOM" lemma="homo" msd="Case=Acc|Numb=Sing">hÃ³minem</w>                <w xml:id="line.406#w.8" pos="PUNC" lemma="," msd="MORPH=empty">,</w>                <w xml:id="line.406#w.9" pos="ADVneg" lemma="non" msd="MORPH=empty">non</w>                <w xml:id="line.406#w.10" pos="PROper" lemma="ego" msd="Case=Acc|Numb=Sing">me</w>                <w xml:id="line.406#w.11" pos="VER" lemma="quaerito" msd="Numb=Sing|Mood=Ind|Tense=Pres|Voice=Act|Person=2">quaeritas</w>                <w xml:id="line.406#w.12" pos="PUNC" lemma="." msd="MORPH=empty">.</w>            </seg>            <seg xml:id="urn:cts:latinLit:phi0119.phi010.perseus-lat2:line.407">                <w xml:id="line.407#w.1" pos="ADVneg" lemma="non" msd="MORPH=empty">Non</w>                <w xml:id="line.407#w.2" pos="PROper" lemma="ego" msd="Case=Nom|Numb=Sing">ego</w>                <w xml:id="line.407#w.3" pos="PROper" lemma="tu" msd="Case=Acc|Numb=Sing">te</w>                <w xml:id="line.407#w.4" pos="VER" lemma="nosco" msd="Numb=Sing|Mood=Ind|Tense=Perf|Voice=Act|Person=1">novi</w>                <w xml:id="line.407#w.5" pos="NOM" lemma="menaechmus" msd="Case=Acc|Numb=Sing">Menaechmum</w>                <w xml:id="line.407#w.6" pos="PUNC" lemma="," msd="MORPH=empty">,</w>                <w xml:id="line.407#w.7" pos="VER" lemma="moschus" msd="Numb=Sing|Mood=Ind|Tense=Pres|Voice=Act|Person=1">Moscho</w>                <w xml:id="line.407#w.8" pos="ADJqua" lemma="prognatus" msd="Case=Acc|Numb=Sing|Deg=Pos">prognatum</w>                <w xml:id="line.407#w.9" pos="NOM" lemma="pater" msd="Case=Abl|Numb=Sing">patre</w>                <w xml:id="line.407#w.10" pos="PUNC" lemma="," msd="MORPH=empty">,</w>            </seg>            <seg xml:id="urn:cts:latinLit:phi0119.phi010.perseus-lat2:line.408">                <w xml:id="line.408#w.1" pos="PROrel" lemma="qui1" msd="Case=Nom|Numb=Sing">qui</w>                <w xml:id="line.408#w.2" pos="NOM" lemma="syracusae" msd="Case=Abl|Numb=Plur">Syracusis</w>                <w xml:id="line.408#w.3" pos="VER" lemma="perhibeo" msd="Mood=Inf|Tense=Pres|Voice=Act">perhibere</w>                <w xml:id="line.408#w.4" pos="VER" lemma="nascor" msd="Numb=Sing|Mood=Par|Tense=Perf|Voice=Dep">natus</w>                <w xml:id="line.408#w.5" pos="VER" lemma="sum1" msd="Mood=Inf|Tense=Pres|Voice=Act">esse</w>                <w xml:id="line.408#w.6" pos="PRE" lemma="in" msd="MORPH=empty">in</w>                <w xml:id="line.408#w.7" pos="NOM" lemma="sicile" msd="Case=Acc|Numb=Plur">Sicilia</w>                <w xml:id="line.408#w.8" pos="PUNC" lemma="," msd="MORPH=empty">,</w>            </seg>            <seg xml:id="urn:cts:latinLit:phi0119.phi010.perseus-lat2:line.409">                <w xml:id="line.409#w.1" pos="ADVrel" lemma="ubi1" msd="MORPH=empty">ubi</w>                <w xml:id="line.409#w.2" pos="NOM" lemma="rex" msd="Case=Nom|Numb=Sing">rex</w>                <w xml:id="line.409#w.3" pos="NOM" lemma="agathocles" msd="Case=Nom|Numb=Sing">Agathocles</w>                <w xml:id="line.409#w.4" pos="NOM" lemma="regnator" msd="Case=Nom|Numb=Sing">regnator</w>                <w xml:id="line.409#w.5" pos="VER" lemma="sum1" msd="Numb=Sing|Mood=Ind|Tense=Perf|Voice=Act|Person=3">fuit</w>                <w xml:id="line.409#w.6" pos="CONcoo" lemma="et2" msd="MORPH=empty">et</w>                <w xml:id="line.409#w.7" pos="ADV" lemma="iterum" msd="Deg=Pos">iterum</w>                <w xml:id="line.409#w.8" pos="NOM" lemma="phintia" msd="Case=Abl|Numb=Sing">Phintia</w>                <w xml:id="line.409#w.9" pos="PUNC" lemma="," msd="MORPH=empty">,</w>            </seg>            <seg xml:id="urn:cts:latinLit:phi0119.phi010.perseus-lat2:line.411">                <w xml:id="line.411#w.1" pos="ADJord" lemma="tertius" msd="Case=Acc|Numb=Sing|Deg=Pos">tertium</w>                <w xml:id="line.411#w.2" pos="VER" lemma="lipo" msd="Numb=Sing|Person=1">Liparo</w>                <w xml:id="line.411#w.3" pos="PUNC" lemma="," msd="MORPH=empty">,</w>                <w xml:id="line.411#w.4" pos="PROrel" lemma="qui1" msd="Case=Nom|Numb=Sing">qui</w>                <w xml:id="line.411#w.5" pos="PRE" lemma="in" msd="MORPH=empty">in</w>                <w xml:id="line.411#w.6" pos="NOM" lemma="mors" msd="Case=Abl|Numb=Sing">morte</w>                <w xml:id="line.411#w.7" pos="NOM" lemma="regnum" msd="Case=Acc|Numb=Sing">regnum</w>                <w xml:id="line.411#w.8" pos="NOM" lemma="hieron" msd="Case=Dat|Numb=Sing">Hieroni</w>                <w xml:id="line.411#w.9" pos="VER" lemma="trado" msd="Numb=Sing|Mood=Ind|Tense=Perf|Voice=Act|Person=3">tradidit</w>                <w xml:id="line.411#w.10" pos="PUNC" lemma="," msd="MORPH=empty">,</w>            </seg>            <seg xml:id="urn:cts:latinLit:phi0119.phi010.perseus-lat2:line.412">                <w xml:id="line.412#w.1" pos="ADV" lemma="nunc" msd="Deg=Pos">nunc</w>                <w xml:id="line.412#w.2" pos="NOM" lemma="hier" msd="Case=Dat|Numb=Sing">Hiero</w>                <w xml:id="line.412#w.3" pos="VER" lemma="sum1" msd="Numb=Sing|Mood=Ind|Tense=Pres|Voice=Act|Person=3">est</w>                <w xml:id="line.412#w.4" pos="PUNC" lemma="?" msd="MORPH=empty">?</w>            </seg>            <seg xml:id="urn:cts:latinLit:phi0119.phi010.perseus-lat2:line.412b">                <w xml:id="line.412b#w.1" pos="ADVneg" lemma="haud" msd="MORPH=empty">Haud</w>                <w xml:id="line.412b#w.2" pos="ADJqua" lemma="falsus" msd="Case=Acc|Numb=Sing|Deg=Pos">falsa</w>                <w xml:id="line.412b#w.3" pos="PUNC" lemma="," msd="MORPH=empty">,</w>                <w xml:id="line.412b#w.4" pos="NOM" lemma="mulier" msd="Case=Voc|Numb=Sing">mulier</w>                <w xml:id="line.412b#w.5" pos="PUNC" lemma="," msd="MORPH=empty">,</w>                <w xml:id="line.412b#w.6" pos="VER" lemma="praedico?" msd="Numb=Sing|Mood=Ind|Tense=Pres|Voice=Act|Person=2">praedicas</w>                <w xml:id="line.412b#w.7" pos="PUNC" lemma="." msd="MORPH=empty">.</w>            </seg>            <seg xml:id="urn:cts:latinLit:phi0119.phi010.perseus-lat2:line.412c">                <w xml:id="line.412c#w.1" pos="INJ" lemma="pro2" msd="MORPH=empty">Pro</w>                <w xml:id="line.412c#w.2" pos="ADV" lemma="iuppiter" msd="Deg=Pos">Iuppiter</w>                <w xml:id="line.412c#w.3" pos="PUNC" lemma="," msd="MORPH=empty">,</w>            </seg>            <seg xml:id="urn:cts:latinLit:phi0119.phi010.perseus-lat2:line.413">                <w xml:id="line.413#w.1" pos="ADVint" lemma="num" msd="MORPH=empty">num</w>                <w xml:id="line.413#w.2" pos="PROdem" lemma="istic1" msd="Case=Nom|Numb=Plur">istaec</w>                <w xml:id="line.413#w.3" pos="NOM" lemma="mulier" msd="Case=Nom|Numb=Sing">mulier</w>                <w xml:id="line.413#w.4" pos="ADV" lemma="illinc" msd="Deg=Pos">illinc</w>                <w xml:id="line.413#w.5" pos="VER" lemma="uenio" msd="Numb=Sing|Mood=Ind|Tense=Perf|Voice=Act|Person=3">venit</w>                <w xml:id="line.413#w.6" pos="PUNC" lemma="," msd="MORPH=empty">,</w>                <w xml:id="line.413#w.7" pos="PROrel" lemma="qui1" msd="Case=Acc|Numb=Sing">quae</w>                <w xml:id="line.413#w.8" pos="PROper" lemma="tu" msd="Case=Acc|Numb=Sing">te</w>                <w xml:id="line.413#w.9" pos="VER" lemma="nosco" msd="Numb=Sing|Mood=Ind|Tense=Perf|Voice=Act|Person=3">novit</w>                <w xml:id="line.413#w.10" pos="ADV" lemma="tam" msd="Deg=Pos">tam</w>                <w xml:id="line.413#w.11" pos="VER" lemma="catus" msd="Numb=Sing|Person=2">cate</w>                <w xml:id="line.413#w.12" pos="PUNC" lemma="?" msd="MORPH=empty">?</w>            </seg>            <seg xml:id="urn:cts:latinLit:phi0119.phi010.perseus-lat2:line.414">                <w xml:id="line.414#w.1" pos="INJ" lemma="hercules" msd="MORPH=empty">Hercle</w>                <w xml:id="line.414#w.2" pos="VER" lemma="opinor" msd="Numb=Sing|Mood=Ind|Tense=Pres|Voice=Dep|Person=1">opinor</w>                <w xml:id="line.414#w.3" pos="PUNC" lemma="," msd="MORPH=empty">,</w>                <w xml:id="line.414#w.4" pos="VER" lemma="pernego" msd="Mood=Inf|Tense=Pres|Voice=Pass">pernegari</w>                <w xml:id="line.414#w.5" pos="ADVneg" lemma="non" msd="MORPH=empty">non</w>                <w xml:id="line.414#w.6" pos="VER" lemma="possum1" msd="Numb=Sing|Mood=Ind|Tense=Pres|Voice=Act|Person=3">potest</w>                <w xml:id="line.414#w.7" pos="PUNC" lemma="." msd="MORPH=empty">.</w>            </seg>            <seg xml:id="urn:cts:latinLit:phi0119.phi010.perseus-lat2:line.414b">                <w xml:id="line.414b#w.1" pos="ADVneg" lemma="ne3" msd="MORPH=empty">Ne</w>                <w xml:id="line.414b#w.2" pos="VER" lemma="facio" msd="Numb=Sing|Mood=Sub|Tense=Perf|Voice=Act|Person=2">feceris</w>                <w xml:id="line.414b#w.3" pos="PUNC" lemma="." msd="MORPH=empty">.</w>            </seg>            <seg xml:id="urn:cts:latinLit:phi0119.phi010.perseus-lat2:line.416">                <w xml:id="line.416#w.1" pos="VER" lemma="pereo1" msd="Numb=Sing|Mood=Ind|Tense=Perf|Voice=Act|Person=2">periisti</w>                <w xml:id="line.416#w.2" pos="PUNC" lemma="," msd="MORPH=empty">,</w>                <w xml:id="line.416#w.3" pos="CONsub" lemma="si2" msd="MORPH=empty">si</w>                <w xml:id="line.416#w.4" pos="VER" lemma="intro1" msd="Numb=Plur|Mood=Ind|Tense=Perf|Voice=Act|Person=2">intrassis</w>                <w xml:id="line.416#w.5" pos="PRE" lemma="intra2" msd="MORPH=empty">intra</w>                <w xml:id="line.416#w.6" pos="NOM" lemma="limen" msd="Case=Acc|Numb=Sing">limen</w>                <w xml:id="line.416#w.7" pos="PUNC" lemma="." msd="MORPH=empty">.</w>            </seg>            <seg xml:id="urn:cts:latinLit:phi0119.phi010.perseus-lat2:line.416b">                <w xml:id="line.416b#w.1" pos="ADVint.neg" lemma="quin3" msd="Deg=Pos">Quin</w>                <w xml:id="line.416b#w.2" pos="PROper" lemma="tu" msd="Case=Nom|Numb=Sing">tu</w>                <w xml:id="line.416b#w.3" pos="VER" lemma="taceo" msd="Numb=Sing|Mood=Imp|Tense=Pres|Voice=Act|Person=2">tace</w>                <w xml:id="line.416b#w.4" pos="ADV" lemma="modo1" msd="Deg=Pos">modo</w>                <w xml:id="line.416b#w.5" pos="PUNC" lemma="." msd="MORPH=empty">.</w>            </seg>            <seg xml:id="urn:cts:latinLit:phi0119.phi010.perseus-lat2:line.417">                <w xml:id="line.417#w.1" pos="ADV" lemma="bene" msd="Deg=Pos">bene</w>                <w xml:id="line.417#w.2" pos="NOM" lemma="res" msd="Case=Nom|Numb=Sing">res</w>                <w xml:id="line.417#w.3" pos="VER" lemma="gero" msd="Numb=Sing|Mood=Ind|Tense=Pres|Voice=Pass|Person=3">geritur</w>                <w xml:id="line.417#w.4" pos="PUNC" lemma="." msd="MORPH=empty">.</w>                <w xml:id="line.417#w.5" pos="VER" lemma="assentor" msd="Numb=Sing|Mood=Ind|Tense=Fut|Voice=Dep|Person=1">adsentabor</w>                <w xml:id="line.417#w.6" pos="PROrel" lemma="quisquis1" msd="Case=Acc|Numb=Sing">quidquid</w>                <w xml:id="line.417#w.7" pos="VER" lemma="dico?" msd="Numb=Sing|Mood=Ind|Tense=Fut|Voice=Act|Person=3">dicet</w>                <w xml:id="line.417#w.8" pos="NOM" lemma="mulier" msd="Case=Dat|Numb=Sing">mulieri</w>                <w xml:id="line.417#w.9" pos="PUNC" lemma="," msd="MORPH=empty">,</w>            </seg>            <seg xml:id="urn:cts:latinLit:phi0119.phi010.perseus-lat2:line.418">                <w xml:id="line.418#w.1" pos="CONsub" lemma="si2" msd="MORPH=empty">si</w>                <w xml:id="line.418#w.2" pos="VER" lemma="possum1" msd="Numb=Sing|Mood=Ind|Tense=Pres|Voice=Act|Person=1">possum</w>                <w xml:id="line.418#w.3" pos="NOM" lemma="hospitium" msd="Case=Acc|Numb=Sing">hospitium</w>                <w xml:id="line.418#w.4" pos="VER" lemma="nanciscor" msd="Mood=Inf|Tense=Pres|Voice=Dep">nancisci</w>                <w xml:id="line.418#w.5" pos="PUNC" lemma="." msd="MORPH=empty">.</w>                <w xml:id="line.418#w.6" pos="ADV" lemma="iam" msd="Deg=Pos">iam</w>                <w xml:id="line.418#w.7" pos="ADV" lemma="dudum" msd="Deg=Pos">dudum</w>                <w xml:id="line.418#w.8" pos="PUNC" lemma="," msd="MORPH=empty">,</w>                <w xml:id="line.418#w.9" pos="NOM" lemma="mulier" msd="Case=Voc|Numb=Sing">mulier</w>                <w xml:id="line.418#w.10" pos="PUNC" lemma="," msd="MORPH=empty">,</w>                <w xml:id="line.418#w.11" pos="PROper" lemma="tu" msd="Case=Dat|Numb=Sing">tibi</w>            </seg>            <seg xml:id="urn:cts:latinLit:phi0119.phi010.perseus-lat2:line.419">                <w xml:id="line.419#w.1" pos="ADVneg" lemma="non" msd="MORPH=empty">non</w>                <w xml:id="line.419#w.2" pos="ADJqua" lemma="imprudens" msd="Case=Nom|Numb=Sing|Deg=Pos">imprudens</w>                <w xml:id="line.419#w.3" pos="VER" lemma="aduersor" msd="Numb=Sing|Mood=Ind|Tense=Impa|Voice=Dep|Person=1">advorsabar</w>                <w xml:id="line.419#w.4" pos="PUNC" lemma=":" msd="MORPH=empty">:</w>                <w xml:id="line.419#w.5" pos="PROdem" lemma="hic1" msd="Case=Acc|Numb=Sing">hunc</w>                <w xml:id="line.419#w.6" pos="VER" lemma="metuo" msd="Numb=Sing|Mood=Ind|Tense=Impa|Voice=Act|Person=1">metuebam</w>                <w xml:id="line.419#w.7" pos="PUNC" lemma="," msd="MORPH=empty">,</w>                <w xml:id="line.419#w.8" pos="CONsub" lemma="ne4" msd="MORPH=empty">ne</w>                <w xml:id="line.419#w.9" pos="PROpos" lemma="meus" msd="Case=Gen|Numb=Sing">meae</w>            </seg>            <seg xml:id="urn:cts:latinLit:phi0119.phi010.perseus-lat2:line.421">                <w xml:id="line.421#w.1" pos="NOM" lemma="uxor" msd="Case=Dat|Numb=Sing">uxori</w>                <w xml:id="line.421#w.2" pos="VER" lemma="renuntio" msd="Numb=Sing|Mood=Sub|Tense=Impa|Voice=Act|Person=3">renuntiaret</w>                <w xml:id="line.421#w.3" pos="PRE" lemma="de" msd="MORPH=empty">de</w>                <w xml:id="line.421#w.4" pos="NOM" lemma="palla" msd="Case=Abl|Numb=Sing">palla</w>                <w xml:id="line.421#w.5" pos="CONcoo" lemma="et2" msd="MORPH=empty">et</w>                <w xml:id="line.421#w.6" pos="PRE" lemma="de" msd="MORPH=empty">de</w>                <w xml:id="line.421#w.7" pos="NOM" lemma="prandium" msd="Case=Abl|Numb=Sing">prandio</w>                <w xml:id="line.421#w.8" pos="PUNC" lemma="." msd="MORPH=empty">.</w>            </seg>            <seg xml:id="urn:cts:latinLit:phi0119.phi010.perseus-lat2:line.422">                <w xml:id="line.422#w.1" pos="ADV" lemma="nunc" msd="Deg=Pos">nunc</w>                <w xml:id="line.422#w.2" pos="PUNC" lemma="," msd="MORPH=empty">,</w>                <w xml:id="line.422#w.3" pos="ADVint" lemma="quando2" msd="MORPH=empty">quando</w>                <w xml:id="line.422#w.4" pos="VER" lemma="uolo?" msd="Numb=Sing|Mood=Ind|Tense=Pres|Voice=Act|Person=2">vis</w>                <w xml:id="line.422#w.5" pos="PUNC" lemma="," msd="MORPH=empty">,</w>                <w xml:id="line.422#w.6" pos="VER" lemma="eo1" msd="Numb=Plur|Mood=Sub|Tense=Pres|Voice=Act|Person=1">eamus</w>                <w xml:id="line.422#w.7" pos="ADV" lemma="intro2" msd="Deg=Pos">intro</w>                <w xml:id="line.422#w.8" pos="PUNC" lemma="." msd="MORPH=empty">.</w>            </seg>            <seg xml:id="urn:cts:latinLit:phi0119.phi010.perseus-lat2:line.422b">                <w xml:id="line.422b#w.1" pos="ADV" lemma="etiam" msd="Deg=Pos">Etiam</w>                <w xml:id="line.422b#w.2" pos="NOM" lemma="parasitus" msd="Case=Acc|Numb=Sing">parasitum</w>                <w xml:id="line.422b#w.3" pos="VER" lemma="maneo" msd="Case=Acc|Numb=Plur|Mood=Ind|Tense=Pres|Voice=Act|Person=2">manes</w>                <w xml:id="line.422b#w.4" pos="PUNC" lemma="?" msd="MORPH=empty">?</w>            </seg>            <seg xml:id="urn:cts:latinLit:phi0119.phi010.perseus-lat2:line.423">                <w xml:id="line.423#w.1" pos="CONcoo" lemma="neque" msd="MORPH=empty">Neque</w>                <w xml:id="line.423#w.2" pos="PROper" lemma="ego" msd="Case=Nom|Numb=Sing">ego</w>                <w xml:id="line.423#w.3" pos="PROdem" lemma="ille" msd="Case=Acc|Numb=Sing">illum</w>                <w xml:id="line.423#w.4" pos="VER" lemma="maneo" msd="Numb=Sing|Mood=Ind|Tense=Pres|Voice=Act|Person=1">maneo</w>                <w xml:id="line.423#w.5" pos="PUNC" lemma="," msd="MORPH=empty">,</w>                <w xml:id="line.423#w.6" pos="CONcoo" lemma="neque" msd="MORPH=empty">neque</w>                <w xml:id="line.423#w.7" pos="NOM" lemma="floccus" msd="Case=Gen|Numb=Sing">flocci</w>                <w xml:id="line.423#w.8" pos="VER" lemma="facio" msd="Numb=Sing|Mood=Ind|Tense=Pres|Voice=Act|Person=1">facio</w>                <w xml:id="line.423#w.9" pos="PUNC" lemma="," msd="MORPH=empty">,</w>                <w xml:id="line.423#w.10" pos="CONcoo" lemma="neque" msd="MORPH=empty">neque</w>                <w xml:id="line.423#w.11" pos="PUNC" lemma="," msd="MORPH=empty">,</w>                <w xml:id="line.423#w.12" pos="CONsub" lemma="si2" msd="MORPH=empty">si</w>                <w xml:id="line.423#w.13" pos="VER" lemma="uenio" msd="Numb=Sing|Mood=Sub|Tense=Perf|Voice=Act|Person=3">venerit</w>                <w xml:id="line.423#w.14" pos="PUNC" lemma="," msd="MORPH=empty">,</w>            </seg>            <seg xml:id="urn:cts:latinLit:phi0119.phi010.perseus-lat2:line.424">                <w xml:id="line.424#w.1" pos="PROdem" lemma="is" msd="Case=Acc|Numb=Sing">eum</w>                <w xml:id="line.424#w.2" pos="VER" lemma="uolo?" msd="Numb=Sing|Mood=Ind|Tense=Pres|Voice=Act|Person=1">volo</w>                <w xml:id="line.424#w.3" pos="VER" lemma="intromitto" msd="Mood=Inf|Tense=Pres|Voice=Pass">intromitti</w>                <w xml:id="line.424#w.4" pos="PUNC" lemma="." msd="MORPH=empty">.</w>            </seg>            <seg xml:id="urn:cts:latinLit:phi0119.phi010.perseus-lat2:line.424b">                <w xml:id="line.424b#w.1" pos="INJ" lemma="ecastor" msd="MORPH=empty">Ecastor</w>                <w xml:id="line.424b#w.2" pos="ADVneg" lemma="haud" msd="MORPH=empty">haud</w>                <w xml:id="line.424b#w.3" pos="ADJqua" lemma="inuitus" msd="Case=Acc|Numb=Sing|Deg=Pos">invita</w>                <w xml:id="line.424b#w.4" pos="VER" lemma="facio" msd="Numb=Sing|Mood=Ind|Tense=FutAnt|Voice=Act|Person=1">fecero</w>                <w xml:id="line.424b#w.5" pos="PUNC" lemma="." msd="MORPH=empty">.</w>            </seg>            <seg xml:id="urn:cts:latinLit:phi0119.phi010.perseus-lat2:line.425">                <w xml:id="line.425#w.1" pos="CONcoo" lemma="sed" msd="MORPH=empty">sed</w>                <w xml:id="line.425#w.2" pos="VER" lemma="scio" msd="Numb=Sing|Mood=Ind|Tense=Pres|Voice=Act|Person=2">scin</w>                <w xml:id="line.425#w.3" pos="ADV" lemma="ne2" msd="MORPH=empty">scin</w>                <w xml:id="line.425#w.4" pos="PROint" lemma="quis1" msd="Case=Acc|Numb=Sing">quid</w>                <w xml:id="line.425#w.5" pos="PROper" lemma="tu" msd="Case=Acc|Numb=Sing">te</w>                <w xml:id="line.425#w.6" pos="VER" lemma="amo" msd="Numb=Sing|Mood=Ind|Tense=Fut|Voice=Act|Person=1">amabo</w>                <w xml:id="line.425#w.7" pos="CONsub" lemma="ut4" msd="MORPH=empty">ut</w>                <w xml:id="line.425#w.8" pos="VER" lemma="facio" msd="Numb=Sing|Mood=Sub|Tense=Pres|Voice=Act|Person=2">facias</w>                <w xml:id="line.425#w.9" pos="PUNC" lemma="?" msd="MORPH=empty">?</w>            </seg>            <seg xml:id="urn:cts:latinLit:phi0119.phi010.perseus-lat2:line.425b">                <w xml:id="line.425b#w.1" pos="VER" lemma="impero" msd="Numb=Sing|Mood=Imp|Tense=Pres|Voice=Act|Person=2">Impera</w>                <w xml:id="line.425b#w.2" pos="PROint" lemma="quis1" msd="Case=Acc|Numb=Sing">quid</w>                <w xml:id="line.425b#w.3" pos="VER" lemma="uolo?" msd="Numb=Sing|Mood=Ind|Tense=Pres|Voice=Act|Person=2">vis</w>                <w xml:id="line.425b#w.4" pos="ADV" lemma="modo1" msd="Deg=Pos">modo</w>                <w xml:id="line.425b#w.5" pos="PUNC" lemma="." msd="MORPH=empty">.</w>            </seg>            <seg xml:id="urn:cts:latinLit:phi0119.phi010.perseus-lat2:line.426">                <w xml:id="line.426#w.1" pos="NOM" lemma="palla" msd="Case=Acc|Numb=Sing">Pallam</w>                <w xml:id="line.426#w.2" pos="PROdem" lemma="ille" msd="Case=Acc|Numb=Sing">illam</w>                <w xml:id="line.426#w.3" pos="PUNC" lemma="," msd="MORPH=empty">,</w>                <w xml:id="line.426#w.4" pos="PROrel" lemma="qui1" msd="Case=Acc|Numb=Sing">quam</w>                <w xml:id="line.426#w.5" pos="ADV" lemma="dudum" msd="Deg=Pos">dudum</w>                <w xml:id="line.426#w.6" pos="VER" lemma="do" msd="Numb=Sing|Mood=Ind|Tense=Pqp|Voice=Act|Person=2">dederas</w>                <w xml:id="line.426#w.7" pos="PUNC" lemma="," msd="MORPH=empty">,</w>                <w xml:id="line.426#w.8" pos="PRE" lemma="ad2" msd="MORPH=empty">ad</w>                <w xml:id="line.426#w.9" pos="NOM" lemma="phrygio" msd="Case=Acc|Numb=Sing">phrygionem</w>                <w xml:id="line.426#w.10" pos="CONsub" lemma="ut4" msd="MORPH=empty">ut</w>                <w xml:id="line.426#w.11" pos="VER" lemma="defero" msd="Numb=Sing|Mood=Sub|Tense=Pres|Voice=Act|Person=2">deferas</w>                <w xml:id="line.426#w.12" pos="PUNC" lemma="," msd="MORPH=empty">,</w>            </seg>            <seg xml:id="urn:cts:latinLit:phi0119.phi010.perseus-lat2:line.427">                <w xml:id="line.427#w.1" pos="CONsub" lemma="ut4" msd="MORPH=empty">ut</w>                <w xml:id="line.427#w.2" pos="VER" lemma="reconcinno" msd="Numb=Sing|Mood=Sub|Tense=Pres|Voice=Pass|Person=3">reconcinnetur</w>                <w xml:id="line.427#w.3" pos="CONsub" lemma="atque2" msd="MORPH=empty">atque</w>                <w xml:id="line.427#w.4" pos="CONsub" lemma="ut4" msd="MORPH=empty">ut</w>                <w xml:id="line.427#w.5" pos="NOM" lemma="opus?" msd="Case=Nom|Numb=Plur">opera</w>                <w xml:id="line.427#w.6" pos="VER" lemma="addo" msd="Numb=Plur|Mood=Sub|Tense=Pres|Voice=Pass|Person=3">addantur</w>                <w xml:id="line.427#w.7" pos="PROrel" lemma="qui1" msd="Case=Acc|Numb=Plur">quae</w>                <w xml:id="line.427#w.8" pos="VER" lemma="uolo?" msd="Numb=Sing|Mood=Ind|Tense=Pres|Voice=Act|Person=1">volo</w>                <w xml:id="line.427#w.9" pos="PUNC" lemma="." msd="MORPH=empty">.</w>            </seg>            <seg xml:id="urn:cts:latinLit:phi0119.phi010.perseus-lat2:line.428">                <w xml:id="line.428#w.1" pos="INJ" lemma="hercules" msd="MORPH=empty">Hercle</w>                <w xml:id="line.428#w.2" pos="ADVint" lemma="qui3" msd="Case=Nom|Numb=Sing">qui</w>                <w xml:id="line.428#w.3" pos="PROper" lemma="tu" msd="Case=Nom|Numb=Sing">tu</w>                <w xml:id="line.428#w.4" pos="ADV" lemma="recte" msd="Deg=Pos">recte</w>                <w xml:id="line.428#w.5" pos="VER" lemma="dico?" msd="Numb=Sing|Mood=Ind|Tense=Pres|Voice=Act|Person=2">dicis</w>                <w xml:id="line.428#w.6" pos="PUNC" lemma=":" msd="MORPH=empty">:</w>                <w xml:id="line.428#w.7" pos="PROdem" lemma="idem" msd="Numb=Sing">eÃ¡dem</w>                <w xml:id="line.428#w.8" pos="VER" lemma="ignoro" msd="Numb=Sing|Mood=Ind|Tense=Fut|Voice=Pass|Person=3">ignorabitur</w>                <w xml:id="line.428#w.9" pos="PUNC" lemma="," msd="MORPH=empty">,</w>            </seg>            <seg xml:id="urn:cts:latinLit:phi0119.phi010.perseus-lat2:line.429">                <w xml:id="line.429#w.1" pos="CONsub" lemma="ne4" msd="MORPH=empty">ne</w>                <w xml:id="line.429#w.2" pos="NOM" lemma="uxor" msd="Case=Nom|Numb=Sing">uxor</w>                <w xml:id="line.429#w.3" pos="VER" lemma="cognosco" msd="Numb=Sing|Mood=Sub|Tense=Pres|Voice=Act|Person=3">cognoscat</w>                <w xml:id="line.429#w.4" pos="PROper" lemma="tu" msd="Case=Acc|Numb=Sing">te</w>                <w xml:id="line.429#w.5" pos="VER" lemma="habeo" msd="Mood=Inf|Tense=Pres|Voice=Act">habere</w>                <w xml:id="line.429#w.6" pos="PUNC" lemma="," msd="MORPH=empty">,</w>                <w xml:id="line.429#w.7" pos="CONsub" lemma="si2" msd="MORPH=empty">si</w>                <w xml:id="line.429#w.8" pos="PRE" lemma="in" msd="MORPH=empty">in</w>                <w xml:id="line.429#w.9" pos="NOM" lemma="uia" msd="Case=Abl|Numb=Sing">via</w>                <w xml:id="line.429#w.10" pos="VER" lemma="conspicio" msd="Numb=Sing|Mood=Sub|Tense=Perf|Voice=Act|Person=3">conspexerit</w>                <w xml:id="line.429#w.11" pos="PUNC" lemma="." msd="MORPH=empty">.</w>            </seg>            <seg xml:id="urn:cts:latinLit:phi0119.phi010.perseus-lat2:line.430">                <w xml:id="line.430#w.1" pos="CONcoo" lemma="ergo2" msd="MORPH=empty">Ergo</w>                <w xml:id="line.430#w.2" pos="ADV" lemma="mox" msd="Deg=Pos">mox</w>                <w xml:id="line.430#w.3" pos="VER" lemma="aufero" msd="Numb=Sing|Mood=Imp|Tense=Fut|Voice=Act|Person=2">auferto</w>                <w xml:id="line.430#w.4" pos="PROper" lemma="tu" msd="Case=Abl|Numb=Sing">tecum</w>                <w xml:id="line.430#w.5" pos="CON" lemma="cum3" msd="MORPH=empty">tecum</w>                <w xml:id="line.430#w.6" pos="PUNC" lemma="," msd="MORPH=empty">,</w>                <w xml:id="line.430#w.7" pos="ADVint" lemma="quando2" msd="MORPH=empty">quando</w>                <w xml:id="line.430#w.8" pos="VER" lemma="abeo1" msd="Numb=Sing|Mood=Ind|Tense=Fut|Voice=Act|Person=2">abibis</w>                <w xml:id="line.430#w.9" pos="PUNC" lemma="." msd="MORPH=empty">.</w>            </seg>            <seg xml:id="urn:cts:latinLit:phi0119.phi010.perseus-lat2:line.430b">                <w xml:id="line.430b#w.1" pos="ADV" lemma="magis2" msd="Deg=Sup">Maxime</w>                <w xml:id="line.430b#w.2" pos="PUNC" lemma="." msd="MORPH=empty">.</w>            </seg>            <seg xml:id="urn:cts:latinLit:phi0119.phi010.perseus-lat2:line.431">                <w xml:id="line.431#w.1" pos="VER" lemma="eo1" msd="Numb=Plur|Mood=Sub|Tense=Pres|Voice=Act|Person=1">Eamus</w>                <w xml:id="line.431#w.2" pos="ADV" lemma="intro2" msd="Deg=Pos">intro</w>            </seg>            <seg xml:id="urn:cts:latinLit:phi0119.phi010.perseus-lat2:line.431b">                <w xml:id="line.431b#w.1" pos="ADV" lemma="iam" msd="Deg=Pos">Iam</w>                <w xml:id="line.431b#w.2" pos="VER" lemma="sequor" msd="Numb=Sing|Mood=Ind|Tense=Fut|Voice=Dep|Person=1">sequar</w>                <w xml:id="line.431b#w.3" pos="PROper" lemma="tu" msd="Case=Acc|Numb=Sing">te</w>                <w xml:id="line.431b#w.4" pos="PUNC" lemma="." msd="MORPH=empty">.</w>                <w xml:id="line.431b#w.5" pos="PROdem" lemma="hic1" msd="Case=Acc|Numb=Sing">hÃºnc</w>                <w xml:id="line.431b#w.6" pos="VER" lemma="uolo?" msd="Numb=Sing|Mood=Ind|Tense=Pres|Voice=Act|Person=1">volo</w>                <w xml:id="line.431b#w.7" pos="ADV" lemma="etiam" msd="Deg=Pos">etiam</w>                <w xml:id="line.431b#w.8" pos="VER" lemma="colloquor" msd="Mood=Inf|Tense=Pres|Voice=Dep">conloqui</w>                <w xml:id="line.431b#w.9" pos="PUNC" lemma="." msd="MORPH=empty">.</w>            </seg>            <seg xml:id="urn:cts:latinLit:phi0119.phi010.perseus-lat2:line.432">                <w xml:id="line.432#w.1" pos="INJ" lemma="eho" msd="MORPH=empty">eho</w>                <w xml:id="line.432#w.2" pos="VER" lemma="messenium" msd="Case=Abl|Numb=Sing|Person=1">Messenio</w>                <w xml:id="line.432#w.3" pos="PUNC" lemma="," msd="MORPH=empty">,</w>                <w xml:id="line.432#w.4" pos="VER" lemma="accedo1" msd="Numb=Sing|Mood=Imp|Tense=Pres|Voice=Act|Person=2">accede</w>                <w xml:id="line.432#w.5" pos="ADV" lemma="huc" msd="Deg=Pos">huc</w>                <w xml:id="line.432#w.6" pos="PUNC" lemma="." msd="MORPH=empty">.</w>            </seg>            <seg xml:id="urn:cts:latinLit:phi0119.phi010.perseus-lat2:line.432b">                <w xml:id="line.432b#w.1" pos="PROint" lemma="quis1" msd="Case=Nom|Numb=Sing">Quid</w>                <w xml:id="line.432b#w.2" pos="NOM" lemma="negotium" msd="Case=Gen|Numb=Sing">negoti</w>                <w xml:id="line.432b#w.3" pos="VER" lemma="sum1" msd="Numb=Sing|Mood=Ind|Tense=Pres|Voice=Act|Person=3">est</w>                <w xml:id="line.432b#w.4" pos="PUNC" lemma="?" msd="MORPH=empty">?</w>            </seg>            <seg xml:id="urn:cts:latinLit:phi0119.phi010.perseus-lat2:line.432c">                <w xml:id="line.432c#w.1" pos="PUNC" lemma="â " msd="MORPH=empty">â </w>                <w xml:id="line.432c#w.2" pos="VER" lemma="susscio" msd="Mood=Inf|Tense=Pres|Voice=Pass">sussciri</w>                <w xml:id="line.432c#w.3" pos="PUNC" lemma="." msd="MORPH=empty">.</w>            </seg>            <seg xml:id="urn:cts:latinLit:phi0119.phi010.perseus-lat2:line.433">                <w xml:id="line.433#w.1" pos="PROint" lemma="quis1" msd="Case=Nom|Numb=Sing">Quid</w>                <w xml:id="line.433#w.2" pos="PROdem" lemma="is" msd="Case=Abl|Numb=Sing|Deg=Pos">eo</w>                <w xml:id="line.433#w.3" pos="NOM" lemma="opus" msd="Case=Ind">opust</w>                <w xml:id="line.433#w.4" pos="VER" lemma="sum1" msd="Numb=Sing|Mood=Ind|Tense=Pres|Voice=Act|Person=3">opust</w>                <w xml:id="line.433#w.5" pos="PUNC" lemma="?" msd="MORPH=empty">?</w>            </seg>            <seg xml:id="urn:cts:latinLit:phi0119.phi010.perseus-lat2:line.433b">                <w xml:id="line.433b#w.1" pos="NOM" lemma="opus?" msd="Case=Ind">Opus</w>                <w xml:id="line.433b#w.2" pos="VER" lemma="sum1" msd="Numb=Sing|Mood=Ind|Tense=Pres|Voice=Act|Person=3">est</w>                <w xml:id="line.433b#w.3" pos="PUNC" lemma="." msd="MORPH=empty">.</w>                <w xml:id="line.433b#w.4" pos="VER" lemma="scio" msd="Numb=Sing|Mood=Ind|Tense=Pres|Voice=Act|Person=1">scio</w>                <w xml:id="line.433b#w.5" pos="CONsub" lemma="ut4" msd="MORPH=empty">ut</w>                <w xml:id="line.433b#w.6" pos="PROper" lemma="ego" msd="Case=Acc|Numb=Sing">me</w>                <w xml:id="line.433b#w.7" pos="VER" lemma="dico?" msd="Numb=Sing|Mood=Ind|Tense=Fut|Voice=Act|Person=2">dices</w>                <w xml:id="line.433b#w.8" pos="PUNC" lemma="." msd="MORPH=empty">.</w>            </seg>            <seg xml:id="urn:cts:latinLit:phi0119.phi010.perseus-lat2:line.433c">                <w xml:id="line.433c#w.1" pos="ADV" lemma="tanto" msd="MORPH=empty">Tanto</w>                <w xml:id="line.433c#w.2" pos="ADJqua" lemma="nequam2" msd="Case=Nom|Numb=Sing|Deg=Comp">nequior</w>                <w xml:id="line.433c#w.3" pos="PUNC" lemma="." msd="MORPH=empty">.</w>            </seg>            <seg xml:id="urn:cts:latinLit:phi0119.phi010.perseus-lat2:line.434">                <w xml:id="line.434#w.1" pos="VER" lemma="habeo" msd="Numb=Sing|Mood=Ind|Tense=Pres|Voice=Act|Person=1">Habeo</w>                <w xml:id="line.434#w.2" pos="NOM" lemma="praeda" msd="Case=Acc|Numb=Sing">praedam</w>                <w xml:id="line.434#w.3" pos="PUNC" lemma=":" msd="MORPH=empty">:</w>                <w xml:id="line.434#w.4" pos="ADV" lemma="tantum2" msd="Deg=Pos">tantum</w>                <w xml:id="line.434#w.5" pos="VER" lemma="incipio" msd="Numb=Sing|Mood=Ind|Tense=Perf|Voice=Act|Person=1">incepi</w>                <w xml:id="line.434#w.6" pos="VER" lemma="aperio" msd="Numb=Sing|Mood=Ind|Tense=Pres|Voice=Act|Person=2">Ã³peris</w>                <w xml:id="line.434#w.7" pos="PUNC" lemma="." msd="MORPH=empty">.</w>                <w xml:id="line.434#w.8" pos="PROdem" lemma="ei" msd="Case=Dat|Numb=Sing">ei</w>                <w xml:id="line.434#w.9" pos="ADVrel" lemma="quantum3" msd="Case=Acc|Numb=Sing">quantum</w>                <w xml:id="line.434#w.10" pos="VER" lemma="possum1" msd="Numb=Sing|Mood=Ind|Tense=Pres|Voice=Act|Person=2">potes</w>                <w xml:id="line.434#w.11" pos="PUNC" lemma="," msd="MORPH=empty">,</w>            </seg>            <seg xml:id="urn:cts:latinLit:phi0119.phi010.perseus-lat2:line.436">                <w xml:id="line.436#w.1" pos="VER" lemma="abduco" msd="Numb=Sing|Mood=Imp|Tense=Pres|Voice=Act|Person=2">abduc</w>                <w xml:id="line.436#w.2" pos="PROdem" lemma="iste" msd="Case=Acc|Numb=Plur">istos</w>                <w xml:id="line.436#w.3" pos="PRE" lemma="in" msd="MORPH=empty">in</w>                <w xml:id="line.436#w.4" pos="NOM" lemma="taberna" msd="Case=Acc|Numb=Sing">tabernam</w>                <w xml:id="line.436#w.5" pos="ADV" lemma="actutum" msd="Deg=Pos">actutum</w>                <w xml:id="line.436#w.6" pos="ADJqua" lemma="deuorsorius" msd="Case=Acc|Numb=Sing|Deg=Pos">devorsoriam</w>                <w xml:id="line.436#w.7" pos="PUNC" lemma="." msd="MORPH=empty">.</w>            </seg>            <seg xml:id="urn:cts:latinLit:phi0119.phi010.perseus-lat2:line.437">                <w xml:id="line.437#w.1" pos="ADV" lemma="tum" msd="Deg=Pos">tum</w>                <w xml:id="line.437#w.2" pos="VER" lemma="facio" msd="Numb=Sing|Mood=Imp|Tense=Fut|Voice=Act|Person=2">facito</w>                <w xml:id="line.437#w.3" pos="PRE" lemma="ante2" msd="MORPH=empty">ante</w>                <w xml:id="line.437#w.4" pos="NOM" lemma="sol" msd="Case=Acc|Numb=Sing">solem</w>                <w xml:id="line.437#w.5" pos="NOM" lemma="occasus" msd="Case=Acc|Numb=Sing">occasum</w>                <w xml:id="line.437#w.6" pos="CONsub" lemma="ut4" msd="MORPH=empty">ut</w>                <w xml:id="line.437#w.7" pos="VER" lemma="uenio" msd="Numb=Sing|Mood=Sub|Tense=Pres|Voice=Act|Person=2">venias</w>                <w xml:id="line.437#w.8" pos="PRE" lemma="aduersus3" msd="MORPH=empty">advorsum</w>                <w xml:id="line.437#w.9" pos="PROper" lemma="ego" msd="Case=Dat|Numb=Sing">mihi</w>                <w xml:id="line.437#w.10" pos="PUNC" lemma="." msd="MORPH=empty">.</w>            </seg>            <seg xml:id="urn:cts:latinLit:phi0119.phi010.perseus-lat2:line.438">                <w xml:id="line.438#w.1" pos="ADVneg" lemma="non" msd="MORPH=empty">Non</w>                <w xml:id="line.438#w.2" pos="PROper" lemma="tu" msd="Case=Nom|Numb=Sing">tu</w>                <w xml:id="line.438#w.3" pos="PROdem" lemma="iste" msd="Case=Acc|Numb=Plur">istas</w>                <w xml:id="line.438#w.4" pos="NOM" lemma="meretrix" msd="Case=Acc|Numb=Plur">meretrices</w>                <w xml:id="line.438#w.5" pos="VER" lemma="nosco" msd="Numb=Sing|Mood=Ind|Tense=Perf|Voice=Act|Person=2">novisti</w>                <w xml:id="line.438#w.6" pos="PUNC" lemma="," msd="MORPH=empty">,</w>                <w xml:id="line.438#w.7" pos="VER" lemma="herus" msd="Numb=Sing">ere</w>                <w xml:id="line.438#w.8" pos="PUNC" lemma="." msd="MORPH=empty">.</w>            </seg>            <seg xml:id="urn:cts:latinLit:phi0119.phi010.perseus-lat2:line.438b">                <w xml:id="line.438b#w.1" pos="VER" lemma="taceo" msd="Numb=Sing|Mood=Imp|Tense=Pres|Voice=Act|Person=2">Tace</w>                <w xml:id="line.438b#w.2" pos="PUNC" lemma="," msd="MORPH=empty">,</w>                <w xml:id="line.438b#w.3" pos="VER" lemma="inquio" msd="Numb=Sing|Mood=Ind|Tense=Pres|Voice=Act|Person=1">inquam</w>            </seg>            <seg xml:id="urn:cts:latinLit:phi0119.phi010.perseus-lat2:line.439">                <w xml:id="line.439#w.1" pos="PROper" lemma="ego" msd="Case=Dat|Numb=Sing">mihi</w>                <w xml:id="line.439#w.2" pos="VER" lemma="doleo" msd="Numb=Sing|Mood=Ind|Tense=Fut|Voice=Act|Person=3">dolebit</w>                <w xml:id="line.439#w.3" pos="PUNC" lemma="," msd="MORPH=empty">,</w>                <w xml:id="line.439#w.4" pos="ADVneg" lemma="non" msd="MORPH=empty">non</w>                <w xml:id="line.439#w.5" pos="PROper" lemma="tu" msd="Case=Dat|Numb=Sing">tibi</w>                <w xml:id="line.439#w.6" pos="PUNC" lemma="," msd="MORPH=empty">,</w>                <w xml:id="line.439#w.7" pos="CONsub" lemma="si2" msd="MORPH=empty">si</w>                <w xml:id="line.439#w.8" pos="PROind" lemma="quis2" msd="Case=Acc|Numb=Sing">quid</w>                <w xml:id="line.439#w.9" pos="PROper" lemma="ego" msd="Case=Nom|Numb=Sing">ego</w>                <w xml:id="line.439#w.10" pos="ADV" lemma="stulte" msd="Deg=Pos">stulte</w>                <w xml:id="line.439#w.11" pos="VER" lemma="facio" msd="Numb=Sing|Mood=Ind|Tense=FutAnt|Voice=Act|Person=1">fecero</w>                <w xml:id="line.439#w.12" pos="PUNC" lemma="." msd="MORPH=empty">.</w>            </seg>            <seg xml:id="urn:cts:latinLit:phi0119.phi010.perseus-lat2:line.440">                <w xml:id="line.440#w.1" pos="NOM" lemma="mulier" msd="Case=Nom|Numb=Sing">mulier</w>                <w xml:id="line.440#w.2" pos="PROdem" lemma="hic1" msd="Case=Nom|Numb=Sing">haec</w>                <w xml:id="line.440#w.3" pos="ADJqua" lemma="stultus" msd="Case=Nom|Numb=Sing|Deg=Pos">stulta</w>                <w xml:id="line.440#w.4" pos="CONcoo" lemma="atque1" msd="MORPH=empty">atque</w>                <w xml:id="line.440#w.5" pos="ADJqua" lemma="inscitus" msd="Case=Nom|Numb=Sing|Deg=Pos">inscita</w>                <w xml:id="line.440#w.6" pos="VER" lemma="sum1" msd="Numb=Sing|Mood=Ind|Tense=Pres|Voice=Act|Person=3">est</w>                <w xml:id="line.440#w.7" pos="PUNC" lemma=";" msd="MORPH=empty">;</w>                <w xml:id="line.440#w.8" pos="PROrel" lemma="quantum1" msd="Case=Acc|Numb=Sing">quantum</w>                <w xml:id="line.440#w.9" pos="VER" lemma="perspicio" msd="Numb=Sing|Mood=Ind|Tense=Perf|Voice=Act|Person=1">perspexi</w>                <w xml:id="line.440#w.10" pos="ADV" lemma="modo1" msd="Deg=Pos">modo</w>                <w xml:id="line.440#w.11" pos="PUNC" lemma="," msd="MORPH=empty">,</w>            </seg>            <seg xml:id="urn:cts:latinLit:phi0119.phi010.perseus-lat2:line.441">                <w xml:id="line.441#w.1" pos="VER" lemma="sum1" msd="Numb=Sing|Mood=Ind|Tense=Pres|Voice=Act|Person=3">est</w>                <w xml:id="line.441#w.2" pos="ADV" lemma="hic2" msd="Case=Nom|Numb=Sing">hic</w>                <w xml:id="line.441#w.3" pos="NOM" lemma="praeda" msd="Case=Nom|Numb=Sing">praeda</w>                <w xml:id="line.441#w.4" pos="PROper" lemma="nos" msd="Case=Dat|Numb=Plur">nobis</w>                <w xml:id="line.441#w.5" pos="PUNC" lemma="." msd="MORPH=empty">.</w>                <w xml:id="line.441#w.6" pos="PUNC" lemma="â" msd="MORPH=empty">â</w>            </seg>            <seg xml:id="urn:cts:latinLit:phi0119.phi010.perseus-lat2:line.441b">                <w xml:id="line.441b#w.1" pos="VER" lemma="pereo1" msd="Numb=Sing|Mood=Ind|Tense=Perf|Voice=Act|Person=1">Perii</w>                <w xml:id="line.441b#w.2" pos="PUNC" lemma="," msd="MORPH=empty">,</w>                <w xml:id="line.441b#w.3" pos="ADV" lemma="iam" msd="Deg=Pos">iamne</w>                <w xml:id="line.441b#w.4" pos="ADV" lemma="ne2" msd="MORPH=empty">iamne</w>                <w xml:id="line.441b#w.5" pos="VER" lemma="abeo1" msd="Numb=Sing|Mood=Ind|Tense=Pres|Voice=Act|Person=2">abis</w>                <w xml:id="line.441b#w.6" pos="PUNC" lemma="?" msd="MORPH=empty">?</w>                <w xml:id="line.441b#w.7" pos="VER" lemma="pereo1" msd="Numb=Sing|Mood=Ind|Tense=Perf|Voice=Act|Person=3">periit</w>                <w xml:id="line.441b#w.8" pos="ADV" lemma="probe" msd="Deg=Pos">probe</w>                <w xml:id="line.441b#w.9" pos="PUNC" lemma=":" msd="MORPH=empty">:</w>            </seg>            <seg xml:id="urn:cts:latinLit:phi0119.phi010.perseus-lat2:line.442">                <w xml:id="line.442#w.1" pos="VER" lemma="duco" msd="Numb=Sing|Mood=Ind|Tense=Pres|Voice=Act|Person=3">ducit</w>                <w xml:id="line.442#w.2" pos="NOM" lemma="lembus" msd="Case=Acc|Numb=Sing">lembum</w>                <w xml:id="line.442#w.3" pos="ADJqua" lemma="dierectus" msd="Case=Acc|Numb=Sing|Deg=Pos">dierectum</w>                <w xml:id="line.442#w.4" pos="NOM" lemma="nauis" msd="Case=Nom|Numb=Sing">navis</w>                <w xml:id="line.442#w.5" pos="ADJqua" lemma="praedatorius" msd="Case=Nom|Numb=Sing|Deg=Pos">praedatoria</w>                <w xml:id="line.442#w.6" pos="PUNC" lemma="." msd="MORPH=empty">.</w>            </seg>            <seg xml:id="urn:cts:latinLit:phi0119.phi010.perseus-lat2:line.443">                <w xml:id="line.443#w.1" pos="CONcoo" lemma="sed" msd="MORPH=empty">sed</w>                <w xml:id="line.443#w.2" pos="PROper" lemma="ego" msd="Case=Nom|Numb=Sing">ego</w>                <w xml:id="line.443#w.3" pos="ADJqua" lemma="inscitus" msd="Case=Nom|Numb=Sing|Deg=Pos">inscitus</w>                <w xml:id="line.443#w.4" pos="PROrel" lemma="qui1" msd="Case=Nom|Numb=Sing">qui</w>                <w xml:id="line.443#w.5" pos="NOM" lemma="dominus" msd="Case=Dat|Numb=Sing|Person=1">domino</w>                <w xml:id="line.443#w.6" pos="PROper" lemma="ego" msd="Case=Acc|Numb=Sing">me</w>                <w xml:id="line.443#w.7" pos="VER" lemma="postulo" msd="Numb=Sing|Mood=Sub|Tense=Pres|Voice=Act|Person=1">postulem</w>                <w xml:id="line.443#w.8" pos="VER" lemma="moderor" msd="Mood=Inf|Tense=Pres|Voice=Dep">moderarier</w>                <w xml:id="line.443#w.9" pos="PUNC" lemma=":" msd="MORPH=empty">:</w>            </seg>            <seg xml:id="urn:cts:latinLit:phi0119.phi010.perseus-lat2:line.444">                <w xml:id="line.444#w.1" pos="NOM" lemma="dictum" msd="Case=Abl|Numb=Sing">dicto</w>                <w xml:id="line.444#w.2" pos="PROper" lemma="ego" msd="Case=Acc|Numb=Sing">me</w>                <w xml:id="line.444#w.3" pos="VER" lemma="emo" msd="Numb=Sing|Mood=Ind|Tense=Perf|Voice=Act|Person=3">emit</w>                <w xml:id="line.444#w.4" pos="VER" lemma="audio" msd="Case=Acc|Numb=Sing|Mood=Par|Tense=Pres|Voice=Act">audientem</w>                <w xml:id="line.444#w.5" pos="PUNC" lemma="," msd="MORPH=empty">,</w>                <w xml:id="line.444#w.6" pos="ADVneg" lemma="haud" msd="MORPH=empty">haud</w>                <w xml:id="line.444#w.7" pos="NOM" lemma="imperator" msd="Case=Acc|Numb=Sing">imperatorem</w>                <w xml:id="line.444#w.8" pos="PROref" lemma="sui1" msd="Case=Dat|Numb=Sing">sibi</w>                <w xml:id="line.444#w.9" pos="PUNC" lemma="." msd="MORPH=empty">.</w>            </seg>            <seg xml:id="urn:cts:latinLit:phi0119.phi010.perseus-lat2:line.445">                <w xml:id="line.445#w.1" pos="VER" lemma="sequor" msd="Numb=Plur|Mood=Imp|Tense=Pres|Voice=Dep|Person=2">sequimini</w>                <w xml:id="line.445#w.2" pos="PUNC" lemma="," msd="MORPH=empty">,</w>                <w xml:id="line.445#w.3" pos="CONsub" lemma="ut4" msd="MORPH=empty">ut</w>                <w xml:id="line.445#w.4" pos="PUNC" lemma="," msd="MORPH=empty">,</w>                <w xml:id="line.445#w.5" pos="PROrel" lemma="qui1" msd="Case=Nom|Numb=Sing">quod</w>                <w xml:id="line.445#w.6" pos="VER" lemma="impero" msd="Numb=Sing|Mood=Par|Tense=Perf|Voice=Pass">imperatum</w>                <w xml:id="line.445#w.7" pos="VER" lemma="sum1" msd="Numb=Sing|Mood=Ind|Tense=Pres|Voice=Act|Person=3">est</w>                <w xml:id="line.445#w.8" pos="PUNC" lemma="," msd="MORPH=empty">,</w>                <w xml:id="line.445#w.9" pos="NOM" lemma="uenia" msd="Case=Acc|Numb=Sing">veniam</w>                <w xml:id="line.445#w.10" pos="PRE" lemma="aduersus3" msd="MORPH=empty">advorsum</w>                <w xml:id="line.445#w.11" pos="ADV" lemma="tempori" msd="Deg=Pos">temperi</w>                <w xml:id="line.445#w.12" pos="PUNC" lemma="." msd="MORPH=empty">.</w>                <w xml:id="line.445#w.13" pos="PUNC" lemma="â" msd="MORPH=empty">â</w>            </seg>            <seg xml:id="urn:cts:latinLit:phi0119.phi010.perseus-lat2:line.446">                <w xml:id="line.446#w.1" pos="ADV" lemma="multus" msd="Case=Acc|Deg=Comp">Plus</w>                <w xml:id="line.446#w.2" pos="ADJcar" lemma="triginta" msd="Case=Ind">triginta</w>                <w xml:id="line.446#w.3" pos="NOM" lemma="nnnae" msd="Case=Abl|Numb=Plur">Ã¡nnis</w>                <w xml:id="line.446#w.4" pos="VER" lemma="nascor" msd="Case=Nom|Numb=Sing|Mood=Par|Tense=Perf|Voice=Dep">natus</w>                <w xml:id="line.446#w.5" pos="VER" lemma="sum1" msd="Numb=Sing|Mood=Ind|Tense=Pres|Voice=Act|Person=1">sum</w>                <w xml:id="line.446#w.6" pos="PUNC" lemma="," msd="MORPH=empty">,</w>                <w xml:id="line.446#w.7" pos="CONsub" lemma="cum3" msd="MORPH=empty">quom</w>                <w xml:id="line.446#w.8" pos="ADV" lemma="nnterea" msd="Deg=Pos">Ã­nterea</w>                <w xml:id="line.446#w.9" pos="NOM" lemma="locus" msd="Case=Gen|Numb=Sing">loci</w>                <w xml:id="line.446#w.10" pos="PUNC" lemma="," msd="MORPH=empty">,</w>            </seg>            <seg xml:id="urn:cts:latinLit:phi0119.phi010.perseus-lat2:line.447">                <w xml:id="line.447#w.1" pos="ADVneg" lemma="numquam" msd="MORPH=empty">numquam</w>                <w xml:id="line.447#w.2" pos="PROind" lemma="quisquam" msd="Case=Acc|Numb=Sing">quicquam</w>                <w xml:id="line.447#w.3" pos="NOM" lemma="facinus" msd="Case=Acc|Numb=Sing">facinus</w>                <w xml:id="line.447#w.4" pos="VER" lemma="facio" msd="Numb=Sing|Mood=Ind|Tense=Perf|Voice=Act|Person=1">feci</w>                <w xml:id="line.447#w.5" pos="ADJqua" lemma="malus3" msd="Case=Nom|Numb=Sing|Deg=Comp">peius</w>                <w xml:id="line.447#w.6" pos="CONcoo" lemma="neque" msd="MORPH=empty">neque</w>                <w xml:id="line.447#w.7" pos="ADJqua" lemma="scelestus" msd="Case=Nom|Numb=Sing|Deg=Comp">scelestius</w>                <w xml:id="line.447#w.8" pos="PUNC" lemma="," msd="MORPH=empty">,</w>            </seg>            <seg xml:id="urn:cts:latinLit:phi0119.phi010.perseus-lat2:line.448">                <w xml:id="line.448#w.1" pos="CONsub" lemma="quam?" msd="MORPH=empty">quÃ¡m</w>                <w xml:id="line.448#w.2" pos="ADV" lemma="hodie" msd="Deg=Pos">hodie</w>                <w xml:id="line.448#w.3" pos="PUNC" lemma="," msd="MORPH=empty">,</w>                <w xml:id="line.448#w.4" pos="CONsub" lemma="cum3" msd="MORPH=empty">quom</w>                <w xml:id="line.448#w.5" pos="PRE" lemma="in" msd="MORPH=empty">in</w>                <w xml:id="line.448#w.6" pos="NOM" lemma="contio" msd="Case=Acc|Numb=Sing">contionem</w>                <w xml:id="line.448#w.7" pos="ADJqua" lemma="medius" msd="Case=Acc|Numb=Sing|Deg=Pos">mediam</w>                <w xml:id="line.448#w.8" pos="PROper" lemma="ego" msd="Case=Acc|Numb=Sing">me</w>                <w xml:id="line.448#w.9" pos="VER" lemma="immergo" msd="Numb=Sing|Mood=Par|Tense=Perf|Voice=Pass|Person=1">immersi</w>                <w xml:id="line.448#w.10" pos="ADJqua" lemma="miser" msd="Case=Nom|Numb=Sing|Deg=Pos">miser</w>                <w xml:id="line.448#w.11" pos="PUNC" lemma="." msd="MORPH=empty">.</w>            </seg>            <seg xml:id="urn:cts:latinLit:phi0119.phi010.perseus-lat2:line.449">                <w xml:id="line.449#w.1" pos="CONsub" lemma="ubi3" msd="MORPH=empty">ubi</w>                <w xml:id="line.449#w.2" pos="PROper" lemma="ego" msd="Case=Nom|Numb=Sing">ego</w>                <w xml:id="line.449#w.3" pos="VER" lemma="do" msd="Numb=Sing|Mood=Ind|Tense=Pres|Voice=Act|Person=1">dÃºm</w>                <w xml:id="line.449#w.4" pos="NOM" lemma="hieto" msd="Case=Abl|Numb=Sing|Deg=Pos">hieto</w>                <w xml:id="line.449#w.5" pos="PUNC" lemma="," msd="MORPH=empty">,</w>                <w xml:id="line.449#w.6" pos="NOM" lemma="menaechus" msd="Case=Nom|Numb=Sing">Menaechmus</w>                <w xml:id="line.449#w.7" pos="PROref" lemma="sui1" msd="Case=Acc|Numb=Sing">se</w>                <w xml:id="line.449#w.8" pos="VER" lemma="subterduco" msd="Numb=Sing|Mood=Ind|Tense=Perf|Voice=Act|Person=3">subterduxit</w>                <w xml:id="line.449#w.9" pos="PROper" lemma="ego" msd="Case=Dat|Numb=Sing">mihi</w>            </seg>            <seg xml:id="urn:cts:latinLit:phi0119.phi010.perseus-lat2:line.450">                <w xml:id="line.450#w.1" pos="CONcoo" lemma="atque1" msd="MORPH=empty">atque</w>                <w xml:id="line.450#w.2" pos="VER" lemma="abeo1" msd="Numb=Sing|Mood=Ind|Tense=Perf|Voice=Act|Person=3">abiit</w>                <w xml:id="line.450#w.3" pos="PRE" lemma="ad2" msd="MORPH=empty">ad</w>                <w xml:id="line.450#w.4" pos="NOM" lemma="amica" msd="Case=Acc|Numb=Sing">amicam</w>                <w xml:id="line.450#w.5" pos="PUNC" lemma="," msd="MORPH=empty">,</w>                <w xml:id="line.450#w.6" pos="VER" lemma="credo" msd="Numb=Sing|Mood=Ind|Tense=Pres|Voice=Act|Person=1">credo</w>                <w xml:id="line.450#w.7" pos="PUNC" lemma="," msd="MORPH=empty">,</w>                <w xml:id="line.450#w.8" pos="CONcoo" lemma="neque" msd="MORPH=empty">neque</w>                <w xml:id="line.450#w.9" pos="PROper" lemma="ego" msd="Case=Acc|Numb=Sing">me</w>                <w xml:id="line.450#w.10" pos="VER" lemma="uolo?" msd="Numb=Sing|Mood=Ind|Tense=Perf|Voice=Act|Person=3">voluit</w>                <w xml:id="line.450#w.11" pos="VER" lemma="duco" msd="Mood=Inf|Tense=Pres|Voice=Act">ducere</w>                <w xml:id="line.450#w.12" pos="PUNC" lemma="." msd="MORPH=empty">.</w>            </seg>            <seg xml:id="urn:cts:latinLit:phi0119.phi010.perseus-lat2:line.451">                <w xml:id="line.451#w.1" pos="PROrel" lemma="qui1" msd="Case=Nom|Numb=Plur">qui</w>                <w xml:id="line.451#w.2" pos="PROdem" lemma="ille" msd="Case=Acc|Numb=Sing">illum</w>                <w xml:id="line.451#w.3" pos="NOM" lemma="deus" msd="Case=Nom|Numb=Plur">di</w>                <w xml:id="line.451#w.4" pos="PROind" lemma="omnis" msd="Case=Nom|Numb=Plur">omnes</w>                <w xml:id="line.451#w.5" pos="VER" lemma="perdo" msd="Numb=Plur|Mood=Sub|Tense=Pres|Voice=Act|Person=3">perduint</w>                <w xml:id="line.451#w.6" pos="PUNC" lemma="," msd="MORPH=empty">,</w>                <w xml:id="line.451#w.7" pos="PROrel" lemma="qui1" msd="Case=Nom|Numb=Sing">qui</w>                <w xml:id="line.451#w.8" pos="ADJord" lemma="primus" msd="Case=Nom|Numb=Sing|Deg=Sup">primus</w>                <w xml:id="line.451#w.9" pos="VER" lemma="comminiscor" msd="Numb=Sing|Mood=Par|Tense=Perf|Voice=Dep|Person=3">commentust</w>            </seg>            <seg xml:id="urn:cts:latinLit:phi0119.phi010.perseus-lat2:line.452">                <w xml:id="line.452#w.1" pos="NOM" lemma="contio" msd="Case=Acc|Numb=Sing">contionem</w>                <w xml:id="line.452#w.2" pos="VER" lemma="habeo" msd="Mood=Inf|Tense=Pres|Voice=Act">habere</w>                <w xml:id="line.452#w.3" pos="PUNC" lemma="," msd="MORPH=empty">,</w>                <w xml:id="line.452#w.4" pos="PROrel" lemma="qui1" msd="Case=Nom|Numb=Sing">qui</w>                <w xml:id="line.452#w.5" pos="NOM" lemma="homo" msd="Case=Acc|Numb=Plur">homines</w>                <w xml:id="line.452#w.6" pos="ADJqua" lemma="occupatus" msd="Case=Acc|Numb=Plur|Deg=Pos">occupatos</w>                <w xml:id="line.452#w.7" pos="VER" lemma="occupo2" msd="Numb=Sing|Mood=Ind|Tense=Pres|Voice=Act|Person=3">occupat</w>                <w xml:id="line.452#w.8" pos="PUNC" lemma="." msd="MORPH=empty">.</w>            </seg>            <seg xml:id="urn:cts:latinLit:phi0119.phi010.perseus-lat2:line.453">                <w xml:id="line.453#w.1" pos="ADVneg" lemma="non" msd="MORPH=empty">non</w>                <w xml:id="line.453#w.2" pos="PRE" lemma="ad2" msd="MORPH=empty">ad</w>                <w xml:id="line.453#w.3" pos="PROdem" lemma="is" msd="Case=Acc|Numb=Sing">eam</w>                <w xml:id="line.453#w.4" pos="NOM" lemma="res" msd="Case=Acc|Numb=Sing">rem</w>                <w xml:id="line.453#w.5" pos="ADJqua" lemma="ttiosus" msd="Case=Acc|Numb=Plur|Deg=Pos">Ã³tiosos</w>                <w xml:id="line.453#w.6" pos="NOM" lemma="homo" msd="Case=Acc|Numb=Plur">homines</w>                <w xml:id="line.453#w.7" pos="VER" lemma="decet" msd="Numb=Sing|Mood=Ind|Tense=Perf|Voice=Act|Person=3">decuit</w>                <w xml:id="line.453#w.8" pos="VER" lemma="deligo?" msd="Mood=Inf|Tense=Pres|Voice=Pass">deligi</w>                <w xml:id="line.453#w.9" pos="PUNC" lemma="," msd="MORPH=empty">,</w>            </seg>            <seg xml:id="urn:cts:latinLit:phi0119.phi010.perseus-lat2:line.454">                <w xml:id="line.454#w.1" pos="PROrel" lemma="qui1" msd="Case=Nom|Numb=Plur">qui</w>                <w xml:id="line.454#w.2" pos="CONsub" lemma="nisi" msd="MORPH=empty">nisi</w>                <w xml:id="line.454#w.3" pos="VER" lemma="assum1" msd="Numb=Plur|Mood=Sub|Tense=Pres|Voice=Act|Person=3">adsint</w>                <w xml:id="line.454#w.4" pos="CONsub" lemma="cum3" msd="MORPH=empty">quom</w>                <w xml:id="line.454#w.5" pos="VER" lemma="cito1" msd="Numb=Plur|Mood=Sub|Tense=Pres|Voice=Pass|Person=3">citentur</w>                <w xml:id="line.454#w.6" pos="PUNC" lemma="," msd="MORPH=empty">,</w>                <w xml:id="line.454#w.7" pos="NOM" lemma="census" msd="Case=Acc|Numb=Plur">census</w>                <w xml:id="line.454#w.8" pos="VER" lemma="capio2" msd="Numb=Sing|Mood=Sub|Tense=Pres|Voice=Act|Person=3">capiat</w>                <w xml:id="line.454#w.9" pos="ADV" lemma="illico" msd="Deg=Pos">ilico</w>                <w xml:id="line.454#w.10" pos="PUNC" lemma="?" msd="MORPH=empty">?</w>            </seg>            <seg xml:id="urn:cts:latinLit:phi0119.phi010.perseus-lat2:line.455">            </seg>            <seg xml:id="urn:cts:latinLit:phi0119.phi010.perseus-lat2:line.456">            </seg>            <seg xml:id="urn:cts:latinLit:phi0119.phi010.perseus-lat2:line.457">                <w xml:id="line.457#w.1" pos="ADV" lemma="affatim" msd="Deg=Pos">adfatim</w>                <w xml:id="line.457#w.2" pos="VER" lemma="sum1" msd="Numb=Sing|Mood=Ind|Tense=Pres|Voice=Act|Person=3">est</w>                <w xml:id="line.457#w.3" pos="NOM" lemma="homo" msd="Case=Gen|Numb=Plur">hominum</w>                <w xml:id="line.457#w.4" pos="PUNC" lemma="," msd="MORPH=empty">,</w>                <w xml:id="line.457#w.5" pos="PRE" lemma="in" msd="MORPH=empty">in</w>                <w xml:id="line.457#w.6" pos="NOM" lemma="dies" msd="Case=Acc|Numb=Plur">dies</w>                <w xml:id="line.457#w.7" pos="PROrel" lemma="qui1" msd="Case=Nom|Numb=Plur">qui</w>                <w xml:id="line.457#w.8" pos="ADJdis" lemma="singulus" msd="Case=Acc|Numb=Plur">singulas</w>                <w xml:id="line.457#w.9" pos="NOM" lemma="esca" msd="Case=Acc|Numb=Plur">escas</w>                <w xml:id="line.457#w.10" pos="VER" lemma="edo?" msd="Numb=Plur|Mood=Sub|Tense=Pres|Voice=Act|Person=3">edint</w>                <w xml:id="line.457#w.11" pos="PUNC" lemma="," msd="MORPH=empty">,</w>            </seg>            <seg xml:id="urn:cts:latinLit:phi0119.phi010.perseus-lat2:line.458">                <w xml:id="line.458#w.1" pos="PROrel" lemma="qui1" msd="Case=Dat|Numb=Plur">quibus</w>                <w xml:id="line.458#w.2" pos="NOM" lemma="negotium" msd="Case=Gen|Numb=Sing">negoti</w>                <w xml:id="line.458#w.3" pos="PROind" lemma="nihil" msd="Case=Ind">nihil</w>                <w xml:id="line.458#w.4" pos="VER" lemma="sum1" msd="Numb=Sing|Mood=Ind|Tense=Pres|Voice=Act|Person=3">est</w>                <w xml:id="line.458#w.5" pos="PUNC" lemma="," msd="MORPH=empty">,</w>                <w xml:id="line.458#w.6" pos="PROrel" lemma="qui1" msd="Case=Nom|Numb=Plur">qui</w>                <w xml:id="line.458#w.7" pos="VER" lemma="edo?" msd="Numb=Sing|Mood=Par|Tense=Perf|Voice=Pass">essum</w>                <w xml:id="line.458#w.8" pos="CONcoo" lemma="neque" msd="MORPH=empty">neque</w>                <w xml:id="line.458#w.9" pos="VER" lemma="uoco" msd="Numb=Plur|Mood=Ind|Tense=Pres|Voice=Pass|Person=3">vocantur</w>                <w xml:id="line.458#w.10" pos="CONcoo" lemma="neque" msd="MORPH=empty">neque</w>                <w xml:id="line.458#w.11" pos="VER" lemma="uoco" msd="Numb=Plur|Mood=Ind|Tense=Pres|Voice=Act|Person=3">vocant</w>                <w xml:id="line.458#w.12" pos="PUNC" lemma=":" msd="MORPH=empty">:</w>            </seg>            <seg xml:id="urn:cts:latinLit:phi0119.phi010.perseus-lat2:line.459">                <w xml:id="line.459#w.1" pos="PROdem" lemma="is" msd="Case=Acc|Numb=Plur">eos</w>                <w xml:id="line.459#w.2" pos="VER" lemma="oportet" msd="Numb=Sing|Mood=Ind|Tense=Pres|Voice=Act|Person=3">oportet</w>                <w xml:id="line.459#w.3" pos="NOM" lemma="contio" msd="Case=Dat|Numb=Sing">contioni</w>                <w xml:id="line.459#w.4" pos="VER" lemma="do" msd="Mood=Inf|Tense=Pres|Voice=Act">dare</w>                <w xml:id="line.459#w.5" pos="NOM" lemma="opera" msd="Case=Acc|Numb=Sing">operam</w>                <w xml:id="line.459#w.6" pos="CONcoo" lemma="atque1" msd="MORPH=empty">atque</w>                <w xml:id="line.459#w.7" pos="NOM" lemma="comitia" msd="Case=Abl|Numb=Plur">comitiis</w>                <w xml:id="line.459#w.8" pos="PUNC" lemma="." msd="MORPH=empty">.</w>            </seg>            <seg xml:id="urn:cts:latinLit:phi0119.phi010.perseus-lat2:line.460">                <w xml:id="line.460#w.1" pos="CONsub" lemma="si2" msd="MORPH=empty">sÃ­</w>                <w xml:id="line.460#w.2" pos="PROdem" lemma="is" msd="Case=Nom|Numb=Sing">id</w>                <w xml:id="line.460#w.3" pos="ADV" lemma="ita" msd="Deg=Pos">ita</w>                <w xml:id="line.460#w.4" pos="VER" lemma="sum1" msd="Numb=Sing|Mood=Sub|Tense=Impa|Voice=Act|Person=3">esset</w>                <w xml:id="line.460#w.5" pos="PUNC" lemma="," msd="MORPH=empty">,</w>                <w xml:id="line.460#w.6" pos="ADVneg" lemma="non" msd="MORPH=empty">non</w>                <w xml:id="line.460#w.7" pos="PROper" lemma="ego" msd="Case=Nom|Numb=Sing">ego</w>                <w xml:id="line.460#w.8" pos="ADV" lemma="hodie" msd="Deg=Pos">hodie</w>                <w xml:id="line.460#w.9" pos="VER" lemma="perdo" msd="Numb=Sing|Mood=Sub|Tense=Pqp|Voice=Act|Person=1">perdidissem</w>                <w xml:id="line.460#w.10" pos="NOM" lemma="prandium" msd="Case=Acc|Numb=Sing">prandium</w>                <w xml:id="line.460#w.11" pos="PUNC" lemma="," msd="MORPH=empty">,</w>            </seg>            <seg xml:id="urn:cts:latinLit:phi0119.phi010.perseus-lat2:line.461">                <w xml:id="line.461#w.1" pos="PROrel" lemma="qui1" msd="Case=Dat|Numb=Sing">quoi</w>                <w xml:id="line.461#w.2" pos="ADV" lemma="tam" msd="Deg=Pos">tam</w>                <w xml:id="line.461#w.3" pos="VER" lemma="credo" msd="Numb=Sing|Mood=Ind|Tense=Pres|Voice=Act|Person=1">credo</w>                <w xml:id="line.461#w.4" pos="PUNC" lemma="â " msd="MORPH=empty">â </w>                <w xml:id="line.461#w.5" pos="VER" lemma="do" msd="Numb=Sing|Mood=Par|Tense=Perf|Voice=Pass">datum</w>                <w xml:id="line.461#w.6" pos="VER" lemma="uolo?" msd="Mood=Inf|Tense=Perf|Voice=Act">voluisse</w>                <w xml:id="line.461#w.7" pos="ADVrel" lemma="quam1" msd="MORPH=empty">quam</w>                <w xml:id="line.461#w.8" pos="PROper" lemma="ego" msd="Case=Acc|Numb=Sing">me</w>                <w xml:id="line.461#w.9" pos="VER" lemma="uideo" msd="Numb=Sing|Mood=Ind|Tense=Pres|Voice=Act|Person=1">video</w>                <w xml:id="line.461#w.10" pos="VER" lemma="uiuo" msd="Mood=Inf|Tense=Pres|Voice=Act">vivere</w>                <w xml:id="line.461#w.11" pos="PUNC" lemma="." msd="MORPH=empty">.</w>            </seg>            <seg xml:id="urn:cts:latinLit:phi0119.phi010.perseus-lat2:line.462">                <w xml:id="line.462#w.1" pos="VER" lemma="eo1" msd="Numb=Sing|Mood=Ind|Tense=Fut|Voice=Act|Person=1">ibo</w>                <w xml:id="line.462#w.2" pos="PUNC" lemma=":" msd="MORPH=empty">:</w>                <w xml:id="line.462#w.3" pos="ADV" lemma="etiamnunc" msd="Deg=Pos">etiamnum</w>                <w xml:id="line.462#w.4" pos="NOM" lemma="reliquiae" msd="Case=Gen|Numb=Plur">reliquiarum</w>                <w xml:id="line.462#w.5" pos="NOM" lemma="spes" msd="Case=Nom|Numb=Sing">spes</w>                <w xml:id="line.462#w.6" pos="NOM" lemma="animus" msd="Case=Acc|Numb=Sing">animum</w>                <w xml:id="line.462#w.7" pos="VER" lemma="oblecto" msd="Numb=Sing|Mood=Ind|Tense=Pres|Voice=Act|Person=3">oblectat</w>                <w xml:id="line.462#w.8" pos="PROpos" lemma="meus" msd="Case=Acc|Numb=Sing">meum</w>                <w xml:id="line.462#w.9" pos="PUNC" lemma="." msd="MORPH=empty">.</w>            </seg>            <seg xml:id="urn:cts:latinLit:phi0119.phi010.perseus-lat2:line.463">                <w xml:id="line.463#w.1" pos="CONcoo" lemma="sed" msd="MORPH=empty">sed</w>                <w xml:id="line.463#w.2" pos="PROint" lemma="quis1" msd="Case=Acc|Numb=Sing">quid</w>                <w xml:id="line.463#w.3" pos="PROper" lemma="ego" msd="Case=Nom|Numb=Sing">ego</w>                <w xml:id="line.463#w.4" pos="VER" lemma="uideo" msd="Numb=Sing|Mood=Ind|Tense=Pres|Voice=Act|Person=1">video</w>                <w xml:id="line.463#w.5" pos="PUNC" lemma="?" msd="MORPH=empty">?</w>                <w xml:id="line.463#w.6" pos="NOM" lemma="menaechus" msd="Case=Nom|Numb=Plur">Menaechmus</w>                <w xml:id="line.463#w.7" pos="PRE" lemma="cum2" msd="MORPH=empty">cum</w>                <w xml:id="line.463#w.8" pos="NOM" lemma="corona" msd="Case=Abl|Numb=Sing">corona</w>                <w xml:id="line.463#w.9" pos="VER" lemma="exeo1" msd="Numb=Sing|Mood=Ind|Tense=Pres|Voice=Act|Person=3">exit</w>                <w xml:id="line.463#w.10" pos="ADV" lemma="foras" msd="Deg=Pos">foras</w>                <w xml:id="line.463#w.11" pos="PUNC" lemma="." msd="MORPH=empty">.</w>            </seg>            <seg xml:id="urn:cts:latinLit:phi0119.phi010.perseus-lat2:line.464">                <w xml:id="line.464#w.1" pos="VER" lemma="tollo" msd="Case=Nom|Numb=Sing|Mood=Par|Tense=Perf|Voice=Pass">sublatum</w>                <w xml:id="line.464#w.2" pos="VER" lemma="sum1" msd="Numb=Sing|Mood=Ind|Tense=Pres|Voice=Act|Person=3">est</w>                <w xml:id="line.464#w.3" pos="NOM" lemma="conuiuium" msd="Case=Nom|Numb=Sing">convivium</w>                <w xml:id="line.464#w.4" pos="PUNC" lemma="," msd="MORPH=empty">,</w>                <w xml:id="line.464#w.5" pos="INJ" lemma="edepol" msd="MORPH=empty">edepol</w>                <w xml:id="line.464#w.6" pos="VER" lemma="uenio" msd="Numb=Sing|Mood=Ind|Tense=Pres|Voice=Act|Person=1">venio</w>                <w xml:id="line.464#w.7" pos="PRE" lemma="aduersus3" msd="Case=Acc|Numb=Sing">adversum</w>                <w xml:id="line.464#w.8" pos="ADV" lemma="tempori" msd="Deg=Pos">temperi</w>                <w xml:id="line.464#w.9" pos="PUNC" lemma="." msd="MORPH=empty">.</w>            </seg>            <seg xml:id="urn:cts:latinLit:phi0119.phi010.perseus-lat2:line.465">                <w xml:id="line.465#w.1" pos="VER" lemma="obseruo" msd="Numb=Sing|Mood=Ind|Tense=Fut|Voice=Act|Person=1">observabo</w>                <w xml:id="line.465#w.2" pos="PUNC" lemma="," msd="MORPH=empty">,</w>                <w xml:id="line.465#w.3" pos="PROint" lemma="quis1" msd="Case=Acc|Numb=Sing">quid</w>                <w xml:id="line.465#w.4" pos="VER" lemma="ago" msd="Numb=Sing|Mood=Sub|Tense=Pres|Voice=Act|Person=3">agat</w>                <w xml:id="line.465#w.5" pos="PUNC" lemma="," msd="MORPH=empty">,</w>                <w xml:id="line.465#w.6" pos="NOM" lemma="homo" msd="Case=Acc|Numb=Sing">hominem</w>                <w xml:id="line.465#w.7" pos="PUNC" lemma="." msd="MORPH=empty">.</w>                <w xml:id="line.465#w.8" pos="ADV" lemma="post1" msd="Deg=Pos">post</w>                <w xml:id="line.465#w.9" pos="VER" lemma="adeo1" msd="Numb=Sing|Mood=Ind|Tense=Fut|Voice=Act|Person=1">adibo</w>                <w xml:id="line.465#w.10" pos="CONcoo" lemma="atque1" msd="MORPH=empty">atque</w>                <w xml:id="line.465#w.11" pos="VER" lemma="alloquor" msd="Numb=Sing|Mood=Ind|Tense=Fut|Voice=Dep|Person=1">adloquar</w>                <w xml:id="line.465#w.12" pos="PUNC" lemma="." msd="MORPH=empty">.</w>            </seg>            <seg xml:id="urn:cts:latinLit:phi0119.phi010.perseus-lat2:line.466">                <w xml:id="line.466#w.1" pos="ADV" lemma="potine" msd="Deg=Pos">Potine</w>                <w xml:id="line.466#w.2" pos="CONsub" lemma="ut4" msd="MORPH=empty">ut</w>                <w xml:id="line.466#w.3" pos="VER" lemma="quiesco" msd="Numb=Sing|Mood=Sub|Tense=Pres|Voice=Act|Person=2">quiescas</w>                <w xml:id="line.466#w.4" pos="PUNC" lemma="?" msd="MORPH=empty">?</w>                <w xml:id="line.466#w.5" pos="PROper" lemma="ego" msd="Case=Nom|Numb=Sing">ego</w>                <w xml:id="line.466#w.6" pos="PROper" lemma="tu" msd="Case=Dat|Numb=Sing">tibi</w>                <w xml:id="line.466#w.7" pos="PROdem" lemma="hic1" msd="Case=Acc|Numb=Sing">hanc</w>                <w xml:id="line.466#w.8" pos="ADV" lemma="hodie" msd="Deg=Pos">hodie</w>                <w xml:id="line.466#w.9" pos="ADV" lemma="probe" msd="Deg=Pos">probe</w>            </seg>            <seg xml:id="urn:cts:latinLit:phi0119.phi010.perseus-lat2:line.467">                <w xml:id="line.467#w.1" pos="ADV" lemma="lepide" msd="Deg=Pos">lepideque</w>                <w xml:id="line.467#w.2" pos="CON" lemma="que" msd="MORPH=empty">lepideque</w>                <w xml:id="line.467#w.3" pos="VER" lemma="concinno" msd="Case=Acc|Numb=Sing|Mood=Par|Tense=Perf|Voice=Pass">concinnatam</w>                <w xml:id="line.467#w.4" pos="VER" lemma="refero" msd="Numb=Sing|Mood=Ind|Tense=Fut|Voice=Act|Person=1">referam</w>                <w xml:id="line.467#w.5" pos="ADV" lemma="tempori" msd="Numb=Sing">temperi</w>                <w xml:id="line.467#w.6" pos="PUNC" lemma="." msd="MORPH=empty">.</w>            </seg>            <seg xml:id="urn:cts:latinLit:phi0119.phi010.perseus-lat2:line.468">                <w xml:id="line.468#w.1" pos="ADVneg" lemma="non" msd="MORPH=empty">non</w>                <w xml:id="line.468#w.2" pos="VER" lemma="facio" msd="Numb=Sing|Mood=Ind|Tense=Fut|Voice=Act|Person=1">faxo</w>                <w xml:id="line.468#w.3" pos="PROdem" lemma="is" msd="Case=Acc|Numb=Sing">eam</w>                <w xml:id="line.468#w.4" pos="VER" lemma="sum1" msd="Mood=Inf|Tense=Pres|Voice=Act">esse</w>                <w xml:id="line.468#w.5" pos="VER" lemma="dico?" msd="Numb=Sing|Mood=Ind|Tense=Fut|Voice=Act|Person=2">dices</w>                <w xml:id="line.468#w.6" pos="PUNC" lemma=":" msd="MORPH=empty">:</w>                <w xml:id="line.468#w.7" pos="ADV" lemma="eta" msd="Deg=Pos">Ã­ta</w>                <w xml:id="line.468#w.8" pos="VER" lemma="ignoro" msd="Numb=Sing|Mood=Ind|Tense=Fut|Voice=Pass|Person=3">ignorabitur</w>                <w xml:id="line.468#w.9" pos="PUNC" lemma="." msd="MORPH=empty">.</w>            </seg>            <seg xml:id="urn:cts:latinLit:phi0119.phi010.perseus-lat2:line.469">                <w xml:id="line.469#w.1" pos="NOM" lemma="palla" msd="Case=Acc|Numb=Sing">Pallam</w>                <w xml:id="line.469#w.2" pos="PRE" lemma="ad2" msd="MORPH=empty">ad</w>                <w xml:id="line.469#w.3" pos="NOM" lemma="phrygio" msd="Case=Acc|Numb=Sing">phrygionem</w>                <w xml:id="line.469#w.4" pos="VER" lemma="fero" msd="Numb=Sing|Mood=Ind|Tense=Pres|Voice=Act|Person=3">fert</w>                <w xml:id="line.469#w.5" pos="VER" lemma="conficio" msd="Case=Abl|Numb=Sing|Mood=Par|Tense=Perf|Voice=Pass">confecto</w>                <w xml:id="line.469#w.6" pos="NOM" lemma="prandium" msd="Case=Abl|Numb=Sing">prandio</w>            </seg>            <seg xml:id="urn:cts:latinLit:phi0119.phi010.perseus-lat2:line.470">                <w xml:id="line.470#w.1" pos="NOM" lemma="uinum" msd="Case=Abl|Numb=Sing">vinoque</w>                <w xml:id="line.470#w.2" pos="CON" lemma="que" msd="MORPH=empty">vinoque</w>                <w xml:id="line.470#w.3" pos="VER" lemma="expoto" msd="Numb=Sing|Mood=Ind|Tense=Pres|Voice=Act|Person=1">expoto</w>                <w xml:id="line.470#w.4" pos="PUNC" lemma="," msd="MORPH=empty">,</w>                <w xml:id="line.470#w.5" pos="NOM" lemma="parasitus" msd="Case=Abl|Numb=Sing">parasito</w>                <w xml:id="line.470#w.6" pos="VER" lemma="excludo" msd="Case=Abl|Numb=Sing|Mood=Par|Tense=Perf|Voice=Pass">excluso</w>                <w xml:id="line.470#w.7" pos="ADV" lemma="foras" msd="Deg=Pos">foras</w>                <w xml:id="line.470#w.8" pos="PUNC" lemma="." msd="MORPH=empty">.</w>            </seg>            <seg xml:id="urn:cts:latinLit:phi0119.phi010.perseus-lat2:line.471">                <w xml:id="line.471#w.1" pos="ADVneg" lemma="non" msd="MORPH=empty">non</w>                <w xml:id="line.471#w.2" pos="INJ" lemma="hercules" msd="MORPH=empty">hercle</w>                <w xml:id="line.471#w.3" pos="PROdem" lemma="is" msd="Case=Nom|Numb=Sing">is</w>                <w xml:id="line.471#w.4" pos="VER" lemma="sum1" msd="Numb=Sing|Mood=Ind|Tense=Pres|Voice=Act|Person=1">sum</w>                <w xml:id="line.471#w.5" pos="PROrel" lemma="qui1" msd="Case=Nom|Numb=Sing">qui</w>                <w xml:id="line.471#w.6" pos="VER" lemma="sum1" msd="Numb=Sing|Mood=Ind|Tense=Pres|Voice=Act|Person=1">sum</w>                <w xml:id="line.471#w.7" pos="PUNC" lemma="," msd="MORPH=empty">,</w>                <w xml:id="line.471#w.8" pos="CONsub" lemma="ni2" msd="MORPH=empty">ni</w>                <w xml:id="line.471#w.9" pos="PROdem" lemma="hic1" msd="Case=Acc|Numb=Sing">hÃ¡nc</w>                <w xml:id="line.471#w.10" pos="NOM" lemma="iniuria" msd="Case=Acc|Numb=Sing">iniuriam</w>            </seg>            <seg xml:id="urn:cts:latinLit:phi0119.phi010.perseus-lat2:line.472">                <w xml:id="line.472#w.1" pos="PROper" lemma="ego" msd="Case=Acc|Numb=Sing">meque</w>                <w xml:id="line.472#w.2" pos="CON" lemma="que" msd="MORPH=empty">meque</w>                <w xml:id="line.472#w.3" pos="VER" lemma="ulciscor" msd="Numb=Sing|Mood=Par|Tense=Perf|Voice=Dep">ultus</w>                <w xml:id="line.472#w.4" pos="ADV" lemma="pulchre" msd="Deg=Pos">pulchre</w>                <w xml:id="line.472#w.5" pos="VER" lemma="sum1" msd="Numb=Sing|Mood=Ind|Tense=FutAnt|Voice=Act|Person=1">fuero</w>                <w xml:id="line.472#w.6" pos="PUNC" lemma="." msd="MORPH=empty">.</w>                <w xml:id="line.472#w.7" pos="VER" lemma="obseruo" msd="Numb=Sing|Mood=Imp|Tense=Pres|Voice=Act|Person=2">observa</w>                <w xml:id="line.472#w.8" pos="PROint" lemma="quis1" msd="Case=Acc|Numb=Sing">quid</w>                <w xml:id="line.472#w.9" pos="VER" lemma="do" msd="Numb=Sing|Mood=Ind|Tense=Fut|Voice=Act|Person=1">dabo</w>                <w xml:id="line.472#w.10" pos="PUNC" lemma="." msd="MORPH=empty">.</w>            </seg>            <seg xml:id="urn:cts:latinLit:phi0119.phi010.perseus-lat2:line.473">                <w xml:id="line.473#w.1" pos="INJ" lemma="pro2" msd="MORPH=empty">Pro</w>                <w xml:id="line.473#w.2" pos="NOM" lemma="deus" msd="Case=Voc|Numb=Plur">di</w>                <w xml:id="line.473#w.3" pos="ADJqua" lemma="immortalis" msd="Case=Voc|Numb=Plur|Deg=Pos">immortales</w>                <w xml:id="line.473#w.4" pos="PUNC" lemma="," msd="MORPH=empty">,</w>                <w xml:id="line.473#w.5" pos="PROrel" lemma="qui1" msd="MORPH=empty">quoÃ­</w>                <w xml:id="line.473#w.6" pos="NOM" lemma="homo" msd="Case=Dat|Numb=Sing">homini</w>                <w xml:id="line.473#w.7" pos="ADV" lemma="umquam" msd="Deg=Pos">umquam</w>                <w xml:id="line.473#w.8" pos="ADJcar" lemma="unus" msd="Case=Abl|Numb=Sing">uno</w>                <w xml:id="line.473#w.9" pos="NOM" lemma="dies" msd="Case=Abl|Numb=Sing">die</w>            </seg>            <seg xml:id="urn:cts:latinLit:phi0119.phi010.perseus-lat2:line.474">                <w xml:id="line.474#w.1" pos="NOM" lemma="bonus" msd="Case=Gen|Numb=Plur">boni</w>                <w xml:id="line.474#w.2" pos="VER" lemma="do" msd="Numb=Plur|Mood=Ind|Tense=Perf|Voice=Act|Person=2">dedistis</w>                <w xml:id="line.474#w.3" pos="ADV" lemma="multum2" msd="Case=Acc|Numb=Sing|Deg=Comp">plus</w>                <w xml:id="line.474#w.4" pos="PUNC" lemma="," msd="MORPH=empty">,</w>                <w xml:id="line.474#w.5" pos="PROrel" lemma="qui1" msd="Case=Nom|Numb=Sing">qui</w>                <w xml:id="line.474#w.6" pos="ADV" lemma="parum2" msd="Deg=Comp">minus</w>                <w xml:id="line.474#w.7" pos="VER" lemma="spero" msd="Numb=Sing|Mood=Sub|Tense=Perf|Voice=Act|Person=3">speraverit</w>                <w xml:id="line.474#w.8" pos="PUNC" lemma="?" msd="MORPH=empty">?</w>            </seg>            <seg xml:id="urn:cts:latinLit:phi0119.phi010.perseus-lat2:line.475">                <w xml:id="line.475#w.1" pos="VER" lemma="prandium" msd="Case=Gen|Numb=Sing|Mood=Ger|Voice=Act">prandi</w>                <w xml:id="line.475#w.2" pos="PUNC" lemma="," msd="MORPH=empty">,</w>                <w xml:id="line.475#w.3" pos="VER" lemma="poto" msd="Numb=Sing|Mood=Ind|Tense=Perf|Voice=Act|Person=1">potavi</w>                <w xml:id="line.475#w.4" pos="PUNC" lemma="," msd="MORPH=empty">,</w>                <w xml:id="line.475#w.5" pos="NOM" lemma="scortum" msd="Case=Acc|Numb=Sing">scortum</w>                <w xml:id="line.475#w.6" pos="VER" lemma="accumbo" msd="Numb=Sing|Mood=Ind|Tense=Perf|Voice=Act|Person=1">accubui</w>                <w xml:id="line.475#w.7" pos="PUNC" lemma="," msd="MORPH=empty">,</w>                <w xml:id="line.475#w.8" pos="VER" lemma="aufero" msd="Numb=Sing|Mood=Ind|Tense=Perf|Voice=Act|Person=1">apstuli</w>            </seg>            <seg xml:id="urn:cts:latinLit:phi0119.phi010.perseus-lat2:line.476">                <w xml:id="line.476#w.1" pos="PROdem" lemma="hic1" msd="Case=Acc|Numb=Sing">hanc</w>                <w xml:id="line.476#w.2" pos="PUNC" lemma="," msd="MORPH=empty">,</w>                <w xml:id="line.476#w.3" pos="PROrel" lemma="qui1" msd="Case=Gen|Numb=Sing">quoius</w>                <w xml:id="line.476#w.4" pos="NOM" lemma="heres" msd="Case=Nom|Numb=Sing">heres</w>                <w xml:id="line.476#w.5" pos="ADVneg" lemma="numquam" msd="MORPH=empty">numquam</w>                <w xml:id="line.476#w.6" pos="VER" lemma="sum1" msd="Numb=Sing|Mood=Ind|Tense=Fut|Voice=Act|Person=3">erit</w>                <w xml:id="line.476#w.7" pos="PRE" lemma="post2" msd="MORPH=empty">post</w>                <w xml:id="line.476#w.8" pos="PROdem" lemma="hic1" msd="Case=Acc|Numb=Sing">hunc</w>                <w xml:id="line.476#w.9" pos="NOM" lemma="dies" msd="Case=Acc|Numb=Sing">diem</w>                <w xml:id="line.476#w.10" pos="PUNC" lemma="." msd="MORPH=empty">.</w>            </seg>            <seg xml:id="urn:cts:latinLit:phi0119.phi010.perseus-lat2:line.477">                <w xml:id="line.477#w.1" pos="VER" lemma="nequeo" msd="Numb=Sing|Mood=Ind|Tense=Pres|Voice=Act|Person=1">Nequeo</w>                <w xml:id="line.477#w.2" pos="PROrel" lemma="qui1" msd="Case=Acc|Numb=Plur">quae</w>                <w xml:id="line.477#w.3" pos="VER" lemma="loquor" msd="Numb=Sing|Mood=Ind|Tense=Pres|Voice=Dep|Person=3">loquitur</w>                <w xml:id="line.477#w.4" pos="VER" lemma="exaudio" msd="Mood=Inf|Tense=Pres|Voice=Act">exaudire</w>                <w xml:id="line.477#w.5" pos="ADV" lemma="clanculum" msd="Deg=Pos">clanculum</w>                <w xml:id="line.477#w.6" pos="PUNC" lemma=";" msd="MORPH=empty">;</w>            </seg>            <seg xml:id="urn:cts:latinLit:phi0119.phi010.perseus-lat2:line.478">                <w xml:id="line.478#w.1" pos="ADJqua" lemma="satur" msd="Case=Nom|Numb=Sing|Deg=Pos">satur</w>                <w xml:id="line.478#w.2" pos="ADV" lemma="nunc" msd="Deg=Pos">nunc</w>                <w xml:id="line.478#w.3" pos="VER" lemma="loquor" msd="Numb=Sing|Mood=Ind|Tense=Pres|Voice=Dep|Person=3">loquitur</w>                <w xml:id="line.478#w.4" pos="PRE" lemma="de" msd="MORPH=empty">de</w>                <w xml:id="line.478#w.5" pos="PROper" lemma="ego" msd="Case=Abl|Numb=Sing">me</w>                <w xml:id="line.478#w.6" pos="CONcoo" lemma="et2" msd="MORPH=empty">et</w>                <w xml:id="line.478#w.7" pos="PRE" lemma="de" msd="MORPH=empty">de</w>                <w xml:id="line.478#w.8" pos="NOM" lemma="pars" msd="Case=Abl|Numb=Sing">parti</w>                <w xml:id="line.478#w.9" pos="PROpos" lemma="meus" msd="Case=Abl|Numb=Sing">mea</w>                <w xml:id="line.478#w.10" pos="PUNC" lemma="." msd="MORPH=empty">.</w>            </seg>            <seg xml:id="urn:cts:latinLit:phi0119.phi010.perseus-lat2:line.479">                <w xml:id="line.479#w.1" pos="VER" lemma="aio" msd="Numb=Sing|Mood=Ind|Tense=Pres|Voice=Act|Person=3">Ait</w>                <w xml:id="line.479#w.2" pos="PROdem" lemma="hic1" msd="Case=Acc|Numb=Sing">hanc</w>                <w xml:id="line.479#w.3" pos="VER" lemma="do" msd="Mood=Inf|Tense=Perf|Voice=Act">dedisse</w>                <w xml:id="line.479#w.4" pos="PROper" lemma="ego" msd="Case=Acc|Numb=Sing">me</w>                <w xml:id="line.479#w.5" pos="PROref" lemma="sui1" msd="Case=Dat|Numb=Sing">sibÃ­</w>                <w xml:id="line.479#w.6" pos="PUNC" lemma="," msd="MORPH=empty">,</w>                <w xml:id="line.479#w.7" pos="CONcoo" lemma="atque1" msd="MORPH=empty">atque</w>                <w xml:id="line.479#w.8" pos="PROdem" lemma="is" msd="Case=Acc|Numb=Sing">eam</w>                <w xml:id="line.479#w.9" pos="PROpos" lemma="meus" msd="Case=Dat|Numb=Sing">meae</w>            </seg>            <seg xml:id="urn:cts:latinLit:phi0119.phi010.perseus-lat2:line.481">                <w xml:id="line.481#w.1" pos="NOM" lemma="uxor" msd="Case=Dat|Numb=Sing">uxori</w>                <w xml:id="line.481#w.2" pos="VER" lemma="surripio" msd="Mood=Inf|Tense=Perf|Voice=Act">surrupuisse</w>                <w xml:id="line.481#w.3" pos="PUNC" lemma="." msd="MORPH=empty">.</w>                <w xml:id="line.481#w.4" pos="CONsub" lemma="quoniam" msd="MORPH=empty">quoniam</w>                <w xml:id="line.481#w.5" pos="VER" lemma="sentio" msd="Numb=Sing|Mood=Ind|Tense=Pres|Voice=Act|Person=1">sentio</w>            </seg>            <seg xml:id="urn:cts:latinLit:phi0119.phi010.perseus-lat2:line.482">                <w xml:id="line.482#w.1" pos="VER" lemma="erro2" msd="Mood=Inf|Tense=Pres|Voice=Act">errare</w>                <w xml:id="line.482#w.2" pos="PUNC" lemma="," msd="MORPH=empty">,</w>                <w xml:id="line.482#w.3" pos="ADV" lemma="extemplo" msd="Deg=Pos">extemplo</w>                <w xml:id="line.482#w.4" pos="PUNC" lemma="," msd="MORPH=empty">,</w>                <w xml:id="line.482#w.5" pos="CONsub" lemma="quasi2" msd="MORPH=empty">quasi</w>                <w xml:id="line.482#w.6" pos="NOM" lemma="res" msd="Case=Nom|Numb=Sing">res</w>                <w xml:id="line.482#w.7" pos="CONsub" lemma="cum3" msd="MORPH=empty">cÃºm</w>                <w xml:id="line.482#w.8" pos="PROdem" lemma="is" msd="Case=Nom|Numb=Sing">ea</w>                <w xml:id="line.482#w.9" pos="VER" lemma="sum1" msd="Numb=Sing|Mood=Sub|Tense=Impa|Voice=Act|Person=3">esset</w>                <w xml:id="line.482#w.10" pos="PROper" lemma="ego" msd="Case=Dat|Numb=Sing">mihi</w>                <w xml:id="line.482#w.11" pos="PUNC" lemma="," msd="MORPH=empty">,</w>            </seg>            <seg xml:id="urn:cts:latinLit:phi0119.phi010.perseus-lat2:line.483">                <w xml:id="line.483#w.1" pos="VER" lemma="coepio" msd="Numb=Sing|Mood=Ind|Tense=Perf|Voice=Act|Person=1">coepi</w>                <w xml:id="line.483#w.2" pos="VER" lemma="assentor" msd="Mood=Inf|Tense=Pres|Voice=Dep">adsentari</w>                <w xml:id="line.483#w.3" pos="PUNC" lemma=":" msd="MORPH=empty">:</w>                <w xml:id="line.483#w.4" pos="NOM" lemma="mulier" msd="Case=Nom|Numb=Sing">mulier</w>                <w xml:id="line.483#w.5" pos="PROrel" lemma="quisquis1" msd="Case=Acc|Numb=Sing">quidquid</w>                <w xml:id="line.483#w.6" pos="VER" lemma="dico?" msd="Numb=Sing|Mood=Ind|Tense=Pqp|Voice=Act|Person=3">dixerat</w>                <w xml:id="line.483#w.7" pos="PUNC" lemma="," msd="MORPH=empty">,</w>            </seg>            <seg xml:id="urn:cts:latinLit:phi0119.phi010.perseus-lat2:line.484">                <w xml:id="line.484#w.1" pos="PROdem" lemma="idem" msd="Case=Acc|Numb=Sing">idem</w>                <w xml:id="line.484#w.2" pos="PROper" lemma="ego" msd="Case=Nom|Numb=Sing">ego</w>                <w xml:id="line.484#w.3" pos="VER" lemma="dico?" msd="Numb=Sing|Mood=Ind|Tense=Impa|Voice=Act|Person=1">dicebam</w>                <w xml:id="line.484#w.4" pos="PUNC" lemma="." msd="MORPH=empty">.</w>                <w xml:id="line.484#w.5" pos="PROint" lemma="quis1" msd="Case=Acc|Numb=Sing">quid</w>                <w xml:id="line.484#w.6" pos="ADJqua" lemma="multus" msd="Case=Abl|Numb=Plur|Deg=Pos">multis</w>                <w xml:id="line.484#w.7" pos="NOM" lemma="uerbum" msd="Case=Abl|Numb=Plur">verbis</w>                <w xml:id="line.484#w.8" pos="NOM" lemma="opus" msd="Case=Ind">opust</w>                <w xml:id="line.484#w.9" pos="VER" lemma="sum1" msd="Numb=Sing|Mood=Ind|Tense=Pres|Voice=Act|Person=3">opust</w>                <w xml:id="line.484#w.10" pos="PUNC" lemma="?" msd="MORPH=empty">?</w>            </seg>            <seg xml:id="urn:cts:latinLit:phi0119.phi010.perseus-lat2:line.485">                <w xml:id="line.485#w.1" pos="ADJqua" lemma="paruus2" msd="Case=Abl|Numb=Sing|Deg=Comp">minore</w>                <w xml:id="line.485#w.2" pos="ADVneg" lemma="nusquam" msd="MORPH=empty">nusquam</w>                <w xml:id="line.485#w.3" pos="ADV" lemma="bene" msd="Deg=Pos">bene</w>                <w xml:id="line.485#w.4" pos="VER" lemma="sum1" msd="Numb=Sing|Mood=Ind|Tense=Perf|Voice=Act|Person=1">fui</w>                <w xml:id="line.485#w.5" pos="NOM" lemma="dispendium" msd="Case=Abl|Numb=Sing">dispendio</w>                <w xml:id="line.485#w.6" pos="PUNC" lemma="." msd="MORPH=empty">.</w>            </seg>            <seg xml:id="urn:cts:latinLit:phi0119.phi010.perseus-lat2:line.486">                <w xml:id="line.486#w.1" pos="VER" lemma="adeo1" msd="Numb=Sing|Mood=Ind|Tense=Fut|Voice=Act|Person=1">Adibo</w>                <w xml:id="line.486#w.2" pos="PRE" lemma="ad2" msd="MORPH=empty">ad</w>                <w xml:id="line.486#w.3" pos="NOM" lemma="homo" msd="Case=Acc|Numb=Sing">hominem</w>                <w xml:id="line.486#w.4" pos="PUNC" lemma="," msd="MORPH=empty">,</w>                <w xml:id="line.486#w.5" pos="CONcoo" lemma="nam" msd="MORPH=empty">nam</w>                <w xml:id="line.486#w.6" pos="VER" lemma="turbo2" msd="Mood=Inf|Tense=Pres|Voice=Act">turbare</w>                <w xml:id="line.486#w.7" pos="VER" lemma="gestio2" msd="Numb=Sing|Mood=Ind|Tense=Pres|Voice=Act|Person=1">gestio</w>                <w xml:id="line.486#w.8" pos="PUNC" lemma="." msd="MORPH=empty">.</w>            </seg>            <seg xml:id="urn:cts:latinLit:phi0119.phi010.perseus-lat2:line.487">                <w xml:id="line.487#w.1" pos="PROint" lemma="quis1" msd="Case=Nom|Numb=Sing">Quis</w>                <w xml:id="line.487#w.2" pos="PROdem" lemma="hic1" msd="Case=Nom|Numb=Sing">hic</w>                <w xml:id="line.487#w.3" pos="NOM" lemma="sum?" msd="Numb=Sing">Ã©st</w>                <w xml:id="line.487#w.4" pos="PUNC" lemma="," msd="MORPH=empty">,</w>                <w xml:id="line.487#w.5" pos="PROrel" lemma="qui1" msd="Case=Nom|Numb=Sing">qui</w>                <w xml:id="line.487#w.6" pos="PRE" lemma="aduersus3" msd="MORPH=empty">adversus</w>                <w xml:id="line.487#w.7" pos="VER" lemma="eo1" msd="Numb=Sing|Mood=Ind|Tense=Pres|Voice=Act|Person=3">it</w>                <w xml:id="line.487#w.8" pos="PROper" lemma="ego" msd="Case=Dat|Numb=Sing">mihi</w>                <w xml:id="line.487#w.9" pos="PUNC" lemma="?" msd="MORPH=empty">?</w>            </seg>            <seg xml:id="urn:cts:latinLit:phi0119.phi010.perseus-lat2:line.487b">                <w xml:id="line.487b#w.1" pos="PROint" lemma="quis1" msd="Case=Acc|Numb=Sing">Quid</w>                <w xml:id="line.487b#w.2" pos="VER" lemma="aio" msd="Numb=Sing|Mood=Ind|Tense=Pres|Voice=Act|Person=2">ais</w>                <w xml:id="line.487b#w.3" pos="PUNC" lemma="," msd="MORPH=empty">,</w>                <w xml:id="line.487b#w.4" pos="NOM" lemma="homo" msd="Case=Nom|Numb=Sing">homo</w>            </seg>            <seg xml:id="urn:cts:latinLit:phi0119.phi010.perseus-lat2:line.488">                <w xml:id="line.488#w.1" pos="ADJqua" lemma="leuis?" msd="Case=Nom|Numb=Sing|Deg=Comp">levior</w>                <w xml:id="line.488#w.2" pos="ADVrel" lemma="quam1" msd="MORPH=empty">quam</w>                <w xml:id="line.488#w.3" pos="NOM" lemma="pluma" msd="Case=Abl|Numb=Sing">pluma</w>                <w xml:id="line.488#w.4" pos="PUNC" lemma="," msd="MORPH=empty">,</w>                <w xml:id="line.488#w.5" pos="ADJqua" lemma="malus3" msd="Case=Voc|Numb=Sing|Deg=Sup">pessime</w>                <w xml:id="line.488#w.6" pos="CONcoo" lemma="et2" msd="MORPH=empty">et</w>                <w xml:id="line.488#w.7" pos="ADV" lemma="nequam2" msd="Case=Voc|Deg=Sup">nequissime</w>                <w xml:id="line.488#w.8" pos="PUNC" lemma="," msd="MORPH=empty">,</w>            </seg>            <seg xml:id="urn:cts:latinLit:phi0119.phi010.perseus-lat2:line.489">                <w xml:id="line.489#w.1" pos="NOM" lemma="flagitium" msd="Case=Nom|Numb=Sing">flagitium</w>                <w xml:id="line.489#w.2" pos="NOM" lemma="homo" msd="Case=Gen|Numb=Sing">hominis</w>                <w xml:id="line.489#w.3" pos="PUNC" lemma="," msd="MORPH=empty">,</w>                <w xml:id="line.489#w.4" pos="ADV" lemma="subdolus" msd="Deg=Pos">subdole</w>                <w xml:id="line.489#w.5" pos="CONcoo" lemma="ac1" msd="MORPH=empty">ac</w>                <w xml:id="line.489#w.6" pos="ADJqua" lemma="paruus2" msd="Case=Gen|Numb=Sing|Deg=Sup">minimi</w>                <w xml:id="line.489#w.7" pos="NOM" lemma="pretium" msd="Case=Gen|Numb=Sing">preti</w>                <w xml:id="line.489#w.8" pos="PUNC" lemma="?" msd="MORPH=empty">?</w>            </seg>            <seg xml:id="urn:cts:latinLit:phi0119.phi010.perseus-lat2:line.490">                <w xml:id="line.490#w.1" pos="PROint" lemma="quis1" msd="Case=Acc|Numb=Sing">quid</w>                <w xml:id="line.490#w.2" pos="PRE" lemma="de" msd="MORPH=empty">de</w>                <w xml:id="line.490#w.3" pos="PROper" lemma="tu" msd="Case=Abl|Numb=Sing">te</w>                <w xml:id="line.490#w.4" pos="VER" lemma="mereo" msd="Numb=Sing|Mood=Ind|Tense=Perf|Voice=Act|Person=1">merui</w>                <w xml:id="line.490#w.5" pos="PUNC" lemma="," msd="MORPH=empty">,</w>                <w xml:id="line.490#w.6" pos="PROint" lemma="quis1" msd="Case=Abl|Numb=Sing">qua</w>                <w xml:id="line.490#w.7" pos="PROper" lemma="ego" msd="Case=Acc|Numb=Sing">me</w>                <w xml:id="line.490#w.8" pos="NOM" lemma="causa" msd="Case=Abl|Numb=Sing">causa</w>                <w xml:id="line.490#w.9" pos="VER" lemma="perdo" msd="Numb=Sing|Mood=Sub|Tense=Impa|Voice=Act|Person=2">perderes</w>                <w xml:id="line.490#w.10" pos="PUNC" lemma="?" msd="MORPH=empty">?</w>            </seg>            <seg xml:id="urn:cts:latinLit:phi0119.phi010.perseus-lat2:line.491">                <w xml:id="line.491#w.1" pos="CONsub" lemma="ut4" msd="MORPH=empty">ut</w>                <w xml:id="line.491#w.2" pos="VER" lemma="surripio" msd="Numb=Sing|Mood=Ind|Tense=Perf|Voice=Act|Person=2">surrupuisti</w>                <w xml:id="line.491#w.3" pos="PROper" lemma="tu" msd="Case=Acc|Numb=Sing">te</w>                <w xml:id="line.491#w.4" pos="PROper" lemma="ego" msd="Case=Dat|Numb=Sing">mihi</w>                <w xml:id="line.491#w.5" pos="ADV" lemma="dudum" msd="Deg=Pos">dudum</w>                <w xml:id="line.491#w.6" pos="PRE" lemma="de" msd="MORPH=empty">de</w>                <w xml:id="line.491#w.7" pos="NOM" lemma="forum?" msd="Case=Abl|Numb=Sing">foro</w>                <w xml:id="line.491#w.8" pos="PUNC" lemma="!" msd="MORPH=empty">!</w>            </seg>            <seg xml:id="urn:cts:latinLit:phi0119.phi010.perseus-lat2:line.492">                <w xml:id="line.492#w.1" pos="VER" lemma="facio" msd="Numb=Sing|Mood=Ind|Tense=Perf|Voice=Act|Person=2">fecisti</w>                <w xml:id="line.492#w.2" pos="NOM" lemma="funus" msd="Case=Acc|Numb=Sing">funus</w>                <w xml:id="line.492#w.3" pos="PROper" lemma="ego" msd="Case=Acc|Numb=Sing">med</w>                <w xml:id="line.492#w.4" pos="VER" lemma="absum1" msd="Case=Abl|Numb=Sing|Mood=Par|Tense=Pres|Voice=Act">absente</w>                <w xml:id="line.492#w.5" pos="NOM" lemma="prandium" msd="Case=Abl|Numb=Sing">prandio</w>                <w xml:id="line.492#w.6" pos="PUNC" lemma="." msd="MORPH=empty">.</w>            </seg>            <seg xml:id="urn:cts:latinLit:phi0119.phi010.perseus-lat2:line.493">                <w xml:id="line.493#w.1" pos="ADVint" lemma="cur" msd="MORPH=empty">cur</w>                <w xml:id="line.493#w.2" pos="VER" lemma="facio" msd="Mood=Inf|Tense=Pres|Voice=Act">facere</w>                <w xml:id="line.493#w.3" pos="PUNC" lemma="," msd="MORPH=empty">,</w>                <w xml:id="line.493#w.4" pos="PROrel" lemma="qui1" msd="Case=Dat|Numb=Sing">quoi</w>                <w xml:id="line.493#w.5" pos="PROper" lemma="ego" msd="Case=Nom|Numb=Sing">ego</w>                <w xml:id="line.493#w.6" pos="ADV" lemma="aeque" msd="Deg=Pos">aeque</w>                <w xml:id="line.493#w.7" pos="NOM" lemma="heres" msd="Case=Nom|Numb=Sing">heres</w>                <w xml:id="line.493#w.8" pos="VER" lemma="sum1" msd="Numb=Sing|Mood=Ind|Tense=Impa|Voice=Act|Person=1">eram</w>                <w xml:id="line.493#w.9" pos="PUNC" lemma="?" msd="MORPH=empty">?</w>            </seg>            <seg xml:id="urn:cts:latinLit:phi0119.phi010.perseus-lat2:line.494">                <w xml:id="line.494#w.1" pos="NOM" lemma="adolescens?" msd="Case=Voc|Numb=Sing">Adulescens</w>                <w xml:id="line.494#w.2" pos="PUNC" lemma="," msd="MORPH=empty">,</w>                <w xml:id="line.494#w.3" pos="VER" lemma="quaeso" msd="Numb=Sing|Mood=Ind|Tense=Pres|Voice=Act|Person=1">quaeso</w>                <w xml:id="line.494#w.4" pos="PUNC" lemma="," msd="MORPH=empty">,</w>                <w xml:id="line.494#w.5" pos="PROint" lemma="quis1" msd="Case=Acc|Numb=Sing">quid</w>                <w xml:id="line.494#w.6" pos="PROper" lemma="tu" msd="Case=Dat|Numb=Sing">tibi</w>                <w xml:id="line.494#w.7" pos="PROper" lemma="ego" msd="Case=Abl|Numb=Sing">mecum</w>                <w xml:id="line.494#w.8" pos="CON" lemma="cum3" msd="MORPH=empty">mecum</w>                <w xml:id="line.494#w.9" pos="VER" lemma="sum1" msd="Numb=Sing|Mood=Ind|Tense=Pres|Voice=Act|Person=3">est</w>                <w xml:id="line.494#w.10" pos="NOM" lemma="res" msd="Case=Gen|Numb=Sing">rei</w>                <w xml:id="line.494#w.11" pos="PUNC" lemma="," msd="MORPH=empty">,</w>            </seg>            <seg xml:id="urn:cts:latinLit:phi0119.phi010.perseus-lat2:line.495">                <w xml:id="line.495#w.1" pos="PROrel" lemma="qui1" msd="Case=Nom|Numb=Sing">qui</w>                <w xml:id="line.495#w.2" pos="PROper" lemma="ego" msd="Case=Dat|Numb=Sing">mihi</w>                <w xml:id="line.495#w.3" pos="ADV" lemma="male" msd="Deg=Pos">male</w>                <w xml:id="line.495#w.4" pos="VER" lemma="dico?" msd="Numb=Sing|Mood=Sub|Tense=Pres|Voice=Act|Person=2">dicas</w>                <w xml:id="line.495#w.5" pos="NOM" lemma="homo" msd="Case=Dat|Numb=Sing">homini</w>                <w xml:id="line.495#w.6" pos="ADJqua" lemma="ignotus" msd="Case=Dat|Numb=Sing|Deg=Pos">ignoto</w>                <w xml:id="line.495#w.7" pos="ADJqua" lemma="insciens1" msd="Case=Nom|Numb=Sing|Deg=Pos">insciens</w>                <w xml:id="line.495#w.8" pos="PUNC" lemma="?" msd="MORPH=empty">?</w>            </seg>            <seg xml:id="urn:cts:latinLit:phi0119.phi010.perseus-lat2:line.496">                <w xml:id="line.496#w.1" pos="ADVint" lemma="an" msd="MORPH=empty">an</w>                <w xml:id="line.496#w.2" pos="PROper" lemma="tu" msd="Case=Dat|Numb=Sing">tibi</w>                <w xml:id="line.496#w.3" pos="ADJqua" lemma="malus3" msd="Case=Acc|Numb=Sing|Deg=Pos">malam</w>                <w xml:id="line.496#w.4" pos="NOM" lemma="res" msd="Case=Acc|Numb=Sing">rem</w>                <w xml:id="line.496#w.5" pos="VER" lemma="uolo?" msd="Numb=Sing|Mood=Ind|Tense=Pres|Voice=Act|Person=2">vis</w>                <w xml:id="line.496#w.6" pos="PRE" lemma="pro1" msd="MORPH=empty">pro</w>                <w xml:id="line.496#w.7" pos="ADV" lemma="male" msd="Deg=Pos">male</w>                <w xml:id="line.496#w.8" pos="VER" lemma="dictum" msd="Case=Dat|Numb=Plur">dictis</w>                <w xml:id="line.496#w.9" pos="VER" lemma="do" msd="Mood=Inf|Tense=Pres|Voice=Pass">dari</w>                <w xml:id="line.496#w.10" pos="PUNC" lemma="?" msd="MORPH=empty">?</w>            </seg>            <seg xml:id="urn:cts:latinLit:phi0119.phi010.perseus-lat2:line.497">                <w xml:id="line.497#w.1" pos="PUNC" lemma="â " msd="MORPH=empty">â </w>                <w xml:id="line.497#w.2" pos="INJ" lemma="pol" msd="MORPH=empty">Pol</w>                <w xml:id="line.497#w.3" pos="PROdem" lemma="is" msd="Case=Acc|Numb=Sing">eam</w>                <w xml:id="line.497#w.4" pos="ADV" lemma="quidem" msd="Deg=Pos">quidem</w>                <w xml:id="line.497#w.5" pos="INJ" lemma="edepol" msd="MORPH=empty">edepol</w>                <w xml:id="line.497#w.6" pos="PROper" lemma="tu" msd="Case=Acc|Numb=Sing">te</w>                <w xml:id="line.497#w.7" pos="VER" lemma="do" msd="Mood=Inf|Tense=Perf|Voice=Act">dedisse</w>                <w xml:id="line.497#w.8" pos="VER" lemma="intelligo" msd="Numb=Sing|Mood=Ind|Tense=Pres|Voice=Act|Person=1">intellego</w>                <w xml:id="line.497#w.9" pos="PUNC" lemma="." msd="MORPH=empty">.</w>            </seg>            <seg xml:id="urn:cts:latinLit:phi0119.phi010.perseus-lat2:line.498">                <w xml:id="line.498#w.1" pos="VER" lemma="respondeo" msd="Numb=Sing|Mood=Imp|Tense=Pres|Voice=Act|Person=2">Responde</w>                <w xml:id="line.498#w.2" pos="PUNC" lemma="," msd="MORPH=empty">,</w>                <w xml:id="line.498#w.3" pos="NOM" lemma="adolescens?" msd="Case=Voc|Numb=Sing">adulescens</w>                <w xml:id="line.498#w.4" pos="PUNC" lemma="," msd="MORPH=empty">,</w>                <w xml:id="line.498#w.5" pos="VER" lemma="quaeso" msd="Numb=Sing|Mood=Ind|Tense=Pres|Voice=Act|Person=1">quaeso</w>                <w xml:id="line.498#w.6" pos="PUNC" lemma="," msd="MORPH=empty">,</w>                <w xml:id="line.498#w.7" pos="PROint" lemma="quis1" msd="Case=Nom|Numb=Sing">quid</w>                <w xml:id="line.498#w.8" pos="NOM" lemma="nomen" msd="Case=Nom|Numb=Sing">nomen</w>                <w xml:id="line.498#w.9" pos="PROper" lemma="tu" msd="Case=Dat|Numb=Sing">tibist</w>                <w xml:id="line.498#w.10" pos="VER" lemma="sum1" msd="Numb=Sing|Mood=Ind|Tense=Pres|Voice=Act|Person=3">tibist</w>                <w xml:id="line.498#w.11" pos="PUNC" lemma="?" msd="MORPH=empty">?</w>            </seg>            <seg xml:id="urn:cts:latinLit:phi0119.phi010.perseus-lat2:line.499">                <w xml:id="line.499#w.1" pos="ADV" lemma="etiam" msd="Deg=Pos">Etiam</w>                <w xml:id="line.499#w.2" pos="VER" lemma="derideo" msd="Numb=Sing|Mood=Ind|Tense=Pres|Voice=Act|Person=2">derides</w>                <w xml:id="line.499#w.3" pos="PUNC" lemma="," msd="MORPH=empty">,</w>                <w xml:id="line.499#w.4" pos="ADVrel" lemma="quasi1" msd="MORPH=empty">quasi</w>                <w xml:id="line.499#w.5" pos="NOM" lemma="nomen" msd="Case=Acc|Numb=Sing">nomen</w>                <w xml:id="line.499#w.6" pos="ADVneg" lemma="non" msd="MORPH=empty">non</w>                <w xml:id="line.499#w.7" pos="VER" lemma="nosco" msd="Numb=Sing|Mood=Sub|Tense=Perf|Voice=Act|Person=2">noveris</w>                <w xml:id="line.499#w.8" pos="PUNC" lemma="?" msd="MORPH=empty">?</w>            </seg>            <seg xml:id="urn:cts:latinLit:phi0119.phi010.perseus-lat2:line.500">                <w xml:id="line.500#w.1" pos="ADVneg" lemma="non" msd="MORPH=empty">Non</w>                <w xml:id="line.500#w.2" pos="INJ" lemma="edepol" msd="MORPH=empty">edepol</w>                <w xml:id="line.500#w.3" pos="PROper" lemma="ego" msd="Case=Nom|Numb=Sing">ego</w>                <w xml:id="line.500#w.4" pos="PROper" lemma="tu" msd="Case=Acc|Numb=Sing">te</w>                <w xml:id="line.500#w.5" pos="PUNC" lemma="," msd="MORPH=empty">,</w>                <w xml:id="line.500#w.6" pos="PROrel" lemma="qui1" msd="Case=Acc|Numb=Sing">quod</w>                <w xml:id="line.500#w.7" pos="VER" lemma="scio" msd="Numb=Sing|Mood=Sub|Tense=Pres|Voice=Act|Person=1">sciam</w>                <w xml:id="line.500#w.8" pos="PUNC" lemma="," msd="MORPH=empty">,</w>                <w xml:id="line.500#w.9" pos="ADV" lemma="umquam" msd="Deg=Pos">umquam</w>                <w xml:id="line.500#w.10" pos="PRE" lemma="ante2" msd="MORPH=empty">ante</w>                <w xml:id="line.500#w.11" pos="PROdem" lemma="hic1" msd="Case=Acc|Numb=Sing">hunc</w>                <w xml:id="line.500#w.12" pos="NOM" lemma="dies" msd="Case=Acc|Numb=Sing">diem</w>            </seg>            <seg xml:id="urn:cts:latinLit:phi0119.phi010.perseus-lat2:line.501">                <w xml:id="line.501#w.1" pos="VER" lemma="uideo" msd="Numb=Sing|Mood=Ind|Tense=Perf|Voice=Act|Person=1">vidi</w>                <w xml:id="line.501#w.2" pos="CONcoo" lemma="neque" msd="MORPH=empty">neque</w>                <w xml:id="line.501#w.3" pos="VER" lemma="nosco" msd="Numb=Sing|Mood=Ind|Tense=Perf|Voice=Act|Person=1">novi</w>                <w xml:id="line.501#w.4" pos="PUNC" lemma=";" msd="MORPH=empty">;</w>                <w xml:id="line.501#w.5" pos="CONcoo" lemma="uerum4" msd="Numb=Sing">verum</w>                <w xml:id="line.501#w.6" pos="ADV" lemma="certo2" msd="Numb=Sing|Deg=Pos">certo</w>                <w xml:id="line.501#w.7" pos="PUNC" lemma="," msd="MORPH=empty">,</w>                <w xml:id="line.501#w.8" pos="PROrel" lemma="quisquis1" msd="Case=Nom|Numb=Sing">quisquis</w>                <w xml:id="line.501#w.9" pos="VER" lemma="sum1" msd="Numb=Sing|Mood=Ind|Tense=Pres|Voice=Act|Person=2">es</w>                <w xml:id="line.501#w.10" pos="PUNC" lemma="," msd="MORPH=empty">,</w>            </seg>            <seg xml:id="urn:cts:latinLit:phi0119.phi010.perseus-lat2:line.502">                <w xml:id="line.502#w.1" pos="CONsub" lemma="si2" msd="MORPH=empty">si</w>                <w xml:id="line.502#w.2" pos="ADJqua" lemma="asquus" msd="Case=Acc|Numb=Sing">aÃ©quom</w>                <w xml:id="line.502#w.3" pos="VER" lemma="facio" msd="Numb=Sing|Mood=Sub|Tense=Pres|Voice=Act|Person=2">facias</w>                <w xml:id="line.502#w.4" pos="PUNC" lemma="," msd="MORPH=empty">,</w>                <w xml:id="line.502#w.5" pos="PROper" lemma="ego" msd="Case=Dat|Numb=Sing">mihi</w>                <w xml:id="line.502#w.6" pos="ADJqua" lemma="odiosus" msd="Case=Nom|Numb=Sing|Deg=Pos">odiosus</w>                <w xml:id="line.502#w.7" pos="ADVneg" lemma="ne3" msd="MORPH=empty">ne</w>                <w xml:id="line.502#w.8" pos="VER" lemma="sum1" msd="Numb=Sing|Mood=Sub|Tense=Pres|Voice=Act|Person=2">sies</w>                <w xml:id="line.502#w.9" pos="PUNC" lemma="." msd="MORPH=empty">.</w>            </seg>            <seg xml:id="urn:cts:latinLit:phi0119.phi010.perseus-lat2:line.503">                <w xml:id="line.503#w.1" pos="NOM" lemma="menaechis" msd="Case=Voc|Numb=Sing">Menaechme</w>                <w xml:id="line.503#w.2" pos="PUNC" lemma="," msd="MORPH=empty">,</w>                <w xml:id="line.503#w.3" pos="VER" lemma="uigilo" msd="Numb=Sing|Mood=Imp|Tense=Pres|Voice=Act|Person=2">vigila</w>                <w xml:id="line.503#w.4" pos="PUNC" lemma="." msd="MORPH=empty">.</w>            </seg>            <seg xml:id="urn:cts:latinLit:phi0119.phi010.perseus-lat2:line.503b">                <w xml:id="line.503b#w.1" pos="VER" lemma="uigilo" msd="Numb=Sing|Mood=Ind|Tense=Pres|Voice=Act|Person=1">Vigilo</w>                <w xml:id="line.503b#w.2" pos="INJ" lemma="hercules" msd="MORPH=empty">hercle</w>                <w xml:id="line.503b#w.3" pos="ADV" lemma="equidem" msd="Deg=Pos">equidem</w>                <w xml:id="line.503b#w.4" pos="PUNC" lemma="," msd="MORPH=empty">,</w>                <w xml:id="line.503b#w.5" pos="PROrel" lemma="qui1" msd="Case=Acc|Numb=Sing">quod</w>                <w xml:id="line.503b#w.6" pos="VER" lemma="scio" msd="Numb=Sing|Mood=Sub|Tense=Pres|Voice=Act|Person=1">sciam</w>                <w xml:id="line.503b#w.7" pos="PUNC" lemma="." msd="MORPH=empty">.</w>            </seg>            <seg xml:id="urn:cts:latinLit:phi0119.phi010.perseus-lat2:line.504">                <w xml:id="line.504#w.1" pos="ADVneg" lemma="non" msd="MORPH=empty">Non</w>                <w xml:id="line.504#w.2" pos="PROper" lemma="ego" msd="Case=Acc|Numb=Sing">me</w>                <w xml:id="line.504#w.3" pos="VER" lemma="nosco" msd="Numb=Sing|Mood=Ind|Tense=Perf|Voice=Act|Person=2">novisti</w>                <w xml:id="line.504#w.4" pos="PUNC" lemma="?" msd="MORPH=empty">?</w>            </seg>            <seg xml:id="urn:cts:latinLit:phi0119.phi010.perseus-lat2:line.504b">                <w xml:id="line.504b#w.1" pos="ADVneg" lemma="non" msd="MORPH=empty">Non</w>                <w xml:id="line.504b#w.2" pos="VER" lemma="nego" msd="Numb=Sing|Mood=Sub|Tense=Pres|Voice=Act|Person=1">negem</w>                <w xml:id="line.504b#w.3" pos="PUNC" lemma="," msd="MORPH=empty">,</w>                <w xml:id="line.504b#w.4" pos="CONsub" lemma="si2" msd="MORPH=empty">si</w>                <w xml:id="line.504b#w.5" pos="VER" lemma="nosco" msd="Numb=Sing|Mood=Sub|Tense=Perf|Voice=Act|Person=1">noverim</w>                <w xml:id="line.504b#w.6" pos="PUNC" lemma="." msd="MORPH=empty">.</w>            </seg>            <seg xml:id="urn:cts:latinLit:phi0119.phi010.perseus-lat2:line.505">                <w xml:id="line.505#w.1" pos="PROpos" lemma="tuus" msd="Case=Acc|Numb=Sing">Tuom</w>                <w xml:id="line.505#w.2" pos="NOM" lemma="parasitus" msd="Case=Acc|Numb=Sing">parasitum</w>                <w xml:id="line.505#w.3" pos="ADVneg" lemma="non" msd="MORPH=empty">non</w>                <w xml:id="line.505#w.4" pos="VER" lemma="nosco" msd="Numb=Sing|Mood=Ind|Tense=Perf|Voice=Act|Person=2">novisti</w>                <w xml:id="line.505#w.5" pos="PUNC" lemma="?" msd="MORPH=empty">?</w>            </seg>            <seg xml:id="urn:cts:latinLit:phi0119.phi010.perseus-lat2:line.505b">                <w xml:id="line.505b#w.1" pos="ADVneg" lemma="non" msd="MORPH=empty">Non</w>                <w xml:id="line.505b#w.2" pos="PROper" lemma="tu" msd="Case=Dat|Numb=Sing">tibi</w>            </seg>            <seg xml:id="urn:cts:latinLit:phi0119.phi010.perseus-lat2:line.506">                <w xml:id="line.506#w.1" pos="ADJqua" lemma="sanus" msd="Case=Nom|Numb=Sing|Deg=Pos">sanum</w>                <w xml:id="line.506#w.2" pos="VER" lemma="sum1" msd="Numb=Sing|Mood=Ind|Tense=Pres|Voice=Act|Person=3">est</w>                <w xml:id="line.506#w.3" pos="PUNC" lemma="," msd="MORPH=empty">,</w>                <w xml:id="line.506#w.4" pos="NOM" lemma="adolescens?" msd="Case=Nom|Numb=Sing">adulescens</w>                <w xml:id="line.506#w.5" pos="PUNC" lemma="," msd="MORPH=empty">,</w>                <w xml:id="line.506#w.6" pos="NOM" lemma="sinciput" msd="Case=Acc|Numb=Sing">sinciput</w>                <w xml:id="line.506#w.7" pos="PUNC" lemma="," msd="MORPH=empty">,</w>                <w xml:id="line.506#w.8" pos="VER" lemma="intelligo" msd="Numb=Sing|Mood=Ind|Tense=Pres|Voice=Act|Person=1">intellego</w>                <w xml:id="line.506#w.9" pos="PUNC" lemma="." msd="MORPH=empty">.</w>            </seg>            <seg xml:id="urn:cts:latinLit:phi0119.phi010.perseus-lat2:line.507">                <w xml:id="line.507#w.1" pos="VER" lemma="respondeo" msd="Numb=Sing|Mood=Imp|Tense=Pres|Voice=Act|Person=2">Responde</w>                <w xml:id="line.507#w.2" pos="PUNC" lemma="," msd="MORPH=empty">,</w>                <w xml:id="line.507#w.3" pos="VER" lemma="surripio" msd="Numb=Sing|Mood=Ind|Tense=Perf|Voice=Act|Person=2">surrupuistin</w>                <w xml:id="line.507#w.4" pos="ADV" lemma="ne2" msd="MORPH=empty">surrupuistin</w>                <w xml:id="line.507#w.5" pos="NOM" lemma="uxor" msd="Case=Dat|Numb=Sing">uxori</w>                <w xml:id="line.507#w.6" pos="PROpos" lemma="tuus" msd="Case=Dat|Numb=Sing">tuae</w>            </seg>            <seg xml:id="urn:cts:latinLit:phi0119.phi010.perseus-lat2:line.508">                <w xml:id="line.508#w.1" pos="NOM" lemma="palla" msd="Case=Acc|Numb=Sing">pallam</w>                <w xml:id="line.508#w.2" pos="PROdem" lemma="istic1" msd="Case=Acc|Numb=Sing">istanc</w>                <w xml:id="line.508#w.3" pos="ADV" lemma="hodie" msd="Deg=Pos">hodie</w>                <w xml:id="line.508#w.4" pos="CONcoo" lemma="et" msd="MORPH=empty">Ã¡tque</w>                <w xml:id="line.508#w.5" pos="CON" lemma="que" msd="MORPH=empty">Ã¡tque</w>                <w xml:id="line.508#w.6" pos="VER" lemma="do" msd="Numb=Sing|Mood=Ind|Tense=Perf|Voice=Act|Person=2">dÃ©disti</w>                <w xml:id="line.508#w.7" pos="NOM" lemma="erotio" msd="Case=Nom|Numb=Sing">Erotio</w>                <w xml:id="line.508#w.8" pos="PUNC" lemma="?" msd="MORPH=empty">?</w>            </seg>            <seg xml:id="urn:cts:latinLit:phi0119.phi010.perseus-lat2:line.509">                <w xml:id="line.509#w.1" pos="CONcoo" lemma="neque" msd="MORPH=empty">Neque</w>                <w xml:id="line.509#w.2" pos="INJ" lemma="hercules" msd="MORPH=empty">hercle</w>                <w xml:id="line.509#w.3" pos="PROper" lemma="ego" msd="Case=Nom|Numb=Sing">ego</w>                <w xml:id="line.509#w.4" pos="NOM" lemma="uxor" msd="Case=Acc|Numb=Sing">uxorem</w>                <w xml:id="line.509#w.5" pos="VER" lemma="habeo" msd="Numb=Sing|Mood=Ind|Tense=Pres|Voice=Act|Person=1">habeo</w>                <w xml:id="line.509#w.6" pos="CONcoo" lemma="neque" msd="MORPH=empty">neque</w>                <w xml:id="line.509#w.7" pos="PROper" lemma="ego" msd="Case=Nom|Numb=Sing">ego</w>                <w xml:id="line.509#w.8" pos="NOM" lemma="erotio" msd="Case=Nom|Numb=Sing">Erotio</w>            </seg>            <seg xml:id="urn:cts:latinLit:phi0119.phi010.perseus-lat2:line.510">                <w xml:id="line.510#w.1" pos="VER" lemma="do" msd="Numb=Sing|Mood=Ind|Tense=Perf|Voice=Act|Person=1">dedi</w>                <w xml:id="line.510#w.2" pos="CONcoo" lemma="nec2" msd="MORPH=empty">nec</w>                <w xml:id="line.510#w.3" pos="NOM" lemma="palla" msd="Case=Acc|Numb=Sing">pallam</w>                <w xml:id="line.510#w.4" pos="VER" lemma="surripio" msd="Numb=Sing|Mood=Ind|Tense=Perf|Voice=Act|Person=1">surrupui</w>                <w xml:id="line.510#w.5" pos="PUNC" lemma="." msd="MORPH=empty">.</w>            </seg>            <seg xml:id="urn:cts:latinLit:phi0119.phi010.perseus-lat2:line.510b">                <w xml:id="line.510b#w.1" pos="ADV" lemma="satis" msd="Deg=Pos">Satin</w>                <w xml:id="line.510b#w.2" pos="ADV" lemma="ne2" msd="MORPH=empty">Satin</w>                <w xml:id="line.510b#w.3" pos="ADJqua" lemma="sanus" msd="Case=Nom|Numb=Sing|Deg=Pos">sanus</w>                <w xml:id="line.510b#w.4" pos="VER" lemma="sum1" msd="Numb=Sing|Mood=Ind|Tense=Pres|Voice=Act|Person=2">es</w>                <w xml:id="line.510b#w.5" pos="PUNC" lemma="?" msd="MORPH=empty">?</w>            </seg>            <seg xml:id="urn:cts:latinLit:phi0119.phi010.perseus-lat2:line.511">                <w xml:id="line.511#w.1" pos="VER" lemma="occido?" msd="Numb=Sing|Mood=Par|Tense=Perf|Voice=Pass">occisast</w>                <w xml:id="line.511#w.2" pos="PROdem" lemma="hic1" msd="Case=Nom|Numb=Sing">haec</w>                <w xml:id="line.511#w.3" pos="NOM" lemma="res" msd="Case=Nom|Numb=Sing">res</w>                <w xml:id="line.511#w.4" pos="PUNC" lemma="." msd="MORPH=empty">.</w>                <w xml:id="line.511#w.5" pos="ADVneg" lemma="non" msd="MORPH=empty">non</w>                <w xml:id="line.511#w.6" pos="PROper" lemma="ego" msd="Case=Nom|Numb=Sing">ego</w>                <w xml:id="line.511#w.7" pos="PROper" lemma="tu" msd="Case=Acc|Numb=Sing">te</w>                <w xml:id="line.511#w.8" pos="VER" lemma="induo" msd="Case=Acc|Numb=Sing|Mood=Par|Tense=Perf|Voice=Pass">indutum</w>                <w xml:id="line.511#w.9" pos="ADV" lemma="foras" msd="Deg=Pos">foras</w>            </seg>            <seg xml:id="urn:cts:latinLit:phi0119.phi010.perseus-lat2:line.512">                <w xml:id="line.512#w.1" pos="VER" lemma="exeo1" msd="Mood=Inf|Tense=Pres|Voice=Act">exire</w>                <w xml:id="line.512#w.2" pos="VER" lemma="uideo" msd="Numb=Sing|Mood=Ind|Tense=Perf|Voice=Act|Person=1">vidi</w>                <w xml:id="line.512#w.3" pos="NOM" lemma="palla" msd="Case=Acc|Numb=Sing">pallam</w>                <w xml:id="line.512#w.4" pos="PUNC" lemma="?" msd="MORPH=empty">?</w>            </seg>            <seg xml:id="urn:cts:latinLit:phi0119.phi010.perseus-lat2:line.512b">                <w xml:id="line.512b#w.1" pos="INJ" lemma="uae" msd="MORPH=empty">Vae</w>                <w xml:id="line.512b#w.2" pos="NOM" lemma="caput" msd="Case=Dat|Numb=Sing">capiti</w>                <w xml:id="line.512b#w.3" pos="PROpos" lemma="tuus" msd="Case=Dat|Numb=Sing">tuo</w>                <w xml:id="line.512b#w.4" pos="PUNC" lemma="." msd="MORPH=empty">.</w>            </seg>            <seg xml:id="urn:cts:latinLit:phi0119.phi010.perseus-lat2:line.513">                <w xml:id="line.513#w.1" pos="PROind" lemma="omnis" msd="Case=Acc|Numb=Plur">omnis</w>                <w xml:id="line.513#w.2" pos="NOM" lemma="cinaedus?" msd="Case=Acc|Numb=Plur">cinaedos</w>                <w xml:id="line.513#w.3" pos="VER" lemma="sum1" msd="Mood=Inf|Tense=Pres|Voice=Act">esse</w>                <w xml:id="line.513#w.4" pos="VER" lemma="censeo" msd="Numb=Sing|Mood=Ind|Tense=Pres|Voice=Act|Person=2">censes</w>                <w xml:id="line.513#w.5" pos="PUNC" lemma="," msd="MORPH=empty">,</w>                <w xml:id="line.513#w.6" pos="PROper" lemma="tu" msd="Case=Nom|Numb=Sing">tu</w>                <w xml:id="line.513#w.7" pos="CONsub" lemma="quia" msd="MORPH=empty">quia</w>                <w xml:id="line.513#w.8" pos="VER" lemma="sum1" msd="Numb=Sing|Mood=Ind|Tense=Pres|Voice=Act|Person=2">es</w>                <w xml:id="line.513#w.9" pos="PUNC" lemma="?" msd="MORPH=empty">?</w>            </seg>            <seg xml:id="urn:cts:latinLit:phi0119.phi010.perseus-lat2:line.514">                <w xml:id="line.514#w.1" pos="PROper" lemma="tu" msd="Case=Nom|Numb=Sing">tun</w>                <w xml:id="line.514#w.2" pos="ADV" lemma="ne2" msd="MORPH=empty">tun</w>                <w xml:id="line.514#w.3" pos="PROper" lemma="ego" msd="Case=Acc|Numb=Sing">med</w>                <w xml:id="line.514#w.4" pos="VER" lemma="induo" msd="Case=Acc|Numb=Sing|Mood=Par|Tense=Perf|Voice=Pass">indutum</w>                <w xml:id="line.514#w.5" pos="VER" lemma="sum1" msd="Mood=Inf|Tense=Perf|Voice=Act">fuisse</w>                <w xml:id="line.514#w.6" pos="NOM" lemma="palla" msd="Case=Acc|Numb=Sing">pallam</w>                <w xml:id="line.514#w.7" pos="VER" lemma="praedico?" msd="Numb=Sing|Mood=Ind|Tense=Pres|Voice=Act|Person=2">praedicas</w>                <w xml:id="line.514#w.8" pos="PUNC" lemma="?" msd="MORPH=empty">?</w>            </seg>            <seg xml:id="urn:cts:latinLit:phi0119.phi010.perseus-lat2:line.516">                <w xml:id="line.516#w.1" pos="PROper" lemma="ego" msd="Case=Nom|Numb=Sing">Ego</w>                <w xml:id="line.516#w.2" pos="INJ" lemma="hercules" msd="MORPH=empty">hercle</w>                <w xml:id="line.516#w.3" pos="CONcoo" lemma="uero4" msd="Deg=Pos">vero</w>                <w xml:id="line.516#w.4" pos="PUNC" lemma="." msd="MORPH=empty">.</w>            </seg>            <seg xml:id="urn:cts:latinLit:phi0119.phi010.perseus-lat2:line.516b">                <w xml:id="line.516b#w.1" pos="ADVneg" lemma="non" msd="MORPH=empty">Non</w>                <w xml:id="line.516b#w.2" pos="PROper" lemma="tu" msd="Case=Nom|Numb=Sing">tu</w>                <w xml:id="line.516b#w.3" pos="VER" lemma="abeo1" msd="Numb=Sing|Mood=Ind|Tense=Pres|Voice=Act|Person=2">abis</w>                <w xml:id="line.516b#w.4" pos="PROrel" lemma="quo?" msd="Case=Abl|Numb=Sing">quo</w>                <w xml:id="line.516b#w.5" pos="ADJqua" lemma="dignus" msd="Case=Nom|Numb=Sing|Deg=Pos">dignus</w>                <w xml:id="line.516b#w.6" pos="VER" lemma="sum1" msd="Numb=Sing|Mood=Ind|Tense=Pres|Voice=Act|Person=2">es</w>                <w xml:id="line.516b#w.7" pos="PUNC" lemma="?" msd="MORPH=empty">?</w>            </seg>            <seg xml:id="urn:cts:latinLit:phi0119.phi010.perseus-lat2:line.517">                <w xml:id="line.517#w.1" pos="CONcoo" lemma="aut" msd="MORPH=empty">aut</w>                <w xml:id="line.517#w.2" pos="PROper" lemma="tu" msd="Case=Acc|Numb=Sing">te</w>                <w xml:id="line.517#w.3" pos="VER" lemma="pio" msd="Mood=Inf|Tense=Pres|Voice=Pass">piari</w>                <w xml:id="line.517#w.4" pos="VER" lemma="iubeo" msd="Numb=Sing|Mood=Imp|Tense=Pres|Voice=Act|Person=2">iube</w>                <w xml:id="line.517#w.5" pos="PUNC" lemma="," msd="MORPH=empty">,</w>                <w xml:id="line.517#w.6" pos="NOM" lemma="homo" msd="Case=Voc|Numb=Sing">homo</w>                <w xml:id="line.517#w.7" pos="ADJqua" lemma="insanus" msd="Case=Voc|Numb=Sing|Deg=Sup">insanissime</w>                <w xml:id="line.517#w.8" pos="PUNC" lemma="." msd="MORPH=empty">.</w>            </seg>            <seg xml:id="urn:cts:latinLit:phi0119.phi010.perseus-lat2:line.518">                <w xml:id="line.518#w.1" pos="ADVneg" lemma="numquam" msd="MORPH=empty">Numquam</w>                <w xml:id="line.518#w.2" pos="INJ" lemma="edepol" msd="MORPH=empty">edepol</w>                <w xml:id="line.518#w.3" pos="PROind" lemma="quisquam" msd="Case=Nom|Numb=Sing">quisquam</w>                <w xml:id="line.518#w.4" pos="PROper" lemma="ego" msd="Case=Acc|Numb=Sing">me</w>                <w xml:id="line.518#w.5" pos="VER" lemma="exoro" msd="Numb=Sing|Mood=Ind|Tense=Fut|Voice=Act|Person=3">exorabit</w>                <w xml:id="line.518#w.6" pos="PUNC" lemma="," msd="MORPH=empty">,</w>                <w xml:id="line.518#w.7" pos="CONsub" lemma="quin2" msd="MORPH=empty">quin</w>                <w xml:id="line.518#w.8" pos="PROpos" lemma="tuus" msd="Case=Dat|Numb=Sing">tuae</w>            </seg>            <seg xml:id="urn:cts:latinLit:phi0119.phi010.perseus-lat2:line.519">                <w xml:id="line.519#w.1" pos="NOM" lemma="uxor" msd="Case=Dat|Numb=Sing">uxori</w>                <w xml:id="line.519#w.2" pos="NOM" lemma="res" msd="Case=Acc|Numb=Sing">rem</w>                <w xml:id="line.519#w.3" pos="PROind" lemma="omnis" msd="Case=Acc|Numb=Sing">omnem</w>                <w xml:id="line.519#w.4" pos="ADV" lemma="is" msd="Numb=Sing">iÃ¡m</w>                <w xml:id="line.519#w.5" pos="PUNC" lemma="," msd="MORPH=empty">,</w>                <w xml:id="line.519#w.6" pos="CONsub" lemma="ut4" msd="MORPH=empty">uti</w>                <w xml:id="line.519#w.7" pos="VER" lemma="sum1" msd="Numb=Sing|Mood=Sub|Tense=Pres|Voice=Act|Person=3">sit</w>                <w xml:id="line.519#w.8" pos="VER" lemma="gero" msd="Case=Acc|Numb=Sing|Mood=Par|Tense=Perf|Voice=Pass">gesta</w>                <w xml:id="line.519#w.9" pos="PUNC" lemma="," msd="MORPH=empty">,</w>                <w xml:id="line.519#w.10" pos="VER" lemma="eloquor" msd="Numb=Sing|Mood=Ind|Tense=Fut|Voice=Dep|Person=1">eloquar</w>                <w xml:id="line.519#w.11" pos="PUNC" lemma=";" msd="MORPH=empty">;</w>            </seg>            <seg xml:id="urn:cts:latinLit:phi0119.phi010.perseus-lat2:line.520">                <w xml:id="line.520#w.1" pos="PROind" lemma="omnis" msd="Case=Nom|Numb=Plur">omnes</w>                <w xml:id="line.520#w.2" pos="PRE" lemma="in" msd="MORPH=empty">in</w>                <w xml:id="line.520#w.3" pos="PROper" lemma="tu" msd="Case=Acc|Numb=Sing">te</w>                <w xml:id="line.520#w.4" pos="PROdem" lemma="istic1" msd="Case=Acc|Numb=Plur">istaec</w>                <w xml:id="line.520#w.5" pos="VER" lemma="recido?" msd="Numb=Plur|Mood=Ind|Tense=Fut|Voice=Act|Person=3">recident</w>                <w xml:id="line.520#w.6" pos="NOM" lemma="contumelia" msd="Case=Gen|Numb=Sing">contumeliae</w>                <w xml:id="line.520#w.7" pos="PUNC" lemma=":" msd="MORPH=empty">:</w>            </seg>            <seg xml:id="urn:cts:latinLit:phi0119.phi010.perseus-lat2:line.521">                <w xml:id="line.521#w.1" pos="VER" lemma="facio" msd="Numb=Sing|Mood=Ind|Tense=Fut|Voice=Act|Person=1">faxo</w>                <w xml:id="line.521#w.2" pos="ADVneg" lemma="haud" msd="MORPH=empty">haud</w>                <w xml:id="line.521#w.3" pos="ADJqua" lemma="inultus" msd="Case=Nom|Numb=Sing|Deg=Pos">inultus</w>                <w xml:id="line.521#w.4" pos="NOM" lemma="prandium" msd="Case=Acc|Numb=Sing">prandium</w>                <w xml:id="line.521#w.5" pos="VER" lemma="comedo2" msd="Numb=Sing|Mood=Ind|Tense=Pres|Voice=Pass|Person=2">comederis</w>                <w xml:id="line.521#w.6" pos="PUNC" lemma="." msd="MORPH=empty">.</w>                <w xml:id="line.521#w.7" pos="PUNC" lemma="â" msd="MORPH=empty">â</w>            </seg>            <seg xml:id="urn:cts:latinLit:phi0119.phi010.perseus-lat2:line.522">                <w xml:id="line.522#w.1" pos="PROint" lemma="quis1" msd="Case=Nom|Numb=Sing">Quid</w>                <w xml:id="line.522#w.2" pos="PROdem" lemma="hic1" msd="Case=Nom|Numb=Sing">hoc</w>                <w xml:id="line.522#w.3" pos="NOM" lemma="sum?" msd="Numb=Sing">Ã©st</w>                <w xml:id="line.522#w.4" pos="NOM" lemma="negotium" msd="Case=Gen|Numb=Sing">negoti</w>                <w xml:id="line.522#w.5" pos="PUNC" lemma="?" msd="MORPH=empty">?</w>                <w xml:id="line.522#w.6" pos="ADV" lemma="satis" msd="Deg=Pos">satine</w>                <w xml:id="line.522#w.7" pos="ADV" lemma="ne2" msd="MORPH=empty">satine</w>                <w xml:id="line.522#w.8" pos="PUNC" lemma="," msd="MORPH=empty">,</w>                <w xml:id="line.522#w.9" pos="ADVrel" lemma="ut1" msd="MORPH=empty">ut</w>                <w xml:id="line.522#w.10" pos="PROind" lemma="quisque2" msd="Case=Acc|Numb=Sing">quemque</w>                <w xml:id="line.522#w.11" pos="VER" lemma="conspicor" msd="Numb=Sing|Mood=Ind|Tense=Pres|Voice=Dep|Person=1">conspicor</w>                <w xml:id="line.522#w.12" pos="PUNC" lemma="," msd="MORPH=empty">,</w>            </seg>            <seg xml:id="urn:cts:latinLit:phi0119.phi010.perseus-lat2:line.523">                <w xml:id="line.523#w.1" pos="ADV" lemma="ita" msd="Deg=Pos">ita</w>                <w xml:id="line.523#w.2" pos="PROper" lemma="ego" msd="Case=Acc|Numb=Sing">me</w>                <w xml:id="line.523#w.3" pos="VER" lemma="ludifico" msd="Numb=Plur|Mood=Ind|Tense=Pres|Voice=Act|Person=3">ludificant</w>                <w xml:id="line.523#w.4" pos="PUNC" lemma="?" msd="MORPH=empty">?</w>                <w xml:id="line.523#w.5" pos="CONcoo" lemma="sed" msd="MORPH=empty">sed</w>                <w xml:id="line.523#w.6" pos="VER" lemma="concrepo" msd="Numb=Sing|Mood=Ind|Tense=Perf|Voice=Act|Person=3">concrepuit</w>                <w xml:id="line.523#w.7" pos="NOM" lemma="ostium" msd="Case=Acc|Numb=Sing">ostium</w>                <w xml:id="line.523#w.8" pos="PUNC" lemma="." msd="MORPH=empty">.</w>            </seg>            <seg xml:id="urn:cts:latinLit:phi0119.phi010.perseus-lat2:line.524">                <w xml:id="line.524#w.1" pos="NOM" lemma="menaechis" msd="Case=Abl|Numb=Sing">Menaechme</w>                <w xml:id="line.524#w.2" pos="PUNC" lemma="," msd="MORPH=empty">,</w>                <w xml:id="line.524#w.3" pos="VER" lemma="amo" msd="Mood=Inf|Tense=Pres|Voice=Act">amare</w>                <w xml:id="line.524#w.4" pos="VER" lemma="aio" msd="Numb=Sing|Mood=Ind|Tense=Pres|Voice=Act|Person=3">ait</w>                <w xml:id="line.524#w.5" pos="PROper" lemma="tu" msd="Case=Acc|Numb=Sing">te</w>                <w xml:id="line.524#w.6" pos="NOM" lemma="multum?" msd="Case=Acc|Numb=Sing|Deg=Pos">multum</w>                <w xml:id="line.524#w.7" pos="NOM" lemma="erotium" msd="Case=Gen|Numb=Plur">Erotium</w>                <w xml:id="line.524#w.8" pos="PUNC" lemma="," msd="MORPH=empty">,</w>            </seg>            <seg xml:id="urn:cts:latinLit:phi0119.phi010.perseus-lat2:line.525">                <w xml:id="line.525#w.1" pos="CONsub" lemma="ut4" msd="MORPH=empty">ut</w>                <w xml:id="line.525#w.2" pos="PROdem" lemma="hic1" msd="Case=Acc|Numb=Sing">hoc</w>                <w xml:id="line.525#w.3" pos="ADJcar" lemma="unus" msd="Case=Abl|Numb=Sing">una</w>                <w xml:id="line.525#w.4" pos="NOM" lemma="opus?" msd="Case=Abl|Numb=Sing">opera</w>                <w xml:id="line.525#w.5" pos="PROref" lemma="sui1" msd="Case=Dat|Numb=Sing">sibi</w>                <w xml:id="line.525#w.6" pos="PRE" lemma="ad2" msd="MORPH=empty">ad</w>                <w xml:id="line.525#w.7" pos="NOM" lemma="aurifex" msd="Case=Acc|Numb=Sing">aurificem</w>                <w xml:id="line.525#w.8" pos="VER" lemma="defero" msd="Numb=Sing|Mood=Sub|Tense=Pres|Voice=Act|Person=2">deferas</w>                <w xml:id="line.525#w.9" pos="PUNC" lemma="," msd="MORPH=empty">,</w>            </seg>            <seg xml:id="urn:cts:latinLit:phi0119.phi010.perseus-lat2:line.526">                <w xml:id="line.526#w.1" pos="CONcoo" lemma="atque1" msd="MORPH=empty">atque</w>                <w xml:id="line.526#w.2" pos="ADV" lemma="huc" msd="Deg=Pos">huc</w>                <w xml:id="line.526#w.3" pos="CONsub" lemma="ut4" msd="MORPH=empty">ut</w>                <w xml:id="line.526#w.4" pos="VER" lemma="addo" msd="Numb=Sing|Mood=Sub|Tense=Pres|Voice=Act|Person=2">addas</w>                <w xml:id="line.526#w.5" pos="NOM" lemma="aurum" msd="Case=Gen|Numb=Sing">auri</w>                <w xml:id="line.526#w.6" pos="NOM" lemma="pondo" msd="Case=Ind">pondo</w>                <w xml:id="line.526#w.7" pos="NOM" lemma="incia" msd="Case=Acc|Numb=Sing">Ãºnciam</w>            </seg>            <seg xml:id="urn:cts:latinLit:phi0119.phi010.perseus-lat2:line.527">                <w xml:id="line.527#w.1" pos="VER" lemma="iubeo" msd="Numb=Sing|Mood=Sub|Tense=Pres|Voice=Act|Person=2">iubeasque</w>                <w xml:id="line.527#w.2" pos="CON" lemma="que" msd="MORPH=empty">iubeasque</w>                <w xml:id="line.527#w.3" pos="NOM" lemma="spinter" msd="MORPH=empty">spinter</w>                <w xml:id="line.527#w.4" pos="ADJqua" lemma="nouus" msd="Case=Acc|Numb=Sing|Deg=Pos">novom</w>                <w xml:id="line.527#w.5" pos="VER" lemma="reconcinno" msd="Mood=Inf|Tense=Pres|Voice=Pass">reconcinnarier</w>                <w xml:id="line.527#w.6" pos="PUNC" lemma="." msd="MORPH=empty">.</w>            </seg>            <seg xml:id="urn:cts:latinLit:phi0119.phi010.perseus-lat2:line.528">                <w xml:id="line.528#w.1" pos="CONcoo" lemma="et2" msd="MORPH=empty">Et</w>                <w xml:id="line.528#w.2" pos="PROdem" lemma="istic1" msd="Case=Nom|Numb=Sing">istÃºc</w>                <w xml:id="line.528#w.3" pos="CONcoo" lemma="et2" msd="MORPH=empty">et</w>                <w xml:id="line.528#w.4" pos="PROind" lemma="alius" msd="Case=Acc|Numb=Sing">aliud</w>                <w xml:id="line.528#w.5" pos="PUNC" lemma="," msd="MORPH=empty">,</w>                <w xml:id="line.528#w.6" pos="CONsub" lemma="si2" msd="MORPH=empty">si</w>                <w xml:id="line.528#w.7" pos="PROind" lemma="quis2" msd="Case=Acc|Numb=Sing">quid</w>                <w xml:id="line.528#w.8" pos="VER" lemma="curo" msd="Mood=Inf|Tense=Pres|Voice=Pass">curari</w>                <w xml:id="line.528#w.9" pos="VER" lemma="uolo?" msd="Numb=Sing|Mood=Ind|Tense=Fut|Voice=Act|Person=3">volet</w>                <w xml:id="line.528#w.10" pos="PUNC" lemma="," msd="MORPH=empty">,</w>            </seg>            <seg xml:id="urn:cts:latinLit:phi0119.phi010.perseus-lat2:line.529">                <w xml:id="line.529#w.1" pos="PROper" lemma="ego" msd="Case=Acc|Numb=Sing">me</w>                <w xml:id="line.529#w.2" pos="VER" lemma="curo" msd="Case=Acc|Numb=Sing|Mood=Par|Tense=Fut|Voice=Act">curaturum</w>                <w xml:id="line.529#w.3" pos="VER" lemma="dico?" msd="Numb=Sing|Mood=Imp|Tense=Fut|Voice=Act|Person=2">dicito</w>                <w xml:id="line.529#w.4" pos="PUNC" lemma="," msd="MORPH=empty">,</w>                <w xml:id="line.529#w.5" pos="PROrel" lemma="quisquis1" msd="Case=Acc|Numb=Sing">quidquid</w>                <w xml:id="line.529#w.6" pos="VER" lemma="uolo?" msd="Numb=Sing|Mood=Ind|Tense=Fut|Voice=Act|Person=3">volet</w>                <w xml:id="line.529#w.7" pos="PUNC" lemma="." msd="MORPH=empty">.</w>            </seg>            <seg xml:id="urn:cts:latinLit:phi0119.phi010.perseus-lat2:line.530">                <w xml:id="line.530#w.1" pos="VER" lemma="scio" msd="Numb=Sing|Mood=Ind|Tense=Pres|Voice=Act|Person=2">Scin</w>                <w xml:id="line.530#w.2" pos="ADV" lemma="ne2" msd="MORPH=empty">Scin</w>                <w xml:id="line.530#w.3" pos="PROint" lemma="quis1" msd="Case=Nom|Numb=Sing">quid</w>                <w xml:id="line.530#w.4" pos="PROdem" lemma="hic1" msd="Case=Nom|Numb=Sing">hoc</w>                <w xml:id="line.530#w.5" pos="VER" lemma="sum1" msd="Numb=Sing|Mood=Sub|Tense=Pres|Voice=Act|Person=3">sit</w>                <w xml:id="line.530#w.6" pos="NOM" lemma="spinter" msd="Numb=Sing">spinter</w>                <w xml:id="line.530#w.7" pos="PUNC" lemma="?" msd="MORPH=empty">?</w>            </seg>            <seg xml:id="urn:cts:latinLit:phi0119.phi010.perseus-lat2:line.530b">                <w xml:id="line.530b#w.1" pos="VER" lemma="nescio" msd="Numb=Sing|Mood=Ind|Tense=Pres|Voice=Act|Person=1">Nescio</w>                <w xml:id="line.530b#w.2" pos="PUNC" lemma="," msd="MORPH=empty">,</w>                <w xml:id="line.530b#w.3" pos="CONsub" lemma="nisi" msd="MORPH=empty">nisi</w>                <w xml:id="line.530b#w.4" pos="ADJqua" lemma="aureus2" msd="Case=Acc|Numb=Sing|Deg=Pos">aureum</w>                <w xml:id="line.530b#w.5" pos="PUNC" lemma="." msd="MORPH=empty">.</w>            </seg>            <seg xml:id="urn:cts:latinLit:phi0119.phi010.perseus-lat2:line.531">                <w xml:id="line.531#w.1" pos="PROdem" lemma="hic1" msd="Case=Nom|Numb=Sing">Hoc</w>                <w xml:id="line.531#w.2" pos="VER" lemma="sum1" msd="Numb=Sing|Mood=Ind|Tense=Pres|Voice=Act|Person=3">est</w>                <w xml:id="line.531#w.3" pos="PROrel" lemma="quod?" msd="Numb=Sing">quod</w>                <w xml:id="line.531#w.4" pos="ADV" lemma="olim" msd="Deg=Pos">olim</w>                <w xml:id="line.531#w.5" pos="ADV" lemma="clanculum" msd="Deg=Pos">clanculum</w>                <w xml:id="line.531#w.6" pos="PRE" lemma="ex" msd="MORPH=empty">ex</w>                <w xml:id="line.531#w.7" pos="NOM" lemma="armarium" msd="Case=Abl|Numb=Sing">armario</w>            </seg>            <seg xml:id="urn:cts:latinLit:phi0119.phi010.perseus-lat2:line.532">                <w xml:id="line.532#w.1" pos="PROper" lemma="tu" msd="Case=Acc|Numb=Sing">te</w>                <w xml:id="line.532#w.2" pos="VER" lemma="surripio" msd="Mood=Inf|Tense=Perf|Voice=Act">surrupuisse</w>                <w xml:id="line.532#w.3" pos="VER" lemma="aio" msd="Numb=Sing|Mood=Ind|Tense=Impa|Voice=Act|Person=2">aiebas</w>                <w xml:id="line.532#w.4" pos="NOM" lemma="uxor" msd="Case=Dat|Numb=Sing">uxori</w>                <w xml:id="line.532#w.5" pos="PROpos" lemma="tuus" msd="Case=Dat|Numb=Sing">tuae</w>                <w xml:id="line.532#w.6" pos="PUNC" lemma="." msd="MORPH=empty">.</w>            </seg>            <seg xml:id="urn:cts:latinLit:phi0119.phi010.perseus-lat2:line.533">                <w xml:id="line.533#w.1" pos="ADVneg" lemma="numquam" msd="MORPH=empty">Numquam</w>                <w xml:id="line.533#w.2" pos="INJ" lemma="hercules" msd="MORPH=empty">hercle</w>                <w xml:id="line.533#w.3" pos="VER" lemma="facio" msd="Case=Nom|Numb=Sing">factum</w>                <w xml:id="line.533#w.4" pos="VER" lemma="sum1" msd="Numb=Sing|Mood=Ind|Tense=Pres|Voice=Act|Person=3">est</w>                <w xml:id="line.533#w.5" pos="PUNC" lemma="." msd="MORPH=empty">.</w>            </seg>            <seg xml:id="urn:cts:latinLit:phi0119.phi010.perseus-lat2:line.533b">                <w xml:id="line.533b#w.1" pos="ADVneg" lemma="non" msd="MORPH=empty">Non</w>                <w xml:id="line.533b#w.2" pos="VER" lemma="memini" msd="Numb=Sing|Mood=Ind|Tense=Perf|Voice=Act|Person=2">meministi</w>                <w xml:id="line.533b#w.3" pos="PUNC" lemma="," msd="MORPH=empty">,</w>                <w xml:id="line.533b#w.4" pos="VER" lemma="obsecro" msd="Numb=Sing|Mood=Ind|Tense=Pres|Voice=Act|Person=1">obsecro</w>                <w xml:id="line.533b#w.5" pos="PUNC" lemma="?" msd="MORPH=empty">?</w>            </seg>            <seg xml:id="urn:cts:latinLit:phi0119.phi010.perseus-lat2:line.534">                <w xml:id="line.534#w.1" pos="VER" lemma="reddo" msd="Numb=Sing|Mood=Imp|Tense=Pres|Voice=Act|Person=2">redde</w>                <w xml:id="line.534#w.2" pos="CONcoo" lemma="igitur" msd="MORPH=empty">igitur</w>                <w xml:id="line.534#w.3" pos="NOM" lemma="spinter" msd="Numb=Sing">spinter</w>                <w xml:id="line.534#w.4" pos="PUNC" lemma="," msd="MORPH=empty">,</w>                <w xml:id="line.534#w.5" pos="CONsub" lemma="si2" msd="MORPH=empty">si</w>                <w xml:id="line.534#w.6" pos="ADVneg" lemma="non" msd="MORPH=empty">non</w>                <w xml:id="line.534#w.7" pos="VER" lemma="memini" msd="Numb=Sing|Mood=Ind|Tense=Perf|Voice=Act|Person=2">meministi</w>                <w xml:id="line.534#w.8" pos="PUNC" lemma="." msd="MORPH=empty">.</w>            </seg>            <seg xml:id="urn:cts:latinLit:phi0119.phi010.perseus-lat2:line.534b">                <w xml:id="line.534b#w.1" pos="VER" lemma="maneo" msd="Numb=Sing|Mood=Imp|Tense=Pres|Voice=Act|Person=2">Mane</w>                <w xml:id="line.534b#w.2" pos="PUNC" lemma="." msd="MORPH=empty">.</w>            </seg>            <seg xml:id="urn:cts:latinLit:phi0119.phi010.perseus-lat2:line.535">                <w xml:id="line.535#w.1" pos="ADV" lemma="immo" msd="Deg=Pos">immo</w>                <w xml:id="line.535#w.2" pos="ADV" lemma="equidem" msd="Deg=Pos">equidem</w>                <w xml:id="line.535#w.3" pos="VER" lemma="memini" msd="Numb=Sing|Mood=Ind|Tense=Perf|Voice=Act|Person=1">memini</w>                <w xml:id="line.535#w.4" pos="PUNC" lemma="." msd="MORPH=empty">.</w>                <w xml:id="line.535#w.5" pos="ADV" lemma="nempe" msd="Deg=Pos">nempe</w>                <w xml:id="line.535#w.6" pos="PROdem" lemma="hic1" msd="Case=Nom|Numb=Sing">hoc</w>                <w xml:id="line.535#w.7" pos="VER" lemma="sum1" msd="Numb=Sing|Mood=Ind|Tense=Pres|Voice=Act|Person=3">est</w>                <w xml:id="line.535#w.8" pos="PUNC" lemma="," msd="MORPH=empty">,</w>                <w xml:id="line.535#w.9" pos="PROrel" lemma="qui1" msd="Case=Acc|Numb=Sing">quod</w>                <w xml:id="line.535#w.10" pos="PROdem" lemma="ille" msd="Case=Nom|Numb=Sing">illÃ­</w>                <w xml:id="line.535#w.11" pos="VER" lemma="do" msd="Numb=Sing|Mood=Ind|Tense=Perf|Voice=Act|Person=1">dedi</w>                <w xml:id="line.535#w.12" pos="PUNC" lemma="." msd="MORPH=empty">.</w>            </seg>            <seg xml:id="urn:cts:latinLit:phi0119.phi010.perseus-lat2:line.536">                <w xml:id="line.536#w.1" pos="PROdem" lemma="istic1" msd="Case=Acc|Numb=Sing">Istuc</w>                <w xml:id="line.536#w.2" pos="PUNC" lemma="." msd="MORPH=empty">.</w>            </seg>            <seg xml:id="urn:cts:latinLit:phi0119.phi010.perseus-lat2:line.536b">                <w xml:id="line.536b#w.1" pos="ADVint" lemma="ubi2" msd="MORPH=empty">Vbi</w>                <w xml:id="line.536b#w.2" pos="PROdem" lemma="ille" msd="Case=Nom|Numb=Plur">illae</w>                <w xml:id="line.536b#w.3" pos="NOM" lemma="armilla" msd="Case=Nom|Numb=Plur">armillaÃ©</w>                <w xml:id="line.536b#w.4" pos="VER" lemma="sum1" msd="Numb=Plur|Mood=Ind|Tense=Pres|Voice=Act|Person=3">sunt</w>                <w xml:id="line.536b#w.5" pos="PUNC" lemma="," msd="MORPH=empty">,</w>                <w xml:id="line.536b#w.6" pos="PROrel" lemma="qui1" msd="Case=Acc|Numb=Plur">quas</w>                <w xml:id="line.536b#w.7" pos="ADJcar" lemma="una" msd="Case=Nom|Numb=Sing">una</w>                <w xml:id="line.536b#w.8" pos="VER" lemma="do" msd="Numb=Sing|Mood=Ind|Tense=Perf|Voice=Act|Person=1">dedi</w>                <w xml:id="line.536b#w.9" pos="PUNC" lemma="?" msd="MORPH=empty">?</w>            </seg>            <seg xml:id="urn:cts:latinLit:phi0119.phi010.perseus-lat2:line.537">                <w xml:id="line.537#w.1" pos="ADVneg" lemma="numquam" msd="MORPH=empty">Numquam</w>                <w xml:id="line.537#w.2" pos="VER" lemma="do" msd="Numb=Sing|Mood=Ind|Tense=Perf|Voice=Act|Person=2">dedisti</w>                <w xml:id="line.537#w.3" pos="PUNC" lemma="." msd="MORPH=empty">.</w>            </seg>            <seg xml:id="urn:cts:latinLit:phi0119.phi010.perseus-lat2:line.537b">                <w xml:id="line.537b#w.1" pos="CONcoo" lemma="nam" msd="MORPH=empty">Nam</w>                <w xml:id="line.537b#w.2" pos="INJ" lemma="pol" msd="MORPH=empty">pol</w>                <w xml:id="line.537b#w.3" pos="PROdem" lemma="hic1" msd="Case=Acc|Numb=Sing">hoc</w>                <w xml:id="line.537b#w.4" pos="ADJcar" lemma="unus" msd="Case=Acc|Numb=Sing">unum</w>                <w xml:id="line.537b#w.5" pos="VER" lemma="do" msd="Numb=Sing|Mood=Ind|Tense=Perf|Voice=Act|Person=1">dedi</w>                <w xml:id="line.537b#w.6" pos="PUNC" lemma="." msd="MORPH=empty">.</w>            </seg>            <seg xml:id="urn:cts:latinLit:phi0119.phi010.perseus-lat2:line.538">                <w xml:id="line.538#w.1" pos="VER" lemma="dico?" msd="Numb=Sing|Mood=Ind|Tense=Fut|Voice=Act|Person=1">Dicam</w>                <w xml:id="line.538#w.2" pos="VER" lemma="curo" msd="Mood=Inf|Tense=Pres|Voice=Act">curare</w>                <w xml:id="line.538#w.3" pos="PUNC" lemma="?" msd="MORPH=empty">?</w>            </seg>            <seg xml:id="urn:cts:latinLit:phi0119.phi010.perseus-lat2:line.538b">                <w xml:id="line.538b#w.1" pos="VER" lemma="dico?" msd="Numb=Sing|Mood=Imp|Tense=Fut|Voice=Act|Person=2">Dicito</w>                <w xml:id="line.538b#w.2" pos="PUNC" lemma=":" msd="MORPH=empty">:</w>                <w xml:id="line.538b#w.3" pos="VER" lemma="curo" msd="Numb=Sing|Mood=Ind|Tense=Fut|Voice=Pass|Person=3">curabitur</w>                <w xml:id="line.538b#w.4" pos="PUNC" lemma="." msd="MORPH=empty">.</w>            </seg>            <seg xml:id="urn:cts:latinLit:phi0119.phi010.perseus-lat2:line.539">                <w xml:id="line.539#w.1" pos="CONcoo" lemma="et2" msd="MORPH=empty">et</w>                <w xml:id="line.539#w.2" pos="NOM" lemma="palla" msd="Case=Abl|Numb=Sing">palla</w>                <w xml:id="line.539#w.3" pos="CONcoo" lemma="et2" msd="MORPH=empty">et</w>                <w xml:id="line.539#w.4" pos="ADV" lemma="spinter" msd="MORPH=empty">spinter</w>                <w xml:id="line.539#w.5" pos="VER" lemma="facio" msd="Numb=Sing|Mood=Ind|Tense=Fut|Voice=Act|Person=1">faxo</w>                <w xml:id="line.539#w.6" pos="VER" lemma="refero" msd="Numb=Plur|Mood=Sub|Tense=Pres|Voice=Pass|Person=3">referantur</w>                <w xml:id="line.539#w.7" pos="ADV" lemma="simul1" msd="Deg=Pos">simul</w>                <w xml:id="line.539#w.8" pos="PUNC" lemma="." msd="MORPH=empty">.</w>            </seg>            <seg xml:id="urn:cts:latinLit:phi0119.phi010.perseus-lat2:line.541">                <w xml:id="line.541#w.1" pos="VER" lemma="amo" msd="Numb=Sing|Mood=Ind|Tense=Fut|Voice=Act|Person=1">Amabo</w>                <w xml:id="line.541#w.2" pos="PUNC" lemma="," msd="MORPH=empty">,</w>                <w xml:id="line.541#w.3" pos="PROpos" lemma="ego" msd="Case=Voc|Numb=Sing">mi</w>                <w xml:id="line.541#w.4" pos="NOM" lemma="menaechus" msd="Case=Voc|Numb=Sing">Menaechme</w>                <w xml:id="line.541#w.5" pos="PUNC" lemma="," msd="MORPH=empty">,</w>                <w xml:id="line.541#w.6" pos="NOM" lemma="inaurus" msd="Case=Dat|Numb=Plur">inauris</w>                <w xml:id="line.541#w.7" pos="VER" lemma="do" msd="Numb=Sing|Mood=Imp|Tense=Pres|Voice=Act|Person=2">da</w>                <w xml:id="line.541#w.8" pos="PROper" lemma="ego" msd="Case=Dat|Numb=Sing">mihi</w>            </seg>            <seg xml:id="urn:cts:latinLit:phi0119.phi010.perseus-lat2:line.542">                <w xml:id="line.542#w.1" pos="VER" lemma="facio" msd="Case=Acc|Numb=Plur|Mood=Adj|Voice=Pass">faciendas</w>                <w xml:id="line.542#w.2" pos="NOM" lemma="pondo" msd="Case=Ind">pondo</w>                <w xml:id="line.542#w.3" pos="ADJcar" lemma="duo" msd="Case=Acc|Numb=Sing">duom</w>                <w xml:id="line.542#w.4" pos="NOM" lemma="numus" msd="Case=Gen|Numb=Sing">nummum</w>                <w xml:id="line.542#w.5" pos="PUNC" lemma="," msd="MORPH=empty">,</w>                <w xml:id="line.542#w.6" pos="NOM" lemma="stalagmia" msd="Case=Acc|Numb=Plur">stalagmia</w>                <w xml:id="line.542#w.7" pos="PUNC" lemma="," msd="MORPH=empty">,</w>            </seg>            <seg xml:id="urn:cts:latinLit:phi0119.phi010.perseus-lat2:line.543">                <w xml:id="line.543#w.1" pos="CONsub" lemma="ut4" msd="MORPH=empty">ut</w>                <w xml:id="line.543#w.2" pos="PROper" lemma="tu" msd="Case=Acc|Numb=Sing">te</w>                <w xml:id="line.543#w.3" pos="ADV" lemma="libenter" msd="Deg=Pos">libenter</w>                <w xml:id="line.543#w.4" pos="VER" lemma="uideo" msd="Numb=Sing|Mood=Sub|Tense=Pres|Voice=Act|Person=1">videam</w>                <w xml:id="line.543#w.5" pos="PUNC" lemma="," msd="MORPH=empty">,</w>                <w xml:id="line.543#w.6" pos="CONsub" lemma="cum3" msd="MORPH=empty">quom</w>                <w xml:id="line.543#w.7" pos="PRE" lemma="ad2" msd="MORPH=empty">ad</w>                <w xml:id="line.543#w.8" pos="PROper" lemma="nos" msd="Case=Acc|Numb=Plur">nos</w>                <w xml:id="line.543#w.9" pos="VER" lemma="uenio" msd="Numb=Sing|Mood=Sub|Tense=Perf|Voice=Act|Person=2">veneris</w>                <w xml:id="line.543#w.10" pos="PUNC" lemma="." msd="MORPH=empty">.</w>            </seg>            <seg xml:id="urn:cts:latinLit:phi0119.phi010.perseus-lat2:line.544">                <w xml:id="line.544#w.1" pos="VER" lemma="fio" msd="Numb=Sing|Mood=Sub|Tense=Pres|Voice=Act|Person=3">Fiat</w>                <w xml:id="line.544#w.2" pos="PUNC" lemma="." msd="MORPH=empty">.</w>                <w xml:id="line.544#w.3" pos="INJ" lemma="cedo2" msd="MORPH=empty">cedo</w>                <w xml:id="line.544#w.4" pos="NOM" lemma="aurum" msd="Case=Acc|Numb=Sing">aurum</w>                <w xml:id="line.544#w.5" pos="PUNC" lemma="," msd="MORPH=empty">,</w>                <w xml:id="line.544#w.6" pos="PROper" lemma="ego" msd="Case=Nom|Numb=Sing">ego</w>                <w xml:id="line.544#w.7" pos="NOM" lemma="manupretium" msd="Case=Acc|Numb=Sing">manupretium</w>                <w xml:id="line.544#w.8" pos="VER" lemma="do" msd="Numb=Sing|Mood=Ind|Tense=Fut|Voice=Act|Person=1">dabo</w>                <w xml:id="line.544#w.9" pos="PUNC" lemma="." msd="MORPH=empty">.</w>            </seg>            <seg xml:id="urn:cts:latinLit:phi0119.phi010.perseus-lat2:line.545">                <w xml:id="line.545#w.1" pos="VER" lemma="do" msd="Numb=Sing|Mood=Imp|Tense=Pres|Voice=Act|Person=2">Da</w>                <w xml:id="line.545#w.2" pos="ADV" lemma="si" msd="MORPH=empty">sodes</w>                <w xml:id="line.545#w.3" pos="VER" lemma="audeo" msd="MORPH=empty">sodes</w>                <w xml:id="line.545#w.4" pos="PRE" lemma="ab" msd="MORPH=empty">abs</w>                <w xml:id="line.545#w.5" pos="PROper" lemma="tu" msd="Case=Abl|Numb=Sing">te</w>                <w xml:id="line.545#w.6" pos="PUNC" lemma=":" msd="MORPH=empty">:</w>                <w xml:id="line.545#w.7" pos="PROper" lemma="ego" msd="Case=Nom|Numb=Sing">ego</w>                <w xml:id="line.545#w.8" pos="ADV" lemma="post1" msd="Deg=Pos">post</w>                <w xml:id="line.545#w.9" pos="VER" lemma="reddo" msd="Numb=Sing|Mood=Ind|Tense=FutAnt|Voice=Act|Person=1">reddidero</w>                <w xml:id="line.545#w.10" pos="PROper" lemma="tu" msd="Case=Dat|Numb=Sing">tibi</w>                <w xml:id="line.545#w.11" pos="PUNC" lemma="." msd="MORPH=empty">.</w>            </seg>            <seg xml:id="urn:cts:latinLit:phi0119.phi010.perseus-lat2:line.546">                <w xml:id="line.546#w.1" pos="ADV" lemma="immo" msd="Deg=Pos">Immo</w>                <w xml:id="line.546#w.2" pos="INJ" lemma="cedo2" msd="MORPH=empty">cedo</w>                <w xml:id="line.546#w.3" pos="PRE" lemma="ab" msd="MORPH=empty">abs</w>                <w xml:id="line.546#w.4" pos="PROper" lemma="tu" msd="Case=Abl|Numb=Sing">te</w>                <w xml:id="line.546#w.5" pos="PUNC" lemma=":" msd="MORPH=empty">:</w>                <w xml:id="line.546#w.6" pos="PROper" lemma="ego" msd="Case=Nom|Numb=Sing">ego</w>                <w xml:id="line.546#w.7" pos="ADV" lemma="post1" msd="MORPH=empty">post</w>                <w xml:id="line.546#w.8" pos="PROper" lemma="tu" msd="Case=Dat|Numb=Sing">tibi</w>                <w xml:id="line.546#w.9" pos="VER" lemma="reddo" msd="Numb=Sing|Mood=Ind|Tense=Fut|Voice=Act|Person=1">reddam</w>                <w xml:id="line.546#w.10" pos="ADJmul" lemma="duplex" msd="Case=Nom|Numb=Sing|Deg=Pos">duplex</w>                <w xml:id="line.546#w.11" pos="PUNC" lemma="." msd="MORPH=empty">.</w>            </seg>            <seg xml:id="urn:cts:latinLit:phi0119.phi010.perseus-lat2:line.547">                <w xml:id="line.547#w.1" pos="ADVneg" lemma="non" msd="MORPH=empty">Non</w>                <w xml:id="line.547#w.2" pos="VER" lemma="habeo" msd="Numb=Sing|Mood=Ind|Tense=Pres|Voice=Act|Person=1">habeo</w>                <w xml:id="line.547#w.3" pos="PUNC" lemma="." msd="MORPH=empty">.</w>            </seg>            <seg xml:id="urn:cts:latinLit:phi0119.phi010.perseus-lat2:line.547b">                <w xml:id="line.547b#w.1" pos="CONcoo" lemma="at2" msd="MORPH=empty">At</w>                <w xml:id="line.547b#w.2" pos="PROper" lemma="tu" msd="Case=Nom|Numb=Sing">tu</w>                <w xml:id="line.547b#w.3" pos="PUNC" lemma="," msd="MORPH=empty">,</w>                <w xml:id="line.547b#w.4" pos="ADVint" lemma="quando2" msd="MORPH=empty">quando</w>                <w xml:id="line.547b#w.5" pos="VER" lemma="habeo" msd="Numb=Sing|Mood=Ind|Tense=Fut|Voice=Act|Person=2">habebis</w>                <w xml:id="line.547b#w.6" pos="PUNC" lemma="," msd="MORPH=empty">,</w>                <w xml:id="line.547b#w.7" pos="ADV" lemma="tum" msd="Deg=Pos">tum</w>                <w xml:id="line.547b#w.8" pos="VER" lemma="do" msd="Numb=Sing|Mood=Imp|Tense=Fut|Voice=Act|Person=2">dato</w>                <w xml:id="line.547b#w.9" pos="PUNC" lemma="." msd="MORPH=empty">.</w>            </seg>            <seg xml:id="urn:cts:latinLit:phi0119.phi010.perseus-lat2:line.548">                <w xml:id="line.548#w.1" pos="PROint" lemma="numquis" msd="Numb=Sing">Numquid</w>                <w xml:id="line.548#w.2" pos="VER" lemma="uolo?" msd="Numb=Sing|Mood=Ind|Tense=Pres|Voice=Act|Person=2">vis</w>                <w xml:id="line.548#w.3" pos="PUNC" lemma="?" msd="MORPH=empty">?</w>                <w xml:id="line.548#w.4" pos="PUNC" lemma="â" msd="MORPH=empty">â</w>            </seg>            <seg xml:id="urn:cts:latinLit:phi0119.phi010.perseus-lat2:line.548b">                <w xml:id="line.548b#w.1" pos="PROdem" lemma="hic1" msd="Case=Acc|Numb=Plur">Haec</w>                <w xml:id="line.548b#w.2" pos="PROper" lemma="ego" msd="Case=Acc|Numb=Sing">me</w>                <w xml:id="line.548b#w.3" pos="VER" lemma="curo" msd="Case=Acc|Numb=Sing|Mood=Par|Tense=Fut|Voice=Act">curaturum</w>                <w xml:id="line.548b#w.4" pos="VER" lemma="dico?" msd="Numb=Sing|Mood=Imp|Tense=Fut|Voice=Act|Person=2">dicito</w>                <w xml:id="line.548b#w.5" pos="PUNC" lemma="â" msd="MORPH=empty">â</w>            </seg>            <seg xml:id="urn:cts:latinLit:phi0119.phi010.perseus-lat2:line.549">                <w xml:id="line.549#w.1" pos="CONsub" lemma="ut4" msd="MORPH=empty">ut</w>                <w xml:id="line.549#w.2" pos="PROint" lemma="quantum2" msd="Case=Acc">quantum</w>                <w xml:id="line.549#w.3" pos="VER" lemma="possum1" msd="Numb=Plur|Mood=Sub|Tense=Pres|Voice=Act|Person=3">possint</w>                <w xml:id="line.549#w.4" pos="PROrel" lemma="qui" msd="Case=Nom|Numb=Plur">quique</w>                <w xml:id="line.549#w.5" pos="CON" lemma="que" msd="MORPH=empty">quique</w>                <w xml:id="line.549#w.6" pos="VER" lemma="licet1" msd="Numb=Plur|Mood=Sub|Tense=Pres|Voice=Act|Person=3">liceant</w>                <w xml:id="line.549#w.7" pos="VER" lemma="ueneo" msd="Numb=Plur|Mood=Sub|Tense=Pres|Voice=Act|Person=3">veneant</w>                <w xml:id="line.549#w.8" pos="PUNC" lemma="." msd="MORPH=empty">.</w>            </seg>            <seg xml:id="urn:cts:latinLit:phi0119.phi010.perseus-lat2:line.550">                <w xml:id="line.550#w.1" pos="ADV" lemma="iam" msd="Deg=Pos">iamne</w>                <w xml:id="line.550#w.2" pos="ADV" lemma="ne2" msd="MORPH=empty">iamne</w>                <w xml:id="line.550#w.3" pos="VER" lemma="abeo1" msd="Numb=Sing|Mood=Ind|Tense=Perf|Voice=Act|Person=3">abiit</w>                <w xml:id="line.550#w.4" pos="ADV" lemma="intro2" msd="Deg=Pos">intro</w>                <w xml:id="line.550#w.5" pos="PUNC" lemma="?" msd="MORPH=empty">?</w>                <w xml:id="line.550#w.6" pos="VER" lemma="abeo1" msd="Numb=Sing|Mood=Ind|Tense=Perf|Voice=Act|Person=3">abiit</w>                <w xml:id="line.550#w.7" pos="PUNC" lemma="," msd="MORPH=empty">,</w>                <w xml:id="line.550#w.8" pos="VER" lemma="operio" msd="Numb=Sing|Mood=Ind|Tense=Perf|Voice=Act|Person=3">operuit</w>                <w xml:id="line.550#w.9" pos="NOM" lemma="foris?" msd="Case=Acc|Numb=Plur">fores</w>                <w xml:id="line.550#w.10" pos="PUNC" lemma="." msd="MORPH=empty">.</w>            </seg>            <seg xml:id="urn:cts:latinLit:phi0119.phi010.perseus-lat2:line.551">                <w xml:id="line.551#w.1" pos="NOM" lemma="deus" msd="Case=Nom|Numb=Plur">di</w>                <w xml:id="line.551#w.2" pos="PROper" lemma="ego" msd="Case=Acc|Numb=Sing">me</w>                <w xml:id="line.551#w.3" pos="ADV" lemma="quidem" msd="Deg=Pos">quidem</w>                <w xml:id="line.551#w.4" pos="PROind" lemma="omnis" msd="Case=Nom|Numb=Plur">omnes</w>                <w xml:id="line.551#w.5" pos="VER" lemma="adiuuo" msd="Numb=Plur|Mood=Ind|Tense=Pres|Voice=Act|Person=3">adiuvant</w>                <w xml:id="line.551#w.6" pos="PUNC" lemma="," msd="MORPH=empty">,</w>                <w xml:id="line.551#w.7" pos="VER" lemma="augeo" msd="Numb=Plur|Mood=Ind|Tense=Pres|Voice=Act|Person=3">augent</w>                <w xml:id="line.551#w.8" pos="PUNC" lemma="," msd="MORPH=empty">,</w>                <w xml:id="line.551#w.9" pos="VER" lemma="amo" msd="Numb=Plur|Mood=Ind|Tense=Pres|Voice=Act|Person=3">amant</w>                <w xml:id="line.551#w.10" pos="PUNC" lemma="." msd="MORPH=empty">.</w>            </seg>            <seg xml:id="urn:cts:latinLit:phi0119.phi010.perseus-lat2:line.552">                <w xml:id="line.552#w.1" pos="CONcoo" lemma="sed" msd="MORPH=empty">sed</w>                <w xml:id="line.552#w.2" pos="PROint" lemma="quis1" msd="Case=Acc|Numb=Sing">quid</w>                <w xml:id="line.552#w.3" pos="PROper" lemma="ego" msd="Case=Nom|Numb=Sing">ego</w>                <w xml:id="line.552#w.4" pos="VER" lemma="cesso" msd="Numb=Sing|Mood=Ind|Tense=Pres|Voice=Act|Person=1">cesso</w>                <w xml:id="line.552#w.5" pos="PUNC" lemma="," msd="MORPH=empty">,</w>                <w xml:id="line.552#w.6" pos="CONsub" lemma="dum2" msd="MORPH=empty">dum</w>                <w xml:id="line.552#w.7" pos="VER" lemma="do" msd="Numb=Sing|Mood=Ind|Tense=Pres|Voice=Pass|Person=3">datur</w>                <w xml:id="line.552#w.8" pos="PROper" lemma="ego" msd="Case=Dat|Numb=Sing">mi</w>                <w xml:id="line.552#w.9" pos="NOM" lemma="occasio" msd="Case=Nom|Numb=Sing">occasio</w>            </seg>            <seg xml:id="urn:cts:latinLit:phi0119.phi010.perseus-lat2:line.553">                <w xml:id="line.553#w.1" pos="NOM" lemma="tempus" msd="Case=Acc|Numb=Sing">tempusque</w>                <w xml:id="line.553#w.2" pos="CON" lemma="que" msd="MORPH=empty">tempusque</w>                <w xml:id="line.553#w.3" pos="PUNC" lemma="," msd="MORPH=empty">,</w>                <w xml:id="line.553#w.4" pos="VER" lemma="abeo1" msd="Mood=Inf|Tense=Pres|Voice=Act">abire</w>                <w xml:id="line.553#w.5" pos="PRE" lemma="ab" msd="MORPH=empty">ab</w>                <w xml:id="line.553#w.6" pos="PROdem" lemma="hic1" msd="Case=Abl|Numb=Plur">his</w>                <w xml:id="line.553#w.7" pos="NOM" lemma="locus" msd="Case=Abl|Numb=Plur">locis</w>                <w xml:id="line.553#w.8" pos="NOM" lemma="lenonius" msd="Case=Abl|Numb=Plur|Deg=Pos">lenoniis</w>                <w xml:id="line.553#w.9" pos="PUNC" lemma="?" msd="MORPH=empty">?</w>            </seg>            <seg xml:id="urn:cts:latinLit:phi0119.phi010.perseus-lat2:line.554">                <w xml:id="line.554#w.1" pos="VER" lemma="propero" msd="Numb=Sing|Mood=Imp|Tense=Pres|Voice=Act|Person=2">propera</w>                <w xml:id="line.554#w.2" pos="PUNC" lemma="," msd="MORPH=empty">,</w>                <w xml:id="line.554#w.3" pos="NOM" lemma="menaecher" msd="Case=Voc|Numb=Sing">Menaechme</w>                <w xml:id="line.554#w.4" pos="PUNC" lemma="," msd="MORPH=empty">,</w>                <w xml:id="line.554#w.5" pos="VER" lemma="fero" msd="Numb=Sing|Mood=Imp|Tense=Pres|Voice=Act|Person=2">fer</w>                <w xml:id="line.554#w.6" pos="NOM" lemma="pes" msd="Case=Acc|Numb=Sing">pedem</w>                <w xml:id="line.554#w.7" pos="PUNC" lemma="," msd="MORPH=empty">,</w>                <w xml:id="line.554#w.8" pos="VER" lemma="confero" msd="Numb=Sing|Mood=Imp|Tense=Pres|Voice=Act|Person=2">confer</w>                <w xml:id="line.554#w.9" pos="NOM" lemma="gradus" msd="Case=Acc|Numb=Sing">gradum</w>                <w xml:id="line.554#w.10" pos="PUNC" lemma="." msd="MORPH=empty">.</w>            </seg>            <seg xml:id="urn:cts:latinLit:phi0119.phi010.perseus-lat2:line.555">                <w xml:id="line.555#w.1" pos="VER" lemma="demo" msd="Numb=Sing|Mood=Ind|Tense=Fut|Voice=Act|Person=1">demam</w>                <w xml:id="line.555#w.2" pos="PROdem" lemma="hic1" msd="Case=Acc|Numb=Sing">hanc</w>                <w xml:id="line.555#w.3" pos="NOM" lemma="corona" msd="Case=Acc|Numb=Sing">coronam</w>                <w xml:id="line.555#w.4" pos="CONcoo" lemma="atque1" msd="MORPH=empty">atque</w>                <w xml:id="line.555#w.5" pos="VER" lemma="abicio" msd="Numb=Sing|Mood=Ind|Tense=Fut|Voice=Act|Person=1">abiciam</w>                <w xml:id="line.555#w.6" pos="PRE" lemma="ad2" msd="MORPH=empty">ad</w>                <w xml:id="line.555#w.7" pos="ADJqua" lemma="laeuus" msd="Case=Acc|Numb=Sing|Deg=Pos">laevam</w>                <w xml:id="line.555#w.8" pos="NOM" lemma="manus?" msd="Case=Acc|Numb=Sing">manum</w>                <w xml:id="line.555#w.9" pos="PUNC" lemma="," msd="MORPH=empty">,</w>            </seg>            <seg xml:id="urn:cts:latinLit:phi0119.phi010.perseus-lat2:line.556">                <w xml:id="line.556#w.1" pos="CONsub" lemma="ut4" msd="MORPH=empty">ut</w>                <w xml:id="line.556#w.2" pos="PUNC" lemma="," msd="MORPH=empty">,</w>                <w xml:id="line.556#w.3" pos="NOM" lemma="siquis" msd="Numb=Sing">siquis</w>                <w xml:id="line.556#w.4" pos="VER" lemma="sequor" msd="Numb=Sing|Mood=Sub|Tense=Pres|Voice=Dep|Person=3">sequatur</w>                <w xml:id="line.556#w.5" pos="PUNC" lemma="," msd="MORPH=empty">,</w>                <w xml:id="line.556#w.6" pos="ADV" lemma="hac" msd="Case=Abl">hac</w>                <w xml:id="line.556#w.7" pos="PROper" lemma="ego" msd="Case=Acc|Numb=Sing">me</w>                <w xml:id="line.556#w.8" pos="VER" lemma="abeo1" msd="Mood=Inf|Tense=Perf|Voice=Act">abiisse</w>                <w xml:id="line.556#w.9" pos="VER" lemma="censeo" msd="Numb=Plur|Mood=Sub|Tense=Pres|Voice=Act|Person=3">censeant</w>                <w xml:id="line.556#w.10" pos="PUNC" lemma="." msd="MORPH=empty">.</w>            </seg>            <seg xml:id="urn:cts:latinLit:phi0119.phi010.perseus-lat2:line.557">                <w xml:id="line.557#w.1" pos="VER" lemma="eo1" msd="Numb=Sing|Mood=Ind|Tense=Fut|Voice=Act|Person=1">ibo</w>                <w xml:id="line.557#w.2" pos="CONcoo" lemma="et2" msd="MORPH=empty">et</w>                <w xml:id="line.557#w.3" pos="VER" lemma="conuenio" msd="Numb=Sing|Mood=Ind|Tense=Fut|Voice=Act|Person=1">conveniam</w>                <w xml:id="line.557#w.4" pos="NOM" lemma="seruus?" msd="Case=Acc|Numb=Sing">servom</w>                <w xml:id="line.557#w.5" pos="PUNC" lemma="," msd="MORPH=empty">,</w>                <w xml:id="line.557#w.6" pos="CONsub" lemma="si2" msd="MORPH=empty">si</w>                <w xml:id="line.557#w.7" pos="VER" lemma="possum1" msd="Numb=Sing|Mood=Ind|Tense=Fut|Voice=Act|Person=1">potero</w>                <w xml:id="line.557#w.8" pos="PUNC" lemma="," msd="MORPH=empty">,</w>                <w xml:id="line.557#w.9" pos="PROpos" lemma="meus" msd="Case=Acc|Numb=Sing">meum</w>                <w xml:id="line.557#w.10" pos="PUNC" lemma="," msd="MORPH=empty">,</w>            </seg>            <seg xml:id="urn:cts:latinLit:phi0119.phi010.perseus-lat2:line.558">                <w xml:id="line.558#w.1" pos="CONsub" lemma="ut4" msd="MORPH=empty">ut</w>                <w xml:id="line.558#w.2" pos="PROdem" lemma="hic1" msd="Case=Acc|Numb=Plur">haec</w>                <w xml:id="line.558#w.3" pos="PUNC" lemma="," msd="MORPH=empty">,</w>                <w xml:id="line.558#w.4" pos="PROrel" lemma="qui1" msd="Case=Nom|Numb=Plur">quae</w>                <w xml:id="line.558#w.5" pos="NOM" lemma="bonum" msd="Case=Nom|Numb=Plur">bona</w>                <w xml:id="line.558#w.6" pos="VER" lemma="do" msd="Numb=Plur|Mood=Ind|Tense=Pres|Voice=Act|Person=3">dant</w>                <w xml:id="line.558#w.7" pos="NOM" lemma="deus" msd="Case=Nom|Numb=Plur">di</w>                <w xml:id="line.558#w.8" pos="PROper" lemma="ego" msd="Case=Dat|Numb=Sing">mihi</w>                <w xml:id="line.558#w.9" pos="PUNC" lemma="," msd="MORPH=empty">,</w>                <w xml:id="line.558#w.10" pos="PRE" lemma="ex" msd="MORPH=empty">ex</w>                <w xml:id="line.558#w.11" pos="PROper" lemma="ego" msd="Case=Abl|Numb=Sing">me</w>                <w xml:id="line.558#w.12" pos="VER" lemma="scio" msd="Numb=Sing|Mood=Sub|Tense=Pres|Voice=Act|Person=3">sciat</w>                <w xml:id="line.558#w.13" pos="PUNC" lemma="." msd="MORPH=empty">.</w>                <w xml:id="line.558#w.14" pos="PUNC" lemma="â" msd="MORPH=empty">â</w>            </seg>            <seg xml:id="urn:cts:latinLit:phi0119.phi010.perseus-lat2:line.559">                <w xml:id="line.559#w.1" pos="PROper" lemma="ego" msd="Case=Nom|Numb=Sing">Egone</w>                <w xml:id="line.559#w.2" pos="ADV" lemma="ne2" msd="MORPH=empty">Egone</w>                <w xml:id="line.559#w.3" pos="ADV" lemma="hic2" msd="MORPH=empty">hic</w>                <w xml:id="line.559#w.4" pos="PROper" lemma="ego" msd="Case=Acc|Numb=Sing">me</w>                <w xml:id="line.559#w.5" pos="VER" lemma="patior" msd="Numb=Sing|Mood=Ind|Tense=Fut|Voice=Dep|Person=1">patiar</w>                <w xml:id="line.559#w.6" pos="ADV" lemma="frustra" msd="Deg=Pos">frustra</w>                <w xml:id="line.559#w.7" pos="PRE" lemma="in" msd="MORPH=empty">in</w>                <w xml:id="line.559#w.8" pos="NOM" lemma="matrimonium" msd="Case=Abl|Numb=Sing">matrimonio</w>                <w xml:id="line.559#w.9" pos="PUNC" lemma="," msd="MORPH=empty">,</w>            </seg>            <seg xml:id="urn:cts:latinLit:phi0119.phi010.perseus-lat2:line.560">                <w xml:id="line.560#w.1" pos="CONsub" lemma="ubi3" msd="MORPH=empty">ubi</w>                <w xml:id="line.560#w.2" pos="NOM" lemma="uir" msd="Case=Nom|Numb=Sing">vir</w>                <w xml:id="line.560#w.3" pos="VER" lemma="compilo1" msd="Numb=Sing|Mood=Sub|Tense=Pres|Voice=Act|Person=3">compilet</w>                <w xml:id="line.560#w.4" pos="ADV" lemma="clanculum" msd="Deg=Pos">clanculum</w>                <w xml:id="line.560#w.5" pos="PROrel" lemma="quisquis1" msd="Case=Acc|Numb=Sing">quidquid</w>                <w xml:id="line.560#w.6" pos="NOM" lemma="domus" msd="Case=Loc|Numb=Sing">domist</w>                <w xml:id="line.560#w.7" pos="VER" lemma="sum1" msd="Numb=Sing|Mood=Ind|Tense=Pres|Voice=Act|Person=3">domist</w>            </seg>            <seg xml:id="urn:cts:latinLit:phi0119.phi010.perseus-lat2:line.561">                <w xml:id="line.561#w.1" pos="CONcoo" lemma="atque1" msd="MORPH=empty">atque</w>                <w xml:id="line.561#w.2" pos="PROdem" lemma="is" msd="Case=Nom|Numb=Sing">ea</w>                <w xml:id="line.561#w.3" pos="PRE" lemma="ad2" msd="MORPH=empty">ad</w>                <w xml:id="line.561#w.4" pos="NOM" lemma="amica" msd="Case=Acc|Numb=Sing">amicam</w>                <w xml:id="line.561#w.5" pos="VER" lemma="defero" msd="Numb=Sing|Mood=Sub|Tense=Pres|Voice=Act|Person=3">deferat</w>                <w xml:id="line.561#w.6" pos="PUNC" lemma="?" msd="MORPH=empty">?</w>            </seg>            <seg xml:id="urn:cts:latinLit:phi0119.phi010.perseus-lat2:line.561b">                <w xml:id="line.561b#w.1" pos="ADVint.neg" lemma="quin3" msd="Deg=Pos">Quin</w>                <w xml:id="line.561b#w.2" pos="PROper" lemma="tu" msd="Case=Nom|Numb=Sing">tu</w>                <w xml:id="line.561b#w.3" pos="VER" lemma="taceo" msd="Numb=Sing|Mood=Ind|Tense=Pres|Voice=Act|Person=2">taces</w>                <w xml:id="line.561b#w.4" pos="PUNC" lemma="?" msd="MORPH=empty">?</w>            </seg>            <seg xml:id="urn:cts:latinLit:phi0119.phi010.perseus-lat2:line.562">                <w xml:id="line.562#w.1" pos="ADV" lemma="manifesto2" msd="Deg=Pos">manufesto</w>                <w xml:id="line.562#w.2" pos="VER" lemma="facio" msd="Numb=Sing|Mood=Ind|Tense=Fut|Voice=Act|Person=1">faxo</w>                <w xml:id="line.562#w.3" pos="ADV" lemma="iam" msd="Deg=Pos">iam</w>                <w xml:id="line.562#w.4" pos="VER" lemma="opprimo" msd="Numb=Sing|Mood=Ind|Tense=Fut|Voice=Act|Person=2">opprimes</w>                <w xml:id="line.562#w.5" pos="PUNC" lemma=":" msd="MORPH=empty">:</w>                <w xml:id="line.562#w.6" pos="VER" lemma="sequor" msd="Numb=Sing|Mood=Imp|Tense=Pres|Voice=Dep|Person=2">sequere</w>                <w xml:id="line.562#w.7" pos="PROdem" lemma="hac" msd="Case=Abl|Numb=Sing">hac</w>                <w xml:id="line.562#w.8" pos="NOM" lemma="modus" msd="Case=Abl|Deg=Pos">modo</w>                <w xml:id="line.562#w.9" pos="PUNC" lemma="." msd="MORPH=empty">.</w>            </seg>            <seg xml:id="urn:cts:latinLit:phi0119.phi010.perseus-lat2:line.563">                <w xml:id="line.563#w.1" pos="NOM" lemma="palla" msd="Case=Acc|Numb=Sing">pallam</w>                <w xml:id="line.563#w.2" pos="PRE" lemma="ad2" msd="MORPH=empty">ad</w>                <w xml:id="line.563#w.3" pos="NOM" lemma="phrygio" msd="Case=Acc|Numb=Sing">phrygionem</w>                <w xml:id="line.563#w.4" pos="PRE" lemma="cum2" msd="MORPH=empty">cum</w>                <w xml:id="line.563#w.5" pos="NOM" lemma="corona" msd="Case=Abl|Numb=Sing">corona</w>                <w xml:id="line.563#w.6" pos="ADJqua" lemma="bbrius" msd="Case=Nom|Numb=Sing|Deg=Pos">Ã©brius</w>            </seg>            <seg xml:id="urn:cts:latinLit:phi0119.phi010.perseus-lat2:line.564">                <w xml:id="line.564#w.1" pos="VER" lemma="fero" msd="Numb=Sing|Mood=Ind|Tense=Impa|Voice=Act|Person=3">ferebat</w>                <w xml:id="line.564#w.2" pos="PUNC" lemma="," msd="MORPH=empty">,</w>                <w xml:id="line.564#w.3" pos="ADV" lemma="hodie" msd="Deg=Pos">hodie</w>                <w xml:id="line.564#w.4" pos="PROper" lemma="tu" msd="Case=Dat|Numb=Sing">tibi</w>                <w xml:id="line.564#w.5" pos="PROrel" lemma="qui1" msd="Numb=Sing">quam</w>                <w xml:id="line.564#w.6" pos="VER" lemma="surripio" msd="Numb=Sing|Mood=Ind|Tense=Perf|Voice=Act|Person=3">surrupuit</w>                <w xml:id="line.564#w.7" pos="NOM" lemma="domus" msd="Case=Abl|Numb=Sing">domo</w>                <w xml:id="line.564#w.8" pos="PUNC" lemma="." msd="MORPH=empty">.</w>            </seg>            <seg xml:id="urn:cts:latinLit:phi0119.phi010.perseus-lat2:line.565">                <w xml:id="line.565#w.1" pos="CONcoo" lemma="sed" msd="MORPH=empty">sed</w>                <w xml:id="line.565#w.2" pos="INJ" lemma="ecce" msd="MORPH=empty">eccÃ¡m</w>                <w xml:id="line.565#w.3" pos="PROdem" lemma="is" msd="MORPH=empty">eccÃ¡m</w>                <w xml:id="line.565#w.4" pos="NOM" lemma="corona" msd="Case=Acc|Numb=Sing">coronam</w>                <w xml:id="line.565#w.5" pos="PROrel" lemma="qui1" msd="Case=Acc">quÃ¡m</w>                <w xml:id="line.565#w.6" pos="VER" lemma="habeo" msd="Numb=Sing|Mood=Ind|Tense=Perf|Voice=Act|Person=3">habuit</w>                <w xml:id="line.565#w.7" pos="PUNC" lemma="." msd="MORPH=empty">.</w>                <w xml:id="line.565#w.8" pos="ADVint" lemma="num" msd="MORPH=empty">num</w>                <w xml:id="line.565#w.9" pos="VER" lemma="mentior" msd="Numb=Sing|Mood=Ind|Tense=Pres|Voice=Dep|Person=1">mentior</w>                <w xml:id="line.565#w.10" pos="PUNC" lemma="?" msd="MORPH=empty">?</w>            </seg>            <seg xml:id="urn:cts:latinLit:phi0119.phi010.perseus-lat2:line.566">                <w xml:id="line.566#w.1" pos="INJ" lemma="hem" msd="MORPH=empty">em</w>                <w xml:id="line.566#w.2" pos="ADV" lemma="hac" msd="MORPH=empty">hac</w>                <w xml:id="line.566#w.3" pos="VER" lemma="ebeo" msd="Numb=Sing|Mood=Ind|Tense=Perf|Voice=Act|Person=3">Ã¡biit</w>                <w xml:id="line.566#w.4" pos="PUNC" lemma="," msd="MORPH=empty">,</w>                <w xml:id="line.566#w.5" pos="CONsub" lemma="si2" msd="MORPH=empty">si</w>                <w xml:id="line.566#w.6" pos="VER" lemma="uolo?" msd="Numb=Sing|Mood=Ind|Tense=Pres|Voice=Act|Person=2">vis</w>                <w xml:id="line.566#w.7" pos="VER" lemma="persequor" msd="Mood=Inf|Tense=Pres|Voice=Dep">persequi</w>                <w xml:id="line.566#w.8" pos="NOM" lemma="uestigium" msd="Case=Abl|Numb=Plur">vestigiis</w>                <w xml:id="line.566#w.9" pos="PUNC" lemma="." msd="MORPH=empty">.</w>            </seg>            <seg xml:id="urn:cts:latinLit:phi0119.phi010.perseus-lat2:line.567">                <w xml:id="line.567#w.1" pos="CONcoo" lemma="atque1" msd="MORPH=empty">atque</w>                <w xml:id="line.567#w.2" pos="INJ" lemma="edepol" msd="MORPH=empty">edepol</w>                <w xml:id="line.567#w.3" pos="INJ" lemma="ecce" msd="MORPH=empty">eccum</w>                <w xml:id="line.567#w.4" pos="ADV" lemma="pene" msd="Deg=Sup">Ã³ptume</w>                <w xml:id="line.567#w.5" pos="VER" lemma="reuertor" msd="Numb=Sing|Mood=Ind|Tense=Pres|Voice=Dep|Person=3">revortitur</w>                <w xml:id="line.567#w.6" pos="PUNC" lemma=";" msd="MORPH=empty">;</w>            </seg>            <seg xml:id="urn:cts:latinLit:phi0119.phi010.perseus-lat2:line.568">                <w xml:id="line.568#w.1" pos="CONcoo" lemma="sed" msd="MORPH=empty">sed</w>                <w xml:id="line.568#w.2" pos="NOM" lemma="palla" msd="Case=Acc|Numb=Sing">pallam</w>                <w xml:id="line.568#w.3" pos="ADVneg" lemma="non" msd="MORPH=empty">non</w>                <w xml:id="line.568#w.4" pos="VER" lemma="fero" msd="Numb=Sing|Mood=Ind|Tense=Pres|Voice=Act|Person=3">fert</w>                <w xml:id="line.568#w.5" pos="PUNC" lemma="." msd="MORPH=empty">.</w>            </seg>            <seg xml:id="urn:cts:latinLit:phi0119.phi010.perseus-lat2:line.568b">                <w xml:id="line.568b#w.1" pos="PROint" lemma="quis1" msd="Case=Acc|Numb=Sing">Quid</w>                <w xml:id="line.568b#w.2" pos="PROper" lemma="ego" msd="Case=Nom|Numb=Sing">ego</w>                <w xml:id="line.568b#w.3" pos="ADV" lemma="nunc" msd="Deg=Pos">nunc</w>                <w xml:id="line.568b#w.4" pos="CONsub" lemma="cum3" msd="MORPH=empty">cum</w>                <w xml:id="line.568b#w.5" pos="PROdem" lemma="illic1" msd="Case=Abl|Numb=Sing">illoc</w>                <w xml:id="line.568b#w.6" pos="VER" lemma="ago" msd="Numb=Sing|Mood=Sub|Tense=Pres|Voice=Act|Person=1">agam</w>                <w xml:id="line.568b#w.7" pos="PUNC" lemma="?" msd="MORPH=empty">?</w>            </seg>            <seg xml:id="urn:cts:latinLit:phi0119.phi010.perseus-lat2:line.569">                <w xml:id="line.569#w.1" pos="PROdem" lemma="idem" msd="Case=Nom|Numb=Sing">Idem</w>                <w xml:id="line.569#w.2" pos="PROrel" lemma="qui1" msd="Case=Acc|Numb=Sing">quod</w>                <w xml:id="line.569#w.3" pos="ADV" lemma="semper" msd="Deg=Pos">semper</w>                <w xml:id="line.569#w.4" pos="PUNC" lemma=":" msd="MORPH=empty">:</w>                <w xml:id="line.569#w.5" pos="ADV" lemma="male" msd="Deg=Pos">male</w>                <w xml:id="line.569#w.6" pos="VER" lemma="habeo" msd="Numb=Sing|Mood=Sub|Tense=Pres|Voice=Act|Person=2">habeas</w>                <w xml:id="line.569#w.7" pos="PUNC" lemma=";" msd="MORPH=empty">;</w>                <w xml:id="line.569#w.8" pos="ADV" lemma="sic" msd="Deg=Pos">sic</w>                <w xml:id="line.569#w.9" pos="VER" lemma="censeo" msd="Numb=Sing|Mood=Ind|Tense=Pres|Voice=Act|Person=1">censeo</w>                <w xml:id="line.569#w.10" pos="PUNC" lemma="." msd="MORPH=empty">.</w>            </seg>            <seg xml:id="urn:cts:latinLit:phi0119.phi010.perseus-lat2:line.570">                <w xml:id="line.570#w.1" pos="ADV" lemma="huc" msd="Deg=Pos">huc</w>                <w xml:id="line.570#w.2" pos="VER" lemma="concedo1" msd="Numb=Plur|Mood=Sub|Tense=Pres|Voice=Act|Person=1">concedamus</w>                <w xml:id="line.570#w.3" pos="PUNC" lemma=":" msd="MORPH=empty">:</w>                <w xml:id="line.570#w.4" pos="PRE" lemma="ex" msd="MORPH=empty">ex</w>                <w xml:id="line.570#w.5" pos="NOM" lemma="insidiae" msd="Case=Abl|Numb=Plur">insidiis</w>                <w xml:id="line.570#w.6" pos="NOM" lemma="aucupa" msd="Case=Nom|Numb=Sing">aucupa</w>                <w xml:id="line.570#w.7" pos="PUNC" lemma="." msd="MORPH=empty">.</w>            </seg>            <seg xml:id="urn:cts:latinLit:phi0119.phi010.perseus-lat2:line.571">                <w xml:id="line.571#w.1" pos="CONsub" lemma="ut4" msd="MORPH=empty">Vt</w>                <w xml:id="line.571#w.2" pos="ADV" lemma="hic2" msd="MORPH=empty">hÃ³c</w>                <w xml:id="line.571#w.3" pos="VER" lemma="utor" msd="Numb=Sing|Mood=Ind|Tense=Pres|Voice=Dep|Person=1">utimÃºr</w>                <w xml:id="line.571#w.4" pos="ADJqua" lemma="magnus" msd="Case=Nom|Numb=Sing|Deg=Sup">maximÃ©</w>                <w xml:id="line.571#w.5" pos="NOM" lemma="mos" msd="Case=Abl|Numb=Sing">more</w>                <w xml:id="line.571#w.6" pos="NOM" lemma="murus" msd="Case=Abl|Numb=Sing">mÃ³ro</w>            </seg>            <seg xml:id="urn:cts:latinLit:phi0119.phi010.perseus-lat2:line.572">                <w xml:id="line.572#w.1" pos="VER" lemma="molistus" msd="Case=Abl|Numb=Sing">molÃ©stoque</w>                <w xml:id="line.572#w.2" pos="CON" lemma="que" msd="MORPH=empty">molÃ©stoque</w>                <w xml:id="line.572#w.3" pos="ADV" lemma="multum2" msd="Numb=Sing">mÃºltum</w>                <w xml:id="line.572#w.4" pos="PUNC" lemma="," msd="MORPH=empty">,</w>                <w xml:id="line.572#w.5" pos="CONcoo" lemma="atque1" msd="MORPH=empty">atque</w>                <w xml:id="line.572#w.6" pos="ADVrel" lemma="ut1" msd="MORPH=empty">utÃ­</w>                <w xml:id="line.572#w.7" pos="PROrel" lemma="qui" msd="Case=Nom|Numb=Plur">quique</w>                <w xml:id="line.572#w.8" pos="CON" lemma="que" msd="MORPH=empty">quique</w>                <w xml:id="line.572#w.9" pos="VER" lemma="sum1" msd="Numb=Plur|Mood=Ind|Tense=Pres|Voice=Act|Person=3">sÃºnt</w>            </seg>            <seg xml:id="urn:cts:latinLit:phi0119.phi010.perseus-lat2:line.573">                <w xml:id="line.573#w.1" pos="ADJqua" lemma="bonus" msd="Case=Nom|Numb=Sing|Deg=Sup">optumÃ­</w>                <w xml:id="line.573#w.2" pos="PUNC" lemma="," msd="MORPH=empty">,</w>                <w xml:id="line.573#w.3" pos="ADJqua" lemma="magnus" msd="Case=Acc|Numb=Sing|Deg=Sup">maxumÃ©</w>                <w xml:id="line.573#w.4" pos="NOM" lemma="mos" msd="Case=Acc|Numb=Sing">morem</w>                <w xml:id="line.573#w.5" pos="VER" lemma="habeo" msd="Numb=Plur|Mood=Ind|Tense=Pres|Voice=Act|Person=3">habÃ©nt</w>                <w xml:id="line.573#w.6" pos="PROdem" lemma="hic1" msd="Case=Acc|Numb=Sing">hunc</w>                <w xml:id="line.573#w.7" pos="PUNC" lemma=":" msd="MORPH=empty">:</w>            </seg>            <seg xml:id="urn:cts:latinLit:phi0119.phi010.perseus-lat2:line.574">                <w xml:id="line.574#w.1" pos="NOM" lemma="clions" msd="Case=Nom|Numb=Plur">cliÃ©ntes</w>                <w xml:id="line.574#w.2" pos="PROref" lemma="sui1" msd="Case=Dat|Numb=Sing">sibi</w>                <w xml:id="line.574#w.3" pos="NOM" lemma="pmnis" msd="Case=Nom|Numb=Plur">Ã³mnes</w>                <w xml:id="line.574#w.4" pos="VER" lemma="uolo?" msd="Numb=Plur|Mood=Ind|Tense=Pres|Voice=Act|Person=3">volÃºnt</w>                <w xml:id="line.574#w.5" pos="VER" lemma="sum1" msd="Mood=Inf|Tense=Pres|Voice=Act">esse</w>                <w xml:id="line.574#w.6" pos="NOM" lemma="multi" msd="Case=Acc|Numb=Plur">mÃºltos</w>                <w xml:id="line.574#w.7" pos="PUNC" lemma=":" msd="MORPH=empty">:</w>            </seg>            <seg xml:id="urn:cts:latinLit:phi0119.phi010.perseus-lat2:line.575">                <w xml:id="line.575#w.1" pos="ADJqua" lemma="bonus" msd="Case=Nom|Numb=Sing|Deg=Pos">bonÃ­ne</w>                <w xml:id="line.575#w.2" pos="ADV" lemma="ne2" msd="MORPH=empty">bonÃ­ne</w>                <w xml:id="line.575#w.3" pos="ADVint" lemma="an" msd="MORPH=empty">an</w>                <w xml:id="line.575#w.4" pos="ADJqua" lemma="malus3" msd="Case=Nom|Numb=Sing|Deg=Pos">malÃ­</w>                <w xml:id="line.575#w.5" pos="VER" lemma="sum1" msd="Numb=Plur|Mood=Sub|Tense=Pres|Voice=Act|Person=3">sint</w>                <w xml:id="line.575#w.6" pos="PUNC" lemma="," msd="MORPH=empty">,</w>                <w xml:id="line.575#w.7" pos="PROdem" lemma="is" msd="Case=Acc|Numb=Sing">id</w>                <w xml:id="line.575#w.8" pos="ADV" lemma="hicd" msd="MORPH=empty">haÃºd</w>                <w xml:id="line.575#w.9" pos="VER" lemma="quaerito" msd="Numb=Plur|Mood=Ind|Tense=Pres|Voice=Act|Person=3">quaeritÃ¡nt</w>                <w xml:id="line.575#w.10" pos="PUNC" lemma=";" msd="MORPH=empty">;</w>            </seg>            <seg xml:id="urn:cts:latinLit:phi0119.phi010.perseus-lat2:line.576">                <w xml:id="line.576#w.1" pos="NOM" lemma="res" msd="Case=Nom|Numb=Plur">res</w>                <w xml:id="line.576#w.2" pos="ADV" lemma="magis2" msd="Deg=Comp">magÃ­s</w>                <w xml:id="line.576#w.3" pos="VER" lemma="quaerito" msd="Numb=Sing">quaeritÃºr</w>                <w xml:id="line.576#w.4" pos="ADVrel" lemma="quam1" msd="MORPH=empty">quam</w>                <w xml:id="line.576#w.5" pos="NOM" lemma="climntus" msd="Case=Gen|Numb=Sing">cliÃ©ntum</w>                <w xml:id="line.576#w.6" pos="NOM" lemma="fidus" msd="Case=Nom|Numb=Sing|Deg=Pos">fidÃ©s</w>            </seg>            <seg xml:id="urn:cts:latinLit:phi0119.phi010.perseus-lat2:line.577">                <w xml:id="line.577#w.1" pos="PROrel" lemma="qui1" msd="Case=Gen|Numb=Sing">cuius</w>                <w xml:id="line.577#w.2" pos="NOM" lemma="modus" msd="Case=Abl|Numb=Sing">modÃ­</w>                <w xml:id="line.577#w.3" pos="VER" lemma="clueo" msd="Numb=Sing|Mood=Sub|Tense=Pres|Voice=Act|Person=3">clueat</w>                <w xml:id="line.577#w.4" pos="PUNC" lemma="." msd="MORPH=empty">.</w>            </seg>            <seg xml:id="urn:cts:latinLit:phi0119.phi010.perseus-lat2:line.578">                <w xml:id="line.578#w.1" pos="CONsub" lemma="si2" msd="MORPH=empty">si</w>                <w xml:id="line.578#w.2" pos="NOM" lemma="sum?" msd="MORPH=empty">Ã©st</w>                <w xml:id="line.578#w.3" pos="ADJqua" lemma="pauper" msd="Case=Nom|Numb=Sing|Deg=Pos">pauper</w>                <w xml:id="line.578#w.4" pos="CONcoo" lemma="et" msd="MORPH=empty">Ã¡tque</w>                <w xml:id="line.578#w.5" pos="CON" lemma="que" msd="MORPH=empty">Ã¡tque</w>                <w xml:id="line.578#w.6" pos="ADVneg" lemma="haud" msd="MORPH=empty">haud</w>                <w xml:id="line.578#w.7" pos="ADJqua" lemma="malus3" msd="Numb=Sing|Deg=Pos">malÃºs</w>                <w xml:id="line.578#w.8" pos="PUNC" lemma="," msd="MORPH=empty">,</w>                <w xml:id="line.578#w.9" pos="ADJqua" lemma="nequam2" msd="Case=Ind|Deg=Pos">nequam</w>                <w xml:id="line.578#w.10" pos="VER" lemma="habeo" msd="Numb=Sing|Mood=Ind|Tense=Pres|Voice=Pass|Person=3">habÃ©tur</w>                <w xml:id="line.578#w.11" pos="PUNC" lemma="," msd="MORPH=empty">,</w>            </seg>            <seg xml:id="urn:cts:latinLit:phi0119.phi010.perseus-lat2:line.579">                <w xml:id="line.579#w.1" pos="CONsub" lemma="sin" msd="MORPH=empty">sin</w>                <w xml:id="line.579#w.2" pos="VER" lemma="diueo" msd="Numb=Sing|Mood=Ind|Tense=Pres|Voice=Act|Person=2">dÃ­ves</w>                <w xml:id="line.579#w.3" pos="ADJqua" lemma="malus" msd="Case=Nom|Numb=Sing|Deg=Pos">malÃºst</w>                <w xml:id="line.579#w.4" pos="VER" lemma="sum1" msd="Numb=Sing|Mood=Ind|Tense=Pres|Voice=Act|Person=3">malÃºst</w>                <w xml:id="line.579#w.5" pos="PUNC" lemma="," msd="MORPH=empty">,</w>                <w xml:id="line.579#w.6" pos="PROdem" lemma="is" msd="Case=Nom|Numb=Sing">is</w>                <w xml:id="line.579#w.7" pos="NOM" lemma="clio" msd="Case=Nom|Numb=Sing">cliÃ©ns</w>                <w xml:id="line.579#w.8" pos="ADJqua" lemma="frugi" msd="Case=Ind|Deg=Pos">frugi</w>                <w xml:id="line.579#w.9" pos="VER" lemma="habeo" msd="Numb=Sing|Mood=Ind|Tense=Pres|Voice=Pass|Person=3">habÃ©tur</w>                <w xml:id="line.579#w.10" pos="PUNC" lemma="." msd="MORPH=empty">.</w>            </seg>            <seg xml:id="urn:cts:latinLit:phi0119.phi010.perseus-lat2:line.580">                <w xml:id="line.580#w.1" pos="ADVint" lemma="qui3" msd="MORPH=empty">quÃ­</w>                <w xml:id="line.580#w.2" pos="CONcoo" lemma="neque" msd="MORPH=empty">neque</w>                <w xml:id="line.580#w.3" pos="NOM" lemma="lex" msd="Case=Nom|Numb=Plur">legÃ©s</w>                <w xml:id="line.580#w.4" pos="CONcoo" lemma="neque" msd="MORPH=empty">neque</w>                <w xml:id="line.580#w.5" pos="ADJqua" lemma="aequus" msd="Case=Acc|Numb=Sing|Deg=Pos">aequÃ³m</w>                <w xml:id="line.580#w.6" pos="NOM" lemma="bonum" msd="Case=Acc|Numb=Sing">bonum</w>                <w xml:id="line.580#w.7" pos="ADV" lemma="usquam" msd="Deg=Pos">usquÃ¡m</w>                <w xml:id="line.580#w.8" pos="VER" lemma="colo2" msd="Numb=Plur|Mood=Ind|Tense=Pres|Voice=Act|Person=3">colunt</w>                <w xml:id="line.580#w.9" pos="PUNC" lemma="," msd="MORPH=empty">,</w>            </seg>            <seg xml:id="urn:cts:latinLit:phi0119.phi010.perseus-lat2:line.581">                <w xml:id="line.581#w.1" pos="ADJqua" lemma="sollicitus" msd="Case=Acc|Numb=Plur|Deg=Pos">sollÃ­citos</w>                <w xml:id="line.581#w.2" pos="NOM" lemma="patrinus" msd="Case=Acc|Numb=Plur">patrÃ³nos</w>                <w xml:id="line.581#w.3" pos="VER" lemma="habeo" msd="Numb=Plur|Mood=Ind|Tense=Pres|Voice=Act|Person=3">habÃ©nt</w>                <w xml:id="line.581#w.4" pos="PUNC" lemma="." msd="MORPH=empty">.</w>            </seg>            <seg xml:id="urn:cts:latinLit:phi0119.phi010.perseus-lat2:line.582">                <w xml:id="line.582#w.1" pos="VER" lemma="do" msd="Case=Acc|Numb=Sing|Mood=Par|Tense=Perf|Voice=Pass">datÃºm</w>                <w xml:id="line.582#w.2" pos="VER" lemma="denego" msd="Numb=Plur|Mood=Ind|Tense=Pres|Voice=Act|Person=3">denegÃ¡nt</w>                <w xml:id="line.582#w.3" pos="PROrel" lemma="qui1" msd="Case=Nom|Numb=Sing">quod</w>                <w xml:id="line.582#w.4" pos="VER" lemma="do" msd="Numb=Sing|Mood=Par|Tense=Perf|Voice=Pass">datum</w>                <w xml:id="line.582#w.5" pos="NOM" lemma="sum?" msd="Numb=Sing">Ã©st</w>                <w xml:id="line.582#w.6" pos="PUNC" lemma="," msd="MORPH=empty">,</w>                <w xml:id="line.582#w.7" pos="NOM" lemma="lis" msd="Case=Acc|Numb=Sing">litiÃºm</w>                <w xml:id="line.582#w.8" pos="ADJqua" lemma="plenus" msd="Case=Nom|Numb=Sing|Deg=Pos">plenÃ­</w>                <w xml:id="line.582#w.9" pos="PUNC" lemma="," msd="MORPH=empty">,</w>                <w xml:id="line.582#w.10" pos="ADJqua" lemma="rapax" msd="Case=Nom|Numb=Plur|Deg=Pos">rapaces</w>            </seg>            <seg xml:id="urn:cts:latinLit:phi0119.phi010.perseus-lat2:line.583">                <w xml:id="line.583#w.1" pos="NOM" lemma="uir" msd="Case=Nom|Numb=Sing">virÃ­</w>                <w xml:id="line.583#w.2" pos="PUNC" lemma="," msd="MORPH=empty">,</w>                <w xml:id="line.583#w.3" pos="ADJqua" lemma="fraudultens" msd="Case=Dat|Numb=Sing|Deg=Pos">fraudulÃ©nti</w>                <w xml:id="line.583#w.4" pos="PUNC" lemma="," msd="MORPH=empty">,</w>            </seg>            <seg xml:id="urn:cts:latinLit:phi0119.phi010.perseus-lat2:line.584">                <w xml:id="line.584#w.1" pos="PROrel" lemma="qui1" msd="Case=Nom|Numb=Plur">qui</w>                <w xml:id="line.584#w.2" pos="CONcoo" lemma="aut" msd="MORPH=empty">aut</w>                <w xml:id="line.584#w.3" pos="NOM" lemma="famnus" msd="Case=Abl|Numb=Sing">faÃ©nore</w>                <w xml:id="line.584#w.4" pos="CONcoo" lemma="aut" msd="MORPH=empty">aut</w>                <w xml:id="line.584#w.5" pos="NOM" lemma="peritrium" msd="Case=Abl|Numb=Plur">periÃºriis</w>                <w xml:id="line.584#w.6" pos="VER" lemma="habeo" msd="Numb=Plur|Mood=Ind|Tense=Pres|Voice=Act|Person=3">habÃ©nt</w>                <w xml:id="line.584#w.7" pos="NOM" lemma="res" msd="Case=Acc|Numb=Sing">rem</w>                <w xml:id="line.584#w.8" pos="ADJqua" lemma="paritus" msd="Case=Acc|Numb=Sing|Deg=Pos">parÃ¡tam</w>                <w xml:id="line.584#w.9" pos="PUNC" lemma="," msd="MORPH=empty">,</w>            </seg>            <seg xml:id="urn:cts:latinLit:phi0119.phi010.perseus-lat2:line.584a">                <w xml:id="line.584a#w.1" pos="NOM" lemma="mens" msd="Case=Nom|Numb=Sing">mens</w>                <w xml:id="line.584a#w.2" pos="VER" lemma="sum1" msd="Numb=Sing|Mood=Ind|Tense=Pres|Voice=Act|Person=3">est</w>                <w xml:id="line.584a#w.3" pos="PRE" lemma="in" msd="MORPH=empty">in</w>                <w xml:id="line.584a#w.4" pos="PROrel" lemma="qui1" msd="Case=Abl|Numb=Sing">quo</w>            </seg>            <seg xml:id="urn:cts:latinLit:phi0119.phi010.perseus-lat2:line.585">                <w xml:id="line.585#w.1" pos="PROdem" lemma="is" msd="Numb=Sing">eÃ­s</w>                <w xml:id="line.585#w.2" pos="ADVrel" lemma="ubi1" msd="MORPH=empty">ubi</w>                <w xml:id="line.585#w.3" pos="VER" lemma="dico?" msd="Numb=Sing|Mood=Ind|Tense=Pres|Voice=Pass|Person=3">dicitur</w>                <w xml:id="line.585#w.4" pos="NOM" lemma="dies" msd="Case=Nom|Numb=Sing">dies</w>                <w xml:id="line.585#w.5" pos="PUNC" lemma="," msd="MORPH=empty">,</w>                <w xml:id="line.585#w.6" pos="ADV" lemma="simul1" msd="Deg=Pos">simul</w>                <w xml:id="line.585#w.7" pos="NOM" lemma="patronus" msd="Case=Dat|Numb=Plur">patronis</w>                <w xml:id="line.585#w.8" pos="VER" lemma="dico?" msd="Numb=Sing|Mood=Ind|Tense=Pres|Voice=Pass|Person=3">dicitur</w>                <w xml:id="line.585#w.9" pos="PUNC" lemma="." msd="MORPH=empty">.</w>            </seg>            <seg xml:id="urn:cts:latinLit:phi0119.phi010.perseus-lat2:line.586">            </seg>            <seg xml:id="urn:cts:latinLit:phi0119.phi010.perseus-lat2:line.587">                <w xml:id="line.587#w.1" pos="CONcoo" lemma="aut" msd="MORPH=empty">aut</w>                <w xml:id="line.587#w.2" pos="PRE" lemma="ad2" msd="MORPH=empty">Ã¡d</w>                <w xml:id="line.587#w.3" pos="NOM" lemma="populus?" msd="Case=Acc|Numb=Sing">populum</w>                <w xml:id="line.587#w.4" pos="CONcoo" lemma="aut" msd="MORPH=empty">aut</w>                <w xml:id="line.587#w.5" pos="ADVint" lemma="an" msd="MORPH=empty">Ã­n</w>                <w xml:id="line.587#w.6" pos="NOM" lemma="iure" msd="Case=Abl">iure</w>                <w xml:id="line.587#w.7" pos="CONcoo" lemma="aut" msd="MORPH=empty">aut</w>                <w xml:id="line.587#w.8" pos="PRE" lemma="ppud" msd="MORPH=empty">Ã¡pud</w>                <w xml:id="line.587#w.9" pos="NOM" lemma="aedilis" msd="Case=Acc|Numb=Sing">aedilem</w>                <w xml:id="line.587#w.10" pos="NOM" lemma="res" msd="Case=Nom|Numb=Sing">rÃ©s</w>                <w xml:id="line.587#w.11" pos="VER" lemma="sum1" msd="Numb=Sing|Mood=Ind|Tense=Pres|Voice=Act|Person=3">est</w>                <w xml:id="line.587#w.12" pos="PUNC" lemma="." msd="MORPH=empty">.</w>            </seg>            <seg xml:id="urn:cts:latinLit:phi0119.phi010.perseus-lat2:line.588">                <w xml:id="line.588#w.1" pos="VER" lemma="sico" msd="Numb=Sing|Mood=Ind|Tense=Pres|Voice=Act|Person=3">sicÃºt</w>                <w xml:id="line.588#w.2" pos="PROper" lemma="ego" msd="Case=Acc|Numb=Sing">me</w>                <w xml:id="line.588#w.3" pos="ADV" lemma="hodie" msd="Deg=Pos">hodie</w>                <w xml:id="line.588#w.4" pos="ADV" lemma="nimis" msd="Deg=Pos">nimis</w>                <w xml:id="line.588#w.5" pos="ADJqua" lemma="sillicitus" msd="Case=Acc|Numb=Sing|Deg=Pos">sÃ³llicitum</w>                <w xml:id="line.588#w.6" pos="NOM" lemma="cliens" msd="Case=Nom|Numb=Sing">cliens</w>                <w xml:id="line.588#w.7" pos="PROind" lemma="quidam" msd="Case=Acc|Numb=Sing">quÃ­dam</w>                <w xml:id="line.588#w.8" pos="VER" lemma="habeo" msd="Numb=Sing|Mood=Ind|Tense=Perf|Voice=Act|Person=3">habuit</w>                <w xml:id="line.588#w.9" pos="PUNC" lemma="," msd="MORPH=empty">,</w>                <w xml:id="line.588#w.10" pos="CONcoo" lemma="neque" msd="MORPH=empty">neque</w>                <w xml:id="line.588#w.11" pos="PROrel" lemma="qui1" msd="Case=Acc|Numb=Sing">quÃ³d</w>                <w xml:id="line.588#w.12" pos="VER" lemma="uolo?" msd="Numb=Sing|Mood=Ind|Tense=Perf|Voice=Act|Person=1">volui</w>            </seg>            <seg xml:id="urn:cts:latinLit:phi0119.phi010.perseus-lat2:line.589">                <w xml:id="line.589#w.1" pos="VER" lemma="ago" msd="Mood=Inf|Tense=Pres|Voice=Act">agere</w>                <w xml:id="line.589#w.2" pos="CONcoo" lemma="ab" msd="MORPH=empty">aÃºt</w>                <w xml:id="line.589#w.3" pos="PROrel" lemma="qui" msd="Case=Abl|Numb=Sing">quicum</w>                <w xml:id="line.589#w.4" pos="CON" lemma="cum3" msd="MORPH=empty">quicum</w>                <w xml:id="line.589#w.5" pos="VER" lemma="licet1" msd="Numb=Sing|Mood=Par|Tense=Perf|Voice=Pass|Person=3">licitumst</w>                <w xml:id="line.589#w.6" pos="PUNC" lemma="," msd="MORPH=empty">,</w>                <w xml:id="line.589#w.7" pos="ADV" lemma="ita" msd="Deg=Pos">ita</w>                <w xml:id="line.589#w.8" pos="PROper" lemma="ego" msd="Case=Acc|Numb=Sing">med</w>                <w xml:id="line.589#w.9" pos="VER" lemma="attineo" msd="Numb=Sing|Mood=Ind|Tense=Perf|Voice=Act|Person=3">attinuit</w>                <w xml:id="line.589#w.10" pos="PUNC" lemma="," msd="MORPH=empty">,</w>                <w xml:id="line.589#w.11" pos="ADV" lemma="ita" msd="Deg=Pos">ita</w>                <w xml:id="line.589#w.12" pos="VER" lemma="detineo" msd="Numb=Sing|Mood=Ind|Tense=Perf|Voice=Act|Person=3">detinuit</w>                <w xml:id="line.589#w.13" pos="PUNC" lemma="." msd="MORPH=empty">.</w>            </seg>            <seg xml:id="urn:cts:latinLit:phi0119.phi010.perseus-lat2:line.590">                <w xml:id="line.590#w.1" pos="PRE" lemma="ppud" msd="MORPH=empty">Ã¡pud</w>                <w xml:id="line.590#w.2" pos="NOM" lemma="aedilis" msd="Case=Acc|Numb=Plur">aediles</w>                <w xml:id="line.590#w.3" pos="PRE" lemma="pro1" msd="MORPH=empty">pro</w>                <w xml:id="line.590#w.4" pos="PROdem" lemma="is" msd="Case=Gen|Numb=Sing">eius</w>                <w xml:id="line.590#w.5" pos="NOM" lemma="factum" msd="Case=Abl|Numb=Plur">factis</w>                <w xml:id="line.590#w.6" pos="ADJqua" lemma="multus" msd="Case=Abl|Numb=Plur|Deg=Sup">plurumisque</w>                <w xml:id="line.590#w.7" pos="CON" lemma="que" msd="MORPH=empty">plurumisque</w>                <w xml:id="line.590#w.8" pos="ADJqua" lemma="malus" msd="Case=Abl|Numb=Plur|Deg=Sup">pessumisque</w>                <w xml:id="line.590#w.9" pos="CON" lemma="que" msd="MORPH=empty">pessumisque</w>            </seg>            <seg xml:id="urn:cts:latinLit:phi0119.phi010.perseus-lat2:line.591">                <w xml:id="line.591#w.1" pos="VER" lemma="dico?" msd="Numb=Sing|Mood=Ind|Tense=Perf|Voice=Act|Person=1">dixi</w>                <w xml:id="line.591#w.2" pos="NOM" lemma="causa" msd="Case=Acc|Numb=Sing">causam</w>                <w xml:id="line.591#w.3" pos="PUNC" lemma="," msd="MORPH=empty">,</w>                <w xml:id="line.591#w.4" pos="NOM" lemma="condicio" msd="Case=Acc|Numb=Plur">condiciones</w>                <w xml:id="line.591#w.5" pos="VER" lemma="fero" msd="Numb=Sing|Mood=Ind|Tense=Perf|Voice=Act">tetuli</w>                <w xml:id="line.591#w.6" pos="VER" lemma="torqueo" msd="Case=Acc|Numb=Plur|Mood=Par|Tense=Perf|Voice=Pass">tortas</w>                <w xml:id="line.591#w.7" pos="PUNC" lemma="," msd="MORPH=empty">,</w>                <w xml:id="line.591#w.8" pos="ADJqua" lemma="confragosus" msd="Case=Acc|Numb=Plur|Deg=Pos">confragosas</w>                <w xml:id="line.591#w.9" pos="PUNC" lemma=":" msd="MORPH=empty">:</w>            </seg>            <seg xml:id="urn:cts:latinLit:phi0119.phi010.perseus-lat2:line.592">                <w xml:id="line.592#w.1" pos="CONcoo" lemma="aut" msd="MORPH=empty">aut</w>                <w xml:id="line.592#w.2" pos="ADV" lemma="multus" msd="Case=Acc|Numb=Sing|Deg=Comp">plus</w>                <w xml:id="line.592#w.3" pos="CONcoo" lemma="aut" msd="MORPH=empty">aut</w>                <w xml:id="line.592#w.4" pos="ADV" lemma="parum2" msd="Deg=Comp">minus</w>                <w xml:id="line.592#w.5" pos="ADVrel" lemma="quam1" msd="MORPH=empty">quÃ¡m</w>                <w xml:id="line.592#w.6" pos="NOM" lemma="opus?" msd="Case=Ind">opus</w>                <w xml:id="line.592#w.7" pos="VER" lemma="sum1" msd="Numb=Sing|Mood=Ind|Tense=Pqp|Voice=Act|Person=3">fuerat</w>                <w xml:id="line.592#w.8" pos="NOM" lemma="dictum" msd="Case=Abl|Numb=Sing">dicto</w>                <w xml:id="line.592#w.9" pos="VER" lemma="dico?" msd="Numb=Sing|Mood=Ind|Tense=Pqp|Voice=Act|Person=1">dixeram</w>                <w xml:id="line.592#w.10" pos="PUNC" lemma="â " msd="MORPH=empty">â </w>                <w xml:id="line.592#w.11" pos="NOM" lemma="controuersia" msd="Case=Acc|Numb=Sing">controversiam</w>                <w xml:id="line.592#w.12" pos="PUNC" lemma="," msd="MORPH=empty">,</w>                <w xml:id="line.592#w.13" pos="CONsub" lemma="ut4" msd="MORPH=empty">ut</w>            </seg>            <seg xml:id="urn:cts:latinLit:phi0119.phi010.perseus-lat2:line.593">                <w xml:id="line.593#w.1" pos="NOM" lemma="sponsio" msd="Case=Nom|Numb=Sing">sponsio</w>                <w xml:id="line.593#w.2" pos="VER" lemma="fio" msd="Numb=Sing|Mood=Sub|Tense=Impa|Voice=Act|Person=3">fierÃ©t</w>                <w xml:id="line.593#w.3" pos="PUNC" lemma="." msd="MORPH=empty">.</w>                <w xml:id="line.593#w.4" pos="PROint" lemma="quis1" msd="Case=Acc|Numb=Sing">quid</w>                <w xml:id="line.593#w.5" pos="PROdem" lemma="ille" msd="Case=Nom|Numb=Sing">ille</w>                <w xml:id="line.593#w.6" pos="PUNC" lemma="?" msd="MORPH=empty">?</w>                <w xml:id="line.593#w.7" pos="PROrel" lemma="qui1" msd="Case=Nom|Numb=Sing">qui</w>                <w xml:id="line.593#w.8" pos="NOM" lemma="praes1" msd="Case=Acc|Numb=Sing">praedem</w>                <w xml:id="line.593#w.9" pos="VER" lemma="do" msd="Numb=Sing|Mood=Ind|Tense=Perf|Voice=Act|Person=3">dedit</w>                <w xml:id="line.593#w.10" pos="PUNC" lemma="." msd="MORPH=empty">.</w>            </seg>            <seg xml:id="urn:cts:latinLit:phi0119.phi010.perseus-lat2:line.594">                <w xml:id="line.594#w.1" pos="CONcoo" lemma="nec2" msd="MORPH=empty">nÃ©c</w>                <w xml:id="line.594#w.2" pos="ADV" lemma="magis2" msd="Deg=Comp">magis</w>                <w xml:id="line.594#w.3" pos="ADJqua" lemma="manifestus" msd="Case=Acc|Numb=Sing|Deg=Pos">manufestum</w>                <w xml:id="line.594#w.4" pos="PROper" lemma="ego" msd="Case=Nom|Numb=Sing">ego</w>                <w xml:id="line.594#w.5" pos="NOM" lemma="homo" msd="Case=Acc|Numb=Sing">hominem</w>                <w xml:id="line.594#w.6" pos="ADV" lemma="amquam" msd="Deg=Pos">Ãºmquam</w>                <w xml:id="line.594#w.7" pos="PROind" lemma="ullus" msd="Case=Acc|Numb=Sing">ullum</w>                <w xml:id="line.594#w.8" pos="VER" lemma="teneo" msd="Mood=Inf|Tense=Pres|Voice=Pass">teneri</w>                <w xml:id="line.594#w.9" pos="VER" lemma="uideo" msd="Numb=Sing|Mood=Ind|Tense=Perf|Voice=Act|Person=1">vidi</w>                <w xml:id="line.594#w.10" pos="PUNC" lemma=":" msd="MORPH=empty">:</w>            </seg>            <seg xml:id="urn:cts:latinLit:phi0119.phi010.perseus-lat2:line.595">                <w xml:id="line.595#w.1" pos="PROind" lemma="omnis" msd="Case=Abl|Numb=Plur">omnibus</w>                <w xml:id="line.595#w.2" pos="ADV" lemma="male" msd="Deg=Pos">male</w>                <w xml:id="line.595#w.3" pos="VER" lemma="facio" msd="Case=Abl|Numb=Plur|Mood=Par|Tense=Perf|Voice=Pass">factis</w>                <w xml:id="line.595#w.4" pos="NOM" lemma="testis?" msd="Case=Nom|Numb=Plur">testes</w>                <w xml:id="line.595#w.5" pos="ADJcar" lemma="tres" msd="Case=Nom|Numb=Plur">tres</w>                <w xml:id="line.595#w.6" pos="VER" lemma="assum1" msd="Numb=Plur|Mood=Ind|Tense=Impa|Voice=Act|Person=3">aderant</w>                <w xml:id="line.595#w.7" pos="ADJqua" lemma="acer2" msd="Case=Nom|Numb=Plur|Deg=Sup">acerrumi</w>                <w xml:id="line.595#w.8" pos="PUNC" lemma="." msd="MORPH=empty">.</w>            </seg>            <seg xml:id="urn:cts:latinLit:phi0119.phi010.perseus-lat2:line.596">                <w xml:id="line.596#w.1" pos="NOM" lemma="deus" msd="Case=Nom|Numb=Plur">di</w>                <w xml:id="line.596#w.2" pos="PROdem" lemma="ille" msd="Case=Acc|Numb=Sing">illum</w>                <w xml:id="line.596#w.3" pos="NOM" lemma="pmnis" msd="Case=Nom|Numb=Plur">Ã³mnes</w>                <w xml:id="line.596#w.4" pos="VER" lemma="perdo" msd="Numb=Plur|Mood=Sub|Tense=Pres|Voice=Act|Person=3">perdant</w>                <w xml:id="line.596#w.5" pos="PUNC" lemma="," msd="MORPH=empty">,</w>                <w xml:id="line.596#w.6" pos="ADV" lemma="eta" msd="Deg=Pos">Ã­ta</w>                <w xml:id="line.596#w.7" pos="PROper" lemma="ego" msd="Case=Nom|Numb=Sing">mihihunc</w>                <w xml:id="line.596#w.8" pos="CON" lemma="cum3" msd="MORPH=empty">mihihunc</w>                <w xml:id="line.596#w.9" pos="INJ" lemma="hadie" msd="MORPH=empty">hÃ³die</w>                <w xml:id="line.596#w.10" pos="VER" lemma="corrumpo" msd="Numb=Sing|Mood=Ind|Tense=Pres|Voice=Act|Person=3">corrupÃ­t</w>                <w xml:id="line.596#w.11" pos="NOM" lemma="dies" msd="Case=Acc|Numb=Sing">diem</w>                <w xml:id="line.596#w.12" pos="PUNC" lemma="," msd="MORPH=empty">,</w>            </seg>            <seg xml:id="urn:cts:latinLit:phi0119.phi010.perseus-lat2:line.597">                <w xml:id="line.597#w.1" pos="PROper" lemma="ego" msd="Case=Acc|Numb=Sing">meque</w>                <w xml:id="line.597#w.2" pos="CON" lemma="que" msd="MORPH=empty">meque</w>                <w xml:id="line.597#w.3" pos="ADV" lemma="adeo2" msd="Deg=Pos">adeo</w>                <w xml:id="line.597#w.4" pos="PUNC" lemma="," msd="MORPH=empty">,</w>                <w xml:id="line.597#w.5" pos="PROrel" lemma="qui1" msd="MORPH=empty">quÃ­</w>                <w xml:id="line.597#w.6" pos="ADV" lemma="hodie" msd="Deg=Pos">hodie</w>                <w xml:id="line.597#w.7" pos="NOM" lemma="forum?" msd="Case=Acc|Numb=Sing">forum</w>                <w xml:id="line.597#w.8" pos="ADV" lemma="umquam" msd="Deg=Pos">umquam</w>                <w xml:id="line.597#w.9" pos="NOM" lemma="oculus" msd="Case=Dat|Numb=Plur">oculis</w>                <w xml:id="line.597#w.10" pos="VER" lemma="inspicio" msd="Numb=Sing|Mood=Ind|Tense=Perf|Voice=Act|Person=1">inspexi</w>                <w xml:id="line.597#w.11" pos="PROpos" lemma="meus" msd="Case=Dat|Numb=Plur">meis</w>                <w xml:id="line.597#w.12" pos="PUNC" lemma="." msd="MORPH=empty">.</w>            </seg>            <seg xml:id="urn:cts:latinLit:phi0119.phi010.perseus-lat2:line.598">                <w xml:id="line.598#w.1" pos="NOM" lemma="dies" msd="Case=Acc|Numb=Sing">diem</w>                <w xml:id="line.598#w.2" pos="VER" lemma="corrumpo" msd="Numb=Sing|Mood=Ind|Tense=Perf|Voice=Act|Person=1">corrupi</w>                <w xml:id="line.598#w.3" pos="ADJqua" lemma="sptimus" msd="Case=Acc|Numb=Sing|Deg=Sup">Ã³ptimum</w>                <w xml:id="line.598#w.4" pos="PUNC" lemma=":" msd="MORPH=empty">:</w>                <w xml:id="line.598#w.5" pos="VER" lemma="iubeo" msd="Numb=Sing|Mood=Par|Tense=Perf|Voice=Pass">iussi</w>                <w xml:id="line.598#w.6" pos="VER" lemma="apparo2" msd="Mood=Inf|Tense=Pres|Voice=Pass">adparari</w>                <w xml:id="line.598#w.7" pos="NOM" lemma="prandium" msd="Case=Acc|Numb=Sing">prandium</w>                <w xml:id="line.598#w.8" pos="PUNC" lemma="," msd="MORPH=empty">,</w>            </seg>            <seg xml:id="urn:cts:latinLit:phi0119.phi010.perseus-lat2:line.599">                <w xml:id="line.599#w.1" pos="NOM" lemma="amica" msd="Case=Nom|Numb=Sing">amica</w>                <w xml:id="line.599#w.2" pos="VER" lemma="exspecto" msd="Numb=Sing|Mood=Ind|Tense=Pres|Voice=Act|Person=3">exspectat</w>                <w xml:id="line.599#w.3" pos="PROper" lemma="ego" msd="Case=Acc|Numb=Sing">me</w>                <w xml:id="line.599#w.4" pos="PUNC" lemma="," msd="MORPH=empty">,</w>                <w xml:id="line.599#w.5" pos="VER" lemma="scio" msd="Numb=Sing|Mood=Ind|Tense=Pres|Voice=Act|Person=1">scio</w>                <w xml:id="line.599#w.6" pos="PUNC" lemma="." msd="MORPH=empty">.</w>                <w xml:id="line.599#w.7" pos="ADVrel" lemma="ubi1" msd="MORPH=empty">ubi</w>                <w xml:id="line.599#w.8" pos="ADJadv.ord" lemma="primum" msd="Deg=Sup">primum</w>                <w xml:id="line.599#w.9" pos="VER" lemma="sum1" msd="Numb=Sing|Mood=Ind|Tense=Pres|Voice=Act|Person=3">est</w>                <w xml:id="line.599#w.10" pos="VER" lemma="licet1" msd="Numb=Sing|Mood=Par|Tense=Perf|Voice=Pass">licitum</w>                <w xml:id="line.599#w.11" pos="PUNC" lemma="," msd="MORPH=empty">,</w>                <w xml:id="line.599#w.12" pos="ADV" lemma="llico" msd="Deg=Pos">Ã­lico</w>            </seg>            <seg xml:id="urn:cts:latinLit:phi0119.phi010.perseus-lat2:line.600">                <w xml:id="line.600#w.1" pos="VER" lemma="propero" msd="Numb=Sing|Mood=Ind|Tense=Perf|Voice=Act|Person=1">properavi</w>                <w xml:id="line.600#w.2" pos="VER" lemma="abeo1" msd="Mood=Inf|Tense=Pres|Voice=Act">abire</w>                <w xml:id="line.600#w.3" pos="PRE" lemma="de" msd="MORPH=empty">de</w>                <w xml:id="line.600#w.4" pos="NOM" lemma="forum?" msd="Case=Abl|Numb=Sing">foro</w>                <w xml:id="line.600#w.5" pos="PUNC" lemma="." msd="MORPH=empty">.</w>                <w xml:id="line.600#w.6" pos="ADJqua" lemma="iratus" msd="Case=Nom|Numb=Sing|Deg=Pos">iratast</w>                <w xml:id="line.600#w.7" pos="VER" lemma="sum1" msd="Numb=Sing|Mood=Ind|Tense=Pres|Voice=Act|Person=3">iratast</w>                <w xml:id="line.600#w.8" pos="PUNC" lemma="," msd="MORPH=empty">,</w>                <w xml:id="line.600#w.9" pos="VER" lemma="credo" msd="Numb=Sing|Mood=Ind|Tense=Pres|Voice=Act|Person=1">credo</w>                <w xml:id="line.600#w.10" pos="PUNC" lemma="," msd="MORPH=empty">,</w>                <w xml:id="line.600#w.11" pos="ADV" lemma="nunc" msd="Deg=Pos">nunc</w>                <w xml:id="line.600#w.12" pos="PROper" lemma="ego" msd="Case=Dat|Numb=Sing">mihi</w>                <w xml:id="line.600#w.13" pos="PUNC" lemma=";" msd="MORPH=empty">;</w>            </seg>            <seg xml:id="urn:cts:latinLit:phi0119.phi010.perseus-lat2:line.601">                <w xml:id="line.601#w.1" pos="VER" lemma="placo" msd="Numb=Sing|Mood=Ind|Tense=Fut|Voice=Act|Person=3">placabit</w>                <w xml:id="line.601#w.2" pos="NOM" lemma="palla" msd="Case=Abl|Numb=Sing">palla</w>                <w xml:id="line.601#w.3" pos="PROrel" lemma="qui1" msd="Case=Acc|Numb=Sing">quam</w>                <w xml:id="line.601#w.4" pos="VER" lemma="do" msd="Numb=Sing|Mood=Ind|Tense=Perf|Voice=Act|Person=1">dedi</w>                <w xml:id="line.601#w.5" pos="PUNC" lemma="," msd="MORPH=empty">,</w>            </seg>            <seg xml:id="urn:cts:latinLit:phi0119.phi010.perseus-lat2:line.601a">                <w xml:id="line.601a#w.1" pos="PROrel" lemma="qui1" msd="Numb=Sing">quam</w>                <w xml:id="line.601a#w.2" pos="INJ" lemma="hadie" msd="Deg=Pos">hÃ³die</w>                <w xml:id="line.601a#w.3" pos="NOM" lemma="uxor" msd="Case=Dat|Numb=Sing">uxori</w>                <w xml:id="line.601a#w.4" pos="VER" lemma="ebfero" msd="Numb=Sing|Mood=Ind|Tense=Perf|Voice=Act|Person=1">Ã¡bstuli</w>                <w xml:id="line.601a#w.5" pos="CONcoo" lemma="atque1" msd="MORPH=empty">atque</w>                <w xml:id="line.601a#w.6" pos="PROdem" lemma="hic1" msd="Case=Dat|Numb=Sing">huic</w>                <w xml:id="line.601a#w.7" pos="VER" lemma="defero" msd="Numb=Sing|Mood=Ind|Tense=Perf|Voice=Act|Person=1">dÃ©tuli</w>                <w xml:id="line.601a#w.8" pos="NOM" lemma="ertio" msd="Case=Nom|Numb=Sing">ErÃ³tio</w>                <w xml:id="line.601a#w.9" pos="PUNC" lemma="." msd="MORPH=empty">.</w>            </seg>            <seg xml:id="urn:cts:latinLit:phi0119.phi010.perseus-lat2:line.602">                <w xml:id="line.602#w.1" pos="PROint" lemma="quis1" msd="Case=Acc|Numb=Sing">Quid</w>                <w xml:id="line.602#w.2" pos="NOM" lemma="ab" msd="Numb=Sing">aÃ­s</w>                <w xml:id="line.602#w.3" pos="PUNC" lemma="?" msd="MORPH=empty">?</w>            </seg>            <seg xml:id="urn:cts:latinLit:phi0119.phi010.perseus-lat2:line.602b">                <w xml:id="line.602b#w.1" pos="NOM" lemma="uir" msd="Case=Dat|Numb=Sing">Viro</w>                <w xml:id="line.602b#w.2" pos="PROper" lemma="ego" msd="Case=Acc|Numb=Sing">me</w>                <w xml:id="line.602b#w.3" pos="ADJqua" lemma="malus3" msd="Case=Abl|Numb=Sing|Deg=Pos">malo</w>                <w xml:id="line.602b#w.4" pos="ADV" lemma="male" msd="Deg=Pos">mÃ¡le</w>                <w xml:id="line.602b#w.5" pos="VER" lemma="nubo" msd="Case=Acc|Numb=Sing|Mood=Par|Tense=Perf|Voice=Pass">nuptam</w>                <w xml:id="line.602b#w.6" pos="PUNC" lemma="." msd="MORPH=empty">.</w>            </seg>            <seg xml:id="urn:cts:latinLit:phi0119.phi010.perseus-lat2:line.602c">                <w xml:id="line.602c#w.1" pos="ADV" lemma="satis" msd="Deg=Pos">Satin</w>                <w xml:id="line.602c#w.2" pos="ADV" lemma="ne2" msd="MORPH=empty">Satin</w>                <w xml:id="line.602c#w.3" pos="VER" lemma="ardo" msd="Numb=Sing|Mood=Ind|Tense=Pres|Voice=Act|Person=2">aÃºdis</w>                <w xml:id="line.602c#w.4" pos="PROrel" lemma="qui1" msd="Case=Nom|Numb=Sing">quae</w>                <w xml:id="line.602c#w.5" pos="ADV" lemma="illic2" msd="Deg=Pos">illic</w>                <w xml:id="line.602c#w.6" pos="VER" lemma="liquor2" msd="Numb=Sing|Mood=Ind|Tense=Pres|Voice=Pass|Person=3">lÃ³quitur</w>                <w xml:id="line.602c#w.7" pos="PUNC" lemma="?" msd="MORPH=empty">?</w>            </seg>            <seg xml:id="urn:cts:latinLit:phi0119.phi010.perseus-lat2:line.603">                <w xml:id="line.603#w.1" pos="ADV" lemma="satis2" msd="Deg=Pos">Satis</w>                <w xml:id="line.603#w.2" pos="PUNC" lemma="." msd="MORPH=empty">.</w>            </seg>            <seg xml:id="urn:cts:latinLit:phi0119.phi010.perseus-lat2:line.603b">                <w xml:id="line.603b#w.1" pos="CONsub" lemma="sum?" msd="MORPH=empty">SÃ­</w>                <w xml:id="line.603b#w.2" pos="VER" lemma="sapio" msd="Numb=Sing|Mood=Ind|Tense=Fut|Voice=Act|Person=1">sapiam</w>                <w xml:id="line.603b#w.3" pos="PUNC" lemma="," msd="MORPH=empty">,</w>                <w xml:id="line.603b#w.4" pos="ADV" lemma="hinc" msd="Deg=Pos">hinc</w>                <w xml:id="line.603b#w.5" pos="ADV" lemma="intro2" msd="Deg=Pos">intro</w>                <w xml:id="line.603b#w.6" pos="VER" lemma="pbeo" msd="Numb=Sing|Mood=Sub|Tense=Pres|Voice=Act|Person=1">Ã¡beam</w>                <w xml:id="line.603b#w.7" pos="PUNC" lemma="," msd="MORPH=empty">,</w>                <w xml:id="line.603b#w.8" pos="CONsub" lemma="ubi3" msd="MORPH=empty">ubi</w>                <w xml:id="line.603b#w.9" pos="PROper" lemma="ego" msd="Case=Dat|Numb=Sing">mi</w>                <w xml:id="line.603b#w.10" pos="ADV" lemma="bene" msd="Deg=Pos">bene</w>                <w xml:id="line.603b#w.11" pos="VER" lemma="sum1" msd="Numb=Sing|Mood=Ind|Tense=Pres|Voice=Act|Person=3">sÃ­t</w>                <w xml:id="line.603b#w.12" pos="PUNC" lemma="." msd="MORPH=empty">.</w>            </seg>            <seg xml:id="urn:cts:latinLit:phi0119.phi010.perseus-lat2:line.603c">                <w xml:id="line.603c#w.1" pos="VER" lemma="maneo" msd="Numb=Sing|Deg=Pos|Person=2">Mane</w>                <w xml:id="line.603c#w.2" pos="PUNC" lemma=":" msd="MORPH=empty">:</w>                <w xml:id="line.603c#w.3" pos="ADV" lemma="male" msd="Deg=Pos">male</w>                <w xml:id="line.603c#w.4" pos="VER" lemma="sum1" msd="Numb=Sing|Mood=Ind|Tense=Fut|Voice=Act|Person=3">erit</w>                <w xml:id="line.603c#w.5" pos="ADV" lemma="patius" msd="Deg=Comp">pÃ³tius</w>                <w xml:id="line.603c#w.6" pos="PUNC" lemma="." msd="MORPH=empty">.</w>            </seg>            <seg xml:id="urn:cts:latinLit:phi0119.phi010.perseus-lat2:line.604">                <w xml:id="line.604#w.1" pos="ADVneg" lemma="ne3" msd="MORPH=empty">Ne</w>                <w xml:id="line.604#w.2" pos="PROind" lemma="ille" msd="Case=Acc|Numb=Sing">Ã­llam</w>                <w xml:id="line.604#w.3" pos="INJ" lemma="ecastor" msd="MORPH=empty">ecastor</w>                <w xml:id="line.604#w.4" pos="VER" lemma="faunero" msd="Numb=Sing|Mood=Imp|Tense=Fut|Voice=Act|Person=2">faÃ©nerato</w>                <w xml:id="line.604#w.5" pos="VER" lemma="effero?" msd="Numb=Sing|Mood=Ind|Tense=Perf|Voice=Act|Person=2">Ã¡bstulisti</w>                <w xml:id="line.604#w.6" pos="PUNC" lemma="." msd="MORPH=empty">.</w>            </seg>            <seg xml:id="urn:cts:latinLit:phi0119.phi010.perseus-lat2:line.604b">                <w xml:id="line.604b#w.1" pos="ADV" lemma="scc" msd="Deg=Pos">SÃ­c</w>                <w xml:id="line.604b#w.2" pos="VER" lemma="do" msd="Numb=Sing|Mood=Ind|Tense=Pres|Voice=Pass|Person=3">datur</w>                <w xml:id="line.604b#w.3" pos="PUNC" lemma="." msd="MORPH=empty">.</w>            </seg>            <seg xml:id="urn:cts:latinLit:phi0119.phi010.perseus-lat2:line.605">                <w xml:id="line.605#w.1" pos="ADV" lemma="clanculum" msd="Deg=Pos">Clanculum</w>                <w xml:id="line.605#w.2" pos="PROper" lemma="tu" msd="Case=Acc|Numb=Sing">te</w>                <w xml:id="line.605#w.3" pos="PROdem" lemma="istic1" msd="Case=Acc|Numb=Plur">istaec</w>                <w xml:id="line.605#w.4" pos="NOM" lemma="flagitium" msd="Case=Acc|Numb=Plur">flagitia</w>                <w xml:id="line.605#w.5" pos="VER" lemma="facio" msd="Mood=Inf|Tense=Pres|Voice=Act">facere</w>                <w xml:id="line.605#w.6" pos="VER" lemma="censeo" msd="Numb=Sing|Mood=Ind|Tense=Impa|Voice=Act|Person=2">censebas</w>                <w xml:id="line.605#w.7" pos="ADJqua" lemma="potis" msd="Case=Ind">potis</w>                <w xml:id="line.605#w.8" pos="PUNC" lemma="?" msd="MORPH=empty">?</w>            </seg>            <seg xml:id="urn:cts:latinLit:phi0119.phi010.perseus-lat2:line.606">                <w xml:id="line.606#w.1" pos="PROint" lemma="quis1" msd="Case=Nom|Numb=Sing">Quid</w>                <w xml:id="line.606#w.2" pos="ADV" lemma="illic2" msd="Case=Nom|Numb=Sing|Deg=Pos">illuc</w>                <w xml:id="line.606#w.3" pos="VER" lemma="sum1" msd="Numb=Sing|Mood=Ind|Tense=Pres|Voice=Act|Person=3">est</w>                <w xml:id="line.606#w.4" pos="PUNC" lemma="," msd="MORPH=empty">,</w>                <w xml:id="line.606#w.5" pos="NOM" lemma="uxor" msd="Case=Nom|Numb=Sing">uxor</w>                <w xml:id="line.606#w.6" pos="PUNC" lemma="," msd="MORPH=empty">,</w>                <w xml:id="line.606#w.7" pos="NOM" lemma="negotium" msd="Case=Gen|Numb=Sing">negoti</w>                <w xml:id="line.606#w.8" pos="PUNC" lemma="?" msd="MORPH=empty">?</w>            </seg>            <seg xml:id="urn:cts:latinLit:phi0119.phi010.perseus-lat2:line.606b">                <w xml:id="line.606b#w.1" pos="PROper" lemma="ego" msd="Case=Acc|Numb=Sing">Men</w>                <w xml:id="line.606b#w.2" pos="ADV" lemma="ne2" msd="MORPH=empty">Men</w>                <w xml:id="line.606b#w.3" pos="VER" lemma="rogo" msd="Numb=Sing|Mood=Ind|Tense=Pres|Voice=Act|Person=2">rogas</w>                <w xml:id="line.606b#w.4" pos="PUNC" lemma="?" msd="MORPH=empty">?</w>            </seg>            <seg xml:id="urn:cts:latinLit:phi0119.phi010.perseus-lat2:line.606c">                <w xml:id="line.606c#w.1" pos="VER" lemma="uolo" msd="Numb=Sing|Mood=Ind|Tense=Pres|Voice=Act|Person=2">Vin</w>                <w xml:id="line.606c#w.2" pos="ADV" lemma="ne2" msd="MORPH=empty">Vin</w>                <w xml:id="line.606c#w.3" pos="PROdem" lemma="hic1" msd="Case=Acc|Numb=Sing">hunc</w>                <w xml:id="line.606c#w.4" pos="VER" lemma="rogo" msd="Numb=Sing|Mood=Sub|Tense=Pres|Voice=Act|Person=1">rogem</w>                <w xml:id="line.606c#w.5" pos="PUNC" lemma="?" msd="MORPH=empty">?</w>            </seg>            <seg xml:id="urn:cts:latinLit:phi0119.phi010.perseus-lat2:line.607">                <w xml:id="line.607#w.1" pos="VER" lemma="aufero" msd="Numb=Sing|Mood=Imp|Tense=Pres|Voice=Act|Person=2">Aufer</w>                <w xml:id="line.607#w.2" pos="ADV" lemma="hinc" msd="Deg=Pos">hinc</w>                <w xml:id="line.607#w.3" pos="NOM" lemma="palpatio" msd="Case=Acc|Numb=Plur">palpationes</w>                <w xml:id="line.607#w.4" pos="PUNC" lemma="." msd="MORPH=empty">.</w>            </seg>            <seg xml:id="urn:cts:latinLit:phi0119.phi010.perseus-lat2:line.607b">                <w xml:id="line.607b#w.1" pos="VER" lemma="pergo" msd="Numb=Sing|Mood=Imp|Tense=Pres|Voice=Act|Person=2">Perge</w>                <w xml:id="line.607b#w.2" pos="PROper" lemma="tu" msd="Case=Nom|Numb=Sing">tu</w>                <w xml:id="line.607b#w.3" pos="PUNC" lemma="." msd="MORPH=empty">.</w>            </seg>            <seg xml:id="urn:cts:latinLit:phi0119.phi010.perseus-lat2:line.607c">                <w xml:id="line.607c#w.1" pos="PROint" lemma="quis1" msd="Case=Acc|Numb=Sing">Quid</w>                <w xml:id="line.607c#w.2" pos="PROper" lemma="tu" msd="Case=Nom|Numb=Sing">tu</w>                <w xml:id="line.607c#w.3" pos="PROper" lemma="ego" msd="Case=Dat|Numb=Sing">mihi</w>            </seg>            <seg xml:id="urn:cts:latinLit:phi0119.phi010.perseus-lat2:line.608">                <w xml:id="line.608#w.1" pos="ADJqua" lemma="tristis" msd="Case=Nom|Numb=Sing|Deg=Pos">tristis</w>                <w xml:id="line.608#w.2" pos="VER" lemma="sum1" msd="Numb=Sing|Mood=Ind|Tense=Pres|Voice=Act|Person=2">es</w>                <w xml:id="line.608#w.3" pos="PUNC" lemma="?" msd="MORPH=empty">?</w>            </seg>            <seg xml:id="urn:cts:latinLit:phi0119.phi010.perseus-lat2:line.608b">                <w xml:id="line.608b#w.1" pos="PROper" lemma="tu" msd="Case=Acc|Numb=Sing">Te</w>                <w xml:id="line.608b#w.2" pos="VER" lemma="scio" msd="Mood=Inf|Tense=Pres|Voice=Act">scire</w>                <w xml:id="line.608b#w.3" pos="VER" lemma="oportet" msd="Numb=Sing|Mood=Ind|Tense=Pres|Voice=Act|Person=3">oportet</w>                <w xml:id="line.608b#w.4" pos="PUNC" lemma="." msd="MORPH=empty">.</w>            </seg>            <seg xml:id="urn:cts:latinLit:phi0119.phi010.perseus-lat2:line.608c">                <w xml:id="line.608c#w.1" pos="VER" lemma="scio" msd="Numb=Sing|Mood=Ind|Tense=Pres|Voice=Act|Person=3">Scit</w>                <w xml:id="line.608c#w.2" pos="PUNC" lemma="," msd="MORPH=empty">,</w>                <w xml:id="line.608c#w.3" pos="CONcoo" lemma="sed" msd="MORPH=empty">sed</w>                <w xml:id="line.608c#w.4" pos="VER" lemma="dissimulo" msd="Numb=Sing|Mood=Ind|Tense=Pres|Voice=Act|Person=3">dissimulat</w>                <w xml:id="line.608c#w.5" pos="ADJqua" lemma="malus3" msd="Case=Nom|Numb=Sing|Deg=Pos">malus</w>                <w xml:id="line.608c#w.6" pos="PUNC" lemma="." msd="MORPH=empty">.</w>            </seg>            <seg xml:id="urn:cts:latinLit:phi0119.phi010.perseus-lat2:line.609">                <w xml:id="line.609#w.1" pos="PROint" lemma="quis1" msd="Case=Nom|Numb=Sing">Quid</w>                <w xml:id="line.609#w.2" pos="NOM" lemma="negotium" msd="Case=Dat|Numb=Sing">negotist</w>                <w xml:id="line.609#w.3" pos="VER" lemma="sum1" msd="Numb=Sing|Mood=Ind|Tense=Pres|Voice=Act|Person=3">negotist</w>                <w xml:id="line.609#w.4" pos="PUNC" lemma="?" msd="MORPH=empty">?</w>            </seg>            <seg xml:id="urn:cts:latinLit:phi0119.phi010.perseus-lat2:line.609b">                <w xml:id="line.609b#w.1" pos="NOM" lemma="palla" msd="Case=Acc|Numb=Sing">Pallam</w>                <w xml:id="line.609b#w.2" pos="PUNC" lemma="â" msd="MORPH=empty">â</w>            </seg>            <seg xml:id="urn:cts:latinLit:phi0119.phi010.perseus-lat2:line.609c">                <w xml:id="line.609c#w.1" pos="NOM" lemma="palla" msd="Case=Acc|Numb=Sing">Pallam</w>                <w xml:id="line.609c#w.2" pos="PUNC" lemma="?" msd="MORPH=empty">?</w>            </seg>            <seg xml:id="urn:cts:latinLit:phi0119.phi010.perseus-lat2:line.609d">                <w xml:id="line.609d#w.1" pos="PROind" lemma="quidam" msd="Case=Nom|Numb=Sing">Quidam</w>                <w xml:id="line.609d#w.2" pos="NOM" lemma="palla" msd="Case=Acc|Numb=Sing">pallam</w>                <w xml:id="line.609d#w.3" pos="PUNC" lemma="â" msd="MORPH=empty">â</w>            </seg>            <seg xml:id="urn:cts:latinLit:phi0119.phi010.perseus-lat2:line.609e">                <w xml:id="line.609e#w.1" pos="PROint" lemma="quis1" msd="Case=Acc|Numb=Sing">Quid</w>                <w xml:id="line.609e#w.2" pos="VER" lemma="paueo" msd="Numb=Sing|Mood=Ind|Tense=Pres|Voice=Act|Person=2">paves</w>                <w xml:id="line.609e#w.3" pos="PUNC" lemma="?" msd="MORPH=empty">?</w>            </seg>            <seg xml:id="urn:cts:latinLit:phi0119.phi010.perseus-lat2:line.610">                <w xml:id="line.610#w.1" pos="PROind" lemma="nihil" msd="Case=Ind">Nil</w>                <w xml:id="line.610#w.2" pos="ADV" lemma="equidem" msd="Deg=Pos">equidem</w>                <w xml:id="line.610#w.3" pos="VER" lemma="paueo" msd="Numb=Sing|Mood=Ind|Tense=Pres|Voice=Act|Person=1">paveo</w>                <w xml:id="line.610#w.4" pos="PUNC" lemma="." msd="MORPH=empty">.</w>            </seg>            <seg xml:id="urn:cts:latinLit:phi0119.phi010.perseus-lat2:line.610b">                <w xml:id="line.610b#w.1" pos="CONsub" lemma="nisi" msd="MORPH=empty">Nisi</w>                <w xml:id="line.610b#w.2" pos="ADJcar" lemma="unus" msd="Case=Acc|Numb=Sing">unum</w>                <w xml:id="line.610b#w.3" pos="PUNC" lemma=":" msd="MORPH=empty">:</w>                <w xml:id="line.610b#w.4" pos="NOM" lemma="palla" msd="Case=Nom|Numb=Sing">palla</w>                <w xml:id="line.610b#w.5" pos="NOM" lemma="pallor" msd="Case=Acc|Numb=Sing">pallorem</w>                <w xml:id="line.610b#w.6" pos="VER" lemma="incutio" msd="Numb=Sing|Mood=Ind|Tense=Pres|Voice=Act|Person=3">incutit</w>                <w xml:id="line.610b#w.7" pos="PUNC" lemma="." msd="MORPH=empty">.</w>            </seg>            <seg xml:id="urn:cts:latinLit:phi0119.phi010.perseus-lat2:line.611">                <w xml:id="line.611#w.1" pos="CONcoo" lemma="at2" msd="MORPH=empty">at</w>                <w xml:id="line.611#w.2" pos="PROper" lemma="tu" msd="Case=Nom|Numb=Sing">tu</w>                <w xml:id="line.611#w.3" pos="CONsub" lemma="ne4" msd="MORPH=empty">ne</w>                <w xml:id="line.611#w.4" pos="ADV" lemma="clam1" msd="Deg=Pos">clam</w>                <w xml:id="line.611#w.5" pos="PROper" lemma="ego" msd="Case=Acc|Numb=Sing">me</w>                <w xml:id="line.611#w.6" pos="VER" lemma="comedo2" msd="Numb=Sing|Mood=Sub|Tense=Pqp|Voice=Act|Person=2">comesses</w>                <w xml:id="line.611#w.7" pos="NOM" lemma="prandium" msd="Case=Nom|Numb=Sing">prandium</w>                <w xml:id="line.611#w.8" pos="PUNC" lemma="." msd="MORPH=empty">.</w>                <w xml:id="line.611#w.9" pos="VER" lemma="pergo" msd="Numb=Sing|Mood=Imp|Tense=Pres|Voice=Act|Person=2">perge</w>                <w xml:id="line.611#w.10" pos="PRE" lemma="in" msd="MORPH=empty">in</w>                <w xml:id="line.611#w.11" pos="NOM" lemma="uir" msd="Case=Acc|Numb=Sing">virum</w>                <w xml:id="line.611#w.12" pos="PUNC" lemma="." msd="MORPH=empty">.</w>            </seg>            <seg xml:id="urn:cts:latinLit:phi0119.phi010.perseus-lat2:line.612">                <w xml:id="line.612#w.1" pos="ADVneg" lemma="non" msd="MORPH=empty">Non</w>                <w xml:id="line.612#w.2" pos="VER" lemma="taceo" msd="Numb=Sing|Mood=Ind|Tense=Pres|Voice=Act|Person=2">taces</w>                <w xml:id="line.612#w.3" pos="PUNC" lemma="?" msd="MORPH=empty">?</w>            </seg>            <seg xml:id="urn:cts:latinLit:phi0119.phi010.perseus-lat2:line.612b">                <w xml:id="line.612b#w.1" pos="ADVneg" lemma="non" msd="MORPH=empty">Non</w>                <w xml:id="line.612b#w.2" pos="INJ" lemma="hercules" msd="MORPH=empty">hercle</w>                <w xml:id="line.612b#w.3" pos="ADV" lemma="uero3" msd="Deg=Pos">vero</w>                <w xml:id="line.612b#w.4" pos="VER" lemma="taceo" msd="Numb=Sing|Mood=Ind|Tense=Pres|Voice=Act|Person=1">taceo</w>                <w xml:id="line.612b#w.5" pos="PUNC" lemma="." msd="MORPH=empty">.</w>                <w xml:id="line.612b#w.6" pos="VER" lemma="nuto" msd="Numb=Sing|Mood=Ind|Tense=Pres|Voice=Act|Person=3">nutat</w>                <w xml:id="line.612b#w.7" pos="PUNC" lemma="," msd="MORPH=empty">,</w>                <w xml:id="line.612b#w.8" pos="CONsub" lemma="ne4" msd="MORPH=empty">ne</w>                <w xml:id="line.612b#w.9" pos="VER" lemma="loquor" msd="Numb=Sing|Mood=Sub|Tense=Pres|Voice=Dep|Person=1">loquar</w>                <w xml:id="line.612b#w.10" pos="PUNC" lemma="." msd="MORPH=empty">.</w>            </seg>            <seg xml:id="urn:cts:latinLit:phi0119.phi010.perseus-lat2:line.613">                <w xml:id="line.613#w.1" pos="ADVneg" lemma="non" msd="MORPH=empty">Non</w>                <w xml:id="line.613#w.2" pos="INJ" lemma="hercules" msd="MORPH=empty">hercle</w>                <w xml:id="line.613#w.3" pos="PROper" lemma="ego" msd="Case=Nom|Numb=Sing">ego</w>                <w xml:id="line.613#w.4" pos="ADV" lemma="quidem" msd="Deg=Pos">quidem</w>                <w xml:id="line.613#w.5" pos="ADV" lemma="usquam" msd="Deg=Pos">usquam</w>                <w xml:id="line.613#w.6" pos="PROind" lemma="quisquam" msd="Case=Acc|Numb=Sing">quicquam</w>                <w xml:id="line.613#w.7" pos="VER" lemma="nuto" msd="Numb=Sing|Mood=Ind|Tense=Pres|Voice=Act|Person=1">nuto</w>                <w xml:id="line.613#w.8" pos="CONcoo" lemma="neque" msd="MORPH=empty">neque</w>                <w xml:id="line.613#w.9" pos="VER" lemma="ningo" msd="Numb=Sing|Mood=Ind|Tense=Pres|Voice=Act">nicto</w>                <w xml:id="line.613#w.10" pos="PROper" lemma="tu" msd="Case=Dat|Numb=Sing">tibi</w>                <w xml:id="line.613#w.11" pos="PUNC" lemma="." msd="MORPH=empty">.</w>            </seg>            <seg xml:id="urn:cts:latinLit:phi0119.phi010.perseus-lat2:line.614">                <w xml:id="line.614#w.1" pos="ADVneg" lemma="ne3" msd="MORPH=empty">Ne</w>                <w xml:id="line.614#w.2" pos="PROper" lemma="ego" msd="Case=Nom|Numb=Sing">ego</w>                <w xml:id="line.614#w.3" pos="INJ" lemma="mecastor" msd="MORPH=empty">mecastor</w>                <w xml:id="line.614#w.4" pos="NOM" lemma="mulier" msd="Case=Voc|Numb=Sing">mulier</w>                <w xml:id="line.614#w.5" pos="ADJqua" lemma="miser" msd="Case=Nom|Numb=Sing|Deg=Pos">misera</w>                <w xml:id="line.614#w.6" pos="PUNC" lemma="." msd="MORPH=empty">.</w>            </seg>            <seg xml:id="urn:cts:latinLit:phi0119.phi010.perseus-lat2:line.614b">                <w xml:id="line.614b#w.1" pos="ADVint" lemma="qui3" msd="Case=Nom|Numb=Sing">Qui</w>                <w xml:id="line.614b#w.2" pos="PROper" lemma="tu" msd="Case=Nom|Numb=Sing">tu</w>                <w xml:id="line.614b#w.3" pos="ADJqua" lemma="miser" msd="Case=Nom|Numb=Sing|Deg=Pos">misera</w>                <w xml:id="line.614b#w.4" pos="VER" lemma="sum1" msd="Numb=Sing|Mood=Ind|Tense=Pres|Voice=Act|Person=2">es</w>                <w xml:id="line.614b#w.5" pos="PUNC" lemma="?" msd="MORPH=empty">?</w>                <w xml:id="line.614b#w.6" pos="PROper" lemma="ego" msd="Case=Voc|Numb=Sing">mi</w>                <w xml:id="line.614b#w.7" pos="VER" lemma="expedio" msd="Numb=Sing|Mood=Imp|Tense=Pres|Voice=Act|Person=2">expedi</w>                <w xml:id="line.614b#w.8" pos="PUNC" lemma="." msd="MORPH=empty">.</w>            </seg>            <seg xml:id="urn:cts:latinLit:phi0119.phi010.perseus-lat2:line.615">                <w xml:id="line.615#w.1" pos="PROind" lemma="nihil" msd="Case=Ind">Nihil</w>                <w xml:id="line.615#w.2" pos="PROdem" lemma="hic1" msd="Case=Acc|Numb=Sing">hoc</w>                <w xml:id="line.615#w.3" pos="ADV" lemma="confidens" msd="Deg=Comp">confidentius</w>                <w xml:id="line.615#w.4" pos="PUNC" lemma="," msd="MORPH=empty">,</w>                <w xml:id="line.615#w.5" pos="PROrel" lemma="qui1" msd="Case=Nom|Numb=Sing">qui</w>                <w xml:id="line.615#w.6" pos="PROrel" lemma="qui1" msd="Case=Acc|Numb=Plur">quae</w>                <w xml:id="line.615#w.7" pos="VER" lemma="uideo" msd="Numb=Sing|Mood=Ind|Tense=Pres|Voice=Act|Person=2">vides</w>                <w xml:id="line.615#w.8" pos="PROdem" lemma="is" msd="Case=Acc|Numb=Plur">ea</w>                <w xml:id="line.615#w.9" pos="VER" lemma="pernego" msd="Numb=Sing|Mood=Ind|Tense=Pres|Voice=Act|Person=3">pernegat</w>                <w xml:id="line.615#w.10" pos="PUNC" lemma="." msd="MORPH=empty">.</w>            </seg>            <seg xml:id="urn:cts:latinLit:phi0119.phi010.perseus-lat2:line.616">                <w xml:id="line.616#w.1" pos="PRE" lemma="per" msd="MORPH=empty">Per</w>                <w xml:id="line.616#w.2" pos="NOM" lemma="ius?" msd="Case=Acc|Numb=Sing">Iovem</w>                <w xml:id="line.616#w.3" pos="NOM" lemma="deus" msd="Case=Acc|Numb=Plur">deosque</w>                <w xml:id="line.616#w.4" pos="CON" lemma="que" msd="MORPH=empty">deosque</w>                <w xml:id="line.616#w.5" pos="PROind" lemma="omnis" msd="Case=Acc|Numb=Plur">omnis</w>                <w xml:id="line.616#w.6" pos="VER" lemma="adiuro" msd="Numb=Sing|Mood=Ind|Tense=Pres|Voice=Act|Person=1">adiuro</w>                <w xml:id="line.616#w.7" pos="PUNC" lemma="," msd="MORPH=empty">,</w>                <w xml:id="line.616#w.8" pos="NOM" lemma="uxor" msd="Case=Nom|Numb=Sing">uxor</w>                <w xml:id="line.616#w.9" pos="PUNC" lemma="," msd="MORPH=empty">,</w>                <w xml:id="line.616#w.10" pos="PUNC" lemma="(" msd="MORPH=empty">(</w>                <w xml:id="line.616#w.11" pos="ADV" lemma="satis" msd="Deg=Pos">satin</w>                <w xml:id="line.616#w.12" pos="ADV" lemma="ne2" msd="MORPH=empty">satin</w>                <w xml:id="line.616#w.13" pos="PROdem" lemma="hic1" msd="Case=Nom|Numb=Sing">hoc</w>                <w xml:id="line.616#w.14" pos="VER" lemma="sum1" msd="Numb=Sing|Mood=Ind|Tense=Pres|Voice=Act|Person=3">est</w>                <w xml:id="line.616#w.15" pos="PROper" lemma="tu" msd="Case=Dat|Numb=Sing">tibi</w>                <w xml:id="line.616#w.16" pos="PUNC" lemma="?" msd="MORPH=empty">?</w>                <w xml:id="line.616#w.17" pos="PUNC" lemma=")" msd="MORPH=empty">)</w>            </seg>            <seg xml:id="urn:cts:latinLit:phi0119.phi010.perseus-lat2:line.617">                <w xml:id="line.617#w.1" pos="PROper" lemma="ego" msd="Case=Acc|Numb=Sing">me</w>                <w xml:id="line.617#w.2" pos="PROdem" lemma="iste" msd="Case=Dat|Numb=Sing">isti</w>                <w xml:id="line.617#w.3" pos="ADVneg" lemma="non" msd="MORPH=empty">non</w>                <w xml:id="line.617#w.4" pos="VER" lemma="nuto" msd="Mood=Inf|Tense=Perf|Voice=Act">nutasse</w>                <w xml:id="line.617#w.5" pos="PUNC" lemma="." msd="MORPH=empty">.</w>            </seg>            <seg xml:id="urn:cts:latinLit:phi0119.phi010.perseus-lat2:line.617b">                <w xml:id="line.617b#w.1" pos="VER" lemma="credo" msd="Numb=Sing|Mood=Ind|Tense=Pres|Voice=Act|Person=3">Credit</w>                <w xml:id="line.617b#w.2" pos="ADV" lemma="iam" msd="Deg=Pos">iam</w>                <w xml:id="line.617b#w.3" pos="PROper" lemma="tu" msd="Case=Dat|Numb=Sing">tibi</w>                <w xml:id="line.617b#w.4" pos="PRE" lemma="de" msd="MORPH=empty">de</w>                <w xml:id="line.617b#w.5" pos="PROdem" lemma="iste" msd="Case=Abl|Numb=Sing">isto</w>                <w xml:id="line.617b#w.6" pos="PUNC" lemma=":" msd="MORPH=empty">:</w>                <w xml:id="line.617b#w.7" pos="ADV" lemma="illuc" msd="Numb=Sing|Deg=Pos">illuc</w>                <w xml:id="line.617b#w.8" pos="VER" lemma="redeo1" msd="Numb=Sing|Mood=Imp|Tense=Pres|Voice=Act|Person=2">redi</w>                <w xml:id="line.617b#w.9" pos="PUNC" lemma="." msd="MORPH=empty">.</w>            </seg>            <seg xml:id="urn:cts:latinLit:phi0119.phi010.perseus-lat2:line.618">                <w xml:id="line.618#w.1" pos="ADVint" lemma="qua2" msd="MORPH=empty">QuÃ³</w>                <w xml:id="line.618#w.2" pos="PROper" lemma="ego" msd="Case=Nom|Numb=Sing">ego</w>                <w xml:id="line.618#w.3" pos="VER" lemma="redeo1" msd="Numb=Sing|Mood=Sub|Tense=Pres|Voice=Act|Person=1">redeam</w>                <w xml:id="line.618#w.4" pos="PUNC" lemma="?" msd="MORPH=empty">?</w>            </seg>            <seg xml:id="urn:cts:latinLit:phi0119.phi010.perseus-lat2:line.618b">                <w xml:id="line.618b#w.1" pos="ADV" lemma="equidem" msd="Deg=Pos">Equidem</w>                <w xml:id="line.618b#w.2" pos="PRE" lemma="ad2" msd="MORPH=empty">ad</w>                <w xml:id="line.618b#w.3" pos="NOM" lemma="phrygio" msd="Case=Acc|Numb=Sing">phrygionem</w>                <w xml:id="line.618b#w.4" pos="VER" lemma="censeo" msd="Numb=Sing|Mood=Ind|Tense=Pres|Voice=Act|Person=1">censeo</w>                <w xml:id="line.618b#w.5" pos="PUNC" lemma="." msd="MORPH=empty">.</w>                <w xml:id="line.618b#w.6" pos="INJ" lemma="ei" msd="Numb=Sing">ei</w>                <w xml:id="line.618b#w.7" pos="PUNC" lemma="," msd="MORPH=empty">,</w>                <w xml:id="line.618b#w.8" pos="NOM" lemma="palla" msd="Case=Acc|Numb=Sing">pallam</w>                <w xml:id="line.618b#w.9" pos="VER" lemma="refero" msd="Numb=Sing|Mood=Imp|Tense=Pres|Voice=Act|Person=2">refer</w>                <w xml:id="line.618b#w.10" pos="PUNC" lemma="." msd="MORPH=empty">.</w>            </seg>            <seg xml:id="urn:cts:latinLit:phi0119.phi010.perseus-lat2:line.619">                <w xml:id="line.619#w.1" pos="PROint" lemma="quis1" msd="Case=Nom|Numb=Sing">Quae</w>                <w xml:id="line.619#w.2" pos="PROdem" lemma="istic1" msd="Case=Nom|Numb=Sing">istaec</w>                <w xml:id="line.619#w.3" pos="NOM" lemma="palla" msd="Case=Nom|Numb=Sing">palla</w>                <w xml:id="line.619#w.4" pos="VER" lemma="sum1" msd="Numb=Sing|Mood=Ind|Tense=Pres|Voice=Act|Person=3">est</w>                <w xml:id="line.619#w.5" pos="PUNC" lemma="?" msd="MORPH=empty">?</w>            </seg>            <seg xml:id="urn:cts:latinLit:phi0119.phi010.perseus-lat2:line.619b">                <w xml:id="line.619b#w.1" pos="VER" lemma="taceo" msd="Numb=Sing|Mood=Ind|Tense=Pres|Voice=Act|Person=1">Taceo</w>                <w xml:id="line.619b#w.2" pos="ADV" lemma="iam" msd="Deg=Pos">iam</w>                <w xml:id="line.619b#w.3" pos="PUNC" lemma="," msd="MORPH=empty">,</w>                <w xml:id="line.619b#w.4" pos="ADVint" lemma="quando2" msd="MORPH=empty">quando</w>                <w xml:id="line.619b#w.5" pos="PROdem" lemma="hic1" msd="Case=Acc|Numb=Sing">haec</w>                <w xml:id="line.619b#w.6" pos="NOM" lemma="res" msd="Case=Acc|Numb=Sing">rem</w>                <w xml:id="line.619b#w.7" pos="ADVneg" lemma="non" msd="MORPH=empty">non</w>                <w xml:id="line.619b#w.8" pos="VER" lemma="memini" msd="Numb=Sing|Mood=Ind|Tense=Perf|Voice=Act|Person=3">meminit</w>                <w xml:id="line.619b#w.9" pos="PROpos.ref" lemma="suus" msd="Case=Acc|Numb=Sing">suam</w>                <w xml:id="line.619b#w.10" pos="PUNC" lemma="." msd="MORPH=empty">.</w>            </seg>            <seg xml:id="urn:cts:latinLit:phi0119.phi010.perseus-lat2:line.619a">            </seg>            <seg xml:id="urn:cts:latinLit:phi0119.phi010.perseus-lat2:line.620">                <w xml:id="line.620#w.1" pos="PROind" lemma="numquis" msd="Case=Nom|Numb=Sing">Numquis</w>                <w xml:id="line.620#w.2" pos="NOM" lemma="seruus?" msd="Case=Gen|Numb=Plur">servorum</w>                <w xml:id="line.620#w.3" pos="VER" lemma="delinquo" msd="Numb=Sing|Mood=Ind|Tense=Perf|Voice=Act|Person=3">deliquit</w>                <w xml:id="line.620#w.4" pos="PUNC" lemma="?" msd="MORPH=empty">?</w>                <w xml:id="line.620#w.5" pos="ADVint" lemma="num" msd="MORPH=empty">num</w>                <w xml:id="line.620#w.6" pos="NOM" lemma="ancilla" msd="Case=Nom|Numb=Plur">ancillae</w>                <w xml:id="line.620#w.7" pos="CONcoo" lemma="aut" msd="MORPH=empty">aut</w>                <w xml:id="line.620#w.8" pos="NOM" lemma="seruus?" msd="Case=Nom|Numb=Plur">servi</w>                <w xml:id="line.620#w.9" pos="PROper" lemma="tu" msd="Case=Dat|Numb=Sing">tibi</w>            </seg>            <seg xml:id="urn:cts:latinLit:phi0119.phi010.perseus-lat2:line.621">                <w xml:id="line.621#w.1" pos="VER" lemma="responso" msd="Numb=Plur|Mood=Ind|Tense=Pres|Voice=Act|Person=3">responsant</w>                <w xml:id="line.621#w.2" pos="PUNC" lemma="?" msd="MORPH=empty">?</w>                <w xml:id="line.621#w.3" pos="VER" lemma="eloquor" msd="Numb=Sing|Mood=Imp|Tense=Pres|Voice=Dep|Person=2">eloquere</w>                <w xml:id="line.621#w.4" pos="PUNC" lemma="." msd="MORPH=empty">.</w>                <w xml:id="line.621#w.5" pos="ADV" lemma="impune" msd="Deg=Pos">impune</w>                <w xml:id="line.621#w.6" pos="ADVneg" lemma="non" msd="MORPH=empty">non</w>                <w xml:id="line.621#w.7" pos="VER" lemma="sum1" msd="Numb=Sing|Mood=Ind|Tense=Fut|Voice=Act|Person=3">erit</w>                <w xml:id="line.621#w.8" pos="PUNC" lemma="." msd="MORPH=empty">.</w>            </seg>            <seg xml:id="urn:cts:latinLit:phi0119.phi010.perseus-lat2:line.621b">                <w xml:id="line.621b#w.1" pos="NOM" lemma="nugae" msd="Case=Acc|Numb=Plur">Nugas</w>                <w xml:id="line.621b#w.2" pos="VER" lemma="ago" msd="Numb=Sing|Mood=Ind|Tense=Pres|Voice=Act|Person=2">agis</w>                <w xml:id="line.621b#w.3" pos="PUNC" lemma="." msd="MORPH=empty">.</w>            </seg>            <seg xml:id="urn:cts:latinLit:phi0119.phi010.perseus-lat2:line.622">                <w xml:id="line.622#w.1" pos="ADJqua" lemma="tristis" msd="Case=Nom|Numb=Sing|Deg=Pos">Tristis</w>                <w xml:id="line.622#w.2" pos="ADV" lemma="admodum" msd="Deg=Pos">admodum</w>                <w xml:id="line.622#w.3" pos="VER" lemma="sum1" msd="Numb=Sing|Mood=Ind|Tense=Pres|Voice=Act|Person=2">es</w>                <w xml:id="line.622#w.4" pos="PUNC" lemma="." msd="MORPH=empty">.</w>                <w xml:id="line.622#w.5" pos="ADVneg" lemma="non" msd="MORPH=empty">non</w>                <w xml:id="line.622#w.6" pos="PROper" lemma="ego" msd="Case=Dat|Numb=Sing">mi</w>                <w xml:id="line.622#w.7" pos="PROdem" lemma="istic1" msd="Case=Nom|Numb=Sing">istuc</w>                <w xml:id="line.622#w.8" pos="ADV" lemma="satis2" msd="Case=Ind|Deg=Pos">satis</w>                <w xml:id="line.622#w.9" pos="VER" lemma="placeo" msd="Numb=Sing|Mood=Ind|Tense=Pres|Voice=Act|Person=3">placet</w>                <w xml:id="line.622#w.10" pos="PUNC" lemma="." msd="MORPH=empty">.</w>            </seg>            <seg xml:id="urn:cts:latinLit:phi0119.phi010.perseus-lat2:line.622b">                <w xml:id="line.622b#w.1" pos="NOM" lemma="nugae" msd="Case=Acc|Numb=Plur">Nugas</w>                <w xml:id="line.622b#w.2" pos="VER" lemma="ago" msd="Numb=Sing|Mood=Ind|Tense=Pres|Voice=Act|Person=2">agis</w>                <w xml:id="line.622b#w.3" pos="PUNC" lemma="." msd="MORPH=empty">.</w>            </seg>            <seg xml:id="urn:cts:latinLit:phi0119.phi010.perseus-lat2:line.623">                <w xml:id="line.623#w.1" pos="ADV" lemma="certe" msd="Deg=Pos">Certe</w>                <w xml:id="line.623#w.2" pos="NOM" lemma="familiaris?" msd="Case=Gen|Numb=Plur">familiarium</w>                <w xml:id="line.623#w.3" pos="PROind" lemma="aliquis" msd="Case=Dat|Numb=Sing">aliquoi</w>                <w xml:id="line.623#w.4" pos="ADJqua" lemma="rratus" msd="Case=Nom|Numb=Sing|Deg=Pos">Ã­rata</w>                <w xml:id="line.623#w.5" pos="VER" lemma="sum1" msd="Numb=Sing|Mood=Ind|Tense=Pres|Voice=Act|Person=2">es</w>                <w xml:id="line.623#w.6" pos="PUNC" lemma="." msd="MORPH=empty">.</w>            </seg>            <seg xml:id="urn:cts:latinLit:phi0119.phi010.perseus-lat2:line.623b">                <w xml:id="line.623b#w.1" pos="NOM" lemma="nugae" msd="Case=Acc|Numb=Plur">Nugas</w>                <w xml:id="line.623b#w.2" pos="VER" lemma="ago" msd="Numb=Sing|Mood=Ind|Tense=Pres|Voice=Act|Person=2">agis</w>                <w xml:id="line.623b#w.3" pos="PUNC" lemma="." msd="MORPH=empty">.</w>            </seg>            <seg xml:id="urn:cts:latinLit:phi0119.phi010.perseus-lat2:line.624">                <w xml:id="line.624#w.1" pos="ADVint" lemma="num" msd="MORPH=empty">Num</w>                <w xml:id="line.624#w.2" pos="PROper" lemma="ego" msd="Case=Dat|Numb=Sing">mihi</w>                <w xml:id="line.624#w.3" pos="VER" lemma="sum1" msd="Numb=Sing|Mood=Ind|Tense=Pres|Voice=Act|Person=2">es</w>                <w xml:id="line.624#w.4" pos="ADJqua" lemma="iratus" msd="Case=Nom|Numb=Sing|Deg=Pos">irata</w>                <w xml:id="line.624#w.5" pos="ADV" lemma="saltem" msd="Deg=Pos">saltem</w>                <w xml:id="line.624#w.6" pos="PUNC" lemma="?" msd="MORPH=empty">?</w>            </seg>            <seg xml:id="urn:cts:latinLit:phi0119.phi010.perseus-lat2:line.624b">                <w xml:id="line.624b#w.1" pos="ADV" lemma="nunc" msd="Deg=Pos">Nunc</w>                <w xml:id="line.624b#w.2" pos="PROper" lemma="tu" msd="Case=Nom|Numb=Sing">tu</w>                <w xml:id="line.624b#w.3" pos="ADVneg" lemma="non" msd="MORPH=empty">non</w>                <w xml:id="line.624b#w.4" pos="NOM" lemma="nugae" msd="Case=Acc|Numb=Plur">nugas</w>                <w xml:id="line.624b#w.5" pos="VER" lemma="ago" msd="Numb=Sing|Mood=Ind|Tense=Pres|Voice=Act|Person=2">agis</w>                <w xml:id="line.624b#w.6" pos="PUNC" lemma="." msd="MORPH=empty">.</w>            </seg>            <seg xml:id="urn:cts:latinLit:phi0119.phi010.perseus-lat2:line.625">                <w xml:id="line.625#w.1" pos="ADVneg" lemma="non" msd="MORPH=empty">Non</w>                <w xml:id="line.625#w.2" pos="INJ" lemma="edepol" msd="MORPH=empty">edepol</w>                <w xml:id="line.625#w.3" pos="VER" lemma="delinquo" msd="Numb=Sing|Mood=Ind|Tense=Perf|Voice=Act|Person=1">deliqui</w>                <w xml:id="line.625#w.4" pos="PROind" lemma="quisquam" msd="Case=Acc|Numb=Sing">quicquam</w>                <w xml:id="line.625#w.5" pos="PUNC" lemma="." msd="MORPH=empty">.</w>            </seg>            <seg xml:id="urn:cts:latinLit:phi0119.phi010.perseus-lat2:line.625b">                <w xml:id="line.625b#w.1" pos="INJ" lemma="hem" msd="MORPH=empty">Em</w>                <w xml:id="line.625b#w.2" pos="ADV" lemma="rursus" msd="Deg=Pos">rursum</w>                <w xml:id="line.625b#w.3" pos="ADV" lemma="nunc" msd="Deg=Pos">nunc</w>                <w xml:id="line.625b#w.4" pos="NOM" lemma="nugae" msd="Case=Acc|Numb=Plur">nugas</w>                <w xml:id="line.625b#w.5" pos="VER" lemma="ago" msd="Numb=Sing|Mood=Ind|Tense=Pres|Voice=Act|Person=2">agis</w>                <w xml:id="line.625b#w.6" pos="PUNC" lemma="." msd="MORPH=empty">.</w>            </seg>            <seg xml:id="urn:cts:latinLit:phi0119.phi010.perseus-lat2:line.626">                <w xml:id="line.626#w.1" pos="VER" lemma="dico?" msd="Numb=Sing|Mood=Imp|Tense=Pres|Voice=Act|Person=2">Dic</w>                <w xml:id="line.626#w.2" pos="PUNC" lemma="," msd="MORPH=empty">,</w>                <w xml:id="line.626#w.3" pos="PROpos" lemma="meus" msd="Case=Voc|Numb=Sing">mea</w>                <w xml:id="line.626#w.4" pos="NOM" lemma="uxor" msd="Case=Voc|Numb=Sing">uxor</w>                <w xml:id="line.626#w.5" pos="PUNC" lemma="," msd="MORPH=empty">,</w>                <w xml:id="line.626#w.6" pos="PROint" lemma="quis1" msd="Case=Nom|Numb=Sing">quid</w>                <w xml:id="line.626#w.7" pos="PROper" lemma="tu" msd="Case=Dat|Numb=Sing">tibi</w>                <w xml:id="line.626#w.8" pos="ADV" lemma="aegre" msd="Deg=Pos">aegre</w>                <w xml:id="line.626#w.9" pos="VER" lemma="sum1" msd="Numb=Sing|Mood=Ind|Tense=Pres|Voice=Act|Person=3">est</w>                <w xml:id="line.626#w.10" pos="PUNC" lemma="?" msd="MORPH=empty">?</w>            </seg>            <seg xml:id="urn:cts:latinLit:phi0119.phi010.perseus-lat2:line.626b">                <w xml:id="line.626b#w.1" pos="ADJqua" lemma="bellus" msd="Case=Nom|Numb=Sing|Deg=Pos">Bellus</w>                <w xml:id="line.626b#w.2" pos="VER" lemma="blandior" msd="Numb=Sing|Mood=Ind|Tense=Pres|Voice=Dep|Person=3">blanditur</w>                <w xml:id="line.626b#w.3" pos="PROper" lemma="tu" msd="Case=Dat|Numb=Sing">tibi</w>                <w xml:id="line.626b#w.4" pos="PUNC" lemma="." msd="MORPH=empty">.</w>            </seg>            <seg xml:id="urn:cts:latinLit:phi0119.phi010.perseus-lat2:line.627">                <w xml:id="line.627#w.1" pos="ADV" lemma="potis" msd="Case=Ind|Deg=Pos">Potin</w>                <w xml:id="line.627#w.2" pos="ADV" lemma="ne2" msd="MORPH=empty">Potin</w>                <w xml:id="line.627#w.3" pos="CONsub" lemma="ut4" msd="MORPH=empty">ut</w>                <w xml:id="line.627#w.4" pos="PROper" lemma="ego" msd="Case=Dat|Numb=Sing">mihi</w>                <w xml:id="line.627#w.5" pos="ADJqua" lemma="molestus" msd="Case=Nom|Numb=Sing|Deg=Pos">molestus</w>                <w xml:id="line.627#w.6" pos="ADVneg" lemma="ne3" msd="MORPH=empty">ne</w>                <w xml:id="line.627#w.7" pos="VER" lemma="sum1" msd="Numb=Sing|Mood=Sub|Tense=Pres|Voice=Act|Person=2">sis</w>                <w xml:id="line.627#w.8" pos="PUNC" lemma="?" msd="MORPH=empty">?</w>                <w xml:id="line.627#w.9" pos="ADVint" lemma="num" msd="MORPH=empty">num</w>                <w xml:id="line.627#w.10" pos="PROper" lemma="tu" msd="Case=Acc|Numb=Sing">te</w>                <w xml:id="line.627#w.11" pos="VER" lemma="appello?" msd="Numb=Sing|Mood=Ind|Tense=Pres|Voice=Act|Person=1">appello</w>                <w xml:id="line.627#w.12" pos="PUNC" lemma="?" msd="MORPH=empty">?</w>            </seg>            <seg xml:id="urn:cts:latinLit:phi0119.phi010.perseus-lat2:line.627b">                <w xml:id="line.627b#w.1" pos="VER" lemma="aufero" msd="Numb=Sing|Mood=Imp|Tense=Pres|Voice=Act|Person=2">Aufer</w>                <w xml:id="line.627b#w.2" pos="NOM" lemma="manus?" msd="Case=Acc|Numb=Sing">manum</w>                <w xml:id="line.627b#w.3" pos="PUNC" lemma="." msd="MORPH=empty">.</w>            </seg>            <seg xml:id="urn:cts:latinLit:phi0119.phi010.perseus-lat2:line.628">                <w xml:id="line.628#w.1" pos="ADV" lemma="sic" msd="Deg=Pos">Sic</w>                <w xml:id="line.628#w.2" pos="VER" lemma="do" msd="Numb=Sing|Mood=Ind|Tense=Pres|Voice=Pass|Person=3">datur</w>                <w xml:id="line.628#w.3" pos="PUNC" lemma="." msd="MORPH=empty">.</w>                <w xml:id="line.628#w.4" pos="VER" lemma="propero" msd="Case=Abl|Numb=Sing|Mood=Imp|Tense=Fut|Voice=Act">properato</w>                <w xml:id="line.628#w.5" pos="VER" lemma="absum1" msd="Case=Abl|Numb=Sing|Mood=Par|Tense=Pres|Voice=Act">absente</w>                <w xml:id="line.628#w.6" pos="PROper" lemma="ego" msd="Case=Acc|Numb=Sing">me</w>                <w xml:id="line.628#w.7" pos="VER" lemma="comedo2" msd="Mood=Inf|Tense=Pres|Voice=Act">comesse</w>                <w xml:id="line.628#w.8" pos="NOM" lemma="prandium" msd="Case=Acc|Numb=Sing">prandium</w>                <w xml:id="line.628#w.9" pos="PUNC" lemma="," msd="MORPH=empty">,</w>            </seg>            <seg xml:id="urn:cts:latinLit:phi0119.phi010.perseus-lat2:line.629">                <w xml:id="line.629#w.1" pos="PRE" lemma="post2" msd="MORPH=empty">post</w>                <w xml:id="line.629#w.2" pos="PRE" lemma="ante2" msd="MORPH=empty">ante</w>                <w xml:id="line.629#w.3" pos="NOM" lemma="aedes" msd="Case=Acc|Numb=Plur">aedis</w>                <w xml:id="line.629#w.4" pos="PRE" lemma="cum2" msd="MORPH=empty">cum</w>                <w xml:id="line.629#w.5" pos="NOM" lemma="corona" msd="Case=Abl|Numb=Sing">corona</w>                <w xml:id="line.629#w.6" pos="PROper" lemma="ego" msd="Case=Acc|Numb=Sing">me</w>                <w xml:id="line.629#w.7" pos="VER" lemma="derideo" msd="Numb=Sing|Mood=Imp|Tense=Fut|Voice=Act|Person=2">derideto</w>                <w xml:id="line.629#w.8" pos="ADJqua" lemma="ebrius" msd="Case=Nom|Numb=Sing|Deg=Pos">ebrius</w>                <w xml:id="line.629#w.9" pos="PUNC" lemma="." msd="MORPH=empty">.</w>            </seg>            <seg xml:id="urn:cts:latinLit:phi0119.phi010.perseus-lat2:line.630">                <w xml:id="line.630#w.1" pos="CONcoo" lemma="neque" msd="MORPH=empty">Neque</w>                <w xml:id="line.630#w.2" pos="INJ" lemma="edepol" msd="MORPH=empty">edepol</w>                <w xml:id="line.630#w.3" pos="PROper" lemma="ego" msd="Case=Nom|Numb=Sing">ego</w>                <w xml:id="line.630#w.4" pos="VER" lemma="prandium" msd="Case=Gen|Numb=Sing|Mood=Ger|Voice=Act|Person=1">prandi</w>                <w xml:id="line.630#w.5" pos="CONcoo" lemma="neque" msd="MORPH=empty">neque</w>                <w xml:id="line.630#w.6" pos="ADV" lemma="hodie" msd="Deg=Pos">hodie</w>                <w xml:id="line.630#w.7" pos="ADV" lemma="huc" msd="Deg=Pos">huc</w>                <w xml:id="line.630#w.8" pos="ADV" lemma="intro2" msd="Deg=Pos">intro</w>                <w xml:id="line.630#w.9" pos="VER" lemma="fero" msd="Numb=Sing|Mood=Ind|Tense=Perf|Voice=Act|Person=1">tetuli</w>                <w xml:id="line.630#w.10" pos="NOM" lemma="pes" msd="Case=Acc|Numb=Sing">pedem</w>                <w xml:id="line.630#w.11" pos="PUNC" lemma="." msd="MORPH=empty">.</w>            </seg>            <seg xml:id="urn:cts:latinLit:phi0119.phi010.perseus-lat2:line.631">                <w xml:id="line.631#w.1" pos="PROper" lemma="tu" msd="Case=Nom|Numb=Sing">Tun</w>                <w xml:id="line.631#w.2" pos="ADV" lemma="ne2" msd="MORPH=empty">Tun</w>                <w xml:id="line.631#w.3" pos="VER" lemma="nego" msd="Numb=Sing|Mood=Ind|Tense=Pres|Voice=Act|Person=2">negas</w>                <w xml:id="line.631#w.4" pos="PUNC" lemma="?" msd="MORPH=empty">?</w>            </seg>            <seg xml:id="urn:cts:latinLit:phi0119.phi010.perseus-lat2:line.631b">                <w xml:id="line.631b#w.1" pos="VER" lemma="nego" msd="Numb=Sing|Mood=Ind|Tense=Pres|Voice=Act|Person=1">Nego</w>                <w xml:id="line.631b#w.2" pos="INJ" lemma="hercules" msd="MORPH=empty">hercle</w>                <w xml:id="line.631b#w.3" pos="ADV" lemma="uero3" msd="Deg=Pos">vero</w>                <w xml:id="line.631b#w.4" pos="PUNC" lemma="." msd="MORPH=empty">.</w>            </seg>            <seg xml:id="urn:cts:latinLit:phi0119.phi010.perseus-lat2:line.631c">                <w xml:id="line.631c#w.1" pos="PROind" lemma="nihil" msd="Case=Ind">Nihil</w>                <w xml:id="line.631c#w.2" pos="PROdem" lemma="hic1" msd="Case=Abl|Numb=Sing">hoc</w>                <w xml:id="line.631c#w.3" pos="NOM" lemma="homo" msd="Case=Abl|Numb=Sing">homine</w>                <w xml:id="line.631c#w.4" pos="ADJqua" lemma="audax" msd="Case=Nom|Numb=Sing|Deg=Comp">audacius</w>                <w xml:id="line.631c#w.5" pos="PUNC" lemma="." msd="MORPH=empty">.</w>            </seg>            <seg xml:id="urn:cts:latinLit:phi0119.phi010.perseus-lat2:line.632">                <w xml:id="line.632#w.1" pos="ADVneg" lemma="non" msd="MORPH=empty">non</w>                <w xml:id="line.632#w.2" pos="PROper" lemma="ego" msd="Case=Nom|Numb=Sing">ego</w>                <w xml:id="line.632#w.3" pos="PROper" lemma="tu" msd="Case=Acc|Numb=Sing">te</w>                <w xml:id="line.632#w.4" pos="ADV" lemma="modo1" msd="Deg=Pos">modo</w>                <w xml:id="line.632#w.5" pos="ADV" lemma="hic2" msd="Numb=Sing">hic</w>                <w xml:id="line.632#w.6" pos="PRE" lemma="ante2" msd="MORPH=empty">ante</w>                <w xml:id="line.632#w.7" pos="NOM" lemma="aedes" msd="Case=Acc|Numb=Plur">aedis</w>                <w xml:id="line.632#w.8" pos="PRE" lemma="cum2" msd="MORPH=empty">cum</w>                <w xml:id="line.632#w.9" pos="NOM" lemma="corona" msd="Case=Abl|Numb=Sing">corona</w>                <w xml:id="line.632#w.10" pos="ADJqua" lemma="floreus" msd="Case=Acc|Numb=Sing|Deg=Pos">florea</w>            </seg>            <seg xml:id="urn:cts:latinLit:phi0119.phi010.perseus-lat2:line.633">                <w xml:id="line.633#w.1" pos="VER" lemma="uideo" msd="Numb=Sing|Mood=Ind|Tense=Perf|Voice=Act|Person=1">vidi</w>                <w xml:id="line.633#w.2" pos="VER" lemma="asto" msd="Mood=Inf|Tense=Pres|Voice=Act">astare</w>                <w xml:id="line.633#w.3" pos="PUNC" lemma="?" msd="MORPH=empty">?</w>                <w xml:id="line.633#w.4" pos="CONsub" lemma="cum3" msd="MORPH=empty">quom</w>                <w xml:id="line.633#w.5" pos="VER" lemma="nego" msd="Numb=Sing|Mood=Ind|Tense=Impa|Voice=Act|Person=2">negabas</w>                <w xml:id="line.633#w.6" pos="PROper" lemma="ego" msd="Case=Dat|Numb=Sing">mi</w>                <w xml:id="line.633#w.7" pos="VER" lemma="sum1" msd="Mood=Inf|Tense=Pres|Voice=Act">esse</w>                <w xml:id="line.633#w.8" pos="ADJqua" lemma="sanus" msd="Case=Acc|Numb=Sing|Deg=Pos">sanum</w>                <w xml:id="line.633#w.9" pos="NOM" lemma="sinciput" msd="Case=Acc|Numb=Sing">sinciput</w>                <w xml:id="line.633#w.10" pos="PUNC" lemma="," msd="MORPH=empty">,</w>            </seg>            <seg xml:id="urn:cts:latinLit:phi0119.phi010.perseus-lat2:line.634">                <w xml:id="line.634#w.1" pos="CONcoo" lemma="et2" msd="MORPH=empty">et</w>                <w xml:id="line.634#w.2" pos="VER" lemma="nego" msd="Numb=Sing|Mood=Ind|Tense=Impa|Voice=Act|Person=2">negabas</w>                <w xml:id="line.634#w.3" pos="PROper" lemma="ego" msd="Case=Acc|Numb=Sing">me</w>                <w xml:id="line.634#w.4" pos="VER" lemma="nosco" msd="Mood=Inf|Tense=Perf|Voice=Act">novisse</w>                <w xml:id="line.634#w.5" pos="PUNC" lemma="," msd="MORPH=empty">,</w>                <w xml:id="line.634#w.6" pos="ADJqua" lemma="peregrinus2" msd="Case=Acc|Numb=Sing|Deg=Pos">peregrinum</w>                <w xml:id="line.634#w.7" pos="VER" lemma="aio" msd="Numb=Sing|Mood=Ind|Tense=Impa|Voice=Act|Person=2">aibas</w>                <w xml:id="line.634#w.8" pos="VER" lemma="sum1" msd="Mood=Inf|Tense=Pres|Voice=Act">esse</w>                <w xml:id="line.634#w.9" pos="PROper" lemma="tu" msd="Case=Acc|Numb=Sing">te</w>                <w xml:id="line.634#w.10" pos="PUNC" lemma="?" msd="MORPH=empty">?</w>            </seg>            <seg xml:id="urn:cts:latinLit:phi0119.phi010.perseus-lat2:line.635">                <w xml:id="line.635#w.1" pos="ADV" lemma="quin1" msd="Deg=Pos">Quin</w>                <w xml:id="line.635#w.2" pos="ADVrel" lemma="ut1" msd="MORPH=empty">ut</w>                <w xml:id="line.635#w.3" pos="ADV" lemma="dudum" msd="Deg=Pos">dudum</w>                <w xml:id="line.635#w.4" pos="ADJqua" lemma="diuertus" msd="Numb=Sing">divorti</w>                <w xml:id="line.635#w.5" pos="PRE" lemma="ab" msd="MORPH=empty">abs</w>                <w xml:id="line.635#w.6" pos="PROper" lemma="tu" msd="Case=Abl|Numb=Sing">te</w>                <w xml:id="line.635#w.7" pos="PUNC" lemma="," msd="MORPH=empty">,</w>                <w xml:id="line.635#w.8" pos="VER" lemma="redeo1" msd="Numb=Sing|Mood=Ind|Tense=Pres|Voice=Act|Person=1">redeo</w>                <w xml:id="line.635#w.9" pos="ADV" lemma="nunc" msd="Deg=Pos">nunc</w>                <w xml:id="line.635#w.10" pos="ADV" lemma="demum" msd="Deg=Pos">demum</w>                <w xml:id="line.635#w.11" pos="NOM" lemma="domus" msd="Case=Acc|Numb=Sing">domum</w>                <w xml:id="line.635#w.12" pos="PUNC" lemma="." msd="MORPH=empty">.</w>            </seg>            <seg xml:id="urn:cts:latinLit:phi0119.phi010.perseus-lat2:line.636">                <w xml:id="line.636#w.1" pos="VER" lemma="nosco" msd="Numb=Sing|Mood=Ind|Tense=Perf|Voice=Act|Person=1">Novi</w>                <w xml:id="line.636#w.2" pos="PROper" lemma="ego" msd="Case=Nom|Numb=Sing">ego</w>                <w xml:id="line.636#w.3" pos="PROper" lemma="tu" msd="Case=Acc|Numb=Sing">te</w>                <w xml:id="line.636#w.4" pos="PUNC" lemma="." msd="MORPH=empty">.</w>                <w xml:id="line.636#w.5" pos="ADVneg" lemma="non" msd="MORPH=empty">non</w>                <w xml:id="line.636#w.6" pos="PROper" lemma="ego" msd="Case=Dat|Numb=Sing">mihi</w>                <w xml:id="line.636#w.7" pos="VER" lemma="censeo" msd="Numb=Sing|Mood=Ind|Tense=Impa|Voice=Act|Person=2">censebas</w>                <w xml:id="line.636#w.8" pos="VER" lemma="sum1" msd="Mood=Inf|Tense=Pres|Voice=Act">esse</w>                <w xml:id="line.636#w.9" pos="PUNC" lemma="," msd="MORPH=empty">,</w>                <w xml:id="line.636#w.10" pos="PROrel" lemma="qui1" msd="Case=Nom|Numb=Sing">qui</w>                <w xml:id="line.636#w.11" pos="PROper" lemma="tu" msd="Case=Acc|Numb=Sing">te</w>                <w xml:id="line.636#w.12" pos="VER" lemma="ulciscor" msd="Numb=Sing|Mood=Sub|Tense=Impa|Voice=Dep|Person=1">ulciscerer</w>                <w xml:id="line.636#w.13" pos="PUNC" lemma="." msd="MORPH=empty">.</w>            </seg>            <seg xml:id="urn:cts:latinLit:phi0119.phi010.perseus-lat2:line.637">                <w xml:id="line.637#w.1" pos="PROind" lemma="omnis" msd="Case=Acc|Numb=Plur">omnia</w>                <w xml:id="line.637#w.2" pos="INJ" lemma="hercules" msd="MORPH=empty">hercle</w>                <w xml:id="line.637#w.3" pos="NOM" lemma="uxor" msd="Case=Dat|Numb=Sing">uxori</w>                <w xml:id="line.637#w.4" pos="VER" lemma="dico?" msd="Numb=Sing|Mood=Ind|Tense=Perf|Voice=Act|Person=1">dixi</w>                <w xml:id="line.637#w.5" pos="PUNC" lemma="." msd="MORPH=empty">.</w>            </seg>            <seg xml:id="urn:cts:latinLit:phi0119.phi010.perseus-lat2:line.637b">                <w xml:id="line.637b#w.1" pos="PROint" lemma="quis1" msd="Case=Acc|Numb=Sing">Quid</w>                <w xml:id="line.637b#w.2" pos="VER" lemma="dico?" msd="Numb=Sing|Mood=Ind|Tense=Perf|Voice=Act|Person=2">dixisti</w>                <w xml:id="line.637b#w.3" pos="PUNC" lemma="?" msd="MORPH=empty">?</w>            </seg>            <seg xml:id="urn:cts:latinLit:phi0119.phi010.perseus-lat2:line.637c">                <w xml:id="line.637c#w.1" pos="VER" lemma="nescio" msd="Numb=Sing|Mood=Ind|Tense=Pres|Voice=Act|Person=1">Nescio</w>                <w xml:id="line.637c#w.2" pos="PUNC" lemma="," msd="MORPH=empty">,</w>            </seg>            <seg xml:id="urn:cts:latinLit:phi0119.phi010.perseus-lat2:line.638">                <w xml:id="line.638#w.1" pos="PROdem" lemma="is" msd="Case=Acc|Numb=Sing">eam</w>                <w xml:id="line.638#w.2" pos="PROdem" lemma="ipse" msd="Case=Nom|Numb=Sing">ipsus</w>                <w xml:id="line.638#w.3" pos="VER" lemma="rogo" msd="Numb=Sing|Mood=Imp|Tense=Pres|Voice=Act|Person=2">roga</w>                <w xml:id="line.638#w.4" pos="PUNC" lemma="." msd="MORPH=empty">.</w>            </seg>            <seg xml:id="urn:cts:latinLit:phi0119.phi010.perseus-lat2:line.638b">                <w xml:id="line.638b#w.1" pos="PROint" lemma="quis1" msd="Case=Nom|Numb=Sing">Quid</w>                <w xml:id="line.638b#w.2" pos="PROdem" lemma="hic1" msd="Case=Nom|Numb=Sing">hoc</w>                <w xml:id="line.638b#w.3" pos="VER" lemma="sum1" msd="Numb=Sing|Mood=Ind|Tense=Pres|Voice=Act|Person=3">est</w>                <w xml:id="line.638b#w.4" pos="PUNC" lemma="," msd="MORPH=empty">,</w>                <w xml:id="line.638b#w.5" pos="NOM" lemma="uxor" msd="Case=Nom|Numb=Sing">uxor</w>                <w xml:id="line.638b#w.6" pos="PUNC" lemma="?" msd="MORPH=empty">?</w>                <w xml:id="line.638b#w.7" pos="PROint" lemma="quisnam" msd="Case=Acc|Numb=Sing">quidnam</w>                <w xml:id="line.638b#w.8" pos="PROdem" lemma="hic1" msd="Case=Nom|Numb=Sing|Deg=Pos">hic</w>                <w xml:id="line.638b#w.9" pos="VER" lemma="narro" msd="Numb=Sing|Mood=Ind|Tense=Perf|Voice=Act|Person=3">narravit</w>                <w xml:id="line.638b#w.10" pos="PROper" lemma="tu" msd="Case=Dat|Numb=Sing">tibi</w>                <w xml:id="line.638b#w.11" pos="PUNC" lemma="?" msd="MORPH=empty">?</w>            </seg>            <seg xml:id="urn:cts:latinLit:phi0119.phi010.perseus-lat2:line.639">                <w xml:id="line.639#w.1" pos="PROint" lemma="quis1" msd="Case=Nom|Numb=Sing">quid</w>                <w xml:id="line.639#w.2" pos="PROdem" lemma="is" msd="Case=Nom|Numb=Sing">id</w>                <w xml:id="line.639#w.3" pos="VER" lemma="sum1" msd="Numb=Sing|Mood=Ind|Tense=Pres|Voice=Act|Person=3">est</w>                <w xml:id="line.639#w.4" pos="PUNC" lemma="?" msd="MORPH=empty">?</w>                <w xml:id="line.639#w.5" pos="PROint" lemma="quis1" msd="Case=Acc|Numb=Sing">quid</w>                <w xml:id="line.639#w.6" pos="VER" lemma="taceo" msd="Numb=Sing|Mood=Ind|Tense=Pres|Voice=Act|Person=2">taces</w>                <w xml:id="line.639#w.7" pos="PUNC" lemma="?" msd="MORPH=empty">?</w>                <w xml:id="line.639#w.8" pos="ADVint.neg" lemma="quin3" msd="Deg=Pos">quin</w>                <w xml:id="line.639#w.9" pos="VER" lemma="dico?" msd="Numb=Sing|Mood=Ind|Tense=Pres|Voice=Act|Person=2">dicis</w>                <w xml:id="line.639#w.10" pos="PROint" lemma="quis1" msd="Case=Nom|Numb=Sing">quid</w>                <w xml:id="line.639#w.11" pos="VER" lemma="sum1" msd="Numb=Sing|Mood=Sub|Tense=Pres|Voice=Act|Person=3">sit</w>                <w xml:id="line.639#w.12" pos="PUNC" lemma="?" msd="MORPH=empty">?</w>            </seg>            <seg xml:id="urn:cts:latinLit:phi0119.phi010.perseus-lat2:line.639b">                <w xml:id="line.639b#w.1" pos="CONsub" lemma="quasi2" msd="MORPH=empty">Quasi</w>                <w xml:id="line.639b#w.2" pos="PROper" lemma="tu" msd="Case=Nom|Numb=Sing">tu</w>                <w xml:id="line.639b#w.3" pos="VER" lemma="nescio" msd="Numb=Sing|Mood=Sub|Tense=Pres|Voice=Act|Person=2">nescias</w>                <w xml:id="line.639b#w.4" pos="PUNC" lemma="." msd="MORPH=empty">.</w>            </seg>            <seg xml:id="urn:cts:latinLit:phi0119.phi010.perseus-lat2:line.639c">            </seg>            <seg xml:id="urn:cts:latinLit:phi0119.phi010.perseus-lat2:line.639d">            </seg>            <seg xml:id="urn:cts:latinLit:phi0119.phi010.perseus-lat2:line.639e">            </seg>            <seg xml:id="urn:cts:latinLit:phi0119.phi010.perseus-lat2:line.640">                <w xml:id="line.640#w.1" pos="PROper" lemma="ego" msd="Case=Acc|Numb=Sing">Me</w>                <w xml:id="line.640#w.2" pos="VER" lemma="rogo" msd="Numb=Sing|Mood=Ind|Tense=Pres|Voice=Act|Person=2">rogas</w>                <w xml:id="line.640#w.3" pos="PUNC" lemma="?" msd="MORPH=empty">?</w>            </seg>            <seg xml:id="urn:cts:latinLit:phi0119.phi010.perseus-lat2:line.640b">                <w xml:id="line.640b#w.1" pos="INJ" lemma="pol" msd="MORPH=empty">Pol</w>                <w xml:id="line.640b#w.2" pos="ADVneg" lemma="haud" msd="MORPH=empty">haud</w>                <w xml:id="line.640b#w.3" pos="VER" lemma="rogo" msd="Numb=Sing|Mood=Sub|Tense=Pres|Voice=Act|Person=1">rogem</w>                <w xml:id="line.640b#w.4" pos="PROper" lemma="tu" msd="Case=Acc|Numb=Sing">te</w>                <w xml:id="line.640b#w.5" pos="PUNC" lemma="," msd="MORPH=empty">,</w>                <w xml:id="line.640b#w.6" pos="CONsub" lemma="si2" msd="MORPH=empty">si</w>                <w xml:id="line.640b#w.7" pos="VER" lemma="scio" msd="Numb=Sing|Mood=Sub|Tense=Pres|Voice=Act|Person=1">sciam</w>                <w xml:id="line.640b#w.8" pos="PUNC" lemma="." msd="MORPH=empty">.</w>            </seg>            <seg xml:id="urn:cts:latinLit:phi0119.phi010.perseus-lat2:line.640c">                <w xml:id="line.640c#w.1" pos="INJ" lemma="o" msd="MORPH=empty">O</w>                <w xml:id="line.640c#w.2" pos="NOM" lemma="homo" msd="Case=Acc|Numb=Sing">hominem</w>                <w xml:id="line.640c#w.3" pos="NOM" lemma="malum?" msd="Case=Acc|Numb=Sing">malum</w>                <w xml:id="line.640c#w.4" pos="PUNC" lemma="," msd="MORPH=empty">,</w>            </seg>            <seg xml:id="urn:cts:latinLit:phi0119.phi010.perseus-lat2:line.641">                <w xml:id="line.641#w.1" pos="ADVrel" lemma="ut1" msd="MORPH=empty">ut</w>                <w xml:id="line.641#w.2" pos="VER" lemma="dissimulo" msd="Numb=Sing|Mood=Ind|Tense=Pres|Voice=Act|Person=3">dissimulat</w>                <w xml:id="line.641#w.3" pos="PUNC" lemma="." msd="MORPH=empty">.</w>                <w xml:id="line.641#w.4" pos="ADVneg" lemma="non" msd="MORPH=empty">non</w>                <w xml:id="line.641#w.5" pos="VER" lemma="possum1" msd="Numb=Sing|Mood=Ind|Tense=Pres|Voice=Act|Person=2">potes</w>                <w xml:id="line.641#w.6" pos="VER" lemma="celo" msd="Mood=Inf|Tense=Pres|Voice=Act">celare</w>                <w xml:id="line.641#w.7" pos="PUNC" lemma=":" msd="MORPH=empty">:</w>                <w xml:id="line.641#w.8" pos="NOM" lemma="res" msd="Case=Acc|Numb=Sing">rem</w>                <w xml:id="line.641#w.9" pos="VER" lemma="nosco" msd="Numb=Sing|Mood=Ind|Tense=Perf|Voice=Act|Person=3">novit</w>                <w xml:id="line.641#w.10" pos="ADV" lemma="probe" msd="Deg=Pos">probe</w>                <w xml:id="line.641#w.11" pos="PUNC" lemma="." msd="MORPH=empty">.</w>            </seg>            <seg xml:id="urn:cts:latinLit:phi0119.phi010.perseus-lat2:line.642">                <w xml:id="line.642#w.1" pos="PROind" lemma="omnis" msd="Case=Acc|Numb=Plur">omnia</w>                <w xml:id="line.642#w.2" pos="INJ" lemma="hercules" msd="MORPH=empty">hercle</w>                <w xml:id="line.642#w.3" pos="PROper" lemma="ego" msd="Case=Nom|Numb=Sing">ego</w>                <w xml:id="line.642#w.4" pos="VER" lemma="edicto" msd="Numb=Sing|Mood=Ind|Tense=Perf|Voice=Act|Person=1">edictavi</w>                <w xml:id="line.642#w.5" pos="PUNC" lemma="." msd="MORPH=empty">.</w>            </seg>            <seg xml:id="urn:cts:latinLit:phi0119.phi010.perseus-lat2:line.642b">                <w xml:id="line.642b#w.1" pos="PROint" lemma="quis1" msd="Case=Nom|Numb=Sing">Quid</w>                <w xml:id="line.642b#w.2" pos="PROdem" lemma="is" msd="Case=Nom|Numb=Sing">id</w>                <w xml:id="line.642b#w.3" pos="VER" lemma="sum1" msd="Numb=Sing|Mood=Ind|Tense=Pres|Voice=Act|Person=3">est</w>                <w xml:id="line.642b#w.4" pos="PUNC" lemma="?" msd="MORPH=empty">?</w>            </seg>            <seg xml:id="urn:cts:latinLit:phi0119.phi010.perseus-lat2:line.642c">                <w xml:id="line.642c#w.1" pos="ADVint" lemma="quando2" msd="MORPH=empty">Quando</w>                <w xml:id="line.642c#w.2" pos="PROind" lemma="nihil" msd="Case=Ind">nil</w>                <w xml:id="line.642c#w.3" pos="VER" lemma="pudeo" msd="Numb=Sing|Mood=Ind|Tense=Pres|Voice=Act|Person=3">pudet</w>            </seg>            <seg xml:id="urn:cts:latinLit:phi0119.phi010.perseus-lat2:line.643">                <w xml:id="line.643#w.1" pos="CONcoo" lemma="neque" msd="MORPH=empty">neque</w>                <w xml:id="line.643#w.2" pos="VER" lemma="uolo?" msd="Numb=Sing|Mood=Ind|Tense=Pres|Voice=Act|Person=2">vis</w>                <w xml:id="line.643#w.3" pos="PROpos" lemma="tuus" msd="Case=Abl|Numb=Sing">tua</w>                <w xml:id="line.643#w.4" pos="NOM" lemma="uoluntas" msd="Case=Abl|Numb=Sing">voluntate</w>                <w xml:id="line.643#w.5" pos="PROdem" lemma="ipse" msd="Case=Nom|Numb=Sing">ipse</w>                <w xml:id="line.643#w.6" pos="VER" lemma="profiteor" msd="Mood=Inf|Tense=Pres|Voice=Dep">profiteri</w>                <w xml:id="line.643#w.7" pos="PUNC" lemma="," msd="MORPH=empty">,</w>                <w xml:id="line.643#w.8" pos="VER" lemma="audio" msd="Numb=Sing|Mood=Imp|Tense=Pres|Voice=Act|Person=2">audi</w>                <w xml:id="line.643#w.9" pos="CONcoo" lemma="atque1" msd="MORPH=empty">atque</w>                <w xml:id="line.643#w.10" pos="VER" lemma="assum1" msd="Numb=Sing|Mood=Imp|Tense=Pres|Voice=Act|Person=2">ades</w>                <w xml:id="line.643#w.11" pos="PUNC" lemma="." msd="MORPH=empty">.</w>            </seg>            <seg xml:id="urn:cts:latinLit:phi0119.phi010.perseus-lat2:line.644">                <w xml:id="line.644#w.1" pos="CONcoo" lemma="et2" msd="MORPH=empty">et</w>                <w xml:id="line.644#w.2" pos="PROint" lemma="quis1" msd="Case=Acc|Numb=Sing">quid</w>                <w xml:id="line.644#w.3" pos="ADJqua" lemma="tristis" msd="Case=Nom|Numb=Sing|Deg=Pos">tristis</w>                <w xml:id="line.644#w.4" pos="VER" lemma="sum1" msd="Numb=Sing|Mood=Sub|Tense=Pres|Voice=Act|Person=1">sim</w>                <w xml:id="line.644#w.5" pos="CONcoo" lemma="et2" msd="MORPH=empty">et</w>                <w xml:id="line.644#w.6" pos="PROint" lemma="quis1" msd="Case=Acc|Numb=Sing">quid</w>                <w xml:id="line.644#w.7" pos="PROdem" lemma="hic1" msd="Case=Nom|Numb=Sing">hic</w>                <w xml:id="line.644#w.8" pos="PROper" lemma="ego" msd="Case=Dat|Numb=Sing">mihi</w>                <w xml:id="line.644#w.9" pos="VER" lemma="dico?" msd="Numb=Sing|Mood=Sub|Tense=Perf|Voice=Act|Person=3">dixerit</w>                <w xml:id="line.644#w.10" pos="PUNC" lemma="," msd="MORPH=empty">,</w>                <w xml:id="line.644#w.11" pos="VER" lemma="facio" msd="Numb=Sing|Mood=Ind|Tense=Fut|Voice=Act|Person=1">faxo</w>                <w xml:id="line.644#w.12" pos="VER" lemma="scio" msd="Numb=Sing|Mood=Sub|Tense=Pres|Voice=Act|Person=2">scias</w>                <w xml:id="line.644#w.13" pos="PUNC" lemma="." msd="MORPH=empty">.</w>            </seg>            <seg xml:id="urn:cts:latinLit:phi0119.phi010.perseus-lat2:line.645">                <w xml:id="line.645#w.1" pos="NOM" lemma="palla" msd="Case=Nom|Numb=Sing">palla</w>                <w xml:id="line.645#w.2" pos="PROper" lemma="ego" msd="Case=Dat|Numb=Sing">mi</w>                <w xml:id="line.645#w.3" pos="VER" lemma="sum1" msd="Numb=Sing|Mood=Ind|Tense=Pres|Voice=Act|Person=3">est</w>                <w xml:id="line.645#w.4" pos="NOM" lemma="domus" msd="Case=Abl|Numb=Sing">domo</w>                <w xml:id="line.645#w.5" pos="VER" lemma="surripio" msd="Case=Nom|Numb=Sing|Mood=Par|Tense=Perf|Voice=Pass">surrupta</w>                <w xml:id="line.645#w.6" pos="PUNC" lemma="." msd="MORPH=empty">.</w>            </seg>            <seg xml:id="urn:cts:latinLit:phi0119.phi010.perseus-lat2:line.645b">                <w xml:id="line.645b#w.1" pos="NOM" lemma="palla" msd="Case=Nom|Numb=Sing">Palla</w>                <w xml:id="line.645b#w.2" pos="VER" lemma="surripio" msd="Numb=Sing|Mood=Par|Tense=Perf|Voice=Pass">surruptast</w>                <w xml:id="line.645b#w.3" pos="PROper" lemma="ego" msd="Case=Dat|Numb=Sing">mihi</w>                <w xml:id="line.645b#w.4" pos="PUNC" lemma="?" msd="MORPH=empty">?</w>            </seg>            <seg xml:id="urn:cts:latinLit:phi0119.phi010.perseus-lat2:line.646">                <w xml:id="line.646#w.1" pos="VER" lemma="uideo" msd="Numb=Sing|Mood=Ind|Tense=Pres|Voice=Act|Person=2">Viden</w>                <w xml:id="line.646#w.2" pos="ADV" lemma="ne2" msd="MORPH=empty">Viden</w>                <w xml:id="line.646#w.3" pos="ADVint" lemma="ut2" msd="MORPH=empty">ut</w>                <w xml:id="line.646#w.4" pos="PROper" lemma="tu" msd="Case=Acc|Numb=Sing">te</w>                <w xml:id="line.646#w.5" pos="ADJqua" lemma="scelestus" msd="Case=Nom|Numb=Sing|Deg=Pos">scelestus</w>                <w xml:id="line.646#w.6" pos="VER" lemma="capto" msd="Numb=Sing|Mood=Ind|Tense=Pres|Voice=Act|Person=3">captat</w>                <w xml:id="line.646#w.7" pos="PUNC" lemma="?" msd="MORPH=empty">?</w>                <w xml:id="line.646#w.8" pos="PROdem" lemma="hic1" msd="Case=Dat|Numb=Sing">huic</w>                <w xml:id="line.646#w.9" pos="VER" lemma="surripio" msd="Numb=Sing|Mood=Par|Tense=Perf|Voice=Pass">surruptast</w>                <w xml:id="line.646#w.10" pos="PUNC" lemma="," msd="MORPH=empty">,</w>                <w xml:id="line.646#w.11" pos="ADVneg" lemma="non" msd="MORPH=empty">non</w>                <w xml:id="line.646#w.12" pos="PROper" lemma="tu" msd="Case=Dat|Numb=Sing">tibi</w>                <w xml:id="line.646#w.13" pos="PUNC" lemma="." msd="MORPH=empty">.</w>            </seg>            <seg xml:id="urn:cts:latinLit:phi0119.phi010.perseus-lat2:line.647">                <w xml:id="line.647#w.1" pos="CONcoo" lemma="nam" msd="MORPH=empty">nam</w>                <w xml:id="line.647#w.2" pos="ADV" lemma="profecto" msd="Deg=Pos">profecto</w>                <w xml:id="line.647#w.3" pos="PROper" lemma="tu" msd="Case=Dat|Numb=Sing">tibi</w>                <w xml:id="line.647#w.4" pos="VER" lemma="surripio" msd="Case=Nom|Numb=Sing|Mood=Par|Tense=Perf|Voice=Pass">surrupta</w>                <w xml:id="line.647#w.5" pos="CONsub" lemma="si2" msd="MORPH=empty">si</w>                <w xml:id="line.647#w.6" pos="VER" lemma="sum1" msd="Numb=Sing|Mood=Sub|Tense=Impa|Voice=Act|Person=3">esset</w>                <w xml:id="line.647#w.7" pos="PUNC" lemma="â" msd="MORPH=empty">â</w>                <w xml:id="line.647#w.8" pos="ADJqua" lemma="saluus" msd="Case=Nom|Numb=Sing|Deg=Pos">salva</w>                <w xml:id="line.647#w.9" pos="ADVneg" lemma="non" msd="MORPH=empty">non</w>                <w xml:id="line.647#w.10" pos="VER" lemma="sum1" msd="Numb=Sing|Mood=Par|Tense=Fut|Voice=Act">foret</w>                <w xml:id="line.647#w.11" pos="PUNC" lemma="." msd="MORPH=empty">.</w>            </seg>            <seg xml:id="urn:cts:latinLit:phi0119.phi010.perseus-lat2:line.648">                <w xml:id="line.648#w.1" pos="PROind" lemma="nihil" msd="Case=Ind">Nil</w>                <w xml:id="line.648#w.2" pos="PROper" lemma="ego" msd="Case=Dat|Numb=Sing">mihi</w>                <w xml:id="line.648#w.3" pos="PROper" lemma="tu" msd="Case=Abl|Numb=Sing">tecum</w>                <w xml:id="line.648#w.4" pos="CON" lemma="cum3" msd="MORPH=empty">tecum</w>                <w xml:id="line.648#w.5" pos="VER" lemma="sum1" msd="Numb=Sing|Mood=Ind|Tense=Pres|Voice=Act|Person=3">est</w>                <w xml:id="line.648#w.6" pos="PUNC" lemma="." msd="MORPH=empty">.</w>                <w xml:id="line.648#w.7" pos="CONcoo" lemma="sed" msd="MORPH=empty">sed</w>                <w xml:id="line.648#w.8" pos="PROper" lemma="tu" msd="Case=Nom|Numb=Sing">tu</w>                <w xml:id="line.648#w.9" pos="PROint" lemma="quis1" msd="Case=Acc|Numb=Sing">quid</w>                <w xml:id="line.648#w.10" pos="VER" lemma="aio" msd="Numb=Sing|Mood=Ind|Tense=Pres|Voice=Act|Person=2">ais</w>                <w xml:id="line.648#w.11" pos="PUNC" lemma="?" msd="MORPH=empty">?</w>            </seg>            <seg xml:id="urn:cts:latinLit:phi0119.phi010.perseus-lat2:line.648b">                <w xml:id="line.648b#w.1" pos="NOM" lemma="palla" msd="Case=Nom|Numb=Sing">Palla</w>                <w xml:id="line.648b#w.2" pos="PUNC" lemma="," msd="MORPH=empty">,</w>                <w xml:id="line.648b#w.3" pos="VER" lemma="inquio" msd="Numb=Sing|Mood=Ind|Tense=Pres|Voice=Act|Person=1">inquam</w>                <w xml:id="line.648b#w.4" pos="PUNC" lemma="," msd="MORPH=empty">,</w>                <w xml:id="line.648b#w.5" pos="VER" lemma="pereo1" msd="Numb=Sing|Mood=Ind|Tense=Perf|Voice=Act|Person=3">periit</w>                <w xml:id="line.648b#w.6" pos="NOM" lemma="domus" msd="Case=Abl|Numb=Sing">domo</w>                <w xml:id="line.648b#w.7" pos="PUNC" lemma="." msd="MORPH=empty">.</w>            </seg>            <seg xml:id="urn:cts:latinLit:phi0119.phi010.perseus-lat2:line.649">                <w xml:id="line.649#w.1" pos="PROint" lemma="quis1" msd="Case=Nom|Numb=Sing">Quis</w>                <w xml:id="line.649#w.2" pos="PROdem" lemma="is" msd="Case=Acc|Numb=Sing">eam</w>                <w xml:id="line.649#w.3" pos="VER" lemma="surripio" msd="Numb=Sing|Mood=Ind|Tense=Perf|Voice=Act|Person=3">surrupuit</w>                <w xml:id="line.649#w.4" pos="PUNC" lemma="?" msd="MORPH=empty">?</w>            </seg>            <seg xml:id="urn:cts:latinLit:phi0119.phi010.perseus-lat2:line.649b">                <w xml:id="line.649b#w.1" pos="INJ" lemma="pol" msd="MORPH=empty">Pol</w>                <w xml:id="line.649b#w.2" pos="PROdem" lemma="istic1" msd="Case=Acc|Numb=Sing">istuc</w>                <w xml:id="line.649b#w.3" pos="PROdem" lemma="ille" msd="Case=Nom|Numb=Sing">ille</w>                <w xml:id="line.649b#w.4" pos="VER" lemma="scio" msd="Numb=Sing|Mood=Ind|Tense=Pres|Voice=Act|Person=3">scit</w>                <w xml:id="line.649b#w.5" pos="PROrel" lemma="qui1" msd="Case=Nom|Numb=Sing">qui</w>                <w xml:id="line.649b#w.6" pos="PROdem" lemma="ille" msd="Case=Acc|Numb=Sing">illam</w>                <w xml:id="line.649b#w.7" pos="VER" lemma="aufero" msd="Numb=Sing|Mood=Ind|Tense=Perf|Voice=Act|Person=3">abstulit</w>                <w xml:id="line.649b#w.8" pos="PUNC" lemma="." msd="MORPH=empty">.</w>            </seg>            <seg xml:id="urn:cts:latinLit:phi0119.phi010.perseus-lat2:line.650">                <w xml:id="line.650#w.1" pos="PROint" lemma="quis1" msd="Case=Nom|Numb=Sing">Quis</w>                <w xml:id="line.650#w.2" pos="PROdem" lemma="is" msd="Case=Nom|Numb=Sing">is</w>                <w xml:id="line.650#w.3" pos="NOM" lemma="homo" msd="Case=Nom|Numb=Sing">homo</w>                <w xml:id="line.650#w.4" pos="VER" lemma="sum1" msd="Numb=Sing|Mood=Ind|Tense=Pres|Voice=Act|Person=3">est</w>                <w xml:id="line.650#w.5" pos="PUNC" lemma="?" msd="MORPH=empty">?</w>            </seg>            <seg xml:id="urn:cts:latinLit:phi0119.phi010.perseus-lat2:line.650b">                <w xml:id="line.650b#w.1" pos="NOM" lemma="menaechus" msd="Case=Nom|Numb=Plur">Menaechmus</w>                <w xml:id="line.650b#w.2" pos="PROind" lemma="quidam" msd="Case=Nom|Numb=Plur">quidam</w>                <w xml:id="line.650b#w.3" pos="PUNC" lemma="." msd="MORPH=empty">.</w>            </seg>            <seg xml:id="urn:cts:latinLit:phi0119.phi010.perseus-lat2:line.650c">                <w xml:id="line.650c#w.1" pos="INJ" lemma="edepol" msd="MORPH=empty">Edepol</w>                <w xml:id="line.650c#w.2" pos="VER" lemma="facio" msd="Case=Acc|Numb=Sing|Mood=Par|Tense=Perf|Voice=Pass">factum</w>                <w xml:id="line.650c#w.3" pos="ADV" lemma="nequiter" msd="Deg=Pos">nequiter</w>                <w xml:id="line.650c#w.4" pos="PUNC" lemma="." msd="MORPH=empty">.</w>            </seg>            <seg xml:id="urn:cts:latinLit:phi0119.phi010.perseus-lat2:line.651">                <w xml:id="line.651#w.1" pos="PROint" lemma="quis1" msd="Case=Nom|Numb=Sing">quis</w>                <w xml:id="line.651#w.2" pos="PROdem" lemma="is" msd="Case=Nom|Numb=Sing">is</w>                <w xml:id="line.651#w.3" pos="ADJqua" lemma="menaecamus" msd="Case=Nom|Numb=Sing">Menaechmust</w>                <w xml:id="line.651#w.4" pos="VER" lemma="sum1" msd="Numb=Sing|Mood=Ind|Tense=Pres|Voice=Act|Person=3">Menaechmust</w>                <w xml:id="line.651#w.5" pos="PUNC" lemma="?" msd="MORPH=empty">?</w>            </seg>            <seg xml:id="urn:cts:latinLit:phi0119.phi010.perseus-lat2:line.651b">                <w xml:id="line.651b#w.1" pos="PROper" lemma="tu" msd="Case=Nom|Numb=Sing">Tu</w>                <w xml:id="line.651b#w.2" pos="ADV" lemma="istic2" msd="Deg=Pos">istic</w>                <w xml:id="line.651b#w.3" pos="PUNC" lemma="," msd="MORPH=empty">,</w>                <w xml:id="line.651b#w.4" pos="VER" lemma="inquio" msd="Numb=Sing|Mood=Ind|Tense=Pres|Voice=Act|Person=1">inquam</w>                <w xml:id="line.651b#w.5" pos="PUNC" lemma="." msd="MORPH=empty">.</w>            </seg>            <seg xml:id="urn:cts:latinLit:phi0119.phi010.perseus-lat2:line.651c">                <w xml:id="line.651c#w.1" pos="PROper" lemma="ego" msd="Case=Nom|Numb=Sing">Egone</w>                <w xml:id="line.651c#w.2" pos="ADV" lemma="ne2" msd="MORPH=empty">Egone</w>                <w xml:id="line.651c#w.3" pos="PUNC" lemma="?" msd="MORPH=empty">?</w>            </seg>            <seg xml:id="urn:cts:latinLit:phi0119.phi010.perseus-lat2:line.651d">                <w xml:id="line.651d#w.1" pos="PROper" lemma="tu" msd="Case=Nom|Numb=Sing">Tu</w>                <w xml:id="line.651d#w.2" pos="PUNC" lemma="." msd="MORPH=empty">.</w>            </seg>            <seg xml:id="urn:cts:latinLit:phi0119.phi010.perseus-lat2:line.651e">                <w xml:id="line.651e#w.1" pos="PROint" lemma="quis1" msd="Case=Nom|Numb=Sing">Quis</w>                <w xml:id="line.651e#w.2" pos="VER" lemma="arguo" msd="Numb=Sing|Mood=Ind|Tense=Pres|Voice=Act|Person=3">arguit</w>                <w xml:id="line.651e#w.3" pos="PUNC" lemma="?" msd="MORPH=empty">?</w>            </seg>            <seg xml:id="urn:cts:latinLit:phi0119.phi010.perseus-lat2:line.652">                <w xml:id="line.652#w.1" pos="PROper" lemma="ego" msd="Case=Nom|Numb=Sing">Egomet</w>                <w xml:id="line.652#w.2" pos="PUNC" lemma="." msd="MORPH=empty">.</w>            </seg>            <seg xml:id="urn:cts:latinLit:phi0119.phi010.perseus-lat2:line.652b">                <w xml:id="line.652b#w.1" pos="CONcoo" lemma="et2" msd="MORPH=empty">Et</w>                <w xml:id="line.652b#w.2" pos="PROper" lemma="ego" msd="Case=Nom|Numb=Sing">ego</w>                <w xml:id="line.652b#w.3" pos="PUNC" lemma="." msd="MORPH=empty">.</w>                <w xml:id="line.652b#w.4" pos="CONcoo" lemma="atque1" msd="MORPH=empty">atque</w>                <w xml:id="line.652b#w.5" pos="PROdem" lemma="hic1" msd="Case=Dat|Numb=Sing">huic</w>                <w xml:id="line.652b#w.6" pos="NOM" lemma="amica" msd="Case=Dat|Numb=Sing">amicae</w>                <w xml:id="line.652b#w.7" pos="VER" lemma="defero" msd="Numb=Sing|Mood=Ind|Tense=Perf|Voice=Act|Person=2">detulisti</w>                <w xml:id="line.652b#w.8" pos="NOM" lemma="erotio" msd="Case=Nom|Numb=Sing">Erotio</w>                <w xml:id="line.652b#w.9" pos="PUNC" lemma="." msd="MORPH=empty">.</w>            </seg>            <seg xml:id="urn:cts:latinLit:phi0119.phi010.perseus-lat2:line.653">                <w xml:id="line.653#w.1" pos="PROper" lemma="ego" msd="Case=Nom|Numb=Sing">Egon</w>                <w xml:id="line.653#w.2" pos="ADV" lemma="ne2" msd="MORPH=empty">Egon</w>                <w xml:id="line.653#w.3" pos="VER" lemma="do" msd="Numb=Sing|Mood=Ind|Tense=Perf|Voice=Act|Person=1">dedi</w>                <w xml:id="line.653#w.4" pos="PUNC" lemma="?" msd="MORPH=empty">?</w>            </seg>            <seg xml:id="urn:cts:latinLit:phi0119.phi010.perseus-lat2:line.653b">                <w xml:id="line.653b#w.1" pos="PROper" lemma="tu" msd="Case=Nom|Numb=Sing">Tu</w>                <w xml:id="line.653b#w.2" pos="PUNC" lemma="," msd="MORPH=empty">,</w>                <w xml:id="line.653b#w.3" pos="PROper" lemma="tu" msd="Case=Nom|Numb=Sing">tu</w>                <w xml:id="line.653b#w.4" pos="ADV" lemma="istic2" msd="Deg=Pos">istic</w>                <w xml:id="line.653b#w.5" pos="PUNC" lemma="," msd="MORPH=empty">,</w>                <w xml:id="line.653b#w.6" pos="VER" lemma="inquio" msd="Numb=Sing|Mood=Ind|Tense=Pres|Voice=Act|Person=1">inquam</w>                <w xml:id="line.653b#w.7" pos="PUNC" lemma="." msd="MORPH=empty">.</w>                <w xml:id="line.653b#w.8" pos="VER" lemma="uolo" msd="Numb=Sing|Mood=Ind|Tense=Pres|Voice=Act|Person=2">vin</w>                <w xml:id="line.653b#w.9" pos="ADV" lemma="ne2" msd="MORPH=empty">vin</w>                <w xml:id="line.653b#w.10" pos="VER" lemma="affero" msd="Mood=Inf|Tense=Pres|Voice=Pass">adferri</w>                <w xml:id="line.653b#w.11" pos="NOM" lemma="noctua" msd="Case=Acc|Numb=Sing">noctuam</w>                <w xml:id="line.653b#w.12" pos="PUNC" lemma="," msd="MORPH=empty">,</w>            </seg>            <seg xml:id="urn:cts:latinLit:phi0119.phi010.perseus-lat2:line.654">                <w xml:id="line.654#w.1" pos="PROrel" lemma="qui1" msd="Case=Nom|Numb=Sing">quae</w>                <w xml:id="line.654#w.2" pos="PROper" lemma="tu" msd="Case=Nom|Numb=Sing">tu</w>                <w xml:id="line.654#w.3" pos="PROper" lemma="tu" msd="Case=Nom|Numb=Sing">tu</w>                <w xml:id="line.654#w.4" pos="ADV" lemma="usque" msd="Deg=Pos">usque</w>                <w xml:id="line.654#w.5" pos="VER" lemma="dico?" msd="Numb=Sing|Mood=Sub|Tense=Pres|Voice=Act|Person=3">dicat</w>                <w xml:id="line.654#w.6" pos="PROper" lemma="tu" msd="Case=Dat|Numb=Sing">tibi</w>                <w xml:id="line.654#w.7" pos="PUNC" lemma="?" msd="MORPH=empty">?</w>                <w xml:id="line.654#w.8" pos="CONcoo" lemma="nam" msd="MORPH=empty">nam</w>                <w xml:id="line.654#w.9" pos="PROper" lemma="nos" msd="Case=Nom|Numb=Plur">nos</w>                <w xml:id="line.654#w.10" pos="ADV" lemma="iam" msd="Deg=Pos">iam</w>                <w xml:id="line.654#w.11" pos="ADJqua" lemma="defessus" msd="Case=Nom|Numb=Plur|Deg=Pos|Mood=Par|Tense=Perf|Voice=Dep">defessi</w>                <w xml:id="line.654#w.12" pos="VER" lemma="sum1" msd="Numb=Plur|Mood=Ind|Tense=Pres|Voice=Act|Person=1">sumus</w>                <w xml:id="line.654#w.13" pos="PUNC" lemma="." msd="MORPH=empty">.</w>            </seg>            <seg xml:id="urn:cts:latinLit:phi0119.phi010.perseus-lat2:line.655">            </seg>            <seg xml:id="urn:cts:latinLit:phi0119.phi010.perseus-lat2:line.655b">            </seg>            <seg xml:id="urn:cts:latinLit:phi0119.phi010.perseus-lat2:line.656">            </seg>            <seg xml:id="urn:cts:latinLit:phi0119.phi010.perseus-lat2:line.656b">            </seg>            <seg xml:id="urn:cts:latinLit:phi0119.phi010.perseus-lat2:line.657">                <w xml:id="line.657#w.1" pos="CONcoo" lemma="sed" msd="MORPH=empty">Sed</w>                <w xml:id="line.657#w.2" pos="PROper" lemma="ego" msd="Case=Nom|Numb=Sing">ego</w>                <w xml:id="line.657#w.3" pos="PROdem" lemma="ille" msd="Case=Acc|Numb=Sing">illam</w>                <w xml:id="line.657#w.4" pos="ADVneg" lemma="non" msd="MORPH=empty">non</w>                <w xml:id="line.657#w.5" pos="VER" lemma="condono" msd="Numb=Sing|Mood=Ind|Tense=Perf|Voice=Act|Person=1">condonavi</w>                <w xml:id="line.657#w.6" pos="PUNC" lemma="," msd="MORPH=empty">,</w>                <w xml:id="line.657#w.7" pos="CONcoo" lemma="sed" msd="MORPH=empty">sed</w>                <w xml:id="line.657#w.8" pos="ADV" lemma="sic" msd="Deg=Pos">sic</w>                <w xml:id="line.657#w.9" pos="VER" lemma="utor" msd="Case=Acc|Numb=Sing|Mood=Adj|Voice=Dep">utendam</w>                <w xml:id="line.657#w.10" pos="VER" lemma="do" msd="Numb=Sing|Mood=Ind|Tense=Perf|Voice=Act|Person=1">dedi</w>                <w xml:id="line.657#w.11" pos="PUNC" lemma="." msd="MORPH=empty">.</w>            </seg>            <seg xml:id="urn:cts:latinLit:phi0119.phi010.perseus-lat2:line.658">                <w xml:id="line.658#w.1" pos="ADV" lemma="equidem" msd="Deg=Pos">Equidem</w>                <w xml:id="line.658#w.2" pos="INJ" lemma="ecastor" msd="MORPH=empty">ecastor</w>                <w xml:id="line.658#w.3" pos="PROpos" lemma="tuus" msd="Case=Acc|Numb=Sing">tuam</w>                <w xml:id="line.658#w.4" pos="CONcoo" lemma="nec2" msd="MORPH=empty">nec</w>                <w xml:id="line.658#w.5" pos="NOM" lemma="chlamys" msd="Case=Acc|Numb=Sing">chlamydem</w>                <w xml:id="line.658#w.6" pos="VER" lemma="do" msd="Numb=Sing|Mood=Ind|Tense=Pres|Voice=Act|Person=1">do</w>                <w xml:id="line.658#w.7" pos="ADV" lemma="foras" msd="Deg=Pos">foras</w>                <w xml:id="line.658#w.8" pos="CONcoo" lemma="nec2" msd="MORPH=empty">nec</w>                <w xml:id="line.658#w.9" pos="NOM" lemma="pallium" msd="Case=Nom|Numb=Sing">pallium</w>            </seg>            <seg xml:id="urn:cts:latinLit:phi0119.phi010.perseus-lat2:line.659">                <w xml:id="line.659#w.1" pos="PROind" lemma="quisquam" msd="Case=Dat|Numb=Sing">cuiquam</w>                <w xml:id="line.659#w.2" pos="VER" lemma="utor" msd="Case=Nom|Numb=Sing|Mood=Adj|Voice=Dep">utendum</w>                <w xml:id="line.659#w.3" pos="PUNC" lemma="." msd="MORPH=empty">.</w>                <w xml:id="line.659#w.4" pos="NOM" lemma="mulier" msd="Case=Acc|Numb=Sing">mulierem</w>                <w xml:id="line.659#w.5" pos="ADJqua" lemma="aequus" msd="Case=Nom|Numb=Sing|Deg=Pos">aequom</w>                <w xml:id="line.659#w.6" pos="VER" lemma="sum1" msd="Numb=Sing|Mood=Ind|Tense=Pres|Voice=Act|Person=3">est</w>                <w xml:id="line.659#w.7" pos="NOM" lemma="uestimentum" msd="Case=Acc|Numb=Sing">vestimentum</w>                <w xml:id="line.659#w.8" pos="ADJqua" lemma="muliebris" msd="Case=Acc|Numb=Sing|Deg=Pos">muliebre</w>            </seg>            <seg xml:id="urn:cts:latinLit:phi0119.phi010.perseus-lat2:line.660">                <w xml:id="line.660#w.1" pos="VER" lemma="do" msd="Mood=Inf|Tense=Pres|Voice=Act">dare</w>                <w xml:id="line.660#w.2" pos="ADV" lemma="foras" msd="Deg=Pos">foras</w>                <w xml:id="line.660#w.3" pos="PUNC" lemma="," msd="MORPH=empty">,</w>                <w xml:id="line.660#w.4" pos="NOM" lemma="uir" msd="Case=Acc|Numb=Sing">virum</w>                <w xml:id="line.660#w.5" pos="ADJqua" lemma="uirilis" msd="Case=Nom|Numb=Sing|Deg=Pos">virile</w>                <w xml:id="line.660#w.6" pos="PUNC" lemma="." msd="MORPH=empty">.</w>                <w xml:id="line.660#w.7" pos="ADVint.neg" lemma="quin3" msd="Deg=Pos">quin</w>                <w xml:id="line.660#w.8" pos="VER" lemma="refero" msd="Numb=Sing|Mood=Ind|Tense=Pres|Voice=Act|Person=2">refers</w>                <w xml:id="line.660#w.9" pos="NOM" lemma="palla" msd="Case=Acc|Numb=Sing">pallam</w>                <w xml:id="line.660#w.10" pos="NOM" lemma="domus" msd="Case=Acc|Numb=Sing">domum</w>                <w xml:id="line.660#w.11" pos="PUNC" lemma="?" msd="MORPH=empty">?</w>            </seg>            <seg xml:id="urn:cts:latinLit:phi0119.phi010.perseus-lat2:line.661">                <w xml:id="line.661#w.1" pos="PROper" lemma="ego" msd="Case=Nom|Numb=Sing">Ego</w>                <w xml:id="line.661#w.2" pos="VER" lemma="facio" msd="Numb=Sing|Mood=Ind|Tense=Fut|Voice=Act|Person=1">faxo</w>                <w xml:id="line.661#w.3" pos="VER" lemma="refero" msd="Numb=Sing|Mood=Ind|Tense=Fut|Voice=Pass|Person=3">referetur</w>                <w xml:id="line.661#w.4" pos="PUNC" lemma="." msd="MORPH=empty">.</w>            </seg>            <seg xml:id="urn:cts:latinLit:phi0119.phi010.perseus-lat2:line.661b">                <w xml:id="line.661b#w.1" pos="PRE" lemma="ex" msd="MORPH=empty">Ex</w>                <w xml:id="line.661b#w.2" pos="NOM" lemma="res" msd="Case=Abl|Numb=Sing">re</w>                <w xml:id="line.661b#w.3" pos="PROpos" lemma="tuus" msd="Case=Abl|Numb=Sing">tua</w>                <w xml:id="line.661b#w.4" pos="PUNC" lemma="," msd="MORPH=empty">,</w>                <w xml:id="line.661b#w.5" pos="ADVrel" lemma="ut1" msd="MORPH=empty">ut</w>                <w xml:id="line.661b#w.6" pos="VER" lemma="opinor" msd="Numb=Sing|Mood=Ind|Tense=Pres|Voice=Dep|Person=1">opinor</w>                <w xml:id="line.661b#w.7" pos="PUNC" lemma="," msd="MORPH=empty">,</w>                <w xml:id="line.661b#w.8" pos="VER" lemma="facio" msd="Numb=Sing|Mood=Sub|Tense=Perf|Voice=Act|Person=2">feceris</w>                <w xml:id="line.661b#w.9" pos="PUNC" lemma=";" msd="MORPH=empty">;</w>            </seg>            <seg xml:id="urn:cts:latinLit:phi0119.phi010.perseus-lat2:line.662">                <w xml:id="line.662#w.1" pos="CONcoo" lemma="nam" msd="MORPH=empty">nam</w>                <w xml:id="line.662#w.2" pos="NOM" lemma="domus" msd="Case=Acc|Numb=Sing">domum</w>                <w xml:id="line.662#w.3" pos="ADVneg" lemma="numquam" msd="MORPH=empty">numquam</w>                <w xml:id="line.662#w.4" pos="VER" lemma="introeo1" msd="Numb=Sing|Mood=Ind|Tense=Fut|Voice=Act|Person=2">introibis</w>                <w xml:id="line.662#w.5" pos="PUNC" lemma="," msd="MORPH=empty">,</w>                <w xml:id="line.662#w.6" pos="CONsub" lemma="nisi" msd="MORPH=empty">nisi</w>                <w xml:id="line.662#w.7" pos="VER" lemma="fero" msd="Numb=Sing|Mood=Ind|Tense=Fut|Voice=Act|Person=2">feres</w>                <w xml:id="line.662#w.8" pos="NOM" lemma="palla" msd="Case=Acc|Numb=Sing">pallam</w>                <w xml:id="line.662#w.9" pos="ADV" lemma="simul1" msd="Deg=Pos">simul</w>                <w xml:id="line.662#w.10" pos="PUNC" lemma="." msd="MORPH=empty">.</w>            </seg>            <seg xml:id="urn:cts:latinLit:phi0119.phi010.perseus-lat2:line.663">                <w xml:id="line.663#w.1" pos="ADV" lemma="eo3" msd="Numb=Sing">eo</w>                <w xml:id="line.663#w.2" pos="NOM" lemma="domus" msd="Case=Acc|Numb=Sing">domum</w>                <w xml:id="line.663#w.3" pos="PUNC" lemma="." msd="MORPH=empty">.</w>            </seg>            <seg xml:id="urn:cts:latinLit:phi0119.phi010.perseus-lat2:line.663b">                <w xml:id="line.663b#w.1" pos="PROint" lemma="quis1" msd="Case=Nom|Numb=Sing">Quid</w>                <w xml:id="line.663b#w.2" pos="PROper" lemma="ego" msd="Case=Dat|Numb=Sing">mihi</w>                <w xml:id="line.663b#w.3" pos="VER" lemma="sum1" msd="Case=Nom|Numb=Sing|Mood=Par|Tense=Fut|Voice=Act">futurum</w>                <w xml:id="line.663b#w.4" pos="VER" lemma="sum1" msd="Numb=Sing|Mood=Ind|Tense=Pres|Voice=Act|Person=3">est</w>                <w xml:id="line.663b#w.5" pos="PUNC" lemma="," msd="MORPH=empty">,</w>                <w xml:id="line.663b#w.6" pos="PROrel" lemma="qui1" msd="Case=Nom|Numb=Sing">qui</w>                <w xml:id="line.663b#w.7" pos="PROper" lemma="tu" msd="Case=Dat|Numb=Sing">tibi</w>                <w xml:id="line.663b#w.8" pos="PROdem" lemma="hic1" msd="Case=Acc|Numb=Sing">hanc</w>                <w xml:id="line.663b#w.9" pos="NOM" lemma="opera" msd="Case=Acc|Numb=Sing">operam</w>                <w xml:id="line.663b#w.10" pos="VER" lemma="do" msd="Numb=Sing|Mood=Ind|Tense=Perf|Voice=Act|Person=1">dedi</w>                <w xml:id="line.663b#w.11" pos="PUNC" lemma="?" msd="MORPH=empty">?</w>            </seg>            <seg xml:id="urn:cts:latinLit:phi0119.phi010.perseus-lat2:line.664">                <w xml:id="line.664#w.1" pos="NOM" lemma="opera" msd="Case=Nom|Numb=Sing">Opera</w>                <w xml:id="line.664#w.2" pos="VER" lemma="reddo" msd="Numb=Sing|Mood=Ind|Tense=Fut|Voice=Pass|Person=3">reddetur</w>                <w xml:id="line.664#w.3" pos="PUNC" lemma="," msd="MORPH=empty">,</w>                <w xml:id="line.664#w.4" pos="ADVint" lemma="quando2" msd="MORPH=empty">quando</w>                <w xml:id="line.664#w.5" pos="PROint" lemma="quis1" msd="Case=Nom|Numb=Sing">quid</w>                <w xml:id="line.664#w.6" pos="PROper" lemma="tu" msd="Case=Dat|Numb=Sing">tibi</w>                <w xml:id="line.664#w.7" pos="VER" lemma="sum1" msd="Numb=Sing|Mood=Ind|Tense=Fut|Voice=Act|Person=3">erit</w>                <w xml:id="line.664#w.8" pos="VER" lemma="surripio" msd="Case=Acc|Numb=Sing|Mood=Par|Tense=Perf|Voice=Pass">surruptum</w>                <w xml:id="line.664#w.9" pos="NOM" lemma="domus" msd="Case=Abl|Numb=Sing">domo</w>                <w xml:id="line.664#w.10" pos="PUNC" lemma="." msd="MORPH=empty">.</w>                <w xml:id="line.664#w.11" pos="PUNC" lemma="â" msd="MORPH=empty">â</w>            </seg>            <seg xml:id="urn:cts:latinLit:phi0119.phi010.perseus-lat2:line.665">                <w xml:id="line.665#w.1" pos="PROdem" lemma="is" msd="Case=Nom|Numb=Sing">Id</w>                <w xml:id="line.665#w.2" pos="ADV" lemma="quidem" msd="Deg=Pos">quidem</w>                <w xml:id="line.665#w.3" pos="INJ" lemma="edepol" msd="MORPH=empty">edepol</w>                <w xml:id="line.665#w.4" pos="ADVneg" lemma="numquam" msd="MORPH=empty">numquam</w>                <w xml:id="line.665#w.5" pos="VER" lemma="sum1" msd="Numb=Sing|Mood=Ind|Tense=Fut|Voice=Act|Person=3">erit</w>                <w xml:id="line.665#w.6" pos="PUNC" lemma="," msd="MORPH=empty">,</w>                <w xml:id="line.665#w.7" pos="CONcoo" lemma="nam" msd="MORPH=empty">nam</w>                <w xml:id="line.665#w.8" pos="PROind" lemma="nihil" msd="Case=Ind">nihil</w>                <w xml:id="line.665#w.9" pos="VER" lemma="sum1" msd="Numb=Sing|Mood=Ind|Tense=Pres|Voice=Act|Person=3">est</w>                <w xml:id="line.665#w.10" pos="PROrel" lemma="qui1" msd="Case=Acc|Numb=Sing">quod</w>                <w xml:id="line.665#w.11" pos="VER" lemma="perdo" msd="Numb=Sing|Mood=Sub|Tense=Pres|Voice=Act|Person=1">perdam</w>                <w xml:id="line.665#w.12" pos="NOM" lemma="domus" msd="Case=Loc|Numb=Sing">domi</w>                <w xml:id="line.665#w.13" pos="PUNC" lemma="." msd="MORPH=empty">.</w>            </seg>            <seg xml:id="urn:cts:latinLit:phi0119.phi010.perseus-lat2:line.666">                <w xml:id="line.666#w.1" pos="PRE" lemma="cum2" msd="MORPH=empty">cum</w>                <w xml:id="line.666#w.2" pos="NOM" lemma="uir" msd="Case=Abl|Numb=Sing">viro</w>                <w xml:id="line.666#w.3" pos="PRE" lemma="cum2" msd="MORPH=empty">cum</w>                <w xml:id="line.666#w.4" pos="NOM" lemma="uxor" msd="Case=Abl|Numb=Sing">uxore</w>                <w xml:id="line.666#w.5" pos="NOM" lemma="deus" msd="Case=Nom|Numb=Plur">di</w>                <w xml:id="line.666#w.6" pos="PROper" lemma="uos" msd="Case=Nom|Numb=Plur">vos</w>                <w xml:id="line.666#w.7" pos="VER" lemma="perdo" msd="Numb=Plur|Mood=Sub|Tense=Pres|Voice=Act|Person=3">perdant</w>                <w xml:id="line.666#w.8" pos="PUNC" lemma="." msd="MORPH=empty">.</w>                <w xml:id="line.666#w.9" pos="VER" lemma="propero" msd="Numb=Sing|Mood=Ind|Tense=Fut|Voice=Act|Person=1">properabo</w>                <w xml:id="line.666#w.10" pos="PRE" lemma="ad2" msd="MORPH=empty">ad</w>                <w xml:id="line.666#w.11" pos="NOM" lemma="forum?" msd="Case=Acc|Numb=Sing">forum</w>                <w xml:id="line.666#w.12" pos="PUNC" lemma="," msd="MORPH=empty">,</w>            </seg>            <seg xml:id="urn:cts:latinLit:phi0119.phi010.perseus-lat2:line.667">                <w xml:id="line.667#w.1" pos="CONcoo" lemma="nam" msd="MORPH=empty">nam</w>                <w xml:id="line.667#w.2" pos="PRE" lemma="ex" msd="MORPH=empty">ex</w>                <w xml:id="line.667#w.3" pos="PROdem" lemma="hic1" msd="Case=Abl|Numb=Sing">hac</w>                <w xml:id="line.667#w.4" pos="NOM" lemma="familia" msd="Case=Abl|Numb=Sing">familia</w>                <w xml:id="line.667#w.5" pos="PROper" lemma="ego" msd="Case=Abl|Numb=Sing">me</w>                <w xml:id="line.667#w.6" pos="ADV" lemma="plane" msd="Deg=Pos">plane</w>                <w xml:id="line.667#w.7" pos="VER" lemma="axcido" msd="Mood=Inf|Tense=Perf|Voice=Act">Ã©xcidisse</w>                <w xml:id="line.667#w.8" pos="VER" lemma="intelligo" msd="Numb=Sing|Mood=Ind|Tense=Pres|Voice=Act|Person=1">intellego</w>                <w xml:id="line.667#w.9" pos="PUNC" lemma="." msd="MORPH=empty">.</w>                <w xml:id="line.667#w.10" pos="PUNC" lemma="â" msd="MORPH=empty">â</w>            </seg>            <seg xml:id="urn:cts:latinLit:phi0119.phi010.perseus-lat2:line.668">                <w xml:id="line.668#w.1" pos="ADV" lemma="male" msd="Deg=Pos">Male</w>                <w xml:id="line.668#w.2" pos="PROper" lemma="ego" msd="Case=Voc|Numb=Sing">mi</w>                <w xml:id="line.668#w.3" pos="NOM" lemma="uxor" msd="Case=Nom|Numb=Sing">uxor</w>                <w xml:id="line.668#w.4" pos="PROref" lemma="sui1" msd="Case=Acc|Numb=Sing">sese</w>                <w xml:id="line.668#w.5" pos="VER" lemma="facio" msd="Mood=Inf|Tense=Perf|Voice=Act">fecisse</w>                <w xml:id="line.668#w.6" pos="VER" lemma="censeo" msd="Numb=Sing|Mood=Ind|Tense=Pres|Voice=Act|Person=3">censet</w>                <w xml:id="line.668#w.7" pos="PUNC" lemma="," msd="MORPH=empty">,</w>                <w xml:id="line.668#w.8" pos="CONsub" lemma="cum3" msd="MORPH=empty">quom</w>                <w xml:id="line.668#w.9" pos="VER" lemma="excludo" msd="Numb=Sing|Mood=Ind|Tense=Perf|Voice=Act|Person=3">exclusit</w>                <w xml:id="line.668#w.10" pos="ADV" lemma="foras" msd="Deg=Pos">foras</w>                <w xml:id="line.668#w.11" pos="PUNC" lemma=";" msd="MORPH=empty">;</w>            </seg>            <seg xml:id="urn:cts:latinLit:phi0119.phi010.perseus-lat2:line.669">                <w xml:id="line.669#w.1" pos="CONsub" lemma="quasi2" msd="MORPH=empty">quasi</w>                <w xml:id="line.669#w.2" pos="ADVneg" lemma="non" msd="MORPH=empty">non</w>                <w xml:id="line.669#w.3" pos="VER" lemma="habeo" msd="Numb=Sing|Mood=Sub|Tense=Pres|Voice=Act|Person=1">habeam</w>                <w xml:id="line.669#w.4" pos="PUNC" lemma="," msd="MORPH=empty">,</w>                <w xml:id="line.669#w.5" pos="CONsub" lemma="qui?" msd="Numb=Sing">quo</w>                <w xml:id="line.669#w.6" pos="VER" lemma="intromitto" msd="Numb=Sing|Mood=Sub|Tense=Pres|Voice=Pass|Person=1">intromittar</w>                <w xml:id="line.669#w.7" pos="PUNC" lemma="," msd="MORPH=empty">,</w>                <w xml:id="line.669#w.8" pos="PROind" lemma="alius" msd="Case=Acc|Numb=Sing">alium</w>                <w xml:id="line.669#w.9" pos="ADJqua" lemma="bonus" msd="Case=Acc|Numb=Sing|Deg=Comp">meliorem</w>                <w xml:id="line.669#w.10" pos="NOM" lemma="locus" msd="Case=Acc|Numb=Sing">locum</w>                <w xml:id="line.669#w.11" pos="PUNC" lemma="." msd="MORPH=empty">.</w>            </seg>            <seg xml:id="urn:cts:latinLit:phi0119.phi010.perseus-lat2:line.670">                <w xml:id="line.670#w.1" pos="CONsub" lemma="si2" msd="MORPH=empty">si</w>                <w xml:id="line.670#w.2" pos="PROper" lemma="tu" msd="Case=Dat|Numb=Sing">tibi</w>                <w xml:id="line.670#w.3" pos="VER" lemma="displiceo" msd="Numb=Sing|Mood=Ind|Tense=Pres|Voice=Act|Person=1">displiceo</w>                <w xml:id="line.670#w.4" pos="PUNC" lemma="," msd="MORPH=empty">,</w>                <w xml:id="line.670#w.5" pos="VER" lemma="patior" msd="Case=Acc|Numb=Sing|Mood=Adj|Voice=Dep">patiundum</w>                <w xml:id="line.670#w.6" pos="PUNC" lemma=":" msd="MORPH=empty">:</w>                <w xml:id="line.670#w.7" pos="CONcoo" lemma="at2" msd="MORPH=empty">at</w>                <w xml:id="line.670#w.8" pos="VER" lemma="placeo" msd="Numb=Sing|Mood=Ind|Tense=FutAnt|Voice=Act|Person=1">placuero</w>                <w xml:id="line.670#w.9" pos="PROdem" lemma="hic1" msd="Case=Dat|Numb=Sing">huic</w>                <w xml:id="line.670#w.10" pos="NOM" lemma="erotio" msd="Case=Nom|Numb=Sing">Erotio</w>                <w xml:id="line.670#w.11" pos="PUNC" lemma="," msd="MORPH=empty">,</w>            </seg>            <seg xml:id="urn:cts:latinLit:phi0119.phi010.perseus-lat2:line.671">                <w xml:id="line.671#w.1" pos="PROrel" lemma="qui1" msd="Case=Nom|Numb=Sing">quae</w>                <w xml:id="line.671#w.2" pos="PROper" lemma="ego" msd="Case=Acc|Numb=Sing">me</w>                <w xml:id="line.671#w.3" pos="ADVneg" lemma="non" msd="MORPH=empty">non</w>                <w xml:id="line.671#w.4" pos="VER" lemma="excludo" msd="Numb=Sing|Mood=Ind|Tense=Fut|Voice=Act|Person=3">excludet</w>                <w xml:id="line.671#w.5" pos="PRE" lemma="ab" msd="MORPH=empty">ab</w>                <w xml:id="line.671#w.6" pos="PROref" lemma="sui1" msd="Case=Abl|Numb=Sing">se</w>                <w xml:id="line.671#w.7" pos="PUNC" lemma="," msd="MORPH=empty">,</w>                <w xml:id="line.671#w.8" pos="CONcoo" lemma="sed" msd="MORPH=empty">sed</w>                <w xml:id="line.671#w.9" pos="PRE" lemma="apud" msd="MORPH=empty">apud</w>                <w xml:id="line.671#w.10" pos="PROref" lemma="sui1" msd="Case=Acc|Numb=Sing">se</w>                <w xml:id="line.671#w.11" pos="VER" lemma="occludo" msd="Numb=Sing|Mood=Ind|Tense=Fut|Voice=Act|Person=3">occludet</w>                <w xml:id="line.671#w.12" pos="NOM" lemma="domus" msd="Case=Loc|Numb=Sing">domi</w>                <w xml:id="line.671#w.13" pos="PUNC" lemma="." msd="MORPH=empty">.</w>            </seg>            <seg xml:id="urn:cts:latinLit:phi0119.phi010.perseus-lat2:line.672">                <w xml:id="line.672#w.1" pos="ADV" lemma="nunc" msd="Deg=Pos">nunc</w>                <w xml:id="line.672#w.2" pos="VER" lemma="eo1" msd="Numb=Sing|Mood=Ind|Tense=Fut|Voice=Act|Person=1">ibo</w>                <w xml:id="line.672#w.3" pos="PUNC" lemma="," msd="MORPH=empty">,</w>                <w xml:id="line.672#w.4" pos="VER" lemma="oro" msd="Numb=Sing|Mood=Ind|Tense=Fut|Voice=Act|Person=1">orabo</w>                <w xml:id="line.672#w.5" pos="CONsub" lemma="ut4" msd="MORPH=empty">ut</w>                <w xml:id="line.672#w.6" pos="PROper" lemma="ego" msd="Case=Dat|Numb=Sing">mihi</w>                <w xml:id="line.672#w.7" pos="NOM" lemma="palla" msd="Case=Acc|Numb=Sing">pallam</w>                <w xml:id="line.672#w.8" pos="VER" lemma="reddo" msd="Numb=Sing|Mood=Sub|Tense=Pres|Voice=Act|Person=3">reddat</w>                <w xml:id="line.672#w.9" pos="PUNC" lemma="," msd="MORPH=empty">,</w>                <w xml:id="line.672#w.10" pos="PROrel" lemma="qui1" msd="Case=Acc|Numb=Sing">quam</w>                <w xml:id="line.672#w.11" pos="ADV" lemma="dudum" msd="Deg=Pos">dudum</w>                <w xml:id="line.672#w.12" pos="VER" lemma="do" msd="Numb=Sing|Mood=Ind|Tense=Perf|Voice=Act|Person=1">dedi</w>                <w xml:id="line.672#w.13" pos="PUNC" lemma=";" msd="MORPH=empty">;</w>            </seg>            <seg xml:id="urn:cts:latinLit:phi0119.phi010.perseus-lat2:line.673">                <w xml:id="line.673#w.1" pos="PROind" lemma="alius" msd="Case=Acc|Numb=Sing">aliam</w>                <w xml:id="line.673#w.2" pos="PROdem" lemma="ille" msd="Case=Dat|Numb=Sing">illi</w>                <w xml:id="line.673#w.3" pos="VER" lemma="redimo" msd="Numb=Sing|Mood=Ind|Tense=Fut|Voice=Act|Person=1">redimam</w>                <w xml:id="line.673#w.4" pos="ADJqua" lemma="bonus" msd="Case=Acc|Numb=Sing|Deg=Comp">meliorem</w>                <w xml:id="line.673#w.5" pos="PUNC" lemma="." msd="MORPH=empty">.</w>                <w xml:id="line.673#w.6" pos="INJ" lemma="heus" msd="MORPH=empty">heus</w>                <w xml:id="line.673#w.7" pos="PUNC" lemma="," msd="MORPH=empty">,</w>                <w xml:id="line.673#w.8" pos="PROint" lemma="ecquis" msd="Case=Nom|Numb=Sing">ecquis</w>                <w xml:id="line.673#w.9" pos="PROdem" lemma="hic1" msd="Case=Nom|Numb=Sing">hic</w>                <w xml:id="line.673#w.10" pos="VER" lemma="sum1" msd="Numb=Sing|Mood=Ind|Tense=Pres|Voice=Act|Person=3">est</w>                <w xml:id="line.673#w.11" pos="NOM" lemma="ianitor" msd="Case=Nom|Numb=Sing">ianitor</w>                <w xml:id="line.673#w.12" pos="PUNC" lemma="?" msd="MORPH=empty">?</w>            </seg>            <seg xml:id="urn:cts:latinLit:phi0119.phi010.perseus-lat2:line.674">                <w xml:id="line.674#w.1" pos="VER" lemma="aperio" msd="Numb=Plur|Mood=Imp|Tense=Pres|Voice=Act|Person=2">aperite</w>                <w xml:id="line.674#w.2" pos="CONcoo" lemma="atque1" msd="MORPH=empty">atque</w>                <w xml:id="line.674#w.3" pos="NOM" lemma="erotium" msd="Case=Gen|Numb=Plur">Erotium</w>                <w xml:id="line.674#w.4" pos="PROind" lemma="aliquis" msd="Case=Nom|Numb=Sing">aliquis</w>                <w xml:id="line.674#w.5" pos="VER" lemma="euoco" msd="Numb=Plur|Mood=Imp|Tense=Pres|Voice=Act|Person=2">evocate</w>                <w xml:id="line.674#w.6" pos="PRE" lemma="ante2" msd="MORPH=empty">ante</w>                <w xml:id="line.674#w.7" pos="NOM" lemma="ostium" msd="Case=Acc|Numb=Sing">ostium</w>                <w xml:id="line.674#w.8" pos="PUNC" lemma="." msd="MORPH=empty">.</w>            </seg>            <seg xml:id="urn:cts:latinLit:phi0119.phi010.perseus-lat2:line.675">                <w xml:id="line.675#w.1" pos="PROint" lemma="quis1" msd="Case=Nom|Numb=Sing">Quis</w>                <w xml:id="line.675#w.2" pos="ADV" lemma="hic2" msd="Case=Nom|Numb=Sing">hic</w>                <w xml:id="line.675#w.3" pos="PROper" lemma="ego" msd="Case=Acc|Numb=Sing">me</w>                <w xml:id="line.675#w.4" pos="VER" lemma="quaero" msd="Numb=Sing|Mood=Ind|Tense=Pres|Voice=Act|Person=3">quaerit</w>                <w xml:id="line.675#w.5" pos="PUNC" lemma="?" msd="MORPH=empty">?</w>            </seg>            <seg xml:id="urn:cts:latinLit:phi0119.phi010.perseus-lat2:line.675b">                <w xml:id="line.675b#w.1" pos="PROref" lemma="sui1" msd="Case=Dat|Numb=Sing">Sibi</w>                <w xml:id="line.675b#w.2" pos="NOM" lemma="inimicus?" msd="Case=Nom|Numb=Sing">inimicus</w>                <w xml:id="line.675b#w.3" pos="ADV" lemma="magis2" msd="Deg=Comp">magis</w>                <w xml:id="line.675b#w.4" pos="ADVrel" lemma="quam1" msd="MORPH=empty">quam</w>                <w xml:id="line.675b#w.5" pos="NOM" lemma="attatus" msd="Case=Dat|Numb=Sing">aÃ©tati</w>                <w xml:id="line.675b#w.6" pos="PROpos" lemma="tuus" msd="Case=Dat|Numb=Sing">tuae</w>                <w xml:id="line.675b#w.7" pos="PUNC" lemma="." msd="MORPH=empty">.</w>            </seg>            <seg xml:id="urn:cts:latinLit:phi0119.phi010.perseus-lat2:line.676">                <w xml:id="line.676#w.1" pos="PROpos" lemma="ego" msd="Case=Voc|Numb=Sing">Mi</w>                <w xml:id="line.676#w.2" pos="NOM" lemma="menaechis" msd="Case=Voc|Numb=Sing">Menaechme</w>                <w xml:id="line.676#w.3" pos="PUNC" lemma="," msd="MORPH=empty">,</w>                <w xml:id="line.676#w.4" pos="ADVint" lemma="cur" msd="MORPH=empty">cur</w>                <w xml:id="line.676#w.5" pos="PRE" lemma="ante2" msd="MORPH=empty">ante</w>                <w xml:id="line.676#w.6" pos="NOM" lemma="aedes" msd="Case=Acc|Numb=Plur">aedis</w>                <w xml:id="line.676#w.7" pos="VER" lemma="asto" msd="Numb=Sing|Mood=Ind|Tense=Pres|Voice=Act|Person=2">astas</w>                <w xml:id="line.676#w.8" pos="PUNC" lemma="?" msd="MORPH=empty">?</w>                <w xml:id="line.676#w.9" pos="VER" lemma="sequor" msd="Numb=Sing|Mood=Imp|Tense=Pres|Voice=Dep|Person=2">sequere</w>                <w xml:id="line.676#w.10" pos="ADV" lemma="intro2" msd="Deg=Pos">intro</w>                <w xml:id="line.676#w.11" pos="PUNC" lemma="." msd="MORPH=empty">.</w>            </seg>            <seg xml:id="urn:cts:latinLit:phi0119.phi010.perseus-lat2:line.676b">                <w xml:id="line.676b#w.1" pos="VER" lemma="maneo" msd="Numb=Sing|Mood=Imp|Tense=Pres|Voice=Act|Person=2">Mane</w>                <w xml:id="line.676b#w.2" pos="PUNC" lemma="." msd="MORPH=empty">.</w>            </seg>            <seg xml:id="urn:cts:latinLit:phi0119.phi010.perseus-lat2:line.677">                <w xml:id="line.677#w.1" pos="VER" lemma="scio" msd="Numb=Sing|Mood=Ind|Tense=Pres|Voice=Act|Person=2">scin</w>                <w xml:id="line.677#w.2" pos="ADV" lemma="ne2" msd="MORPH=empty">scin</w>                <w xml:id="line.677#w.3" pos="PROint" lemma="quis1" msd="Case=Nom|Numb=Sing">quid</w>                <w xml:id="line.677#w.4" pos="VER" lemma="sum1" msd="Numb=Sing|Mood=Ind|Tense=Pres|Voice=Act|Person=3">est</w>                <w xml:id="line.677#w.5" pos="PROrel" lemma="qui1" msd="Case=Nom|Numb=Sing">quod</w>                <w xml:id="line.677#w.6" pos="PROper" lemma="ego" msd="Case=Nom|Numb=Sing">ego</w>                <w xml:id="line.677#w.7" pos="PRE" lemma="ad2" msd="MORPH=empty">ad</w>                <w xml:id="line.677#w.8" pos="PROper" lemma="tu" msd="Case=Acc|Numb=Sing">te</w>                <w xml:id="line.677#w.9" pos="VER" lemma="uenio" msd="Numb=Sing|Mood=Ind|Tense=Pres|Voice=Act|Person=1">venio</w>                <w xml:id="line.677#w.10" pos="PUNC" lemma="?" msd="MORPH=empty">?</w>            </seg>            <seg xml:id="urn:cts:latinLit:phi0119.phi010.perseus-lat2:line.677b">                <w xml:id="line.677b#w.1" pos="VER" lemma="scio" msd="Numb=Sing|Mood=Ind|Tense=Pres|Voice=Act|Person=1">Scio</w>                <w xml:id="line.677b#w.2" pos="PUNC" lemma="," msd="MORPH=empty">,</w>                <w xml:id="line.677b#w.3" pos="CONsub" lemma="ut4" msd="MORPH=empty">ut</w>                <w xml:id="line.677b#w.4" pos="PROper" lemma="tu" msd="Case=Dat|Numb=Sing">tibi</w>                <w xml:id="line.677b#w.5" pos="PRE" lemma="ex" msd="MORPH=empty">ex</w>                <w xml:id="line.677b#w.6" pos="PROper" lemma="ego" msd="Case=Abl|Numb=Sing">me</w>                <w xml:id="line.677b#w.7" pos="VER" lemma="sum1" msd="Numb=Sing|Mood=Sub|Tense=Pres|Voice=Act|Person=3">sit</w>                <w xml:id="line.677b#w.8" pos="NOM" lemma="uolupe" msd="Case=Ind|Numb=Sing">volup</w>                <w xml:id="line.677b#w.9" pos="PUNC" lemma="." msd="MORPH=empty">.</w>            </seg>            <seg xml:id="urn:cts:latinLit:phi0119.phi010.perseus-lat2:line.678">                <w xml:id="line.678#w.1" pos="ADV" lemma="immo" msd="Deg=Pos">Immo</w>                <w xml:id="line.678#w.2" pos="INJ" lemma="edepol" msd="MORPH=empty">edepol</w>                <w xml:id="line.678#w.3" pos="NOM" lemma="palla" msd="Case=Acc|Numb=Sing">pallam</w>                <w xml:id="line.678#w.4" pos="PROdem" lemma="ille" msd="Case=Acc|Numb=Sing">illam</w>                <w xml:id="line.678#w.5" pos="PUNC" lemma="," msd="MORPH=empty">,</w>                <w xml:id="line.678#w.6" pos="VER" lemma="amo" msd="Numb=Sing|Mood=Ind|Tense=Fut|Voice=Act|Person=1">amabo</w>                <w xml:id="line.678#w.7" pos="PROper" lemma="tu" msd="Case=Acc|Numb=Sing">te</w>                <w xml:id="line.678#w.8" pos="PUNC" lemma="," msd="MORPH=empty">,</w>                <w xml:id="line.678#w.9" pos="PROrel" lemma="qui1" msd="Case=Acc|Numb=Sing">quam</w>                <w xml:id="line.678#w.10" pos="PROper" lemma="tu" msd="Case=Dat|Numb=Sing">tibi</w>                <w xml:id="line.678#w.11" pos="ADV" lemma="dudum" msd="Deg=Pos">dudum</w>                <w xml:id="line.678#w.12" pos="VER" lemma="do" msd="Numb=Sing|Mood=Ind|Tense=Perf|Voice=Act|Person=1">dedi</w>                <w xml:id="line.678#w.13" pos="PUNC" lemma="," msd="MORPH=empty">,</w>            </seg>            <seg xml:id="urn:cts:latinLit:phi0119.phi010.perseus-lat2:line.679">                <w xml:id="line.679#w.1" pos="PROper" lemma="ego" msd="Case=Dat|Numb=Sing">mihi</w>                <w xml:id="line.679#w.2" pos="PROdem" lemma="is" msd="Case=Acc|Numb=Sing">eam</w>                <w xml:id="line.679#w.3" pos="VER" lemma="reddo" msd="Numb=Sing|Mood=Imp|Tense=Pres|Voice=Act|Person=2">redde</w>                <w xml:id="line.679#w.4" pos="PUNC" lemma="." msd="MORPH=empty">.</w>                <w xml:id="line.679#w.5" pos="NOM" lemma="uxor" msd="Case=Nom|Numb=Sing">uxor</w>                <w xml:id="line.679#w.6" pos="VER" lemma="rescisco" msd="Numb=Sing|Mood=Ind|Tense=Perf|Voice=Act|Person=3">rescivit</w>                <w xml:id="line.679#w.7" pos="NOM" lemma="res" msd="Case=Acc|Numb=Sing">rem</w>                <w xml:id="line.679#w.8" pos="PROind" lemma="omnis" msd="Case=Acc|Numb=Sing">omnem</w>                <w xml:id="line.679#w.9" pos="PUNC" lemma="," msd="MORPH=empty">,</w>                <w xml:id="line.679#w.10" pos="ADVrel" lemma="ut1" msd="MORPH=empty">ut</w>                <w xml:id="line.679#w.11" pos="VER" lemma="facio" msd="Case=Nom|Numb=Sing|Mood=Par|Tense=Perf|Voice=Pass">factum</w>                <w xml:id="line.679#w.12" pos="VER" lemma="sum1" msd="Numb=Sing|Mood=Ind|Tense=Pres|Voice=Act|Person=3">est</w>                <w xml:id="line.679#w.13" pos="PUNC" lemma="," msd="MORPH=empty">,</w>                <w xml:id="line.679#w.14" pos="NOM" lemma="ordo" msd="Case=Abl|Numb=Sing">ordine</w>                <w xml:id="line.679#w.15" pos="PUNC" lemma="." msd="MORPH=empty">.</w>            </seg>            <seg xml:id="urn:cts:latinLit:phi0119.phi010.perseus-lat2:line.680">                <w xml:id="line.680#w.1" pos="PROper" lemma="ego" msd="Case=Nom|Numb=Sing">ego</w>                <w xml:id="line.680#w.2" pos="PROper" lemma="tu" msd="Case=Dat|Numb=Sing">tibi</w>                <w xml:id="line.680#w.3" pos="VER" lemma="redimo" msd="Numb=Sing|Mood=Ind|Tense=Fut|Voice=Act|Person=1">redimam</w>                <w xml:id="line.680#w.4" pos="ADJadv.mul" lemma="bis" msd="MORPH=empty">bis</w>                <w xml:id="line.680#w.5" pos="ADV" lemma="tanto" msd="MORPH=empty">tanto</w>                <w xml:id="line.680#w.6" pos="ADJqua" lemma="multus" msd="Case=Acc|Numb=Sing|Deg=Comp">pluris</w>                <w xml:id="line.680#w.7" pos="NOM" lemma="palla" msd="Case=Acc|Numb=Sing">pallam</w>                <w xml:id="line.680#w.8" pos="PUNC" lemma="," msd="MORPH=empty">,</w>                <w xml:id="line.680#w.9" pos="ADVrel" lemma="quam1" msd="MORPH=empty">quam</w>                <w xml:id="line.680#w.10" pos="VER" lemma="uolo?" msd="Numb=Sing|Mood=Ind|Tense=Fut|Voice=Act|Person=2">voles</w>                <w xml:id="line.680#w.11" pos="PUNC" lemma="." msd="MORPH=empty">.</w>            </seg>            <seg xml:id="urn:cts:latinLit:phi0119.phi010.perseus-lat2:line.681">                <w xml:id="line.681#w.1" pos="PROper" lemma="tu" msd="Case=Dat|Numb=Sing">Tibi</w>                <w xml:id="line.681#w.2" pos="VER" lemma="do" msd="Numb=Sing|Mood=Ind|Tense=Perf|Voice=Act|Person=1">dedi</w>                <w xml:id="line.681#w.3" pos="ADV" lemma="equidem" msd="Deg=Pos">equidem</w>                <w xml:id="line.681#w.4" pos="PROdem" lemma="ille" msd="Case=Acc|Numb=Sing">illam</w>                <w xml:id="line.681#w.5" pos="PUNC" lemma="," msd="MORPH=empty">,</w>                <w xml:id="line.681#w.6" pos="PRE" lemma="ad2" msd="MORPH=empty">ad</w>                <w xml:id="line.681#w.7" pos="NOM" lemma="phrygio" msd="Case=Acc|Numb=Sing">phrygionem</w>                <w xml:id="line.681#w.8" pos="CONsub" lemma="et?" msd="MORPH=empty">Ãºt</w>                <w xml:id="line.681#w.9" pos="VER" lemma="fero" msd="Numb=Sing|Mood=Sub|Tense=Impa|Voice=Act|Person=2">ferres</w>                <w xml:id="line.681#w.10" pos="PUNC" lemma="," msd="MORPH=empty">,</w>                <w xml:id="line.681#w.11" pos="ADV" lemma="paulo" msd="Deg=Pos">paulo</w>                <w xml:id="line.681#w.12" pos="ADJadv.ord" lemma="prius" msd="Deg=Comp">prius</w>                <w xml:id="line.681#w.13" pos="PUNC" lemma="," msd="MORPH=empty">,</w>            </seg>            <seg xml:id="urn:cts:latinLit:phi0119.phi010.perseus-lat2:line.682">                <w xml:id="line.682#w.1" pos="CONcoo" lemma="et2" msd="MORPH=empty">et</w>                <w xml:id="line.682#w.2" pos="PROdem" lemma="ille" msd="Case=Acc|Numb=Sing">illud</w>                <w xml:id="line.682#w.3" pos="NOM" lemma="spinter" msd="MORPH=empty">spinter</w>                <w xml:id="line.682#w.4" pos="PUNC" lemma="," msd="MORPH=empty">,</w>                <w xml:id="line.682#w.5" pos="CONsub" lemma="ut4" msd="MORPH=empty">ut</w>                <w xml:id="line.682#w.6" pos="PRE" lemma="ad2" msd="MORPH=empty">ad</w>                <w xml:id="line.682#w.7" pos="NOM" lemma="aurifex" msd="Case=Acc|Numb=Sing">aurificem</w>                <w xml:id="line.682#w.8" pos="VER" lemma="fero" msd="Numb=Sing|Mood=Sub|Tense=Impa|Voice=Act|Person=2">ferres</w>                <w xml:id="line.682#w.9" pos="PUNC" lemma="," msd="MORPH=empty">,</w>                <w xml:id="line.682#w.10" pos="CONsub" lemma="ut4" msd="MORPH=empty">ut</w>                <w xml:id="line.682#w.11" pos="VER" lemma="fio" msd="Numb=Sing|Mood=Sub|Tense=Impa|Voice=Act|Person=3">fieret</w>                <w xml:id="line.682#w.12" pos="ADJqua" lemma="nouus" msd="Case=Acc|Numb=Sing|Deg=Pos">novom</w>                <w xml:id="line.682#w.13" pos="PUNC" lemma="." msd="MORPH=empty">.</w>            </seg>            <seg xml:id="urn:cts:latinLit:phi0119.phi010.perseus-lat2:line.683">                <w xml:id="line.683#w.1" pos="PROper" lemma="ego" msd="Case=Dat|Numb=Sing">Mihi</w>                <w xml:id="line.683#w.2" pos="PROper" lemma="tu" msd="Case=Nom|Numb=Sing">tu</w>                <w xml:id="line.683#w.3" pos="CONsub" lemma="ut4" msd="MORPH=empty">ut</w>                <w xml:id="line.683#w.4" pos="VER" lemma="do" msd="Numb=Sing|Mood=Sub|Tense=Perf|Voice=Act|Person=2">dederis</w>                <w xml:id="line.683#w.5" pos="NOM" lemma="palla" msd="Case=Acc|Numb=Sing">pallam</w>                <w xml:id="line.683#w.6" pos="CONcoo" lemma="et2" msd="MORPH=empty">et</w>                <w xml:id="line.683#w.7" pos="NOM" lemma="spinter" msd="MORPH=empty">spinter</w>                <w xml:id="line.683#w.8" pos="PUNC" lemma="?" msd="MORPH=empty">?</w>                <w xml:id="line.683#w.9" pos="ADVneg" lemma="numquam" msd="MORPH=empty">numquam</w>                <w xml:id="line.683#w.10" pos="NOM" lemma="factum" msd="Case=Acc|Numb=Sing">factum</w>                <w xml:id="line.683#w.11" pos="VER" lemma="reperio" msd="Numb=Sing|Mood=Ind|Tense=Fut|Voice=Act|Person=2">reperies</w>                <w xml:id="line.683#w.12" pos="PUNC" lemma="." msd="MORPH=empty">.</w>            </seg>            <seg xml:id="urn:cts:latinLit:phi0119.phi010.perseus-lat2:line.684">                <w xml:id="line.684#w.1" pos="CONcoo" lemma="nam" msd="MORPH=empty">nam</w>                <w xml:id="line.684#w.2" pos="PROper" lemma="ego" msd="Case=Nom|Numb=Sing">ego</w>                <w xml:id="line.684#w.3" pos="ADV" lemma="quidem" msd="Deg=Pos">quidem</w>                <w xml:id="line.684#w.4" pos="CONsub" lemma="postquam" msd="MORPH=empty">postquam</w>                <w xml:id="line.684#w.5" pos="PROdem" lemma="ille" msd="Case=Acc|Numb=Sing">illam</w>                <w xml:id="line.684#w.6" pos="ADV" lemma="dudum" msd="Deg=Pos">dudum</w>                <w xml:id="line.684#w.7" pos="PROper" lemma="tu" msd="Case=Dat|Numb=Sing">tibi</w>                <w xml:id="line.684#w.8" pos="VER" lemma="do" msd="Numb=Sing|Mood=Ind|Tense=Perf|Voice=Act|Person=1">dedi</w>                <w xml:id="line.684#w.9" pos="CONcoo" lemma="atque1" msd="MORPH=empty">atque</w>                <w xml:id="line.684#w.10" pos="VER" lemma="abeo1" msd="Numb=Sing|Mood=Ind|Tense=Perf|Voice=Act|Person=1">abii</w>                <w xml:id="line.684#w.11" pos="PRE" lemma="ad2" msd="MORPH=empty">ad</w>                <w xml:id="line.684#w.12" pos="NOM" lemma="forum?" msd="Case=Acc|Numb=Sing">forum</w>                <w xml:id="line.684#w.13" pos="PUNC" lemma="," msd="MORPH=empty">,</w>            </seg>            <seg xml:id="urn:cts:latinLit:phi0119.phi010.perseus-lat2:line.685">                <w xml:id="line.685#w.1" pos="ADV" lemma="nunc" msd="Deg=Pos">nunc</w>                <w xml:id="line.685#w.2" pos="VER" lemma="redeo1" msd="Numb=Sing|Mood=Ind|Tense=Pres|Voice=Act|Person=1">redeo</w>                <w xml:id="line.685#w.3" pos="PUNC" lemma="," msd="MORPH=empty">,</w>                <w xml:id="line.685#w.4" pos="ADV" lemma="nunc" msd="Deg=Pos">nunc</w>                <w xml:id="line.685#w.5" pos="PROper" lemma="tu" msd="Case=Acc|Numb=Sing">te</w>                <w xml:id="line.685#w.6" pos="ADV" lemma="postillac" msd="Deg=Pos">postillac</w>                <w xml:id="line.685#w.7" pos="VER" lemma="uideo" msd="Numb=Sing|Mood=Ind|Tense=Pres|Voice=Act|Person=1">video</w>                <w xml:id="line.685#w.8" pos="PUNC" lemma="." msd="MORPH=empty">.</w>            </seg>            <seg xml:id="urn:cts:latinLit:phi0119.phi010.perseus-lat2:line.685b">                <w xml:id="line.685b#w.1" pos="VER" lemma="uideo" msd="Numb=Sing|Mood=Ind|Tense=Pres|Voice=Act|Person=1">Video</w>                <w xml:id="line.685b#w.2" pos="PROint" lemma="quis1" msd="Case=Acc|Numb=Sing">quam</w>                <w xml:id="line.685b#w.3" pos="NOM" lemma="res" msd="Case=Acc|Numb=Sing">rem</w>                <w xml:id="line.685b#w.4" pos="VER" lemma="ago" msd="Numb=Sing|Mood=Ind|Tense=Pres|Voice=Act|Person=2">agis</w>                <w xml:id="line.685b#w.5" pos="PUNC" lemma="." msd="MORPH=empty">.</w>            </seg>            <seg xml:id="urn:cts:latinLit:phi0119.phi010.perseus-lat2:line.686">                <w xml:id="line.686#w.1" pos="CONsub" lemma="quia" msd="MORPH=empty">quia</w>                <w xml:id="line.686#w.2" pos="VER" lemma="committo" msd="Numb=Sing|Mood=Ind|Tense=Perf|Voice=Act|Person=1">commisi</w>                <w xml:id="line.686#w.3" pos="PUNC" lemma="," msd="MORPH=empty">,</w>                <w xml:id="line.686#w.4" pos="CONsub" lemma="ut4" msd="MORPH=empty">ut</w>                <w xml:id="line.686#w.5" pos="PROper" lemma="ego" msd="Case=Acc|Numb=Sing">me</w>                <w xml:id="line.686#w.6" pos="VER" lemma="defrudo" msd="Numb=Sing|Mood=Sub|Tense=Pres|Voice=Act|Person=2">defrudes</w>                <w xml:id="line.686#w.7" pos="PUNC" lemma="," msd="MORPH=empty">,</w>                <w xml:id="line.686#w.8" pos="PRE" lemma="ad2" msd="MORPH=empty">ad</w>                <w xml:id="line.686#w.9" pos="PROdem" lemma="is" msd="Case=Acc|Numb=Sing">eam</w>                <w xml:id="line.686#w.10" pos="NOM" lemma="res" msd="Case=Acc|Numb=Sing">rem</w>                <w xml:id="line.686#w.11" pos="VER" lemma="afficio" msd="Numb=Sing|Mood=Par|Tense=Perf|Voice=Pass|Person=2">adfectas</w>                <w xml:id="line.686#w.12" pos="NOM" lemma="uia" msd="Case=Acc|Numb=Sing">viam</w>                <w xml:id="line.686#w.13" pos="PUNC" lemma="." msd="MORPH=empty">.</w>            </seg>            <seg xml:id="urn:cts:latinLit:phi0119.phi010.perseus-lat2:line.687">                <w xml:id="line.687#w.1" pos="CONcoo" lemma="neque" msd="MORPH=empty">Neque</w>                <w xml:id="line.687#w.2" pos="INJ" lemma="edepol" msd="MORPH=empty">edepol</w>                <w xml:id="line.687#w.3" pos="PROper" lemma="tu" msd="Case=Acc|Numb=Sing">te</w>                <w xml:id="line.687#w.4" pos="VER" lemma="defrudo" msd="Case=Gen|Numb=Sing|Mood=Ger|Voice=Act">defrudandi</w>                <w xml:id="line.687#w.5" pos="NOM" lemma="causa" msd="Case=Nom|Numb=Sing">causa</w>                <w xml:id="line.687#w.6" pos="VER" lemma="posco" msd="Numb=Sing|Mood=Ind|Tense=Pres|Voice=Act|Person=1">posco</w>                <w xml:id="line.687#w.7" pos="PUNC" lemma="(" msd="MORPH=empty">(</w>                <w xml:id="line.687#w.8" pos="ADV" lemma="quin1" msd="Deg=Pos">quin</w>                <w xml:id="line.687#w.9" pos="PROper" lemma="tu" msd="Case=Dat|Numb=Sing">tibi</w>            </seg>            <seg xml:id="urn:cts:latinLit:phi0119.phi010.perseus-lat2:line.688">                <w xml:id="line.688#w.1" pos="VER" lemma="dico?" msd="Numb=Sing|Mood=Ind|Tense=Pres|Voice=Act|Person=1">dico</w>                <w xml:id="line.688#w.2" pos="NOM" lemma="uxor" msd="Case=Acc|Numb=Sing">uxorem</w>                <w xml:id="line.688#w.3" pos="VER" lemma="rescisco" msd="Mood=Inf|Tense=Perf|Voice=Act">rescivisse</w>                <w xml:id="line.688#w.4" pos="PUNC" lemma=")" msd="MORPH=empty">)</w>                <w xml:id="line.688#w.5" pos="PUNC" lemma="â" msd="MORPH=empty">â</w>            </seg>            <seg xml:id="urn:cts:latinLit:phi0119.phi010.perseus-lat2:line.688b">                <w xml:id="line.688b#w.1" pos="CONcoo" lemma="nec2" msd="MORPH=empty">Nec</w>                <w xml:id="line.688b#w.2" pos="PROper" lemma="tu" msd="Case=Acc|Numb=Sing">te</w>                <w xml:id="line.688b#w.3" pos="ADV" lemma="ultro" msd="Deg=Pos">ultro</w>                <w xml:id="line.688b#w.4" pos="VER" lemma="oro" msd="Numb=Sing|Mood=Ind|Tense=Perf|Voice=Act|Person=1">oravi</w>                <w xml:id="line.688b#w.5" pos="CONsub" lemma="ut4" msd="MORPH=empty">ut</w>                <w xml:id="line.688b#w.6" pos="VER" lemma="do" msd="Numb=Sing|Mood=Sub|Tense=Impa|Voice=Act|Person=2">dares</w>                <w xml:id="line.688b#w.7" pos="PUNC" lemma=":" msd="MORPH=empty">:</w>            </seg>            <seg xml:id="urn:cts:latinLit:phi0119.phi010.perseus-lat2:line.689">                <w xml:id="line.689#w.1" pos="PROper" lemma="tu" msd="Case=Nom|Numb=Sing">tute</w>                <w xml:id="line.689#w.2" pos="ADV" lemma="ultro" msd="Deg=Pos">ultro</w>                <w xml:id="line.689#w.3" pos="PRE" lemma="ad2" msd="MORPH=empty">ad</w>                <w xml:id="line.689#w.4" pos="PROper" lemma="ego" msd="Case=Acc|Numb=Sing">me</w>                <w xml:id="line.689#w.5" pos="VER" lemma="defero" msd="Numb=Sing|Mood=Ind|Tense=Perf|Voice=Act|Person=2">detulisti</w>                <w xml:id="line.689#w.6" pos="PUNC" lemma="," msd="MORPH=empty">,</w>                <w xml:id="line.689#w.7" pos="VER" lemma="do" msd="Numb=Sing|Mood=Ind|Tense=Perf|Voice=Act|Person=2">dedisti</w>                <w xml:id="line.689#w.8" pos="PROdem" lemma="is" msd="Case=Acc|Numb=Sing">eam</w>                <w xml:id="line.689#w.9" pos="NOM" lemma="donum" msd="Case=Abl|Numb=Sing">dono</w>                <w xml:id="line.689#w.10" pos="PROper" lemma="ego" msd="Case=Dat|Numb=Sing">mihi</w>                <w xml:id="line.689#w.11" pos="PUNC" lemma=";" msd="MORPH=empty">;</w>            </seg>            <seg xml:id="urn:cts:latinLit:phi0119.phi010.perseus-lat2:line.690">                <w xml:id="line.690#w.1" pos="PROdem" lemma="idem" msd="Case=Acc|Numb=Sing">eandem</w>                <w xml:id="line.690#w.2" pos="ADV" lemma="nunc" msd="Deg=Pos">nunc</w>                <w xml:id="line.690#w.3" pos="VER" lemma="reposco" msd="Numb=Sing|Mood=Ind|Tense=Pres|Voice=Act|Person=2">reposcis</w>                <w xml:id="line.690#w.4" pos="PUNC" lemma=":" msd="MORPH=empty">:</w>                <w xml:id="line.690#w.5" pos="VER" lemma="patior" msd="Numb=Sing|Mood=Ind|Tense=Fut|Voice=Dep|Person=1">patiar</w>                <w xml:id="line.690#w.6" pos="PUNC" lemma="." msd="MORPH=empty">.</w>                <w xml:id="line.690#w.7" pos="PROper" lemma="tu" msd="Case=Dat|Numb=Sing">tibi</w>                <w xml:id="line.690#w.8" pos="VER" lemma="habeo" msd="Numb=Sing|Mood=Imp|Tense=Pres|Voice=Act|Person=2">habe</w>                <w xml:id="line.690#w.9" pos="PUNC" lemma="," msd="MORPH=empty">,</w>                <w xml:id="line.690#w.10" pos="VER" lemma="aufero" msd="Numb=Sing|Mood=Imp|Tense=Pres|Voice=Act|Person=2">aufer</w>                <w xml:id="line.690#w.11" pos="PUNC" lemma="," msd="MORPH=empty">,</w>                <w xml:id="line.690#w.12" pos="VER" lemma="utor" msd="Numb=Sing|Mood=Imp|Tense=Pres|Voice=Dep|Person=2">utere</w>            </seg>            <seg xml:id="urn:cts:latinLit:phi0119.phi010.perseus-lat2:line.691">                <w xml:id="line.691#w.1" pos="CONcoo" lemma="uel2" msd="MORPH=empty">vel</w>                <w xml:id="line.691#w.2" pos="PROper" lemma="tu" msd="Case=Nom|Numb=Sing">tu</w>                <w xml:id="line.691#w.3" pos="CONcoo" lemma="uel2" msd="MORPH=empty">vel</w>                <w xml:id="line.691#w.4" pos="PROpos" lemma="tuus" msd="Case=Nom|Numb=Sing">tua</w>                <w xml:id="line.691#w.5" pos="NOM" lemma="uxor" msd="Case=Voc|Numb=Sing">uxor</w>                <w xml:id="line.691#w.6" pos="PUNC" lemma="," msd="MORPH=empty">,</w>                <w xml:id="line.691#w.7" pos="CONcoo" lemma="uel2" msd="MORPH=empty">vel</w>                <w xml:id="line.691#w.8" pos="ADV" lemma="etiam" msd="Deg=Pos">etiam</w>                <w xml:id="line.691#w.9" pos="PRE" lemma="in" msd="MORPH=empty">in</w>                <w xml:id="line.691#w.10" pos="NOM" lemma="loculus" msd="Case=Acc|Numb=Plur">loculos</w>                <w xml:id="line.691#w.11" pos="VER" lemma="compingo1" msd="Numb=Plur|Mood=Imp|Tense=Pres|Voice=Act|Person=2">compingite</w>                <w xml:id="line.691#w.12" pos="PUNC" lemma="." msd="MORPH=empty">.</w>            </seg>            <seg xml:id="urn:cts:latinLit:phi0119.phi010.perseus-lat2:line.692">                <w xml:id="line.692#w.1" pos="PROper" lemma="tu" msd="Case=Nom|Numb=Sing">tu</w>                <w xml:id="line.692#w.2" pos="ADV" lemma="huc" msd="Deg=Pos">huc</w>                <w xml:id="line.692#w.3" pos="PRE" lemma="post2" msd="MORPH=empty">post</w>                <w xml:id="line.692#w.4" pos="PROdem" lemma="hic1" msd="Case=Acc|Numb=Sing">hunc</w>                <w xml:id="line.692#w.5" pos="NOM" lemma="dies" msd="Case=Acc|Numb=Sing">diem</w>                <w xml:id="line.692#w.6" pos="NOM" lemma="pes" msd="Case=Acc|Numb=Sing">pedem</w>                <w xml:id="line.692#w.7" pos="ADV" lemma="intro2" msd="Deg=Pos">intro</w>                <w xml:id="line.692#w.8" pos="ADVneg" lemma="non" msd="MORPH=empty">non</w>                <w xml:id="line.692#w.9" pos="VER" lemma="fero" msd="Numb=Sing|Mood=Ind|Tense=Fut|Voice=Act|Person=2">feres</w>                <w xml:id="line.692#w.10" pos="PUNC" lemma="," msd="MORPH=empty">,</w>                <w xml:id="line.692#w.11" pos="CONsub" lemma="ne4" msd="MORPH=empty">ne</w>                <w xml:id="line.692#w.12" pos="ADV" lemma="frustra" msd="Deg=Pos">frustra</w>                <w xml:id="line.692#w.13" pos="VER" lemma="sum1" msd="Numb=Sing|Mood=Sub|Tense=Pres|Voice=Act|Person=2">sis</w>                <w xml:id="line.692#w.14" pos="PUNC" lemma=";" msd="MORPH=empty">;</w>            </seg>            <seg xml:id="urn:cts:latinLit:phi0119.phi010.perseus-lat2:line.693">                <w xml:id="line.693#w.1" pos="CONsub" lemma="quando3" msd="MORPH=empty">quando</w>                <w xml:id="line.693#w.2" pos="PROper" lemma="tu" msd="Case=Nom|Numb=Sing">tu</w>                <w xml:id="line.693#w.3" pos="PROper" lemma="ego" msd="Case=Acc|Numb=Sing">me</w>                <w xml:id="line.693#w.4" pos="ADV" lemma="bene" msd="Deg=Pos">bene</w>                <w xml:id="line.693#w.5" pos="ADJqua" lemma="mereo" msd="Case=Acc|Numb=Sing|Deg=Pos">merentem</w>                <w xml:id="line.693#w.6" pos="PROper" lemma="tu" msd="Case=Dat|Numb=Sing">tibi</w>                <w xml:id="line.693#w.7" pos="VER" lemma="habeo" msd="Numb=Sing|Mood=Ind|Tense=Pres|Voice=Act|Person=2">habes</w>                <w xml:id="line.693#w.8" pos="NOM" lemma="despicatus?" msd="Case=Dat|Numb=Sing">despicatui</w>                <w xml:id="line.693#w.9" pos="PUNC" lemma="," msd="MORPH=empty">,</w>            </seg>            <seg xml:id="urn:cts:latinLit:phi0119.phi010.perseus-lat2:line.694">                <w xml:id="line.694#w.1" pos="CONsub" lemma="nisi" msd="MORPH=empty">nisi</w>                <w xml:id="line.694#w.2" pos="VER" lemma="fero" msd="Numb=Sing|Mood=Ind|Tense=Fut|Voice=Act|Person=2">feres</w>                <w xml:id="line.694#w.3" pos="NOM" lemma="argentum" msd="Case=Acc|Numb=Sing">argentum</w>                <w xml:id="line.694#w.4" pos="PUNC" lemma="," msd="MORPH=empty">,</w>                <w xml:id="line.694#w.5" pos="ADV" lemma="frustra" msd="Deg=Pos">frustra</w>                <w xml:id="line.694#w.6" pos="PROper" lemma="ego" msd="Case=Acc|Numb=Sing">me</w>                <w xml:id="line.694#w.7" pos="VER" lemma="ducto" msd="Mood=Inf|Tense=Pres|Voice=Act">ductare</w>                <w xml:id="line.694#w.8" pos="ADVneg" lemma="non" msd="MORPH=empty">non</w>                <w xml:id="line.694#w.9" pos="VER" lemma="possum1" msd="Numb=Sing|Mood=Ind|Tense=Pres|Voice=Act|Person=2">potes</w>                <w xml:id="line.694#w.10" pos="PUNC" lemma="." msd="MORPH=empty">.</w>            </seg>            <seg xml:id="urn:cts:latinLit:phi0119.phi010.perseus-lat2:line.695">                <w xml:id="line.695#w.1" pos="PROind" lemma="alius" msd="Case=Acc|Numb=Sing">aliam</w>                <w xml:id="line.695#w.2" pos="ADV" lemma="posthac" msd="Deg=Pos">posthac</w>                <w xml:id="line.695#w.3" pos="VER" lemma="inuenio" msd="Numb=Sing|Mood=Imp|Tense=Fut|Voice=Act|Person=2">invenito</w>                <w xml:id="line.695#w.4" pos="CONsub" lemma="qui?" msd="MORPH=empty">quÃ¡m</w>                <w xml:id="line.695#w.5" pos="VER" lemma="habeo" msd="Numb=Sing|Mood=Sub|Tense=Pres|Voice=Act|Person=2">habeas</w>                <w xml:id="line.695#w.6" pos="VER" lemma="frustratus" msd="Numb=Sing">frustratui</w>                <w xml:id="line.695#w.7" pos="PUNC" lemma="." msd="MORPH=empty">.</w>                <w xml:id="line.695#w.8" pos="PUNC" lemma="â" msd="MORPH=empty">â</w>            </seg>            <seg xml:id="urn:cts:latinLit:phi0119.phi010.perseus-lat2:line.696">                <w xml:id="line.696#w.1" pos="ADV" lemma="nimis" msd="Deg=Pos">Nimis</w>                <w xml:id="line.696#w.2" pos="ADV" lemma="iracunde" msd="Deg=Pos">iracunde</w>                <w xml:id="line.696#w.3" pos="INJ" lemma="hercules" msd="MORPH=empty">hercle</w>                <w xml:id="line.696#w.4" pos="ADV" lemma="tandem" msd="Deg=Pos">tandem</w>                <w xml:id="line.696#w.5" pos="PUNC" lemma="." msd="MORPH=empty">.</w>                <w xml:id="line.696#w.6" pos="INJ" lemma="hes" msd="MORPH=empty">heÃºs</w>                <w xml:id="line.696#w.7" pos="PROper" lemma="tu" msd="Case=Nom|Numb=Sing">tu</w>                <w xml:id="line.696#w.8" pos="PUNC" lemma="," msd="MORPH=empty">,</w>                <w xml:id="line.696#w.9" pos="PROper" lemma="tu" msd="Case=Dat|Numb=Sing">tibi</w>                <w xml:id="line.696#w.10" pos="VER" lemma="dico?" msd="Numb=Sing|Mood=Ind|Tense=Pres|Voice=Act|Person=1">dico</w>                <w xml:id="line.696#w.11" pos="PUNC" lemma="," msd="MORPH=empty">,</w>                <w xml:id="line.696#w.12" pos="ADV" lemma="mane2" msd="Deg=Pos">mane</w>                <w xml:id="line.696#w.13" pos="PUNC" lemma="," msd="MORPH=empty">,</w>            </seg>            <seg xml:id="urn:cts:latinLit:phi0119.phi010.perseus-lat2:line.697">                <w xml:id="line.697#w.1" pos="VER" lemma="redeo1" msd="Numb=Sing|Mood=Imp|Tense=Pres|Voice=Act|Person=2">redi</w>                <w xml:id="line.697#w.2" pos="PUNC" lemma="." msd="MORPH=empty">.</w>                <w xml:id="line.697#w.3" pos="ADV" lemma="etiam" msd="Deg=Pos">etiamne</w>                <w xml:id="line.697#w.4" pos="ADV" lemma="ne2" msd="MORPH=empty">etiamne</w>                <w xml:id="line.697#w.5" pos="VER" lemma="asto" msd="Numb=Sing|Mood=Ind|Tense=Pres|Voice=Act|Person=2">astas</w>                <w xml:id="line.697#w.6" pos="PUNC" lemma="?" msd="MORPH=empty">?</w>                <w xml:id="line.697#w.7" pos="ADV" lemma="etiam" msd="Deg=Pos">etiam</w>                <w xml:id="line.697#w.8" pos="VER" lemma="audeo" msd="Numb=Sing|Mood=Ind|Tense=Pres|Voice=SemDep|Person=2">audes</w>                <w xml:id="line.697#w.9" pos="PROpos" lemma="meus" msd="Case=Abl|Numb=Sing">mea</w>                <w xml:id="line.697#w.10" pos="VER" lemma="reuertor" msd="Mood=Inf|Tense=Pres|Voice=Dep">revorti</w>                <w xml:id="line.697#w.11" pos="NOM" lemma="gratia" msd="Case=Abl|Numb=Sing">gratia</w>                <w xml:id="line.697#w.12" pos="PUNC" lemma="?" msd="MORPH=empty">?</w>            </seg>            <seg xml:id="urn:cts:latinLit:phi0119.phi010.perseus-lat2:line.698">                <w xml:id="line.698#w.1" pos="VER" lemma="abeo1" msd="Numb=Sing|Mood=Ind|Tense=Perf|Voice=Act|Person=3">abiit</w>                <w xml:id="line.698#w.2" pos="ADV" lemma="intro2" msd="Deg=Pos">intro</w>                <w xml:id="line.698#w.3" pos="PUNC" lemma="," msd="MORPH=empty">,</w>                <w xml:id="line.698#w.4" pos="VER" lemma="occludo" msd="Numb=Sing|Mood=Ind|Tense=Perf|Voice=Act|Person=3">occlusit</w>                <w xml:id="line.698#w.5" pos="NOM" lemma="aedes" msd="Case=Acc|Numb=Plur">aedis</w>                <w xml:id="line.698#w.6" pos="PUNC" lemma="." msd="MORPH=empty">.</w>                <w xml:id="line.698#w.7" pos="ADV" lemma="nunc" msd="Deg=Pos">nunc</w>                <w xml:id="line.698#w.8" pos="PROper" lemma="ego" msd="Case=Nom|Numb=Sing">ego</w>                <w xml:id="line.698#w.9" pos="VER" lemma="sum1" msd="Numb=Sing|Mood=Ind|Tense=Pres|Voice=Act|Person=1">sum</w>                <w xml:id="line.698#w.10" pos="ADJqua" lemma="exclusus" msd="Case=Nom|Numb=Sing|Deg=Sup">exclusissimus</w>                <w xml:id="line.698#w.11" pos="PUNC" lemma=":" msd="MORPH=empty">:</w>            </seg>            <seg xml:id="urn:cts:latinLit:phi0119.phi010.perseus-lat2:line.699">                <w xml:id="line.699#w.1" pos="CONcoo" lemma="neque" msd="MORPH=empty">neque</w>                <w xml:id="line.699#w.2" pos="NOM" lemma="domus" msd="Case=Loc|Numb=Sing">domi</w>                <w xml:id="line.699#w.3" pos="CONcoo" lemma="neque" msd="MORPH=empty">neque</w>                <w xml:id="line.699#w.4" pos="PRE" lemma="apud" msd="MORPH=empty">apud</w>                <w xml:id="line.699#w.5" pos="NOM" lemma="amica" msd="Case=Acc|Numb=Sing">amicam</w>                <w xml:id="line.699#w.6" pos="PROper" lemma="ego" msd="Case=Dat|Numb=Sing">mihi</w>                <w xml:id="line.699#w.7" pos="ADV" lemma="iam" msd="Deg=Pos">iam</w>                <w xml:id="line.699#w.8" pos="PROind" lemma="quisquam" msd="Case=Nom|Numb=Sing">quicquam</w>                <w xml:id="line.699#w.9" pos="VER" lemma="credo" msd="Numb=Sing|Mood=Ind|Tense=Pres|Voice=Pass|Person=3">creditur</w>                <w xml:id="line.699#w.10" pos="PUNC" lemma="." msd="MORPH=empty">.</w>            </seg>            <seg xml:id="urn:cts:latinLit:phi0119.phi010.perseus-lat2:line.700">                <w xml:id="line.700#w.1" pos="VER" lemma="eo1" msd="Numb=Sing|Mood=Ind|Tense=Fut|Voice=Act|Person=1">ibo</w>                <w xml:id="line.700#w.2" pos="CONcoo" lemma="et2" msd="MORPH=empty">et</w>                <w xml:id="line.700#w.3" pos="VER" lemma="consulo" msd="Numb=Sing|Mood=Ind|Tense=Fut|Voice=Act|Person=1">consulam</w>                <w xml:id="line.700#w.4" pos="PROdem" lemma="hic1" msd="Case=Acc|Numb=Sing">hanc</w>                <w xml:id="line.700#w.5" pos="NOM" lemma="res" msd="Case=Acc|Numb=Sing">rem</w>                <w xml:id="line.700#w.6" pos="NOM" lemma="amicus?" msd="Case=Acc|Numb=Plur">amicos</w>                <w xml:id="line.700#w.7" pos="PUNC" lemma="," msd="MORPH=empty">,</w>                <w xml:id="line.700#w.8" pos="PROint" lemma="quis1" msd="Case=Acc|Numb=Sing">quid</w>                <w xml:id="line.700#w.9" pos="VER" lemma="facio" msd="Case=Acc|Numb=Sing|Mood=Adj|Voice=Pass">faciendum</w>                <w xml:id="line.700#w.10" pos="VER" lemma="censeo" msd="Numb=Plur|Mood=Sub|Tense=Pres|Voice=Act|Person=3">censeant</w>                <w xml:id="line.700#w.11" pos="PUNC" lemma="." msd="MORPH=empty">.</w>                <w xml:id="line.700#w.12" pos="PUNC" lemma="â" msd="MORPH=empty">â</w>            </seg>            <seg xml:id="urn:cts:latinLit:phi0119.phi010.perseus-lat2:line.701">                <w xml:id="line.701#w.1" pos="ADV" lemma="nimis" msd="Deg=Pos">Nimis</w>                <w xml:id="line.701#w.2" pos="ADV" lemma="stulte" msd="Deg=Pos">stÃºlte</w>                <w xml:id="line.701#w.3" pos="ADV" lemma="dudum" msd="Deg=Pos">dudum</w>                <w xml:id="line.701#w.4" pos="VER" lemma="facio" msd="Numb=Sing|Mood=Ind|Tense=Perf|Voice=Act|Person=1">feci</w>                <w xml:id="line.701#w.5" pos="PUNC" lemma="," msd="MORPH=empty">,</w>                <w xml:id="line.701#w.6" pos="CONsub" lemma="cum3" msd="MORPH=empty">quom</w>                <w xml:id="line.701#w.7" pos="NOM" lemma="marsupium" msd="Case=Acc|Numb=Sing">marsuppium</w>            </seg>            <seg xml:id="urn:cts:latinLit:phi0119.phi010.perseus-lat2:line.702">                <w xml:id="line.702#w.1" pos="NOM" lemma="messenio" msd="Case=Dat|Numb=Sing">Messenioni</w>                <w xml:id="line.702#w.2" pos="PRE" lemma="cum2" msd="MORPH=empty">cum</w>                <w xml:id="line.702#w.3" pos="NOM" lemma="argentum" msd="Case=Abl|Numb=Sing">argento</w>                <w xml:id="line.702#w.4" pos="VER" lemma="concredo" msd="Numb=Sing|Mood=Ind|Tense=Perf|Voice=Act|Person=1">concredidi</w>                <w xml:id="line.702#w.5" pos="PUNC" lemma="." msd="MORPH=empty">.</w>            </seg>            <seg xml:id="urn:cts:latinLit:phi0119.phi010.perseus-lat2:line.703">                <w xml:id="line.703#w.1" pos="VER" lemma="immergo" msd="Numb=Sing|Mood=Ind|Tense=Perf|Voice=Act|Person=3">immersit</w>                <w xml:id="line.703#w.2" pos="PROind" lemma="aliquis" msd="Case=Abl|Numb=Sing">aliquo</w>                <w xml:id="line.703#w.3" pos="PROref" lemma="sui1" msd="Case=Acc|Numb=Sing">sese</w>                <w xml:id="line.703#w.4" pos="PUNC" lemma="," msd="MORPH=empty">,</w>                <w xml:id="line.703#w.5" pos="VER" lemma="credo" msd="Numb=Sing|Mood=Ind|Tense=Pres|Voice=Act|Person=1">credo</w>                <w xml:id="line.703#w.6" pos="PUNC" lemma="," msd="MORPH=empty">,</w>                <w xml:id="line.703#w.7" pos="PRE" lemma="in" msd="MORPH=empty">in</w>                <w xml:id="line.703#w.8" pos="NOM" lemma="ganes" msd="Case=Acc|Numb=Sing">ganeum</w>                <w xml:id="line.703#w.9" pos="PUNC" lemma="." msd="MORPH=empty">.</w>            </seg>            <seg xml:id="urn:cts:latinLit:phi0119.phi010.perseus-lat2:line.704">                <w xml:id="line.704#w.1" pos="VER" lemma="prouideo" msd="Case=Acc|Numb=Sing|Mood=Par|Tense=Perf|Voice=Pass">Provisam</w>                <w xml:id="line.704#w.2" pos="ADVint" lemma="quam2" msd="MORPH=empty">quam</w>                <w xml:id="line.704#w.3" pos="ADV" lemma="mox" msd="Deg=Pos">mox</w>                <w xml:id="line.704#w.4" pos="NOM" lemma="uir" msd="Case=Nom|Numb=Sing">vir</w>                <w xml:id="line.704#w.5" pos="PROpos" lemma="meus" msd="Case=Nom|Numb=Sing">meus</w>                <w xml:id="line.704#w.6" pos="VER" lemma="redeo1" msd="Numb=Sing|Mood=Sub|Tense=Pres|Voice=Act|Person=3">redeat</w>                <w xml:id="line.704#w.7" pos="NOM" lemma="domus" msd="Case=Acc|Numb=Sing">domum</w>                <w xml:id="line.704#w.8" pos="PUNC" lemma="." msd="MORPH=empty">.</w>            </seg>            <seg xml:id="urn:cts:latinLit:phi0119.phi010.perseus-lat2:line.705">                <w xml:id="line.705#w.1" pos="CONcoo" lemma="sed" msd="MORPH=empty">sed</w>                <w xml:id="line.705#w.2" pos="INJ" lemma="ecce" msd="MORPH=empty">eccum</w>                <w xml:id="line.705#w.3" pos="VER" lemma="uideo" msd="Numb=Sing|Mood=Ind|Tense=Pres|Voice=Act|Person=1">video</w>                <w xml:id="line.705#w.4" pos="PUNC" lemma="." msd="MORPH=empty">.</w>                <w xml:id="line.705#w.5" pos="ADJqua" lemma="saluus" msd="Case=Nom|Numb=Sing|Deg=Pos">salva</w>                <w xml:id="line.705#w.6" pos="VER" lemma="sum1" msd="Numb=Sing|Mood=Ind|Tense=Pres|Voice=Act|Person=1">sum</w>                <w xml:id="line.705#w.7" pos="PUNC" lemma="," msd="MORPH=empty">,</w>                <w xml:id="line.705#w.8" pos="NOM" lemma="palla" msd="Case=Acc|Numb=Sing">pallam</w>                <w xml:id="line.705#w.9" pos="VER" lemma="refero" msd="Numb=Sing|Mood=Ind|Tense=Pres|Voice=Act|Person=3">refert</w>                <w xml:id="line.705#w.10" pos="PUNC" lemma="." msd="MORPH=empty">.</w>            </seg>            <seg xml:id="urn:cts:latinLit:phi0119.phi010.perseus-lat2:line.706">                <w xml:id="line.706#w.1" pos="VER" lemma="demiror" msd="Numb=Sing|Mood=Ind|Tense=Pres|Voice=Dep|Person=1">Demiror</w>                <w xml:id="line.706#w.2" pos="ADVint" lemma="ubi2" msd="MORPH=empty">ubi</w>                <w xml:id="line.706#w.3" pos="ADV" lemma="nunc" msd="Deg=Pos">nunc</w>                <w xml:id="line.706#w.4" pos="VER" lemma="ambulo" msd="Numb=Sing|Mood=Sub|Tense=Pres|Voice=Act|Person=3">ambulet</w>                <w xml:id="line.706#w.5" pos="NOM" lemma="messenium" msd="Case=Dat|Numb=Sing">Messenio</w>                <w xml:id="line.706#w.6" pos="PUNC" lemma="." msd="MORPH=empty">.</w>            </seg>            <seg xml:id="urn:cts:latinLit:phi0119.phi010.perseus-lat2:line.707">                <w xml:id="line.707#w.1" pos="VER" lemma="adeo1" msd="Numb=Sing|Mood=Ind|Tense=Fut|Voice=Act|Person=1">Adibo</w>                <w xml:id="line.707#w.2" pos="CONcoo" lemma="atque1" msd="MORPH=empty">atque</w>                <w xml:id="line.707#w.3" pos="NOM" lemma="homo" msd="Case=Acc|Numb=Sing">hominem</w>                <w xml:id="line.707#w.4" pos="VER" lemma="accipio" msd="Numb=Sing|Mood=Ind|Tense=Fut|Voice=Act|Person=1">accipiam</w>                <w xml:id="line.707#w.5" pos="PROint" lemma="quis1" msd="Case=Abl|Numb=Plur">quibus</w>                <w xml:id="line.707#w.6" pos="NOM" lemma="dictum" msd="Case=Abl|Numb=Plur">dictis</w>                <w xml:id="line.707#w.7" pos="VER" lemma="mereo" msd="Numb=Sing|Mood=Sub|Tense=Pres|Voice=Act|Person=3">meret</w>                <w xml:id="line.707#w.8" pos="PUNC" lemma="." msd="MORPH=empty">.</w>            </seg>            <seg xml:id="urn:cts:latinLit:phi0119.phi010.perseus-lat2:line.708">                <w xml:id="line.708#w.1" pos="ADVneg" lemma="non" msd="MORPH=empty">non</w>                <w xml:id="line.708#w.2" pos="PROper" lemma="tu" msd="Case=Acc|Numb=Sing">te</w>                <w xml:id="line.708#w.3" pos="VER" lemma="pudeo" msd="Numb=Sing|Mood=Ind|Tense=Pres|Voice=Act|Person=3">pudet</w>                <w xml:id="line.708#w.4" pos="VER" lemma="prodeo1" msd="Mood=Inf|Tense=Pres|Voice=Act">prodire</w>                <w xml:id="line.708#w.5" pos="PRE" lemma="in" msd="MORPH=empty">in</w>                <w xml:id="line.708#w.6" pos="NOM" lemma="conspectus?" msd="Case=Acc|Numb=Sing">conspectum</w>                <w xml:id="line.708#w.7" pos="PROpos" lemma="meus" msd="Case=Acc|Numb=Sing">meum</w>                <w xml:id="line.708#w.8" pos="PUNC" lemma="," msd="MORPH=empty">,</w>            </seg>            <seg xml:id="urn:cts:latinLit:phi0119.phi010.perseus-lat2:line.709">                <w xml:id="line.709#w.1" pos="NOM" lemma="flagitium" msd="Case=Nom|Numb=Sing">flagitium</w>                <w xml:id="line.709#w.2" pos="NOM" lemma="homo" msd="Case=Gen|Numb=Sing">hominis</w>                <w xml:id="line.709#w.3" pos="PUNC" lemma="," msd="MORPH=empty">,</w>                <w xml:id="line.709#w.4" pos="PRE" lemma="cum2" msd="MORPH=empty">cum</w>                <w xml:id="line.709#w.5" pos="PROdem" lemma="istic1" msd="Case=Abl|Numb=Sing">istoc</w>                <w xml:id="line.709#w.6" pos="NOM" lemma="ornatus?" msd="Case=Abl|Numb=Sing">ornatu</w>                <w xml:id="line.709#w.7" pos="PUNC" lemma="?" msd="MORPH=empty">?</w>            </seg>            <seg xml:id="urn:cts:latinLit:phi0119.phi010.perseus-lat2:line.709b">                <w xml:id="line.709b#w.1" pos="PROint" lemma="quis1" msd="Case=Nom|Numb=Sing">Quid</w>                <w xml:id="line.709b#w.2" pos="VER" lemma="sum1" msd="Numb=Sing|Mood=Ind|Tense=Pres|Voice=Act|Person=3">est</w>                <w xml:id="line.709b#w.3" pos="PUNC" lemma="?" msd="MORPH=empty">?</w>            </seg>            <seg xml:id="urn:cts:latinLit:phi0119.phi010.perseus-lat2:line.710">                <w xml:id="line.710#w.1" pos="PROint" lemma="quis1" msd="Case=Nom|Numb=Sing">quae</w>                <w xml:id="line.710#w.2" pos="PROper" lemma="tu" msd="Case=Acc|Numb=Sing">te</w>                <w xml:id="line.710#w.3" pos="NOM" lemma="res" msd="Case=Nom|Numb=Sing">res</w>                <w xml:id="line.710#w.4" pos="VER" lemma="agito" msd="Numb=Sing|Mood=Ind|Tense=Pres|Voice=Act|Person=3">agitat</w>                <w xml:id="line.710#w.5" pos="PUNC" lemma="," msd="MORPH=empty">,</w>                <w xml:id="line.710#w.6" pos="NOM" lemma="mulier" msd="Case=Voc|Numb=Sing">mulier</w>                <w xml:id="line.710#w.7" pos="PUNC" lemma="?" msd="MORPH=empty">?</w>            </seg>            <seg xml:id="urn:cts:latinLit:phi0119.phi010.perseus-lat2:line.710b">                <w xml:id="line.710b#w.1" pos="ADV" lemma="etiam" msd="Deg=Pos">Etiamne</w>                <w xml:id="line.710b#w.2" pos="ADV" lemma="ne2" msd="MORPH=empty">Etiamne</w>                <w xml:id="line.710b#w.3" pos="PUNC" lemma="," msd="MORPH=empty">,</w>                <w xml:id="line.710b#w.4" pos="ADJqua" lemma="impudens" msd="Case=Nom|Numb=Sing|Deg=Pos">impudens</w>                <w xml:id="line.710b#w.5" pos="PUNC" lemma="," msd="MORPH=empty">,</w>            </seg>            <seg xml:id="urn:cts:latinLit:phi0119.phi010.perseus-lat2:line.711">                <w xml:id="line.711#w.1" pos="VER" lemma="mutio" msd="Mood=Inf|Tense=Pres|Voice=Act">muttire</w>                <w xml:id="line.711#w.2" pos="NOM" lemma="uerbum" msd="Case=Acc|Numb=Sing">verbum</w>                <w xml:id="line.711#w.3" pos="ADJcar" lemma="unus" msd="Case=Acc|Numb=Sing">unum</w>                <w xml:id="line.711#w.4" pos="VER" lemma="audeo" msd="Numb=Sing|Mood=Ind|Tense=Pres|Voice=SemDep|Person=2">audes</w>                <w xml:id="line.711#w.5" pos="CONcoo" lemma="aut" msd="MORPH=empty">aut</w>                <w xml:id="line.711#w.6" pos="PROper" lemma="ego" msd="Case=Abl|Numb=Sing">mecum</w>                <w xml:id="line.711#w.7" pos="CON" lemma="cum3" msd="MORPH=empty">mecum</w>                <w xml:id="line.711#w.8" pos="VER" lemma="loquor" msd="Mood=Inf|Tense=Pres|Voice=Dep">loqui</w>                <w xml:id="line.711#w.9" pos="PUNC" lemma="?" msd="MORPH=empty">?</w>            </seg>            <seg xml:id="urn:cts:latinLit:phi0119.phi010.perseus-lat2:line.712">                <w xml:id="line.712#w.1" pos="PROint" lemma="quis1" msd="Case=Acc|Numb=Sing">Quid</w>                <w xml:id="line.712#w.2" pos="ADV" lemma="tandem" msd="Deg=Pos">tandem</w>                <w xml:id="line.712#w.3" pos="VER" lemma="admitto" msd="Numb=Sing|Mood=Ind|Tense=Perf|Voice=Act|Person=1">admisi</w>                <w xml:id="line.712#w.4" pos="PRE" lemma="in" msd="MORPH=empty">in</w>                <w xml:id="line.712#w.5" pos="PROper" lemma="ego" msd="Case=Acc|Numb=Sing">me</w>                <w xml:id="line.712#w.6" pos="PUNC" lemma="," msd="MORPH=empty">,</w>                <w xml:id="line.712#w.7" pos="CONsub" lemma="ut4" msd="MORPH=empty">ut</w>                <w xml:id="line.712#w.8" pos="VER" lemma="loquor" msd="Mood=Inf|Tense=Pres|Voice=Dep">loqui</w>                <w xml:id="line.712#w.9" pos="ADVneg" lemma="non" msd="MORPH=empty">non</w>                <w xml:id="line.712#w.10" pos="VER" lemma="audeo" msd="Numb=Sing|Mood=Sub|Tense=Pres|Voice=SemDep|Person=1">audeam</w>                <w xml:id="line.712#w.11" pos="PUNC" lemma="?" msd="MORPH=empty">?</w>            </seg>            <seg xml:id="urn:cts:latinLit:phi0119.phi010.perseus-lat2:line.713">                <w xml:id="line.713#w.1" pos="VER" lemma="rogo" msd="Numb=Sing|Mood=Ind|Tense=Pres|Voice=Act|Person=2">Rogas</w>                <w xml:id="line.713#w.2" pos="PROper" lemma="ego" msd="Case=Acc|Numb=Sing">me</w>                <w xml:id="line.713#w.3" pos="PUNC" lemma="?" msd="MORPH=empty">?</w>                <w xml:id="line.713#w.4" pos="INJ" lemma="o" msd="MORPH=empty">o</w>                <w xml:id="line.713#w.5" pos="NOM" lemma="homo" msd="Case=Gen|Numb=Sing">hominis</w>                <w xml:id="line.713#w.6" pos="ADJqua" lemma="impudens" msd="Case=Acc|Numb=Sing|Deg=Pos">impudentem</w>                <w xml:id="line.713#w.7" pos="NOM" lemma="audacia" msd="Case=Acc|Numb=Sing">audaciam</w>                <w xml:id="line.713#w.8" pos="PUNC" lemma="!" msd="MORPH=empty">!</w>            </seg>            <seg xml:id="urn:cts:latinLit:phi0119.phi010.perseus-lat2:line.714">                <w xml:id="line.714#w.1" pos="ADVneg" lemma="non" msd="MORPH=empty">Non</w>                <w xml:id="line.714#w.2" pos="PROper" lemma="tu" msd="Case=Nom|Numb=Sing">tu</w>                <w xml:id="line.714#w.3" pos="VER" lemma="scio" msd="Numb=Sing|Mood=Ind|Tense=Pres|Voice=Act|Person=2">scis</w>                <w xml:id="line.714#w.4" pos="PUNC" lemma="," msd="MORPH=empty">,</w>                <w xml:id="line.714#w.5" pos="NOM" lemma="mulier" msd="Case=Nom|Numb=Sing">mulier</w>                <w xml:id="line.714#w.6" pos="PUNC" lemma="," msd="MORPH=empty">,</w>                <w xml:id="line.714#w.7" pos="NOM" lemma="hecuba" msd="Case=Acc|Numb=Sing">Hecubam</w>                <w xml:id="line.714#w.8" pos="ADVrel" lemma="quapropter1" msd="MORPH=empty">quapropter</w>                <w xml:id="line.714#w.9" pos="NOM" lemma="canis" msd="Case=Acc|Numb=Sing">canem</w>            </seg>            <seg xml:id="urn:cts:latinLit:phi0119.phi010.perseus-lat2:line.715">                <w xml:id="line.715#w.1" pos="ADJqua" lemma="graius" msd="Case=Nom|Numb=Sing|Deg=Pos">Graii</w>                <w xml:id="line.715#w.2" pos="VER" lemma="sum1" msd="Mood=Inf|Tense=Pres|Voice=Act">esse</w>                <w xml:id="line.715#w.3" pos="VER" lemma="praedico?" msd="Numb=Plur|Mood=Ind|Tense=Impa|Voice=Act|Person=3">praedicabant</w>                <w xml:id="line.715#w.4" pos="PUNC" lemma="?" msd="MORPH=empty">?</w>            </seg>            <seg xml:id="urn:cts:latinLit:phi0119.phi010.perseus-lat2:line.715b">                <w xml:id="line.715b#w.1" pos="ADVneg" lemma="non" msd="MORPH=empty">Non</w>                <w xml:id="line.715b#w.2" pos="ADV" lemma="equidem" msd="Deg=Pos">equidem</w>                <w xml:id="line.715b#w.3" pos="VER" lemma="scio" msd="Numb=Sing|Mood=Ind|Tense=Pres|Voice=Act|Person=1">scio</w>                <w xml:id="line.715b#w.4" pos="PUNC" lemma="." msd="MORPH=empty">.</w>            </seg>            <seg xml:id="urn:cts:latinLit:phi0119.phi010.perseus-lat2:line.716">                <w xml:id="line.716#w.1" pos="CONsub" lemma="quia" msd="MORPH=empty">Quia</w>                <w xml:id="line.716#w.2" pos="PROdem" lemma="idem" msd="Case=Nom|Numb=Sing">idem</w>                <w xml:id="line.716#w.3" pos="VER" lemma="facio" msd="Numb=Sing|Mood=Ind|Tense=Impa|Voice=Act|Person=3">faciebat</w>                <w xml:id="line.716#w.4" pos="NOM" lemma="hecuba" msd="Case=Nom|Numb=Sing">Hecuba</w>                <w xml:id="line.716#w.5" pos="PROrel" lemma="qui1" msd="Case=Acc|Numb=Sing">quod</w>                <w xml:id="line.716#w.6" pos="PROper" lemma="tu" msd="Case=Nom|Numb=Sing">tu</w>                <w xml:id="line.716#w.7" pos="ADV" lemma="nunc" msd="Deg=Pos">nunc</w>                <w xml:id="line.716#w.8" pos="VER" lemma="facio" msd="Numb=Sing|Mood=Ind|Tense=Pres|Voice=Act|Person=2">facis</w>                <w xml:id="line.716#w.9" pos="PUNC" lemma=":" msd="MORPH=empty">:</w>            </seg>            <seg xml:id="urn:cts:latinLit:phi0119.phi010.perseus-lat2:line.717">                <w xml:id="line.717#w.1" pos="PROind" lemma="omnis" msd="Case=Acc|Numb=Plur">omnia</w>                <w xml:id="line.717#w.2" pos="NOM" lemma="malum?" msd="Case=Acc|Numb=Plur">mala</w>                <w xml:id="line.717#w.3" pos="VER" lemma="ingero" msd="Numb=Sing|Mood=Ind|Tense=Impa|Voice=Act|Person=3">ingerebat</w>                <w xml:id="line.717#w.4" pos="PUNC" lemma="," msd="MORPH=empty">,</w>                <w xml:id="line.717#w.5" pos="PROind" lemma="quisque2" msd="Case=Acc|Numb=Sing">quemquem</w>                <w xml:id="line.717#w.6" pos="VER" lemma="aspicio" msd="Numb=Sing|Mood=Ind|Tense=Pqp|Voice=Act|Person=3">aspexerat</w>                <w xml:id="line.717#w.7" pos="PUNC" lemma="." msd="MORPH=empty">.</w>            </seg>            <seg xml:id="urn:cts:latinLit:phi0119.phi010.perseus-lat2:line.718">                <w xml:id="line.718#w.1" pos="CONcoo" lemma="itaque" msd="MORPH=empty">itaque</w>                <w xml:id="line.718#w.2" pos="ADV" lemma="adeo2" msd="Deg=Pos">adeo</w>                <w xml:id="line.718#w.3" pos="NOM" lemma="iure" msd="MORPH=empty">iure</w>                <w xml:id="line.718#w.4" pos="VER" lemma="coepio" msd="Numb=Sing|Mood=Par|Tense=Perf|Voice=Pass">coepta</w>                <w xml:id="line.718#w.5" pos="VER" lemma="appello?" msd="Mood=Inf|Tense=Pres|Voice=Pass">appellari</w>                <w xml:id="line.718#w.6" pos="VER" lemma="sum1" msd="Numb=Sing|Mood=Ind|Tense=Pres|Voice=Act|Person=3">est</w>                <w xml:id="line.718#w.7" pos="NOM" lemma="canis" msd="Case=Acc|Numb=Plur">canes</w>                <w xml:id="line.718#w.8" pos="PUNC" lemma="." msd="MORPH=empty">.</w>            </seg>            <seg xml:id="urn:cts:latinLit:phi0119.phi010.perseus-lat2:line.719">                <w xml:id="line.719#w.1" pos="ADVneg" lemma="non" msd="MORPH=empty">Non</w>                <w xml:id="line.719#w.2" pos="PROper" lemma="ego" msd="Case=Nom|Numb=Sing">ego</w>                <w xml:id="line.719#w.3" pos="PROdem" lemma="istic1" msd="Case=Acc|Numb=Plur">istaec</w>                <w xml:id="line.719#w.4" pos="PROpos" lemma="tuus" msd="Case=Acc|Numb=Plur">tua</w>                <w xml:id="line.719#w.5" pos="NOM" lemma="flagitium" msd="Case=Acc|Numb=Plur">flagitia</w>                <w xml:id="line.719#w.6" pos="VER" lemma="possum1" msd="Numb=Sing|Mood=Ind|Tense=Pres|Voice=Act|Person=1">possum</w>                <w xml:id="line.719#w.7" pos="VER" lemma="perpetior" msd="Mood=Inf|Tense=Pres|Voice=Dep">perpeti</w>                <w xml:id="line.719#w.8" pos="PUNC" lemma="." msd="MORPH=empty">.</w>            </seg>            <seg xml:id="urn:cts:latinLit:phi0119.phi010.perseus-lat2:line.720">                <w xml:id="line.720#w.1" pos="CONcoo" lemma="nam" msd="MORPH=empty">nam</w>                <w xml:id="line.720#w.2" pos="PROper" lemma="ego" msd="Case=Acc|Numb=Sing">med</w>                <w xml:id="line.720#w.3" pos="NOM" lemma="aetas" msd="Case=Acc|Numb=Sing">aetatem</w>                <w xml:id="line.720#w.4" pos="ADJqua" lemma="uiduus" msd="Case=Acc|Numb=Sing|Deg=Pos">viduam</w>                <w xml:id="line.720#w.5" pos="VER" lemma="sum1" msd="Mood=Inf|Tense=Pres|Voice=Act">Ã©sse</w>                <w xml:id="line.720#w.6" pos="VER" lemma="malo" msd="Numb=Sing|Mood=Sub|Tense=Pres|Voice=Act|Person=1">mavelim</w>                <w xml:id="line.720#w.7" pos="PUNC" lemma="," msd="MORPH=empty">,</w>            </seg>            <seg xml:id="urn:cts:latinLit:phi0119.phi010.perseus-lat2:line.721">                <w xml:id="line.721#w.1" pos="ADVrel" lemma="quam1" msd="MORPH=empty">quam</w>                <w xml:id="line.721#w.2" pos="PROdem" lemma="istic1" msd="Case=Acc|Numb=Plur">istaec</w>                <w xml:id="line.721#w.3" pos="NOM" lemma="flagitium" msd="Case=Acc|Numb=Plur">flagitia</w>                <w xml:id="line.721#w.4" pos="PROpos" lemma="tuus" msd="Case=Acc|Numb=Plur">tua</w>                <w xml:id="line.721#w.5" pos="VER" lemma="patior" msd="Mood=Inf|Tense=Pres|Voice=Dep">pati</w>                <w xml:id="line.721#w.6" pos="PROrel" lemma="qui1" msd="Case=Acc|Numb=Plur">quae</w>                <w xml:id="line.721#w.7" pos="PROper" lemma="tu" msd="Case=Nom|Numb=Sing">tu</w>                <w xml:id="line.721#w.8" pos="VER" lemma="facio" msd="Numb=Sing|Mood=Ind|Tense=Pres|Voice=Act|Person=2">facis</w>                <w xml:id="line.721#w.9" pos="PUNC" lemma="." msd="MORPH=empty">.</w>            </seg>            <seg xml:id="urn:cts:latinLit:phi0119.phi010.perseus-lat2:line.722">                <w xml:id="line.722#w.1" pos="PROint" lemma="quis1" msd="Case=Acc|Numb=Sing">Quid</w>                <w xml:id="line.722#w.2" pos="PROdem" lemma="is" msd="Case=Acc|Numb=Sing">id</w>                <w xml:id="line.722#w.3" pos="PRE" lemma="ad2" msd="MORPH=empty">ad</w>                <w xml:id="line.722#w.4" pos="PROper" lemma="ego" msd="Case=Acc|Numb=Sing">me</w>                <w xml:id="line.722#w.5" pos="PUNC" lemma="," msd="MORPH=empty">,</w>                <w xml:id="line.722#w.6" pos="PROper" lemma="tu" msd="Case=Nom|Numb=Sing">tu</w>                <w xml:id="line.722#w.7" pos="PROper" lemma="tu" msd="Case=Acc|Numb=Sing">te</w>                <w xml:id="line.722#w.8" pos="VER" lemma="nubo" msd="Case=Acc|Numb=Sing">nuptam</w>                <w xml:id="line.722#w.9" pos="VER" lemma="possum1" msd="Numb=Sing|Mood=Sub|Tense=Pres|Voice=Act|Person=2">possis</w>                <w xml:id="line.722#w.10" pos="VER" lemma="perpetior" msd="Mood=Inf|Tense=Pres|Voice=Dep">perpeti</w>            </seg>            <seg xml:id="urn:cts:latinLit:phi0119.phi010.perseus-lat2:line.723">                <w xml:id="line.723#w.1" pos="ADVint" lemma="an" msd="MORPH=empty">an</w>                <w xml:id="line.723#w.2" pos="VER" lemma="sum1" msd="Numb=Sing|Mood=Sub|Tense=Pres|Voice=Act|Person=2">sis</w>                <w xml:id="line.723#w.3" pos="VER" lemma="abeo1" msd="Case=Nom|Numb=Sing|Mood=Par|Tense=Fut|Voice=Act">abitura</w>                <w xml:id="line.723#w.4" pos="PRE" lemma="ab" msd="MORPH=empty">a</w>                <w xml:id="line.723#w.5" pos="PROpos" lemma="tuus" msd="Case=Abl|Numb=Sing">tuo</w>                <w xml:id="line.723#w.6" pos="NOM" lemma="uir" msd="Case=Abl|Numb=Sing">viro</w>                <w xml:id="line.723#w.7" pos="PUNC" lemma="?" msd="MORPH=empty">?</w>                <w xml:id="line.723#w.8" pos="ADVint" lemma="an" msd="MORPH=empty">an</w>                <w xml:id="line.723#w.9" pos="NOM" lemma="mos" msd="Case=Nom|Numb=Sing">mos</w>                <w xml:id="line.723#w.10" pos="PROdem" lemma="hic1" msd="Case=Nom|Numb=Sing|Deg=Pos">hic</w>                <w xml:id="line.723#w.11" pos="ADV" lemma="ita" msd="Deg=Pos">ita</w>                <w xml:id="line.723#w.12" pos="VER" lemma="sum1" msd="Numb=Sing|Mood=Ind|Tense=Pres|Voice=Act|Person=3">est</w>                <w xml:id="line.723#w.13" pos="PUNC" lemma="," msd="MORPH=empty">,</w>            </seg>            <seg xml:id="urn:cts:latinLit:phi0119.phi010.perseus-lat2:line.724">                <w xml:id="line.724#w.1" pos="ADJqua" lemma="peregrinus2" msd="Case=Dat|Numb=Sing|Deg=Pos">peregrino</w>                <w xml:id="line.724#w.2" pos="CONsub" lemma="ut4" msd="MORPH=empty">ut</w>                <w xml:id="line.724#w.3" pos="VER" lemma="aduenio" msd="Case=Dat|Numb=Sing|Mood=Par|Tense=Pres|Voice=Act">advenienti</w>                <w xml:id="line.724#w.4" pos="VER" lemma="narro" msd="Numb=Plur|Mood=Sub|Tense=Pres|Voice=Act|Person=3">narrent</w>                <w xml:id="line.724#w.5" pos="NOM" lemma="fabula1" msd="Case=Acc|Numb=Plur">fabulas</w>                <w xml:id="line.724#w.6" pos="PUNC" lemma="?" msd="MORPH=empty">?</w>            </seg>            <seg xml:id="urn:cts:latinLit:phi0119.phi010.perseus-lat2:line.725">                <w xml:id="line.725#w.1" pos="PROint" lemma="quis1" msd="Case=Acc|Numb=Plur">Quas</w>                <w xml:id="line.725#w.2" pos="NOM" lemma="fabula1" msd="Case=Acc|Numb=Plur">fabulas</w>                <w xml:id="line.725#w.3" pos="PUNC" lemma="?" msd="MORPH=empty">?</w>                <w xml:id="line.725#w.4" pos="ADVneg" lemma="non" msd="MORPH=empty">non</w>                <w xml:id="line.725#w.5" pos="PUNC" lemma="," msd="MORPH=empty">,</w>                <w xml:id="line.725#w.6" pos="VER" lemma="inquio" msd="Numb=Sing|Mood=Ind|Tense=Pres|Voice=Act|Person=1">inquam</w>                <w xml:id="line.725#w.7" pos="PUNC" lemma="," msd="MORPH=empty">,</w>                <w xml:id="line.725#w.8" pos="VER" lemma="patior" msd="Numb=Sing|Mood=Ind|Tense=Fut|Voice=Dep|Person=1">patiar</w>                <w xml:id="line.725#w.9" pos="ADV" lemma="praeterhac" msd="Deg=Pos">praeterhac</w>                <w xml:id="line.725#w.10" pos="PUNC" lemma="," msd="MORPH=empty">,</w>            </seg>            <seg xml:id="urn:cts:latinLit:phi0119.phi010.perseus-lat2:line.726">                <w xml:id="line.726#w.1" pos="CONsub" lemma="quin2" msd="MORPH=empty">quin</w>                <w xml:id="line.726#w.2" pos="ADJqua" lemma="uiduus" msd="Case=Acc|Numb=Sing|Deg=Pos">vidua</w>                <w xml:id="line.726#w.3" pos="VER" lemma="uiuo" msd="Numb=Sing|Mood=Ind|Tense=Fut|Voice=Act|Person=1">vivam</w>                <w xml:id="line.726#w.4" pos="ADVrel" lemma="quam1" msd="Case=Acc|Numb=Sing">quam</w>                <w xml:id="line.726#w.5" pos="PROpos" lemma="tuus" msd="Case=Acc|Numb=Plur">tuos</w>                <w xml:id="line.726#w.6" pos="NOM" lemma="mis" msd="Case=Acc|Numb=Plur">mÃ³res</w>                <w xml:id="line.726#w.7" pos="VER" lemma="perfero" msd="Numb=Sing|Mood=Ind|Tense=Fut|Voice=Act|Person=1">perferam</w>                <w xml:id="line.726#w.8" pos="PUNC" lemma="." msd="MORPH=empty">.</w>            </seg>            <seg xml:id="urn:cts:latinLit:phi0119.phi010.perseus-lat2:line.727">                <w xml:id="line.727#w.1" pos="PROpos" lemma="meus" msd="Case=Abl|Numb=Sing">Mea</w>                <w xml:id="line.727#w.2" pos="ADV" lemma="quidem" msd="Deg=Pos">quidem</w>                <w xml:id="line.727#w.3" pos="INJ" lemma="hercules" msd="MORPH=empty">hercle</w>                <w xml:id="line.727#w.4" pos="NOM" lemma="causa" msd="Case=Abl|Numb=Sing">causa</w>                <w xml:id="line.727#w.5" pos="ADJqua" lemma="uiduus" msd="Numb=Sing|Deg=Pos">vidua</w>                <w xml:id="line.727#w.6" pos="VER" lemma="uiuo" msd="Numb=Sing|Mood=Imp|Tense=Fut|Voice=Act|Person=2">vivito</w>                <w xml:id="line.727#w.7" pos="PUNC" lemma="," msd="MORPH=empty">,</w>            </seg>            <seg xml:id="urn:cts:latinLit:phi0119.phi010.perseus-lat2:line.728">                <w xml:id="line.728#w.1" pos="CONcoo" lemma="uel2" msd="MORPH=empty">vel</w>                <w xml:id="line.728#w.2" pos="ADV" lemma="usque" msd="Deg=Pos">usque</w>                <w xml:id="line.728#w.3" pos="CONsub" lemma="dum2" msd="MORPH=empty">dum</w>                <w xml:id="line.728#w.4" pos="NOM" lemma="regnum" msd="Case=Acc|Numb=Sing">regnum</w>                <w xml:id="line.728#w.5" pos="VER" lemma="obtineo" msd="Numb=Sing|Mood=Ind|Tense=Fut|Voice=Act|Person=3">optinebit</w>                <w xml:id="line.728#w.6" pos="ADV" lemma="iuppiter" msd="Deg=Pos">Iuppiter</w>                <w xml:id="line.728#w.7" pos="PUNC" lemma="." msd="MORPH=empty">.</w>            </seg>            <seg xml:id="urn:cts:latinLit:phi0119.phi010.perseus-lat2:line.729">                <w xml:id="line.729#w.1" pos="CONcoo" lemma="at2" msd="MORPH=empty">At</w>                <w xml:id="line.729#w.2" pos="PROper" lemma="ego" msd="Case=Dat|Numb=Sing">mihi</w>                <w xml:id="line.729#w.3" pos="VER" lemma="nego" msd="Numb=Sing|Mood=Ind|Tense=Impa|Voice=Act|Person=2">negabas</w>                <w xml:id="line.729#w.4" pos="ADV" lemma="dudum" msd="Deg=Pos">dudum</w>                <w xml:id="line.729#w.5" pos="VER" lemma="surripio" msd="Mood=Inf|Tense=Perf|Voice=Act">surrupuisse</w>                <w xml:id="line.729#w.6" pos="PROper" lemma="tu" msd="Case=Acc|Numb=Sing">te</w>                <w xml:id="line.729#w.7" pos="PUNC" lemma="," msd="MORPH=empty">,</w>            </seg>            <seg xml:id="urn:cts:latinLit:phi0119.phi010.perseus-lat2:line.730">                <w xml:id="line.730#w.1" pos="ADV" lemma="nunc" msd="Deg=Pos">nunc</w>                <w xml:id="line.730#w.2" pos="PROdem" lemma="idem" msd="Case=Acc|Numb=Sing">eandem</w>                <w xml:id="line.730#w.3" pos="PRE" lemma="ante2" msd="MORPH=empty">ante</w>                <w xml:id="line.730#w.4" pos="NOM" lemma="oculus" msd="Case=Acc|Numb=Plur">oculos</w>                <w xml:id="line.730#w.5" pos="VER" lemma="attineo" msd="Numb=Sing|Mood=Ind|Tense=Pres|Voice=Act|Person=2">attines</w>                <w xml:id="line.730#w.6" pos="PUNC" lemma=":" msd="MORPH=empty">:</w>                <w xml:id="line.730#w.7" pos="ADVneg" lemma="non" msd="MORPH=empty">non</w>                <w xml:id="line.730#w.8" pos="PROper" lemma="tu" msd="Case=Acc|Numb=Sing">te</w>                <w xml:id="line.730#w.9" pos="VER" lemma="pudeo" msd="Numb=Sing|Mood=Ind|Tense=Pres|Voice=Act|Person=3">pudet</w>                <w xml:id="line.730#w.10" pos="PUNC" lemma="?" msd="MORPH=empty">?</w>            </seg>            <seg xml:id="urn:cts:latinLit:phi0119.phi010.perseus-lat2:line.731">                <w xml:id="line.731#w.1" pos="INJ" lemma="eu" msd="MORPH=empty">Eu</w>                <w xml:id="line.731#w.2" pos="INJ" lemma="hercules" msd="MORPH=empty">hercle</w>                <w xml:id="line.731#w.3" pos="PUNC" lemma="," msd="MORPH=empty">,</w>                <w xml:id="line.731#w.4" pos="NOM" lemma="mulier" msd="Case=Voc|Numb=Sing">mulier</w>                <w xml:id="line.731#w.5" pos="PUNC" lemma="," msd="MORPH=empty">,</w>                <w xml:id="line.731#w.6" pos="ADV" lemma="multum2" msd="Deg=Pos">multum</w>                <w xml:id="line.731#w.7" pos="CONcoo" lemma="et2" msd="MORPH=empty">et</w>                <w xml:id="line.731#w.8" pos="ADJqua" lemma="audax" msd="Case=Nom|Numb=Sing|Deg=Pos">audax</w>                <w xml:id="line.731#w.9" pos="CONcoo" lemma="et2" msd="MORPH=empty">et</w>                <w xml:id="line.731#w.10" pos="ADJqua" lemma="malus3" msd="Case=Nom|Numb=Sing|Deg=Pos">mala</w>                <w xml:id="line.731#w.11" pos="VER" lemma="sum1" msd="Numb=Sing|Mood=Ind|Tense=Pres|Voice=Act|Person=2">es</w>                <w xml:id="line.731#w.12" pos="PUNC" lemma="." msd="MORPH=empty">.</w>            </seg>            <seg xml:id="urn:cts:latinLit:phi0119.phi010.perseus-lat2:line.732">                <w xml:id="line.732#w.1" pos="PROper" lemma="tu" msd="Case=Nom|Numb=Sing">tun</w>                <w xml:id="line.732#w.2" pos="ADV" lemma="ne2" msd="MORPH=empty">tun</w>                <w xml:id="line.732#w.3" pos="PROper" lemma="tu" msd="Case=Dat|Numb=Sing">tibi</w>                <w xml:id="line.732#w.4" pos="PROdem" lemma="hic1" msd="Case=Acc|Numb=Sing">hanc</w>                <w xml:id="line.732#w.5" pos="VER" lemma="surripio" msd="Case=Acc|Numb=Sing|Mood=Par|Tense=Perf|Voice=Pass">surreptam</w>                <w xml:id="line.732#w.6" pos="VER" lemma="dico?" msd="Mood=Inf|Tense=Pres|Voice=Act">dicere</w>                <w xml:id="line.732#w.7" pos="VER" lemma="audeo" msd="Numb=Sing|Mood=Ind|Tense=Pres|Voice=SemDep|Person=2">audes</w>                <w xml:id="line.732#w.8" pos="PUNC" lemma="," msd="MORPH=empty">,</w>                <w xml:id="line.732#w.9" pos="PROrel" lemma="qui1" msd="Numb=Sing">quam</w>                <w xml:id="line.732#w.10" pos="PROper" lemma="ego" msd="Case=Dat|Numb=Sing">mihi</w>            </seg>            <seg xml:id="urn:cts:latinLit:phi0119.phi010.perseus-lat2:line.733">                <w xml:id="line.733#w.1" pos="VER" lemma="do" msd="Numb=Sing|Mood=Ind|Tense=Perf|Voice=Act|Person=3">dedit</w>                <w xml:id="line.733#w.2" pos="PROind" lemma="alius" msd="Case=Acc|Numb=Sing">alia</w>                <w xml:id="line.733#w.3" pos="NOM" lemma="mulier" msd="Case=Nom|Numb=Sing">mulier</w>                <w xml:id="line.733#w.4" pos="CONsub" lemma="ut4" msd="MORPH=empty">ut</w>                <w xml:id="line.733#w.5" pos="VER" lemma="concinno" msd="Case=Acc|Numb=Sing|Mood=Adj|Voice=Pass">concinnandam</w>                <w xml:id="line.733#w.6" pos="VER" lemma="do" msd="Numb=Sing|Mood=Sub|Tense=Impa|Voice=Act|Person=1">darem</w>                <w xml:id="line.733#w.7" pos="PUNC" lemma="?" msd="MORPH=empty">?</w>            </seg>            <seg xml:id="urn:cts:latinLit:phi0119.phi010.perseus-lat2:line.734">                <w xml:id="line.734#w.1" pos="CONsub" lemma="ne4" msd="MORPH=empty">Ne</w>                <w xml:id="line.734#w.2" pos="PROdem" lemma="istic1" msd="Case=Acc|Numb=Sing">istuc</w>                <w xml:id="line.734#w.3" pos="INJ" lemma="mecastor" msd="MORPH=empty">mecastor</w>                <w xml:id="line.734#w.4" pos="PUNC" lemma="â" msd="MORPH=empty">â</w>                <w xml:id="line.734#w.5" pos="ADV" lemma="iam" msd="Deg=Pos">iam</w>                <w xml:id="line.734#w.6" pos="NOM" lemma="pater" msd="Case=Acc|Numb=Sing">patrem</w>                <w xml:id="line.734#w.7" pos="VER" lemma="arcesso" msd="Numb=Sing|Mood=Sub|Tense=Pres|Voice=Act|Person=1">accersam</w>                <w xml:id="line.734#w.8" pos="PROpos" lemma="meus" msd="Case=Acc|Numb=Sing">meum</w>            </seg>            <seg xml:id="urn:cts:latinLit:phi0119.phi010.perseus-lat2:line.735">                <w xml:id="line.735#w.1" pos="CONcoo" lemma="atque1" msd="MORPH=empty">atque</w>                <w xml:id="line.735#w.2" pos="PROdem" lemma="ei" msd="Numb=Sing">ei</w>                <w xml:id="line.735#w.3" pos="VER" lemma="narro" msd="Numb=Sing|Mood=Ind|Tense=Fut|Voice=Act|Person=1">narrabo</w>                <w xml:id="line.735#w.4" pos="PROpos" lemma="tuus" msd="Case=Acc|Numb=Plur">tua</w>                <w xml:id="line.735#w.5" pos="NOM" lemma="flagitium" msd="Case=Acc|Numb=Plur">flagitia</w>                <w xml:id="line.735#w.6" pos="PROrel" lemma="qui1" msd="Case=Acc|Numb=Plur">quae</w>                <w xml:id="line.735#w.7" pos="VER" lemma="facio" msd="Numb=Sing|Mood=Ind|Tense=Pres|Voice=Act|Person=2">facis</w>                <w xml:id="line.735#w.8" pos="PUNC" lemma="." msd="MORPH=empty">.</w>            </seg>            <seg xml:id="urn:cts:latinLit:phi0119.phi010.perseus-lat2:line.736">                <w xml:id="line.736#w.1" pos="INJ" lemma="ei" msd="Case=Dat|Numb=Sing">ei</w>                <w xml:id="line.736#w.2" pos="PUNC" lemma="," msd="MORPH=empty">,</w>                <w xml:id="line.736#w.3" pos="PUNC" lemma="â " msd="MORPH=empty">â </w>                <w xml:id="line.736#w.4" pos="NOM" lemma="deceo" msd="Numb=Sing|Mood=Ind|Tense=Pres|Voice=Act|Person=1">Deceo</w>                <w xml:id="line.736#w.5" pos="PUNC" lemma="," msd="MORPH=empty">,</w>                <w xml:id="line.736#w.6" pos="VER" lemma="quaero" msd="Numb=Sing|Mood=Imp|Tense=Pres|Voice=Act|Person=2">quaere</w>                <w xml:id="line.736#w.7" pos="PROpos" lemma="meus" msd="Case=Acc|Numb=Sing">meum</w>                <w xml:id="line.736#w.8" pos="NOM" lemma="pater" msd="Case=Acc|Numb=Sing">patrem</w>                <w xml:id="line.736#w.9" pos="PUNC" lemma="," msd="MORPH=empty">,</w>                <w xml:id="line.736#w.10" pos="PROper" lemma="tu" msd="Case=Abl|Numb=Sing">tecum</w>                <w xml:id="line.736#w.11" pos="CON" lemma="cum3" msd="MORPH=empty">tecum</w>                <w xml:id="line.736#w.12" pos="ADV" lemma="simul1" msd="Deg=Pos">simul</w>            </seg>            <seg xml:id="urn:cts:latinLit:phi0119.phi010.perseus-lat2:line.737">                <w xml:id="line.737#w.1" pos="CONsub" lemma="ut4" msd="MORPH=empty">ut</w>                <w xml:id="line.737#w.2" pos="VER" lemma="uenio" msd="Numb=Sing|Mood=Sub|Tense=Pres|Voice=Act|Person=3">veniat</w>                <w xml:id="line.737#w.3" pos="PRE" lemma="ad2" msd="MORPH=empty">ad</w>                <w xml:id="line.737#w.4" pos="PROper" lemma="ego" msd="Case=Acc|Numb=Sing">me</w>                <w xml:id="line.737#w.5" pos="PUNC" lemma=":" msd="MORPH=empty">:</w>                <w xml:id="line.737#w.6" pos="ADV" lemma="ita" msd="Deg=Pos">ita</w>                <w xml:id="line.737#w.7" pos="NOM" lemma="res" msd="Case=Acc|Numb=Sing">rem</w>                <w xml:id="line.737#w.8" pos="VER" lemma="sum1" msd="Mood=Inf|Tense=Pres|Voice=Act">esse</w>                <w xml:id="line.737#w.9" pos="VER" lemma="dico?" msd="Numb=Sing|Mood=Imp|Tense=Fut|Voice=Act|Person=2">dicito</w>                <w xml:id="line.737#w.10" pos="PUNC" lemma="." msd="MORPH=empty">.</w>            </seg>            <seg xml:id="urn:cts:latinLit:phi0119.phi010.perseus-lat2:line.738">                <w xml:id="line.738#w.1" pos="ADV" lemma="iam" msd="Deg=Pos">iam</w>                <w xml:id="line.738#w.2" pos="PROper" lemma="ego" msd="Case=Nom|Numb=Sing">ego</w>                <w xml:id="line.738#w.3" pos="VER" lemma="aperio" msd="Numb=Sing|Mood=Ind|Tense=Fut|Voice=Act|Person=1">aperiam</w>                <w xml:id="line.738#w.4" pos="PROdem" lemma="istic1" msd="Case=Acc|Numb=Plur">istaec</w>                <w xml:id="line.738#w.5" pos="PROpos" lemma="tuus" msd="Case=Acc|Numb=Plur">tua</w>                <w xml:id="line.738#w.6" pos="NOM" lemma="flagitium" msd="Case=Acc|Numb=Plur">flagitia</w>                <w xml:id="line.738#w.7" pos="PUNC" lemma="." msd="MORPH=empty">.</w>            </seg>            <seg xml:id="urn:cts:latinLit:phi0119.phi010.perseus-lat2:line.738b">                <w xml:id="line.738b#w.1" pos="ADJqua" lemma="sanus" msd="Case=Nom|Numb=Sing|Deg=Pos">Sanan</w>                <w xml:id="line.738b#w.2" pos="ADV" lemma="ne2" msd="MORPH=empty">Sanan</w>                <w xml:id="line.738b#w.3" pos="VER" lemma="sum1" msd="Numb=Sing|Mood=Ind|Tense=Pres|Voice=Act|Person=2">es</w>                <w xml:id="line.738b#w.4" pos="PUNC" lemma="?" msd="MORPH=empty">?</w>            </seg>            <seg xml:id="urn:cts:latinLit:phi0119.phi010.perseus-lat2:line.739">                <w xml:id="line.739#w.1" pos="PROint" lemma="quis1" msd="Case=Nom|Numb=Plur">quae</w>                <w xml:id="line.739#w.2" pos="PROpos" lemma="meus" msd="Case=Nom|Numb=Plur">mea</w>                <w xml:id="line.739#w.3" pos="NOM" lemma="flagitium" msd="Case=Acc|Numb=Plur">flagitia</w>                <w xml:id="line.739#w.4" pos="PUNC" lemma="?" msd="MORPH=empty">?</w>            </seg>            <seg xml:id="urn:cts:latinLit:phi0119.phi010.perseus-lat2:line.739b">                <w xml:id="line.739b#w.1" pos="NOM" lemma="palla" msd="Case=Acc|Numb=Sing">Pallam</w>                <w xml:id="line.739b#w.2" pos="CONcoo" lemma="atque1" msd="MORPH=empty">atque</w>                <w xml:id="line.739b#w.3" pos="NOM" lemma="aurum" msd="Case=Acc|Numb=Sing">aurum</w>                <w xml:id="line.739b#w.4" pos="PROpos" lemma="meus" msd="Case=Acc|Numb=Sing">meum</w>            </seg>            <seg xml:id="urn:cts:latinLit:phi0119.phi010.perseus-lat2:line.740">                <w xml:id="line.740#w.1" pos="NOM" lemma="domus" msd="Case=Abl|Numb=Sing">domo</w>                <w xml:id="line.740#w.2" pos="VER" lemma="suppilo2" msd="Numb=Sing|Mood=Sub|Tense=Pres|Voice=Act|Person=2">suppilas</w>                <w xml:id="line.740#w.3" pos="PROpos" lemma="tuus" msd="Case=Dat|Numb=Sing">tuae</w>                <w xml:id="line.740#w.4" pos="NOM" lemma="uxor" msd="Case=Dat|Numb=Sing">uxori</w>                <w xml:id="line.740#w.5" pos="CONcoo" lemma="et2" msd="MORPH=empty">et</w>                <w xml:id="line.740#w.6" pos="PROpos" lemma="tuus" msd="Case=Dat|Numb=Sing">tuae</w>            </seg>            <seg xml:id="urn:cts:latinLit:phi0119.phi010.perseus-lat2:line.741">                <w xml:id="line.741#w.1" pos="VER" lemma="dego" msd="Numb=Sing|Mood=Ind|Tense=Pres|Voice=Pass|Person=2">degeris</w>                <w xml:id="line.741#w.2" pos="NOM" lemma="amica" msd="Case=Dat|Numb=Sing">amicae</w>                <w xml:id="line.741#w.3" pos="PUNC" lemma="." msd="MORPH=empty">.</w>                <w xml:id="line.741#w.4" pos="ADV" lemma="satis" msd="Deg=Pos">satin</w>                <w xml:id="line.741#w.5" pos="ADV" lemma="ne2" msd="MORPH=empty">satin</w>                <w xml:id="line.741#w.6" pos="PROdem" lemma="hic1" msd="Case=Nom|Numb=Plur">haec</w>                <w xml:id="line.741#w.7" pos="ADV" lemma="recte" msd="Deg=Pos">recte</w>                <w xml:id="line.741#w.8" pos="VER" lemma="fabulor" msd="Numb=Sing|Mood=Ind|Tense=Pres|Voice=Dep|Person=1">fabulor</w>                <w xml:id="line.741#w.9" pos="PUNC" lemma="?" msd="MORPH=empty">?</w>            </seg>            <seg xml:id="urn:cts:latinLit:phi0119.phi010.perseus-lat2:line.742">                <w xml:id="line.742#w.1" pos="VER" lemma="quaeso" msd="Numb=Sing|Mood=Ind|Tense=Pres|Voice=Act|Person=1">Quaeso</w>                <w xml:id="line.742#w.2" pos="INJ" lemma="hercules" msd="MORPH=empty">hercle</w>                <w xml:id="line.742#w.3" pos="PUNC" lemma="," msd="MORPH=empty">,</w>                <w xml:id="line.742#w.4" pos="NOM" lemma="mulier" msd="Case=Voc|Numb=Sing">mulier</w>                <w xml:id="line.742#w.5" pos="PUNC" lemma="," msd="MORPH=empty">,</w>                <w xml:id="line.742#w.6" pos="CONsub" lemma="si2" msd="MORPH=empty">si</w>                <w xml:id="line.742#w.7" pos="VER" lemma="scio" msd="Numb=Sing|Mood=Ind|Tense=Pres|Voice=Act|Person=2">scis</w>                <w xml:id="line.742#w.8" pos="PUNC" lemma="," msd="MORPH=empty">,</w>                <w xml:id="line.742#w.9" pos="NOM" lemma="monstro" msd="Case=Acc|Numb=Plur">monstra</w>                <w xml:id="line.742#w.10" pos="CONsub" lemma="quod2" msd="Case=Acc|Numb=Sing">quod</w>                <w xml:id="line.742#w.11" pos="VER" lemma="bibo2" msd="Numb=Sing|Mood=Ind|Tense=Fut|Voice=Act|Person=1">bibam</w>                <w xml:id="line.742#w.12" pos="PUNC" lemma="," msd="MORPH=empty">,</w>            </seg>            <seg xml:id="urn:cts:latinLit:phi0119.phi010.perseus-lat2:line.743">                <w xml:id="line.743#w.1" pos="PROpos" lemma="tuus" msd="Case=Acc|Numb=Sing">tuam</w>                <w xml:id="line.743#w.2" pos="PROrel" lemma="qui1" msd="Case=Nom|Numb=Sing">qui</w>                <w xml:id="line.743#w.3" pos="VER" lemma="possum1" msd="Numb=Sing|Mood=Sub|Tense=Pres|Voice=Act|Person=1">possim</w>                <w xml:id="line.743#w.4" pos="VER" lemma="perpetior" msd="Mood=Inf|Tense=Pres|Voice=Dep">perpeti</w>                <w xml:id="line.743#w.5" pos="NOM" lemma="petulantia" msd="Case=Acc|Numb=Sing">petulantiam</w>                <w xml:id="line.743#w.6" pos="PUNC" lemma="." msd="MORPH=empty">.</w>            </seg>            <seg xml:id="urn:cts:latinLit:phi0119.phi010.perseus-lat2:line.744">                <w xml:id="line.744#w.1" pos="PROint" lemma="qui?" msd="Case=Acc|Numb=Sing">quem</w>                <w xml:id="line.744#w.2" pos="PROper" lemma="tu" msd="Case=Acc|Numb=Sing">tÃº</w>                <w xml:id="line.744#w.3" pos="NOM" lemma="homo" msd="Case=Acc|Numb=Sing">hominem</w>                <w xml:id="line.744#w.4" pos="VER" lemma="sum1" msd="Mood=Inf|Tense=Pres|Voice=Act">esse</w>                <w xml:id="line.744#w.5" pos="PROper" lemma="ego" msd="Case=Acc|Numb=Sing">me</w>                <w xml:id="line.744#w.6" pos="VER" lemma="arbitror" msd="Numb=Sing|Mood=Ind|Tense=Pres|Voice=Dep|Person=2">arbitrere</w>                <w xml:id="line.744#w.7" pos="PUNC" lemma="," msd="MORPH=empty">,</w>                <w xml:id="line.744#w.8" pos="VER" lemma="nescio" msd="Numb=Sing|Mood=Ind|Tense=Pres|Voice=Act|Person=1">nescio</w>                <w xml:id="line.744#w.9" pos="PUNC" lemma=";" msd="MORPH=empty">;</w>            </seg>            <seg xml:id="urn:cts:latinLit:phi0119.phi010.perseus-lat2:line.745">                <w xml:id="line.745#w.1" pos="PROper" lemma="ego" msd="Case=Nom|Numb=Sing">ego</w>                <w xml:id="line.745#w.2" pos="PROper" lemma="tu" msd="Case=Abl|Numb=Sing">te</w>                <w xml:id="line.745#w.3" pos="NOM" lemma="simitus" msd="Case=Abl|Numb=Sing">simitu</w>                <w xml:id="line.745#w.4" pos="VER" lemma="nosco" msd="Numb=Sing|Mood=Ind|Tense=Perf|Voice=Act|Person=1">novi</w>                <w xml:id="line.745#w.5" pos="PRE" lemma="cum2" msd="MORPH=empty">cum</w>                <w xml:id="line.745#w.6" pos="NOM" lemma="porthao" msd="Case=Abl|Numb=Sing">Porthaone</w>                <w xml:id="line.745#w.7" pos="ADV" lemma="ne2" msd="MORPH=empty">Porthaone</w>                <w xml:id="line.745#w.8" pos="PUNC" lemma="." msd="MORPH=empty">.</w>            </seg>            <seg xml:id="urn:cts:latinLit:phi0119.phi010.perseus-lat2:line.746">                <w xml:id="line.746#w.1" pos="CONsub" lemma="si2" msd="MORPH=empty">Si</w>                <w xml:id="line.746#w.2" pos="PROper" lemma="ego" msd="Case=Acc|Numb=Sing">me</w>                <w xml:id="line.746#w.3" pos="VER" lemma="derideo" msd="Numb=Sing|Mood=Ind|Tense=Pres|Voice=Act|Person=2">derides</w>                <w xml:id="line.746#w.4" pos="PUNC" lemma="," msd="MORPH=empty">,</w>                <w xml:id="line.746#w.5" pos="CONcoo" lemma="at2" msd="MORPH=empty">at</w>                <w xml:id="line.746#w.6" pos="INJ" lemma="pol" msd="MORPH=empty">pol</w>                <w xml:id="line.746#w.7" pos="PROdem" lemma="ille" msd="Case=Acc|Numb=Sing">illum</w>                <w xml:id="line.746#w.8" pos="ADVneg" lemma="non" msd="MORPH=empty">non</w>                <w xml:id="line.746#w.9" pos="VER" lemma="possum1" msd="Numb=Sing|Mood=Ind|Tense=Pres|Voice=Act|Person=2">potes</w>                <w xml:id="line.746#w.10" pos="PUNC" lemma="," msd="MORPH=empty">,</w>            </seg>            <seg xml:id="urn:cts:latinLit:phi0119.phi010.perseus-lat2:line.747">                <w xml:id="line.747#w.1" pos="NOM" lemma="pater" msd="Case=Acc|Numb=Sing">patrem</w>                <w xml:id="line.747#w.2" pos="PROpos" lemma="meus" msd="Case=Acc|Numb=Sing">meum</w>                <w xml:id="line.747#w.3" pos="PUNC" lemma="," msd="MORPH=empty">,</w>                <w xml:id="line.747#w.4" pos="PROrel" lemma="qui1" msd="Case=Nom|Numb=Sing">qui</w>                <w xml:id="line.747#w.5" pos="ADV" lemma="huc" msd="Deg=Pos">huc</w>                <w xml:id="line.747#w.6" pos="VER" lemma="aduenio" msd="Numb=Sing|Mood=Ind|Tense=Perf|Voice=Act|Person=3">advenit</w>                <w xml:id="line.747#w.7" pos="PUNC" lemma="." msd="MORPH=empty">.</w>                <w xml:id="line.747#w.8" pos="ADVint.neg" lemma="quin3" msd="Deg=Pos">quin</w>                <w xml:id="line.747#w.9" pos="VER" lemma="respicio" msd="Numb=Sing|Mood=Ind|Tense=Pres|Voice=Act|Person=2">respicis</w>                <w xml:id="line.747#w.10" pos="PUNC" lemma="?" msd="MORPH=empty">?</w>            </seg>            <seg xml:id="urn:cts:latinLit:phi0119.phi010.perseus-lat2:line.748">                <w xml:id="line.748#w.1" pos="VER" lemma="nosco" msd="Numb=Sing|Mood=Ind|Tense=Perf|Voice=Act|Person=2">novistin</w>                <w xml:id="line.748#w.2" pos="ADV" lemma="ne2" msd="MORPH=empty">novistin</w>                <w xml:id="line.748#w.3" pos="PROper" lemma="tu" msd="Case=Nom|Numb=Sing">tu</w>                <w xml:id="line.748#w.4" pos="PROdem" lemma="ille" msd="Case=Acc|Numb=Sing">illum</w>                <w xml:id="line.748#w.5" pos="PUNC" lemma="?" msd="MORPH=empty">?</w>            </seg>            <seg xml:id="urn:cts:latinLit:phi0119.phi010.perseus-lat2:line.748b">                <w xml:id="line.748b#w.1" pos="VER" lemma="nosco" msd="Numb=Sing|Mood=Ind|Tense=Perf|Voice=Act|Person=1">Novi</w>                <w xml:id="line.748b#w.2" pos="PRE" lemma="cum2" msd="MORPH=empty">cum</w>                <w xml:id="line.748b#w.3" pos="NOM" lemma="calcha" msd="Case=Abl|Numb=Sing">Calcha</w>                <w xml:id="line.748b#w.4" pos="ADV" lemma="simul1" msd="Deg=Pos">simul</w>                <w xml:id="line.748b#w.5" pos="PUNC" lemma=":" msd="MORPH=empty">:</w>            </seg>            <seg xml:id="urn:cts:latinLit:phi0119.phi010.perseus-lat2:line.749">                <w xml:id="line.749#w.1" pos="PROdem" lemma="idem" msd="Case=Abl|Numb=Sing">eodÃ©m</w>                <w xml:id="line.749#w.2" pos="NOM" lemma="dies" msd="Case=Abl|Numb=Sing">die</w>                <w xml:id="line.749#w.3" pos="PROdem" lemma="ille" msd="Case=Acc|Numb=Sing">illum</w>                <w xml:id="line.749#w.4" pos="VER" lemma="uideo" msd="Numb=Sing|Mood=Ind|Tense=Perf|Voice=Act|Person=1">vidi</w>                <w xml:id="line.749#w.5" pos="PROrel" lemma="qui1" msd="Case=Abl|Numb=Sing">quo</w>                <w xml:id="line.749#w.6" pos="PROper" lemma="tu" msd="Case=Acc|Numb=Sing">te</w>                <w xml:id="line.749#w.7" pos="PRE" lemma="ante2" msd="MORPH=empty">ante</w>                <w xml:id="line.749#w.8" pos="PROdem" lemma="hic1" msd="Case=Acc|Numb=Sing">hunc</w>                <w xml:id="line.749#w.9" pos="NOM" lemma="dies" msd="Case=Acc|Numb=Sing">diem</w>                <w xml:id="line.749#w.10" pos="PUNC" lemma="." msd="MORPH=empty">.</w>            </seg>            <seg xml:id="urn:cts:latinLit:phi0119.phi010.perseus-lat2:line.750">                <w xml:id="line.750#w.1" pos="VER" lemma="nego" msd="Numb=Sing|Mood=Ind|Tense=Pres|Voice=Act|Person=2">Negas</w>                <w xml:id="line.750#w.2" pos="VER" lemma="nosco" msd="Mood=Inf|Tense=Perf|Voice=Act">novisse</w>                <w xml:id="line.750#w.3" pos="PROper" lemma="ego" msd="Case=Acc|Numb=Sing">me</w>                <w xml:id="line.750#w.4" pos="PUNC" lemma="?" msd="MORPH=empty">?</w>                <w xml:id="line.750#w.5" pos="VER" lemma="nego" msd="Numb=Sing|Mood=Ind|Tense=Pres|Voice=Act|Person=2">negas</w>                <w xml:id="line.750#w.6" pos="NOM" lemma="pater" msd="Case=Acc|Numb=Sing">patrem</w>                <w xml:id="line.750#w.7" pos="PROpos" lemma="meus" msd="Case=Acc|Numb=Sing">meum</w>                <w xml:id="line.750#w.8" pos="PUNC" lemma="?" msd="MORPH=empty">?</w>            </seg>            <seg xml:id="urn:cts:latinLit:phi0119.phi010.perseus-lat2:line.751">                <w xml:id="line.751#w.1" pos="PROdem" lemma="idem" msd="Case=Acc|Numb=Sing">Idem</w>                <w xml:id="line.751#w.2" pos="INJ" lemma="hercules" msd="MORPH=empty">hercle</w>                <w xml:id="line.751#w.3" pos="VER" lemma="dico?" msd="Numb=Sing|Mood=Ind|Tense=Fut|Voice=Act|Person=1">dicam</w>                <w xml:id="line.751#w.4" pos="PUNC" lemma="," msd="MORPH=empty">,</w>                <w xml:id="line.751#w.5" pos="CONsub" lemma="su" msd="MORPH=empty">sÃ­</w>                <w xml:id="line.751#w.6" pos="NOM" lemma="auus" msd="Case=Acc|Numb=Sing">avom</w>                <w xml:id="line.751#w.7" pos="VER" lemma="uolo?" msd="Numb=Sing|Mood=Ind|Tense=Pres|Voice=Act|Person=2">vis</w>                <w xml:id="line.751#w.8" pos="VER" lemma="adduco" msd="Mood=Inf|Tense=Pres|Voice=Act">adducere</w>                <w xml:id="line.751#w.9" pos="PUNC" lemma="." msd="MORPH=empty">.</w>            </seg>            <seg xml:id="urn:cts:latinLit:phi0119.phi010.perseus-lat2:line.752">                <w xml:id="line.752#w.1" pos="INJ" lemma="ecastor" msd="MORPH=empty">Ecastor</w>                <w xml:id="line.752#w.2" pos="ADV" lemma="pariter" msd="Deg=Pos">pariter</w>                <w xml:id="line.752#w.3" pos="PROdem" lemma="hic1" msd="Case=Acc|Numb=Sing">hoc</w>                <w xml:id="line.752#w.4" pos="CONcoo" lemma="atque1" msd="MORPH=empty">atque</w>                <w xml:id="line.752#w.5" pos="ADV" lemma="alius" msd="Case=Acc|Deg=Pos">alias</w>                <w xml:id="line.752#w.6" pos="NOM" lemma="res" msd="Case=Nom|Numb=Plur">res</w>                <w xml:id="line.752#w.7" pos="VER" lemma="soleo" msd="Numb=Sing|Mood=Ind|Tense=Pres|Voice=SemDep|Person=2">soles</w>                <w xml:id="line.752#w.8" pos="PUNC" lemma="." msd="MORPH=empty">.</w>            </seg>            <seg xml:id="urn:cts:latinLit:phi0119.phi010.perseus-lat2:line.753">                <w xml:id="line.753#w.1" pos="CONsub" lemma="ut4" msd="MORPH=empty">Vt</w>                <w xml:id="line.753#w.2" pos="ADJqua" lemma="attus" msd="Case=Acc|Numb=Plur|Deg=Pos">aÃ©tas</w>                <w xml:id="line.753#w.3" pos="PROpos" lemma="meus" msd="Case=Nom|Numb=Sing">mea</w>                <w xml:id="line.753#w.4" pos="NOM" lemma="sum?" msd="Numb=Sing">Ã©st</w>                <w xml:id="line.753#w.5" pos="CONcoo" lemma="atque1" msd="MORPH=empty">atque</w>                <w xml:id="line.753#w.6" pos="CONsub" lemma="ut4" msd="MORPH=empty">ut</w>                <w xml:id="line.753#w.7" pos="PROdem" lemma="hic1" msd="Numb=Sing">hÃ³c</w>                <w xml:id="line.753#w.8" pos="NOM" lemma="usus" msd="Case=Nom|Numb=Sing">usus</w>                <w xml:id="line.753#w.9" pos="NOM" lemma="factum" msd="Case=Abl|Numb=Sing">fÃ¡cto</w>                <w xml:id="line.753#w.10" pos="VER" lemma="sum1" msd="Numb=Sing|Mood=Ind|Tense=Pres|Voice=Act|Person=3">est</w>            </seg>            <seg xml:id="urn:cts:latinLit:phi0119.phi010.perseus-lat2:line.754">                <w xml:id="line.754#w.1" pos="NOM" lemma="gradus" msd="Case=Acc|Numb=Sing">gradum</w>                <w xml:id="line.754#w.2" pos="VER" lemma="profero" msd="Numb=Sing|Mood=Ind|Tense=Fut|Voice=Act|Person=1">proferam</w>                <w xml:id="line.754#w.3" pos="PUNC" lemma="," msd="MORPH=empty">,</w>                <w xml:id="line.754#w.4" pos="VER" lemma="progredior" msd="Mood=Inf|Tense=Pres|Voice=Dep">progrediri</w>                <w xml:id="line.754#w.5" pos="VER" lemma="propero" msd="Numb=Sing|Mood=Ind|Tense=Fut|Voice=Act|Person=1">properabo</w>                <w xml:id="line.754#w.6" pos="PUNC" lemma="." msd="MORPH=empty">.</w>            </seg>            <seg xml:id="urn:cts:latinLit:phi0119.phi010.perseus-lat2:line.755">                <w xml:id="line.755#w.1" pos="CONcoo" lemma="sed" msd="MORPH=empty">sed</w>                <w xml:id="line.755#w.2" pos="PROdem" lemma="is" msd="Case=Nom|Numb=Sing">id</w>                <w xml:id="line.755#w.3" pos="ADVint" lemma="quam2" msd="MORPH=empty">quam</w>                <w xml:id="line.755#w.4" pos="PROper" lemma="ego" msd="Case=Dat|Numb=Sing">mihi</w>                <w xml:id="line.755#w.5" pos="ADJqua" lemma="facilis" msd="Case=Nom|Numb=Sing|Deg=Pos">facile</w>                <w xml:id="line.755#w.6" pos="VER" lemma="sum1" msd="Numb=Sing|Mood=Sub|Tense=Pres|Voice=Act|Person=3">sit</w>                <w xml:id="line.755#w.7" pos="PUNC" lemma="," msd="MORPH=empty">,</w>                <w xml:id="line.755#w.8" pos="ADVneg" lemma="haud" msd="MORPH=empty">haud</w>                <w xml:id="line.755#w.9" pos="VER" lemma="sum1" msd="Numb=Sing|Mood=Ind|Tense=Pres|Voice=Act|Person=1">sum</w>                <w xml:id="line.755#w.10" pos="ADJqua" lemma="falsus" msd="Case=Nom|Numb=Sing|Deg=Pos">falsus</w>                <w xml:id="line.755#w.11" pos="PUNC" lemma="." msd="MORPH=empty">.</w>            </seg>            <seg xml:id="urn:cts:latinLit:phi0119.phi010.perseus-lat2:line.756">                <w xml:id="line.756#w.1" pos="CONcoo" lemma="nam" msd="MORPH=empty">nam</w>                <w xml:id="line.756#w.2" pos="NOM" lemma="pernicitas" msd="Case=Nom|Numb=Sing">pernicitas</w>                <w xml:id="line.756#w.3" pos="VER" lemma="desero?" msd="Numb=Sing|Mood=Ind|Tense=Pres|Voice=Act|Person=3">deserit</w>                <w xml:id="line.756#w.4" pos="PUNC" lemma=":" msd="MORPH=empty">:</w>                <w xml:id="line.756#w.5" pos="ADJqua" lemma="consero?" msd="Case=Nom|Numb=Sing">consitus</w>                <w xml:id="line.756#w.6" pos="VER" lemma="sum1" msd="Numb=Sing|Mood=Ind|Tense=Pres|Voice=Act|Person=1">sum</w>            </seg>            <seg xml:id="urn:cts:latinLit:phi0119.phi010.perseus-lat2:line.757">                <w xml:id="line.757#w.1" pos="NOM" lemma="senectus?" msd="Case=Abl|Numb=Sing">senectute</w>                <w xml:id="line.757#w.2" pos="PUNC" lemma="," msd="MORPH=empty">,</w>                <w xml:id="line.757#w.3" pos="ADJqua" lemma="onustus" msd="Case=Acc|Numb=Sing|Deg=Pos">onustum</w>                <w xml:id="line.757#w.4" pos="VER" lemma="gero" msd="Numb=Sing|Mood=Ind|Tense=Pres|Voice=Act|Person=1">gero</w>                <w xml:id="line.757#w.5" pos="NOM" lemma="corpus" msd="Case=Acc|Numb=Sing">corpus</w>                <w xml:id="line.757#w.6" pos="PUNC" lemma="," msd="MORPH=empty">,</w>                <w xml:id="line.757#w.7" pos="NOM" lemma="uis" msd="Case=Acc|Numb=Plur">vires</w>            </seg>            <seg xml:id="urn:cts:latinLit:phi0119.phi010.perseus-lat2:line.758">                <w xml:id="line.758#w.1" pos="VER" lemma="relinquo" msd="Numb=Plur|Mood=Ind|Tense=Perf|Voice=Act|Person=3">reliquere</w>                <w xml:id="line.758#w.2" pos="PUNC" lemma=":" msd="MORPH=empty">:</w>                <w xml:id="line.758#w.3" pos="ADVrel" lemma="ut1" msd="MORPH=empty">ut</w>                <w xml:id="line.758#w.4" pos="NOM" lemma="aetas" msd="Case=Nom|Numb=Sing">aetas</w>                <w xml:id="line.758#w.5" pos="ADJqua" lemma="malus3" msd="Case=Nom|Numb=Sing|Deg=Pos">mala</w>                <w xml:id="line.758#w.6" pos="VER" lemma="sum1" msd="Numb=Sing|Mood=Ind|Tense=Pres|Voice=Act|Person=3">est</w>                <w xml:id="line.758#w.7" pos="PUNC" lemma=";" msd="MORPH=empty">;</w>                <w xml:id="line.758#w.8" pos="NOM" lemma="mers" msd="Case=Nom|Numb=Sing">mers</w>                <w xml:id="line.758#w.9" pos="ADJqua" lemma="malus3" msd="Case=Nom|Numb=Sing|Deg=Pos">mala</w>                <w xml:id="line.758#w.10" pos="CONcoo" lemma="ergo" msd="MORPH=empty">ergost</w>                <w xml:id="line.758#w.11" pos="VER" lemma="sum1" msd="Numb=Sing|Mood=Ind|Tense=Pres|Voice=Act|Person=3">ergost</w>                <w xml:id="line.758#w.12" pos="PUNC" lemma="." msd="MORPH=empty">.</w>            </seg>            <seg xml:id="urn:cts:latinLit:phi0119.phi010.perseus-lat2:line.759">                <w xml:id="line.759#w.1" pos="CONcoo" lemma="nam" msd="MORPH=empty">nam</w>                <w xml:id="line.759#w.2" pos="NOM" lemma="res" msd="Case=Nom|Numb=Sing">res</w>                <w xml:id="line.759#w.3" pos="ADJqua" lemma="multus" msd="Case=Acc|Numb=Plur|Deg=Sup">plurumas</w>                <w xml:id="line.759#w.4" pos="ADJqua" lemma="malus3" msd="Case=Acc|Numb=Plur|Deg=Sup">pessumas</w>                <w xml:id="line.759#w.5" pos="PUNC" lemma="," msd="MORPH=empty">,</w>                <w xml:id="line.759#w.6" pos="CONsub" lemma="cum3" msd="MORPH=empty">quom</w>                <w xml:id="line.759#w.7" pos="VER" lemma="aduenio" msd="Numb=Sing|Mood=Ind|Tense=Pres|Voice=Act|Person=3">advenit</w>                <w xml:id="line.759#w.8" pos="PUNC" lemma="," msd="MORPH=empty">,</w>                <w xml:id="line.759#w.9" pos="VER" lemma="fero" msd="Numb=Sing|Mood=Ind|Tense=Pres|Voice=Act|Person=3">fert</w>                <w xml:id="line.759#w.10" pos="PUNC" lemma=":" msd="MORPH=empty">:</w>            </seg>            <seg xml:id="urn:cts:latinLit:phi0119.phi010.perseus-lat2:line.760">                <w xml:id="line.760#w.1" pos="PROrel" lemma="qui1" msd="Case=Acc|Numb=Plur">quas</w>                <w xml:id="line.760#w.2" pos="CONsub" lemma="si2" msd="MORPH=empty">si</w>                <w xml:id="line.760#w.3" pos="VER" lemma="autumes" msd="Numb=Sing">aÃºtumem</w>                <w xml:id="line.760#w.4" pos="PROind" lemma="omnis" msd="Case=Nom|Numb=Sing">omnis</w>                <w xml:id="line.760#w.5" pos="PUNC" lemma="," msd="MORPH=empty">,</w>                <w xml:id="line.760#w.6" pos="ADV" lemma="nimis" msd="Deg=Pos">nimis</w>                <w xml:id="line.760#w.7" pos="ADJqua" lemma="langus" msd="Case=Nom|Numb=Sing|Deg=Pos">lÃ³ngus</w>                <w xml:id="line.760#w.8" pos="NOM" lemma="sermo" msd="Case=Nom|Numb=Sing">sermost</w>                <w xml:id="line.760#w.9" pos="VER" lemma="sum1" msd="Numb=Sing|Mood=Ind|Tense=Pres|Voice=Act|Person=3">sermost</w>                <w xml:id="line.760#w.10" pos="PUNC" lemma="." msd="MORPH=empty">.</w>            </seg>            <seg xml:id="urn:cts:latinLit:phi0119.phi010.perseus-lat2:line.761">                <w xml:id="line.761#w.1" pos="CONcoo" lemma="sed" msd="MORPH=empty">sed</w>                <w xml:id="line.761#w.2" pos="PROdem" lemma="hic1" msd="Case=Nom|Numb=Sing">haec</w>                <w xml:id="line.761#w.3" pos="NOM" lemma="res" msd="Case=Nom|Numb=Sing">res</w>                <w xml:id="line.761#w.4" pos="PROper" lemma="ego" msd="Case=Dat|Numb=Sing">mihi</w>                <w xml:id="line.761#w.5" pos="PRE" lemma="in" msd="MORPH=empty">in</w>                <w xml:id="line.761#w.6" pos="NOM" lemma="pectus" msd="Case=Abl|Numb=Sing">pectore</w>                <w xml:id="line.761#w.7" pos="CONcoo" lemma="et2" msd="MORPH=empty">et</w>                <w xml:id="line.761#w.8" pos="NOM" lemma="cor" msd="Case=Abl|Numb=Sing">corde</w>                <w xml:id="line.761#w.9" pos="VER" lemma="curo" msd="Numb=Sing|Mood=Ind|Tense=Fut|Voice=Act|Person=2">curaest</w>                <w xml:id="line.761#w.10" pos="VER" lemma="sum1" msd="Numb=Sing|Mood=Ind|Tense=Pres|Voice=Act|Person=3">curaest</w>                <w xml:id="line.761#w.11" pos="PUNC" lemma="," msd="MORPH=empty">,</w>            </seg>            <seg xml:id="urn:cts:latinLit:phi0119.phi010.perseus-lat2:line.762">                <w xml:id="line.762#w.1" pos="PROint" lemma="quisnam" msd="Case=Nom|Numb=Sing">quidnam</w>                <w xml:id="line.762#w.2" pos="ADV" lemma="hic2" msd="Numb=Sing">hÃ³c</w>                <w xml:id="line.762#w.3" pos="VER" lemma="sum1" msd="Numb=Sing|Mood=Sub|Tense=Pres|Voice=Act|Person=3">sit</w>                <w xml:id="line.762#w.4" pos="NOM" lemma="nego" msd="Case=Gen|Numb=Sing">negÃ³ti</w>                <w xml:id="line.762#w.5" pos="PUNC" lemma="," msd="MORPH=empty">,</w>                <w xml:id="line.762#w.6" pos="CONsub" lemma="quod2" msd="Case=Nom">quod</w>                <w xml:id="line.762#w.7" pos="NOM" lemma="filia" msd="Case=Nom|Numb=Sing">fÃ­lia</w>                <w xml:id="line.762#w.8" pos="ADV" lemma="sic" msd="Deg=Pos">sic</w>            </seg>            <seg xml:id="urn:cts:latinLit:phi0119.phi010.perseus-lat2:line.763">                <w xml:id="line.763#w.1" pos="ADV" lemma="reponte" msd="Deg=Pos">repÃ©nte</w>                <w xml:id="line.763#w.2" pos="VER" lemma="expeto" msd="Numb=Sing|Mood=Ind|Tense=Pres|Voice=Act|Person=3">expetÃ­t</w>                <w xml:id="line.763#w.3" pos="PROper" lemma="ego" msd="Case=Acc|Numb=Sing">me</w>                <w xml:id="line.763#w.4" pos="PUNC" lemma="," msd="MORPH=empty">,</w>                <w xml:id="line.763#w.5" pos="CONsub" lemma="ut4" msd="MORPH=empty">ut</w>                <w xml:id="line.763#w.6" pos="PRE" lemma="ad2" msd="MORPH=empty">Ã¡d</w>                <w xml:id="line.763#w.7" pos="PROref" lemma="sui1" msd="Case=Acc|Numb=Sing">sese</w>                <w xml:id="line.763#w.8" pos="VER" lemma="eo1" msd="Numb=Sing|Mood=Sub|Tense=Impa|Voice=Act|Person=1">irem</w>                <w xml:id="line.763#w.9" pos="PUNC" lemma="." msd="MORPH=empty">.</w>            </seg>            <seg xml:id="urn:cts:latinLit:phi0119.phi010.perseus-lat2:line.763a">                <w xml:id="line.763a#w.1" pos="CONcoo" lemma="nec2" msd="MORPH=empty">nec</w>                <w xml:id="line.763a#w.2" pos="PUNC" lemma="," msd="MORPH=empty">,</w>                <w xml:id="line.763a#w.3" pos="PROint" lemma="quis1" msd="Case=Nom|Numb=Sing">quÃ­d</w>                <w xml:id="line.763a#w.4" pos="PROdem" lemma="is" msd="Case=Nom|Numb=Sing">id</w>                <w xml:id="line.763a#w.5" pos="VER" lemma="sum1" msd="Numb=Sing|Mood=Sub|Tense=Pres|Voice=Act|Person=3">sit</w>                <w xml:id="line.763a#w.6" pos="PUNC" lemma="," msd="MORPH=empty">,</w>                <w xml:id="line.763a#w.7" pos="PROper" lemma="ego" msd="Case=Dat|Numb=Sing">mihÃ­</w>                <w xml:id="line.763a#w.8" pos="ADJqua" lemma="certus" msd="Case=Nom|Numb=Sing|Deg=Comp">certiÃºs</w>                <w xml:id="line.763a#w.9" pos="VER" lemma="facio" msd="Numb=Sing|Mood=Ind|Tense=Pres|Voice=Act|Person=3">facit</w>                <w xml:id="line.763a#w.10" pos="PUNC" lemma="," msd="MORPH=empty">,</w>                <w xml:id="line.763a#w.11" pos="PROint" lemma="quis1" msd="Case=Acc|Numb=Sing">quid</w>            </seg>            <seg xml:id="urn:cts:latinLit:phi0119.phi010.perseus-lat2:line.764">                <w xml:id="line.764#w.1" pos="VER" lemma="uolo?" msd="Numb=Sing|Mood=Sub|Tense=Pres|Voice=Act|Person=3">velÃ­t</w>                <w xml:id="line.764#w.2" pos="PUNC" lemma="," msd="MORPH=empty">,</w>                <w xml:id="line.764#w.3" pos="PROint" lemma="quis1" msd="Case=Acc|Numb=Sing">quid</w>                <w xml:id="line.764#w.4" pos="PROper" lemma="ego" msd="Case=Acc|Numb=Sing">me</w>                <w xml:id="line.764#w.5" pos="VER" lemma="arcesso" msd="Numb=Sing|Mood=Sub|Tense=Pres|Voice=Act|Person=3">accersat</w>                <w xml:id="line.764#w.6" pos="PUNC" lemma="." msd="MORPH=empty">.</w>            </seg>            <seg xml:id="urn:cts:latinLit:phi0119.phi010.perseus-lat2:line.764a">                <w xml:id="line.764a#w.1" pos="ADJqua" lemma="uerum?" msd="Case=Acc|Numb=Sing|Deg=Pos">verÃºm</w>                <w xml:id="line.764a#w.2" pos="VER" lemma="propemodo" msd="Numb=Sing|Mood=Ind|Tense=Fut|Voice=Act|Person=1">propemodÃºm</w>                <w xml:id="line.764a#w.3" pos="ADV" lemma="iam" msd="Deg=Pos">iam</w>                <w xml:id="line.764a#w.4" pos="VER" lemma="scio" msd="Numb=Sing|Mood=Ind|Tense=Pres|Voice=Act|Person=1">sciÃ³</w>                <w xml:id="line.764a#w.5" pos="PUNC" lemma="," msd="MORPH=empty">,</w>                <w xml:id="line.764a#w.6" pos="PROint" lemma="quis1" msd="Case=Nom|Numb=Sing">quid</w>                <w xml:id="line.764a#w.7" pos="VER" lemma="sum1" msd="Numb=Sing|Mood=Sub|Tense=Pres|Voice=Act|Person=3">siet</w>                <w xml:id="line.764a#w.8" pos="NOM" lemma="res" msd="Case=Gen|Numb=Sing">rei</w>                <w xml:id="line.764a#w.9" pos="PUNC" lemma="." msd="MORPH=empty">.</w>            </seg>            <seg xml:id="urn:cts:latinLit:phi0119.phi010.perseus-lat2:line.765">                <w xml:id="line.765#w.1" pos="VER" lemma="credo" msd="Numb=Sing|Mood=Ind|Tense=Pres|Voice=Act|Person=1">credo</w>                <w xml:id="line.765#w.2" pos="PRE" lemma="cum2" msd="MORPH=empty">cum</w>                <w xml:id="line.765#w.3" pos="NOM" lemma="uir" msd="Case=Abl|Numb=Sing">viro</w>                <w xml:id="line.765#w.4" pos="NOM" lemma="litigium" msd="Case=Acc|Numb=Sing">litigium</w>                <w xml:id="line.765#w.5" pos="VER" lemma="nascor" msd="Case=Acc|Numb=Sing|Mood=Par|Tense=Perf|Voice=Dep">natum</w>                <w xml:id="line.765#w.6" pos="VER" lemma="sum1" msd="Mood=Inf|Tense=Pres|Voice=Act">esse</w>                <w xml:id="line.765#w.7" pos="PROind" lemma="aliquis" msd="Case=Acc|Numb=Sing">aliquod</w>                <w xml:id="line.765#w.8" pos="PUNC" lemma="." msd="MORPH=empty">.</w>            </seg>            <seg xml:id="urn:cts:latinLit:phi0119.phi010.perseus-lat2:line.766">                <w xml:id="line.766#w.1" pos="ADV" lemma="ita" msd="Deg=Pos">ita</w>                <w xml:id="line.766#w.2" pos="PROdem" lemma="istic1" msd="Case=Nom|Numb=Plur">istaec</w>                <w xml:id="line.766#w.3" pos="VER" lemma="soleo" msd="Numb=Plur|Mood=Ind|Tense=Pres|Voice=SemDep|Person=3">solent</w>                <w xml:id="line.766#w.4" pos="PUNC" lemma="," msd="MORPH=empty">,</w>                <w xml:id="line.766#w.5" pos="PROrel" lemma="qui1" msd="Case=Acc|Numb=Plur">quae</w>                <w xml:id="line.766#w.6" pos="NOM" lemma="uir" msd="Case=Acc|Numb=Plur">viros</w>                <w xml:id="line.766#w.7" pos="VER" lemma="subseruio" msd="Mood=Inf|Tense=Pres|Voice=Act">subservire</w>            </seg>            <seg xml:id="urn:cts:latinLit:phi0119.phi010.perseus-lat2:line.767">                <w xml:id="line.767#w.1" pos="PROref" lemma="sui1" msd="Case=Dat|Numb=Sing">sibi</w>                <w xml:id="line.767#w.2" pos="VER" lemma="postulo" msd="Numb=Plur|Mood=Ind|Tense=Pres|Voice=Act|Person=3">postulant</w>                <w xml:id="line.767#w.3" pos="PUNC" lemma="," msd="MORPH=empty">,</w>                <w xml:id="line.767#w.4" pos="NOM" lemma="dos" msd="Case=Abl|Numb=Sing">dote</w>                <w xml:id="line.767#w.5" pos="ADJqua" lemma="fretus2" msd="Case=Nom|Numb=Plur|Deg=Pos">fretae</w>                <w xml:id="line.767#w.6" pos="PUNC" lemma="," msd="MORPH=empty">,</w>                <w xml:id="line.767#w.7" pos="ADJqua" lemma="ferox" msd="Case=Nom|Numb=Plur|Deg=Pos">feroces</w>                <w xml:id="line.767#w.8" pos="PUNC" lemma="." msd="MORPH=empty">.</w>            </seg>            <seg xml:id="urn:cts:latinLit:phi0119.phi010.perseus-lat2:line.768">                <w xml:id="line.768#w.1" pos="CONcoo" lemma="et2" msd="MORPH=empty">et</w>                <w xml:id="line.768#w.2" pos="PROdem" lemma="ille" msd="Case=Nom|Numb=Plur">illi</w>                <w xml:id="line.768#w.3" pos="ADV" lemma="quoque" msd="Deg=Pos">quoque</w>                <w xml:id="line.768#w.4" pos="ADVneg" lemma="haud" msd="MORPH=empty">haud</w>                <w xml:id="line.768#w.5" pos="VER" lemma="abstineo" msd="Numb=Plur|Mood=Ind|Tense=Pres|Voice=Act|Person=3">abstinent</w>                <w xml:id="line.768#w.6" pos="ADV" lemma="saepe" msd="Deg=Pos">saepe</w>                <w xml:id="line.768#w.7" pos="NOM" lemma="culpa" msd="Case=Abl|Numb=Sing">culpa</w>                <w xml:id="line.768#w.8" pos="PUNC" lemma="." msd="MORPH=empty">.</w>            </seg>            <seg xml:id="urn:cts:latinLit:phi0119.phi010.perseus-lat2:line.769">                <w xml:id="line.769#w.1" pos="ADJqua" lemma="uerum?" msd="Case=Nom">verum</w>                <w xml:id="line.769#w.2" pos="VER" lemma="sum1" msd="Numb=Sing|Mood=Ind|Tense=Pres|Voice=Act|Person=3">est</w>                <w xml:id="line.769#w.3" pos="NOM" lemma="modus" msd="Case=Nom|Numb=Sing">modus</w>                <w xml:id="line.769#w.4" pos="ADV" lemma="tamen" msd="Deg=Pos">tamen</w>                <w xml:id="line.769#w.5" pos="PUNC" lemma="," msd="MORPH=empty">,</w>                <w xml:id="line.769#w.6" pos="ADVrel" lemma="quoad1" msd="MORPH=empty">quoad</w>                <w xml:id="line.769#w.7" pos="VER" lemma="patior" msd="Mood=Inf|Tense=Pres|Voice=Dep">pati</w>                <w xml:id="line.769#w.8" pos="NOM" lemma="uxor" msd="Case=Acc|Numb=Sing">uxorem</w>                <w xml:id="line.769#w.9" pos="VER" lemma="oportet" msd="Numb=Sing|Mood=Ind|Tense=Pres|Voice=Act|Person=3">oportet</w>                <w xml:id="line.769#w.10" pos="PUNC" lemma=";" msd="MORPH=empty">;</w>            </seg>            <seg xml:id="urn:cts:latinLit:phi0119.phi010.perseus-lat2:line.770">                <w xml:id="line.770#w.1" pos="CONcoo" lemma="nec2" msd="MORPH=empty">nec</w>                <w xml:id="line.770#w.2" pos="INJ" lemma="pol" msd="MORPH=empty">pol</w>                <w xml:id="line.770#w.3" pos="NOM" lemma="filia" msd="Case=Nom|Numb=Sing">filia</w>                <w xml:id="line.770#w.4" pos="ADV" lemma="umquam" msd="Deg=Pos">umquam</w>                <w xml:id="line.770#w.5" pos="NOM" lemma="pater" msd="Case=Acc|Numb=Sing">patrem</w>                <w xml:id="line.770#w.6" pos="VER" lemma="arcesso" msd="Numb=Sing|Mood=Ind|Tense=Pres|Voice=Act|Person=3">accersit</w>                <w xml:id="line.770#w.7" pos="PRE" lemma="ad2" msd="MORPH=empty">ad</w>                <w xml:id="line.770#w.8" pos="PROref" lemma="sui1" msd="Case=Acc|Numb=Sing">se</w>                <w xml:id="line.770#w.9" pos="PUNC" lemma="," msd="MORPH=empty">,</w>            </seg>            <seg xml:id="urn:cts:latinLit:phi0119.phi010.perseus-lat2:line.771">                <w xml:id="line.771#w.1" pos="CONsub" lemma="nisi" msd="MORPH=empty">nisi</w>                <w xml:id="line.771#w.2" pos="CONcoo" lemma="aut" msd="MORPH=empty">aut</w>                <w xml:id="line.771#w.3" pos="PROint" lemma="quis1" msd="Case=Acc|Numb=Sing">quid</w>                <w xml:id="line.771#w.4" pos="VER" lemma="commissum" msd="Case=Gen|Numb=Sing|Mood=Par|Tense=Perf|Voice=Pass">commissi</w>                <w xml:id="line.771#w.5" pos="CONcoo" lemma="aut" msd="MORPH=empty">aut</w>                <w xml:id="line.771#w.6" pos="NOM" lemma="iurgum" msd="Case=Gen|Numb=Sing">iurgi</w>                <w xml:id="line.771#w.7" pos="VER" lemma="sum1" msd="Numb=Sing|Mood=Ind|Tense=Pres|Voice=Act|Person=3">est</w>                <w xml:id="line.771#w.8" pos="ADJqua" lemma="iustus" msd="Case=Abl|Numb=Sing|Deg=Pos">iusta</w>                <w xml:id="line.771#w.9" pos="NOM" lemma="causa" msd="Case=Nom|Numb=Sing">causa</w>                <w xml:id="line.771#w.10" pos="PUNC" lemma="." msd="MORPH=empty">.</w>            </seg>            <seg xml:id="urn:cts:latinLit:phi0119.phi010.perseus-lat2:line.772">                <w xml:id="line.772#w.1" pos="CONcoo" lemma="sed" msd="MORPH=empty">sed</w>                <w xml:id="line.772#w.2" pos="PROdem" lemma="is" msd="Case=Nom|Numb=Sing">id</w>                <w xml:id="line.772#w.3" pos="PROrel" lemma="quisquis1" msd="Case=Nom|Numb=Sing">quidquid</w>                <w xml:id="line.772#w.4" pos="VER" lemma="sum1" msd="Numb=Sing|Mood=Ind|Tense=Pres|Voice=Act|Person=3">est</w>                <w xml:id="line.772#w.5" pos="PUNC" lemma="," msd="MORPH=empty">,</w>                <w xml:id="line.772#w.6" pos="ADV" lemma="iam" msd="Deg=Pos">iam</w>                <w xml:id="line.772#w.7" pos="VER" lemma="scio" msd="Numb=Sing|Mood=Ind|Tense=Fut|Voice=Act|Person=1">sciam</w>                <w xml:id="line.772#w.8" pos="PUNC" lemma="." msd="MORPH=empty">.</w>                <w xml:id="line.772#w.9" pos="CONcoo" lemma="atque1" msd="MORPH=empty">atque</w>                <w xml:id="line.772#w.10" pos="INJ" lemma="ecce" msd="MORPH=empty">eccam</w>                <w xml:id="line.772#w.11" pos="PROdem" lemma="is" msd="MORPH=empty">eccam</w>                <w xml:id="line.772#w.12" pos="PROdem" lemma="ipse" msd="Case=Acc|Numb=Sing">eampse</w>            </seg>            <seg xml:id="urn:cts:latinLit:phi0119.phi010.perseus-lat2:line.773">                <w xml:id="line.773#w.1" pos="PRE" lemma="ante2" msd="MORPH=empty">ante</w>                <w xml:id="line.773#w.2" pos="NOM" lemma="aedes" msd="Case=Acc|Numb=Plur">aedis</w>                <w xml:id="line.773#w.3" pos="CONcoo" lemma="et2" msd="MORPH=empty">et</w>                <w xml:id="line.773#w.4" pos="PROdem" lemma="is" msd="Case=Gen|Numb=Sing">eius</w>                <w xml:id="line.773#w.5" pos="NOM" lemma="uir" msd="Case=Acc|Numb=Sing">virum</w>                <w xml:id="line.773#w.6" pos="ADJqua" lemma="tristis" msd="Case=Acc|Numb=Sing|Deg=Pos">tristem</w>                <w xml:id="line.773#w.7" pos="VER" lemma="uideo" msd="Numb=Sing|Mood=Ind|Tense=Pres|Voice=Act|Person=1">video</w>                <w xml:id="line.773#w.8" pos="PUNC" lemma="." msd="MORPH=empty">.</w>            </seg>            <seg xml:id="urn:cts:latinLit:phi0119.phi010.perseus-lat2:line.774">                <w xml:id="line.774#w.1" pos="PROdem" lemma="is" msd="Case=Nom|Numb=Sing">id</w>                <w xml:id="line.774#w.2" pos="CONcoo" lemma="sum?" msd="Numb=Sing">Ã©st</w>                <w xml:id="line.774#w.3" pos="PROrel" lemma="qui1" msd="Case=Acc|Numb=Sing">quod</w>                <w xml:id="line.774#w.4" pos="VER" lemma="suspicror" msd="Numb=Sing|Mood=Ind|Tense=Impa|Voice=Dep|Person=1">suspicÃ¡bar</w>                <w xml:id="line.774#w.5" pos="PUNC" lemma="." msd="MORPH=empty">.</w>            </seg>            <seg xml:id="urn:cts:latinLit:phi0119.phi010.perseus-lat2:line.775">                <w xml:id="line.775#w.1" pos="VER" lemma="sppello" msd="Numb=Sing|Mood=Ind|Tense=Fut|Voice=Act|Person=1">Ã¡ppellabo</w>                <w xml:id="line.775#w.2" pos="PROdem" lemma="hic1" msd="Case=Acc|Numb=Sing">hanc</w>                <w xml:id="line.775#w.3" pos="PUNC" lemma="." msd="MORPH=empty">.</w>            </seg>            <seg xml:id="urn:cts:latinLit:phi0119.phi010.perseus-lat2:line.775b">                <w xml:id="line.775b#w.1" pos="VER" lemma="eo1" msd="Numb=Sing|Mood=Ind|Tense=Fut|Voice=Act|Person=1">Ibo</w>                <w xml:id="line.775b#w.2" pos="PRE" lemma="aduersus3" msd="MORPH=empty">advorsum</w>                <w xml:id="line.775b#w.3" pos="PUNC" lemma="." msd="MORPH=empty">.</w>                <w xml:id="line.775b#w.4" pos="VER" lemma="selueo" msd="Numb=Sing|Mood=Imp|Tense=Pres|Voice=Act|Person=2">sÃ¡lve</w>                <w xml:id="line.775b#w.5" pos="ADV" lemma="multum2" msd="Numb=Sing|Deg=Pos">multum</w>                <w xml:id="line.775b#w.6" pos="PUNC" lemma="," msd="MORPH=empty">,</w>                <w xml:id="line.775b#w.7" pos="PROper" lemma="ego" msd="Case=Acc|Numb=Sing">mÃ­</w>                <w xml:id="line.775b#w.8" pos="NOM" lemma="pater" msd="Case=Voc|Numb=Sing">pater</w>                <w xml:id="line.775b#w.9" pos="PUNC" lemma="." msd="MORPH=empty">.</w>            </seg>            <seg xml:id="urn:cts:latinLit:phi0119.phi010.perseus-lat2:line.776">                <w xml:id="line.776#w.1" pos="ADJqua" lemma="saluus" msd="Case=Nom|Numb=Sing|Deg=Pos">Salva</w>                <w xml:id="line.776#w.2" pos="VER" lemma="sum1" msd="Numb=Sing|Mood=Sub|Tense=Pres|Voice=Act|Person=2">sis</w>                <w xml:id="line.776#w.3" pos="PUNC" lemma="." msd="MORPH=empty">.</w>                <w xml:id="line.776#w.4" pos="VER" lemma="salueo" msd="Numb=Sing|Mood=Ind|Tense=Pres|Voice=Act|Person=1">salven</w>                <w xml:id="line.776#w.5" pos="VER" lemma="aduenio" msd="Numb=Sing|Mood=Ind|Tense=Pres|Voice=Act|Person=1">advenio</w>                <w xml:id="line.776#w.6" pos="PUNC" lemma="?" msd="MORPH=empty">?</w>                <w xml:id="line.776#w.7" pos="VER" lemma="salueo" msd="Numb=Sing|Mood=Ind|Tense=Pres|Voice=Act|Person=2">salven</w>                <w xml:id="line.776#w.8" pos="VER" lemma="arcesso" msd="Mood=Inf|Tense=Pres|Voice=Pass">accersi</w>                <w xml:id="line.776#w.9" pos="VER" lemma="iubeo" msd="Numb=Sing|Mood=Ind|Tense=Pres|Voice=Act|Person=2">iubes</w>                <w xml:id="line.776#w.10" pos="PUNC" lemma="?" msd="MORPH=empty">?</w>            </seg>            <seg xml:id="urn:cts:latinLit:phi0119.phi010.perseus-lat2:line.777">                <w xml:id="line.777#w.1" pos="PROint" lemma="quis1" msd="Case=Acc|Numb=Sing">quid</w>                <w xml:id="line.777#w.2" pos="PROper" lemma="tu" msd="Case=Nom|Numb=Sing">tu</w>                <w xml:id="line.777#w.3" pos="ADJqua" lemma="tristis" msd="Case=Nom|Numb=Sing|Deg=Pos">tristis</w>                <w xml:id="line.777#w.4" pos="VER" lemma="sum1" msd="Numb=Sing|Mood=Ind|Tense=Pres|Voice=Act|Person=2">es</w>                <w xml:id="line.777#w.5" pos="PUNC" lemma="?" msd="MORPH=empty">?</w>                <w xml:id="line.777#w.6" pos="PROint" lemma="quis1" msd="Case=Acc|Numb=Sing">quid</w>                <w xml:id="line.777#w.7" pos="PROdem" lemma="ille" msd="Case=Nom|Numb=Sing">ille</w>                <w xml:id="line.777#w.8" pos="CONcoo" lemma="autem" msd="MORPH=empty">autem</w>                <w xml:id="line.777#w.9" pos="PRE" lemma="ab" msd="MORPH=empty">abs</w>                <w xml:id="line.777#w.10" pos="PROper" lemma="tu" msd="Case=Abl|Numb=Sing">te</w>                <w xml:id="line.777#w.11" pos="ADJqua" lemma="iratus" msd="Case=Nom|Numb=Sing|Deg=Pos">iratus</w>                <w xml:id="line.777#w.12" pos="VER" lemma="desisto" msd="Numb=Sing|Mood=Ind|Tense=Perf|Voice=Act|Person=3">destitit</w>                <w xml:id="line.777#w.13" pos="PUNC" lemma="?" msd="MORPH=empty">?</w>            </seg>            <seg xml:id="urn:cts:latinLit:phi0119.phi010.perseus-lat2:line.778">                <w xml:id="line.778#w.1" pos="VER" lemma="nescio" msd="Numb=Sing|Mood=Ind|Tense=Pres|Voice=Act|Person=1">nescio</w>                <w xml:id="line.778#w.2" pos="PROint" lemma="qui?" msd="Case=Acc|Numb=Sing">quÃ­d</w>                <w xml:id="line.778#w.3" pos="PROper" lemma="uos" msd="Case=Nom|Numb=Plur">vos</w>                <w xml:id="line.778#w.4" pos="NOM" lemma="uelitas" msd="Case=Dat|Numb=Sing">velitati</w>                <w xml:id="line.778#w.5" pos="VER" lemma="sum1" msd="Numb=Plur|Mood=Ind|Tense=Pres|Voice=Act|Person=2">Ã©stis</w>                <w xml:id="line.778#w.6" pos="PRE" lemma="inter" msd="MORPH=empty">inter</w>                <w xml:id="line.778#w.7" pos="PROper" lemma="uos" msd="Case=Acc|Numb=Plur">vos</w>                <w xml:id="line.778#w.8" pos="ADJcar" lemma="duo" msd="Case=Acc|Numb=Plur">duos</w>                <w xml:id="line.778#w.9" pos="PUNC" lemma="." msd="MORPH=empty">.</w>            </seg>            <seg xml:id="urn:cts:latinLit:phi0119.phi010.perseus-lat2:line.779">                <w xml:id="line.779#w.1" pos="VER" lemma="loquor" msd="Numb=Sing|Mood=Imp|Tense=Pres|Voice=Dep|Person=2">loquere</w>                <w xml:id="line.779#w.2" pos="PUNC" lemma="," msd="MORPH=empty">,</w>                <w xml:id="line.779#w.3" pos="PROint" lemma="uter3" msd="Case=Nom|Numb=Sing">uter</w>                <w xml:id="line.779#w.4" pos="VER" lemma="mereo" msd="Numb=Plur|Mood=Ind|Tense=Perf|Voice=Act|Person=2">meruistis</w>                <w xml:id="line.779#w.5" pos="NOM" lemma="culpa" msd="Case=Acc|Numb=Sing">culpam</w>                <w xml:id="line.779#w.6" pos="PUNC" lemma="?" msd="MORPH=empty">?</w>                <w xml:id="line.779#w.7" pos="ADJqua" lemma="pauci" msd="Case=Abl|Numb=Plur">paucis</w>                <w xml:id="line.779#w.8" pos="PUNC" lemma="," msd="MORPH=empty">,</w>                <w xml:id="line.779#w.9" pos="ADVneg" lemma="non" msd="MORPH=empty">non</w>                <w xml:id="line.779#w.10" pos="ADJqua" lemma="longus" msd="Case=Acc|Numb=Plur|Deg=Pos">longos</w>                <w xml:id="line.779#w.11" pos="NOM" lemma="logus" msd="Case=Acc|Numb=Plur">logos</w>                <w xml:id="line.779#w.12" pos="PUNC" lemma="." msd="MORPH=empty">.</w>            </seg>            <seg xml:id="urn:cts:latinLit:phi0119.phi010.perseus-lat2:line.780">                <w xml:id="line.780#w.1" pos="ADVneg" lemma="nusquam" msd="MORPH=empty">Nusquam</w>                <w xml:id="line.780#w.2" pos="ADV" lemma="equidem" msd="Deg=Pos">equidem</w>                <w xml:id="line.780#w.3" pos="PROind" lemma="quisquam" msd="Case=Acc|Numb=Sing">quicquam</w>                <w xml:id="line.780#w.4" pos="VER" lemma="delinquo" msd="Numb=Sing|Mood=Ind|Tense=Perf|Voice=Act|Person=1">deliqui</w>                <w xml:id="line.780#w.5" pos="PUNC" lemma=":" msd="MORPH=empty">:</w>                <w xml:id="line.780#w.6" pos="PROdem" lemma="hic1" msd="Case=Acc|Numb=Sing">hoc</w>                <w xml:id="line.780#w.7" pos="ADJadv.ord" lemma="primum" msd="Deg=Sup">primum</w>                <w xml:id="line.780#w.8" pos="PROper" lemma="tu" msd="Case=Acc|Numb=Sing">te</w>                <w xml:id="line.780#w.9" pos="VER" lemma="absoluo" msd="Numb=Sing|Mood=Ind|Tense=Pres|Voice=Act|Person=1">absolvo</w>                <w xml:id="line.780#w.10" pos="PUNC" lemma="," msd="MORPH=empty">,</w>                <w xml:id="line.780#w.11" pos="NOM" lemma="pater" msd="Case=Voc|Numb=Sing">pater</w>                <w xml:id="line.780#w.12" pos="PUNC" lemma="." msd="MORPH=empty">.</w>            </seg>            <seg xml:id="urn:cts:latinLit:phi0119.phi010.perseus-lat2:line.781">                <w xml:id="line.781#w.1" pos="CONcoo" lemma="uerum4" msd="MORPH=empty">verum</w>                <w xml:id="line.781#w.2" pos="VER" lemma="uiuo" msd="Mood=Inf|Tense=Pres|Voice=Act">vivere</w>                <w xml:id="line.781#w.3" pos="ADV" lemma="hic2" msd="MORPH=empty">hic</w>                <w xml:id="line.781#w.4" pos="ADVneg" lemma="non" msd="MORPH=empty">non</w>                <w xml:id="line.781#w.5" pos="VER" lemma="possum1" msd="Numb=Sing|Mood=Ind|Tense=Pres|Voice=Act|Person=1">possum</w>                <w xml:id="line.781#w.6" pos="CONcoo" lemma="neque" msd="MORPH=empty">neque</w>                <w xml:id="line.781#w.7" pos="VER" lemma="duro" msd="Mood=Inf|Tense=Pres|Voice=Act">durare</w>                <w xml:id="line.781#w.8" pos="PROind" lemma="ullus" msd="Case=Abl|Numb=Sing">ullo</w>                <w xml:id="line.781#w.9" pos="NOM" lemma="modus" msd="Case=Abl|Numb=Sing">modo</w>                <w xml:id="line.781#w.10" pos="PUNC" lemma="." msd="MORPH=empty">.</w>            </seg>            <seg xml:id="urn:cts:latinLit:phi0119.phi010.perseus-lat2:line.782">                <w xml:id="line.782#w.1" pos="ADV" lemma="proinde" msd="Deg=Pos">proin</w>                <w xml:id="line.782#w.2" pos="PROper" lemma="tu" msd="Case=Nom|Numb=Sing">tu</w>                <w xml:id="line.782#w.3" pos="PROper" lemma="ego" msd="Case=Acc|Numb=Sing">me</w>                <w xml:id="line.782#w.4" pos="ADV" lemma="hinc" msd="Deg=Pos">hinc</w>                <w xml:id="line.782#w.5" pos="VER" lemma="abduco" msd="Numb=Sing|Mood=Sub|Tense=Pres|Voice=Act|Person=2">abducas</w>                <w xml:id="line.782#w.6" pos="PUNC" lemma="." msd="MORPH=empty">.</w>            </seg>            <seg xml:id="urn:cts:latinLit:phi0119.phi010.perseus-lat2:line.782b">                <w xml:id="line.782b#w.1" pos="PROint" lemma="quis1" msd="Case=Nom|Numb=Sing">Quid</w>                <w xml:id="line.782b#w.2" pos="PROdem" lemma="istic1" msd="Case=Nom|Numb=Sing">istuc</w>                <w xml:id="line.782b#w.3" pos="CONcoo" lemma="autem" msd="MORPH=empty">autem</w>                <w xml:id="line.782b#w.4" pos="VER" lemma="sum1" msd="Numb=Sing|Mood=Ind|Tense=Pres|Voice=Act|Person=3">est</w>                <w xml:id="line.782b#w.5" pos="PUNC" lemma="?" msd="MORPH=empty">?</w>            </seg>            <seg xml:id="urn:cts:latinLit:phi0119.phi010.perseus-lat2:line.782c">                <w xml:id="line.782c#w.1" pos="NOM" lemma="ludibrium" msd="Case=Dat|Numb=Sing">Ludibrio</w>                <w xml:id="line.782c#w.2" pos="PUNC" lemma="," msd="MORPH=empty">,</w>                <w xml:id="line.782c#w.3" pos="NOM" lemma="pater" msd="Case=Voc|Numb=Sing">pater</w>                <w xml:id="line.782c#w.4" pos="PUNC" lemma="," msd="MORPH=empty">,</w>            </seg>            <seg xml:id="urn:cts:latinLit:phi0119.phi010.perseus-lat2:line.783">                <w xml:id="line.783#w.1" pos="VER" lemma="habeo" msd="Numb=Sing|Mood=Ind|Tense=Pres|Voice=Pass|Person=1">habeor</w>                <w xml:id="line.783#w.2" pos="PUNC" lemma="." msd="MORPH=empty">.</w>            </seg>            <seg xml:id="urn:cts:latinLit:phi0119.phi010.perseus-lat2:line.783b">                <w xml:id="line.783b#w.1" pos="ADVint" lemma="unde2" msd="MORPH=empty">Vnde</w>                <w xml:id="line.783b#w.2" pos="PUNC" lemma="?" msd="MORPH=empty">?</w>            </seg>            <seg xml:id="urn:cts:latinLit:phi0119.phi010.perseus-lat2:line.783c">                <w xml:id="line.783c#w.1" pos="PRE" lemma="ab" msd="MORPH=empty">Ab</w>                <w xml:id="line.783c#w.2" pos="PROdem" lemma="ille" msd="Case=Abl|Numb=Sing">illo</w>                <w xml:id="line.783c#w.3" pos="PUNC" lemma="," msd="MORPH=empty">,</w>                <w xml:id="line.783c#w.4" pos="PROrel" lemma="qui1" msd="Case=Dat|Numb=Sing">quoi</w>                <w xml:id="line.783c#w.5" pos="PROper" lemma="ego" msd="Case=Acc|Numb=Sing">me</w>                <w xml:id="line.783c#w.6" pos="VER" lemma="mando?" msd="Numb=Sing|Mood=Ind|Tense=Perf|Voice=Act|Person=2">mandavisti</w>                <w xml:id="line.783c#w.7" pos="PUNC" lemma="," msd="MORPH=empty">,</w>                <w xml:id="line.783c#w.8" pos="PROpos" lemma="meus" msd="Case=Abl|Numb=Sing">meo</w>                <w xml:id="line.783c#w.9" pos="NOM" lemma="uir" msd="Case=Abl|Numb=Sing">viro</w>                <w xml:id="line.783c#w.10" pos="PUNC" lemma="." msd="MORPH=empty">.</w>            </seg>            <seg xml:id="urn:cts:latinLit:phi0119.phi010.perseus-lat2:line.784">                <w xml:id="line.784#w.1" pos="INJ" lemma="ecce" msd="MORPH=empty">Ecce</w>                <w xml:id="line.784#w.2" pos="CONcoo" lemma="autem" msd="MORPH=empty">autem</w>                <w xml:id="line.784#w.3" pos="NOM" lemma="litigium" msd="Case=Nom|Numb=Sing">litigium</w>                <w xml:id="line.784#w.4" pos="PUNC" lemma="." msd="MORPH=empty">.</w>                <w xml:id="line.784#w.5" pos="ADVrel" lemma="quotiens1" msd="MORPH=empty">quotiens</w>                <w xml:id="line.784#w.6" pos="ADV" lemma="tandem" msd="Deg=Pos">tandem</w>                <w xml:id="line.784#w.7" pos="VER" lemma="udico" msd="Numb=Sing|Mood=Ind|Tense=Perf|Voice=Act|Person=1">Ã©dixi</w>                <w xml:id="line.784#w.8" pos="PROper" lemma="tu" msd="Case=Dat|Numb=Sing">tibi</w>                <w xml:id="line.784#w.9" pos="PUNC" lemma="," msd="MORPH=empty">,</w>            </seg>            <seg xml:id="urn:cts:latinLit:phi0119.phi010.perseus-lat2:line.785">                <w xml:id="line.785#w.1" pos="CONsub" lemma="ut4" msd="MORPH=empty">ut</w>                <w xml:id="line.785#w.2" pos="VER" lemma="caueo" msd="Numb=Sing|Mood=Sub|Tense=Impa|Voice=Act|Person=2">caveres</w>                <w xml:id="line.785#w.3" pos="PUNC" lemma="," msd="MORPH=empty">,</w>                <w xml:id="line.785#w.4" pos="PROind" lemma="neuter" msd="Case=Nom|Numb=Sing">neuter</w>                <w xml:id="line.785#w.5" pos="PRE" lemma="ad2" msd="MORPH=empty">ad</w>                <w xml:id="line.785#w.6" pos="PROper" lemma="ego" msd="Case=Acc|Numb=Sing">me</w>                <w xml:id="line.785#w.7" pos="VER" lemma="eo1" msd="Numb=Plur|Mood=Sub|Tense=Impa|Voice=Act|Person=2">iretis</w>                <w xml:id="line.785#w.8" pos="PRE" lemma="cum2" msd="MORPH=empty">cum</w>                <w xml:id="line.785#w.9" pos="NOM" lemma="querimonia" msd="Case=Abl|Numb=Sing">querimonia</w>                <w xml:id="line.785#w.10" pos="PUNC" lemma="?" msd="MORPH=empty">?</w>            </seg>            <seg xml:id="urn:cts:latinLit:phi0119.phi010.perseus-lat2:line.786">                <w xml:id="line.786#w.1" pos="PROrel" lemma="qui1" msd="Case=Nom|Numb=Sing">Qui</w>                <w xml:id="line.786#w.2" pos="PROper" lemma="ego" msd="Case=Nom|Numb=Sing">ego</w>                <w xml:id="line.786#w.3" pos="PROdem" lemma="istic1" msd="Case=Acc|Numb=Sing">istuc</w>                <w xml:id="line.786#w.4" pos="PUNC" lemma="," msd="MORPH=empty">,</w>                <w xml:id="line.786#w.5" pos="PROper" lemma="ego" msd="Case=Dat|Numb=Sing">mi</w>                <w xml:id="line.786#w.6" pos="NOM" lemma="pater" msd="Case=Voc|Numb=Sing">pater</w>                <w xml:id="line.786#w.7" pos="PUNC" lemma="," msd="MORPH=empty">,</w>                <w xml:id="line.786#w.8" pos="VER" lemma="caueo" msd="Mood=Inf|Tense=Pres|Voice=Act">cavere</w>                <w xml:id="line.786#w.9" pos="VER" lemma="possum1" msd="Numb=Sing|Mood=Ind|Tense=Pres|Voice=Act|Person=1">possum</w>                <w xml:id="line.786#w.10" pos="PUNC" lemma="?" msd="MORPH=empty">?</w>            </seg>            <seg xml:id="urn:cts:latinLit:phi0119.phi010.perseus-lat2:line.786b">                <w xml:id="line.786b#w.1" pos="PROper" lemma="ego" msd="Case=Acc|Numb=Sing">Men</w>                <w xml:id="line.786b#w.2" pos="ADV" lemma="ne2" msd="MORPH=empty">Men</w>                <w xml:id="line.786b#w.3" pos="VER" lemma="interrogo" msd="Numb=Sing|Mood=Ind|Tense=Pres|Voice=Act|Person=2">interrogas</w>                <w xml:id="line.786b#w.4" pos="PUNC" lemma="?" msd="MORPH=empty">?</w>            </seg>            <seg xml:id="urn:cts:latinLit:phi0119.phi010.perseus-lat2:line.787">                <w xml:id="line.787#w.1" pos="CONsub" lemma="nisi" msd="MORPH=empty">Nisi</w>                <w xml:id="line.787#w.2" pos="ADVneg" lemma="non" msd="MORPH=empty">non</w>                <w xml:id="line.787#w.3" pos="VER" lemma="uolo?" msd="Numb=Sing|Mood=Ind|Tense=Pres|Voice=Act|Person=2">vis</w>                <w xml:id="line.787#w.4" pos="PUNC" lemma="." msd="MORPH=empty">.</w>            </seg>            <seg xml:id="urn:cts:latinLit:phi0119.phi010.perseus-lat2:line.787a">                <w xml:id="line.787a#w.1" pos="ADVrel" lemma="quotiens1" msd="MORPH=empty">Quotiens</w>                <w xml:id="line.787a#w.2" pos="VER" lemma="monstro" msd="Numb=Sing|Mood=Ind|Tense=Perf|Voice=Act|Person=1">monstravi</w>                <w xml:id="line.787a#w.3" pos="PROper" lemma="tu" msd="Case=Dat|Numb=Sing">tibi</w>                <w xml:id="line.787a#w.4" pos="PUNC" lemma="," msd="MORPH=empty">,</w>                <w xml:id="line.787a#w.5" pos="NOM" lemma="uir" msd="Case=Dat|Numb=Sing">viro</w>                <w xml:id="line.787a#w.6" pos="CONsub" lemma="ut4" msd="MORPH=empty">ut</w>                <w xml:id="line.787a#w.7" pos="NOM" lemma="mos" msd="Case=Acc|Numb=Sing">morem</w>                <w xml:id="line.787a#w.8" pos="VER" lemma="gero" msd="Numb=Sing|Mood=Sub|Tense=Pres|Voice=Act|Person=2">geras</w>                <w xml:id="line.787a#w.9" pos="PUNC" lemma="," msd="MORPH=empty">,</w>            </seg>            <seg xml:id="urn:cts:latinLit:phi0119.phi010.perseus-lat2:line.789">                <w xml:id="line.789#w.1" pos="PROint" lemma="quis1" msd="Case=Acc|Numb=Sing">quid</w>                <w xml:id="line.789#w.2" pos="PROdem" lemma="ille" msd="Case=Nom|Numb=Sing">ille</w>                <w xml:id="line.789#w.3" pos="VER" lemma="facio" msd="Numb=Sing|Mood=Sub|Tense=Pres|Voice=Act|Person=3">faciat</w>                <w xml:id="line.789#w.4" pos="PUNC" lemma="," msd="MORPH=empty">,</w>                <w xml:id="line.789#w.5" pos="CONsub" lemma="nu" msd="MORPH=empty">nÃ©</w>                <w xml:id="line.789#w.6" pos="PROdem" lemma="is" msd="Case=Acc|Numb=Sing">id</w>                <w xml:id="line.789#w.7" pos="VER" lemma="obseruo" msd="Numb=Sing|Mood=Sub|Tense=Pres|Voice=Act|Person=2">observes</w>                <w xml:id="line.789#w.8" pos="PUNC" lemma="," msd="MORPH=empty">,</w>                <w xml:id="line.789#w.9" pos="ADVint" lemma="quis?" msd="MORPH=empty">quÃ³</w>                <w xml:id="line.789#w.10" pos="VER" lemma="eo1" msd="Numb=Sing|Mood=Sub|Tense=Pres|Voice=Act|Person=3">eat</w>                <w xml:id="line.789#w.11" pos="PUNC" lemma="," msd="MORPH=empty">,</w>                <w xml:id="line.789#w.12" pos="PROint" lemma="quis1" msd="Case=Acc|Numb=Sing">quid</w>                <w xml:id="line.789#w.13" pos="NOM" lemma="res" msd="Case=Gen|Numb=Plur">rerum</w>                <w xml:id="line.789#w.14" pos="VER" lemma="gero" msd="Numb=Sing|Mood=Sub|Tense=Pres|Voice=Act|Person=3">gerat</w>                <w xml:id="line.789#w.15" pos="PUNC" lemma="." msd="MORPH=empty">.</w>            </seg>            <seg xml:id="urn:cts:latinLit:phi0119.phi010.perseus-lat2:line.790">                <w xml:id="line.790#w.1" pos="CONcoo" lemma="at2" msd="MORPH=empty">At</w>                <w xml:id="line.790#w.2" pos="CONcoo" lemma="enim2" msd="MORPH=empty">enim</w>                <w xml:id="line.790#w.3" pos="PROdem" lemma="ille" msd="Case=Nom|Numb=Sing">ille</w>                <w xml:id="line.790#w.4" pos="ADV" lemma="hinc" msd="Deg=Pos">hinc</w>                <w xml:id="line.790#w.5" pos="VER" lemma="amo" msd="Numb=Sing|Mood=Ind|Tense=Pres|Voice=Act|Person=3">amat</w>                <w xml:id="line.790#w.6" pos="NOM" lemma="meretrix" msd="Case=Acc|Numb=Sing">meretricem</w>                <w xml:id="line.790#w.7" pos="PRE" lemma="ex" msd="MORPH=empty">ex</w>                <w xml:id="line.790#w.8" pos="NOM" lemma="proximum" msd="Case=Abl|Numb=Sing">proxumo</w>                <w xml:id="line.790#w.9" pos="PUNC" lemma="." msd="MORPH=empty">.</w>            </seg>            <seg xml:id="urn:cts:latinLit:phi0119.phi010.perseus-lat2:line.790b">                <w xml:id="line.790b#w.1" pos="ADV" lemma="sane" msd="Deg=Pos">Sane</w>                <w xml:id="line.790b#w.2" pos="VER" lemma="sapio" msd="Numb=Sing|Mood=Ind|Tense=Pres|Voice=Act|Person=3">sapit</w>                <w xml:id="line.790b#w.3" pos="PUNC" lemma="," msd="MORPH=empty">,</w>            </seg>            <seg xml:id="urn:cts:latinLit:phi0119.phi010.perseus-lat2:line.791">                <w xml:id="line.791#w.1" pos="CONcoo" lemma="atque1" msd="MORPH=empty">atque</w>                <w xml:id="line.791#w.2" pos="PRE" lemma="ob" msd="MORPH=empty">ob</w>                <w xml:id="line.791#w.3" pos="PROdem" lemma="istic1" msd="Case=Acc|Numb=Sing">istÃ¡nc</w>                <w xml:id="line.791#w.4" pos="NOM" lemma="industria" msd="Case=Acc|Numb=Sing">industriam</w>                <w xml:id="line.791#w.5" pos="ADV" lemma="etiam" msd="Deg=Pos">etiam</w>                <w xml:id="line.791#w.6" pos="VER" lemma="facio" msd="Numb=Sing|Mood=Ind|Tense=Fut|Voice=Act|Person=1">faxo</w>                <w xml:id="line.791#w.7" pos="VER" lemma="amo" msd="Numb=Sing|Mood=Ind|Tense=Fut|Voice=Act|Person=3">amabit</w>                <w xml:id="line.791#w.8" pos="ADV" lemma="ample" msd="Deg=Comp">amplius</w>                <w xml:id="line.791#w.9" pos="PUNC" lemma="." msd="MORPH=empty">.</w>            </seg>            <seg xml:id="urn:cts:latinLit:phi0119.phi010.perseus-lat2:line.792">                <w xml:id="line.792#w.1" pos="CONcoo" lemma="atque1" msd="MORPH=empty">Atque</w>                <w xml:id="line.792#w.2" pos="ADV" lemma="ibi" msd="Deg=Pos">ibi</w>                <w xml:id="line.792#w.3" pos="VER" lemma="poto" msd="Numb=Sing|Mood=Ind|Tense=Pres|Voice=Act|Person=3">potat</w>                <w xml:id="line.792#w.4" pos="PUNC" lemma="." msd="MORPH=empty">.</w>            </seg>            <seg xml:id="urn:cts:latinLit:phi0119.phi010.perseus-lat2:line.792b">                <w xml:id="line.792b#w.1" pos="PROpos" lemma="tuus" msd="Case=Nom|Numb=Sing">Tua</w>                <w xml:id="line.792b#w.2" pos="ADV" lemma="quidem" msd="Deg=Pos">quidem</w>                <w xml:id="line.792b#w.3" pos="PROdem" lemma="ille" msd="Case=Nom|Numb=Sing">ille</w>                <w xml:id="line.792b#w.4" pos="NOM" lemma="causa" msd="Case=Nom|Numb=Sing">causa</w>                <w xml:id="line.792b#w.5" pos="VER" lemma="poto" msd="Numb=Sing|Mood=Ind|Tense=Fut|Voice=Act|Person=3">potabit</w>                <w xml:id="line.792b#w.6" pos="ADV" lemma="parum2" msd="Deg=Comp">minus</w>                <w xml:id="line.792b#w.7" pos="PUNC" lemma="," msd="MORPH=empty">,</w>            </seg>            <seg xml:id="urn:cts:latinLit:phi0119.phi010.perseus-lat2:line.793">                <w xml:id="line.793#w.1" pos="CONsub" lemma="si2" msd="MORPH=empty">si</w>                <w xml:id="line.793#w.2" pos="ADV" lemma="illic2" msd="Deg=Pos">illic</w>                <w xml:id="line.793#w.3" pos="CONsub" lemma="siue2" msd="MORPH=empty">sive</w>                <w xml:id="line.793#w.4" pos="ADV" lemma="alibi" msd="Deg=Pos">alibi</w>                <w xml:id="line.793#w.5" pos="VER" lemma="libet" msd="Numb=Sing|Mood=Ind|Tense=Fut|Voice=Act|Person=3">libebit</w>                <w xml:id="line.793#w.6" pos="PUNC" lemma="?" msd="MORPH=empty">?</w>                <w xml:id="line.793#w.7" pos="PROint" lemma="quis1" msd="Case=Nom|Numb=Sing">quae</w>                <w xml:id="line.793#w.8" pos="PROdem" lemma="hic1" msd="Case=Nom|Numb=Sing">haec</w>                <w xml:id="line.793#w.9" pos="PUNC" lemma="," msd="MORPH=empty">,</w>                <w xml:id="line.793#w.10" pos="INJ" lemma="malum3" msd="Case=Nom|Numb=Sing">malum</w>                <w xml:id="line.793#w.11" pos="PUNC" lemma="," msd="MORPH=empty">,</w>                <w xml:id="line.793#w.12" pos="NOM" lemma="impudentia" msd="Case=Nom|Numb=Sing">impudentiast</w>                <w xml:id="line.793#w.13" pos="VER" lemma="sum1" msd="Numb=Sing|Mood=Ind|Tense=Pres|Voice=Act|Person=3">impudentiast</w>                <w xml:id="line.793#w.14" pos="PUNC" lemma="?" msd="MORPH=empty">?</w>            </seg>            <seg xml:id="urn:cts:latinLit:phi0119.phi010.perseus-lat2:line.794">                <w xml:id="line.794#w.1" pos="ADJcar" lemma="unus" msd="Case=Abl|Numb=Sing">una</w>                <w xml:id="line.794#w.2" pos="NOM" lemma="opus?" msd="Case=Abl|Numb=Sing">opera</w>                <w xml:id="line.794#w.3" pos="VER" lemma="prohibeo" msd="Mood=Inf|Tense=Pres|Voice=Act">prohibere</w>                <w xml:id="line.794#w.4" pos="PUNC" lemma="," msd="MORPH=empty">,</w>                <w xml:id="line.794#w.5" pos="PRE" lemma="ad2" msd="MORPH=empty">ad</w>                <w xml:id="line.794#w.6" pos="NOM" lemma="cena" msd="Case=Acc|Numb=Sing">cenam</w>                <w xml:id="line.794#w.7" pos="ADVneg" lemma="ne3" msd="MORPH=empty">ne</w>                <w xml:id="line.794#w.8" pos="VER" lemma="promitto" msd="Numb=Sing|Mood=Sub|Tense=Pres|Voice=Act|Person=3">promittat</w>                <w xml:id="line.794#w.9" pos="PUNC" lemma="," msd="MORPH=empty">,</w>                <w xml:id="line.794#w.10" pos="VER" lemma="postulo" msd="Numb=Sing|Mood=Sub|Tense=Pres|Voice=Act|Person=2">postules</w>                <w xml:id="line.794#w.11" pos="PUNC" lemma="," msd="MORPH=empty">,</w>            </seg>            <seg xml:id="urn:cts:latinLit:phi0119.phi010.perseus-lat2:line.795">                <w xml:id="line.795#w.1" pos="CONsub" lemma="neue2" msd="MORPH=empty">neve</w>                <w xml:id="line.795#w.2" pos="PROind" lemma="quisquam" msd="Case=Acc|Numb=Sing">quemquam</w>                <w xml:id="line.795#w.3" pos="VER" lemma="accipio" msd="Numb=Sing|Mood=Sub|Tense=Pres|Voice=Act|Person=3">accipiat</w>                <w xml:id="line.795#w.4" pos="ADJqua" lemma="alienum" msd="Case=Acc|Numb=Sing|Deg=Pos">alienum</w>                <w xml:id="line.795#w.5" pos="PRE" lemma="apud" msd="MORPH=empty">apud</w>                <w xml:id="line.795#w.6" pos="PROref" lemma="sui1" msd="Case=Acc|Numb=Sing">se</w>                <w xml:id="line.795#w.7" pos="PUNC" lemma="." msd="MORPH=empty">.</w>                <w xml:id="line.795#w.8" pos="VER" lemma="seruio" msd="Numb=Sing|Mood=Sub|Tense=Impa|Voice=Act">serviren</w>                <w xml:id="line.795#w.9" pos="PROper" lemma="tu" msd="Case=Dat|Numb=Sing">tibi</w>            </seg>            <seg xml:id="urn:cts:latinLit:phi0119.phi010.perseus-lat2:line.796">                <w xml:id="line.796#w.1" pos="VER" lemma="postulo" msd="Numb=Sing|Mood=Ind|Tense=Pres|Voice=Act|Person=2">postulas</w>                <w xml:id="line.796#w.2" pos="NOM" lemma="uir" msd="Case=Acc|Numb=Plur">viros</w>                <w xml:id="line.796#w.3" pos="PUNC" lemma="?" msd="MORPH=empty">?</w>                <w xml:id="line.796#w.4" pos="VER" lemma="do" msd="Mood=Inf|Tense=Pres|Voice=Act">dare</w>                <w xml:id="line.796#w.5" pos="ADV" lemma="una" msd="MORPH=empty">una</w>                <w xml:id="line.796#w.6" pos="VER" lemma="apero" msd="Numb=Sing|Mood=Imp|Tense=Pres|Voice=Act|Person=2">Ã³pera</w>                <w xml:id="line.796#w.7" pos="NOM" lemma="pensum" msd="Case=Acc|Numb=Sing">pensum</w>                <w xml:id="line.796#w.8" pos="VER" lemma="postulo" msd="Numb=Sing|Mood=Sub|Tense=Pres|Voice=Act|Person=2">postules</w>                <w xml:id="line.796#w.9" pos="PUNC" lemma="," msd="MORPH=empty">,</w>            </seg>            <seg xml:id="urn:cts:latinLit:phi0119.phi010.perseus-lat2:line.797">                <w xml:id="line.797#w.1" pos="PRE" lemma="inter" msd="MORPH=empty">inter</w>                <w xml:id="line.797#w.2" pos="NOM" lemma="ancilla" msd="Case=Acc|Numb=Plur">ancillas</w>                <w xml:id="line.797#w.3" pos="VER" lemma="sedeo" msd="Mood=Inf|Tense=Pres|Voice=Act">sedere</w>                <w xml:id="line.797#w.4" pos="VER" lemma="iubeo" msd="Numb=Sing|Mood=Sub|Tense=Pres|Voice=Act|Person=2">iubeas</w>                <w xml:id="line.797#w.5" pos="PUNC" lemma="," msd="MORPH=empty">,</w>                <w xml:id="line.797#w.6" pos="NOM" lemma="lana" msd="Case=Acc|Numb=Sing">lanam</w>                <w xml:id="line.797#w.7" pos="VER" lemma="careo" msd="Mood=Inf|Tense=Pres|Voice=Act">carere</w>                <w xml:id="line.797#w.8" pos="PUNC" lemma="." msd="MORPH=empty">.</w>            </seg>            <seg xml:id="urn:cts:latinLit:phi0119.phi010.perseus-lat2:line.798">                <w xml:id="line.798#w.1" pos="ADVneg" lemma="non" msd="MORPH=empty">Non</w>                <w xml:id="line.798#w.2" pos="ADV" lemma="equidem" msd="Deg=Pos">equidem</w>                <w xml:id="line.798#w.3" pos="PROper" lemma="ego" msd="Case=Dat|Numb=Sing">mihi</w>                <w xml:id="line.798#w.4" pos="PROper" lemma="tu" msd="Case=Acc|Numb=Sing">te</w>                <w xml:id="line.798#w.5" pos="NOM" lemma="aduocatus" msd="Case=Acc|Numb=Sing">advocatum</w>                <w xml:id="line.798#w.6" pos="PUNC" lemma="," msd="MORPH=empty">,</w>                <w xml:id="line.798#w.7" pos="NOM" lemma="pater" msd="Case=Voc|Numb=Sing">pater</w>                <w xml:id="line.798#w.8" pos="PUNC" lemma="," msd="MORPH=empty">,</w>                <w xml:id="line.798#w.9" pos="VER" lemma="adduco" msd="Numb=Sing|Mood=Ind|Tense=Perf|Voice=Act|Person=1">adduxi</w>                <w xml:id="line.798#w.10" pos="PUNC" lemma="," msd="MORPH=empty">,</w>                <w xml:id="line.798#w.11" pos="CONcoo" lemma="sed" msd="MORPH=empty">sed</w>                <w xml:id="line.798#w.12" pos="NOM" lemma="uir" msd="Case=Abl|Numb=Sing">viro</w>                <w xml:id="line.798#w.13" pos="PUNC" lemma="." msd="MORPH=empty">.</w>            </seg>            <seg xml:id="urn:cts:latinLit:phi0119.phi010.perseus-lat2:line.799">                <w xml:id="line.799#w.1" pos="ADV" lemma="hinc" msd="Deg=Pos">hinc</w>                <w xml:id="line.799#w.2" pos="VER" lemma="sto" msd="Numb=Sing|Mood=Ind|Tense=Pres|Voice=Act|Person=2">stas</w>                <w xml:id="line.799#w.3" pos="PUNC" lemma="," msd="MORPH=empty">,</w>                <w xml:id="line.799#w.4" pos="ADV" lemma="illinc" msd="Deg=Pos">illim</w>                <w xml:id="line.799#w.5" pos="NOM" lemma="causa" msd="Case=Acc|Numb=Sing">causam</w>                <w xml:id="line.799#w.6" pos="VER" lemma="dico?" msd="Numb=Sing|Mood=Ind|Tense=Pres|Voice=Act|Person=2">dicis</w>                <w xml:id="line.799#w.7" pos="PUNC" lemma="." msd="MORPH=empty">.</w>            </seg>            <seg xml:id="urn:cts:latinLit:phi0119.phi010.perseus-lat2:line.799b">                <w xml:id="line.799b#w.1" pos="CONsub" lemma="si2" msd="MORPH=empty">Si</w>                <w xml:id="line.799b#w.2" pos="PROdem" lemma="ille" msd="Case=Nom|Numb=Sing">ille</w>                <w xml:id="line.799b#w.3" pos="PROint" lemma="quis1" msd="Case=Acc|Numb=Sing">quid</w>                <w xml:id="line.799b#w.4" pos="VER" lemma="delinquo" msd="Numb=Sing|Mood=Ind|Tense=FutAnt|Voice=Act|Person=3">deliquerit</w>                <w xml:id="line.799b#w.5" pos="PUNC" lemma="," msd="MORPH=empty">,</w>            </seg>            <seg xml:id="urn:cts:latinLit:phi0119.phi010.perseus-lat2:line.800">                <w xml:id="line.800#w.1" pos="ADV" lemma="multo2" msd="Deg=Pos">multo</w>                <w xml:id="line.800#w.2" pos="ADV" lemma="tanto" msd="Deg=Pos">tanto</w>                <w xml:id="line.800#w.3" pos="PROdem" lemma="ille" msd="Case=Acc|Numb=Sing">illum</w>                <w xml:id="line.800#w.4" pos="VER" lemma="accuso" msd="Numb=Sing|Mood=Ind|Tense=Fut|Voice=Act|Person=1">accusabo</w>                <w xml:id="line.800#w.5" pos="PUNC" lemma="," msd="MORPH=empty">,</w>                <w xml:id="line.800#w.6" pos="ADVrel" lemma="quam1" msd="MORPH=empty">quam</w>                <w xml:id="line.800#w.7" pos="PROper" lemma="tu" msd="Case=Acc|Numb=Sing">te</w>                <w xml:id="line.800#w.8" pos="VER" lemma="accuso" msd="Numb=Sing|Mood=Ind|Tense=Perf|Voice=Act|Person=1">accusavi</w>                <w xml:id="line.800#w.9" pos="PUNC" lemma="," msd="MORPH=empty">,</w>                <w xml:id="line.800#w.10" pos="ADV" lemma="ample" msd="Deg=Comp">amplius</w>                <w xml:id="line.800#w.11" pos="PUNC" lemma="." msd="MORPH=empty">.</w>            </seg>            <seg xml:id="urn:cts:latinLit:phi0119.phi010.perseus-lat2:line.801">                <w xml:id="line.801#w.1" pos="CONsub" lemma="quando3" msd="MORPH=empty">quando</w>                <w xml:id="line.801#w.2" pos="PROper" lemma="tu" msd="Case=Acc|Numb=Sing">te</w>                <w xml:id="line.801#w.3" pos="ADJqua" lemma="auratus" msd="Case=Acc|Numb=Sing|Deg=Pos">auratam</w>                <w xml:id="line.801#w.4" pos="CONcoo" lemma="et2" msd="MORPH=empty">et</w>                <w xml:id="line.801#w.5" pos="VER" lemma="uestio" msd="Case=Acc|Numb=Sing|Mood=Par|Tense=Perf|Voice=Pass">vestitam</w>                <w xml:id="line.801#w.6" pos="ADV" lemma="bene" msd="Deg=Pos">bene</w>                <w xml:id="line.801#w.7" pos="VER" lemma="habeo" msd="Numb=Sing|Mood=Ind|Tense=Pres|Voice=Act|Person=3">habet</w>                <w xml:id="line.801#w.8" pos="PUNC" lemma="," msd="MORPH=empty">,</w>                <w xml:id="line.801#w.9" pos="NOM" lemma="ancilla" msd="Case=Acc|Numb=Plur">ancillas</w>                <w xml:id="line.801#w.10" pos="NOM" lemma="penus" msd="Case=Acc|Numb=Sing">penum</w>            </seg>            <seg xml:id="urn:cts:latinLit:phi0119.phi010.perseus-lat2:line.802">                <w xml:id="line.802#w.1" pos="ADV" lemma="recte" msd="Deg=Pos">recte</w>                <w xml:id="line.802#w.2" pos="VER" lemma="praehibeo" msd="Numb=Sing|Mood=Ind|Tense=Pres|Voice=Act|Person=3">praehibet</w>                <w xml:id="line.802#w.3" pos="PUNC" lemma="," msd="MORPH=empty">,</w>                <w xml:id="line.802#w.4" pos="ADV" lemma="bonus" msd="Numb=Sing|Deg=Comp">melius</w>                <w xml:id="line.802#w.5" pos="ADJqua" lemma="sanus" msd="Case=Acc|Numb=Sing|Deg=Pos">sanam</w>                <w xml:id="line.802#w.6" pos="VER" lemma="sum1" msd="Numb=Sing|Mood=Ind|Tense=Pres|Voice=Act|Person=3">est</w>                <w xml:id="line.802#w.7" pos="PUNC" lemma="," msd="MORPH=empty">,</w>                <w xml:id="line.802#w.8" pos="NOM" lemma="mulier" msd="Case=Nom|Numb=Sing">mulier</w>                <w xml:id="line.802#w.9" pos="PUNC" lemma="," msd="MORPH=empty">,</w>                <w xml:id="line.802#w.10" pos="NOM" lemma="mens" msd="Case=Acc|Numb=Sing">mentem</w>                <w xml:id="line.802#w.11" pos="VER" lemma="sumo" msd="Mood=Inf|Tense=Pres|Voice=Act">sumere</w>                <w xml:id="line.802#w.12" pos="PUNC" lemma="." msd="MORPH=empty">.</w>            </seg>            <seg xml:id="urn:cts:latinLit:phi0119.phi010.perseus-lat2:line.803">                <w xml:id="line.803#w.1" pos="CONcoo" lemma="at2" msd="MORPH=empty">At</w>                <w xml:id="line.803#w.2" pos="PROdem" lemma="ille" msd="Case=Nom|Numb=Sing">ille</w>                <w xml:id="line.803#w.3" pos="VER" lemma="suppilo2" msd="Numb=Sing|Mood=Ind|Tense=Pres|Voice=Act|Person=3">suppilat</w>                <w xml:id="line.803#w.4" pos="PROper" lemma="ego" msd="Case=Dat|Numb=Sing">mihi</w>                <w xml:id="line.803#w.5" pos="NOM" lemma="aurum" msd="Case=Acc|Numb=Sing">aurum</w>                <w xml:id="line.803#w.6" pos="CONcoo" lemma="et2" msd="MORPH=empty">et</w>                <w xml:id="line.803#w.7" pos="NOM" lemma="pallaso" msd="Case=Acc|Numb=Sing">pallas</w>                <w xml:id="line.803#w.8" pos="PRE" lemma="ex" msd="MORPH=empty">ex</w>                <w xml:id="line.803#w.9" pos="NOM" lemma="arx" msd="Case=Abl|Numb=Sing">arcis</w>                <w xml:id="line.803#w.10" pos="NOM" lemma="domus" msd="Case=Abl|Numb=Sing">domo</w>                <w xml:id="line.803#w.11" pos="PUNC" lemma="," msd="MORPH=empty">,</w>            </seg>            <seg xml:id="urn:cts:latinLit:phi0119.phi010.perseus-lat2:line.804">                <w xml:id="line.804#w.1" pos="PROper" lemma="ego" msd="Case=Acc|Numb=Sing">me</w>                <w xml:id="line.804#w.2" pos="VER" lemma="despolio" msd="Numb=Sing|Mood=Sub|Tense=Pres|Voice=Act|Person=3">despoliat</w>                <w xml:id="line.804#w.3" pos="PUNC" lemma="," msd="MORPH=empty">,</w>                <w xml:id="line.804#w.4" pos="PROpos" lemma="meus" msd="Case=Acc|Numb=Sing">mea</w>                <w xml:id="line.804#w.5" pos="NOM" lemma="ornamentum" msd="Case=Acc|Numb=Plur">ornamenta</w>                <w xml:id="line.804#w.6" pos="ADV" lemma="clam1" msd="Deg=Pos">clam</w>                <w xml:id="line.804#w.7" pos="PRE" lemma="ad2" msd="MORPH=empty">ad</w>                <w xml:id="line.804#w.8" pos="NOM" lemma="meretrix" msd="Case=Acc|Numb=Plur">meretrices</w>                <w xml:id="line.804#w.9" pos="VER" lemma="dego" msd="Numb=Sing|Mood=Sub|Tense=Perf|Voice=Act|Person=3">degerit</w>                <w xml:id="line.804#w.10" pos="PUNC" lemma="." msd="MORPH=empty">.</w>            </seg>            <seg xml:id="urn:cts:latinLit:phi0119.phi010.perseus-lat2:line.805">                <w xml:id="line.805#w.1" pos="ADV" lemma="male" msd="Deg=Pos">Male</w>                <w xml:id="line.805#w.2" pos="VER" lemma="facio" msd="Numb=Sing|Mood=Ind|Tense=Pres|Voice=Act|Person=3">facit</w>                <w xml:id="line.805#w.3" pos="PUNC" lemma="," msd="MORPH=empty">,</w>                <w xml:id="line.805#w.4" pos="CONsub" lemma="si2" msd="MORPH=empty">si</w>                <w xml:id="line.805#w.5" pos="PROdem" lemma="istic1" msd="Case=Acc|Numb=Sing">istuc</w>                <w xml:id="line.805#w.6" pos="VER" lemma="facio" msd="Numb=Sing|Mood=Ind|Tense=Pres|Voice=Act|Person=3">facit</w>                <w xml:id="line.805#w.7" pos="PUNC" lemma=";" msd="MORPH=empty">;</w>                <w xml:id="line.805#w.8" pos="CONsub" lemma="si2" msd="MORPH=empty">si</w>                <w xml:id="line.805#w.9" pos="ADVneg" lemma="non" msd="MORPH=empty">non</w>                <w xml:id="line.805#w.10" pos="VER" lemma="facio" msd="Numb=Sing|Mood=Ind|Tense=Pres|Voice=Act|Person=3">facit</w>                <w xml:id="line.805#w.11" pos="PUNC" lemma="," msd="MORPH=empty">,</w>                <w xml:id="line.805#w.12" pos="PROper" lemma="tu" msd="Case=Nom|Numb=Sing">tu</w>                <w xml:id="line.805#w.13" pos="ADV" lemma="male" msd="Deg=Pos">male</w>                <w xml:id="line.805#w.14" pos="VER" lemma="facio" msd="Numb=Sing|Mood=Ind|Tense=Pres|Voice=Act|Person=2">facis</w>                <w xml:id="line.805#w.15" pos="PUNC" lemma="," msd="MORPH=empty">,</w>            </seg>            <seg xml:id="urn:cts:latinLit:phi0119.phi010.perseus-lat2:line.806">                <w xml:id="line.806#w.1" pos="PROrel" lemma="qui1" msd="Case=Nom|Numb=Sing">quae</w>                <w xml:id="line.806#w.2" pos="ADJqua" lemma="insons" msd="Case=Acc|Numb=Sing|Deg=Pos">insontem</w>                <w xml:id="line.806#w.3" pos="VER" lemma="insimulo" msd="Numb=Sing|Mood=Sub|Tense=Pres|Voice=Act|Person=2">insimules</w>                <w xml:id="line.806#w.4" pos="PUNC" lemma="." msd="MORPH=empty">.</w>            </seg>            <seg xml:id="urn:cts:latinLit:phi0119.phi010.perseus-lat2:line.806b">                <w xml:id="line.806b#w.1" pos="ADV" lemma="quin1" msd="Deg=Pos">Quin</w>                <w xml:id="line.806b#w.2" pos="ADV" lemma="etiam" msd="Deg=Pos">etiam</w>                <w xml:id="line.806b#w.3" pos="ADV" lemma="nunc" msd="Deg=Pos">nunc</w>                <w xml:id="line.806b#w.4" pos="VER" lemma="habeo" msd="Numb=Sing|Mood=Ind|Tense=Pres|Voice=Act|Person=3">habet</w>                <w xml:id="line.806b#w.5" pos="NOM" lemma="palla" msd="Case=Acc|Numb=Sing">pallam</w>                <w xml:id="line.806b#w.6" pos="PUNC" lemma="," msd="MORPH=empty">,</w>                <w xml:id="line.806b#w.7" pos="NOM" lemma="pater" msd="Case=Nom|Numb=Sing">pater</w>                <w xml:id="line.806b#w.8" pos="PUNC" lemma="," msd="MORPH=empty">,</w>            </seg>            <seg xml:id="urn:cts:latinLit:phi0119.phi010.perseus-lat2:line.807">                <w xml:id="line.807#w.1" pos="CONcoo" lemma="et2" msd="MORPH=empty">et</w>                <w xml:id="line.807#w.2" pos="ADV" lemma="spinter" msd="MORPH=empty">spinter</w>                <w xml:id="line.807#w.3" pos="PUNC" lemma="," msd="MORPH=empty">,</w>                <w xml:id="line.807#w.4" pos="PROrel" lemma="qui1" msd="Case=Acc|Numb=Sing">quod</w>                <w xml:id="line.807#w.5" pos="PRE" lemma="ad2" msd="MORPH=empty">ad</w>                <w xml:id="line.807#w.6" pos="PROdem" lemma="hic1" msd="Case=Acc|Numb=Sing">hanc</w>                <w xml:id="line.807#w.7" pos="VER" lemma="defero" msd="Numb=Sing|Mood=Ind|Tense=Pqp|Voice=Act|Person=3">detulerat</w>                <w xml:id="line.807#w.8" pos="PUNC" lemma="," msd="MORPH=empty">,</w>                <w xml:id="line.807#w.9" pos="ADV" lemma="nunc" msd="Deg=Pos">nunc</w>                <w xml:id="line.807#w.10" pos="PUNC" lemma="," msd="MORPH=empty">,</w>                <w xml:id="line.807#w.11" pos="CONsub" lemma="quia" msd="MORPH=empty">quia</w>                <w xml:id="line.807#w.12" pos="VER" lemma="rescio" msd="Numb=Sing|Mood=Ind|Tense=Perf|Voice=Act|Person=1">rescivi</w>                <w xml:id="line.807#w.13" pos="PUNC" lemma="," msd="MORPH=empty">,</w>                <w xml:id="line.807#w.14" pos="VER" lemma="refert" msd="Numb=Sing|Mood=Ind|Tense=Pres|Voice=Act|Person=3">refert</w>                <w xml:id="line.807#w.15" pos="PUNC" lemma="." msd="MORPH=empty">.</w>            </seg>            <seg xml:id="urn:cts:latinLit:phi0119.phi010.perseus-lat2:line.808">                <w xml:id="line.808#w.1" pos="ADV" lemma="is" msd="MORPH=empty">IÃ¡m</w>                <w xml:id="line.808#w.2" pos="PROper" lemma="ego" msd="Case=Nom|Numb=Sing">ego</w>                <w xml:id="line.808#w.3" pos="PRE" lemma="ex" msd="MORPH=empty">ex</w>                <w xml:id="line.808#w.4" pos="PROdem" lemma="hic1" msd="Case=Abl|Numb=Sing">hoc</w>                <w xml:id="line.808#w.5" pos="PUNC" lemma="," msd="MORPH=empty">,</w>                <w xml:id="line.808#w.6" pos="ADVrel" lemma="ut1" msd="MORPH=empty">ut</w>                <w xml:id="line.808#w.7" pos="VER" lemma="facio" msd="Numb=Sing|Mood=Par|Tense=Perf|Voice=Pass">factumst</w>                <w xml:id="line.808#w.8" pos="PUNC" lemma="," msd="MORPH=empty">,</w>                <w xml:id="line.808#w.9" pos="VER" lemma="scio" msd="Numb=Sing|Mood=Ind|Tense=Fut|Voice=Act|Person=1">scibo</w>                <w xml:id="line.808#w.10" pos="PUNC" lemma="." msd="MORPH=empty">.</w>                <w xml:id="line.808#w.11" pos="VER" lemma="ebo" msd="Numb=Sing|Mood=Ind|Tense=Fut|Voice=Act|Person=1">Ã­bo</w>                <w xml:id="line.808#w.12" pos="PRE" lemma="ad2" msd="MORPH=empty">ad</w>                <w xml:id="line.808#w.13" pos="NOM" lemma="homo" msd="Case=Acc|Numb=Sing">hominem</w>                <w xml:id="line.808#w.14" pos="CONcoo" lemma="atque1" msd="MORPH=empty">atque</w>                <w xml:id="line.808#w.15" pos="VER" lemma="alloquor" msd="Numb=Sing|Mood=Ind|Tense=Fut|Voice=Dep|Person=1">adloquar</w>                <w xml:id="line.808#w.16" pos="PUNC" lemma="." msd="MORPH=empty">.</w>            </seg>            <seg xml:id="urn:cts:latinLit:phi0119.phi010.perseus-lat2:line.809">                <w xml:id="line.809#w.1" pos="VER" lemma="dico?" msd="Numb=Sing|Mood=Imp|Tense=Pres|Voice=Act|Person=2">dic</w>                <w xml:id="line.809#w.2" pos="PROpos" lemma="ego" msd="Case=Voc|Numb=Sing">mi</w>                <w xml:id="line.809#w.3" pos="PROdem" lemma="istic1" msd="Case=Voc|Numb=Sing">istuc</w>                <w xml:id="line.809#w.4" pos="PUNC" lemma="," msd="MORPH=empty">,</w>                <w xml:id="line.809#w.5" pos="NOM" lemma="menaechis" msd="Case=Voc|Numb=Sing">Menaechme</w>                <w xml:id="line.809#w.6" pos="PUNC" lemma="," msd="MORPH=empty">,</w>                <w xml:id="line.809#w.7" pos="PROrel" lemma="qui1" msd="Case=Acc|Numb=Sing">quod</w>                <w xml:id="line.809#w.8" pos="PROper" lemma="uos" msd="Case=Nom|Numb=Plur">vos</w>                <w xml:id="line.809#w.9" pos="VER" lemma="disserto" msd="Numb=Plur|Mood=Ind|Tense=Pres|Voice=Act|Person=2">dissertatis</w>                <w xml:id="line.809#w.10" pos="PUNC" lemma="," msd="MORPH=empty">,</w>                <w xml:id="line.809#w.11" pos="CONsub" lemma="ut4" msd="MORPH=empty">ut</w>                <w xml:id="line.809#w.12" pos="VER" lemma="scio" msd="Numb=Sing|Mood=Sub|Tense=Pres|Voice=Act|Person=1">sciam</w>                <w xml:id="line.809#w.13" pos="PUNC" lemma="." msd="MORPH=empty">.</w>            </seg>            <seg xml:id="urn:cts:latinLit:phi0119.phi010.perseus-lat2:line.810">                <w xml:id="line.810#w.1" pos="PROint" lemma="quis1" msd="Case=Acc|Numb=Sing">quid</w>                <w xml:id="line.810#w.2" pos="PROper" lemma="tu" msd="Case=Nom|Numb=Sing">tu</w>                <w xml:id="line.810#w.3" pos="ADJqua" lemma="tristis" msd="Case=Nom|Numb=Sing|Deg=Pos">tristis</w>                <w xml:id="line.810#w.4" pos="VER" lemma="sum1" msd="Numb=Sing|Mood=Ind|Tense=Pres|Voice=Act|Person=2">es</w>                <w xml:id="line.810#w.5" pos="PUNC" lemma="?" msd="MORPH=empty">?</w>                <w xml:id="line.810#w.6" pos="PROint" lemma="quis1" msd="Case=Acc|Numb=Sing">quid</w>                <w xml:id="line.810#w.7" pos="PROdem" lemma="ille" msd="Case=Nom|Numb=Sing">illa</w>                <w xml:id="line.810#w.8" pos="CONcoo" lemma="autem" msd="MORPH=empty">autem</w>                <w xml:id="line.810#w.9" pos="ADJqua" lemma="iratus" msd="Case=Nom|Numb=Sing|Deg=Pos">irata</w>                <w xml:id="line.810#w.10" pos="PRE" lemma="ab" msd="MORPH=empty">abs</w>                <w xml:id="line.810#w.11" pos="PROper" lemma="tu" msd="Case=Abl|Numb=Sing">te</w>                <w xml:id="line.810#w.12" pos="VER" lemma="desisto" msd="Numb=Sing|Mood=Ind|Tense=Perf|Voice=Act|Person=3">destitit</w>                <w xml:id="line.810#w.13" pos="PUNC" lemma="?" msd="MORPH=empty">?</w>            </seg>            <seg xml:id="urn:cts:latinLit:phi0119.phi010.perseus-lat2:line.811">                <w xml:id="line.811#w.1" pos="PROrel" lemma="quisquis1" msd="Case=Nom|Numb=Sing">Quisquis</w>                <w xml:id="line.811#w.2" pos="VER" lemma="sum1" msd="Numb=Sing|Mood=Ind|Tense=Pres|Voice=Act|Person=2">es</w>                <w xml:id="line.811#w.3" pos="PUNC" lemma="," msd="MORPH=empty">,</w>                <w xml:id="line.811#w.4" pos="PROrel" lemma="quisquis1" msd="Case=Nom|Numb=Sing">quidquid</w>                <w xml:id="line.811#w.5" pos="PROper" lemma="tu" msd="Case=Dat|Numb=Sing">tibi</w>                <w xml:id="line.811#w.6" pos="NOM" lemma="nomen" msd="Case=Nom|Numb=Sing">nomen</w>                <w xml:id="line.811#w.7" pos="VER" lemma="sum1" msd="Numb=Sing|Mood=Ind|Tense=Pres|Voice=Act|Person=3">est</w>                <w xml:id="line.811#w.8" pos="PUNC" lemma="," msd="MORPH=empty">,</w>                <w xml:id="line.811#w.9" pos="NOM" lemma="senex?" msd="Case=Nom|Numb=Sing">senex</w>                <w xml:id="line.811#w.10" pos="PUNC" lemma="," msd="MORPH=empty">,</w>                <w xml:id="line.811#w.11" pos="ADJqua" lemma="superus" msd="Case=Acc|Numb=Sing|Deg=Sup">summum</w>                <w xml:id="line.811#w.12" pos="NOM" lemma="iuuo" msd="Case=Acc|Numb=Sing|Person=1">Iovem</w>            </seg>            <seg xml:id="urn:cts:latinLit:phi0119.phi010.perseus-lat2:line.812">                <w xml:id="line.812#w.1" pos="NOM" lemma="deus" msd="Case=Acc|Numb=Plur">deosque</w>                <w xml:id="line.812#w.2" pos="CON" lemma="que" msd="MORPH=empty">deosque</w>                <w xml:id="line.812#w.3" pos="VER" lemma="do" msd="Numb=Sing|Mood=Ind|Tense=Pres|Voice=Act|Person=1">do</w>                <w xml:id="line.812#w.4" pos="NOM" lemma="testis?" msd="Case=Nom|Numb=Plur">testes</w>                <w xml:id="line.812#w.5" pos="PUNC" lemma="â" msd="MORPH=empty">â</w>            </seg>            <seg xml:id="urn:cts:latinLit:phi0119.phi010.perseus-lat2:line.812b">                <w xml:id="line.812b#w.1" pos="PROint" lemma="quis1" msd="Case=Abl|Numb=Sing">Qua</w>                <w xml:id="line.812b#w.2" pos="PRE" lemma="de" msd="MORPH=empty">de</w>                <w xml:id="line.812b#w.3" pos="NOM" lemma="res" msd="Case=Abl|Numb=Sing">re</w>                <w xml:id="line.812b#w.4" pos="CONcoo" lemma="aut" msd="MORPH=empty">aut</w>                <w xml:id="line.812b#w.5" pos="PROrel" lemma="qui1" msd="Case=Gen|Numb=Sing">cuius</w>                <w xml:id="line.812b#w.6" pos="NOM" lemma="res" msd="Case=Gen|Numb=Sing">rei</w>                <w xml:id="line.812b#w.7" pos="NOM" lemma="res" msd="Case=Gen|Numb=Plur">rerum</w>                <w xml:id="line.812b#w.8" pos="PROind" lemma="omnis" msd="Case=Gen|Numb=Plur">omnium</w>                <w xml:id="line.812b#w.9" pos="PUNC" lemma="?" msd="MORPH=empty">?</w>            </seg>            <seg xml:id="urn:cts:latinLit:phi0119.phi010.perseus-lat2:line.813">                <w xml:id="line.813#w.1" pos="PROper" lemma="ego" msd="Case=Acc|Numb=Sing">Me</w>                <w xml:id="line.813#w.2" pos="CONcoo" lemma="neque" msd="MORPH=empty">neque</w>                <w xml:id="line.813#w.3" pos="PROdem" lemma="iste" msd="Case=Dat|Numb=Sing">isti</w>                <w xml:id="line.813#w.4" pos="ADV" lemma="male" msd="Deg=Pos">male</w>                <w xml:id="line.813#w.5" pos="VER" lemma="facio" msd="Mood=Inf|Tense=Perf|Voice=Act">fecisse</w>                <w xml:id="line.813#w.6" pos="NOM" lemma="mulier" msd="Case=Dat|Numb=Sing">mulieri</w>                <w xml:id="line.813#w.7" pos="PUNC" lemma="," msd="MORPH=empty">,</w>                <w xml:id="line.813#w.8" pos="PROrel" lemma="qui1" msd="Case=Acc|Numb=Sing">quae</w>                <w xml:id="line.813#w.9" pos="PROper" lemma="ego" msd="Case=Acc|Numb=Sing">me</w>                <w xml:id="line.813#w.10" pos="VER" lemma="arguo" msd="Numb=Sing|Mood=Ind|Tense=Pres|Voice=Act|Person=3">arguit</w>            </seg>            <seg xml:id="urn:cts:latinLit:phi0119.phi010.perseus-lat2:line.814">                <w xml:id="line.814#w.1" pos="PROdem" lemma="hic1" msd="Case=Acc|Numb=Sing">hanc</w>                <w xml:id="line.814#w.2" pos="NOM" lemma="domus" msd="Case=Abl|Numb=Sing">domo</w>                <w xml:id="line.814#w.3" pos="PRE" lemma="ab" msd="MORPH=empty">ab</w>                <w xml:id="line.814#w.4" pos="PROref" lemma="sui1" msd="Case=Abl|Numb=Sing">se</w>                <w xml:id="line.814#w.5" pos="VER" lemma="surripio" msd="Mood=Inf|Tense=Perf|Voice=Act">surrupuisse</w>                <w xml:id="line.814#w.6" pos="CONcoo" lemma="atque1" msd="MORPH=empty">atque</w>                <w xml:id="line.814#w.7" pos="VER" lemma="aufero" msd="Mood=Inf|Tense=Perf|Voice=Act">abstulisse</w>                <w xml:id="line.814#w.8" pos="VER" lemma="deeo" msd="Numb=Sing|Mood=Ind|Tense=Pqp|Voice=Act|Person=3">deierat</w>                <w xml:id="line.814#w.9" pos="PUNC" lemma="." msd="MORPH=empty">.</w>            </seg>            <seg xml:id="urn:cts:latinLit:phi0119.phi010.perseus-lat2:line.815">                <w xml:id="line.815#w.1" pos="CONsub" lemma="si2" msd="MORPH=empty">sÃ­</w>                <w xml:id="line.815#w.2" pos="PROper" lemma="ego" msd="Case=Nom|Numb=Sing">ego</w>                <w xml:id="line.815#w.3" pos="PRE" lemma="intra2" msd="MORPH=empty">intra</w>                <w xml:id="line.815#w.4" pos="NOM" lemma="aedes" msd="Case=Acc|Numb=Plur">aedis</w>                <w xml:id="line.815#w.5" pos="PROdem" lemma="hic1" msd="Case=Gen|Numb=Sing">huius</w>                <w xml:id="line.815#w.6" pos="ADV" lemma="umquam" msd="Deg=Pos">umquam</w>                <w xml:id="line.815#w.7" pos="PUNC" lemma="," msd="MORPH=empty">,</w>                <w xml:id="line.815#w.8" pos="CONsub" lemma="ubi3" msd="MORPH=empty">ubi</w>                <w xml:id="line.815#w.9" pos="VER" lemma="habito" msd="Numb=Sing|Mood=Ind|Tense=Pres|Voice=Act|Person=3">habitat</w>                <w xml:id="line.815#w.10" pos="PUNC" lemma="," msd="MORPH=empty">,</w>                <w xml:id="line.815#w.11" pos="VER" lemma="penetro" msd="Numb=Sing|Mood=Ind|Tense=Perf|Voice=Act|Person=1">penetravi</w>                <w xml:id="line.815#w.12" pos="NOM" lemma="pes" msd="Case=Acc|Numb=Sing">pedem</w>                <w xml:id="line.815#w.13" pos="PUNC" lemma="," msd="MORPH=empty">,</w>            </seg>            <seg xml:id="urn:cts:latinLit:phi0119.phi010.perseus-lat2:line.817">                <w xml:id="line.817#w.1" pos="PROind" lemma="omnis" msd="Case=Gen|Numb=Plur">omnium</w>                <w xml:id="line.817#w.2" pos="NOM" lemma="homo" msd="Case=Gen|Numb=Plur">hominum</w>                <w xml:id="line.817#w.3" pos="VER" lemma="exopto" msd="Numb=Sing|Mood=Ind|Tense=Pres|Voice=Act|Person=1">exopto</w>                <w xml:id="line.817#w.4" pos="CONsub" lemma="ut4" msd="MORPH=empty">ut</w>                <w xml:id="line.817#w.5" pos="VER" lemma="fio" msd="Numb=Sing|Mood=Sub|Tense=Pres|Voice=Act|Person=1">fiam</w>                <w xml:id="line.817#w.6" pos="ADJqua" lemma="miser" msd="Case=Gen|Numb=Plur|Deg=Pos">miserorum</w>                <w xml:id="line.817#w.7" pos="ADJqua" lemma="miser" msd="Case=Nom|Numb=Sing|Deg=Sup">miserrimus</w>                <w xml:id="line.817#w.8" pos="PUNC" lemma="." msd="MORPH=empty">.</w>            </seg>            <seg xml:id="urn:cts:latinLit:phi0119.phi010.perseus-lat2:line.818">                <w xml:id="line.818#w.1" pos="ADJqua" lemma="sanus" msd="Case=Nom|Numb=Sing|Deg=Pos">Sanun</w>                <w xml:id="line.818#w.2" pos="ADV" lemma="ne2" msd="MORPH=empty">Sanun</w>                <w xml:id="line.818#w.3" pos="VER" lemma="sum1" msd="Numb=Sing|Mood=Ind|Tense=Pres|Voice=Act|Person=2">es</w>                <w xml:id="line.818#w.4" pos="PUNC" lemma="," msd="MORPH=empty">,</w>                <w xml:id="line.818#w.5" pos="PROrel" lemma="qui1" msd="Case=Nom|Numb=Sing">qui</w>                <w xml:id="line.818#w.6" pos="PROdem" lemma="istic1" msd="Case=Acc|Numb=Sing">istuc</w>                <w xml:id="line.818#w.7" pos="VER" lemma="exopto" msd="Numb=Sing|Mood=Sub|Tense=Pres|Voice=Act|Person=2">exoptes</w>                <w xml:id="line.818#w.8" pos="CONcoo" lemma="aut" msd="MORPH=empty">aut</w>                <w xml:id="line.818#w.9" pos="VER" lemma="nego" msd="Numb=Sing|Mood=Sub|Tense=Pres|Voice=Act|Person=2">neges</w>                <w xml:id="line.818#w.10" pos="PROper" lemma="tu" msd="Case=Acc|Numb=Sing">te</w>                <w xml:id="line.818#w.11" pos="ADV" lemma="umquam" msd="Deg=Pos">umquam</w>                <w xml:id="line.818#w.12" pos="NOM" lemma="pes" msd="Case=Acc|Numb=Sing">pedem</w>            </seg>            <seg xml:id="urn:cts:latinLit:phi0119.phi010.perseus-lat2:line.819">                <w xml:id="line.819#w.1" pos="PRE" lemma="in" msd="MORPH=empty">in</w>                <w xml:id="line.819#w.2" pos="PROdem" lemma="is" msd="Case=Acc|Numb=Plur">eas</w>                <w xml:id="line.819#w.3" pos="NOM" lemma="aedes" msd="Case=Acc|Numb=Plur">aedis</w>                <w xml:id="line.819#w.4" pos="VER" lemma="infero" msd="Mood=Inf|Tense=Perf|Voice=Act">intulisse</w>                <w xml:id="line.819#w.5" pos="CONsub" lemma="ubi3" msd="MORPH=empty">ubi</w>                <w xml:id="line.819#w.6" pos="VER" lemma="habito" msd="Numb=Sing|Mood=Ind|Tense=Pres|Voice=Act|Person=2">habitas</w>                <w xml:id="line.819#w.7" pos="PUNC" lemma="," msd="MORPH=empty">,</w>                <w xml:id="line.819#w.8" pos="ADV" lemma="insane" msd="Deg=Sup">insanissime</w>                <w xml:id="line.819#w.9" pos="PUNC" lemma="?" msd="MORPH=empty">?</w>            </seg>            <seg xml:id="urn:cts:latinLit:phi0119.phi010.perseus-lat2:line.820">                <w xml:id="line.820#w.1" pos="PROper" lemma="tu" msd="Case=Nom|Numb=Sing">Tun</w>                <w xml:id="line.820#w.2" pos="ADV" lemma="ne2" msd="MORPH=empty">Tun</w>                <w xml:id="line.820#w.3" pos="PUNC" lemma="," msd="MORPH=empty">,</w>                <w xml:id="line.820#w.4" pos="NOM" lemma="senex?" msd="Case=Voc|Numb=Sing">senex</w>                <w xml:id="line.820#w.5" pos="PUNC" lemma="," msd="MORPH=empty">,</w>                <w xml:id="line.820#w.6" pos="VER" lemma="aio" msd="Numb=Sing|Mood=Ind|Tense=Pres|Voice=Act|Person=2">ais</w>                <w xml:id="line.820#w.7" pos="VER" lemma="habito" msd="Mood=Inf|Tense=Pres|Voice=Act">habitare</w>                <w xml:id="line.820#w.8" pos="PROper" lemma="ego" msd="Case=Acc|Numb=Sing">med</w>                <w xml:id="line.820#w.9" pos="PRE" lemma="in" msd="MORPH=empty">in</w>                <w xml:id="line.820#w.10" pos="PROdem" lemma="illic1" msd="Case=Abl|Numb=Plur">illisce</w>                <w xml:id="line.820#w.11" pos="NOM" lemma="aedes" msd="Case=Abl|Numb=Plur">aedibus</w>                <w xml:id="line.820#w.12" pos="PUNC" lemma="?" msd="MORPH=empty">?</w>            </seg>            <seg xml:id="urn:cts:latinLit:phi0119.phi010.perseus-lat2:line.821">                <w xml:id="line.821#w.1" pos="PROper" lemma="tu" msd="Case=Nom|Numb=Sing">Tun</w>                <w xml:id="line.821#w.2" pos="ADV" lemma="ne2" msd="MORPH=empty">Tun</w>                <w xml:id="line.821#w.3" pos="VER" lemma="nego" msd="Numb=Sing|Mood=Ind|Tense=Pres|Voice=Act|Person=2">negas</w>                <w xml:id="line.821#w.4" pos="PUNC" lemma="?" msd="MORPH=empty">?</w>            </seg>            <seg xml:id="urn:cts:latinLit:phi0119.phi010.perseus-lat2:line.821b">                <w xml:id="line.821b#w.1" pos="VER" lemma="nego" msd="Numb=Sing|Mood=Ind|Tense=Pres|Voice=Act|Person=1">Nego</w>                <w xml:id="line.821b#w.2" pos="INJ" lemma="hercules" msd="MORPH=empty">hercle</w>                <w xml:id="line.821b#w.3" pos="ADV" lemma="uero3" msd="Deg=Pos">vero</w>                <w xml:id="line.821b#w.4" pos="PUNC" lemma="." msd="MORPH=empty">.</w>            </seg>            <seg xml:id="urn:cts:latinLit:phi0119.phi010.perseus-lat2:line.821c">                <w xml:id="line.821c#w.1" pos="ADV" lemma="immo" msd="Deg=Pos">Immo</w>                <w xml:id="line.821c#w.2" pos="INJ" lemma="hercules" msd="MORPH=empty">hercle</w>                <w xml:id="line.821c#w.3" pos="PUNC" lemma="â " msd="MORPH=empty">â </w>                <w xml:id="line.821c#w.4" pos="VER" lemma="ludo" msd="Mood=Inf|Tense=Pres|Voice=Act">ludere</w>                <w xml:id="line.821c#w.5" pos="VER" lemma="nego" msd="Numb=Sing|Mood=Ind|Tense=Pres|Voice=Act|Person=2">negas</w>                <w xml:id="line.821c#w.6" pos="PUNC" lemma=";" msd="MORPH=empty">;</w>            </seg>            <seg xml:id="urn:cts:latinLit:phi0119.phi010.perseus-lat2:line.822">                <w xml:id="line.822#w.1" pos="CONsub" lemma="nisi" msd="MORPH=empty">nisi</w>                <w xml:id="line.822#w.2" pos="PROrel" lemma="quis?" msd="Case=Abl|Numb=Sing">quo</w>                <w xml:id="line.822#w.3" pos="NOM" lemma="nox" msd="Case=Abl|Numb=Sing">nocte</w>                <w xml:id="line.822#w.4" pos="ADV" lemma="hac" msd="Case=Abl|Numb=Sing">hac</w>                <w xml:id="line.822#w.5" pos="VER" lemma="exmigro" msd="Numb=Plur|Mood=Ind|Tense=Perf|Voice=Act|Person=2">exmigrastis</w>                <w xml:id="line.822#w.6" pos="PUNC" lemma="." msd="MORPH=empty">.</w>                <w xml:id="line.822#w.7" pos="VER" lemma="concedo1" msd="Numb=Sing|Mood=Imp|Tense=Pres|Voice=Act|Person=2">concede</w>                <w xml:id="line.822#w.8" pos="ADV" lemma="huc" msd="Deg=Pos">huc</w>                <w xml:id="line.822#w.9" pos="PUNC" lemma="," msd="MORPH=empty">,</w>                <w xml:id="line.822#w.10" pos="PROpos" lemma="meus" msd="Case=Abl|Numb=Sing">mea</w>                <w xml:id="line.822#w.11" pos="NOM" lemma="filia" msd="Case=Voc|Numb=Sing">filia</w>                <w xml:id="line.822#w.12" pos="PUNC" lemma="." msd="MORPH=empty">.</w>            </seg>            <seg xml:id="urn:cts:latinLit:phi0119.phi010.perseus-lat2:line.823">                <w xml:id="line.823#w.1" pos="PROint" lemma="quis1" msd="Case=Acc|Numb=Sing">quid</w>                <w xml:id="line.823#w.2" pos="PROper" lemma="tu" msd="Case=Nom|Numb=Sing">tu</w>                <w xml:id="line.823#w.3" pos="VER" lemma="aio" msd="Numb=Sing|Mood=Ind|Tense=Pres|Voice=Act|Person=2">ais</w>                <w xml:id="line.823#w.4" pos="PUNC" lemma="?" msd="MORPH=empty">?</w>                <w xml:id="line.823#w.5" pos="ADVint" lemma="num" msd="MORPH=empty">num</w>                <w xml:id="line.823#w.6" pos="ADV" lemma="hinc" msd="Deg=Pos">hinc</w>                <w xml:id="line.823#w.7" pos="VER" lemma="exmigro" msd="Numb=Plur|Mood=Ind|Tense=Perf|Voice=Act|Person=2">exmigrastis</w>                <w xml:id="line.823#w.8" pos="PUNC" lemma="?" msd="MORPH=empty">?</w>            </seg>            <seg xml:id="urn:cts:latinLit:phi0119.phi010.perseus-lat2:line.823b">                <w xml:id="line.823b#w.1" pos="PROint" lemma="quis1" msd="Case=Acc|Numb=Sing">Quem</w>                <w xml:id="line.823b#w.2" pos="PRE" lemma="in" msd="MORPH=empty">in</w>                <w xml:id="line.823b#w.3" pos="NOM" lemma="locus" msd="Case=Acc|Numb=Sing">locum</w>                <w xml:id="line.823b#w.4" pos="CONcoo" lemma="aut" msd="MORPH=empty">aut</w>                <w xml:id="line.823b#w.5" pos="PROint" lemma="quis1" msd="Case=Acc|Numb=Sing">quam</w>                <w xml:id="line.823b#w.6" pos="PRE" lemma="ob" msd="MORPH=empty">ob</w>                <w xml:id="line.823b#w.7" pos="NOM" lemma="res" msd="Case=Acc|Numb=Sing">rem</w>                <w xml:id="line.823b#w.8" pos="PUNC" lemma="," msd="MORPH=empty">,</w>                <w xml:id="line.823b#w.9" pos="VER" lemma="obsecro" msd="Numb=Sing|Mood=Ind|Tense=Pres|Voice=Act|Person=1">obsecro</w>                <w xml:id="line.823b#w.10" pos="PUNC" lemma="?" msd="MORPH=empty">?</w>            </seg>            <seg xml:id="urn:cts:latinLit:phi0119.phi010.perseus-lat2:line.824">                <w xml:id="line.824#w.1" pos="ADVneg" lemma="non" msd="MORPH=empty">Non</w>                <w xml:id="line.824#w.2" pos="INJ" lemma="edepol" msd="MORPH=empty">edepol</w>                <w xml:id="line.824#w.3" pos="VER" lemma="scio" msd="Numb=Sing|Mood=Ind|Tense=Pres|Voice=Act|Person=1">scio</w>                <w xml:id="line.824#w.4" pos="PUNC" lemma="." msd="MORPH=empty">.</w>            </seg>            <seg xml:id="urn:cts:latinLit:phi0119.phi010.perseus-lat2:line.824b">                <w xml:id="line.824b#w.1" pos="ADV" lemma="profecto" msd="Deg=Pos">Profecto</w>                <w xml:id="line.824b#w.2" pos="VER" lemma="ludo" msd="Numb=Sing|Mood=Ind|Tense=Pres|Voice=Act|Person=3">ludit</w>                <w xml:id="line.824b#w.3" pos="PROper" lemma="tu" msd="Case=Acc|Numb=Sing">te</w>                <w xml:id="line.824b#w.4" pos="ADV" lemma="hic2" msd="Case=Nom|Numb=Sing|Deg=Pos">hic</w>                <w xml:id="line.824b#w.5" pos="PUNC" lemma="." msd="MORPH=empty">.</w>                <w xml:id="line.824b#w.6" pos="ADVneg" lemma="non" msd="MORPH=empty">non</w>                <w xml:id="line.824b#w.7" pos="PROper" lemma="tu" msd="Case=Nom|Numb=Sing">tu</w>                <w xml:id="line.824b#w.8" pos="VER" lemma="teneo" msd="Numb=Sing|Mood=Ind|Tense=Pres|Voice=Act|Person=2">tenes</w>                <w xml:id="line.824b#w.9" pos="PUNC" lemma="?" msd="MORPH=empty">?</w>            </seg>            <seg xml:id="urn:cts:latinLit:phi0119.phi010.perseus-lat2:line.825">                <w xml:id="line.825#w.1" pos="ADV" lemma="iam" msd="Deg=Pos">Iam</w>                <w xml:id="line.825#w.2" pos="CONcoo" lemma="uero4" msd="MORPH=empty">vero</w>                <w xml:id="line.825#w.3" pos="PUNC" lemma="," msd="MORPH=empty">,</w>                <w xml:id="line.825#w.4" pos="NOM" lemma="menaechis" msd="Case=Nom|Numb=Sing">Menaechme</w>                <w xml:id="line.825#w.5" pos="PUNC" lemma="," msd="MORPH=empty">,</w>                <w xml:id="line.825#w.6" pos="ADV" lemma="satis2" msd="Deg=Pos">satis</w>                <w xml:id="line.825#w.7" pos="PUNC" lemma="." msd="MORPH=empty">.</w>                <w xml:id="line.825#w.8" pos="ADV" lemma="nunc" msd="Deg=Pos">nunc</w>                <w xml:id="line.825#w.9" pos="PROdem" lemma="hic1" msd="Case=Acc|Numb=Sing">hanc</w>                <w xml:id="line.825#w.10" pos="NOM" lemma="res" msd="Case=Acc|Numb=Sing">rem</w>                <w xml:id="line.825#w.11" pos="VER" lemma="gero" msd="Numb=Sing|Mood=Imp|Tense=Pres|Voice=Act|Person=2">gere</w>                <w xml:id="line.825#w.12" pos="PUNC" lemma="." msd="MORPH=empty">.</w>            </seg>            <seg xml:id="urn:cts:latinLit:phi0119.phi010.perseus-lat2:line.826">                <w xml:id="line.826#w.1" pos="VER" lemma="quaeso" msd="Numb=Sing|Mood=Ind|Tense=Pres|Voice=Act|Person=1">Quaeso</w>                <w xml:id="line.826#w.2" pos="PUNC" lemma="," msd="MORPH=empty">,</w>                <w xml:id="line.826#w.3" pos="PROint" lemma="quis1" msd="Case=Nom|Numb=Sing">quid</w>                <w xml:id="line.826#w.4" pos="PROper" lemma="ego" msd="Case=Dat|Numb=Sing">mihi</w>                <w xml:id="line.826#w.5" pos="PROper" lemma="tu" msd="Case=Abl|Numb=Sing">tecum</w>                <w xml:id="line.826#w.6" pos="CON" lemma="cum3" msd="MORPH=empty">tecum</w>                <w xml:id="line.826#w.7" pos="VER" lemma="sum1" msd="Numb=Sing|Mood=Ind|Tense=Pres|Voice=Act|Person=3">est</w>                <w xml:id="line.826#w.8" pos="PUNC" lemma="?" msd="MORPH=empty">?</w>                <w xml:id="line.826#w.9" pos="ADVint" lemma="unde2" msd="MORPH=empty">unde</w>                <w xml:id="line.826#w.10" pos="CONcoo" lemma="aut" msd="MORPH=empty">aut</w>                <w xml:id="line.826#w.11" pos="PROint" lemma="quis1" msd="Case=Nom|Numb=Sing">quis</w>                <w xml:id="line.826#w.12" pos="PROper" lemma="tu" msd="Case=Nom|Numb=Sing">tu</w>                <w xml:id="line.826#w.13" pos="NOM" lemma="homo" msd="Case=Nom|Numb=Sing">homo</w>                <w xml:id="line.826#w.14" pos="VER" lemma="sum1" msd="Numb=Sing|Mood=Ind|Tense=Pres|Voice=Act|Person=2">es</w>                <w xml:id="line.826#w.15" pos="PUNC" lemma="?" msd="MORPH=empty">?</w>            </seg>            <seg xml:id="urn:cts:latinLit:phi0119.phi010.perseus-lat2:line.827">                <w xml:id="line.827#w.1" pos="PUNC" lemma="â " msd="MORPH=empty">â </w>                <w xml:id="line.827#w.2" pos="PROper" lemma="tu" msd="Case=Dat|Numb=Sing">tibi</w>                <w xml:id="line.827#w.3" pos="CONcoo" lemma="aut" msd="MORPH=empty">aut</w>                <w xml:id="line.827#w.4" pos="ADV" lemma="adeo2" msd="Deg=Pos">adeo</w>                <w xml:id="line.827#w.5" pos="PROdem" lemma="iste" msd="Case=Dat|Numb=Sing">isti</w>                <w xml:id="line.827#w.6" pos="PUNC" lemma="," msd="MORPH=empty">,</w>                <w xml:id="line.827#w.7" pos="PROrel" lemma="qui1" msd="Case=Nom|Numb=Sing">quae</w>                <w xml:id="line.827#w.8" pos="PROper" lemma="ego" msd="Case=Dat|Numb=Sing">mihi</w>                <w xml:id="line.827#w.9" pos="ADJqua" lemma="molestus" msd="Case=Nom|Numb=Sing|Deg=Pos">molesta</w>                <w xml:id="line.827#w.10" pos="VER" lemma="sum1" msd="Numb=Sing|Mood=Ind|Tense=Pres|Voice=Act|Person=3">est</w>                <w xml:id="line.827#w.11" pos="PROint" lemma="quisquis?" msd="Numb=Sing">quoquo</w>                <w xml:id="line.827#w.12" pos="NOM" lemma="modus" msd="Case=Abl|Numb=Sing">modo</w>                <w xml:id="line.827#w.13" pos="PUNC" lemma="?" msd="MORPH=empty">?</w>            </seg>            <seg xml:id="urn:cts:latinLit:phi0119.phi010.perseus-lat2:line.828">                <w xml:id="line.828#w.1" pos="VER" lemma="uideo" msd="Numb=Sing|Mood=Ind|Tense=Pres|Voice=Act|Person=2">Viden</w>                <w xml:id="line.828#w.2" pos="ADV" lemma="ne2" msd="MORPH=empty">Viden</w>                <w xml:id="line.828#w.3" pos="PROper" lemma="tu" msd="Case=Nom|Numb=Sing">tu</w>                <w xml:id="line.828#w.4" pos="PROdem" lemma="ille" msd="Case=Dat|Numb=Sing">Ã­lli</w>                <w xml:id="line.828#w.5" pos="NOM" lemma="oculus" msd="Case=Acc|Numb=Plur">oculos</w>                <w xml:id="line.828#w.6" pos="VER" lemma="uireo2" msd="Mood=Inf|Tense=Pres|Voice=Act|Person=2">virere</w>                <w xml:id="line.828#w.7" pos="PUNC" lemma="?" msd="MORPH=empty">?</w>                <w xml:id="line.828#w.8" pos="ADVrel" lemma="ut1" msd="MORPH=empty">ut</w>                <w xml:id="line.828#w.9" pos="ADJqua" lemma="uiridis" msd="Case=Nom|Numb=Sing|Deg=Pos">viridis</w>                <w xml:id="line.828#w.10" pos="VER" lemma="exorior" msd="Numb=Sing|Mood=Ind|Tense=Pres|Voice=Dep|Person=3">exoritur</w>                <w xml:id="line.828#w.11" pos="NOM" lemma="color" msd="Case=Nom|Numb=Sing">colos</w>            </seg>            <seg xml:id="urn:cts:latinLit:phi0119.phi010.perseus-lat2:line.829">                <w xml:id="line.829#w.1" pos="PRE" lemma="ex" msd="MORPH=empty">ex</w>                <w xml:id="line.829#w.2" pos="NOM" lemma="tempus?" msd="Case=Abl|Numb=Plur">temporibus</w>                <w xml:id="line.829#w.3" pos="CONcoo" lemma="atque1" msd="MORPH=empty">atque</w>                <w xml:id="line.829#w.4" pos="NOM" lemma="frons?" msd="Case=Abl|Numb=Sing">fronte</w>                <w xml:id="line.829#w.5" pos="PUNC" lemma="," msd="MORPH=empty">,</w>                <w xml:id="line.829#w.6" pos="ADVrel" lemma="ut1" msd="MORPH=empty">ut</w>                <w xml:id="line.829#w.7" pos="NOM" lemma="oculus" msd="Case=Nom|Numb=Plur">oculi</w>                <w xml:id="line.829#w.8" pos="VER" lemma="scintillo" msd="Numb=Plur|Mood=Ind|Tense=Pres|Voice=Act|Person=3">scintillant</w>                <w xml:id="line.829#w.9" pos="PUNC" lemma="," msd="MORPH=empty">,</w>                <w xml:id="line.829#w.10" pos="VER" lemma="uideo" msd="Numb=Sing|Mood=Imp|Tense=Pres|Voice=Act|Person=2">vide</w>                <w xml:id="line.829#w.11" pos="PUNC" lemma="." msd="MORPH=empty">.</w>            </seg>            <seg xml:id="urn:cts:latinLit:phi0119.phi010.perseus-lat2:line.831">                <w xml:id="line.831#w.1" pos="PROint" lemma="quis1" msd="Case=Nom|Numb=Sing">Quid</w>                <w xml:id="line.831#w.2" pos="PROper" lemma="ego" msd="Case=Dat|Numb=Sing">mihi</w>                <w xml:id="line.831#w.3" pos="ADJqua" lemma="bonus" msd="Case=Nom|Numb=Sing|Deg=Comp">meliust</w>                <w xml:id="line.831#w.4" pos="VER" lemma="sum1" msd="Numb=Sing|Mood=Ind|Tense=Pres|Voice=Act|Person=3">meliust</w>                <w xml:id="line.831#w.5" pos="PUNC" lemma="," msd="MORPH=empty">,</w>                <w xml:id="line.831#w.6" pos="ADVrel" lemma="quam1" msd="MORPH=empty">quam</w>                <w xml:id="line.831#w.7" pos="CONsub" lemma="quando3" msd="MORPH=empty">quando</w>                <w xml:id="line.831#w.8" pos="PROdem" lemma="ille" msd="Case=Nom|Numb=Sing">illi</w>                <w xml:id="line.831#w.9" pos="PROper" lemma="ego" msd="Case=Acc|Numb=Sing">me</w>                <w xml:id="line.831#w.10" pos="VER" lemma="insanio" msd="Mood=Inf|Tense=Pres|Voice=Act">insanire</w>                <w xml:id="line.831#w.11" pos="VER" lemma="praedico?" msd="Numb=Plur|Mood=Ind|Tense=Pres|Voice=Act|Person=3">praedicant</w>                <w xml:id="line.831#w.12" pos="PUNC" lemma="," msd="MORPH=empty">,</w>            </seg>            <seg xml:id="urn:cts:latinLit:phi0119.phi010.perseus-lat2:line.832">                <w xml:id="line.832#w.1" pos="PROper" lemma="ego" msd="Case=Nom|Numb=Sing">ego</w>                <w xml:id="line.832#w.2" pos="PROper" lemma="ego" msd="Case=Acc|Numb=Sing">med</w>                <w xml:id="line.832#w.3" pos="VER" lemma="assimulo" msd="Numb=Sing|Mood=Sub|Tense=Pres|Voice=Act|Person=1">adsimulem</w>                <w xml:id="line.832#w.4" pos="VER" lemma="insanio" msd="Mood=Inf|Tense=Pres|Voice=Act">insanire</w>                <w xml:id="line.832#w.5" pos="PUNC" lemma="," msd="MORPH=empty">,</w>                <w xml:id="line.832#w.6" pos="CONsub" lemma="ut4" msd="MORPH=empty">ut</w>                <w xml:id="line.832#w.7" pos="PROdem" lemma="ille" msd="Case=Acc|Numb=Plur">illos</w>                <w xml:id="line.832#w.8" pos="PRE" lemma="ab" msd="MORPH=empty">a</w>                <w xml:id="line.832#w.9" pos="PROper" lemma="ego" msd="Case=Abl|Numb=Sing">me</w>                <w xml:id="line.832#w.10" pos="VER" lemma="absterreo" msd="Numb=Sing|Mood=Sub|Tense=Pres|Voice=Act|Person=1">absterream</w>                <w xml:id="line.832#w.11" pos="PUNC" lemma="?" msd="MORPH=empty">?</w>            </seg>            <seg xml:id="urn:cts:latinLit:phi0119.phi010.perseus-lat2:line.833">                <w xml:id="line.833#w.1" pos="ADVrel" lemma="ut1" msd="MORPH=empty">Vt</w>                <w xml:id="line.833#w.2" pos="VER" lemma="pandiculor" msd="Case=Nom|Numb=Sing|Mood=Par|Tense=Pres|Voice=Act">pandiculans</w>                <w xml:id="line.833#w.3" pos="VER" lemma="oscito" msd="Numb=Sing|Mood=Ind|Tense=Pres|Voice=Dep|Person=3">oscitatur</w>                <w xml:id="line.833#w.4" pos="PUNC" lemma="." msd="MORPH=empty">.</w>                <w xml:id="line.833#w.5" pos="PROint" lemma="quis1" msd="Case=Acc|Numb=Sing">quid</w>                <w xml:id="line.833#w.6" pos="ADV" lemma="nunc" msd="Deg=Pos">nunc</w>                <w xml:id="line.833#w.7" pos="VER" lemma="facio" msd="Numb=Sing|Mood=Ind|Tense=Fut|Voice=Act|Person=1">faciam</w>                <w xml:id="line.833#w.8" pos="PUNC" lemma="," msd="MORPH=empty">,</w>                <w xml:id="line.833#w.9" pos="PROper" lemma="meus" msd="Case=Voc|Numb=Sing">mi</w>                <w xml:id="line.833#w.10" pos="NOM" lemma="pater" msd="Case=Voc|Numb=Sing">pater</w>                <w xml:id="line.833#w.11" pos="PUNC" lemma="?" msd="MORPH=empty">?</w>            </seg>            <seg xml:id="urn:cts:latinLit:phi0119.phi010.perseus-lat2:line.834">                <w xml:id="line.834#w.1" pos="VER" lemma="concedo1" msd="Numb=Sing|Mood=Imp|Tense=Pres|Voice=Act|Person=2">Concede</w>                <w xml:id="line.834#w.2" pos="ADV" lemma="huc" msd="Deg=Pos">huc</w>                <w xml:id="line.834#w.3" pos="PUNC" lemma="," msd="MORPH=empty">,</w>                <w xml:id="line.834#w.4" pos="PROpos" lemma="meus" msd="Case=Abl|Numb=Sing">mea</w>                <w xml:id="line.834#w.5" pos="VER" lemma="nascor" msd="Numb=Sing|Mood=Par|Tense=Perf|Voice=Dep">nata</w>                <w xml:id="line.834#w.6" pos="PUNC" lemma="," msd="MORPH=empty">,</w>                <w xml:id="line.834#w.7" pos="PRE" lemma="ab" msd="MORPH=empty">ab</w>                <w xml:id="line.834#w.8" pos="PROdem" lemma="istic1" msd="Case=Abl|Numb=Sing">istoc</w>                <w xml:id="line.834#w.9" pos="PROrel" lemma="quam?" msd="MORPH=empty">quam</w>                <w xml:id="line.834#w.10" pos="VER" lemma="possum1" msd="Numb=Sing|Mood=Ind|Tense=Pres|Voice=Act|Person=3">potest</w>                <w xml:id="line.834#w.11" pos="ADV" lemma="longe" msd="Deg=Sup">longissime</w>                <w xml:id="line.834#w.12" pos="PUNC" lemma="." msd="MORPH=empty">.</w>            </seg>            <seg xml:id="urn:cts:latinLit:phi0119.phi010.perseus-lat2:line.835">                <w xml:id="line.835#w.1" pos="INJ" lemma="euoe" msd="MORPH=empty">Euhoe</w>                <w xml:id="line.835#w.2" pos="NOM" lemma="bacchus" msd="Case=Voc|Numb=Sing">Bacche</w>                <w xml:id="line.835#w.3" pos="PUNC" lemma="," msd="MORPH=empty">,</w>                <w xml:id="line.835#w.4" pos="NOM" lemma="bromius" msd="Case=Voc|Numb=Sing">Bromie</w>                <w xml:id="line.835#w.5" pos="PUNC" lemma="," msd="MORPH=empty">,</w>                <w xml:id="line.835#w.6" pos="PROint" lemma="quo?" msd="Case=Abl">quo</w>                <w xml:id="line.835#w.7" pos="PROper" lemma="ego" msd="Case=Acc|Numb=Sing">me</w>                <w xml:id="line.835#w.8" pos="PRE" lemma="in" msd="MORPH=empty">in</w>                <w xml:id="line.835#w.9" pos="NOM" lemma="silua" msd="Case=Acc|Numb=Sing">silvam</w>                <w xml:id="line.835#w.10" pos="VER" lemma="uenor" msd="Case=Acc|Numb=Sing">venatum</w>                <w xml:id="line.835#w.11" pos="VER" lemma="uoco" msd="Numb=Sing|Mood=Ind|Tense=Pres|Voice=Act|Person=2">vocas</w>                <w xml:id="line.835#w.12" pos="PUNC" lemma="?" msd="MORPH=empty">?</w>            </seg>            <seg xml:id="urn:cts:latinLit:phi0119.phi010.perseus-lat2:line.836">                <w xml:id="line.836#w.1" pos="VER" lemma="audio" msd="Numb=Sing|Mood=Ind|Tense=Pres|Voice=Act|Person=1">audio</w>                <w xml:id="line.836#w.2" pos="PUNC" lemma="," msd="MORPH=empty">,</w>                <w xml:id="line.836#w.3" pos="CONcoo" lemma="sed" msd="MORPH=empty">sed</w>                <w xml:id="line.836#w.4" pos="ADVneg" lemma="non" msd="MORPH=empty">non</w>                <w xml:id="line.836#w.5" pos="VER" lemma="abeo1" msd="Mood=Inf|Tense=Pres|Voice=Act">abire</w>                <w xml:id="line.836#w.6" pos="VER" lemma="possum1" msd="Numb=Sing|Mood=Ind|Tense=Pres|Voice=Act|Person=1">possum</w>                <w xml:id="line.836#w.7" pos="PRE" lemma="ab" msd="MORPH=empty">ab</w>                <w xml:id="line.836#w.8" pos="PROdem" lemma="hic1" msd="Case=Abl|Numb=Plur">his</w>                <w xml:id="line.836#w.9" pos="NOM" lemma="regio" msd="Case=Abl|Numb=Plur">regionibus</w>                <w xml:id="line.836#w.10" pos="PUNC" lemma="," msd="MORPH=empty">,</w>            </seg>            <seg xml:id="urn:cts:latinLit:phi0119.phi010.perseus-lat2:line.837">                <w xml:id="line.837#w.1" pos="ADV" lemma="ita" msd="Deg=Pos">ita</w>                <w xml:id="line.837#w.2" pos="PROdem" lemma="ille" msd="Case=Nom|Numb=Sing">illa</w>                <w xml:id="line.837#w.3" pos="PROper" lemma="ego" msd="Case=Acc|Numb=Sing">me</w>                <w xml:id="line.837#w.4" pos="PRE" lemma="ab" msd="MORPH=empty">ab</w>                <w xml:id="line.837#w.5" pos="NOM" lemma="laeuus" msd="Case=Abl|Numb=Sing">laeva</w>                <w xml:id="line.837#w.6" pos="ADJqua" lemma="rabiosus" msd="Case=Abl|Numb=Sing|Deg=Pos">rabiosa</w>                <w xml:id="line.837#w.7" pos="NOM" lemma="femina" msd="Case=Abl|Numb=Sing">femina</w>                <w xml:id="line.837#w.8" pos="VER" lemma="asseruo" msd="Numb=Sing|Mood=Ind|Tense=Pres|Voice=Act|Person=3">adservat</w>                <w xml:id="line.837#w.9" pos="NOM" lemma="canis" msd="Case=Nom|Numb=Sing">canis</w>                <w xml:id="line.837#w.10" pos="PUNC" lemma="," msd="MORPH=empty">,</w>            </seg>            <seg xml:id="urn:cts:latinLit:phi0119.phi010.perseus-lat2:line.838">                <w xml:id="line.838#w.1" pos="NOM" lemma="postis" msd="Case=Abl|Numb=Sing">poste</w>                <w xml:id="line.838#w.2" pos="CONcoo" lemma="autem" msd="MORPH=empty">autem</w>                <w xml:id="line.838#w.3" pos="ADV" lemma="illinc" msd="Deg=Pos">illinc</w>                <w xml:id="line.838#w.4" pos="NOM" lemma="hircus" msd="Case=Nom|Numb=Sing">hircus</w>                <w xml:id="line.838#w.5" pos="PUNC" lemma="â " msd="MORPH=empty">â </w>                <w xml:id="line.838#w.6" pos="NOM" lemma="alus" msd="Case=Nom|Numb=Sing">alus</w>                <w xml:id="line.838#w.7" pos="PUNC" lemma="," msd="MORPH=empty">,</w>                <w xml:id="line.838#w.8" pos="PROrel" lemma="qui1" msd="Case=Nom|Numb=Sing">qui</w>                <w xml:id="line.838#w.9" pos="ADV" lemma="saepe" msd="Deg=Pos">saepe</w>                <w xml:id="line.838#w.10" pos="NOM" lemma="aetas" msd="Case=Abl|Numb=Sing">aetate</w>                <w xml:id="line.838#w.11" pos="PRE" lemma="in" msd="MORPH=empty">in</w>                <w xml:id="line.838#w.12" pos="PROpos.ref" lemma="suus" msd="Case=Abl|Numb=Sing">sua</w>            </seg>            <seg xml:id="urn:cts:latinLit:phi0119.phi010.perseus-lat2:line.839">                <w xml:id="line.839#w.1" pos="VER" lemma="perdo" msd="Numb=Sing|Mood=Ind|Tense=Perf|Voice=Act|Person=3">perdidit</w>                <w xml:id="line.839#w.2" pos="NOM" lemma="ciuis" msd="Case=Acc|Numb=Sing">civem</w>                <w xml:id="line.839#w.3" pos="ADJqua" lemma="innocens" msd="Case=Acc|Numb=Sing|Deg=Pos">innocentem</w>                <w xml:id="line.839#w.4" pos="ADV" lemma="falsus" msd="Case=Abl|Numb=Sing|Deg=Pos">falso</w>                <w xml:id="line.839#w.5" pos="NOM" lemma="testimonium" msd="Case=Abl|Numb=Sing">testimonio</w>                <w xml:id="line.839#w.6" pos="PUNC" lemma="." msd="MORPH=empty">.</w>            </seg>            <seg xml:id="urn:cts:latinLit:phi0119.phi010.perseus-lat2:line.840">                <w xml:id="line.840#w.1" pos="INJ" lemma="uae" msd="MORPH=empty">Vae</w>                <w xml:id="line.840#w.2" pos="NOM" lemma="caput" msd="Case=Dat|Numb=Sing">capiti</w>                <w xml:id="line.840#w.3" pos="PROpos" lemma="tuus" msd="Case=Dat|Numb=Sing">tuo</w>                <w xml:id="line.840#w.4" pos="PUNC" lemma="." msd="MORPH=empty">.</w>            </seg>            <seg xml:id="urn:cts:latinLit:phi0119.phi010.perseus-lat2:line.840b">                <w xml:id="line.840b#w.1" pos="INJ" lemma="ecce" msd="MORPH=empty">Ecce</w>                <w xml:id="line.840b#w.2" pos="PUNC" lemma="," msd="MORPH=empty">,</w>                <w xml:id="line.840b#w.3" pos="VER" lemma="apollo" msd="Numb=Sing|Mood=Ind|Tense=Pres|Voice=Act|Person=1">Apollo</w>                <w xml:id="line.840b#w.4" pos="PROper" lemma="ego" msd="Case=Dat|Numb=Sing">mi</w>                <w xml:id="line.840b#w.5" pos="PRE" lemma="ex" msd="MORPH=empty">ex</w>                <w xml:id="line.840b#w.6" pos="NOM" lemma="oraculum" msd="Case=Abl|Numb=Sing">oraclo</w>                <w xml:id="line.840b#w.7" pos="VER" lemma="ampero" msd="Numb=Sing|Mood=Ind|Tense=Pres|Voice=Act|Person=3">Ã­mperat</w>                <w xml:id="line.840b#w.8" pos="PUNC" lemma="," msd="MORPH=empty">,</w>            </seg>            <seg xml:id="urn:cts:latinLit:phi0119.phi010.perseus-lat2:line.841">                <w xml:id="line.841#w.1" pos="CONsub" lemma="ut4" msd="MORPH=empty">ut</w>                <w xml:id="line.841#w.2" pos="PROper" lemma="ego" msd="Case=Nom|Numb=Sing">ego</w>                <w xml:id="line.841#w.3" pos="PROdem" lemma="ille" msd="Case=Dat|Numb=Sing">Ã­lli</w>                <w xml:id="line.841#w.4" pos="NOM" lemma="oculus" msd="Case=Acc|Numb=Plur">oculos</w>                <w xml:id="line.841#w.5" pos="VER" lemma="exuro" msd="Numb=Sing|Mood=Ind|Tense=Fut|Voice=Act|Person=1">exuram</w>                <w xml:id="line.841#w.6" pos="NOM" lemma="lampas" msd="Case=Abl|Numb=Plur">lampadibus</w>                <w xml:id="line.841#w.7" pos="VER" lemma="ardens" msd="Case=Abl|Numb=Plur|Mood=Par|Tense=Pres|Voice=Act">ardentibus</w>                <w xml:id="line.841#w.8" pos="PUNC" lemma="." msd="MORPH=empty">.</w>            </seg>            <seg xml:id="urn:cts:latinLit:phi0119.phi010.perseus-lat2:line.842">                <w xml:id="line.842#w.1" pos="VER" lemma="pereo1" msd="Numb=Sing|Mood=Ind|Tense=Perf|Voice=Act|Person=1">Perii</w>                <w xml:id="line.842#w.2" pos="PUNC" lemma="," msd="MORPH=empty">,</w>                <w xml:id="line.842#w.3" pos="PROper" lemma="ego" msd="Case=Dat|Numb=Sing">mi</w>                <w xml:id="line.842#w.4" pos="NOM" lemma="pater" msd="Case=Voc|Numb=Sing">pater</w>                <w xml:id="line.842#w.5" pos="PUNC" lemma="," msd="MORPH=empty">,</w>                <w xml:id="line.842#w.6" pos="VER" lemma="minor" msd="Numb=Sing|Mood=Ind|Tense=Pres|Voice=Dep|Person=3">minatur</w>                <w xml:id="line.842#w.7" pos="PROper" lemma="ego" msd="Case=Dat|Numb=Sing">mÃ­hi</w>                <w xml:id="line.842#w.8" pos="NOM" lemma="oculus" msd="Case=Acc|Numb=Plur">oculos</w>                <w xml:id="line.842#w.9" pos="VER" lemma="exuro" msd="Mood=Inf|Tense=Pres|Voice=Act">exurere</w>                <w xml:id="line.842#w.10" pos="PUNC" lemma="." msd="MORPH=empty">.</w>            </seg>            <seg xml:id="urn:cts:latinLit:phi0119.phi010.perseus-lat2:line.843">            </seg>            <seg xml:id="urn:cts:latinLit:phi0119.phi010.perseus-lat2:line.843b">            </seg>            <seg xml:id="urn:cts:latinLit:phi0119.phi010.perseus-lat2:line.844">                <w xml:id="line.844#w.1" pos="NOM" lemma="filia" msd="Case=Nom|Numb=Sing">Filia</w>                <w xml:id="line.844#w.2" pos="PUNC" lemma="," msd="MORPH=empty">,</w>                <w xml:id="line.844#w.3" pos="INJ" lemma="heus" msd="MORPH=empty">heus</w>                <w xml:id="line.844#w.4" pos="PUNC" lemma="." msd="MORPH=empty">.</w>            </seg>            <seg xml:id="urn:cts:latinLit:phi0119.phi010.perseus-lat2:line.844b">                <w xml:id="line.844b#w.1" pos="PROint" lemma="quis1" msd="Case=Nom|Numb=Sing">Quid</w>                <w xml:id="line.844b#w.2" pos="VER" lemma="sum1" msd="Numb=Sing|Mood=Ind|Tense=Pres|Voice=Act|Person=3">est</w>                <w xml:id="line.844b#w.3" pos="PUNC" lemma="?" msd="MORPH=empty">?</w>                <w xml:id="line.844b#w.4" pos="PROint" lemma="quis1" msd="Case=Acc|Numb=Sing">quid</w>                <w xml:id="line.844b#w.5" pos="VER" lemma="ago" msd="Numb=Plur|Mood=Ind|Tense=Pres|Voice=Act|Person=1">agimus</w>                <w xml:id="line.844b#w.6" pos="PUNC" lemma="?" msd="MORPH=empty">?</w>            </seg>            <seg xml:id="urn:cts:latinLit:phi0119.phi010.perseus-lat2:line.844c">                <w xml:id="line.844c#w.1" pos="PROint" lemma="quis1" msd="Case=Acc|Numb=Sing">Quid</w>                <w xml:id="line.844c#w.2" pos="CONsub" lemma="si2" msd="MORPH=empty">si</w>                <w xml:id="line.844c#w.3" pos="PROper" lemma="ego" msd="Case=Nom|Numb=Sing">ego</w>                <w xml:id="line.844c#w.4" pos="ADV" lemma="huc" msd="Deg=Pos">huc</w>                <w xml:id="line.844c#w.5" pos="NOM" lemma="seruus?" msd="Case=Acc|Numb=Plur">servos</w>                <w xml:id="line.844c#w.6" pos="ADV" lemma="cito2" msd="Deg=Pos">cito</w>                <w xml:id="line.844c#w.7" pos="PUNC" lemma="?" msd="MORPH=empty">?</w>            </seg>            <seg xml:id="urn:cts:latinLit:phi0119.phi010.perseus-lat2:line.845">                <w xml:id="line.845#w.1" pos="VER" lemma="eo1" msd="Numb=Sing|Mood=Ind|Tense=Fut|Voice=Act|Person=1">ibo</w>                <w xml:id="line.845#w.2" pos="PUNC" lemma="," msd="MORPH=empty">,</w>                <w xml:id="line.845#w.3" pos="VER" lemma="abduco" msd="Numb=Sing|Mood=Ind|Tense=Fut|Voice=Act|Person=1">abducam</w>                <w xml:id="line.845#w.4" pos="PROrel" lemma="qui1" msd="Case=Nom|Numb=Plur">qui</w>                <w xml:id="line.845#w.5" pos="PROdem" lemma="hic1" msd="Case=Acc|Numb=Sing">hunc</w>                <w xml:id="line.845#w.6" pos="ADV" lemma="hinc" msd="Deg=Pos">hinc</w>                <w xml:id="line.845#w.7" pos="VER" lemma="tollo" msd="Numb=Plur|Mood=Sub|Tense=Pres|Voice=Act|Person=3">tollant</w>                <w xml:id="line.845#w.8" pos="CONcoo" lemma="et2" msd="MORPH=empty">et</w>                <w xml:id="line.845#w.9" pos="NOM" lemma="domus" msd="Case=Loc|Numb=Sing">domi</w>                <w xml:id="line.845#w.10" pos="VER" lemma="deuincio" msd="Numb=Plur|Mood=Sub|Tense=Pres|Voice=Act|Person=3">devinciant</w>                <w xml:id="line.845#w.11" pos="PUNC" lemma="," msd="MORPH=empty">,</w>            </seg>            <seg xml:id="urn:cts:latinLit:phi0119.phi010.perseus-lat2:line.846">                <w xml:id="line.846#w.1" pos="ADJadv.ord" lemma="prius" msd="Deg=Comp">prius</w>                <w xml:id="line.846#w.2" pos="ADVrel" lemma="quam1" msd="MORPH=empty">quam</w>                <w xml:id="line.846#w.3" pos="NOM" lemma="turba" msd="Case=Gen|Numb=Plur">turbarum</w>                <w xml:id="line.846#w.4" pos="PROint" lemma="quis1" msd="Case=Acc|Numb=Sing">quid</w>                <w xml:id="line.846#w.5" pos="VER" lemma="facio" msd="Numb=Sing|Mood=Sub|Tense=Pres|Voice=Act|Person=3">faciat</w>                <w xml:id="line.846#w.6" pos="ADV" lemma="ample" msd="Deg=Comp">amplius</w>                <w xml:id="line.846#w.7" pos="PUNC" lemma="." msd="MORPH=empty">.</w>            </seg>            <seg xml:id="urn:cts:latinLit:phi0119.phi010.perseus-lat2:line.846b">                <w xml:id="line.846b#w.1" pos="CONcoo" lemma="enim2" msd="MORPH=empty">Enim</w>                <w xml:id="line.846b#w.2" pos="VER" lemma="haereo" msd="Numb=Sing|Mood=Ind|Tense=Pres|Voice=Act|Person=1">haereo</w>                <w xml:id="line.846b#w.3" pos="PUNC" lemma=";" msd="MORPH=empty">;</w>            </seg>            <seg xml:id="urn:cts:latinLit:phi0119.phi010.perseus-lat2:line.847">                <w xml:id="line.847#w.1" pos="CONsub" lemma="ni2" msd="MORPH=empty">ni</w>                <w xml:id="line.847#w.2" pos="VER" lemma="occupo2" msd="Numb=Sing|Mood=Ind|Tense=Pres|Voice=Act|Person=1">occupo</w>                <w xml:id="line.847#w.3" pos="PROind" lemma="aliquis" msd="Case=Acc|Numb=Sing">aliquid</w>                <w xml:id="line.847#w.4" pos="PROper" lemma="ego" msd="Case=Dat|Numb=Sing">mihi</w>                <w xml:id="line.847#w.5" pos="NOM" lemma="consilium" msd="Case=Acc|Numb=Sing">consilium</w>                <w xml:id="line.847#w.6" pos="PUNC" lemma="," msd="MORPH=empty">,</w>                <w xml:id="line.847#w.7" pos="PROdem" lemma="hic1" msd="Case=Nom|Numb=Sing">hÃ­</w>                <w xml:id="line.847#w.8" pos="NOM" lemma="domus" msd="Case=Acc|Numb=Sing">domum</w>                <w xml:id="line.847#w.9" pos="PROper" lemma="ego" msd="Case=Acc|Numb=Sing">me</w>                <w xml:id="line.847#w.10" pos="PRE" lemma="ad2" msd="MORPH=empty">ad</w>                <w xml:id="line.847#w.11" pos="PROref" lemma="sui1" msd="Case=Acc|Numb=Sing">se</w>                <w xml:id="line.847#w.12" pos="VER" lemma="aufero" msd="Numb=Plur|Mood=Ind|Tense=Fut|Voice=Act|Person=3">auferent</w>                <w xml:id="line.847#w.13" pos="PUNC" lemma="." msd="MORPH=empty">.</w>            </seg>            <seg xml:id="urn:cts:latinLit:phi0119.phi010.perseus-lat2:line.848">                <w xml:id="line.848#w.1" pos="NOM" lemma="pugnus" msd="Case=Abl|Numb=Plur">pugnis</w>                <w xml:id="line.848#w.2" pos="PROper" lemma="ego" msd="Case=Acc|Numb=Sing">me</w>                <w xml:id="line.848#w.3" pos="VER" lemma="uoto" msd="Numb=Sing|Mood=Sub|Tense=Pres|Voice=Act|Person=2">votas</w>                <w xml:id="line.848#w.4" pos="PRE" lemma="in" msd="MORPH=empty">in</w>                <w xml:id="line.848#w.5" pos="PROdem" lemma="hic1" msd="Case=Gen|Numb=Sing">huius</w>                <w xml:id="line.848#w.6" pos="NOM" lemma="os?" msd="Case=Abl|Numb=Sing">ore</w>                <w xml:id="line.848#w.7" pos="PROind" lemma="quisquam" msd="Case=Acc|Numb=Sing">quicquam</w>                <w xml:id="line.848#w.8" pos="VER" lemma="parco" msd="Mood=Inf|Tense=Pres|Voice=Act">parcere</w>                <w xml:id="line.848#w.9" pos="PUNC" lemma="," msd="MORPH=empty">,</w>            </seg>            <seg xml:id="urn:cts:latinLit:phi0119.phi010.perseus-lat2:line.849">                <w xml:id="line.849#w.1" pos="CONsub" lemma="ni2" msd="MORPH=empty">ni</w>                <w xml:id="line.849#w.2" pos="PRE" lemma="ab" msd="MORPH=empty">a</w>                <w xml:id="line.849#w.3" pos="PROpos" lemma="meus" msd="Case=Abl|Numb=Plur">meis</w>                <w xml:id="line.849#w.4" pos="NOM" lemma="oculus" msd="Case=Abl|Numb=Plur">oculis</w>                <w xml:id="line.849#w.5" pos="VER" lemma="abscedo1" msd="Numb=Sing|Mood=Sub|Tense=Pres|Voice=Act|Person=3">abscedat</w>                <w xml:id="line.849#w.6" pos="PRE" lemma="in" msd="MORPH=empty">in</w>                <w xml:id="line.849#w.7" pos="ADJqua" lemma="malus3" msd="Case=Acc|Numb=Sing|Deg=Pos">malam</w>                <w xml:id="line.849#w.8" pos="ADJqua" lemma="magnus" msd="Case=Acc|Numb=Sing|Deg=Pos">magnam</w>                <w xml:id="line.849#w.9" pos="NOM" lemma="crux" msd="Case=Acc|Numb=Sing">crucem</w>                <w xml:id="line.849#w.10" pos="PUNC" lemma="." msd="MORPH=empty">.</w>            </seg>            <seg xml:id="urn:cts:latinLit:phi0119.phi010.perseus-lat2:line.850">                <w xml:id="line.850#w.1" pos="VER" lemma="facio" msd="Numb=Sing|Mood=Ind|Tense=Fut|Voice=Act|Person=1">faciam</w>                <w xml:id="line.850#w.2" pos="PROrel" lemma="qui1" msd="Case=Acc|Numb=Sing">quod</w>                <w xml:id="line.850#w.3" pos="VER" lemma="iubeo" msd="Numb=Sing|Mood=Ind|Tense=Pres|Voice=Act|Person=2">iubes</w>                <w xml:id="line.850#w.4" pos="PUNC" lemma="," msd="MORPH=empty">,</w>                <w xml:id="line.850#w.5" pos="VER" lemma="apollo" msd="Numb=Sing|Mood=Ind|Tense=Pres|Voice=Act|Person=1">Apollo</w>                <w xml:id="line.850#w.6" pos="PUNC" lemma="." msd="MORPH=empty">.</w>            </seg>            <seg xml:id="urn:cts:latinLit:phi0119.phi010.perseus-lat2:line.850b">                <w xml:id="line.850b#w.1" pos="VER" lemma="fugio" msd="Numb=Sing|Mood=Imp|Tense=Pres|Voice=Act|Person=2">Fuge</w>                <w xml:id="line.850b#w.2" pos="NOM" lemma="domus" msd="Case=Acc|Numb=Sing">domum</w>                <w xml:id="line.850b#w.3" pos="PUNC" lemma="," msd="MORPH=empty">,</w>                <w xml:id="line.850b#w.4" pos="ADVrel" lemma="quantum3" msd="Numb=Sing">quantum</w>                <w xml:id="line.850b#w.5" pos="VER" lemma="possum1" msd="Numb=Sing|Mood=Ind|Tense=Pres|Voice=Act|Person=3">potest</w>                <w xml:id="line.850b#w.6" pos="PUNC" lemma="," msd="MORPH=empty">,</w>            </seg>            <seg xml:id="urn:cts:latinLit:phi0119.phi010.perseus-lat2:line.851">                <w xml:id="line.851#w.1" pos="CONsub" lemma="ne4" msd="MORPH=empty">ne</w>                <w xml:id="line.851#w.2" pos="PROdem" lemma="hic1" msd="Case=Nom|Numb=Sing">hic</w>                <w xml:id="line.851#w.3" pos="PROper" lemma="tu" msd="Case=Acc|Numb=Sing">te</w>                <w xml:id="line.851#w.4" pos="VER" lemma="obtundo" msd="Numb=Sing|Mood=Sub|Tense=Pres|Voice=Act|Person=3">obtundat</w>                <w xml:id="line.851#w.5" pos="PUNC" lemma="." msd="MORPH=empty">.</w>            </seg>            <seg xml:id="urn:cts:latinLit:phi0119.phi010.perseus-lat2:line.851b">                <w xml:id="line.851b#w.1" pos="VER" lemma="fugio" msd="Numb=Sing|Mood=Ind|Tense=Pres|Voice=Act|Person=1">Fugio</w>                <w xml:id="line.851b#w.2" pos="PUNC" lemma="." msd="MORPH=empty">.</w>                <w xml:id="line.851b#w.3" pos="VER" lemma="amo" msd="Numb=Sing|Mood=Ind|Tense=Fut|Voice=Act|Person=1">amabo</w>                <w xml:id="line.851b#w.4" pos="PUNC" lemma="," msd="MORPH=empty">,</w>                <w xml:id="line.851b#w.5" pos="VER" lemma="sereo" msd="Numb=Sing|Mood=Imp|Tense=Pres|Voice=Act">Ã¡dserva</w>                <w xml:id="line.851b#w.6" pos="PROdem" lemma="istic1" msd="Case=Acc|Numb=Sing">istunc</w>                <w xml:id="line.851b#w.7" pos="PUNC" lemma="," msd="MORPH=empty">,</w>                <w xml:id="line.851b#w.8" pos="PROper" lemma="meus" msd="Case=Voc|Numb=Sing">mi</w>                <w xml:id="line.851b#w.9" pos="NOM" lemma="pater" msd="Case=Voc|Numb=Sing">pater</w>                <w xml:id="line.851b#w.10" pos="PUNC" lemma="," msd="MORPH=empty">,</w>            </seg>            <seg xml:id="urn:cts:latinLit:phi0119.phi010.perseus-lat2:line.852">                <w xml:id="line.852#w.1" pos="CONsub" lemma="ne4" msd="MORPH=empty">ne</w>                <w xml:id="line.852#w.2" pos="ADVint" lemma="quo3" msd="MORPH=empty">quo</w>                <w xml:id="line.852#w.3" pos="ADV" lemma="hinc" msd="Deg=Pos">hinc</w>                <w xml:id="line.852#w.4" pos="VER" lemma="abeo1" msd="Numb=Sing|Mood=Sub|Tense=Pres|Voice=Act|Person=3">abeat</w>                <w xml:id="line.852#w.5" pos="PUNC" lemma="." msd="MORPH=empty">.</w>                <w xml:id="line.852#w.6" pos="VER" lemma="sum" msd="Numb=Sing|Mood=Ind|Tense=Pres|Voice=Act|Person=2">sumne</w>                <w xml:id="line.852#w.7" pos="ADV" lemma="ne2" msd="MORPH=empty">sumne</w>                <w xml:id="line.852#w.8" pos="PROper" lemma="ego" msd="Case=Nom|Numb=Sing">ego</w>                <w xml:id="line.852#w.9" pos="NOM" lemma="mulier" msd="Case=Voc|Numb=Sing">mulier</w>                <w xml:id="line.852#w.10" pos="ADJqua" lemma="miser" msd="Case=Nom|Numb=Sing|Deg=Pos">misera</w>                <w xml:id="line.852#w.11" pos="PUNC" lemma="," msd="MORPH=empty">,</w>                <w xml:id="line.852#w.12" pos="PROrel" lemma="qui1" msd="Case=Acc|Numb=Plur">quae</w>                <w xml:id="line.852#w.13" pos="PROdem" lemma="illic1" msd="Case=Nom|Numb=Sing">illaec</w>                <w xml:id="line.852#w.14" pos="VER" lemma="audio" msd="Numb=Sing|Mood=Ind|Tense=Pres|Voice=Act|Person=1">audio</w>                <w xml:id="line.852#w.15" pos="PUNC" lemma="?" msd="MORPH=empty">?</w>                <w xml:id="line.852#w.16" pos="PUNC" lemma="â" msd="MORPH=empty">â</w>            </seg>            <seg xml:id="urn:cts:latinLit:phi0119.phi010.perseus-lat2:line.853">                <w xml:id="line.853#w.1" pos="ADVneg" lemma="haud" msd="MORPH=empty">Haud</w>                <w xml:id="line.853#w.2" pos="ADV" lemma="male" msd="Deg=Pos">male</w>                <w xml:id="line.853#w.3" pos="PUNC" lemma="," msd="MORPH=empty">,</w>                <w xml:id="line.853#w.4" pos="VER" lemma="apollo" msd="Numb=Sing|Mood=Ind|Tense=Pres|Voice=Act|Person=1">Apollo</w>                <w xml:id="line.853#w.5" pos="PROdem" lemma="illic1" msd="Case=Acc|Numb=Sing">illanc</w>                <w xml:id="line.853#w.6" pos="VER" lemma="amoueo" msd="Numb=Sing|Mood=Ind|Tense=Perf|Voice=Act|Person=1">amovi</w>                <w xml:id="line.853#w.7" pos="PUNC" lemma=";" msd="MORPH=empty">;</w>                <w xml:id="line.853#w.8" pos="ADV" lemma="nunc" msd="Deg=Pos">nunc</w>                <w xml:id="line.853#w.9" pos="PROdem" lemma="hic1" msd="Case=Acc|Numb=Sing">hunc</w>                <w xml:id="line.853#w.10" pos="ADJqua" lemma="impurus" msd="Case=Acc|Numb=Sing|Deg=Sup">impurissimum</w>                <w xml:id="line.853#w.11" pos="PUNC" lemma="," msd="MORPH=empty">,</w>            </seg>            <seg xml:id="urn:cts:latinLit:phi0119.phi010.perseus-lat2:line.854">                <w xml:id="line.854#w.1" pos="ADJqua" lemma="barbatus2" msd="Case=Acc|Numb=Sing|Deg=Pos">barbatum</w>                <w xml:id="line.854#w.2" pos="PUNC" lemma="," msd="MORPH=empty">,</w>                <w xml:id="line.854#w.3" pos="ADJqua" lemma="tremulus3" msd="Case=Acc|Numb=Sing|Deg=Pos">tremulum</w>                <w xml:id="line.854#w.4" pos="NOM" lemma="tithon" msd="Case=Gen|Numb=Plur">Tithonum</w>                <w xml:id="line.854#w.5" pos="PUNC" lemma="," msd="MORPH=empty">,</w>                <w xml:id="line.854#w.6" pos="PROrel" lemma="qui1" msd="Case=Nom|Numb=Sing">qui</w>                <w xml:id="line.854#w.7" pos="VER" lemma="clueo" msd="Numb=Sing|Mood=Ind|Tense=Pres|Voice=Act|Person=3">cluet</w>                <w xml:id="line.854#w.8" pos="NOM" lemma="cycnus" msd="Case=Abl|Numb=Sing">Cygno</w>                <w xml:id="line.854#w.9" pos="NOM" lemma="pater" msd="Case=Abl|Numb=Sing">patre</w>                <w xml:id="line.854#w.10" pos="PUNC" lemma="," msd="MORPH=empty">,</w>            </seg>            <seg xml:id="urn:cts:latinLit:phi0119.phi010.perseus-lat2:line.855">                <w xml:id="line.855#w.1" pos="ADV" lemma="ita" msd="Deg=Pos">ita</w>                <w xml:id="line.855#w.2" pos="PROper" lemma="ego" msd="Case=Dat|Numb=Sing">mihi</w>                <w xml:id="line.855#w.3" pos="VER" lemma="impero" msd="Numb=Sing|Mood=Ind|Tense=Pres|Voice=Act|Person=2">imperas</w>                <w xml:id="line.855#w.4" pos="ADVrel" lemma="ut1" msd="MORPH=empty">ut</w>                <w xml:id="line.855#w.5" pos="PROper" lemma="ego" msd="Case=Nom|Numb=Sing">ego</w>                <w xml:id="line.855#w.6" pos="PROdem" lemma="hic1" msd="Case=Gen|Numb=Sing">huius</w>                <w xml:id="line.855#w.7" pos="NOM" lemma="membrum" msd="Case=Acc|Numb=Plur">membra</w>                <w xml:id="line.855#w.8" pos="CONcoo" lemma="atque1" msd="MORPH=empty">atque</w>                <w xml:id="line.855#w.9" pos="NOM" lemma="os?" msd="Case=Acc|Numb=Plur">ossa</w>                <w xml:id="line.855#w.10" pos="CONcoo" lemma="atque1" msd="MORPH=empty">atque</w>                <w xml:id="line.855#w.11" pos="NOM" lemma="artus?" msd="Case=Acc|Numb=Plur">artua</w>            </seg>            <seg xml:id="urn:cts:latinLit:phi0119.phi010.perseus-lat2:line.856">                <w xml:id="line.856#w.1" pos="VER" lemma="comminuo" msd="Numb=Sing|Mood=Ind|Tense=Fut|Voice=Act|Person=1">comminuam</w>                <w xml:id="line.856#w.2" pos="PROdem" lemma="ille" msd="Case=Abl|Numb=Sing">illo</w>                <w xml:id="line.856#w.3" pos="NOM" lemma="scipio" msd="Case=Abl|Numb=Sing">scipione</w>                <w xml:id="line.856#w.4" pos="PROrel" lemma="qui1" msd="Case=Acc|Numb=Sing">quem</w>                <w xml:id="line.856#w.5" pos="PROdem" lemma="ipse" msd="Case=Nom|Numb=Sing">ipse</w>                <w xml:id="line.856#w.6" pos="VER" lemma="habeo" msd="Numb=Sing|Mood=Ind|Tense=Pres|Voice=Act|Person=3">habet</w>                <w xml:id="line.856#w.7" pos="PUNC" lemma="." msd="MORPH=empty">.</w>            </seg>            <seg xml:id="urn:cts:latinLit:phi0119.phi010.perseus-lat2:line.856b">                <w xml:id="line.856b#w.1" pos="VER" lemma="do" msd="Numb=Sing|Mood=Ind|Tense=Fut|Voice=Pass|Person=3">Dabitur</w>                <w xml:id="line.856b#w.2" pos="NOM" lemma="malum?" msd="Case=Acc|Numb=Sing">malum</w>                <w xml:id="line.856b#w.3" pos="PUNC" lemma="," msd="MORPH=empty">,</w>            </seg>            <seg xml:id="urn:cts:latinLit:phi0119.phi010.perseus-lat2:line.857">                <w xml:id="line.857#w.1" pos="PROper" lemma="ego" msd="Case=Acc|Numb=Sing">me</w>                <w xml:id="line.857#w.2" pos="ADV" lemma="quidem" msd="Deg=Pos">quidem</w>                <w xml:id="line.857#w.3" pos="CONsub" lemma="si2" msd="MORPH=empty">si</w>                <w xml:id="line.857#w.4" pos="VER" lemma="attego" msd="Numb=Sing|Mood=Ind|Tense=FutAnt|Voice=Act|Person=2">attÃ­geris</w>                <w xml:id="line.857#w.5" pos="CONcoo" lemma="aut" msd="MORPH=empty">aut</w>                <w xml:id="line.857#w.6" pos="CONsub" lemma="si2" msd="MORPH=empty">si</w>                <w xml:id="line.857#w.7" pos="ADV" lemma="prope1" msd="Deg=Comp">propius</w>                <w xml:id="line.857#w.8" pos="PRE" lemma="ad2" msd="MORPH=empty">ad</w>                <w xml:id="line.857#w.9" pos="PROper" lemma="ego" msd="Case=Acc|Numb=Sing">me</w>                <w xml:id="line.857#w.10" pos="VER" lemma="accedo1" msd="Numb=Sing|Mood=Ind|Tense=FutAnt|Voice=Act|Person=2">accesseris</w>                <w xml:id="line.857#w.11" pos="PUNC" lemma="." msd="MORPH=empty">.</w>            </seg>            <seg xml:id="urn:cts:latinLit:phi0119.phi010.perseus-lat2:line.858">                <w xml:id="line.858#w.1" pos="VER" lemma="facio" msd="Numb=Sing|Mood=Ind|Tense=Fut|Voice=Act|Person=1">Faciam</w>                <w xml:id="line.858#w.2" pos="PROrel" lemma="qui1" msd="Case=Acc|Numb=Sing">quod</w>                <w xml:id="line.858#w.3" pos="VER" lemma="iubeo" msd="Numb=Sing|Mood=Ind|Tense=Pres|Voice=Act|Person=2">iubes</w>                <w xml:id="line.858#w.4" pos="PUNC" lemma=";" msd="MORPH=empty">;</w>                <w xml:id="line.858#w.5" pos="NOM" lemma="securis" msd="Case=Acc|Numb=Sing">securim</w>                <w xml:id="line.858#w.6" pos="VER" lemma="capio2" msd="Numb=Sing|Mood=Sub|Tense=Pres|Voice=Act|Person=1">capiam</w>                <w xml:id="line.858#w.7" pos="ADJqua" lemma="anceps2" msd="Case=Acc|Numb=Sing|Deg=Pos">ancipitem</w>                <w xml:id="line.858#w.8" pos="PUNC" lemma="," msd="MORPH=empty">,</w>                <w xml:id="line.858#w.9" pos="CONcoo" lemma="atque1" msd="MORPH=empty">atque</w>                <w xml:id="line.858#w.10" pos="PROdem" lemma="hic1" msd="Case=Acc|Numb=Sing">hunc</w>                <w xml:id="line.858#w.11" pos="NOM" lemma="senex?" msd="Case=Acc|Numb=Sing">senem</w>            </seg>            <seg xml:id="urn:cts:latinLit:phi0119.phi010.perseus-lat2:line.859">                <w xml:id="line.859#w.1" pos="NOM" lemma="os?" msd="Case=Abl|Numb=Sing">osse</w>                <w xml:id="line.859#w.2" pos="NOM" lemma="finis" msd="Case=Abl|Numb=Sing">fini</w>                <w xml:id="line.859#w.3" pos="VER" lemma="dedolo" msd="Numb=Sing|Mood=Ind|Tense=Fut|Voice=Act|Person=1">dedolabo</w>                <w xml:id="line.859#w.4" pos="ADV" lemma="sasulatim" msd="Deg=Pos">Ã¡ssulatim</w>                <w xml:id="line.859#w.5" pos="NOM" lemma="uiscus?" msd="Case=Acc|Numb=Plur">viscera</w>                <w xml:id="line.859#w.6" pos="PUNC" lemma="." msd="MORPH=empty">.</w>            </seg>            <seg xml:id="urn:cts:latinLit:phi0119.phi010.perseus-lat2:line.860">                <w xml:id="line.860#w.1" pos="CONcoo" lemma="enim2" msd="MORPH=empty">Enim</w>                <w xml:id="line.860#w.2" pos="CONcoo" lemma="uero4" msd="Deg=Pos">vero</w>                <w xml:id="line.860#w.3" pos="PROdem" lemma="ille" msd="Case=Nom|Numb=Sing">illud</w>                <w xml:id="line.860#w.4" pos="VER" lemma="praecaueo" msd="Case=Nom|Numb=Sing|Mood=Adj|Voice=Pass">praecavendumst</w>                <w xml:id="line.860#w.5" pos="VER" lemma="sum1" msd="Numb=Sing|Mood=Ind|Tense=Pres|Voice=Act|Person=3">praecavendumst</w>                <w xml:id="line.860#w.6" pos="PUNC" lemma="," msd="MORPH=empty">,</w>                <w xml:id="line.860#w.7" pos="CONcoo" lemma="atque1" msd="MORPH=empty">atque</w>                <w xml:id="line.860#w.8" pos="VER" lemma="accuro" msd="Case=Nom|Numb=Sing|Mood=Adj|Voice=Pass">adcurandumst</w>                <w xml:id="line.860#w.9" pos="VER" lemma="sum1" msd="Numb=Sing|Mood=Ind|Tense=Pres|Voice=Act|Person=3">adcurandumst</w>                <w xml:id="line.860#w.10" pos="PROper" lemma="ego" msd="Case=Dat|Numb=Sing">mihi</w>                <w xml:id="line.860#w.11" pos="PUNC" lemma=";" msd="MORPH=empty">;</w>            </seg>            <seg xml:id="urn:cts:latinLit:phi0119.phi010.perseus-lat2:line.861">                <w xml:id="line.861#w.1" pos="ADV" lemma="sane" msd="Deg=Pos">sane</w>                <w xml:id="line.861#w.2" pos="PROper" lemma="ego" msd="Case=Nom|Numb=Sing">ego</w>                <w xml:id="line.861#w.3" pos="PROdem" lemma="ille" msd="Case=Acc|Numb=Sing">illÃºm</w>                <w xml:id="line.861#w.4" pos="VER" lemma="metuo" msd="Numb=Sing|Mood=Ind|Tense=Pres|Voice=Act|Person=1">metuo</w>                <w xml:id="line.861#w.5" pos="PUNC" lemma="," msd="MORPH=empty">,</w>                <w xml:id="line.861#w.6" pos="CONsub" lemma="ut4" msd="MORPH=empty">ut</w>                <w xml:id="line.861#w.7" pos="VER" lemma="minor" msd="Numb=Sing|Mood=Ind|Tense=Pres|Voice=Dep|Person=3">minatur</w>                <w xml:id="line.861#w.8" pos="PUNC" lemma="," msd="MORPH=empty">,</w>                <w xml:id="line.861#w.9" pos="CONsub" lemma="ne4" msd="MORPH=empty">ne</w>                <w xml:id="line.861#w.10" pos="PROind" lemma="quis2" msd="Case=Acc|Numb=Sing">quid</w>                <w xml:id="line.861#w.11" pos="ADV" lemma="male" msd="Deg=Pos">male</w>                <w xml:id="line.861#w.12" pos="VER" lemma="facio" msd="Numb=Sing|Mood=Ind|Tense=Perf|Voice=Act|Person=3">faxit</w>                <w xml:id="line.861#w.13" pos="PROper" lemma="ego" msd="Case=Dat|Numb=Sing">mihi</w>                <w xml:id="line.861#w.14" pos="PUNC" lemma="." msd="MORPH=empty">.</w>            </seg>            <seg xml:id="urn:cts:latinLit:phi0119.phi010.perseus-lat2:line.862">                <w xml:id="line.862#w.1" pos="ADJqua" lemma="multus" msd="Case=Acc|Numb=Plur|Deg=Pos">Multa</w>                <w xml:id="line.862#w.2" pos="PROper" lemma="ego" msd="Case=Dat|Numb=Sing">mi</w>                <w xml:id="line.862#w.3" pos="VER" lemma="impero" msd="Numb=Sing|Mood=Ind|Tense=Pres|Voice=Act|Person=2">imperas</w>                <w xml:id="line.862#w.4" pos="PUNC" lemma="," msd="MORPH=empty">,</w>                <w xml:id="line.862#w.5" pos="VER" lemma="apollo" msd="Numb=Sing|Mood=Ind|Tense=Pres|Voice=Act|Person=1">Apollo</w>                <w xml:id="line.862#w.6" pos="PUNC" lemma=":" msd="MORPH=empty">:</w>                <w xml:id="line.862#w.7" pos="ADV" lemma="nunc" msd="Deg=Pos">nunc</w>                <w xml:id="line.862#w.8" pos="NOM" lemma="equus" msd="Case=Acc|Numb=Plur">equos</w>                <w xml:id="line.862#w.9" pos="VER" lemma="iungo" msd="Case=Acc|Numb=Plur|Mood=Par|Tense=Perf|Voice=Pass">iunctos</w>                <w xml:id="line.862#w.10" pos="VER" lemma="iubeo" msd="Numb=Sing|Mood=Ind|Tense=Pres|Voice=Act|Person=2">iubes</w>            </seg>            <seg xml:id="urn:cts:latinLit:phi0119.phi010.perseus-lat2:line.863">                <w xml:id="line.863#w.1" pos="VER" lemma="capio2" msd="Mood=Inf|Tense=Pres|Voice=Act">capere</w>                <w xml:id="line.863#w.2" pos="PROper" lemma="ego" msd="Case=Acc|Numb=Sing">me</w>                <w xml:id="line.863#w.3" pos="ADJqua" lemma="indomitus" msd="Case=Acc|Numb=Plur|Deg=Pos">indomitos</w>                <w xml:id="line.863#w.4" pos="PUNC" lemma="," msd="MORPH=empty">,</w>                <w xml:id="line.863#w.5" pos="ADJqua" lemma="ferox" msd="Case=Acc|Numb=Plur|Deg=Pos">ferocis</w>                <w xml:id="line.863#w.6" pos="PUNC" lemma="," msd="MORPH=empty">,</w>                <w xml:id="line.863#w.7" pos="CONcoo" lemma="atque1" msd="MORPH=empty">atque</w>                <w xml:id="line.863#w.8" pos="PRE" lemma="in" msd="MORPH=empty">in</w>                <w xml:id="line.863#w.9" pos="NOM" lemma="currus" msd="Case=Acc|Numb=Sing">currum</w>                <w xml:id="line.863#w.10" pos="VER" lemma="inscendo" msd="Mood=Inf|Tense=Pres|Voice=Act">inscendere</w>                <w xml:id="line.863#w.11" pos="PUNC" lemma="," msd="MORPH=empty">,</w>            </seg>            <seg xml:id="urn:cts:latinLit:phi0119.phi010.perseus-lat2:line.864">                <w xml:id="line.864#w.1" pos="CONsub" lemma="ut4" msd="MORPH=empty">ut</w>                <w xml:id="line.864#w.2" pos="PROper" lemma="ego" msd="Case=Nom|Numb=Sing">ego</w>                <w xml:id="line.864#w.3" pos="PROdem" lemma="hic1" msd="Case=Acc|Numb=Sing">hunc</w>                <w xml:id="line.864#w.4" pos="VER" lemma="protero" msd="Numb=Sing|Mood=Sub|Tense=Pres|Voice=Act|Person=1">proteram</w>                <w xml:id="line.864#w.5" pos="NOM" lemma="leo" msd="Case=Acc|Numb=Sing">leonem</w>                <w xml:id="line.864#w.6" pos="ADJqua" lemma="uetulus2" msd="Case=Acc|Numb=Sing|Deg=Pos">vetulum</w>                <w xml:id="line.864#w.7" pos="PUNC" lemma="," msd="MORPH=empty">,</w>                <w xml:id="line.864#w.8" pos="VER" lemma="oleo" msd="Case=Acc|Numb=Sing">olentem</w>                <w xml:id="line.864#w.9" pos="PUNC" lemma="," msd="MORPH=empty">,</w>                <w xml:id="line.864#w.10" pos="ADJqua" lemma="edentulus" msd="Case=Acc|Numb=Sing|Deg=Pos">edentulum</w>                <w xml:id="line.864#w.11" pos="PUNC" lemma="." msd="MORPH=empty">.</w>            </seg>            <seg xml:id="urn:cts:latinLit:phi0119.phi010.perseus-lat2:line.865">                <w xml:id="line.865#w.1" pos="ADV" lemma="iam" msd="Deg=Pos">iam</w>                <w xml:id="line.865#w.2" pos="VER" lemma="asto" msd="Numb=Sing|Mood=Ind|Tense=Perf|Voice=Act|Person=1">adstiti</w>                <w xml:id="line.865#w.3" pos="PRE" lemma="in" msd="MORPH=empty">in</w>                <w xml:id="line.865#w.4" pos="NOM" lemma="currus" msd="Case=Acc|Numb=Sing">currum</w>                <w xml:id="line.865#w.5" pos="PUNC" lemma="," msd="MORPH=empty">,</w>                <w xml:id="line.865#w.6" pos="ADV" lemma="iam" msd="Deg=Pos">iam</w>                <w xml:id="line.865#w.7" pos="NOM" lemma="lorum" msd="Case=Acc|Numb=Plur">lora</w>                <w xml:id="line.865#w.8" pos="VER" lemma="teneo" msd="Numb=Sing|Mood=Ind|Tense=Pres|Voice=Act|Person=1">teneo</w>                <w xml:id="line.865#w.9" pos="PUNC" lemma="," msd="MORPH=empty">,</w>                <w xml:id="line.865#w.10" pos="ADV" lemma="iam" msd="Deg=Pos">iam</w>                <w xml:id="line.865#w.11" pos="NOM" lemma="stimulus" msd="Case=Nom|Numb=Sing">stimulus</w>                <w xml:id="line.865#w.12" pos="PRE" lemma="in" msd="MORPH=empty">in</w>                <w xml:id="line.865#w.13" pos="NOM" lemma="manus?" msd="Case=Abl|Numb=Sing">manust</w>                <w xml:id="line.865#w.14" pos="PUNC" lemma="." msd="MORPH=empty">.</w>            </seg>            <seg xml:id="urn:cts:latinLit:phi0119.phi010.perseus-lat2:line.866">                <w xml:id="line.866#w.1" pos="INJ" lemma="ago" msd="Numb=Plur|Mood=Imp|Tense=Pres|Voice=Act|Person=2">agite</w>                <w xml:id="line.866#w.2" pos="NOM" lemma="equus" msd="Case=Voc|Numb=Plur">equi</w>                <w xml:id="line.866#w.3" pos="PUNC" lemma="," msd="MORPH=empty">,</w>                <w xml:id="line.866#w.4" pos="VER" lemma="facio" msd="Numb=Plur|Mood=Imp|Tense=Fut|Voice=Act|Person=2">facitote</w>                <w xml:id="line.866#w.5" pos="NOM" lemma="sonitus" msd="Case=Nom|Numb=Plur">sonitus</w>                <w xml:id="line.866#w.6" pos="NOM" lemma="ungula" msd="Case=Gen|Numb=Plur">ungularum</w>                <w xml:id="line.866#w.7" pos="VER" lemma="appareo" msd="Numb=Sing|Mood=Sub|Tense=Pres|Voice=Act|Person=3">appareat</w>                <w xml:id="line.866#w.8" pos="PUNC" lemma="," msd="MORPH=empty">,</w>            </seg>            <seg xml:id="urn:cts:latinLit:phi0119.phi010.perseus-lat2:line.867">                <w xml:id="line.867#w.1" pos="NOM" lemma="cursus" msd="Case=Abl|Numb=Sing">cursu</w>                <w xml:id="line.867#w.2" pos="ADJqua" lemma="celer" msd="Case=Abl|Numb=Sing|Deg=Pos">celeri</w>                <w xml:id="line.867#w.3" pos="VER" lemma="facio" msd="Numb=Plur|Mood=Imp|Tense=Pres|Voice=Act|Person=2">facite</w>                <w xml:id="line.867#w.4" pos="VER" lemma="inflecto" msd="Case=Nom|Numb=Sing|Mood=Par|Tense=Perf|Voice=Pass">inflexa</w>                <w xml:id="line.867#w.5" pos="VER" lemma="sum1" msd="Numb=Sing|Mood=Sub|Tense=Pres|Voice=Act|Person=3">sit</w>                <w xml:id="line.867#w.6" pos="NOM" lemma="pes" msd="Case=Gen|Numb=Plur">pedum</w>                <w xml:id="line.867#w.7" pos="NOM" lemma="pernicitas" msd="Case=Nom|Numb=Sing">pernicitas</w>                <w xml:id="line.867#w.8" pos="PUNC" lemma="." msd="MORPH=empty">.</w>            </seg>            <seg xml:id="urn:cts:latinLit:phi0119.phi010.perseus-lat2:line.868">                <w xml:id="line.868#w.1" pos="PROper" lemma="ego" msd="Case=Dat|Numb=Sing">Mihin</w>                <w xml:id="line.868#w.2" pos="ADV" lemma="ne2" msd="MORPH=empty">Mihin</w>                <w xml:id="line.868#w.3" pos="NOM" lemma="equus" msd="Case=Abl|Numb=Plur">equis</w>                <w xml:id="line.868#w.4" pos="VER" lemma="iungo" msd="Case=Abl|Numb=Plur|Mood=Par|Tense=Perf|Voice=Pass">iunctis</w>                <w xml:id="line.868#w.5" pos="VER" lemma="minor" msd="Numb=Sing|Mood=Sub|Tense=Pres|Voice=Dep|Person=2">minare</w>                <w xml:id="line.868#w.6" pos="PUNC" lemma="?" msd="MORPH=empty">?</w>            </seg>            <seg xml:id="urn:cts:latinLit:phi0119.phi010.perseus-lat2:line.868b">                <w xml:id="line.868b#w.1" pos="INJ" lemma="ecce" msd="MORPH=empty">Ecce</w>                <w xml:id="line.868b#w.2" pos="PUNC" lemma="," msd="MORPH=empty">,</w>                <w xml:id="line.868b#w.3" pos="VER" lemma="apollo" msd="Numb=Sing|Mood=Ind|Tense=Pres|Voice=Act|Person=1">Apollo</w>                <w xml:id="line.868b#w.4" pos="PUNC" lemma="," msd="MORPH=empty">,</w>                <w xml:id="line.868b#w.5" pos="ADV" lemma="denuo2" msd="Deg=Pos">denuo</w>            </seg>            <seg xml:id="urn:cts:latinLit:phi0119.phi010.perseus-lat2:line.869">                <w xml:id="line.869#w.1" pos="PROper" lemma="ego" msd="Case=Acc|Numb=Sing">me</w>                <w xml:id="line.869#w.2" pos="VER" lemma="iubeo" msd="Numb=Sing|Mood=Ind|Tense=Pres|Voice=Act|Person=2">iubes</w>                <w xml:id="line.869#w.3" pos="VER" lemma="facio" msd="Mood=Inf|Tense=Pres|Voice=Act">facere</w>                <w xml:id="line.869#w.4" pos="NOM" lemma="impetus" msd="Case=Acc|Numb=Sing">impetum</w>                <w xml:id="line.869#w.5" pos="PRE" lemma="in" msd="MORPH=empty">in</w>                <w xml:id="line.869#w.6" pos="PROdem" lemma="is" msd="Case=Acc|Numb=Sing">eum</w>                <w xml:id="line.869#w.7" pos="PROrel" lemma="qui1" msd="Case=Nom|Numb=Sing">qui</w>                <w xml:id="line.869#w.8" pos="VER" lemma="sto" msd="Numb=Sing|Mood=Ind|Tense=Pres|Voice=Act|Person=3">stat</w>                <w xml:id="line.869#w.9" pos="CONcoo" lemma="atque1" msd="MORPH=empty">atque</w>                <w xml:id="line.869#w.10" pos="VER" lemma="occido?" msd="Mood=Inf|Tense=Pres|Voice=Act">occidere</w>                <w xml:id="line.869#w.11" pos="PUNC" lemma="." msd="MORPH=empty">.</w>            </seg>            <seg xml:id="urn:cts:latinLit:phi0119.phi010.perseus-lat2:line.870">                <w xml:id="line.870#w.1" pos="CONcoo" lemma="sed" msd="MORPH=empty">sed</w>                <w xml:id="line.870#w.2" pos="PROint" lemma="quis1" msd="Case=Nom|Numb=Sing">quis</w>                <w xml:id="line.870#w.3" pos="PROdem" lemma="hic1" msd="Case=Nom|Numb=Sing|Deg=Pos">hic</w>                <w xml:id="line.870#w.4" pos="VER" lemma="sum1" msd="Numb=Sing|Mood=Ind|Tense=Pres|Voice=Act|Person=3">est</w>                <w xml:id="line.870#w.5" pos="PROrel" lemma="qui1" msd="Case=Nom|Numb=Sing">qui</w>                <w xml:id="line.870#w.6" pos="PROper" lemma="ego" msd="Case=Acc|Numb=Sing">me</w>                <w xml:id="line.870#w.7" pos="NOM" lemma="capillus" msd="Case=Abl|Numb=Sing">capillo</w>                <w xml:id="line.870#w.8" pos="PROdem" lemma="hic1" msd="Case=Acc|Numb=Sing">hÃ­nc</w>                <w xml:id="line.870#w.9" pos="PRE" lemma="de" msd="MORPH=empty">de</w>                <w xml:id="line.870#w.10" pos="NOM" lemma="currus" msd="Case=Abl|Numb=Sing">curru</w>                <w xml:id="line.870#w.11" pos="VER" lemma="deripio" msd="Numb=Sing|Mood=Ind|Tense=Pres|Voice=Act|Person=3">deripit</w>                <w xml:id="line.870#w.12" pos="PUNC" lemma="?" msd="MORPH=empty">?</w>            </seg>            <seg xml:id="urn:cts:latinLit:phi0119.phi010.perseus-lat2:line.871">                <w xml:id="line.871#w.1" pos="NOM" lemma="imperium" msd="Case=Acc|Numb=Sing">imperium</w>                <w xml:id="line.871#w.2" pos="PROpos" lemma="tuus" msd="Case=Acc|Numb=Sing">tuom</w>                <w xml:id="line.871#w.3" pos="VER" lemma="demuto2" msd="Numb=Sing|Mood=Ind|Tense=Pres|Voice=Act|Person=3">demutat</w>                <w xml:id="line.871#w.4" pos="CONcoo" lemma="atque1" msd="MORPH=empty">atque</w>                <w xml:id="line.871#w.5" pos="NOM" lemma="edictum" msd="Case=Acc|Numb=Sing">edictum</w>                <w xml:id="line.871#w.6" pos="NOM" lemma="apollinus" msd="Case=Abl|Numb=Plur">Apollinis</w>                <w xml:id="line.871#w.7" pos="PUNC" lemma="." msd="MORPH=empty">.</w>            </seg>            <seg xml:id="urn:cts:latinLit:phi0119.phi010.perseus-lat2:line.872">                <w xml:id="line.872#w.1" pos="INJ" lemma="eu" msd="MORPH=empty">Eu</w>                <w xml:id="line.872#w.2" pos="INJ" lemma="hrrcules" msd="MORPH=empty">hÃ©rcle</w>                <w xml:id="line.872#w.3" pos="NOM" lemma="morbus" msd="Case=Acc|Numb=Sing">morbum</w>                <w xml:id="line.872#w.4" pos="ADJqua" lemma="acer2" msd="Case=Acc|Numb=Sing|Deg=Pos">acrem</w>                <w xml:id="line.872#w.5" pos="INJ" lemma="ac?" msd="MORPH=empty">ac</w>                <w xml:id="line.872#w.6" pos="ADJqua" lemma="durus" msd="Case=Acc|Numb=Sing|Deg=Pos">durum</w>                <w xml:id="line.872#w.7" pos="NOM" lemma="deus" msd="Case=Nom|Numb=Plur">di</w>                <w xml:id="line.872#w.8" pos="PROpos" lemma="uester" msd="Case=Acc|Numb=Sing">vostram</w>                <w xml:id="line.872#w.9" pos="NOM" lemma="fides?" msd="Case=Acc|Numb=Sing">fidem</w>                <w xml:id="line.872#w.10" pos="PUNC" lemma="." msd="MORPH=empty">.</w>            </seg>            <seg xml:id="urn:cts:latinLit:phi0119.phi010.perseus-lat2:line.873">                <w xml:id="line.873#w.1" pos="CONcoo" lemma="uel2" msd="MORPH=empty">vel</w>                <w xml:id="line.873#w.2" pos="PROdem" lemma="hic1" msd="Case=Nom|Numb=Sing">hic</w>                <w xml:id="line.873#w.3" pos="PROrel" lemma="qui1" msd="Case=Nom|Numb=Sing">qui</w>                <w xml:id="line.873#w.4" pos="VER" lemma="insanio" msd="Numb=Sing|Mood=Ind|Tense=Pres|Voice=Act|Person=3">insanit</w>                <w xml:id="line.873#w.5" pos="PUNC" lemma="," msd="MORPH=empty">,</w>                <w xml:id="line.873#w.6" pos="ADVrel" lemma="quam1" msd="MORPH=empty">quam</w>                <w xml:id="line.873#w.7" pos="VER" lemma="ualeo" msd="Numb=Sing|Mood=Ind|Tense=Perf|Voice=Act|Person=3">valuit</w>                <w xml:id="line.873#w.8" pos="ADV" lemma="paulo" msd="Deg=Pos">paulo</w>                <w xml:id="line.873#w.9" pos="ADJadv.ord" lemma="prius" msd="Deg=Comp">prius</w>                <w xml:id="line.873#w.10" pos="PUNC" lemma=";" msd="MORPH=empty">;</w>            </seg>            <seg xml:id="urn:cts:latinLit:phi0119.phi010.perseus-lat2:line.874">                <w xml:id="line.874#w.1" pos="PROdem" lemma="is" msd="Case=Dat|Numb=Sing">ei</w>                <w xml:id="line.874#w.2" pos="ADV" lemma="derepente" msd="Case=Abl|Deg=Pos">derepente</w>                <w xml:id="line.874#w.3" pos="PROdem" lemma="tantus" msd="Case=Nom|Numb=Sing">tantus</w>                <w xml:id="line.874#w.4" pos="NOM" lemma="morbus" msd="Case=Nom|Numb=Sing">morbus</w>                <w xml:id="line.874#w.5" pos="VER" lemma="incido?" msd="Numb=Sing|Mood=Ind|Tense=Perf|Voice=Act|Person=3">incidit</w>                <w xml:id="line.874#w.6" pos="PUNC" lemma="." msd="MORPH=empty">.</w>            </seg>            <seg xml:id="urn:cts:latinLit:phi0119.phi010.perseus-lat2:line.875">                <w xml:id="line.875#w.1" pos="VER" lemma="eo1" msd="Numb=Sing|Mood=Ind|Tense=Fut|Voice=Act|Person=1">ibo</w>                <w xml:id="line.875#w.2" pos="CONcoo" lemma="atque1" msd="MORPH=empty">atque</w>                <w xml:id="line.875#w.3" pos="VER" lemma="arcesso" msd="Numb=Sing|Mood=Ind|Tense=Fut|Voice=Act|Person=1">accersam</w>                <w xml:id="line.875#w.4" pos="NOM" lemma="medicus?" msd="Case=Acc|Numb=Sing">medicum</w>                <w xml:id="line.875#w.5" pos="ADV" lemma="iam" msd="Deg=Pos">iam</w>                <w xml:id="line.875#w.6" pos="ADVrel" lemma="quantum3" msd="Case=Nom|Numb=Sing">quantum</w>                <w xml:id="line.875#w.7" pos="VER" lemma="possum1" msd="Numb=Sing|Mood=Ind|Tense=Pres|Voice=Act|Person=3">potest</w>                <w xml:id="line.875#w.8" pos="PUNC" lemma="." msd="MORPH=empty">.</w>                <w xml:id="line.875#w.9" pos="PUNC" lemma="â" msd="MORPH=empty">â</w>            </seg>            <seg xml:id="urn:cts:latinLit:phi0119.phi010.perseus-lat2:line.876">                <w xml:id="line.876#w.1" pos="ADV" lemma="iam" msd="Deg=Pos">Iamne</w>                <w xml:id="line.876#w.2" pos="ADV" lemma="ne2" msd="MORPH=empty">Iamne</w>                <w xml:id="line.876#w.3" pos="PROdem" lemma="iste" msd="Case=Nom|Numb=Plur">isti</w>                <w xml:id="line.876#w.4" pos="VER" lemma="abeo1" msd="Numb=Plur|Mood=Ind|Tense=Perf|Voice=Act|Person=3">abierunt</w>                <w xml:id="line.876#w.5" pos="PUNC" lemma="," msd="MORPH=empty">,</w>                <w xml:id="line.876#w.6" pos="VER" lemma="quaeso" msd="Numb=Sing|Mood=Ind|Tense=Pres|Voice=Act|Person=1">quaeso</w>                <w xml:id="line.876#w.7" pos="PUNC" lemma="," msd="MORPH=empty">,</w>                <w xml:id="line.876#w.8" pos="PRE" lemma="ex" msd="MORPH=empty">ex</w>                <w xml:id="line.876#w.9" pos="NOM" lemma="conspectus?" msd="Case=Abl|Numb=Sing">conspectu</w>                <w xml:id="line.876#w.10" pos="PROpos" lemma="meus" msd="Case=Abl|Numb=Sing">meo</w>                <w xml:id="line.876#w.11" pos="PUNC" lemma="," msd="MORPH=empty">,</w>            </seg>            <seg xml:id="urn:cts:latinLit:phi0119.phi010.perseus-lat2:line.877">                <w xml:id="line.877#w.1" pos="PROrel" lemma="qui1" msd="Case=Nom|Numb=Plur">qui</w>                <w xml:id="line.877#w.2" pos="PROper" lemma="ego" msd="Case=Abl|Numb=Sing">me</w>                <w xml:id="line.877#w.3" pos="NOM" lemma="uis" msd="Case=Abl|Numb=Sing">vi</w>                <w xml:id="line.877#w.4" pos="VER" lemma="cogo" msd="Numb=Plur|Mood=Ind|Tense=Pres|Voice=Act|Person=3">cogunt</w>                <w xml:id="line.877#w.5" pos="PUNC" lemma="," msd="MORPH=empty">,</w>                <w xml:id="line.877#w.6" pos="ADVrel" lemma="ut1" msd="MORPH=empty">ut</w>                <w xml:id="line.877#w.7" pos="ADJqua" lemma="ualidus" msd="Case=Nom|Numb=Sing|Deg=Pos">validus</w>                <w xml:id="line.877#w.8" pos="NOM" lemma="insania" msd="Case=Acc|Numb=Sing">insaniam</w>                <w xml:id="line.877#w.9" pos="PUNC" lemma="?" msd="MORPH=empty">?</w>            </seg>            <seg xml:id="urn:cts:latinLit:phi0119.phi010.perseus-lat2:line.878">                <w xml:id="line.878#w.1" pos="PROint" lemma="quis1" msd="Case=Acc|Numb=Sing">quid</w>                <w xml:id="line.878#w.2" pos="VER" lemma="cesso" msd="Numb=Sing|Mood=Ind|Tense=Pres|Voice=Act|Person=1">cesso</w>                <w xml:id="line.878#w.3" pos="VER" lemma="abeo1" msd="Mood=Inf|Tense=Pres|Voice=Act">abire</w>                <w xml:id="line.878#w.4" pos="PRE" lemma="ad2" msd="MORPH=empty">ad</w>                <w xml:id="line.878#w.5" pos="NOM" lemma="nauis" msd="Case=Acc|Numb=Sing">navem</w>                <w xml:id="line.878#w.6" pos="PUNC" lemma="," msd="MORPH=empty">,</w>                <w xml:id="line.878#w.7" pos="CONsub" lemma="dum2" msd="MORPH=empty">dum</w>                <w xml:id="line.878#w.8" pos="ADJqua" lemma="saluus" msd="Case=Abl|Numb=Sing|Deg=Pos">salvo</w>                <w xml:id="line.878#w.9" pos="VER" lemma="licet1" msd="Numb=Sing|Mood=Ind|Tense=Pres|Voice=Act|Person=3">licet</w>                <w xml:id="line.878#w.10" pos="PUNC" lemma="?" msd="MORPH=empty">?</w>            </seg>            <seg xml:id="urn:cts:latinLit:phi0119.phi010.perseus-lat2:line.879">                <w xml:id="line.879#w.1" pos="PROper" lemma="uos" msd="Case=Acc|Numb=Plur">vosque</w>                <w xml:id="line.879#w.2" pos="CON" lemma="que" msd="MORPH=empty">vosque</w>                <w xml:id="line.879#w.3" pos="PROind" lemma="omnis" msd="Case=Acc|Numb=Plur">omnis</w>                <w xml:id="line.879#w.4" pos="VER" lemma="quaeso" msd="Numb=Sing|Mood=Ind|Tense=Pres|Voice=Act|Person=1">quaeso</w>                <w xml:id="line.879#w.5" pos="PUNC" lemma="," msd="MORPH=empty">,</w>                <w xml:id="line.879#w.6" pos="CONsub" lemma="si2" msd="MORPH=empty">si</w>                <w xml:id="line.879#w.7" pos="NOM" lemma="senex?" msd="Case=Nom|Numb=Sing">senex</w>                <w xml:id="line.879#w.8" pos="VER" lemma="reuenio" msd="Numb=Sing|Mood=Ind|Tense=FutAnt|Voice=Act|Person=3">revenerit</w>                <w xml:id="line.879#w.9" pos="PUNC" lemma="," msd="MORPH=empty">,</w>            </seg>            <seg xml:id="urn:cts:latinLit:phi0119.phi010.perseus-lat2:line.881">                <w xml:id="line.881#w.1" pos="CONsub" lemma="ne4" msd="MORPH=empty">ne</w>                <w xml:id="line.881#w.2" pos="PROper" lemma="ego" msd="Case=Acc|Numb=Sing">me</w>                <w xml:id="line.881#w.3" pos="VER" lemma="indico?" msd="Numb=Plur|Mood=Sub|Tense=Pres|Voice=Act|Person=2">indicetis</w>                <w xml:id="line.881#w.4" pos="PROint" lemma="quis1" msd="Case=Abl|Numb=Sing">qua</w>                <w xml:id="line.881#w.5" pos="NOM" lemma="platea1" msd="Case=Abl|Numb=Sing">platea</w>                <w xml:id="line.881#w.6" pos="ADV" lemma="hinc" msd="Deg=Pos">hinc</w>                <w xml:id="line.881#w.7" pos="VER" lemma="aufugio" msd="Numb=Sing|Mood=Sub|Tense=Perf|Voice=Act|Person=1">aufugerim</w>                <w xml:id="line.881#w.8" pos="PUNC" lemma="." msd="MORPH=empty">.</w>                <w xml:id="line.881#w.9" pos="PUNC" lemma="â" msd="MORPH=empty">â</w>            </seg>            <seg xml:id="urn:cts:latinLit:phi0119.phi010.perseus-lat2:line.882">                <w xml:id="line.882#w.1" pos="NOM" lemma="lumbus" msd="Case=Nom|Numb=Plur">Lumbi</w>                <w xml:id="line.882#w.2" pos="VER" lemma="sedeo" msd="Case=Abl|Numb=Sing|Mood=Adj|Voice=Pass">sedendo</w>                <w xml:id="line.882#w.3" pos="PUNC" lemma="," msd="MORPH=empty">,</w>                <w xml:id="line.882#w.4" pos="NOM" lemma="sculum" msd="Case=Nom|Numb=Plur">Ã³culi</w>                <w xml:id="line.882#w.5" pos="VER" lemma="specto" msd="Case=Abl|Numb=Sing|Mood=Ger|Voice=Act">spectando</w>                <w xml:id="line.882#w.6" pos="VER" lemma="doleo" msd="Numb=Plur|Mood=Ind|Tense=Pres|Voice=Act|Person=3">dolent</w>                <w xml:id="line.882#w.7" pos="PUNC" lemma="," msd="MORPH=empty">,</w>            </seg>            <seg xml:id="urn:cts:latinLit:phi0119.phi010.perseus-lat2:line.883">                <w xml:id="line.883#w.1" pos="VER" lemma="maneo" msd="Case=Abl|Numb=Sing|Mood=Ger|Voice=Act">manendo</w>                <w xml:id="line.883#w.2" pos="NOM" lemma="medicus?" msd="Case=Acc|Numb=Sing">medicum</w>                <w xml:id="line.883#w.3" pos="PUNC" lemma="," msd="MORPH=empty">,</w>                <w xml:id="line.883#w.4" pos="CONsub" lemma="dum2" msd="MORPH=empty">dum</w>                <w xml:id="line.883#w.5" pos="PROref" lemma="sui1" msd="Case=Acc|Numb=Sing">se</w>                <w xml:id="line.883#w.6" pos="PRE" lemma="ex" msd="MORPH=empty">ex</w>                <w xml:id="line.883#w.7" pos="NOM" lemma="opus?" msd="Case=Abl|Numb=Sing">opere</w>                <w xml:id="line.883#w.8" pos="VER" lemma="recipio" msd="Numb=Sing|Mood=Sub|Tense=Pres|Voice=Act|Person=3">recipiat</w>                <w xml:id="line.883#w.9" pos="PUNC" lemma="." msd="MORPH=empty">.</w>            </seg>            <seg xml:id="urn:cts:latinLit:phi0119.phi010.perseus-lat2:line.884">                <w xml:id="line.884#w.1" pos="ADJqua" lemma="odiosus" msd="Case=Nom|Numb=Sing|Deg=Pos">odiosus</w>                <w xml:id="line.884#w.2" pos="ADV" lemma="tandem" msd="Deg=Pos">tandem</w>                <w xml:id="line.884#w.3" pos="ADV" lemma="uix" msd="Deg=Pos">vix</w>                <w xml:id="line.884#w.4" pos="PRE" lemma="ab" msd="MORPH=empty">ab</w>                <w xml:id="line.884#w.5" pos="NOM" lemma="aegrotus" msd="Case=Abl|Numb=Plur|Deg=Pos">aegrotis</w>                <w xml:id="line.884#w.6" pos="VER" lemma="uenio" msd="Numb=Sing|Mood=Ind|Tense=Pres|Voice=Act|Person=3">venit</w>                <w xml:id="line.884#w.7" pos="PUNC" lemma="." msd="MORPH=empty">.</w>            </seg>            <seg xml:id="urn:cts:latinLit:phi0119.phi010.perseus-lat2:line.885">                <w xml:id="line.885#w.1" pos="VER" lemma="aio" msd="Numb=Sing|Mood=Ind|Tense=Pres|Voice=Act|Person=3">ait</w>                <w xml:id="line.885#w.2" pos="PROref" lemma="sui1" msd="Case=Acc|Numb=Sing">se</w>                <w xml:id="line.885#w.3" pos="VER" lemma="sbligo" msd="Mood=Inf|Tense=Perf|Voice=Act">Ã³bligasse</w>                <w xml:id="line.885#w.4" pos="NOM" lemma="crus" msd="Case=Nom|Numb=Sing">crus</w>                <w xml:id="line.885#w.5" pos="VER" lemma="frango" msd="Case=Acc|Numb=Sing|Mood=Par|Tense=Perf|Voice=Pass">fractum</w>                <w xml:id="line.885#w.6" pos="NOM" lemma="aesculapius" msd="Case=Abl|Numb=Sing">Aesculapio</w>                <w xml:id="line.885#w.7" pos="PUNC" lemma="," msd="MORPH=empty">,</w>            </seg>            <seg xml:id="urn:cts:latinLit:phi0119.phi010.perseus-lat2:line.886">                <w xml:id="line.886#w.1" pos="ADJqua" lemma="apollinus" msd="Case=Gen|Numb=Sing|Deg=Pos">Apollini</w>                <w xml:id="line.886#w.2" pos="CONcoo" lemma="autem" msd="MORPH=empty">autem</w>                <w xml:id="line.886#w.3" pos="NOM" lemma="brachium" msd="Case=Acc|Numb=Sing">brachium</w>                <w xml:id="line.886#w.4" pos="PUNC" lemma="." msd="MORPH=empty">.</w>                <w xml:id="line.886#w.5" pos="ADV" lemma="nunc" msd="Deg=Pos">nunc</w>                <w xml:id="line.886#w.6" pos="VER" lemma="cogito" msd="Numb=Sing|Mood=Ind|Tense=Pres|Voice=Act|Person=1">cogito</w>                <w xml:id="line.886#w.7" pos="PUNC" lemma="," msd="MORPH=empty">,</w>            </seg>            <seg xml:id="urn:cts:latinLit:phi0119.phi010.perseus-lat2:line.887">                <w xml:id="line.887#w.1" pos="ADVint" lemma="utrum" msd="MORPH=empty">utrum</w>                <w xml:id="line.887#w.2" pos="PROper" lemma="ego" msd="Case=Acc|Numb=Sing">me</w>                <w xml:id="line.887#w.3" pos="VER" lemma="dico?" msd="Numb=Sing|Mood=Sub|Tense=Pres|Voice=Act|Person=1">dicam</w>                <w xml:id="line.887#w.4" pos="VER" lemma="duco" msd="Mood=Inf|Tense=Pres|Voice=Act">ducere</w>                <w xml:id="line.887#w.5" pos="NOM" lemma="medicus?" msd="Case=Acc|Numb=Sing">medicum</w>                <w xml:id="line.887#w.6" pos="ADVint" lemma="an" msd="MORPH=empty">an</w>                <w xml:id="line.887#w.7" pos="NOM" lemma="faber?" msd="Case=Gen|Numb=Sing">fabrum</w>                <w xml:id="line.887#w.8" pos="PUNC" lemma="." msd="MORPH=empty">.</w>            </seg>            <seg xml:id="urn:cts:latinLit:phi0119.phi010.perseus-lat2:line.888">                <w xml:id="line.888#w.1" pos="CONcoo" lemma="atque1" msd="MORPH=empty">atque</w>                <w xml:id="line.888#w.2" pos="INJ" lemma="ecce" msd="MORPH=empty">eccum</w>                <w xml:id="line.888#w.3" pos="VER" lemma="incedo1" msd="Numb=Sing|Mood=Ind|Tense=Pres|Voice=Act|Person=3">incedit</w>                <w xml:id="line.888#w.4" pos="PUNC" lemma="." msd="MORPH=empty">.</w>                <w xml:id="line.888#w.5" pos="VER" lemma="moueo" msd="Numb=Sing|Mood=Imp|Tense=Pres|Voice=Act|Person=2">move</w>                <w xml:id="line.888#w.6" pos="NOM" lemma="formicinus" msd="Case=Acc|Numb=Sing">formicinum</w>                <w xml:id="line.888#w.7" pos="NOM" lemma="gradus" msd="Case=Acc|Numb=Sing">gradum</w>                <w xml:id="line.888#w.8" pos="PUNC" lemma="." msd="MORPH=empty">.</w>            </seg>            <seg xml:id="urn:cts:latinLit:phi0119.phi010.perseus-lat2:line.889">                <w xml:id="line.889#w.1" pos="PROint" lemma="quis1" msd="Case=Acc|Numb=Sing">quid</w>                <w xml:id="line.889#w.2" pos="VER" lemma="sum1" msd="Mood=Inf|Tense=Pres|Voice=Act">esse</w>                <w xml:id="line.889#w.3" pos="PROind" lemma="ille" msd="Case=Dat|Numb=Sing">Ã­lli</w>                <w xml:id="line.889#w.4" pos="NOM" lemma="morbus" msd="Case=Gen|Numb=Sing">morbi</w>                <w xml:id="line.889#w.5" pos="PUNC" lemma="," msd="MORPH=empty">,</w>                <w xml:id="line.889#w.6" pos="VER" lemma="dico?" msd="Numb=Sing|Mood=Ind|Tense=Pqp|Voice=Act|Person=2">dixeras</w>                <w xml:id="line.889#w.7" pos="PUNC" lemma="?" msd="MORPH=empty">?</w>                <w xml:id="line.889#w.8" pos="VER" lemma="narro" msd="Numb=Sing|Mood=Imp|Tense=Pres|Voice=Act|Person=2">narra</w>                <w xml:id="line.889#w.9" pos="PUNC" lemma="," msd="MORPH=empty">,</w>                <w xml:id="line.889#w.10" pos="NOM" lemma="senex?" msd="Case=Nom|Numb=Sing">senex</w>                <w xml:id="line.889#w.11" pos="PUNC" lemma="." msd="MORPH=empty">.</w>            </seg>            <seg xml:id="urn:cts:latinLit:phi0119.phi010.perseus-lat2:line.890">                <w xml:id="line.890#w.1" pos="ADVint" lemma="num" msd="MORPH=empty">num</w>                <w xml:id="line.890#w.2" pos="VER" lemma="laruo" msd="Numb=Sing|Mood=Par|Tense=Perf|Voice=Pass">laruatust</w>                <w xml:id="line.890#w.3" pos="CONcoo" lemma="aut" msd="MORPH=empty">aut</w>                <w xml:id="line.890#w.4" pos="ADJqua" lemma="cerritus" msd="Case=Nom|Numb=Sing|Deg=Pos">cerritus</w>                <w xml:id="line.890#w.5" pos="PUNC" lemma="?" msd="MORPH=empty">?</w>                <w xml:id="line.890#w.6" pos="VER" lemma="facio" msd="Numb=Sing|Mood=Imp|Tense=Pres|Voice=Act|Person=2">fac</w>                <w xml:id="line.890#w.7" pos="VER" lemma="scio" msd="Numb=Sing|Mood=Sub|Tense=Pres|Voice=Act|Person=1">sciam</w>                <w xml:id="line.890#w.8" pos="PUNC" lemma="." msd="MORPH=empty">.</w>            </seg>            <seg xml:id="urn:cts:latinLit:phi0119.phi010.perseus-lat2:line.891">                <w xml:id="line.891#w.1" pos="ADVint" lemma="num" msd="MORPH=empty">num</w>                <w xml:id="line.891#w.2" pos="PROdem" lemma="is" msd="Case=Acc|Numb=Sing">eum</w>                <w xml:id="line.891#w.3" pos="ADJqua" lemma="ueternus1" msd="Case=Nom|Numb=Sing|Deg=Pos">veternus</w>                <w xml:id="line.891#w.4" pos="CONcoo" lemma="aut" msd="MORPH=empty">aut</w>                <w xml:id="line.891#w.5" pos="NOM" lemma="aqua" msd="Case=Nom|Numb=Sing">aqua</w>                <w xml:id="line.891#w.6" pos="NOM" lemma="intercus" msd="Case=Nom|Deg=Pos">intercus</w>                <w xml:id="line.891#w.7" pos="VER" lemma="teneo" msd="Numb=Sing|Mood=Ind|Tense=Pres|Voice=Act|Person=3">tenet</w>                <w xml:id="line.891#w.8" pos="PUNC" lemma="?" msd="MORPH=empty">?</w>            </seg>            <seg xml:id="urn:cts:latinLit:phi0119.phi010.perseus-lat2:line.892">                <w xml:id="line.892#w.1" pos="ADV" lemma="quin1" msd="Deg=Pos">Quin</w>                <w xml:id="line.892#w.2" pos="PROdem" lemma="is" msd="Case=Acc|Numb=Plur">ea</w>                <w xml:id="line.892#w.3" pos="PROper" lemma="tu" msd="Case=Acc|Numb=Sing">te</w>                <w xml:id="line.892#w.4" pos="NOM" lemma="causa" msd="Case=Abl|Numb=Sing">causa</w>                <w xml:id="line.892#w.5" pos="VER" lemma="duco" msd="Numb=Sing|Mood=Ind|Tense=Pres|Voice=Act|Person=1">duco</w>                <w xml:id="line.892#w.6" pos="PUNC" lemma="," msd="MORPH=empty">,</w>                <w xml:id="line.892#w.7" pos="CONsub" lemma="ut4" msd="MORPH=empty">ut</w>                <w xml:id="line.892#w.8" pos="PROdem" lemma="is" msd="Case=Acc|Numb=Sing">id</w>                <w xml:id="line.892#w.9" pos="VER" lemma="dico?" msd="Numb=Sing|Mood=Sub|Tense=Pres|Voice=Act|Person=2">dicas</w>                <w xml:id="line.892#w.10" pos="PROper" lemma="ego" msd="Case=Dat|Numb=Sing">mihi</w>            </seg>            <seg xml:id="urn:cts:latinLit:phi0119.phi010.perseus-lat2:line.893">                <w xml:id="line.893#w.1" pos="CONcoo" lemma="atque1" msd="MORPH=empty">atque</w>                <w xml:id="line.893#w.2" pos="PROdem" lemma="ille" msd="Case=Acc|Numb=Sing">illum</w>                <w xml:id="line.893#w.3" pos="CONsub" lemma="ut4" msd="MORPH=empty">ut</w>                <w xml:id="line.893#w.4" pos="ADJqua" lemma="sanus" msd="Case=Acc|Numb=Sing|Deg=Pos">sanum</w>                <w xml:id="line.893#w.5" pos="VER" lemma="facio" msd="Numb=Sing|Mood=Sub|Tense=Pres|Voice=Act|Person=2">facias</w>                <w xml:id="line.893#w.6" pos="PUNC" lemma="." msd="MORPH=empty">.</w>            </seg>            <seg xml:id="urn:cts:latinLit:phi0119.phi010.perseus-lat2:line.893b">                <w xml:id="line.893b#w.1" pos="ADV" lemma="perfacile" msd="Case=Nom|Deg=Pos">Perfacile</w>                <w xml:id="line.893b#w.2" pos="PROdem" lemma="is" msd="Case=Nom|Numb=Sing">id</w>                <w xml:id="line.893b#w.3" pos="ADV" lemma="quidem" msd="Deg=Pos">quidemst</w>                <w xml:id="line.893b#w.4" pos="VER" lemma="sum1" msd="Numb=Sing|Mood=Ind|Tense=Pres|Voice=Act|Person=3">quidemst</w>                <w xml:id="line.893b#w.5" pos="PUNC" lemma="." msd="MORPH=empty">.</w>            </seg>            <seg xml:id="urn:cts:latinLit:phi0119.phi010.perseus-lat2:line.894">                <w xml:id="line.894#w.1" pos="ADJqua" lemma="sanus" msd="Case=Acc|Numb=Sing|Deg=Pos">sanum</w>                <w xml:id="line.894#w.2" pos="VER" lemma="sum1" msd="Case=Acc|Numb=Sing|Mood=Par|Tense=Fut|Voice=Act">futurum</w>                <w xml:id="line.894#w.3" pos="PUNC" lemma="," msd="MORPH=empty">,</w>                <w xml:id="line.894#w.4" pos="PROpos" lemma="meus" msd="Case=Nom|Numb=Sing">mea</w>                <w xml:id="line.894#w.5" pos="PROper" lemma="ego" msd="Case=Nom|Numb=Sing">ego</w>                <w xml:id="line.894#w.6" pos="PROdem" lemma="is" msd="Case=Acc|Numb=Sing">id</w>                <w xml:id="line.894#w.7" pos="VER" lemma="promitto" msd="Numb=Sing|Mood=Ind|Tense=Pres|Voice=Act|Person=1">promitto</w>                <w xml:id="line.894#w.8" pos="NOM" lemma="fides?" msd="Case=Abl|Numb=Sing">fide</w>                <w xml:id="line.894#w.9" pos="PUNC" lemma="." msd="MORPH=empty">.</w>            </seg>            <seg xml:id="urn:cts:latinLit:phi0119.phi010.perseus-lat2:line.895">                <w xml:id="line.895#w.1" pos="ADJqua" lemma="magnus" msd="Case=Abl|Numb=Sing|Deg=Pos">Magna</w>                <w xml:id="line.895#w.2" pos="PRE" lemma="cum2" msd="MORPH=empty">cum</w>                <w xml:id="line.895#w.3" pos="NOM" lemma="cura" msd="Case=Abl|Numb=Sing">cura</w>                <w xml:id="line.895#w.4" pos="PROper" lemma="ego" msd="Case=Nom|Numb=Sing">ego</w>                <w xml:id="line.895#w.5" pos="PROdem" lemma="ille" msd="Case=Acc|Numb=Sing">illum</w>                <w xml:id="line.895#w.6" pos="VER" lemma="curo" msd="Mood=Inf|Tense=Pres|Voice=Pass">curari</w>                <w xml:id="line.895#w.7" pos="VER" lemma="uolo?" msd="Numb=Sing|Mood=Ind|Tense=Pres|Voice=Act|Person=1">volo</w>                <w xml:id="line.895#w.8" pos="PUNC" lemma="." msd="MORPH=empty">.</w>            </seg>            <seg xml:id="urn:cts:latinLit:phi0119.phi010.perseus-lat2:line.896">                <w xml:id="line.896#w.1" pos="ADVint.neg" lemma="quin3" msd="Deg=Pos">Quin</w>                <w xml:id="line.896#w.2" pos="VER" lemma="suspiro" msd="Numb=Sing|Mood=Ind|Tense=Fut|Voice=Act|Person=1">suspirabo</w>                <w xml:id="line.896#w.3" pos="ADV" lemma="multum2" msd="Case=Acc|Deg=Comp">plus</w>                <w xml:id="line.896#w.4" pos="ADJcar" lemma="sescenti" msd="Case=Acc|Numb=Plur">sescenta</w>                <w xml:id="line.896#w.5" pos="ADVint" lemma="an" msd="MORPH=empty">Ã­n</w>                <w xml:id="line.896#w.6" pos="NOM" lemma="dies" msd="Case=Abl|Numb=Sing">die</w>                <w xml:id="line.896#w.7" pos="PUNC" lemma=":" msd="MORPH=empty">:</w>            </seg>            <seg xml:id="urn:cts:latinLit:phi0119.phi010.perseus-lat2:line.897">                <w xml:id="line.897#w.1" pos="ADV" lemma="ita" msd="Deg=Pos">ita</w>                <w xml:id="line.897#w.2" pos="PROper" lemma="ego" msd="Case=Nom|Numb=Sing">ego</w>                <w xml:id="line.897#w.3" pos="PROdem" lemma="is" msd="Case=Acc|Numb=Sing">eum</w>                <w xml:id="line.897#w.4" pos="PRE" lemma="cum2" msd="MORPH=empty">cum</w>                <w xml:id="line.897#w.5" pos="NOM" lemma="cura" msd="Case=Abl|Numb=Sing">cura</w>                <w xml:id="line.897#w.6" pos="ADJqua" lemma="magnus" msd="Case=Abl|Numb=Sing|Deg=Pos">magna</w>                <w xml:id="line.897#w.7" pos="VER" lemma="curo" msd="Numb=Sing|Mood=Ind|Tense=Fut|Voice=Act|Person=1">curabo</w>                <w xml:id="line.897#w.8" pos="PROper" lemma="tu" msd="Case=Dat|Numb=Sing">tibi</w>                <w xml:id="line.897#w.9" pos="PUNC" lemma="." msd="MORPH=empty">.</w>            </seg>            <seg xml:id="urn:cts:latinLit:phi0119.phi010.perseus-lat2:line.898">                <w xml:id="line.898#w.1" pos="CONcoo" lemma="atque1" msd="MORPH=empty">Atque</w>                <w xml:id="line.898#w.2" pos="INJ" lemma="ecce" msd="MORPH=empty">eccum</w>                <w xml:id="line.898#w.3" pos="PROdem" lemma="is" msd="MORPH=empty">eccum</w>                <w xml:id="line.898#w.4" pos="PROdem" lemma="ipse" msd="Case=Acc|Numb=Sing">ipsum</w>                <w xml:id="line.898#w.5" pos="NOM" lemma="homo" msd="Case=Acc|Numb=Sing">hominem</w>                <w xml:id="line.898#w.6" pos="PUNC" lemma="." msd="MORPH=empty">.</w>                <w xml:id="line.898#w.7" pos="VER" lemma="obseruo" msd="Numb=Plur|Mood=Sub|Tense=Pres|Voice=Act|Person=1">observemus</w>                <w xml:id="line.898#w.8" pos="PUNC" lemma="," msd="MORPH=empty">,</w>                <w xml:id="line.898#w.9" pos="PROint" lemma="quis1" msd="Case=Acc|Numb=Sing">quam</w>                <w xml:id="line.898#w.10" pos="NOM" lemma="res" msd="Case=Acc|Numb=Sing">rem</w>                <w xml:id="line.898#w.11" pos="VER" lemma="ago" msd="Numb=Sing|Mood=Sub|Tense=Pres|Voice=Act|Person=3">agat</w>                <w xml:id="line.898#w.12" pos="PUNC" lemma="." msd="MORPH=empty">.</w>            </seg>            <seg xml:id="urn:cts:latinLit:phi0119.phi010.perseus-lat2:line.899">                <w xml:id="line.899#w.1" pos="INJ" lemma="edepol" msd="MORPH=empty">Edepol</w>                <w xml:id="line.899#w.2" pos="ADVneg" lemma="ne3" msd="MORPH=empty">ne</w>                <w xml:id="line.899#w.3" pos="PROdem" lemma="hic1" msd="Numb=Sing|Deg=Pos">hic</w>                <w xml:id="line.899#w.4" pos="NOM" lemma="dies" msd="Case=Nom|Numb=Sing">dies</w>                <w xml:id="line.899#w.5" pos="ADJqua" lemma="peruersus" msd="Case=Nom|Numb=Sing|Deg=Pos">pervorsus</w>                <w xml:id="line.899#w.6" pos="CONcoo" lemma="atque1" msd="MORPH=empty">atque</w>                <w xml:id="line.899#w.7" pos="PRE" lemma="aduersus3" msd="MORPH=empty">advorsus</w>                <w xml:id="line.899#w.8" pos="PROper" lemma="ego" msd="Case=Dat|Numb=Sing">mi</w>                <w xml:id="line.899#w.9" pos="VER" lemma="obtingo" msd="Numb=Sing|Mood=Ind|Tense=Perf|Voice=Act|Person=3">optigit</w>                <w xml:id="line.899#w.10" pos="PUNC" lemma="." msd="MORPH=empty">.</w>            </seg>            <seg xml:id="urn:cts:latinLit:phi0119.phi010.perseus-lat2:line.900">                <w xml:id="line.900#w.1" pos="PROrel" lemma="qui1" msd="Case=Nom|Numb=Sing">quae</w>                <w xml:id="line.900#w.2" pos="PROper" lemma="ego" msd="Case=Acc|Numb=Sing">me</w>                <w xml:id="line.900#w.3" pos="ADV" lemma="clam1" msd="Deg=Pos">clam</w>                <w xml:id="line.900#w.4" pos="VER" lemma="reor" msd="Case=Nom|Numb=Sing|Mood=Par|Tense=Perf|Voice=Dep">ratus</w>                <w xml:id="line.900#w.5" pos="VER" lemma="sum1" msd="Numb=Sing|Mood=Ind|Tense=Pres|Voice=Act|Person=1">sum</w>                <w xml:id="line.900#w.6" pos="VER" lemma="facio" msd="Mood=Inf|Tense=Pres|Voice=Act">facere</w>                <w xml:id="line.900#w.7" pos="PUNC" lemma="," msd="MORPH=empty">,</w>                <w xml:id="line.900#w.8" pos="PROdem" lemma="is" msd="Case=Acc|Numb=Plur">ea</w>                <w xml:id="line.900#w.9" pos="NOM" lemma="amnia" msd="Case=Acc|Numb=Plur">Ã³mnia</w>                <w xml:id="line.900#w.10" pos="VER" lemma="facio" msd="Numb=Sing|Mood=Ind|Tense=Perf|Voice=Act|Person=3">fecit</w>                <w xml:id="line.900#w.11" pos="ADV" lemma="palam1" msd="Deg=Pos">palam</w>            </seg>            <seg xml:id="urn:cts:latinLit:phi0119.phi010.perseus-lat2:line.901">                <w xml:id="line.901#w.1" pos="NOM" lemma="parasitus" msd="Case=Nom|Numb=Sing">parasitus</w>                <w xml:id="line.901#w.2" pos="PUNC" lemma="," msd="MORPH=empty">,</w>                <w xml:id="line.901#w.3" pos="PROrel" lemma="qui1" msd="Case=Nom|Numb=Sing">qui</w>                <w xml:id="line.901#w.4" pos="PROper" lemma="ego" msd="Case=Acc|Numb=Sing">me</w>                <w xml:id="line.901#w.5" pos="VER" lemma="compleo" msd="Numb=Sing|Mood=Ind|Tense=Perf|Voice=Act|Person=3">complevit</w>                <w xml:id="line.901#w.6" pos="NOM" lemma="flagitium" msd="Case=Gen|Numb=Sing">flagiti</w>                <w xml:id="line.901#w.7" pos="CONcoo" lemma="et2" msd="MORPH=empty">et</w>                <w xml:id="line.901#w.8" pos="NOM" lemma="formido?" msd="Case=Gen|Numb=Sing">formidinis</w>                <w xml:id="line.901#w.9" pos="PUNC" lemma="," msd="MORPH=empty">,</w>            </seg>            <seg xml:id="urn:cts:latinLit:phi0119.phi010.perseus-lat2:line.902">                <w xml:id="line.902#w.1" pos="PROpos" lemma="meus" msd="Case=Nom|Numb=Sing">meus</w>                <w xml:id="line.902#w.2" pos="NOM" lemma="ulix" msd="Case=Nom|Numb=Plur">Vlixes</w>                <w xml:id="line.902#w.3" pos="PUNC" lemma="," msd="MORPH=empty">,</w>                <w xml:id="line.902#w.4" pos="PROpos.ref" lemma="suus" msd="Case=Abl|Numb=Sing">suo</w>                <w xml:id="line.902#w.5" pos="PROrel" lemma="qui1" msd="Case=Nom|Numb=Sing">qui</w>                <w xml:id="line.902#w.6" pos="NOM" lemma="rex" msd="Case=Dat|Numb=Sing">regi</w>                <w xml:id="line.902#w.7" pos="PROdem" lemma="tantum1" msd="MORPH=empty">tantum</w>                <w xml:id="line.902#w.8" pos="VER" lemma="concieo" msd="Numb=Sing|Mood=Ind|Tense=Perf|Voice=Act|Person=3">concivit</w>                <w xml:id="line.902#w.9" pos="NOM" lemma="malum?" msd="Case=Gen|Numb=Sing">mali</w>                <w xml:id="line.902#w.10" pos="PUNC" lemma="." msd="MORPH=empty">.</w>            </seg>            <seg xml:id="urn:cts:latinLit:phi0119.phi010.perseus-lat2:line.903">                <w xml:id="line.903#w.1" pos="PROrel" lemma="quom" msd="MORPH=empty">quÃ©m</w>                <w xml:id="line.903#w.2" pos="PROper" lemma="ego" msd="Case=Nom|Numb=Sing">ego</w>                <w xml:id="line.903#w.3" pos="NOM" lemma="homo" msd="Case=Acc|Numb=Sing">hominem</w>                <w xml:id="line.903#w.4" pos="PUNC" lemma="," msd="MORPH=empty">,</w>                <w xml:id="line.903#w.5" pos="CONsub" lemma="suquidem" msd="MORPH=empty">sÃ­quidem</w>                <w xml:id="line.903#w.6" pos="ADJqua" lemma="uiuus2" msd="Numb=Sing|Deg=Pos|Person=1">vivo</w>                <w xml:id="line.903#w.7" pos="PUNC" lemma="," msd="MORPH=empty">,</w>                <w xml:id="line.903#w.8" pos="NOM" lemma="uita" msd="Case=Abl|Numb=Sing">vita</w>                <w xml:id="line.903#w.9" pos="VER" lemma="euoluo" msd="Numb=Sing|Mood=Sub|Tense=Pres|Voice=Act|Person=1">evolvam</w>                <w xml:id="line.903#w.10" pos="PROpos.ref" lemma="suus" msd="Case=Acc|Numb=Sing">sua</w>                <w xml:id="line.903#w.11" pos="PUNC" lemma="â" msd="MORPH=empty">â</w>            </seg>            <seg xml:id="urn:cts:latinLit:phi0119.phi010.perseus-lat2:line.904">                <w xml:id="line.904#w.1" pos="CONcoo" lemma="sed" msd="MORPH=empty">sed</w>                <w xml:id="line.904#w.2" pos="PROper" lemma="ego" msd="Case=Nom|Numb=Sing">ego</w>                <w xml:id="line.904#w.3" pos="ADJqua" lemma="stultus" msd="Case=Nom|Numb=Sing|Deg=Pos">stultus</w>                <w xml:id="line.904#w.4" pos="VER" lemma="sum1" msd="Numb=Sing|Mood=Ind|Tense=Pres|Voice=Act|Person=1">sum</w>                <w xml:id="line.904#w.5" pos="PUNC" lemma="," msd="MORPH=empty">,</w>                <w xml:id="line.904#w.6" pos="PROrel" lemma="qui1" msd="Case=Nom|Numb=Sing">qui</w>                <w xml:id="line.904#w.7" pos="PROdem" lemma="ille" msd="Case=Gen|Numb=Sing">illius</w>                <w xml:id="line.904#w.8" pos="VER" lemma="sum1" msd="Mood=Inf|Tense=Pres|Voice=Act">esse</w>                <w xml:id="line.904#w.9" pos="VER" lemma="dico?" msd="Numb=Sing|Mood=Ind|Tense=Pres|Voice=Act|Person=1">dico</w>                <w xml:id="line.904#w.10" pos="PUNC" lemma="," msd="MORPH=empty">,</w>                <w xml:id="line.904#w.11" pos="PROrel" lemma="qui1" msd="Case=Nom|Numb=Sing">quae</w>                <w xml:id="line.904#w.12" pos="PROpos" lemma="meus" msd="Case=Nom|Numb=Sing">meast</w>                <w xml:id="line.904#w.13" pos="VER" lemma="sum1" msd="Numb=Sing|Mood=Ind|Tense=Pres|Voice=Act|Person=3">meast</w>                <w xml:id="line.904#w.14" pos="PUNC" lemma=":" msd="MORPH=empty">:</w>            </seg>            <seg xml:id="urn:cts:latinLit:phi0119.phi010.perseus-lat2:line.905">                <w xml:id="line.905#w.1" pos="PROpos" lemma="meus" msd="Case=Abl|Numb=Sing">meo</w>                <w xml:id="line.905#w.2" pos="NOM" lemma="cibus" msd="Case=Abl|Numb=Sing">cibo</w>                <w xml:id="line.905#w.3" pos="CONcoo" lemma="et2" msd="MORPH=empty">et</w>                <w xml:id="line.905#w.4" pos="NOM" lemma="sumptus?" msd="Case=Abl|Numb=Sing">sumptu</w>                <w xml:id="line.905#w.5" pos="VER" lemma="educo?" msd="Numb=Sing|Mood=Par|Tense=Perf|Voice=Pass">educatust</w>                <w xml:id="line.905#w.6" pos="PUNC" lemma="." msd="MORPH=empty">.</w>                <w xml:id="line.905#w.7" pos="NOM" lemma="anima" msd="Case=Abl|Numb=Sing">anima</w>                <w xml:id="line.905#w.8" pos="VER" lemma="priuo" msd="Numb=Sing|Mood=Ind|Tense=Fut|Voice=Act|Person=1">privabo</w>                <w xml:id="line.905#w.9" pos="NOM" lemma="uir" msd="Case=Acc|Numb=Sing">virum</w>                <w xml:id="line.905#w.10" pos="PUNC" lemma="." msd="MORPH=empty">.</w>            </seg>            <seg xml:id="urn:cts:latinLit:phi0119.phi010.perseus-lat2:line.906">                <w xml:id="line.906#w.1" pos="ADV" lemma="condigne" msd="Deg=Pos">condigne</w>                <w xml:id="line.906#w.2" pos="CONcoo" lemma="autem" msd="MORPH=empty">autem</w>                <w xml:id="line.906#w.3" pos="PROdem" lemma="hic1" msd="Case=Nom|Numb=Sing">haec</w>                <w xml:id="line.906#w.4" pos="NOM" lemma="meretrix" msd="Case=Nom|Numb=Sing">meretrix</w>                <w xml:id="line.906#w.5" pos="VER" lemma="facio" msd="Numb=Sing|Mood=Ind|Tense=Perf|Voice=Act|Person=3">fecit</w>                <w xml:id="line.906#w.6" pos="PUNC" lemma="," msd="MORPH=empty">,</w>                <w xml:id="line.906#w.7" pos="ADVrel" lemma="ut1" msd="MORPH=empty">ut</w>                <w xml:id="line.906#w.8" pos="NOM" lemma="mos" msd="Case=Nom|Numb=Sing">mos</w>                <w xml:id="line.906#w.9" pos="VER" lemma="sum1" msd="Numb=Sing|Mood=Ind|Tense=Pres|Voice=Act|Person=3">est</w>                <w xml:id="line.906#w.10" pos="ADJqua" lemma="meretricius" msd="Case=Nom|Numb=Sing|Deg=Pos">meretricius</w>                <w xml:id="line.906#w.11" pos="PUNC" lemma=":" msd="MORPH=empty">:</w>            </seg>            <seg xml:id="urn:cts:latinLit:phi0119.phi010.perseus-lat2:line.907">                <w xml:id="line.907#w.1" pos="CONsub" lemma="quia" msd="MORPH=empty">quia</w>                <w xml:id="line.907#w.2" pos="VER" lemma="rogo" msd="Numb=Sing|Mood=Ind|Tense=Pres|Voice=Act|Person=1">rogo</w>                <w xml:id="line.907#w.3" pos="PUNC" lemma="," msd="MORPH=empty">,</w>                <w xml:id="line.907#w.4" pos="NOM" lemma="palla" msd="Case=Nom|Numb=Sing">palla</w>                <w xml:id="line.907#w.5" pos="CONsub" lemma="ut4" msd="MORPH=empty">ut</w>                <w xml:id="line.907#w.6" pos="VER" lemma="refero" msd="Numb=Sing|Mood=Sub|Tense=Pres|Voice=Pass|Person=3">referatur</w>                <w xml:id="line.907#w.7" pos="ADV" lemma="rursus" msd="Deg=Pos">rursum</w>                <w xml:id="line.907#w.8" pos="PRE" lemma="ad2" msd="MORPH=empty">ad</w>                <w xml:id="line.907#w.9" pos="NOM" lemma="uxor" msd="Case=Acc|Numb=Sing">uxorem</w>                <w xml:id="line.907#w.10" pos="PROpos" lemma="meus" msd="Case=Acc|Numb=Sing">meam</w>                <w xml:id="line.907#w.11" pos="PUNC" lemma="," msd="MORPH=empty">,</w>            </seg>            <seg xml:id="urn:cts:latinLit:phi0119.phi010.perseus-lat2:line.908">                <w xml:id="line.908#w.1" pos="PROper" lemma="ego" msd="Case=Dat|Numb=Sing">mihi</w>                <w xml:id="line.908#w.2" pos="PROref" lemma="sui1" msd="Case=Acc|Numb=Sing">se</w>                <w xml:id="line.908#w.3" pos="VER" lemma="aio" msd="Numb=Sing|Mood=Ind|Tense=Pres|Voice=Act|Person=3">ait</w>                <w xml:id="line.908#w.4" pos="VER" lemma="do" msd="Mood=Inf|Tense=Perf|Voice=Act">dedisse</w>                <w xml:id="line.908#w.5" pos="PUNC" lemma="." msd="MORPH=empty">.</w>                <w xml:id="line.908#w.6" pos="INJ" lemma="eu" msd="MORPH=empty">eu</w>                <w xml:id="line.908#w.7" pos="INJ" lemma="edepol" msd="MORPH=empty">edepol</w>                <w xml:id="line.908#w.8" pos="ADVneg" lemma="nu" msd="MORPH=empty">nÃ©</w>                <w xml:id="line.908#w.9" pos="PROper" lemma="ego" msd="Case=Nom|Numb=Sing">ego</w>                <w xml:id="line.908#w.10" pos="NOM" lemma="homo" msd="Case=Nom|Numb=Sing">homo</w>                <w xml:id="line.908#w.11" pos="VER" lemma="uiuo" msd="Numb=Sing|Deg=Pos|Mood=Ind|Tense=Pres|Voice=Act|Person=1">vivo</w>                <w xml:id="line.908#w.12" pos="ADJqua" lemma="miser" msd="Case=Nom|Numb=Sing|Deg=Pos">miser</w>                <w xml:id="line.908#w.13" pos="PUNC" lemma="." msd="MORPH=empty">.</w>            </seg>            <seg xml:id="urn:cts:latinLit:phi0119.phi010.perseus-lat2:line.909">                <w xml:id="line.909#w.1" pos="VER" lemma="audio" msd="Numb=Sing|Mood=Ind|Tense=Pres|Voice=Act|Person=2">Audin</w>                <w xml:id="line.909#w.2" pos="ADV" lemma="ne2" msd="MORPH=empty">Audin</w>                <w xml:id="line.909#w.3" pos="PROrel" lemma="qui1" msd="Case=Nom|Numb=Plur">quae</w>                <w xml:id="line.909#w.4" pos="VER" lemma="loquor" msd="Numb=Sing|Mood=Ind|Tense=Pres|Voice=Dep|Person=3">loquitur</w>                <w xml:id="line.909#w.5" pos="PUNC" lemma="?" msd="MORPH=empty">?</w>            </seg>            <seg xml:id="urn:cts:latinLit:phi0119.phi010.perseus-lat2:line.909b">                <w xml:id="line.909b#w.1" pos="PROref" lemma="sui1" msd="Case=Acc|Numb=Sing">Se</w>                <w xml:id="line.909b#w.2" pos="ADJqua" lemma="miser" msd="Case=Acc|Numb=Sing|Deg=Pos">miserum</w>                <w xml:id="line.909b#w.3" pos="VER" lemma="praedico?" msd="Numb=Sing|Mood=Ind|Tense=Pres|Voice=Act|Person=3">praedicat</w>                <w xml:id="line.909b#w.4" pos="PUNC" lemma="." msd="MORPH=empty">.</w>            </seg>            <seg xml:id="urn:cts:latinLit:phi0119.phi010.perseus-lat2:line.909c">                <w xml:id="line.909c#w.1" pos="VER" lemma="adeo1" msd="Numb=Sing|Mood=Sub|Tense=Pres|Voice=Act|Person=2">Adeas</w>                <w xml:id="line.909c#w.2" pos="VER" lemma="uolo?" msd="Numb=Sing|Mood=Sub|Tense=Pres|Voice=Act|Person=1">velim</w>                <w xml:id="line.909c#w.3" pos="PUNC" lemma="." msd="MORPH=empty">.</w>            </seg>            <seg xml:id="urn:cts:latinLit:phi0119.phi010.perseus-lat2:line.910">                <w xml:id="line.910#w.1" pos="ADJqua" lemma="saluus" msd="Case=Nom|Numb=Sing|Deg=Pos">Salvos</w>                <w xml:id="line.910#w.2" pos="VER" lemma="sum1" msd="Numb=Sing|Mood=Sub|Tense=Pres|Voice=Act|Person=2">sis</w>                <w xml:id="line.910#w.3" pos="PUNC" lemma="," msd="MORPH=empty">,</w>                <w xml:id="line.910#w.4" pos="NOM" lemma="menaechor" msd="Case=Voc|Numb=Sing">Menaechme</w>                <w xml:id="line.910#w.5" pos="PUNC" lemma="." msd="MORPH=empty">.</w>                <w xml:id="line.910#w.6" pos="VER" lemma="quaeso" msd="Numb=Sing|Mood=Ind|Tense=Pres|Voice=Act|Person=1">quaeso</w>                <w xml:id="line.910#w.7" pos="PUNC" lemma="," msd="MORPH=empty">,</w>                <w xml:id="line.910#w.8" pos="ADVint" lemma="cur" msd="MORPH=empty">cur</w>                <w xml:id="line.910#w.9" pos="VER" lemma="aperio" msd="Case=Acc|Numb=Plur|Mood=Ind|Tense=Pres|Voice=Act">apertas</w>                <w xml:id="line.910#w.10" pos="NOM" lemma="brachium" msd="Case=Acc|Numb=Sing">brachium</w>                <w xml:id="line.910#w.11" pos="PUNC" lemma="?" msd="MORPH=empty">?</w>            </seg>            <seg xml:id="urn:cts:latinLit:phi0119.phi010.perseus-lat2:line.911">                <w xml:id="line.911#w.1" pos="ADVneg" lemma="non" msd="MORPH=empty">non</w>                <w xml:id="line.911#w.2" pos="PROper" lemma="tu" msd="Case=Nom|Numb=Sing">tu</w>                <w xml:id="line.911#w.3" pos="VER" lemma="scio" msd="Numb=Sing|Mood=Ind|Tense=Pres|Voice=Act|Person=2">scis</w>                <w xml:id="line.911#w.4" pos="PUNC" lemma="," msd="MORPH=empty">,</w>                <w xml:id="line.911#w.5" pos="PROint" lemma="quantum2" msd="Case=Acc|Numb=Sing">quantum</w>                <w xml:id="line.911#w.6" pos="PROdem" lemma="iste" msd="Case=Dat|Numb=Sing">isti</w>                <w xml:id="line.911#w.7" pos="NOM" lemma="morbus" msd="Case=Abl|Numb=Sing">morbo</w>                <w xml:id="line.911#w.8" pos="ADV" lemma="nunc" msd="Deg=Pos">nunc</w>                <w xml:id="line.911#w.9" pos="PROpos" lemma="tuus" msd="Case=Abl|Numb=Sing">tuo</w>                <w xml:id="line.911#w.10" pos="VER" lemma="facio" msd="Numb=Sing|Mood=Sub|Tense=Pres|Voice=Act|Person=2">facias</w>                <w xml:id="line.911#w.11" pos="NOM" lemma="malum?" msd="Case=Gen|Numb=Sing">mali</w>                <w xml:id="line.911#w.12" pos="PUNC" lemma="?" msd="MORPH=empty">?</w>            </seg>            <seg xml:id="urn:cts:latinLit:phi0119.phi010.perseus-lat2:line.912">                <w xml:id="line.912#w.1" pos="ADVint.neg" lemma="quin3" msd="Deg=Pos">Quin</w>                <w xml:id="line.912#w.2" pos="PROper" lemma="tu" msd="Case=Nom|Numb=Sing">tu</w>                <w xml:id="line.912#w.3" pos="PROper" lemma="tu" msd="Case=Acc|Numb=Sing">te</w>                <w xml:id="line.912#w.4" pos="VER" lemma="suspendo" msd="Numb=Sing|Mood=Ind|Tense=Pres|Voice=Act|Person=2">suspendis</w>                <w xml:id="line.912#w.5" pos="PUNC" lemma="?" msd="MORPH=empty">?</w>            </seg>            <seg xml:id="urn:cts:latinLit:phi0119.phi010.perseus-lat2:line.912b">                <w xml:id="line.912b#w.1" pos="ADVint" lemma="ecquid" msd="MORPH=empty">Ecquid</w>                <w xml:id="line.912b#w.2" pos="VER" lemma="sentio" msd="Numb=Sing|Mood=Ind|Tense=Pres|Voice=Act|Person=2">sentis</w>                <w xml:id="line.912b#w.3" pos="PUNC" lemma="?" msd="MORPH=empty">?</w>            </seg>            <seg xml:id="urn:cts:latinLit:phi0119.phi010.perseus-lat2:line.912c">                <w xml:id="line.912c#w.1" pos="ADVint.neg" lemma="quidni" msd="MORPH=empty">Quidni</w>                <w xml:id="line.912c#w.2" pos="VER" lemma="sentio" msd="Numb=Sing|Mood=Sub|Tense=Pres|Voice=Act|Person=1">sentiam</w>                <w xml:id="line.912c#w.3" pos="PUNC" lemma="?" msd="MORPH=empty">?</w>            </seg>            <seg xml:id="urn:cts:latinLit:phi0119.phi010.perseus-lat2:line.913">                <w xml:id="line.913#w.1" pos="ADVneg" lemma="non" msd="MORPH=empty">non</w>                <w xml:id="line.913#w.2" pos="VER" lemma="possum1" msd="Numb=Sing|Mood=Ind|Tense=Pres|Voice=Act|Person=3">potest</w>                <w xml:id="line.913#w.3" pos="PROdem" lemma="hic1" msd="Case=Nom|Numb=Sing">haec</w>                <w xml:id="line.913#w.4" pos="NOM" lemma="res" msd="Case=Nom|Numb=Plur">res</w>                <w xml:id="line.913#w.5" pos="NOM" lemma="helleborum" msd="Case=Gen|Numb=Sing">ellebori</w>                <w xml:id="line.913#w.6" pos="PUNC" lemma="â " msd="MORPH=empty">â </w>                <w xml:id="line.913#w.7" pos="VER" lemma="iungo" msd="Mood=Inf|Tense=Pres|Voice=Act">iungere</w>                <w xml:id="line.913#w.8" pos="VER" lemma="obtineo" msd="Mood=Inf|Tense=Pres|Voice=Pass">optinerier</w>                <w xml:id="line.913#w.9" pos="PUNC" lemma="." msd="MORPH=empty">.</w>            </seg>            <seg xml:id="urn:cts:latinLit:phi0119.phi010.perseus-lat2:line.914">                <w xml:id="line.914#w.1" pos="CONcoo" lemma="sed" msd="MORPH=empty">sed</w>                <w xml:id="line.914#w.2" pos="PROint" lemma="quis1" msd="Case=Acc|Numb=Sing">quid</w>                <w xml:id="line.914#w.3" pos="VER" lemma="aio" msd="Numb=Sing|Mood=Ind|Tense=Pres|Voice=Act|Person=2">ais</w>                <w xml:id="line.914#w.4" pos="PUNC" lemma="," msd="MORPH=empty">,</w>                <w xml:id="line.914#w.5" pos="NOM" lemma="menaecher" msd="Case=Voc|Numb=Sing">Menaechme</w>                <w xml:id="line.914#w.6" pos="PUNC" lemma="?" msd="MORPH=empty">?</w>            </seg>            <seg xml:id="urn:cts:latinLit:phi0119.phi010.perseus-lat2:line.914b">                <w xml:id="line.914b#w.1" pos="PROint" lemma="quis1" msd="Case=Acc|Numb=Sing">Quid</w>                <w xml:id="line.914b#w.2" pos="VER" lemma="uolo?" msd="Numb=Sing|Mood=Ind|Tense=Pres|Voice=Act|Person=2">vis</w>                <w xml:id="line.914b#w.3" pos="PUNC" lemma="?" msd="MORPH=empty">?</w>            </seg>            <seg xml:id="urn:cts:latinLit:phi0119.phi010.perseus-lat2:line.914c">                <w xml:id="line.914c#w.1" pos="VER" lemma="dico?" msd="Numb=Sing|Mood=Imp|Tense=Pres|Voice=Act|Person=2">Dic</w>                <w xml:id="line.914c#w.2" pos="PROper" lemma="ego" msd="Case=Dat|Numb=Sing">mihi</w>                <w xml:id="line.914c#w.3" pos="PROdem" lemma="hic1" msd="Case=Acc|Numb=Sing">hoc</w>                <w xml:id="line.914c#w.4" pos="PROrel" lemma="quod?" msd="MORPH=empty">quod</w>                <w xml:id="line.914c#w.5" pos="PROper" lemma="tu" msd="Case=Acc|Numb=Sing">te</w>                <w xml:id="line.914c#w.6" pos="VER" lemma="rogo" msd="Numb=Sing|Mood=Ind|Tense=Pres|Voice=Act|Person=1">rogo</w>                <w xml:id="line.914c#w.7" pos="PUNC" lemma=":" msd="MORPH=empty">:</w>            </seg>            <seg xml:id="urn:cts:latinLit:phi0119.phi010.perseus-lat2:line.915">                <w xml:id="line.915#w.1" pos="ADJqua" lemma="albus" msd="Case=Acc|Numb=Sing|Deg=Pos">album</w>                <w xml:id="line.915#w.2" pos="ADVint" lemma="an" msd="MORPH=empty">an</w>                <w xml:id="line.915#w.3" pos="ADJqua" lemma="ater" msd="Case=Acc|Numb=Sing|Deg=Pos">atrum</w>                <w xml:id="line.915#w.4" pos="NOM" lemma="uinum" msd="Case=Acc|Numb=Sing">vinum</w>                <w xml:id="line.915#w.5" pos="VER" lemma="poto" msd="Numb=Sing|Mood=Ind|Tense=Pres|Voice=Act|Person=2">potas</w>                <w xml:id="line.915#w.6" pos="PUNC" lemma="?" msd="MORPH=empty">?</w>            </seg>            <seg xml:id="urn:cts:latinLit:phi0119.phi010.perseus-lat2:line.915b">                <w xml:id="line.915b#w.1" pos="ADVint.neg" lemma="quin3" msd="Deg=Pos">Quin</w>                <w xml:id="line.915b#w.2" pos="PROper" lemma="tu" msd="Case=Nom|Numb=Sing">tu</w>                <w xml:id="line.915b#w.3" pos="PROdem" lemma="eo?" msd="Case=Nom|Numb=Sing">is</w>                <w xml:id="line.915b#w.4" pos="PRE" lemma="in" msd="MORPH=empty">in</w>                <w xml:id="line.915b#w.5" pos="ADJqua" lemma="malus3" msd="Case=Acc|Numb=Sing|Deg=Pos">malam</w>                <w xml:id="line.915b#w.6" pos="NOM" lemma="crux" msd="Case=Acc|Numb=Sing">crucem</w>                <w xml:id="line.915b#w.7" pos="PUNC" lemma="?" msd="MORPH=empty">?</w>            </seg>            <seg xml:id="urn:cts:latinLit:phi0119.phi010.perseus-lat2:line.916">                <w xml:id="line.916#w.1" pos="ADV" lemma="iam" msd="Deg=Pos">Iam</w>                <w xml:id="line.916#w.2" pos="INJ" lemma="hercules" msd="MORPH=empty">hercle</w>                <w xml:id="line.916#w.3" pos="VER" lemma="occepto" msd="Numb=Sing|Mood=Ind|Tense=Pres|Voice=Act|Person=3">occeptat</w>                <w xml:id="line.916#w.4" pos="VER" lemma="insanio" msd="Mood=Inf|Tense=Pres|Voice=Act">insanire</w>                <w xml:id="line.916#w.5" pos="NOM" lemma="primulum" msd="Case=Acc|Numb=Sing">primulum</w>                <w xml:id="line.916#w.6" pos="PUNC" lemma="." msd="MORPH=empty">.</w>            </seg>            <seg xml:id="urn:cts:latinLit:phi0119.phi010.perseus-lat2:line.916b">                <w xml:id="line.916b#w.1" pos="ADVint.neg" lemma="quin3" msd="Deg=Pos">Quin</w>                <w xml:id="line.916b#w.2" pos="PROper" lemma="tu" msd="Case=Nom|Numb=Sing">tu</w>                <w xml:id="line.916b#w.3" pos="PROper" lemma="ego" msd="Case=Acc|Numb=Sing">me</w>                <w xml:id="line.916b#w.4" pos="VER" lemma="interrogo" msd="Numb=Sing|Mood=Ind|Tense=Pres|Voice=Act|Person=2">interrogas</w>                <w xml:id="line.916b#w.5" pos="PUNC" lemma="," msd="MORPH=empty">,</w>            </seg>            <seg xml:id="urn:cts:latinLit:phi0119.phi010.perseus-lat2:line.917">                <w xml:id="line.917#w.1" pos="ADJqua" lemma="purpureus" msd="Case=Acc|Numb=Sing|Deg=Pos">purpureum</w>                <w xml:id="line.917#w.2" pos="NOM" lemma="panis" msd="Case=Acc|Numb=Sing">panem</w>                <w xml:id="line.917#w.3" pos="ADVint" lemma="an" msd="MORPH=empty">an</w>                <w xml:id="line.917#w.4" pos="ADJqua" lemma="puniceus" msd="Case=Acc|Numb=Sing|Deg=Pos">puniceum</w>                <w xml:id="line.917#w.5" pos="VER" lemma="soleo" msd="Numb=Sing|Mood=Sub|Tense=Pres|Voice=SemDep|Person=1">soleam</w>                <w xml:id="line.917#w.6" pos="PROper" lemma="ego" msd="Case=Nom|Numb=Sing">ego</w>                <w xml:id="line.917#w.7" pos="VER" lemma="sum1" msd="Mood=Inf|Tense=Pres|Voice=Act">esse</w>                <w xml:id="line.917#w.8" pos="ADVint" lemma="an" msd="MORPH=empty">an</w>                <w xml:id="line.917#w.9" pos="ADJqua" lemma="luteus?" msd="Case=Acc|Numb=Sing|Deg=Pos">luteum</w>                <w xml:id="line.917#w.10" pos="PUNC" lemma="?" msd="MORPH=empty">?</w>            </seg>            <seg xml:id="urn:cts:latinLit:phi0119.phi010.perseus-lat2:line.918">                <w xml:id="line.918#w.1" pos="VER" lemma="solea" msd="Case=Acc|Numb=Sing|Mood=Sub|Tense=Pres|Voice=Act|Person=1">soleamne</w>                <w xml:id="line.918#w.2" pos="ADV" lemma="ne2" msd="MORPH=empty">soleamne</w>                <w xml:id="line.918#w.3" pos="VER" lemma="sum1" msd="Mood=Inf|Tense=Pres|Voice=Act">esse</w>                <w xml:id="line.918#w.4" pos="NOM" lemma="auis" msd="Case=Acc|Numb=Sing">avis</w>                <w xml:id="line.918#w.5" pos="ADJqua" lemma="squamosus" msd="Case=Acc|Numb=Plur|Deg=Pos">squamosas</w>                <w xml:id="line.918#w.6" pos="PUNC" lemma="," msd="MORPH=empty">,</w>                <w xml:id="line.918#w.7" pos="NOM" lemma="piscis" msd="Case=Acc|Numb=Plur">piscis</w>                <w xml:id="line.918#w.8" pos="VER" lemma="penno" msd="Case=Acc|Numb=Plur|Mood=Par|Tense=Perf|Voice=Pass">pennatos</w>                <w xml:id="line.918#w.9" pos="PUNC" lemma="?" msd="MORPH=empty">?</w>            </seg>            <seg xml:id="urn:cts:latinLit:phi0119.phi010.perseus-lat2:line.918b">                <w xml:id="line.918b#w.1" pos="INJ" lemma="papae" msd="MORPH=empty">Papae</w>                <w xml:id="line.918b#w.2" pos="PUNC" lemma="," msd="MORPH=empty">,</w>            </seg>            <seg xml:id="urn:cts:latinLit:phi0119.phi010.perseus-lat2:line.919">                <w xml:id="line.919#w.1" pos="VER" lemma="audio" msd="Numb=Sing|Mood=Ind|Tense=Pres|Voice=Act|Person=2">audin</w>                <w xml:id="line.919#w.2" pos="ADV" lemma="ne2" msd="MORPH=empty">audin</w>                <w xml:id="line.919#w.3" pos="PROper" lemma="tu" msd="Case=Nom|Numb=Sing">tu</w>                <w xml:id="line.919#w.4" pos="ADVrel" lemma="ut1" msd="MORPH=empty">ut</w>                <w xml:id="line.919#w.5" pos="NOM" lemma="deliramentum" msd="Case=Acc|Numb=Plur">deliramenta</w>                <w xml:id="line.919#w.6" pos="VER" lemma="loquor" msd="Numb=Sing|Mood=Ind|Tense=Pres|Voice=Dep|Person=3">loquitur</w>                <w xml:id="line.919#w.7" pos="PUNC" lemma="?" msd="MORPH=empty">?</w>                <w xml:id="line.919#w.8" pos="PROint" lemma="quis1" msd="Case=Acc|Numb=Sing">quid</w>                <w xml:id="line.919#w.9" pos="VER" lemma="cesso" msd="Numb=Sing|Mood=Ind|Tense=Pres|Voice=Act|Person=2">cessas</w>                <w xml:id="line.919#w.10" pos="VER" lemma="do" msd="Mood=Inf|Tense=Pres|Voice=Act">dare</w>            </seg>            <seg xml:id="urn:cts:latinLit:phi0119.phi010.perseus-lat2:line.921">                <w xml:id="line.921#w.1" pos="NOM" lemma="potio?" msd="Case=Gen|Numb=Sing">potionis</w>                <w xml:id="line.921#w.2" pos="PROind" lemma="aliquis" msd="Case=Acc|Numb=Sing">aliquid</w>                <w xml:id="line.921#w.3" pos="ADJadv.ord" lemma="prius" msd="Deg=Comp">prius</w>                <w xml:id="line.921#w.4" pos="ADVrel" lemma="quam1" msd="MORPH=empty">quam</w>                <w xml:id="line.921#w.5" pos="VER" lemma="percipio" msd="Numb=Sing|Mood=Ind|Tense=Pres|Voice=Act|Person=3">percipit</w>                <w xml:id="line.921#w.6" pos="NOM" lemma="insania" msd="Case=Nom|Numb=Sing">insania</w>                <w xml:id="line.921#w.7" pos="PUNC" lemma="?" msd="MORPH=empty">?</w>            </seg>            <seg xml:id="urn:cts:latinLit:phi0119.phi010.perseus-lat2:line.922">                <w xml:id="line.922#w.1" pos="VER" lemma="maneo" msd="Deg=Pos|Mood=Imp|Tense=Pres|Voice=Act|Person=2">Mane</w>                <w xml:id="line.922#w.2" pos="ADV" lemma="modo1" msd="Deg=Pos">modo</w>                <w xml:id="line.922#w.3" pos="PUNC" lemma="," msd="MORPH=empty">,</w>                <w xml:id="line.922#w.4" pos="ADV" lemma="etiam" msd="Deg=Pos">etiam</w>                <w xml:id="line.922#w.5" pos="VER" lemma="percunctor" msd="Numb=Sing|Mood=Ind|Tense=Fut|Voice=Dep|Person=1">percontabor</w>                <w xml:id="line.922#w.6" pos="PROind" lemma="alius" msd="Case=Acc|Numb=Plur">alia</w>                <w xml:id="line.922#w.7" pos="PUNC" lemma="." msd="MORPH=empty">.</w>            </seg>            <seg xml:id="urn:cts:latinLit:phi0119.phi010.perseus-lat2:line.922b">                <w xml:id="line.922b#w.1" pos="VER" lemma="occido?" msd="Numb=Sing|Mood=Ind|Tense=Pres|Voice=Act|Person=2">Occidis</w>                <w xml:id="line.922b#w.2" pos="VER" lemma="fabulor" msd="Case=Nom|Numb=Sing|Mood=Par|Tense=Pres|Voice=Dep">fabulans</w>                <w xml:id="line.922b#w.3" pos="PUNC" lemma="." msd="MORPH=empty">.</w>            </seg>            <seg xml:id="urn:cts:latinLit:phi0119.phi010.perseus-lat2:line.923">                <w xml:id="line.923#w.1" pos="VER" lemma="dico?" msd="Numb=Sing|Mood=Imp|Tense=Pres|Voice=Act|Person=2">Dic</w>                <w xml:id="line.923#w.2" pos="PROper" lemma="ego" msd="Case=Dat|Numb=Sing">mihi</w>                <w xml:id="line.923#w.3" pos="PROdem" lemma="hic1" msd="Case=Acc|Numb=Sing">hoc</w>                <w xml:id="line.923#w.4" pos="PUNC" lemma=":" msd="MORPH=empty">:</w>                <w xml:id="line.923#w.5" pos="VER" lemma="soleo" msd="Numb=Plur|Mood=Ind|Tense=Pres|Voice=SemDep|Person=3">solent</w>                <w xml:id="line.923#w.6" pos="PROper" lemma="tu" msd="Case=Dat|Numb=Sing">tibi</w>                <w xml:id="line.923#w.7" pos="ADV" lemma="umquam" msd="Deg=Pos">umquam</w>                <w xml:id="line.923#w.8" pos="NOM" lemma="sculum" msd="Case=Gen|Numb=Sing">Ã³culi</w>                <w xml:id="line.923#w.9" pos="ADJqua" lemma="durus" msd="Case=Gen|Numb=Sing|Deg=Pos">duri</w>                <w xml:id="line.923#w.10" pos="VER" lemma="fio" msd="Mood=Inf|Tense=Pres|Voice=Act">fieri</w>                <w xml:id="line.923#w.11" pos="PUNC" lemma="?" msd="MORPH=empty">?</w>            </seg>            <seg xml:id="urn:cts:latinLit:phi0119.phi010.perseus-lat2:line.924">                <w xml:id="line.924#w.1" pos="PROint" lemma="quis1" msd="Case=Acc|Numb=Sing">Quid</w>                <w xml:id="line.924#w.2" pos="PUNC" lemma="?" msd="MORPH=empty">?</w>                <w xml:id="line.924#w.3" pos="PROper" lemma="tu" msd="Case=Nom|Numb=Sing">tu</w>                <w xml:id="line.924#w.4" pos="PROper" lemma="ego" msd="Case=Acc|Numb=Sing">me</w>                <w xml:id="line.924#w.5" pos="NOM" lemma="lucusta" msd="Case=Acc|Numb=Sing">lucustam</w>                <w xml:id="line.924#w.6" pos="VER" lemma="censeo" msd="Numb=Sing|Mood=Ind|Tense=Pres|Voice=Act|Person=2">censes</w>                <w xml:id="line.924#w.7" pos="VER" lemma="sum1" msd="Mood=Inf|Tense=Pres|Voice=Act">esse</w>                <w xml:id="line.924#w.8" pos="PUNC" lemma="," msd="MORPH=empty">,</w>                <w xml:id="line.924#w.9" pos="NOM" lemma="homo" msd="Case=Nom|Numb=Sing">homo</w>                <w xml:id="line.924#w.10" pos="ADV" lemma="ignauus?" msd="Case=Voc|Numb=Sing|Deg=Sup">ignavissime</w>                <w xml:id="line.924#w.11" pos="PUNC" lemma="?" msd="MORPH=empty">?</w>            </seg>            <seg xml:id="urn:cts:latinLit:phi0119.phi010.perseus-lat2:line.925">                <w xml:id="line.925#w.1" pos="VER" lemma="dico?" msd="Numb=Sing|Mood=Imp|Tense=Pres|Voice=Act|Person=2">Dic</w>                <w xml:id="line.925#w.2" pos="PROper" lemma="ego" msd="Case=Dat|Numb=Sing">mihi</w>                <w xml:id="line.925#w.3" pos="PUNC" lemma=":" msd="MORPH=empty">:</w>                <w xml:id="line.925#w.4" pos="INJ" lemma="en" msd="MORPH=empty">en</w>                <w xml:id="line.925#w.5" pos="ADV" lemma="umquam" msd="Deg=Pos">umquam</w>                <w xml:id="line.925#w.6" pos="NOM" lemma="intestinum" msd="Case=Acc|Numb=Plur">intestina</w>                <w xml:id="line.925#w.7" pos="PROper" lemma="tu" msd="Case=Dat|Numb=Sing">tibi</w>                <w xml:id="line.925#w.8" pos="VER" lemma="crepo" msd="Numb=Plur|Mood=Ind|Tense=Pres|Voice=Act|Person=3">crepant</w>                <w xml:id="line.925#w.9" pos="PUNC" lemma="," msd="MORPH=empty">,</w>                <w xml:id="line.925#w.10" pos="PROrel" lemma="qui1" msd="Case=Acc|Numb=Sing">quod</w>                <w xml:id="line.925#w.11" pos="VER" lemma="sentio" msd="Numb=Sing|Mood=Sub|Tense=Pres|Voice=Act|Person=2">sentias</w>                <w xml:id="line.925#w.12" pos="PUNC" lemma="?" msd="MORPH=empty">?</w>            </seg>            <seg xml:id="urn:cts:latinLit:phi0119.phi010.perseus-lat2:line.926">                <w xml:id="line.926#w.1" pos="ADVint" lemma="ubi2" msd="MORPH=empty">Vbi</w>                <w xml:id="line.926#w.2" pos="ADJqua" lemma="satur" msd="Case=Nom|Numb=Sing|Deg=Pos">satur</w>                <w xml:id="line.926#w.3" pos="VER" lemma="sum1" msd="Numb=Sing|Mood=Ind|Tense=Pres|Voice=Act|Person=1">sum</w>                <w xml:id="line.926#w.4" pos="PUNC" lemma="," msd="MORPH=empty">,</w>                <w xml:id="line.926#w.5" pos="PROind" lemma="nullus" msd="Case=Nom|Numb=Plur">nulla</w>                <w xml:id="line.926#w.6" pos="VER" lemma="crepito" msd="Numb=Plur|Mood=Ind|Tense=Pres|Voice=Act|Person=3">crepitant</w>                <w xml:id="line.926#w.7" pos="PUNC" lemma=";" msd="MORPH=empty">;</w>                <w xml:id="line.926#w.8" pos="ADVint" lemma="quando2" msd="MORPH=empty">quando</w>                <w xml:id="line.926#w.9" pos="VER" lemma="esurio2" msd="Numb=Sing|Mood=Ind|Tense=Pres|Voice=Act|Person=1">esurio</w>                <w xml:id="line.926#w.10" pos="PUNC" lemma="," msd="MORPH=empty">,</w>                <w xml:id="line.926#w.11" pos="ADV" lemma="tum" msd="Deg=Pos">tum</w>                <w xml:id="line.926#w.12" pos="VER" lemma="crepo" msd="Numb=Plur|Mood=Ind|Tense=Pres|Voice=Act|Person=3">crepant</w>                <w xml:id="line.926#w.13" pos="PUNC" lemma="." msd="MORPH=empty">.</w>            </seg>            <seg xml:id="urn:cts:latinLit:phi0119.phi010.perseus-lat2:line.927">                <w xml:id="line.927#w.1" pos="PROdem" lemma="hic1" msd="Case=Acc|Numb=Sing">Hoc</w>                <w xml:id="line.927#w.2" pos="ADV" lemma="quidem" msd="Deg=Pos">quidem</w>                <w xml:id="line.927#w.3" pos="INJ" lemma="edepol" msd="MORPH=empty">edepol</w>                <w xml:id="line.927#w.4" pos="ADVneg" lemma="haud" msd="MORPH=empty">hau</w>                <w xml:id="line.927#w.5" pos="PRE" lemma="pro1" msd="MORPH=empty">pro</w>                <w xml:id="line.927#w.6" pos="ADJqua" lemma="insanus" msd="Case=Abl|Numb=Sing|Deg=Pos">insano</w>                <w xml:id="line.927#w.7" pos="NOM" lemma="uerbum" msd="Case=Acc|Numb=Sing">verbum</w>                <w xml:id="line.927#w.8" pos="VER" lemma="respondeo" msd="Numb=Sing|Mood=Ind|Tense=Perf|Voice=Act|Person=3">respondit</w>                <w xml:id="line.927#w.9" pos="PROper" lemma="ego" msd="Case=Dat|Numb=Sing">mihi</w>                <w xml:id="line.927#w.10" pos="PUNC" lemma="." msd="MORPH=empty">.</w>            </seg>            <seg xml:id="urn:cts:latinLit:phi0119.phi010.perseus-lat2:line.928">                <w xml:id="line.928#w.1" pos="VER" lemma="perdormisco" msd="Numb=Sing|Mood=Ind|Tense=Pres|Voice=Act|Person=1">perdormiscin</w>                <w xml:id="line.928#w.2" pos="ADV" lemma="usque" msd="Deg=Pos">usque</w>                <w xml:id="line.928#w.3" pos="PRE" lemma="ad2" msd="MORPH=empty">ad</w>                <w xml:id="line.928#w.4" pos="NOM" lemma="lux" msd="Case=Acc|Numb=Sing">lucem</w>                <w xml:id="line.928#w.5" pos="PUNC" lemma="?" msd="MORPH=empty">?</w>                <w xml:id="line.928#w.6" pos="ADV" lemma="facilenter" msd="Deg=Pos">facilen</w>                <w xml:id="line.928#w.7" pos="PROper" lemma="tu" msd="Case=Nom|Numb=Sing">tu</w>                <w xml:id="line.928#w.8" pos="VER" lemma="dormio" msd="Numb=Sing|Mood=Ind|Tense=Pres|Voice=Act|Person=2">dormis</w>                <w xml:id="line.928#w.9" pos="VER" lemma="cubo" msd="Case=Nom|Numb=Sing|Mood=Par|Tense=Pres|Voice=Act">cubans</w>                <w xml:id="line.928#w.10" pos="PUNC" lemma="?" msd="MORPH=empty">?</w>            </seg>            <seg xml:id="urn:cts:latinLit:phi0119.phi010.perseus-lat2:line.929">                <w xml:id="line.929#w.1" pos="VER" lemma="perdormisco" msd="Numb=Sing|Mood=Ind|Tense=Pres|Voice=Act|Person=1">Perdormisco</w>                <w xml:id="line.929#w.2" pos="PUNC" lemma="," msd="MORPH=empty">,</w>                <w xml:id="line.929#w.3" pos="CONsub" lemma="si2" msd="MORPH=empty">si</w>                <w xml:id="line.929#w.4" pos="VER" lemma="resoluo" msd="Mood=Inf|Tense=Pres|Voice=Pass|Person=1">resolvi</w>                <w xml:id="line.929#w.5" pos="NOM" lemma="ergentum" msd="Case=Gen|Numb=Plur">Ã¡rgentum</w>                <w xml:id="line.929#w.6" pos="PROrel" lemma="qui1" msd="Case=Dat|Numb=Sing">cui</w>                <w xml:id="line.929#w.7" pos="VER" lemma="debeo" msd="Numb=Sing|Mood=Ind|Tense=Pres|Voice=Act|Person=1">debeo</w>                <w xml:id="line.929#w.8" pos="PUNC" lemma="â" msd="MORPH=empty">â</w>            </seg>            <seg xml:id="urn:cts:latinLit:phi0119.phi010.perseus-lat2:line.930">                <w xml:id="line.930#w.1" pos="PROrel" lemma="qui1" msd="Case=Nom|Numb=Sing">qui</w>                <w xml:id="line.930#w.2" pos="PROper" lemma="tu" msd="Case=Acc|Numb=Sing">te</w>                <w xml:id="line.930#w.3" pos="ADV" lemma="iuppiter" msd="Deg=Pos">Iuppiter</w>                <w xml:id="line.930#w.4" pos="NOM" lemma="deus" msd="Case=Nom|Numb=Plur">dique</w>                <w xml:id="line.930#w.5" pos="CON" lemma="que" msd="MORPH=empty">dique</w>                <w xml:id="line.930#w.6" pos="PROind" lemma="omnis" msd="Case=Nom|Numb=Plur">omnes</w>                <w xml:id="line.930#w.7" pos="PUNC" lemma="," msd="MORPH=empty">,</w>                <w xml:id="line.930#w.8" pos="NOM" lemma="percontator" msd="Case=Nom|Numb=Sing">percontator</w>                <w xml:id="line.930#w.9" pos="PUNC" lemma="," msd="MORPH=empty">,</w>                <w xml:id="line.930#w.10" pos="VER" lemma="perdo" msd="Numb=Plur|Mood=Sub|Tense=Pres|Voice=Act|Person=3">perduint</w>                <w xml:id="line.930#w.11" pos="PUNC" lemma="." msd="MORPH=empty">.</w>            </seg>            <seg xml:id="urn:cts:latinLit:phi0119.phi010.perseus-lat2:line.931">                <w xml:id="line.931#w.1" pos="ADV" lemma="nunc" msd="Deg=Pos">Nunc</w>                <w xml:id="line.931#w.2" pos="NOM" lemma="homo" msd="Case=Nom|Numb=Sing">homo</w>                <w xml:id="line.931#w.3" pos="VER" lemma="insanio" msd="Mood=Inf|Tense=Pres|Voice=Act">insanire</w>                <w xml:id="line.931#w.4" pos="VER" lemma="occepto" msd="Numb=Sing|Mood=Ind|Tense=Pres|Voice=Act|Person=3">occeptat</w>                <w xml:id="line.931#w.5" pos="PUNC" lemma=":" msd="MORPH=empty">:</w>                <w xml:id="line.931#w.6" pos="PRE" lemma="de" msd="MORPH=empty">de</w>                <w xml:id="line.931#w.7" pos="PROdem" lemma="ille" msd="Case=Abl|Numb=Plur">illis</w>                <w xml:id="line.931#w.8" pos="NOM" lemma="uerbum" msd="Case=Abl|Numb=Plur">verbis</w>                <w xml:id="line.931#w.9" pos="VER" lemma="caueo" msd="Numb=Sing|Mood=Imp|Tense=Pres|Voice=Act|Person=2">cave</w>                <w xml:id="line.931#w.10" pos="PROper" lemma="tu" msd="Case=Dat|Numb=Sing">tibi</w>                <w xml:id="line.931#w.11" pos="PUNC" lemma="." msd="MORPH=empty">.</w>            </seg>            <seg xml:id="urn:cts:latinLit:phi0119.phi010.perseus-lat2:line.932">                <w xml:id="line.932#w.1" pos="ADV" lemma="immo" msd="Deg=Pos">Immo</w>                <w xml:id="line.932#w.2" pos="NOM" lemma="nestor" msd="Case=Nom|Numb=Sing">Nestor</w>                <w xml:id="line.932#w.3" pos="ADV" lemma="nunc" msd="Deg=Pos">nunc</w>                <w xml:id="line.932#w.4" pos="ADV" lemma="quidem" msd="Deg=Pos">quidem</w>                <w xml:id="line.932#w.5" pos="VER" lemma="sum1" msd="Numb=Sing|Mood=Ind|Tense=Pres|Voice=Act|Person=3">est</w>                <w xml:id="line.932#w.6" pos="PRE" lemma="de" msd="MORPH=empty">de</w>                <w xml:id="line.932#w.7" pos="NOM" lemma="uerbum" msd="Case=Abl|Numb=Plur">verbis</w>                <w xml:id="line.932#w.8" pos="PUNC" lemma="," msd="MORPH=empty">,</w>                <w xml:id="line.932#w.9" pos="ADV" lemma="praeut" msd="Deg=Pos">praeut</w>                <w xml:id="line.932#w.10" pos="ADV" lemma="dudum" msd="Deg=Pos">dudum</w>                <w xml:id="line.932#w.11" pos="VER" lemma="sum1" msd="Numb=Sing|Mood=Ind|Tense=Perf|Voice=Act|Person=3">fuit</w>                <w xml:id="line.932#w.12" pos="PUNC" lemma=";" msd="MORPH=empty">;</w>            </seg>            <seg xml:id="urn:cts:latinLit:phi0119.phi010.perseus-lat2:line.933">                <w xml:id="line.933#w.1" pos="CONcoo" lemma="nam" msd="MORPH=empty">nam</w>                <w xml:id="line.933#w.2" pos="ADV" lemma="dudum" msd="Deg=Pos">dudum</w>                <w xml:id="line.933#w.3" pos="NOM" lemma="uxor" msd="Case=Acc|Numb=Sing">uxorem</w>                <w xml:id="line.933#w.4" pos="PROpos.ref" lemma="suus" msd="Case=Acc|Numb=Sing">suam</w>                <w xml:id="line.933#w.5" pos="VER" lemma="sum1" msd="Mood=Inf|Tense=Pres|Voice=Act">esse</w>                <w xml:id="line.933#w.6" pos="VER" lemma="aio" msd="Numb=Sing|Mood=Ind|Tense=Impa|Voice=Act|Person=3">aiebat</w>                <w xml:id="line.933#w.7" pos="ADJqua" lemma="rabiosus" msd="Case=Acc|Numb=Sing|Deg=Pos">rabiosam</w>                <w xml:id="line.933#w.8" pos="NOM" lemma="canis" msd="Case=Acc|Numb=Sing">canem</w>                <w xml:id="line.933#w.9" pos="PUNC" lemma="." msd="MORPH=empty">.</w>            </seg>            <seg xml:id="urn:cts:latinLit:phi0119.phi010.perseus-lat2:line.934">                <w xml:id="line.934#w.1" pos="PROint" lemma="quis1" msd="Case=Acc|Numb=Sing">Quid</w>                <w xml:id="line.934#w.2" pos="PUNC" lemma="," msd="MORPH=empty">,</w>                <w xml:id="line.934#w.3" pos="PROper" lemma="ego" msd="Case=Nom|Numb=Sing">ego</w>                <w xml:id="line.934#w.4" pos="PUNC" lemma="?" msd="MORPH=empty">?</w>            </seg>            <seg xml:id="urn:cts:latinLit:phi0119.phi010.perseus-lat2:line.934b">                <w xml:id="line.934b#w.1" pos="VER" lemma="dico?" msd="Numb=Sing|Mood=Ind|Tense=Perf|Voice=Act">Dixti</w>                <w xml:id="line.934b#w.2" pos="ADJqua" lemma="insanus" msd="Case=Nom|Numb=Sing|Deg=Pos">insanus</w>                <w xml:id="line.934b#w.3" pos="PUNC" lemma="," msd="MORPH=empty">,</w>                <w xml:id="line.934b#w.4" pos="VER" lemma="inquio" msd="Numb=Sing|Mood=Ind|Tense=Pres|Voice=Act|Person=1">inquam</w>                <w xml:id="line.934b#w.5" pos="PUNC" lemma="." msd="MORPH=empty">.</w>            </seg>            <seg xml:id="urn:cts:latinLit:phi0119.phi010.perseus-lat2:line.934c">                <w xml:id="line.934c#w.1" pos="PROper" lemma="ego" msd="Case=Nom|Numb=Sing">Egone</w>                <w xml:id="line.934c#w.2" pos="ADV" lemma="ne2" msd="MORPH=empty">Egone</w>                <w xml:id="line.934c#w.3" pos="PUNC" lemma="?" msd="MORPH=empty">?</w>            </seg>            <seg xml:id="urn:cts:latinLit:phi0119.phi010.perseus-lat2:line.934d">                <w xml:id="line.934d#w.1" pos="PROper" lemma="tu" msd="Case=Nom|Numb=Sing">Tu</w>                <w xml:id="line.934d#w.2" pos="ADV" lemma="istic2" msd="Deg=Pos">istic</w>                <w xml:id="line.934d#w.3" pos="PUNC" lemma="," msd="MORPH=empty">,</w>                <w xml:id="line.934d#w.4" pos="PROrel" lemma="qui1" msd="Case=Nom|Numb=Sing">qui</w>                <w xml:id="line.934d#w.5" pos="PROper" lemma="ego" msd="Case=Dat|Numb=Sing">mihi</w>            </seg>            <seg xml:id="urn:cts:latinLit:phi0119.phi010.perseus-lat2:line.935">                <w xml:id="line.935#w.1" pos="ADV" lemma="etiam" msd="Deg=Pos">etiam</w>                <w xml:id="line.935#w.2" pos="PROper" lemma="ego" msd="Case=Acc|Numb=Sing">me</w>                <w xml:id="line.935#w.3" pos="VER" lemma="iungo" msd="Case=Abl|Numb=Plur|Mood=Par|Tense=Perf|Voice=Pass">iunctis</w>                <w xml:id="line.935#w.4" pos="NOM" lemma="quadriga" msd="Case=Abl|Numb=Plur">quadrigis</w>                <w xml:id="line.935#w.5" pos="VER" lemma="prosterno" msd="Mood=Inf|Tense=Pres|Voice=Act">prosternere</w>                <w xml:id="line.935#w.6" pos="PUNC" lemma="." msd="MORPH=empty">.</w>            </seg>            <seg xml:id="urn:cts:latinLit:phi0119.phi010.perseus-lat2:line.936">                <w xml:id="line.936#w.1" pos="PROper" lemma="ego" msd="Case=Nom|Numb=Sing">egomet</w>                <w xml:id="line.936#w.2" pos="PROdem" lemma="hic1" msd="Case=Acc|Numb=Plur">haec</w>                <w xml:id="line.936#w.3" pos="PROper" lemma="tu" msd="Case=Acc|Numb=Sing">te</w>                <w xml:id="line.936#w.4" pos="VER" lemma="uideo" msd="Numb=Sing|Mood=Ind|Tense=Perf|Voice=Act|Person=1">vidi</w>                <w xml:id="line.936#w.5" pos="VER" lemma="facio" msd="Mood=Inf|Tense=Pres|Voice=Act">facere</w>                <w xml:id="line.936#w.6" pos="PUNC" lemma="," msd="MORPH=empty">,</w>                <w xml:id="line.936#w.7" pos="NOM" lemma="tgomet" msd="Numb=Sing">Ã©gomet</w>                <w xml:id="line.936#w.8" pos="PROdem" lemma="hic1" msd="Case=Acc|Numb=Sing">haec</w>                <w xml:id="line.936#w.9" pos="PROper" lemma="tu" msd="Case=Acc|Numb=Sing">ted</w>                <w xml:id="line.936#w.10" pos="VER" lemma="arguo" msd="Numb=Sing|Mood=Ind|Tense=Pres|Voice=Act|Person=1">arguo</w>                <w xml:id="line.936#w.11" pos="PUNC" lemma="." msd="MORPH=empty">.</w>            </seg>            <seg xml:id="urn:cts:latinLit:phi0119.phi010.perseus-lat2:line.941">                <w xml:id="line.941#w.1" pos="CONcoo" lemma="at2" msd="MORPH=empty">At</w>                <w xml:id="line.941#w.2" pos="PROper" lemma="ego" msd="Case=Nom|Numb=Sing">ego</w>                <w xml:id="line.941#w.3" pos="PROper" lemma="tu" msd="Case=Acc|Numb=Sing">te</w>                <w xml:id="line.941#w.4" pos="ADJqua" lemma="sacer" msd="Case=Acc|Numb=Sing|Deg=Pos">sacram</w>                <w xml:id="line.941#w.5" pos="NOM" lemma="corona" msd="Case=Acc|Numb=Sing">coronam</w>                <w xml:id="line.941#w.6" pos="VER" lemma="surripio" msd="Mood=Inf|Tense=Perf|Voice=Act">surrupuisse</w>                <w xml:id="line.941#w.7" pos="VER" lemma="iosco" msd="Numb=Sing|Mood=Ind|Tense=Perf|Voice=Act|Person=1">Iovi</w>                <w xml:id="line.941#w.8" pos="VER" lemma="scio" msd="Numb=Sing|Mood=Ind|Tense=Pres|Voice=Act|Person=1">scio</w>                <w xml:id="line.941#w.9" pos="PUNC" lemma="," msd="MORPH=empty">,</w>            </seg>            <seg xml:id="urn:cts:latinLit:phi0119.phi010.perseus-lat2:line.942">                <w xml:id="line.942#w.1" pos="CONcoo" lemma="et2" msd="MORPH=empty">et</w>                <w xml:id="line.942#w.2" pos="PRE" lemma="ob" msd="MORPH=empty">ob</w>                <w xml:id="line.942#w.3" pos="PROdem" lemma="is" msd="Case=Acc|Numb=Sing">eam</w>                <w xml:id="line.942#w.4" pos="NOM" lemma="res" msd="Case=Acc|Numb=Sing">rem</w>                <w xml:id="line.942#w.5" pos="PRE" lemma="in" msd="MORPH=empty">in</w>                <w xml:id="line.942#w.6" pos="NOM" lemma="carcer" msd="Case=Acc|Numb=Sing">carcerem</w>                <w xml:id="line.942#w.7" pos="PROper" lemma="tu" msd="Case=Acc|Numb=Sing">ted</w>                <w xml:id="line.942#w.8" pos="VER" lemma="sum1" msd="Mood=Inf|Tense=Pres|Voice=Act">esse</w>                <w xml:id="line.942#w.9" pos="VER" lemma="compactus" msd="Case=Acc|Numb=Sing|Mood=Par|Tense=Perf|Voice=Pass">compactum</w>                <w xml:id="line.942#w.10" pos="VER" lemma="scio" msd="Numb=Sing|Mood=Ind|Tense=Pres|Voice=Act|Person=1">scio</w>                <w xml:id="line.942#w.11" pos="PUNC" lemma="," msd="MORPH=empty">,</w>            </seg>            <seg xml:id="urn:cts:latinLit:phi0119.phi010.perseus-lat2:line.943">                <w xml:id="line.943#w.1" pos="CONcoo" lemma="et2" msd="MORPH=empty">et</w>                <w xml:id="line.943#w.2" pos="CONsub" lemma="postquam" msd="MORPH=empty">postquam</w>                <w xml:id="line.943#w.3" pos="VER" lemma="sum1" msd="Numb=Sing|Mood=Ind|Tense=Pres|Voice=Act|Person=2">es</w>                <w xml:id="line.943#w.4" pos="VER" lemma="emitto" msd="Case=Nom|Numb=Sing|Mood=Par|Tense=Perf|Voice=Pass">emissus</w>                <w xml:id="line.943#w.5" pos="PUNC" lemma="," msd="MORPH=empty">,</w>                <w xml:id="line.943#w.6" pos="VER" lemma="caedo" msd="Case=Acc|Numb=Sing|Mood=Par|Tense=Perf|Voice=Pass">caesum</w>                <w xml:id="line.943#w.7" pos="NOM" lemma="uirga" msd="Case=Abl|Numb=Plur">virgis</w>                <w xml:id="line.943#w.8" pos="PRE" lemma="sub" msd="MORPH=empty">sub</w>                <w xml:id="line.943#w.9" pos="NOM" lemma="furca" msd="Case=Abl|Numb=Sing">furca</w>                <w xml:id="line.943#w.10" pos="VER" lemma="scio" msd="Numb=Sing|Mood=Ind|Tense=Pres|Voice=Act|Person=1">scio</w>                <w xml:id="line.943#w.11" pos="PUNC" lemma=";" msd="MORPH=empty">;</w>            </seg>            <seg xml:id="urn:cts:latinLit:phi0119.phi010.perseus-lat2:line.944">                <w xml:id="line.944#w.1" pos="ADV" lemma="tum" msd="Deg=Pos">tum</w>                <w xml:id="line.944#w.2" pos="NOM" lemma="pater" msd="Case=Acc|Numb=Sing">patrem</w>                <w xml:id="line.944#w.3" pos="VER" lemma="occido?" msd="Mood=Inf|Tense=Perf|Voice=Act">occidisse</w>                <w xml:id="line.944#w.4" pos="CONcoo" lemma="et2" msd="MORPH=empty">et</w>                <w xml:id="line.944#w.5" pos="NOM" lemma="mater" msd="Case=Acc|Numb=Sing">matrem</w>                <w xml:id="line.944#w.6" pos="VER" lemma="uendo" msd="Mood=Inf|Tense=Perf|Voice=Act">vendidisse</w>                <w xml:id="line.944#w.7" pos="ADV" lemma="etiam" msd="Deg=Pos">etiam</w>                <w xml:id="line.944#w.8" pos="VER" lemma="scio" msd="Numb=Sing|Mood=Ind|Tense=Pres|Voice=Act|Person=1">scio</w>                <w xml:id="line.944#w.9" pos="PUNC" lemma="." msd="MORPH=empty">.</w>            </seg>            <seg xml:id="urn:cts:latinLit:phi0119.phi010.perseus-lat2:line.945">                <w xml:id="line.945#w.1" pos="ADV" lemma="satis" msd="Deg=Pos">satin</w>                <w xml:id="line.945#w.2" pos="ADV" lemma="ne2" msd="MORPH=empty">satin</w>                <w xml:id="line.945#w.3" pos="PROdem" lemma="hic1" msd="Case=Acc|Numb=Plur">haec</w>                <w xml:id="line.945#w.4" pos="PRE" lemma="pro1" msd="MORPH=empty">pro</w>                <w xml:id="line.945#w.5" pos="ADJqua" lemma="sanus" msd="Case=Abl|Numb=Sing|Deg=Pos">sano</w>                <w xml:id="line.945#w.6" pos="ADV" lemma="male" msd="Deg=Pos">male</w>                <w xml:id="line.945#w.7" pos="VER" lemma="dico?" msd="Numb=Plur|Mood=Par|Tense=Perf|Voice=Pass">dicta</w>                <w xml:id="line.945#w.8" pos="ADV" lemma="male" msd="Deg=Pos">male</w>                <w xml:id="line.945#w.9" pos="VER" lemma="dictum" msd="Case=Abl|Numb=Plur">dictis</w>                <w xml:id="line.945#w.10" pos="VER" lemma="respondeo" msd="Numb=Sing|Mood=Ind|Tense=Pres|Voice=Act|Person=1">respondeo</w>                <w xml:id="line.945#w.11" pos="PUNC" lemma="?" msd="MORPH=empty">?</w>            </seg>            <seg xml:id="urn:cts:latinLit:phi0119.phi010.perseus-lat2:line.946">                <w xml:id="line.946#w.1" pos="VER" lemma="obsecro" msd="Numb=Sing|Mood=Ind|Tense=Pres|Voice=Act|Person=1">Obsecro</w>                <w xml:id="line.946#w.2" pos="INJ" lemma="hercules" msd="MORPH=empty">hercle</w>                <w xml:id="line.946#w.3" pos="PUNC" lemma="," msd="MORPH=empty">,</w>                <w xml:id="line.946#w.4" pos="NOM" lemma="medicus?" msd="Numb=Sing|Deg=Pos">medice</w>                <w xml:id="line.946#w.5" pos="PUNC" lemma="," msd="MORPH=empty">,</w>                <w xml:id="line.946#w.6" pos="ADV" lemma="propere" msd="Deg=Pos">propere</w>                <w xml:id="line.946#w.7" pos="PUNC" lemma="," msd="MORPH=empty">,</w>                <w xml:id="line.946#w.8" pos="PROrel" lemma="quisquis1" msd="Case=Acc|Numb=Sing">quidquid</w>                <w xml:id="line.946#w.9" pos="PUNC" lemma="," msd="MORPH=empty">,</w>                <w xml:id="line.946#w.10" pos="VER" lemma="facio" msd="Numb=Sing|Mood=Imp|Tense=Pres|Voice=Act|Person=2">face</w>                <w xml:id="line.946#w.11" pos="PUNC" lemma="." msd="MORPH=empty">.</w>            </seg>            <seg xml:id="urn:cts:latinLit:phi0119.phi010.perseus-lat2:line.947">                <w xml:id="line.947#w.1" pos="ADVneg" lemma="non" msd="MORPH=empty">non</w>                <w xml:id="line.947#w.2" pos="VER" lemma="uideo" msd="Numb=Sing|Mood=Ind|Tense=Pres|Voice=Act|Person=2">vides</w>                <w xml:id="line.947#w.3" pos="NOM" lemma="homo" msd="Case=Acc|Numb=Sing">hominem</w>                <w xml:id="line.947#w.4" pos="VER" lemma="insanio" msd="Mood=Inf|Tense=Pres|Voice=Act">insanire</w>                <w xml:id="line.947#w.5" pos="PUNC" lemma="?" msd="MORPH=empty">?</w>            </seg>            <seg xml:id="urn:cts:latinLit:phi0119.phi010.perseus-lat2:line.947b">                <w xml:id="line.947b#w.1" pos="VER" lemma="scio" msd="Numb=Sing|Mood=Ind|Tense=Pres|Voice=Act|Person=2">Scin</w>                <w xml:id="line.947b#w.2" pos="ADV" lemma="ne2" msd="MORPH=empty">Scin</w>                <w xml:id="line.947b#w.3" pos="PROint" lemma="quis1" msd="Case=Acc|Numb=Sing">quid</w>                <w xml:id="line.947b#w.4" pos="VER" lemma="facio" msd="Numb=Sing|Mood=Sub|Tense=Pres|Voice=Act|Person=2">facias</w>                <w xml:id="line.947b#w.5" pos="ADJqua" lemma="bonus" msd="Case=Nom|Numb=Sing|Deg=Sup">optimum</w>                <w xml:id="line.947b#w.6" pos="VER" lemma="sum1" msd="Numb=Sing|Mood=Ind|Tense=Pres|Voice=Act|Person=3">est</w>                <w xml:id="line.947b#w.7" pos="PUNC" lemma="?" msd="MORPH=empty">?</w>            </seg>            <seg xml:id="urn:cts:latinLit:phi0119.phi010.perseus-lat2:line.948">                <w xml:id="line.948#w.1" pos="PRE" lemma="ad2" msd="MORPH=empty">ad</w>                <w xml:id="line.948#w.2" pos="PROper" lemma="ego" msd="Case=Acc|Numb=Sing">me</w>                <w xml:id="line.948#w.3" pos="NOM" lemma="facio" msd="Case=Abl|Numb=Sing|Mood=Imp|Tense=Pres|Voice=Act|Person=2">face</w>                <w xml:id="line.948#w.4" pos="CONsub" lemma="ut4" msd="MORPH=empty">uti</w>                <w xml:id="line.948#w.5" pos="VER" lemma="defero" msd="Numb=Sing|Mood=Sub|Tense=Pres|Voice=Pass|Person=3">deferatur</w>                <w xml:id="line.948#w.6" pos="PUNC" lemma="." msd="MORPH=empty">.</w>            </seg>            <seg xml:id="urn:cts:latinLit:phi0119.phi010.perseus-lat2:line.948b">                <w xml:id="line.948b#w.1" pos="ADV" lemma="ita" msd="Deg=Pos">Itane</w>                <w xml:id="line.948b#w.2" pos="ADV" lemma="ne2" msd="MORPH=empty">Itane</w>                <w xml:id="line.948b#w.3" pos="VER" lemma="censeo" msd="Numb=Sing|Mood=Ind|Tense=Pres|Voice=Act|Person=2">censes</w>                <w xml:id="line.948b#w.4" pos="PUNC" lemma="?" msd="MORPH=empty">?</w>            </seg>            <seg xml:id="urn:cts:latinLit:phi0119.phi010.perseus-lat2:line.948c">                <w xml:id="line.948c#w.1" pos="ADVint.neg" lemma="quippini" msd="MORPH=empty">Quippini</w>                <w xml:id="line.948c#w.2" pos="PUNC" lemma="?" msd="MORPH=empty">?</w>            </seg>            <seg xml:id="urn:cts:latinLit:phi0119.phi010.perseus-lat2:line.949">                <w xml:id="line.949#w.1" pos="ADV" lemma="ibi" msd="Deg=Pos">ibi</w>                <w xml:id="line.949#w.2" pos="PROpos" lemma="meus" msd="Case=Abl|Numb=Sing">meo</w>                <w xml:id="line.949#w.3" pos="NOM" lemma="arbitratus" msd="Case=Abl|Numb=Sing">arbitratu</w>                <w xml:id="line.949#w.4" pos="VER" lemma="possum1" msd="Numb=Sing|Mood=Ind|Tense=Fut|Voice=Act|Person=1">potero</w>                <w xml:id="line.949#w.5" pos="VER" lemma="curo" msd="Mood=Inf|Tense=Pres|Voice=Act">curare</w>                <w xml:id="line.949#w.6" pos="NOM" lemma="homo" msd="Case=Acc|Numb=Sing">hominem</w>                <w xml:id="line.949#w.7" pos="PUNC" lemma="." msd="MORPH=empty">.</w>            </seg>            <seg xml:id="urn:cts:latinLit:phi0119.phi010.perseus-lat2:line.949b">                <w xml:id="line.949b#w.1" pos="INJ" lemma="age" msd="MORPH=empty">Age</w>                <w xml:id="line.949b#w.2" pos="ADVrel" lemma="ut1" msd="MORPH=empty">ut</w>                <w xml:id="line.949b#w.3" pos="VER" lemma="libet" msd="Numb=Sing|Mood=Ind|Tense=Pres|Voice=Act|Person=3">lubet</w>                <w xml:id="line.949b#w.4" pos="PUNC" lemma="." msd="MORPH=empty">.</w>            </seg>            <seg xml:id="urn:cts:latinLit:phi0119.phi010.perseus-lat2:line.950">                <w xml:id="line.950#w.1" pos="NOM" lemma="helleborum" msd="Case=Acc|Numb=Sing">Elleborum</w>                <w xml:id="line.950#w.2" pos="VER" lemma="poto" msd="Numb=Sing|Mood=Ind|Tense=Fut|Voice=Act|Person=2">potabis</w>                <w xml:id="line.950#w.3" pos="VER" lemma="facio" msd="Numb=Sing|Mood=Ind|Tense=Fut|Voice=Act|Person=1">faxo</w>                <w xml:id="line.950#w.4" pos="PROind" lemma="lliquis" msd="Case=Acc|Numb=Plur">Ã¡liquos</w>                <w xml:id="line.950#w.5" pos="ADJcar" lemma="uiginti" msd="Case=Ind">viginti</w>                <w xml:id="line.950#w.6" pos="NOM" lemma="dies" msd="Case=Acc|Numb=Plur">dies</w>                <w xml:id="line.950#w.7" pos="PUNC" lemma="." msd="MORPH=empty">.</w>            </seg>            <seg xml:id="urn:cts:latinLit:phi0119.phi010.perseus-lat2:line.951">                <w xml:id="line.951#w.1" pos="CONcoo" lemma="at2" msd="MORPH=empty">At</w>                <w xml:id="line.951#w.2" pos="PROper" lemma="ego" msd="Case=Nom|Numb=Sing">ego</w>                <w xml:id="line.951#w.3" pos="PROper" lemma="tu" msd="Case=Acc|Numb=Sing">te</w>                <w xml:id="line.951#w.4" pos="VER" lemma="pendeo" msd="Case=Acc|Numb=Sing|Mood=Par|Tense=Pres|Voice=Act">pendentem</w>                <w xml:id="line.951#w.5" pos="VER" lemma="fodio" msd="Numb=Sing|Mood=Ind|Tense=Fut|Voice=Act|Person=1">fodiam</w>                <w xml:id="line.951#w.6" pos="NOM" lemma="stimulus" msd="Case=Abl|Numb=Plur">stimulis</w>                <w xml:id="line.951#w.7" pos="ADJcar" lemma="triginta" msd="Case=Ind">triginta</w>                <w xml:id="line.951#w.8" pos="NOM" lemma="dies" msd="Case=Acc|Numb=Plur">dies</w>                <w xml:id="line.951#w.9" pos="PUNC" lemma="." msd="MORPH=empty">.</w>            </seg>            <seg xml:id="urn:cts:latinLit:phi0119.phi010.perseus-lat2:line.952">                <w xml:id="line.952#w.1" pos="ADJcar" lemma="1" msd="MORPH=empty">I</w>                <w xml:id="line.952#w.2" pos="PUNC" lemma="," msd="MORPH=empty">,</w>                <w xml:id="line.952#w.3" pos="VER" lemma="arcesso" msd="Mood=Imp|Tense=Pres|Voice=Act|Person=2">arcesse</w>                <w xml:id="line.952#w.4" pos="NOM" lemma="homo" msd="Case=Acc|Numb=Plur">homines</w>                <w xml:id="line.952#w.5" pos="PUNC" lemma="," msd="MORPH=empty">,</w>                <w xml:id="line.952#w.6" pos="PROrel" lemma="qui1" msd="Case=Nom|Numb=Plur">qui</w>                <w xml:id="line.952#w.7" pos="PROdem" lemma="illic1" msd="Case=Acc|Numb=Sing">illunc</w>                <w xml:id="line.952#w.8" pos="PRE" lemma="ad2" msd="MORPH=empty">ad</w>                <w xml:id="line.952#w.9" pos="PROper" lemma="ego" msd="Case=Acc|Numb=Sing">me</w>                <w xml:id="line.952#w.10" pos="VER" lemma="defero" msd="Numb=Plur|Mood=Sub|Tense=Pres|Voice=Act|Person=3">deferant</w>                <w xml:id="line.952#w.11" pos="PUNC" lemma="." msd="MORPH=empty">.</w>            </seg>            <seg xml:id="urn:cts:latinLit:phi0119.phi010.perseus-lat2:line.952b">                <w xml:id="line.952b#w.1" pos="PROint" lemma="quot2" msd="Case=Ind">Quot</w>                <w xml:id="line.952b#w.2" pos="VER" lemma="sum1" msd="Numb=Plur|Mood=Ind|Tense=Pres|Voice=Act|Person=3">sunt</w>                <w xml:id="line.952b#w.3" pos="ADV" lemma="satis2" msd="Case=Ind|Deg=Pos">satis</w>                <w xml:id="line.952b#w.4" pos="PUNC" lemma="?" msd="MORPH=empty">?</w>            </seg>            <seg xml:id="urn:cts:latinLit:phi0119.phi010.perseus-lat2:line.953">                <w xml:id="line.953#w.1" pos="ADV" lemma="proinde" msd="Deg=Pos">Proinde</w>                <w xml:id="line.953#w.2" pos="ADVrel" lemma="ut1" msd="MORPH=empty">ut</w>                <w xml:id="line.953#w.3" pos="VER" lemma="insanio" msd="Mood=Inf|Tense=Pres|Voice=Act">insanire</w>                <w xml:id="line.953#w.4" pos="VER" lemma="uideo" msd="Numb=Sing|Mood=Ind|Tense=Pres|Voice=Act|Person=1">video</w>                <w xml:id="line.953#w.5" pos="PUNC" lemma="," msd="MORPH=empty">,</w>                <w xml:id="line.953#w.6" pos="ADJcar" lemma="quatuor" msd="Case=Ind">quattuor</w>                <w xml:id="line.953#w.7" pos="PUNC" lemma="," msd="MORPH=empty">,</w>                <w xml:id="line.953#w.8" pos="NOM" lemma="nihilum" msd="Case=Abl|Numb=Sing">nihilo</w>                <w xml:id="line.953#w.9" pos="ADJqua" lemma="paruus2" msd="Numb=Sing|Deg=Comp">minus</w>                <w xml:id="line.953#w.10" pos="PUNC" lemma="." msd="MORPH=empty">.</w>            </seg>            <seg xml:id="urn:cts:latinLit:phi0119.phi010.perseus-lat2:line.954">                <w xml:id="line.954#w.1" pos="ADV" lemma="iam" msd="Deg=Pos">Iam</w>                <w xml:id="line.954#w.2" pos="ADV" lemma="hic2" msd="Deg=Pos">hic</w>                <w xml:id="line.954#w.3" pos="VER" lemma="sum1" msd="Numb=Plur|Mood=Ind|Tense=Fut|Voice=Act|Person=3">erunt</w>                <w xml:id="line.954#w.4" pos="PUNC" lemma="." msd="MORPH=empty">.</w>                <w xml:id="line.954#w.5" pos="VER" lemma="asseruo" msd="Numb=Sing|Mood=Imp|Tense=Pres|Voice=Act|Person=2">asserva</w>                <w xml:id="line.954#w.6" pos="PROper" lemma="tu" msd="Case=Nom|Numb=Sing">tu</w>                <w xml:id="line.954#w.7" pos="PROdem" lemma="istic1" msd="Case=Acc|Numb=Sing">istunc</w>                <w xml:id="line.954#w.8" pos="PUNC" lemma="," msd="MORPH=empty">,</w>                <w xml:id="line.954#w.9" pos="NOM" lemma="medicus?" msd="Numb=Sing">medice</w>                <w xml:id="line.954#w.10" pos="PUNC" lemma="." msd="MORPH=empty">.</w>            </seg>            <seg xml:id="urn:cts:latinLit:phi0119.phi010.perseus-lat2:line.954b">                <w xml:id="line.954b#w.1" pos="ADV" lemma="immo" msd="Deg=Pos">Immo</w>                <w xml:id="line.954b#w.2" pos="VER" lemma="eo1" msd="Numb=Sing|Mood=Ind|Tense=Fut|Voice=Act|Person=1">ibo</w>                <w xml:id="line.954b#w.3" pos="NOM" lemma="domus" msd="Case=Acc|Numb=Sing">domum</w>                <w xml:id="line.954b#w.4" pos="PUNC" lemma="," msd="MORPH=empty">,</w>            </seg>            <seg xml:id="urn:cts:latinLit:phi0119.phi010.perseus-lat2:line.955">                <w xml:id="line.955#w.1" pos="CONsub" lemma="ut4" msd="MORPH=empty">ut</w>                <w xml:id="line.955#w.2" pos="VER" lemma="paro2" msd="Numb=Plur|Mood=Sub|Tense=Pres|Voice=Pass|Person=3">parentur</w>                <w xml:id="line.955#w.3" pos="PROrel" lemma="qui1" msd="Case=Dat|Numb=Plur">quibus</w>                <w xml:id="line.955#w.4" pos="VER" lemma="paratus?" msd="Case=Abl|Numb=Plur">paratis</w>                <w xml:id="line.955#w.5" pos="NOM" lemma="opus?" msd="Case=Ind">opus</w>                <w xml:id="line.955#w.6" pos="VER" lemma="sum1" msd="Numb=Sing|Mood=Ind|Tense=Pres|Voice=Act|Person=3">est</w>                <w xml:id="line.955#w.7" pos="PUNC" lemma="." msd="MORPH=empty">.</w>                <w xml:id="line.955#w.8" pos="PROper" lemma="tu" msd="Case=Nom|Numb=Sing">tu</w>                <w xml:id="line.955#w.9" pos="NOM" lemma="seruus?" msd="Case=Acc|Numb=Plur">servos</w>                <w xml:id="line.955#w.10" pos="VER" lemma="iubeo" msd="Numb=Sing|Mood=Imp|Tense=Pres|Voice=Act|Person=2">iube</w>            </seg>            <seg xml:id="urn:cts:latinLit:phi0119.phi010.perseus-lat2:line.956">                <w xml:id="line.956#w.1" pos="PROdem" lemma="hic1" msd="Case=Acc|Numb=Sing">hunc</w>                <w xml:id="line.956#w.2" pos="PRE" lemma="ad2" msd="MORPH=empty">ad</w>                <w xml:id="line.956#w.3" pos="PROper" lemma="ego" msd="Case=Acc|Numb=Sing">me</w>                <w xml:id="line.956#w.4" pos="VER" lemma="fero" msd="Numb=Plur|Mood=Sub|Tense=Pres|Voice=Act|Person=3">ferant</w>                <w xml:id="line.956#w.5" pos="PUNC" lemma="." msd="MORPH=empty">.</w>            </seg>            <seg xml:id="urn:cts:latinLit:phi0119.phi010.perseus-lat2:line.956b">                <w xml:id="line.956b#w.1" pos="ADV" lemma="iam" msd="Deg=Pos">Iam</w>                <w xml:id="line.956b#w.2" pos="PROper" lemma="ego" msd="Case=Nom|Numb=Sing">ego</w>                <w xml:id="line.956b#w.3" pos="ADV" lemma="illic2" msd="Deg=Pos">illic</w>                <w xml:id="line.956b#w.4" pos="VER" lemma="facio" msd="Numb=Sing|Mood=Ind|Tense=Fut|Voice=Act|Person=1">faxo</w>                <w xml:id="line.956b#w.5" pos="VER" lemma="sum1" msd="Numb=Sing|Mood=Ind|Tense=Fut|Voice=Act|Person=3">erit</w>                <w xml:id="line.956b#w.6" pos="PUNC" lemma="." msd="MORPH=empty">.</w>            </seg>            <seg xml:id="urn:cts:latinLit:phi0119.phi010.perseus-lat2:line.956c">                <w xml:id="line.956c#w.1" pos="VER" lemma="abeo1" msd="Numb=Sing|Mood=Ind|Tense=Pres|Voice=Act|Person=1">Abeo</w>                <w xml:id="line.956c#w.2" pos="PUNC" lemma="." msd="MORPH=empty">.</w>            </seg>            <seg xml:id="urn:cts:latinLit:phi0119.phi010.perseus-lat2:line.956d">                <w xml:id="line.956d#w.1" pos="VER" lemma="ualeo" msd="Numb=Sing|Mood=Imp|Tense=Pres|Voice=Act|Person=2">Vale</w>                <w xml:id="line.956d#w.2" pos="PUNC" lemma="." msd="MORPH=empty">.</w>                <w xml:id="line.956d#w.3" pos="PUNC" lemma="â" msd="MORPH=empty">â</w>            </seg>            <seg xml:id="urn:cts:latinLit:phi0119.phi010.perseus-lat2:line.957">                <w xml:id="line.957#w.1" pos="VER" lemma="abeo1" msd="Numb=Sing|Mood=Ind|Tense=Perf|Voice=Act|Person=3">Abiit</w>                <w xml:id="line.957#w.2" pos="NOM" lemma="socer" msd="Case=Nom|Numb=Sing">socerus</w>                <w xml:id="line.957#w.3" pos="PUNC" lemma="," msd="MORPH=empty">,</w>                <w xml:id="line.957#w.4" pos="VER" lemma="abeo1" msd="Numb=Sing|Mood=Ind|Tense=Perf|Voice=Act|Person=3">abiit</w>                <w xml:id="line.957#w.5" pos="NOM" lemma="medicus?" msd="Case=Nom|Numb=Sing">medicus</w>                <w xml:id="line.957#w.6" pos="PUNC" lemma="." msd="MORPH=empty">.</w>                <w xml:id="line.957#w.7" pos="NOM" lemma="sulus" msd="Case=Nom|Numb=Sing">sÃ³lus</w>                <w xml:id="line.957#w.8" pos="VER" lemma="sum1" msd="Numb=Sing|Mood=Ind|Tense=Pres|Voice=Act|Person=1">sum</w>                <w xml:id="line.957#w.9" pos="PUNC" lemma="." msd="MORPH=empty">.</w>                <w xml:id="line.957#w.10" pos="INJ" lemma="pro2" msd="MORPH=empty">pro</w>                <w xml:id="line.957#w.11" pos="ADV" lemma="iuppiter" msd="Deg=Pos">Iuppiter</w>                <w xml:id="line.957#w.12" pos="PUNC" lemma="," msd="MORPH=empty">,</w>            </seg>            <seg xml:id="urn:cts:latinLit:phi0119.phi010.perseus-lat2:line.958">                <w xml:id="line.958#w.1" pos="PROint" lemma="quis1" msd="Case=Nom|Numb=Sing">quid</w>                <w xml:id="line.958#w.2" pos="ADV" lemma="illic2" msd="Case=Nom|Numb=Sing|Deg=Pos">illuc</w>                <w xml:id="line.958#w.3" pos="VER" lemma="sum1" msd="Numb=Sing|Mood=Ind|Tense=Pres|Voice=Act|Person=3">est</w>                <w xml:id="line.958#w.4" pos="PROrel" lemma="quod?" msd="Case=Acc|Numb=Sing">quod</w>                <w xml:id="line.958#w.5" pos="PROper" lemma="ego" msd="Case=Acc|Numb=Sing">med</w>                <w xml:id="line.958#w.6" pos="PROdem" lemma="hic1" msd="Case=Dat|Numb=Plur">hisce</w>                <w xml:id="line.958#w.7" pos="NOM" lemma="homo" msd="Case=Nom|Numb=Plur">homines</w>                <w xml:id="line.958#w.8" pos="VER" lemma="insanio" msd="Mood=Inf|Tense=Pres|Voice=Act">insanire</w>                <w xml:id="line.958#w.9" pos="VER" lemma="praedico?" msd="Numb=Plur|Mood=Ind|Tense=Pres|Voice=Act|Person=3">praedicant</w>                <w xml:id="line.958#w.10" pos="PUNC" lemma="?" msd="MORPH=empty">?</w>            </seg>            <seg xml:id="urn:cts:latinLit:phi0119.phi010.perseus-lat2:line.959">                <w xml:id="line.959#w.1" pos="CONcoo" lemma="nam" msd="MORPH=empty">nam</w>                <w xml:id="line.959#w.2" pos="ADV" lemma="pquidem" msd="Deg=Pos">Ã©quidem</w>                <w xml:id="line.959#w.3" pos="PUNC" lemma="," msd="MORPH=empty">,</w>                <w xml:id="line.959#w.4" pos="CONsub" lemma="postquam" msd="MORPH=empty">postquam</w>                <w xml:id="line.959#w.5" pos="NOM" lemma="nascor" msd="Case=Nom|Numb=Sing">gnatus</w>                <w xml:id="line.959#w.6" pos="VER" lemma="sum1" msd="Numb=Sing|Mood=Ind|Tense=Pres|Voice=Act|Person=1">sum</w>                <w xml:id="line.959#w.7" pos="PUNC" lemma="," msd="MORPH=empty">,</w>                <w xml:id="line.959#w.8" pos="ADVneg" lemma="numquam" msd="MORPH=empty">numquam</w>                <w xml:id="line.959#w.9" pos="VER" lemma="aegroto" msd="Numb=Sing|Mood=Ind|Tense=Perf|Voice=Act|Person=1">aegrotavi</w>                <w xml:id="line.959#w.10" pos="ADJcar" lemma="unus" msd="Case=Acc|Numb=Sing">unum</w>                <w xml:id="line.959#w.11" pos="NOM" lemma="dies" msd="Case=Acc|Numb=Sing">diem</w>                <w xml:id="line.959#w.12" pos="PUNC" lemma="," msd="MORPH=empty">,</w>            </seg>            <seg xml:id="urn:cts:latinLit:phi0119.phi010.perseus-lat2:line.960">                <w xml:id="line.960#w.1" pos="CONcoo" lemma="neque" msd="MORPH=empty">neque</w>                <w xml:id="line.960#w.2" pos="PROper" lemma="ego" msd="Case=Nom|Numb=Sing">ego</w>                <w xml:id="line.960#w.3" pos="NOM" lemma="insanio" msd="Numb=Sing|Mood=Ind|Tense=Pres|Voice=Act|Person=1">insanio</w>                <w xml:id="line.960#w.4" pos="CONcoo" lemma="neque" msd="MORPH=empty">neque</w>                <w xml:id="line.960#w.5" pos="NOM" lemma="pugno" msd="Case=Acc|Numb=Sing|Mood=Ind|Tense=Pres|Voice=Act|Person=2">pugnas</w>                <w xml:id="line.960#w.6" pos="CONcoo" lemma="neque" msd="MORPH=empty">neque</w>                <w xml:id="line.960#w.7" pos="PROper" lemma="ego" msd="Case=Nom|Numb=Sing">ego</w>                <w xml:id="line.960#w.8" pos="NOM" lemma="lis" msd="Case=Acc|Numb=Sing">litis</w>                <w xml:id="line.960#w.9" pos="VER" lemma="coepio" msd="Numb=Sing|Mood=Ind|Tense=Pres|Voice=Act|Person=1">coepio</w>                <w xml:id="line.960#w.10" pos="PUNC" lemma="." msd="MORPH=empty">.</w>            </seg>            <seg xml:id="urn:cts:latinLit:phi0119.phi010.perseus-lat2:line.961">                <w xml:id="line.961#w.1" pos="ADJqua" lemma="saluus" msd="Case=Nom|Numb=Sing|Deg=Pos">salvus</w>                <w xml:id="line.961#w.2" pos="ADJqua" lemma="saluus" msd="Case=Acc|Numb=Plur|Deg=Pos">salvos</w>                <w xml:id="line.961#w.3" pos="PROind" lemma="alius" msd="Case=Acc|Numb=Plur">alios</w>                <w xml:id="line.961#w.4" pos="VER" lemma="uideo" msd="Numb=Sing|Mood=Ind|Tense=Pres|Voice=Act|Person=1">video</w>                <w xml:id="line.961#w.5" pos="PUNC" lemma="," msd="MORPH=empty">,</w>                <w xml:id="line.961#w.6" pos="VER" lemma="nosco" msd="Numb=Sing|Mood=Ind|Tense=Perf|Voice=Act|Person=1">novi</w>                <w xml:id="line.961#w.7" pos="NOM" lemma="homo" msd="Case=Acc|Numb=Plur">homines</w>                <w xml:id="line.961#w.8" pos="PUNC" lemma="," msd="MORPH=empty">,</w>                <w xml:id="line.961#w.9" pos="VER" lemma="alloquor" msd="Numb=Sing|Mood=Ind|Tense=Pres|Voice=Dep|Person=1">adloquor</w>                <w xml:id="line.961#w.10" pos="PUNC" lemma="." msd="MORPH=empty">.</w>            </seg>            <seg xml:id="urn:cts:latinLit:phi0119.phi010.perseus-lat2:line.962">                <w xml:id="line.962#w.1" pos="ADVint" lemma="an" msd="MORPH=empty">an</w>                <w xml:id="line.962#w.2" pos="PROdem" lemma="ille" msd="Case=Nom|Numb=Plur">illi</w>                <w xml:id="line.962#w.3" pos="ADV" lemma="perperam" msd="Deg=Pos">perperam</w>                <w xml:id="line.962#w.4" pos="VER" lemma="insanio" msd="Mood=Inf|Tense=Pres|Voice=Act">insanire</w>                <w xml:id="line.962#w.5" pos="PROper" lemma="ego" msd="Case=Acc|Numb=Sing">me</w>                <w xml:id="line.962#w.6" pos="VER" lemma="aio" msd="Numb=Plur|Mood=Ind|Tense=Pres|Voice=Act|Person=3">aiunt</w>                <w xml:id="line.962#w.7" pos="PUNC" lemma="," msd="MORPH=empty">,</w>                <w xml:id="line.962#w.8" pos="PROdem" lemma="ipse" msd="Case=Nom|Numb=Plur">ipsi</w>                <w xml:id="line.962#w.9" pos="VER" lemma="insanio" msd="Numb=Plur|Mood=Ind|Tense=Pres|Voice=Act|Person=3">insaniunt</w>                <w xml:id="line.962#w.10" pos="PUNC" lemma="?" msd="MORPH=empty">?</w>            </seg>            <seg xml:id="urn:cts:latinLit:phi0119.phi010.perseus-lat2:line.963">                <w xml:id="line.963#w.1" pos="PROint" lemma="quis1" msd="Case=Acc|Numb=Sing">quid</w>                <w xml:id="line.963#w.2" pos="PROper" lemma="ego" msd="Case=Nom|Numb=Sing">ego</w>                <w xml:id="line.963#w.3" pos="ADV" lemma="nunc" msd="Deg=Pos">nunc</w>                <w xml:id="line.963#w.4" pos="VER" lemma="facio" msd="Numb=Sing|Mood=Sub|Tense=Pres|Voice=Act|Person=1">faciam</w>                <w xml:id="line.963#w.5" pos="PUNC" lemma="?" msd="MORPH=empty">?</w>                <w xml:id="line.963#w.6" pos="NOM" lemma="domus" msd="Case=Acc|Numb=Sing">domum</w>                <w xml:id="line.963#w.7" pos="VER" lemma="eo1" msd="Mood=Inf|Tense=Pres|Voice=Act">ire</w>                <w xml:id="line.963#w.8" pos="VER" lemma="cupio" msd="Numb=Sing|Mood=Ind|Tense=Pres|Voice=Act|Person=1">cupio</w>                <w xml:id="line.963#w.9" pos="PUNC" lemma=":" msd="MORPH=empty">:</w>                <w xml:id="line.963#w.10" pos="NOM" lemma="ixor" msd="Case=Nom|Numb=Sing">Ãºxor</w>                <w xml:id="line.963#w.11" pos="ADVneg" lemma="non" msd="MORPH=empty">non</w>                <w xml:id="line.963#w.12" pos="VER" lemma="sino" msd="Numb=Sing|Mood=Ind|Tense=Pres|Voice=Act|Person=3">sinit</w>                <w xml:id="line.963#w.13" pos="PUNC" lemma=";" msd="MORPH=empty">;</w>            </seg>            <seg xml:id="urn:cts:latinLit:phi0119.phi010.perseus-lat2:line.964">                <w xml:id="line.964#w.1" pos="ADV" lemma="huc" msd="Deg=Pos">huc</w>                <w xml:id="line.964#w.2" pos="CONcoo" lemma="autem" msd="MORPH=empty">autem</w>                <w xml:id="line.964#w.3" pos="PROind" lemma="nemo" msd="Case=Nom|Numb=Sing">nemo</w>                <w xml:id="line.964#w.4" pos="VER" lemma="intromitto" msd="Numb=Sing|Mood=Ind|Tense=Pres|Voice=Act|Person=3">intromittit</w>                <w xml:id="line.964#w.5" pos="PUNC" lemma="." msd="MORPH=empty">.</w>                <w xml:id="line.964#w.6" pos="ADV" lemma="nimis" msd="Deg=Pos">nimis</w>                <w xml:id="line.964#w.7" pos="NOM" lemma="prouentus" msd="Case=Nom|Numb=Sing">proventum</w>                <w xml:id="line.964#w.8" pos="VER" lemma="sum1" msd="Numb=Sing|Mood=Ind|Tense=Pres|Voice=Act|Person=3">est</w>                <w xml:id="line.964#w.9" pos="ADV" lemma="nequiter" msd="Deg=Pos">nequiter</w>                <w xml:id="line.964#w.10" pos="PUNC" lemma="." msd="MORPH=empty">.</w>            </seg>            <seg xml:id="urn:cts:latinLit:phi0119.phi010.perseus-lat2:line.965">                <w xml:id="line.965#w.1" pos="ADV" lemma="hic2" msd="Deg=Pos">hic</w>                <w xml:id="line.965#w.2" pos="VER" lemma="sum1" msd="Numb=Sing|Mood=Ind|Tense=Fut|Voice=Act|Person=1">ero</w>                <w xml:id="line.965#w.3" pos="ADV" lemma="usque" msd="Deg=Pos">usque</w>                <w xml:id="line.965#w.4" pos="PUNC" lemma=":" msd="MORPH=empty">:</w>                <w xml:id="line.965#w.5" pos="PRE" lemma="ad2" msd="MORPH=empty">ad</w>                <w xml:id="line.965#w.6" pos="NOM" lemma="nox" msd="Case=Acc|Numb=Sing">noctem</w>                <w xml:id="line.965#w.7" pos="ADV" lemma="saltem" msd="Deg=Pos">saltem</w>                <w xml:id="line.965#w.8" pos="PUNC" lemma="," msd="MORPH=empty">,</w>                <w xml:id="line.965#w.9" pos="VER" lemma="credo" msd="Numb=Sing|Mood=Ind|Tense=Pres|Voice=Act|Person=1">credo</w>                <w xml:id="line.965#w.10" pos="PUNC" lemma="," msd="MORPH=empty">,</w>                <w xml:id="line.965#w.11" pos="VER" lemma="intromitto" msd="Numb=Sing|Mood=Sub|Tense=Pres|Voice=Pass|Person=1">intromittar</w>                <w xml:id="line.965#w.12" pos="NOM" lemma="domus" msd="Case=Acc|Numb=Sing">domum</w>                <w xml:id="line.965#w.13" pos="PUNC" lemma="." msd="MORPH=empty">.</w>            </seg>            <seg xml:id="urn:cts:latinLit:phi0119.phi010.perseus-lat2:line.966">                <w xml:id="line.966#w.1" pos="NOM" lemma="spectumen" msd="Case=Acc|Numb=Sing">SpectÃ¡men</w>                <w xml:id="line.966#w.2" pos="ADJqua" lemma="bonus" msd="Case=Nom|Numb=Sing|Deg=Pos">bonÃ³</w>                <w xml:id="line.966#w.3" pos="NOM" lemma="seruus?" msd="Case=Dat|Numb=Sing">servo</w>                <w xml:id="line.966#w.4" pos="PROdem" lemma="is" msd="Case=Nom|Numb=Sing">id</w>                <w xml:id="line.966#w.5" pos="NOM" lemma="sum?" msd="Numb=Sing">Ã©st</w>                <w xml:id="line.966#w.6" pos="PUNC" lemma="," msd="MORPH=empty">,</w>                <w xml:id="line.966#w.7" pos="PROrel" lemma="qui1" msd="Case=Nom|Numb=Sing">qui</w>                <w xml:id="line.966#w.8" pos="NOM" lemma="res" msd="Case=Acc|Numb=Sing">rem</w>                <w xml:id="line.966#w.9" pos="ADJqua" lemma="erulis" msd="Case=Acc|Numb=Sing|Deg=Pos">erÃ­lem</w>            </seg>            <seg xml:id="urn:cts:latinLit:phi0119.phi010.perseus-lat2:line.967">                <w xml:id="line.967#w.1" pos="VER" lemma="procuro" msd="Numb=Sing|Mood=Ind|Tense=Pres|Voice=Act|Person=3">procurat</w>                <w xml:id="line.967#w.2" pos="PUNC" lemma="," msd="MORPH=empty">,</w>                <w xml:id="line.967#w.3" pos="VER" lemma="uideo" msd="Numb=Sing|Mood=Ind|Tense=Pres|Voice=Act|Person=3">videt</w>                <w xml:id="line.967#w.4" pos="PUNC" lemma="," msd="MORPH=empty">,</w>                <w xml:id="line.967#w.5" pos="VER" lemma="colloco" msd="Numb=Sing|Mood=Ind|Tense=Pres|Voice=Act|Person=3">collocat</w>                <w xml:id="line.967#w.6" pos="VER" lemma="cogito" msd="Numb=Sing|Mood=Ind|Tense=Pres|Voice=Act|Person=3">cogitatque</w>                <w xml:id="line.967#w.7" pos="CON" lemma="que" msd="MORPH=empty">cogitatque</w>                <w xml:id="line.967#w.8" pos="PUNC" lemma="," msd="MORPH=empty">,</w>            </seg>            <seg xml:id="urn:cts:latinLit:phi0119.phi010.perseus-lat2:line.968">                <w xml:id="line.968#w.1" pos="CONsub" lemma="ut4" msd="MORPH=empty">ut</w>                <w xml:id="line.968#w.2" pos="VER" lemma="absum1" msd="Case=Abl|Numb=Sing|Mood=Par|Tense=Pres|Voice=Act">absente</w>                <w xml:id="line.968#w.3" pos="NOM" lemma="herus" msd="Numb=Sing">erÃ³</w>                <w xml:id="line.968#w.4" pos="NOM" lemma="res" msd="Case=Acc|Numb=Sing">rem</w>                <w xml:id="line.968#w.5" pos="NOM" lemma="herus" msd="Numb=Sing">erÃ­</w>                <w xml:id="line.968#w.6" pos="ADV" lemma="diligenter" msd="Deg=Pos">diligenter</w>            </seg>            <seg xml:id="urn:cts:latinLit:phi0119.phi010.perseus-lat2:line.969">                <w xml:id="line.969#w.1" pos="VER" lemma="tutor2" msd="Numb=Sing|Mood=Ind|Tense=Pres|Voice=Dep|Person=3">tutÃ©tur</w>                <w xml:id="line.969#w.2" pos="PUNC" lemma="," msd="MORPH=empty">,</w>                <w xml:id="line.969#w.3" pos="ADVrel" lemma="quam1" msd="MORPH=empty">quam</w>                <w xml:id="line.969#w.4" pos="CONsub" lemma="si2" msd="MORPH=empty">si</w>                <w xml:id="line.969#w.5" pos="NOM" lemma="pese" msd="Case=Nom|Numb=Sing">Ã­pse</w>                <w xml:id="line.969#w.6" pos="VER" lemma="assum1" msd="Numb=Sing|Mood=Sub|Tense=Pres|Voice=Act|Person=3">adsit</w>                <w xml:id="line.969#w.7" pos="CONcoo" lemma="at2" msd="MORPH=empty">aÃºt</w>                <w xml:id="line.969#w.8" pos="ADJqua" lemma="recte" msd="Deg=Pos">rectiÃºs</w>                <w xml:id="line.969#w.9" pos="PUNC" lemma="." msd="MORPH=empty">.</w>            </seg>            <seg xml:id="urn:cts:latinLit:phi0119.phi010.perseus-lat2:line.970">                <w xml:id="line.970#w.1" pos="NOM" lemma="tergum" msd="Case=Acc|Numb=Sing">tergÃºm</w>                <w xml:id="line.970#w.2" pos="ADVrel" lemma="quam1" msd="MORPH=empty">quam</w>                <w xml:id="line.970#w.3" pos="NOM" lemma="gula" msd="Case=Acc|Numb=Sing">gulam</w>                <w xml:id="line.970#w.4" pos="PUNC" lemma="," msd="MORPH=empty">,</w>                <w xml:id="line.970#w.5" pos="NOM" lemma="crus" msd="Case=Acc|Numb=Plur">crura</w>                <w xml:id="line.970#w.6" pos="ADVrel" lemma="qui2" msd="Case=Acc">quam</w>                <w xml:id="line.970#w.7" pos="NOM" lemma="uenter" msd="Case=Acc|Numb=Sing">ventrem</w>                <w xml:id="line.970#w.8" pos="VER" lemma="oportet" msd="Numb=Sing|Mood=Ind|Tense=Pres|Voice=Act|Person=3">oportet</w>            </seg>            <seg xml:id="urn:cts:latinLit:phi0119.phi010.perseus-lat2:line.971">                <w xml:id="line.971#w.1" pos="ADJqua" lemma="potis" msd="Case=Nom|Numb=Sing|Deg=Pos">potiÃ³ra</w>                <w xml:id="line.971#w.2" pos="VER" lemma="sum1" msd="Mood=Inf|Tense=Pres|Voice=Act">esse</w>                <w xml:id="line.971#w.3" pos="PUNC" lemma="," msd="MORPH=empty">,</w>                <w xml:id="line.971#w.4" pos="ADVint" lemma="cu" msd="MORPH=empty">cuÃ­</w>                <w xml:id="line.971#w.5" pos="NOM" lemma="cor" msd="Case=Nom|Numb=Sing">cor</w>                <w xml:id="line.971#w.6" pos="ADV" lemma="modiste" msd="Deg=Pos">modÃ©ste</w>                <w xml:id="line.971#w.7" pos="VER" lemma="sum1" msd="Numb=Sing|Mood=Sub|Tense=Pres|Voice=Act">sitÃºmst</w>                <w xml:id="line.971#w.8" pos="PUNC" lemma="." msd="MORPH=empty">.</w>            </seg>            <seg xml:id="urn:cts:latinLit:phi0119.phi010.perseus-lat2:line.972">                <w xml:id="line.972#w.1" pos="VER" lemma="recordor" msd="Numb=Sing|Mood=Sub|Tense=Pres|Voice=Dep|Person=3">recordetur</w>                <w xml:id="line.972#w.2" pos="PROdem" lemma="is" msd="Case=Acc|Numb=Sing">id</w>                <w xml:id="line.972#w.3" pos="PUNC" lemma="," msd="MORPH=empty">,</w>                <w xml:id="line.972#w.4" pos="PROrel" lemma="qui1" msd="Case=Nom|Numb=Plur">qui</w>                <w xml:id="line.972#w.5" pos="NOM" lemma="nihilum" msd="Case=Nom|Numb=Sing">nihili</w>                <w xml:id="line.972#w.6" pos="VER" lemma="sum1" msd="Numb=Plur|Mood=Ind|Tense=Pres|Voice=Act|Person=3">sunt</w>                <w xml:id="line.972#w.7" pos="PUNC" lemma="," msd="MORPH=empty">,</w>                <w xml:id="line.972#w.8" pos="PROint" lemma="quis1" msd="Case=Nom|Numb=Sing">quid</w>                <w xml:id="line.972#w.9" pos="PROdem" lemma="is" msd="Case=Dat|Numb=Plur">eis</w>                <w xml:id="line.972#w.10" pos="NOM" lemma="pretium" msd="Case=Gen|Numb=Sing">preti</w>            </seg>            <seg xml:id="urn:cts:latinLit:phi0119.phi010.perseus-lat2:line.973">                <w xml:id="line.973#w.1" pos="VER" lemma="do" msd="Numb=Sing|Mood=Ind|Tense=Pres|Voice=Pass|Person=3">dÃ©tur</w>                <w xml:id="line.973#w.2" pos="PRE" lemma="ab" msd="MORPH=empty">ab</w>                <w xml:id="line.973#w.3" pos="PROpos.ref" lemma="suus" msd="Case=Abl|Numb=Plur">suis</w>                <w xml:id="line.973#w.4" pos="VER" lemma="sum1" msd="Numb=Sing|Person=2">eris</w>                <w xml:id="line.973#w.5" pos="PUNC" lemma="," msd="MORPH=empty">,</w>                <w xml:id="line.973#w.6" pos="ADJqua" lemma="ignauus2" msd="Case=Abl|Numb=Plur|Deg=Pos">ignavis</w>                <w xml:id="line.973#w.7" pos="PUNC" lemma="," msd="MORPH=empty">,</w>                <w xml:id="line.973#w.8" pos="ADJqua" lemma="improbus" msd="Case=Abl|Numb=Plur|Deg=Pos">improbis</w>                <w xml:id="line.973#w.9" pos="NOM" lemma="uir" msd="Case=Dat|Numb=Plur">viris</w>                <w xml:id="line.973#w.10" pos="PUNC" lemma=":" msd="MORPH=empty">:</w>            </seg>            <seg xml:id="urn:cts:latinLit:phi0119.phi010.perseus-lat2:line.974">                <w xml:id="line.974#w.1" pos="NOM" lemma="uerbur" msd="Case=Nom|Numb=Plur">verbÃ©ra</w>                <w xml:id="line.974#w.2" pos="NOM" lemma="compes" msd="Case=Nom|Numb=Plur">compedes</w>            </seg>            <seg xml:id="urn:cts:latinLit:phi0119.phi010.perseus-lat2:line.975">                <w xml:id="line.975#w.1" pos="NOM" lemma="mola" msd="Case=Nom|Numb=Sing">molaÃ©</w>                <w xml:id="line.975#w.2" pos="PUNC" lemma="," msd="MORPH=empty">,</w>                <w xml:id="line.975#w.3" pos="NOM" lemma="lassitudo" msd="Case=Nom|Numb=Sing">lassitudo</w>                <w xml:id="line.975#w.4" pos="NOM" lemma="fames" msd="Case=Nom|Numb=Sing">fames</w>                <w xml:id="line.975#w.5" pos="NOM" lemma="frigus" msd="Case=Nom|Numb=Sing">frigus</w>                <w xml:id="line.975#w.6" pos="ADJqua" lemma="durus" msd="Case=Nom|Numb=Sing|Deg=Pos">durum</w>                <w xml:id="line.975#w.7" pos="PUNC" lemma="," msd="MORPH=empty">,</w>            </seg>            <seg xml:id="urn:cts:latinLit:phi0119.phi010.perseus-lat2:line.976">                <w xml:id="line.976#w.1" pos="PROdem" lemma="hic1" msd="Case=Nom|Numb=Plur">haec</w>                <w xml:id="line.976#w.2" pos="NOM" lemma="pratium" msd="Case=Nom|Numb=Plur">prÃ©tia</w>                <w xml:id="line.976#w.3" pos="VER" lemma="sum1" msd="Numb=Plur|Mood=Ind|Tense=Pres|Voice=Act|Person=3">sunt</w>                <w xml:id="line.976#w.4" pos="NOM" lemma="ignauia" msd="Case=Gen|Numb=Sing">ignaviae</w>                <w xml:id="line.976#w.5" pos="PUNC" lemma="." msd="MORPH=empty">.</w>            </seg>            <seg xml:id="urn:cts:latinLit:phi0119.phi010.perseus-lat2:line.977">                <w xml:id="line.977#w.1" pos="PROdem" lemma="is" msd="Case=Acc|Numb=Sing">id</w>                <w xml:id="line.977#w.2" pos="PROper" lemma="ego" msd="Case=Nom|Numb=Sing">ego</w>                <w xml:id="line.977#w.3" pos="ADV" lemma="male" msd="Deg=Pos">male</w>                <w xml:id="line.977#w.4" pos="NOM" lemma="malum?" msd="Case=Acc|Numb=Sing">malum</w>                <w xml:id="line.977#w.5" pos="VER" lemma="metuo" msd="Numb=Sing|Mood=Ind|Tense=Pres|Voice=Act|Person=1">metuo</w>                <w xml:id="line.977#w.6" pos="PUNC" lemma=":" msd="MORPH=empty">:</w>                <w xml:id="line.977#w.7" pos="ADV" lemma="propterea" msd="Deg=Pos">propterea</w>                <w xml:id="line.977#w.8" pos="NOM" lemma="bonum" msd="Case=Acc|Numb=Sing">bonum</w>                <w xml:id="line.977#w.9" pos="VER" lemma="sum1" msd="Mood=Inf|Tense=Pres|Voice=Act">esse</w>                <w xml:id="line.977#w.10" pos="ADJqua" lemma="certus" msd="Case=Nom|Numb=Sing|Deg=Pos">certumst</w>                <w xml:id="line.977#w.11" pos="VER" lemma="sum1" msd="Numb=Sing|Mood=Ind|Tense=Pres|Voice=Act|Person=3">certumst</w>                <w xml:id="line.977#w.12" pos="ADV" lemma="potius" msd="Deg=Comp">potius</w>                <w xml:id="line.977#w.13" pos="ADVrel" lemma="quam1" msd="MORPH=empty">quam</w>                <w xml:id="line.977#w.14" pos="NOM" lemma="malum?" msd="Case=Acc|Numb=Sing">malum</w>                <w xml:id="line.977#w.15" pos="PUNC" lemma=";" msd="MORPH=empty">;</w>            </seg>            <seg xml:id="urn:cts:latinLit:phi0119.phi010.perseus-lat2:line.978">                <w xml:id="line.978#w.1" pos="CONcoo" lemma="nam" msd="MORPH=empty">nam</w>                <w xml:id="line.978#w.2" pos="ADV" lemma="magis2" msd="Deg=Comp">magis</w>                <w xml:id="line.978#w.3" pos="ADV" lemma="multo2" msd="Deg=Pos">multo</w>                <w xml:id="line.978#w.4" pos="VER" lemma="patior" msd="Numb=Sing|Mood=Ind|Tense=Pres|Voice=Dep|Person=1">patior</w>                <w xml:id="line.978#w.5" pos="ADV" lemma="facile" msd="Deg=Comp">facilius</w>                <w xml:id="line.978#w.6" pos="NOM" lemma="uerbum" msd="Case=Acc|Numb=Plur">verba</w>                <w xml:id="line.978#w.7" pos="PUNC" lemma=":" msd="MORPH=empty">:</w>                <w xml:id="line.978#w.8" pos="NOM" lemma="uerber" msd="Case=Acc|Numb=Plur">verbera</w>                <w xml:id="line.978#w.9" pos="PROper" lemma="ego" msd="Case=Nom|Numb=Sing">ego</w>                <w xml:id="line.978#w.10" pos="VER" lemma="odi" msd="Numb=Sing|Mood=Ind|Tense=Perf|Voice=Act|Person=1">odi</w>                <w xml:id="line.978#w.11" pos="PUNC" lemma="," msd="MORPH=empty">,</w>            </seg>            <seg xml:id="urn:cts:latinLit:phi0119.phi010.perseus-lat2:line.979">                <w xml:id="line.979#w.1" pos="ADV" lemma="nimis" msd="Deg=Pos">nimiÃ³que</w>                <w xml:id="line.979#w.2" pos="CON" lemma="que" msd="MORPH=empty">nimiÃ³que</w>                <w xml:id="line.979#w.3" pos="VER" lemma="edo?" msd="Numb=Sing|Mood=Ind|Tense=Pres|Voice=Act|Person=1">edo</w>                <w xml:id="line.979#w.4" pos="ADV" lemma="libenter" msd="Deg=Comp">lubÃ©ntius</w>                <w xml:id="line.979#w.5" pos="VER" lemma="molior" msd="Numb=Sing|Mood=Ind|Tense=Pres|Voice=Act|Person=1">molitÃºm</w>                <w xml:id="line.979#w.6" pos="PUNC" lemma="," msd="MORPH=empty">,</w>                <w xml:id="line.979#w.7" pos="ADVrel" lemma="quam1" msd="MORPH=empty">quam</w>                <w xml:id="line.979#w.8" pos="VER" lemma="molior" msd="Case=Acc|Numb=Sing|Mood=Par|Tense=Perf|Voice=Dep">molitum</w>                <w xml:id="line.979#w.9" pos="VER" lemma="pranhibeo" msd="Numb=Sing|Mood=Ind|Tense=Pres|Voice=Act|Person=1">praÃ©hibeo</w>                <w xml:id="line.979#w.10" pos="PUNC" lemma="." msd="MORPH=empty">.</w>            </seg>            <seg xml:id="urn:cts:latinLit:phi0119.phi010.perseus-lat2:line.980">                <w xml:id="line.980#w.1" pos="ADJqua" lemma="propterea" msd="Case=Nom|Numb=Sing|Deg=Pos">proptÃ©rea</w>                <w xml:id="line.980#w.2" pos="NOM" lemma="herus" msd="Case=Gen|Numb=Sing">eri</w>                <w xml:id="line.980#w.3" pos="NOM" lemma="imperium" msd="Case=Acc|Numb=Sing">imperium</w>                <w xml:id="line.980#w.4" pos="VER" lemma="axsequor" msd="Numb=Sing|Mood=Ind|Tense=Pres|Voice=Dep|Person=1">Ã©xsequor</w>                <w xml:id="line.980#w.5" pos="PUNC" lemma="," msd="MORPH=empty">,</w>                <w xml:id="line.980#w.6" pos="ADV" lemma="bene" msd="Deg=Pos">bene</w>                <w xml:id="line.980#w.7" pos="CONsub" lemma="et?" msd="MORPH=empty">Ã©t</w>                <w xml:id="line.980#w.8" pos="VER" lemma="sedo" msd="Numb=Plur|Mood=Imp|Tense=Pres|Voice=Act|Person=2">sedate</w>                <w xml:id="line.980#w.9" pos="NOM" lemma="seruus?" msd="Case=Dat|Numb=Sing">servo</w>                <w xml:id="line.980#w.10" pos="PROdem" lemma="is" msd="Case=Acc|Numb=Sing">id</w>                <w xml:id="line.980#w.11" pos="PUNC" lemma=";" msd="MORPH=empty">;</w>            </seg>            <seg xml:id="urn:cts:latinLit:phi0119.phi010.perseus-lat2:line.981">                <w xml:id="line.981#w.1" pos="CONcoo" lemma="atqua" msd="MORPH=empty">atquÃ©</w>                <w xml:id="line.981#w.2" pos="PROper" lemma="ego" msd="Case=Dat|Numb=Sing">mihi</w>                <w xml:id="line.981#w.3" pos="PROdem" lemma="is" msd="Case=Nom|Numb=Sing">id</w>                <w xml:id="line.981#w.4" pos="VER" lemma="prosum1" msd="Numb=Sing|Mood=Ind|Tense=Pres|Voice=Act|Person=3">prodest</w>                <w xml:id="line.981#w.5" pos="PUNC" lemma="." msd="MORPH=empty">.</w>            </seg>            <seg xml:id="urn:cts:latinLit:phi0119.phi010.perseus-lat2:line.982">                <w xml:id="line.982#w.1" pos="PROind" lemma="alius" msd="Case=Nom|Numb=Plur">Ã¡lii</w>                <w xml:id="line.982#w.2" pos="ADV" lemma="ita" msd="Deg=Pos">ita</w>                <w xml:id="line.982#w.3" pos="ADVrel" lemma="ut1" msd="MORPH=empty">ut</w>                <w xml:id="line.982#w.4" pos="PRE" lemma="in" msd="MORPH=empty">in</w>                <w xml:id="line.982#w.5" pos="NOM" lemma="res" msd="Case=Acc|Numb=Sing">rem</w>                <w xml:id="line.982#w.6" pos="VER" lemma="sum1" msd="Mood=Inf|Tense=Pres|Voice=Act">esse</w>                <w xml:id="line.982#w.7" pos="VER" lemma="duco" msd="Numb=Plur|Mood=Ind|Tense=Pres|Voice=Act|Person=3">ducunt</w>                <w xml:id="line.982#w.8" pos="PUNC" lemma="," msd="MORPH=empty">,</w>                <w xml:id="line.982#w.9" pos="VER" lemma="sum1" msd="Numb=Plur|Mood=Sub|Tense=Pres|Voice=Act|Person=3">sint</w>                <w xml:id="line.982#w.10" pos="PUNC" lemma=":" msd="MORPH=empty">:</w>                <w xml:id="line.982#w.11" pos="PROper" lemma="ego" msd="Case=Nom|Numb=Sing">ego</w>                <w xml:id="line.982#w.12" pos="ADV" lemma="ita" msd="Deg=Pos">ita</w>                <w xml:id="line.982#w.13" pos="VER" lemma="sum1" msd="Numb=Sing|Mood=Ind|Tense=Fut|Voice=Act|Person=1">ero</w>                <w xml:id="line.982#w.14" pos="ADVrel" lemma="ut1" msd="MORPH=empty">ut</w>                <w xml:id="line.982#w.15" pos="PROper" lemma="ego" msd="Case=Acc|Numb=Sing">me</w>                <w xml:id="line.982#w.16" pos="VER" lemma="sum1" msd="Mood=Inf|Tense=Pres|Voice=Act">esse</w>                <w xml:id="line.982#w.17" pos="VER" lemma="oportet" msd="Numb=Sing|Mood=Ind|Tense=Pres|Voice=Act|Person=3">oportet</w>                <w xml:id="line.982#w.18" pos="PUNC" lemma=";" msd="MORPH=empty">;</w>            </seg>            <seg xml:id="urn:cts:latinLit:phi0119.phi010.perseus-lat2:line.983">                <w xml:id="line.983#w.1" pos="NOM" lemma="metus" msd="Case=Acc|Numb=Sing">metum</w>                <w xml:id="line.983#w.2" pos="PROper" lemma="ego" msd="Case=Dat|Numb=Sing">mÃ­hi</w>                <w xml:id="line.983#w.3" pos="VER" lemma="adhibeo" msd="Numb=Sing|Mood=Sub|Tense=Pres|Voice=Act|Person=1">adhibeam</w>                <w xml:id="line.983#w.4" pos="PUNC" lemma="," msd="MORPH=empty">,</w>                <w xml:id="line.983#w.5" pos="NOM" lemma="culpa" msd="Case=Acc|Numb=Sing">culpam</w>                <w xml:id="line.983#w.6" pos="VER" lemma="abstineo" msd="Numb=Sing|Mood=Sub|Tense=Pres|Voice=Act|Person=1">Ã¡bstineam</w>                <w xml:id="line.983#w.7" pos="PUNC" lemma="," msd="MORPH=empty">,</w>                <w xml:id="line.983#w.8" pos="VER" lemma="sum1" msd="Numb=Sing|Mood=Ind|Tense=Fut|Voice=Act|Person=1">ero</w>                <w xml:id="line.983#w.9" pos="CONsub" lemma="ut4" msd="MORPH=empty">ut</w>                <w xml:id="line.983#w.10" pos="PROind" lemma="pmnis" msd="Case=Dat|Numb=Plur">Ã³mnibus</w>                <w xml:id="line.983#w.11" pos="PRE" lemma="in" msd="MORPH=empty">in</w>                <w xml:id="line.983#w.12" pos="NOM" lemma="locus" msd="Case=Abl|Numb=Plur">locis</w>                <w xml:id="line.983#w.13" pos="VER" lemma="sum1" msd="Numb=Sing|Mood=Sub|Tense=Pres|Voice=Act|Person=1">sÃ­m</w>                <w xml:id="line.983#w.14" pos="ADV" lemma="praesto2" msd="Deg=Pos">praesto</w>                <w xml:id="line.983#w.15" pos="PUNC" lemma=":" msd="MORPH=empty">:</w>            </seg>            <seg xml:id="urn:cts:latinLit:phi0119.phi010.perseus-lat2:line.983a">            </seg>            <seg xml:id="urn:cts:latinLit:phi0119.phi010.perseus-lat2:line.983b">            </seg>            <seg xml:id="urn:cts:latinLit:phi0119.phi010.perseus-lat2:line.984">                <w xml:id="line.984#w.1" pos="VER" lemma="metuo" msd="Numb=Sing|Mood=Sub|Tense=Pres|Voice=Act|Person=1">metuam</w>                <w xml:id="line.984#w.2" pos="ADV" lemma="haed" msd="MORPH=empty">haÃºd</w>                <w xml:id="line.984#w.3" pos="NOM" lemma="multum?" msd="Case=Acc|Numb=Sing">multum</w>                <w xml:id="line.984#w.4" pos="PUNC" lemma="." msd="MORPH=empty">.</w>                <w xml:id="line.984#w.5" pos="ADV" lemma="prope1" msd="Deg=Pos">prope</w>                <w xml:id="line.984#w.6" pos="VER" lemma="sum1" msd="Numb=Sing|Mood=Ind|Tense=Pres|Voice=Act|Person=3">est</w>                <w xml:id="line.984#w.7" pos="CONsub" lemma="quondo" msd="MORPH=empty">quÃ¡ndo</w>                <w xml:id="line.984#w.8" pos="NOM" lemma="herus" msd="Case=Nom|Numb=Sing">erus</w>                <w xml:id="line.984#w.9" pos="PRE" lemma="ob" msd="MORPH=empty">ob</w>                <w xml:id="line.984#w.10" pos="NOM" lemma="fictum?" msd="Case=Acc|Numb=Plur">fÃ¡cta</w>                <w xml:id="line.984#w.11" pos="NOM" lemma="pretium" msd="Case=Acc|Numb=Sing">pretium</w>                <w xml:id="line.984#w.12" pos="VER" lemma="exspluo" msd="Numb=Sing|Mood=Ind|Tense=Fut|Voice=Act|Person=3">exsÃ³lvet</w>                <w xml:id="line.984#w.13" pos="PUNC" lemma="." msd="MORPH=empty">.</w>            </seg>            <seg xml:id="urn:cts:latinLit:phi0119.phi010.perseus-lat2:line.985">                <w xml:id="line.985#w.1" pos="INJ" lemma="io" msd="MORPH=empty">Ã©o</w>                <w xml:id="line.985#w.2" pos="PROper" lemma="ego" msd="Case=Nom|Numb=Sing">ego</w>                <w xml:id="line.985#w.3" pos="NOM" lemma="exemplum" msd="Case=Abl|Numb=Sing|Person=1">exemplo</w>                <w xml:id="line.985#w.4" pos="VER" lemma="seruio" msd="Numb=Sing|Mood=Ind|Tense=Pres|Voice=Act|Person=1">servio</w>                <w xml:id="line.985#w.5" pos="PUNC" lemma="," msd="MORPH=empty">,</w>                <w xml:id="line.985#w.6" pos="VER" lemma="trrgo" msd="Mood=Inf|Tense=Pres|Voice=Pass">tÃ©rgi</w>                <w xml:id="line.985#w.7" pos="ADVrel" lemma="ut1" msd="MORPH=empty">ut</w>                <w xml:id="line.985#w.8" pos="PRE" lemma="in" msd="MORPH=empty">in</w>                <w xml:id="line.985#w.9" pos="NOM" lemma="res" msd="Case=Acc|Numb=Sing">rem</w>                <w xml:id="line.985#w.10" pos="VER" lemma="sum1" msd="Mood=Inf|Tense=Pres|Voice=Act">esse</w>                <w xml:id="line.985#w.11" pos="VER" lemma="arbitror" msd="Numb=Sing|Mood=Ind|Tense=Pres|Voice=Dep|Person=1">arbitror</w>                <w xml:id="line.985#w.12" pos="PUNC" lemma="." msd="MORPH=empty">.</w>            </seg>            <seg xml:id="urn:cts:latinLit:phi0119.phi010.perseus-lat2:line.986">                <w xml:id="line.986#w.1" pos="CONsub" lemma="postquam" msd="MORPH=empty">postquam</w>                <w xml:id="line.986#w.2" pos="ADVint" lemma="an" msd="MORPH=empty">Ã­n</w>                <w xml:id="line.986#w.3" pos="NOM" lemma="taberna" msd="Case=Acc|Numb=Sing">tabernam</w>                <w xml:id="line.986#w.4" pos="VER" lemma="uedeo" msd="Numb=Sing|Mood=Par|Tense=Perf|Voice=Pass">vÃ¡sa</w>                <w xml:id="line.986#w.5" pos="CONcoo" lemma="et2" msd="MORPH=empty">et</w>                <w xml:id="line.986#w.6" pos="NOM" lemma="seruus?" msd="Case=Acc|Numb=Plur">servos</w>                <w xml:id="line.986#w.7" pos="VER" lemma="calloco" msd="Numb=Sing|Mood=Ind|Tense=Perf|Voice=Act|Person=1">cÃ³nlocavi</w>                <w xml:id="line.986#w.8" pos="PUNC" lemma="," msd="MORPH=empty">,</w>                <w xml:id="line.986#w.9" pos="ADVrel" lemma="ut1" msd="MORPH=empty">ut</w>                <w xml:id="line.986#w.10" pos="VER" lemma="iubeo" msd="Numb=Sing|Mood=Ind|Tense=Pqp|Voice=Act|Person=3">iusserat</w>                <w xml:id="line.986#w.11" pos="PUNC" lemma="," msd="MORPH=empty">,</w>            </seg>            <seg xml:id="urn:cts:latinLit:phi0119.phi010.perseus-lat2:line.987">                <w xml:id="line.987#w.1" pos="ADV" lemma="ita" msd="Deg=Pos">ita</w>                <w xml:id="line.987#w.2" pos="NOM" lemma="uinio" msd="Case=Nom|Numb=Sing">vÃ©nio</w>                <w xml:id="line.987#w.3" pos="PRE" lemma="aduersus3" msd="Numb=Sing">adversum</w>                <w xml:id="line.987#w.4" pos="PUNC" lemma="." msd="MORPH=empty">.</w>                <w xml:id="line.987#w.5" pos="ADV" lemma="nunc" msd="Deg=Pos">nunc</w>                <w xml:id="line.987#w.6" pos="ADV" lemma="foris2" msd="Deg=Pos">foris</w>                <w xml:id="line.987#w.7" pos="VER" lemma="pulto" msd="Numb=Sing|Mood=Ind|Tense=Fut|Voice=Act|Person=1">pultabo</w>                <w xml:id="line.987#w.8" pos="PUNC" lemma="," msd="MORPH=empty">,</w>                <w xml:id="line.987#w.9" pos="VER" lemma="assum1" msd="Mood=Inf|Tense=Pres|Voice=Act">adesse</w>                <w xml:id="line.987#w.10" pos="CONsub" lemma="ut4" msd="MORPH=empty">ut</w>                <w xml:id="line.987#w.11" pos="PROper" lemma="ego" msd="Case=Acc|Numb=Sing">me</w>                <w xml:id="line.987#w.12" pos="VER" lemma="scio" msd="Numb=Sing|Mood=Sub|Tense=Pres|Voice=Act|Person=3">sciat</w>                <w xml:id="line.987#w.13" pos="PUNC" lemma="," msd="MORPH=empty">,</w>            </seg>            <seg xml:id="urn:cts:latinLit:phi0119.phi010.perseus-lat2:line.988">                <w xml:id="line.988#w.1" pos="PUNC" lemma="â " msd="MORPH=empty">â </w>                <w xml:id="line.988#w.2" pos="CONcoo" lemma="neque" msd="MORPH=empty">neque</w>                <w xml:id="line.988#w.3" pos="NOM" lemma="uir" msd="Case=Acc|Numb=Sing">virum</w>                <w xml:id="line.988#w.4" pos="PRE" lemma="ex" msd="MORPH=empty">ex</w>                <w xml:id="line.988#w.5" pos="PROdem" lemma="hic1" msd="Case=Abl|Numb=Sing">hoc</w>                <w xml:id="line.988#w.6" pos="NOM" lemma="saltus?" msd="Case=Abl|Numb=Sing">saltu</w>                <w xml:id="line.988#w.7" pos="NOM" lemma="damnum" msd="Case=Gen|Numb=Sing">damni</w>                <w xml:id="line.988#w.8" pos="ADJqua" lemma="saluus" msd="Case=Acc|Numb=Sing|Deg=Pos">salvom</w>                <w xml:id="line.988#w.9" pos="CONsub" lemma="ut4" msd="MORPH=empty">ut</w>                <w xml:id="line.988#w.10" pos="VER" lemma="educo?" msd="Numb=Sing|Mood=Sub|Tense=Pres|Voice=Act|Person=1">educam</w>                <w xml:id="line.988#w.11" pos="ADV" lemma="foras" msd="Deg=Pos">foras</w>                <w xml:id="line.988#w.12" pos="PUNC" lemma="." msd="MORPH=empty">.</w>            </seg>            <seg xml:id="urn:cts:latinLit:phi0119.phi010.perseus-lat2:line.989">                <w xml:id="line.989#w.1" pos="CONcoo" lemma="sed" msd="MORPH=empty">sÃ©d</w>                <w xml:id="line.989#w.2" pos="VER" lemma="metuo" msd="Numb=Sing|Mood=Ind|Tense=Pres|Voice=Act|Person=1">metuo</w>                <w xml:id="line.989#w.3" pos="PUNC" lemma="," msd="MORPH=empty">,</w>                <w xml:id="line.989#w.4" pos="CONsub" lemma="ne4" msd="MORPH=empty">ne</w>                <w xml:id="line.989#w.5" pos="ADV" lemma="sero4" msd="Deg=Pos">sero</w>                <w xml:id="line.989#w.6" pos="NOM" lemma="uenio" msd="Numb=Sing|Person=1">veniam</w>                <w xml:id="line.989#w.7" pos="VER" lemma="depugno" msd="Case=Abl|Numb=Sing|Mood=Par|Tense=Perf|Voice=Pass|Person=1">depugnato</w>                <w xml:id="line.989#w.8" pos="NOM" lemma="proelium" msd="Case=Abl|Numb=Sing">proelio</w>                <w xml:id="line.989#w.9" pos="PUNC" lemma="." msd="MORPH=empty">.</w>            </seg>            <seg xml:id="urn:cts:latinLit:phi0119.phi010.perseus-lat2:line.990">                <w xml:id="line.990#w.1" pos="PRE" lemma="per" msd="MORPH=empty">PÃ©r</w>                <w xml:id="line.990#w.2" pos="PROper" lemma="ego" msd="Case=Nom|Numb=Sing">ego</w>                <w xml:id="line.990#w.3" pos="PROper" lemma="uos" msd="Case=Dat|Numb=Plur">vobis</w>                <w xml:id="line.990#w.4" pos="NOM" lemma="deus" msd="Case=Acc|Numb=Plur">deos</w>                <w xml:id="line.990#w.5" pos="CONcoo" lemma="atque1" msd="MORPH=empty">atque</w>                <w xml:id="line.990#w.6" pos="NOM" lemma="homo" msd="Case=Acc|Numb=Plur">homines</w>                <w xml:id="line.990#w.7" pos="VER" lemma="dico?" msd="Numb=Sing|Mood=Ind|Tense=Pres|Voice=Act|Person=1">dico</w>                <w xml:id="line.990#w.8" pos="PUNC" lemma="," msd="MORPH=empty">,</w>                <w xml:id="line.990#w.9" pos="CONsub" lemma="ut4" msd="MORPH=empty">ut</w>                <w xml:id="line.990#w.10" pos="NOM" lemma="imperium" msd="Case=Acc|Numb=Sing">imperium</w>                <w xml:id="line.990#w.11" pos="PROpos" lemma="meus" msd="Case=Acc|Numb=Sing">meum</w>            </seg>            <seg xml:id="urn:cts:latinLit:phi0119.phi010.perseus-lat2:line.991">                <w xml:id="line.991#w.1" pos="ADV" lemma="sapienter" msd="Deg=Pos">sapienter</w>                <w xml:id="line.991#w.2" pos="VER" lemma="habeo" msd="Numb=Plur|Mood=Sub|Tense=Pres|Voice=Act|Person=2">habeatis</w>                <w xml:id="line.991#w.3" pos="NOM" lemma="cura" msd="Case=Dat|Numb=Plur">curae</w>                <w xml:id="line.991#w.4" pos="PUNC" lemma="," msd="MORPH=empty">,</w>                <w xml:id="line.991#w.5" pos="PROrel" lemma="qui1" msd="Case=Acc|Numb=Plur">quae</w>                <w xml:id="line.991#w.6" pos="VER" lemma="impero" msd="Numb=Sing|Mood=Ind|Tense=Perf|Voice=Act|Person=1">imperavi</w>                <w xml:id="line.991#w.7" pos="CONcoo" lemma="atque1" msd="MORPH=empty">atque</w>                <w xml:id="line.991#w.8" pos="VER" lemma="impero" msd="Numb=Sing|Mood=Ind|Tense=Pres|Voice=Act|Person=1">impero</w>                <w xml:id="line.991#w.9" pos="PUNC" lemma=":" msd="MORPH=empty">:</w>            </seg>            <seg xml:id="urn:cts:latinLit:phi0119.phi010.perseus-lat2:line.992">                <w xml:id="line.992#w.1" pos="VER" lemma="facio" msd="Numb=Plur|Mood=Imp|Tense=Pres|Voice=Act|Person=2">facite</w>                <w xml:id="line.992#w.2" pos="ADV" lemma="illic2" msd="Deg=Pos">illic</w>                <w xml:id="line.992#w.3" pos="NOM" lemma="homo" msd="Case=Nom|Numb=Sing">homo</w>                <w xml:id="line.992#w.4" pos="ADV" lemma="iam" msd="Deg=Pos">iam</w>                <w xml:id="line.992#w.5" pos="PRE" lemma="in" msd="MORPH=empty">in</w>                <w xml:id="line.992#w.6" pos="NOM" lemma="medicina" msd="Case=Acc|Numb=Sing">medicinam</w>                <w xml:id="line.992#w.7" pos="VER" lemma="aufero" msd="Case=Nom|Numb=Sing|Mood=Par|Tense=Perf|Voice=Pass">ablatus</w>                <w xml:id="line.992#w.8" pos="NOM" lemma="sublimen" msd="Case=Nom|Numb=Sing">sublimen</w>                <w xml:id="line.992#w.9" pos="VER" lemma="sum1" msd="Numb=Sing|Mood=Sub|Tense=Pres|Voice=Act|Person=3">siet</w>                <w xml:id="line.992#w.10" pos="PUNC" lemma="," msd="MORPH=empty">,</w>            </seg>            <seg xml:id="urn:cts:latinLit:phi0119.phi010.perseus-lat2:line.993">                <w xml:id="line.993#w.1" pos="CONsub" lemma="nisi" msd="MORPH=empty">nisi</w>                <w xml:id="line.993#w.2" pos="ADV" lemma="quidem" msd="Deg=Pos">quidem</w>                <w xml:id="line.993#w.3" pos="PROper" lemma="uos" msd="Case=Nom|Numb=Plur">vos</w>                <w xml:id="line.993#w.4" pos="PROpos" lemma="uester" msd="Case=Nom|Numb=Plur">vostra</w>                <w xml:id="line.993#w.5" pos="NOM" lemma="crus" msd="Case=Acc|Numb=Plur">crura</w>                <w xml:id="line.993#w.6" pos="CONcoo" lemma="aut" msd="MORPH=empty">aut</w>                <w xml:id="line.993#w.7" pos="NOM" lemma="latus?" msd="Case=Acc|Numb=Plur">latera</w>                <w xml:id="line.993#w.8" pos="NOM" lemma="nihilum" msd="Case=Gen|Numb=Sing">nihili</w>                <w xml:id="line.993#w.9" pos="VER" lemma="pendo" msd="Numb=Plur|Mood=Ind|Tense=Pres|Voice=Act|Person=2">penditis</w>                <w xml:id="line.993#w.10" pos="PUNC" lemma="." msd="MORPH=empty">.</w>            </seg>            <seg xml:id="urn:cts:latinLit:phi0119.phi010.perseus-lat2:line.994">                <w xml:id="line.994#w.1" pos="VER" lemma="caueo" msd="Numb=Sing|Mood=Imp|Tense=Pres|Voice=Act|Person=2">cave</w>                <w xml:id="line.994#w.2" pos="PROind" lemma="quisquam" msd="Case=Nom|Numb=Sing">quisquam</w>                <w xml:id="line.994#w.3" pos="PUNC" lemma="," msd="MORPH=empty">,</w>                <w xml:id="line.994#w.4" pos="PROrel" lemma="qui1" msd="Case=Acc|Numb=Sing">quod</w>                <w xml:id="line.994#w.5" pos="PROdem" lemma="illic1" msd="Numb=Sing">illÃ­c</w>                <w xml:id="line.994#w.6" pos="VER" lemma="minitor" msd="Numb=Sing|Mood=Sub|Tense=Pres|Voice=Dep|Person=3">minitetur</w>                <w xml:id="line.994#w.7" pos="PUNC" lemma="," msd="MORPH=empty">,</w>                <w xml:id="line.994#w.8" pos="PROper" lemma="uester" msd="Case=Acc|Numb=Sing">vostrum</w>                <w xml:id="line.994#w.9" pos="NOM" lemma="floccus" msd="Case=Gen|Numb=Sing">flocci</w>                <w xml:id="line.994#w.10" pos="VER" lemma="facio" msd="Numb=Sing|Mood=Sub|Tense=Perf|Voice=Act|Person=3">fecerit</w>                <w xml:id="line.994#w.11" pos="PUNC" lemma="." msd="MORPH=empty">.</w>            </seg>            <seg xml:id="urn:cts:latinLit:phi0119.phi010.perseus-lat2:line.995">                <w xml:id="line.995#w.1" pos="PROint" lemma="quis1" msd="Case=Acc|Numb=Sing">quid</w>                <w xml:id="line.995#w.2" pos="VER" lemma="sto" msd="Numb=Plur|Mood=Ind|Tense=Pres|Voice=Act|Person=2">stÃ¡tis</w>                <w xml:id="line.995#w.3" pos="PUNC" lemma="?" msd="MORPH=empty">?</w>                <w xml:id="line.995#w.4" pos="PROint" lemma="quis1" msd="Case=Acc|Numb=Sing">quid</w>                <w xml:id="line.995#w.5" pos="VER" lemma="dubito" msd="Numb=Plur|Mood=Ind|Tense=Pres|Voice=Act|Person=2">dubitÃ¡tis</w>                <w xml:id="line.995#w.6" pos="PUNC" lemma="?" msd="MORPH=empty">?</w>                <w xml:id="line.995#w.7" pos="ADV" lemma="iam" msd="Deg=Pos">iam</w>                <w xml:id="line.995#w.8" pos="NOM" lemma="sublimen" msd="Case=Nom|Numb=Sing">sublÃ­men</w>                <w xml:id="line.995#w.9" pos="VER" lemma="rapio" msd="Case=Acc|Numb=Sing|Mood=Par|Tense=Perf|Voice=Pass">raptum</w>                <w xml:id="line.995#w.10" pos="VER" lemma="opprio" msd="Numb=Sing|Mood=Ind|Tense=Perf|Voice=Act|Person=3">opÃ³rtuit</w>                <w xml:id="line.995#w.11" pos="PUNC" lemma="." msd="MORPH=empty">.</w>            </seg>            <seg xml:id="urn:cts:latinLit:phi0119.phi010.perseus-lat2:line.996">                <w xml:id="line.996#w.1" pos="PROper" lemma="ego" msd="Case=Nom|Numb=Sing">ego</w>                <w xml:id="line.996#w.2" pos="VER" lemma="eo1" msd="Numb=Sing|Mood=Ind|Tense=Fut|Voice=Act|Person=1">ibo</w>                <w xml:id="line.996#w.3" pos="PRE" lemma="ad2" msd="MORPH=empty">ad</w>                <w xml:id="line.996#w.4" pos="NOM" lemma="medicus?" msd="Case=Acc|Numb=Sing">medicum</w>                <w xml:id="line.996#w.5" pos="PUNC" lemma=":" msd="MORPH=empty">:</w>                <w xml:id="line.996#w.6" pos="ADV" lemma="praesto2" msd="Deg=Pos">praesto</w>                <w xml:id="line.996#w.7" pos="VER" lemma="sum1" msd="Numb=Sing|Mood=Ind|Tense=Fut|Voice=Act|Person=1">ero</w>                <w xml:id="line.996#w.8" pos="PROdem" lemma="ille" msd="Case=Dat|Numb=Sing">illi</w>                <w xml:id="line.996#w.9" pos="PUNC" lemma="," msd="MORPH=empty">,</w>                <w xml:id="line.996#w.10" pos="CONsub" lemma="cum3" msd="MORPH=empty">cum</w>                <w xml:id="line.996#w.11" pos="VER" lemma="uenio" msd="Numb=Plur|Mood=Ind|Tense=Fut|Voice=Act|Person=2">venietis</w>                <w xml:id="line.996#w.12" pos="PUNC" lemma="." msd="MORPH=empty">.</w>            </seg>            <seg xml:id="urn:cts:latinLit:phi0119.phi010.perseus-lat2:line.996b">                <w xml:id="line.996b#w.1" pos="VER" lemma="occido?" msd="Numb=Sing|Mood=Ind|Tense=Perf|Voice=Act|Person=1">Occidi</w>                <w xml:id="line.996b#w.2" pos="PUNC" lemma="," msd="MORPH=empty">,</w>            </seg>            <seg xml:id="urn:cts:latinLit:phi0119.phi010.perseus-lat2:line.997">                <w xml:id="line.997#w.1" pos="PROint" lemma="quis1" msd="Case=Nom|Numb=Sing">quid</w>                <w xml:id="line.997#w.2" pos="PROdem" lemma="hic1" msd="Case=Nom|Numb=Sing">hoc</w>                <w xml:id="line.997#w.3" pos="NOM" lemma="sum?" msd="Numb=Sing">Ã©st</w>                <w xml:id="line.997#w.4" pos="NOM" lemma="negotium" msd="Case=Gen|Numb=Sing">negoti</w>                <w xml:id="line.997#w.5" pos="PUNC" lemma="?" msd="MORPH=empty">?</w>                <w xml:id="line.997#w.6" pos="PROint" lemma="quis1" msd="Case=Acc|Numb=Sing">quid</w>                <w xml:id="line.997#w.7" pos="PROdem" lemma="illic1" msd="Case=Nom|Numb=Plur">illisce</w>                <w xml:id="line.997#w.8" pos="NOM" lemma="homo" msd="Case=Nom|Numb=Plur">homines</w>                <w xml:id="line.997#w.9" pos="PRE" lemma="ad2" msd="MORPH=empty">ad</w>                <w xml:id="line.997#w.10" pos="PROper" lemma="ego" msd="Case=Acc|Numb=Sing">me</w>                <w xml:id="line.997#w.11" pos="VER" lemma="curro" msd="Numb=Plur|Mood=Ind|Tense=Pres|Voice=Act|Person=3">currunt</w>                <w xml:id="line.997#w.12" pos="PUNC" lemma="," msd="MORPH=empty">,</w>                <w xml:id="line.997#w.13" pos="VER" lemma="obsecro" msd="Numb=Sing|Mood=Ind|Tense=Pres|Voice=Act|Person=1">opsecro</w>                <w xml:id="line.997#w.14" pos="PUNC" lemma="?" msd="MORPH=empty">?</w>            </seg>            <seg xml:id="urn:cts:latinLit:phi0119.phi010.perseus-lat2:line.998">                <w xml:id="line.998#w.1" pos="PROint" lemma="quis1" msd="Case=Acc|Numb=Sing">quid</w>                <w xml:id="line.998#w.2" pos="VER" lemma="uolo?" msd="Numb=Plur|Mood=Ind|Tense=Pres|Voice=Act|Person=2">voltis</w>                <w xml:id="line.998#w.3" pos="PROper" lemma="uos" msd="Case=Nom|Numb=Plur">vos</w>                <w xml:id="line.998#w.4" pos="PUNC" lemma="?" msd="MORPH=empty">?</w>                <w xml:id="line.998#w.5" pos="PROint" lemma="quis1" msd="Case=Acc|Numb=Sing">quid</w>                <w xml:id="line.998#w.6" pos="VER" lemma="quaerito" msd="Numb=Sing|Mood=Ind|Tense=Pres|Voice=Act|Person=2">quaeritatis</w>                <w xml:id="line.998#w.7" pos="PUNC" lemma="?" msd="MORPH=empty">?</w>                <w xml:id="line.998#w.8" pos="PROint" lemma="quis1" msd="Case=Acc|Numb=Sing">quid</w>                <w xml:id="line.998#w.9" pos="PROper" lemma="ego" msd="Case=Acc|Numb=Sing">me</w>                <w xml:id="line.998#w.10" pos="VER" lemma="circumsisto" msd="Numb=Plur|Mood=Ind|Tense=Pres|Voice=Act|Person=2">circumsistitis</w>                <w xml:id="line.998#w.11" pos="PUNC" lemma="?" msd="MORPH=empty">?</w>            </seg>            <seg xml:id="urn:cts:latinLit:phi0119.phi010.perseus-lat2:line.999">                <w xml:id="line.999#w.1" pos="ADVint" lemma="quo3" msd="MORPH=empty">quo</w>                <w xml:id="line.999#w.2" pos="VER" lemma="rapio" msd="Numb=Plur|Mood=Ind|Tense=Pres|Voice=Act|Person=2">rapitis</w>                <w xml:id="line.999#w.3" pos="PROper" lemma="ego" msd="Case=Acc|Numb=Sing">me</w>                <w xml:id="line.999#w.4" pos="PUNC" lemma="?" msd="MORPH=empty">?</w>                <w xml:id="line.999#w.5" pos="ADVint" lemma="quo3" msd="MORPH=empty">quo</w>                <w xml:id="line.999#w.6" pos="VER" lemma="fero" msd="Numb=Plur|Mood=Ind|Tense=Pres|Voice=Act|Person=2">fertis</w>                <w xml:id="line.999#w.7" pos="PROper" lemma="ego" msd="Case=Acc|Numb=Sing">me</w>                <w xml:id="line.999#w.8" pos="PUNC" lemma="?" msd="MORPH=empty">?</w>                <w xml:id="line.999#w.9" pos="VER" lemma="pereo1" msd="Numb=Sing|Mood=Ind|Tense=Perf|Voice=Act|Person=1">perii</w>                <w xml:id="line.999#w.10" pos="PUNC" lemma="," msd="MORPH=empty">,</w>                <w xml:id="line.999#w.11" pos="VER" lemma="obsecro" msd="Numb=Sing|Mood=Ind|Tense=Pres|Voice=Act|Person=1">opsecro</w>                <w xml:id="line.999#w.12" pos="PROpos" lemma="uester" msd="Case=Acc|Numb=Sing">vestram</w>                <w xml:id="line.999#w.13" pos="NOM" lemma="fides?" msd="Case=Acc|Numb=Sing">fidem</w>                <w xml:id="line.999#w.14" pos="PUNC" lemma="," msd="MORPH=empty">,</w>            </seg>            <seg xml:id="urn:cts:latinLit:phi0119.phi010.perseus-lat2:line.1000">                <w xml:id="line.1000#w.1" pos="ADJqua" lemma="epidamniensis" msd="Case=Voc|Numb=Plur|Deg=Pos">Epidamnienses</w>                <w xml:id="line.1000#w.2" pos="PUNC" lemma="," msd="MORPH=empty">,</w>                <w xml:id="line.1000#w.3" pos="VER" lemma="subuenio" msd="Numb=Plur|Mood=Imp|Tense=Pres|Voice=Act|Person=2">subvenite</w>                <w xml:id="line.1000#w.4" pos="PUNC" lemma="," msd="MORPH=empty">,</w>                <w xml:id="line.1000#w.5" pos="NOM" lemma="ciuis" msd="Case=Voc|Numb=Plur">cives</w>                <w xml:id="line.1000#w.6" pos="PUNC" lemma="." msd="MORPH=empty">.</w>                <w xml:id="line.1000#w.7" pos="ADVint.neg" lemma="quin3" msd="Deg=Pos">quin</w>                <w xml:id="line.1000#w.8" pos="PROper" lemma="ego" msd="Case=Acc|Numb=Sing">me</w>                <w xml:id="line.1000#w.9" pos="VER" lemma="mitto" msd="Numb=Plur|Mood=Ind|Tense=Pres|Voice=Act|Person=2">mittitis</w>                <w xml:id="line.1000#w.10" pos="PUNC" lemma="?" msd="MORPH=empty">?</w>            </seg>            <seg xml:id="urn:cts:latinLit:phi0119.phi010.perseus-lat2:line.1001">                <w xml:id="line.1001#w.1" pos="INJ" lemma="pro2" msd="MORPH=empty">Pro</w>                <w xml:id="line.1001#w.2" pos="NOM" lemma="deus" msd="Case=Voc|Numb=Plur">di</w>                <w xml:id="line.1001#w.3" pos="ADJqua" lemma="immortalis" msd="Case=Voc|Numb=Plur|Deg=Pos">immortales</w>                <w xml:id="line.1001#w.4" pos="PUNC" lemma="," msd="MORPH=empty">,</w>                <w xml:id="line.1001#w.5" pos="VER" lemma="obsecro" msd="Numb=Sing|Mood=Ind|Tense=Pres|Voice=Act|Person=1">obsecro</w>                <w xml:id="line.1001#w.6" pos="PUNC" lemma="," msd="MORPH=empty">,</w>                <w xml:id="line.1001#w.7" pos="PROint" lemma="quis1" msd="Case=Acc|Numb=Sing">quid</w>                <w xml:id="line.1001#w.8" pos="PROper" lemma="ego" msd="Case=Nom|Numb=Sing">ego</w>                <w xml:id="line.1001#w.9" pos="NOM" lemma="oculus" msd="Case=Dat|Numb=Plur">oculis</w>                <w xml:id="line.1001#w.10" pos="VER" lemma="aspicio" msd="Numb=Sing|Mood=Ind|Tense=Pres|Voice=Act|Person=1">aspicio</w>                <w xml:id="line.1001#w.11" pos="PROpos" lemma="meus" msd="Case=Dat|Numb=Plur">meis</w>                <w xml:id="line.1001#w.12" pos="PUNC" lemma="?" msd="MORPH=empty">?</w>            </seg>            <seg xml:id="urn:cts:latinLit:phi0119.phi010.perseus-lat2:line.1002">                <w xml:id="line.1002#w.1" pos="NOM" lemma="herus" msd="Case=Acc|Numb=Sing">erum</w>                <w xml:id="line.1002#w.2" pos="PROpos" lemma="meus" msd="Case=Acc|Numb=Sing">meum</w>                <w xml:id="line.1002#w.3" pos="ADV" lemma="indigne" msd="Deg=Sup">indignissime</w>                <w xml:id="line.1002#w.4" pos="VER" lemma="nescio" msd="Numb=Sing|Mood=Ind|Tense=Pres|Voice=Act|Person=1">nescio</w>                <w xml:id="line.1002#w.5" pos="PROrel" lemma="qui1" msd="Case=Nom|Numb=Sing">qui</w>                <w xml:id="line.1002#w.6" pos="NOM" lemma="sublimen" msd="Case=Acc|Numb=Sing">sublimen</w>                <w xml:id="line.1002#w.7" pos="VER" lemma="fero" msd="Numb=Plur|Mood=Ind|Tense=Pres|Voice=Act|Person=3">ferunt</w>                <w xml:id="line.1002#w.8" pos="PUNC" lemma="." msd="MORPH=empty">.</w>            </seg>            <seg xml:id="urn:cts:latinLit:phi0119.phi010.perseus-lat2:line.1003">                <w xml:id="line.1003#w.1" pos="PROint" lemma="ecquis" msd="Case=Nom|Numb=Sing">Ecquis</w>                <w xml:id="line.1003#w.2" pos="NOM" lemma="suppetiae" msd="Case=Acc|Numb=Plur">suppetias</w>                <w xml:id="line.1003#w.3" pos="PROper" lemma="ego" msd="Case=Dat|Numb=Sing">mihi</w>                <w xml:id="line.1003#w.4" pos="VER" lemma="audeo" msd="Numb=Sing|Mood=Ind|Tense=Pres|Voice=SemDep|Person=3">audet</w>                <w xml:id="line.1003#w.5" pos="VER" lemma="fero" msd="Mood=Inf|Tense=Pres|Voice=Act">ferre</w>                <w xml:id="line.1003#w.6" pos="PUNC" lemma="?" msd="MORPH=empty">?</w>            </seg>            <seg xml:id="urn:cts:latinLit:phi0119.phi010.perseus-lat2:line.1003b">                <w xml:id="line.1003b#w.1" pos="PROper" lemma="ego" msd="Case=Nom|Numb=Sing">Ego</w>                <w xml:id="line.1003b#w.2" pos="PUNC" lemma="," msd="MORPH=empty">,</w>                <w xml:id="line.1003b#w.3" pos="NOM" lemma="herus" msd="Numb=Sing">ere</w>                <w xml:id="line.1003b#w.4" pos="PUNC" lemma="," msd="MORPH=empty">,</w>                <w xml:id="line.1003b#w.5" pos="ADJqua" lemma="audax" msd="Case=Voc|Numb=Sing|Deg=Sup">audacissime</w>                <w xml:id="line.1003b#w.6" pos="PUNC" lemma="." msd="MORPH=empty">.</w>            </seg>            <seg xml:id="urn:cts:latinLit:phi0119.phi010.perseus-lat2:line.1004">                <w xml:id="line.1004#w.1" pos="INJ" lemma="o" msd="MORPH=empty">o</w>                <w xml:id="line.1004#w.2" pos="NOM" lemma="facinus" msd="Case=Voc|Numb=Sing">facinus</w>                <w xml:id="line.1004#w.3" pos="ADJqua" lemma="indignus" msd="Case=Voc|Numb=Sing|Deg=Pos">indignum</w>                <w xml:id="line.1004#w.4" pos="CONcoo" lemma="et2" msd="MORPH=empty">et</w>                <w xml:id="line.1004#w.5" pos="ADJqua" lemma="malus3" msd="Case=Voc|Numb=Sing|Deg=Pos">malum</w>                <w xml:id="line.1004#w.6" pos="PUNC" lemma="," msd="MORPH=empty">,</w>                <w xml:id="line.1004#w.7" pos="NOM" lemma="epidamnium" msd="Case=Voc|Numb=Sing">Epidamnii</w>                <w xml:id="line.1004#w.8" pos="NOM" lemma="ciuis" msd="Case=Voc|Numb=Plur">cives</w>                <w xml:id="line.1004#w.9" pos="PUNC" lemma="," msd="MORPH=empty">,</w>                <w xml:id="line.1004#w.10" pos="NOM" lemma="herus" msd="Case=Acc|Numb=Sing">erum</w>            </seg>            <seg xml:id="urn:cts:latinLit:phi0119.phi010.perseus-lat2:line.1005">                <w xml:id="line.1005#w.1" pos="PROpos" lemma="meus" msd="Case=Acc|Numb=Sing">meum</w>                <w xml:id="line.1005#w.2" pos="ADV" lemma="hic2" msd="Case=Nom|Numb=Sing|Deg=Pos">hic</w>                <w xml:id="line.1005#w.3" pos="PRE" lemma="in" msd="MORPH=empty">in</w>                <w xml:id="line.1005#w.4" pos="ADJqua" lemma="pacatus" msd="Case=Abl|Numb=Sing|Deg=Pos">pacato</w>                <w xml:id="line.1005#w.5" pos="NOM" lemma="oppidum" msd="Case=Abl|Numb=Sing">oppido</w>                <w xml:id="line.1005#w.6" pos="NOM" lemma="lux" msd="Case=Dat|Numb=Sing">luci</w>                <w xml:id="line.1005#w.7" pos="VER" lemma="deripio" msd="Numb=Sing|Mood=Ind|Tense=Fut|Voice=Pass|Person=1">deripier</w>                <w xml:id="line.1005#w.8" pos="PRE" lemma="in" msd="MORPH=empty">in</w>                <w xml:id="line.1005#w.9" pos="NOM" lemma="uia" msd="Case=Abl|Numb=Sing">via</w>                <w xml:id="line.1005#w.10" pos="PUNC" lemma="," msd="MORPH=empty">,</w>            </seg>            <seg xml:id="urn:cts:latinLit:phi0119.phi010.perseus-lat2:line.1006">                <w xml:id="line.1006#w.1" pos="PROrel" lemma="qui1" msd="Case=Nom|Numb=Sing">qui</w>                <w xml:id="line.1006#w.2" pos="ADJqua" lemma="liber2" msd="Case=Nom|Numb=Sing|Deg=Pos">liber</w>                <w xml:id="line.1006#w.3" pos="PRE" lemma="ad2" msd="MORPH=empty">ad</w>                <w xml:id="line.1006#w.4" pos="PROper" lemma="uos" msd="Case=Acc|Numb=Plur">vos</w>                <w xml:id="line.1006#w.5" pos="VER" lemma="uenio" msd="Numb=Sing|Mood=Sub|Tense=Perf|Voice=Act|Person=3">venerit</w>                <w xml:id="line.1006#w.6" pos="PUNC" lemma="." msd="MORPH=empty">.</w>            </seg>            <seg xml:id="urn:cts:latinLit:phi0119.phi010.perseus-lat2:line.1007">                <w xml:id="line.1007#w.1" pos="VER" lemma="mitto" msd="Numb=Plur|Mood=Imp|Tense=Pres|Voice=Act|Person=2">mittite</w>                <w xml:id="line.1007#w.2" pos="PROdem" lemma="istic1" msd="Case=Acc|Numb=Sing">istunc</w>                <w xml:id="line.1007#w.3" pos="PUNC" lemma="." msd="MORPH=empty">.</w>            </seg>            <seg xml:id="urn:cts:latinLit:phi0119.phi010.perseus-lat2:line.1007b">                <w xml:id="line.1007b#w.1" pos="VER" lemma="obsecro" msd="Numb=Sing|Mood=Ind|Tense=Pres|Voice=Act|Person=1">Obsecro</w>                <w xml:id="line.1007b#w.2" pos="PROper" lemma="tu" msd="Case=Acc|Numb=Sing">te</w>                <w xml:id="line.1007b#w.3" pos="PUNC" lemma="," msd="MORPH=empty">,</w>                <w xml:id="line.1007b#w.4" pos="PROrel" lemma="quisquis1" msd="Case=Nom|Numb=Sing">quisquis</w>                <w xml:id="line.1007b#w.5" pos="VER" lemma="sum1" msd="Numb=Sing|Mood=Ind|Tense=Pres|Voice=Act|Person=2">es</w>                <w xml:id="line.1007b#w.6" pos="PUNC" lemma="," msd="MORPH=empty">,</w>                <w xml:id="line.1007b#w.7" pos="NOM" lemma="opera" msd="Case=Acc|Numb=Sing">operam</w>                <w xml:id="line.1007b#w.8" pos="PROper" lemma="ego" msd="Case=Dat|Numb=Sing">mihi</w>                <w xml:id="line.1007b#w.9" pos="CONsub" lemma="ut4" msd="MORPH=empty">ut</w>                <w xml:id="line.1007b#w.10" pos="VER" lemma="do" msd="Numb=Sing|Mood=Sub|Tense=Pres|Voice=Act|Person=2">des</w>                <w xml:id="line.1007b#w.11" pos="PUNC" lemma="," msd="MORPH=empty">,</w>            </seg>            <seg xml:id="urn:cts:latinLit:phi0119.phi010.perseus-lat2:line.1008">                <w xml:id="line.1008#w.1" pos="CONsub" lemma="neue2" msd="MORPH=empty">neu</w>                <w xml:id="line.1008#w.2" pos="VER" lemma="sino" msd="Numb=Sing|Mood=Sub|Tense=Pres|Voice=Act|Person=2">sinas</w>                <w xml:id="line.1008#w.3" pos="PRE" lemma="in" msd="MORPH=empty">in</w>                <w xml:id="line.1008#w.4" pos="PROper" lemma="ego" msd="Case=Acc|Numb=Sing">me</w>                <w xml:id="line.1008#w.5" pos="ADV" lemma="insignite" msd="Deg=Pos">insignite</w>                <w xml:id="line.1008#w.6" pos="VER" lemma="fio" msd="Mood=Inf|Tense=Pres|Voice=Act">fieri</w>                <w xml:id="line.1008#w.7" pos="PROdem" lemma="tantus" msd="Case=Acc|Numb=Sing">tantam</w>                <w xml:id="line.1008#w.8" pos="NOM" lemma="iniuria" msd="Case=Acc|Numb=Sing">iniuriam</w>                <w xml:id="line.1008#w.9" pos="PUNC" lemma="." msd="MORPH=empty">.</w>            </seg>            <seg xml:id="urn:cts:latinLit:phi0119.phi010.perseus-lat2:line.1009">                <w xml:id="line.1009#w.1" pos="ADV" lemma="immo" msd="Deg=Pos">Immo</w>                <w xml:id="line.1009#w.2" pos="ADV" lemma="et1" msd="MORPH=empty">et</w>                <w xml:id="line.1009#w.3" pos="NOM" lemma="opera" msd="Case=Acc|Numb=Sing">operam</w>                <w xml:id="line.1009#w.4" pos="VER" lemma="do" msd="Numb=Sing|Mood=Ind|Tense=Fut|Voice=Act|Person=1">dabo</w>                <w xml:id="line.1009#w.5" pos="CONcoo" lemma="et2" msd="MORPH=empty">et</w>                <w xml:id="line.1009#w.6" pos="VER" lemma="defendo" msd="Numb=Sing|Mood=Ind|Tense=Fut|Voice=Act|Person=1">defendam</w>                <w xml:id="line.1009#w.7" pos="CONcoo" lemma="et2" msd="MORPH=empty">et</w>                <w xml:id="line.1009#w.8" pos="VER" lemma="subuenio" msd="Numb=Sing|Mood=Ind|Tense=Fut|Voice=Act|Person=1">subvenibo</w>                <w xml:id="line.1009#w.9" pos="ADV" lemma="sedulo" msd="Deg=Pos">sedulo</w>                <w xml:id="line.1009#w.10" pos="PUNC" lemma="." msd="MORPH=empty">.</w>            </seg>            <seg xml:id="urn:cts:latinLit:phi0119.phi010.perseus-lat2:line.1010">                <w xml:id="line.1010#w.1" pos="ADVneg" lemma="numquam" msd="MORPH=empty">numquam</w>                <w xml:id="line.1010#w.2" pos="PROper" lemma="tu" msd="Case=Acc|Numb=Sing">te</w>                <w xml:id="line.1010#w.3" pos="VER" lemma="patior" msd="Numb=Sing|Mood=Sub|Tense=Pres|Voice=Dep|Person=1">patiar</w>                <w xml:id="line.1010#w.4" pos="VER" lemma="pereo1" msd="Mood=Inf|Tense=Pres|Voice=Act">perire</w>                <w xml:id="line.1010#w.5" pos="PUNC" lemma="," msd="MORPH=empty">,</w>                <w xml:id="line.1010#w.6" pos="PROper" lemma="ego" msd="Case=Acc|Numb=Sing">me</w>                <w xml:id="line.1010#w.7" pos="VER" lemma="pereo1" msd="Numb=Sing|Mood=Sub|Tense=Impa|Voice=Act|Person=3">perirest</w>                <w xml:id="line.1010#w.8" pos="ADJqua" lemma="aequus" msd="Case=Nom|Numb=Sing|Deg=Comp">aequius</w>                <w xml:id="line.1010#w.9" pos="PUNC" lemma="." msd="MORPH=empty">.</w>            </seg>            <seg xml:id="urn:cts:latinLit:phi0119.phi010.perseus-lat2:line.1011">                <w xml:id="line.1011#w.1" pos="VER" lemma="eripio" msd="Numb=Sing|Mood=Imp|Tense=Pres|Voice=Act|Person=2">eripe</w>                <w xml:id="line.1011#w.2" pos="NOM" lemma="oculus" msd="Case=Acc|Numb=Sing">oculum</w>                <w xml:id="line.1011#w.3" pos="VER" lemma="sum1" msd="Numb=Sing|Mood=Imp|Tense=Pres|Voice=Act|Person=2">Ã­sti</w>                <w xml:id="line.1011#w.4" pos="PUNC" lemma="," msd="MORPH=empty">,</w>                <w xml:id="line.1011#w.5" pos="PRE" lemma="ab" msd="MORPH=empty">ab</w>                <w xml:id="line.1011#w.6" pos="NOM" lemma="humerus" msd="Case=Abl|Numb=Sing">umero</w>                <w xml:id="line.1011#w.7" pos="PROrel" lemma="qui1" msd="Case=Nom|Numb=Sing">qui</w>                <w xml:id="line.1011#w.8" pos="VER" lemma="teneo" msd="Numb=Sing|Mood=Ind|Tense=Pres|Voice=Act|Person=3">tenet</w>                <w xml:id="line.1011#w.9" pos="PUNC" lemma="," msd="MORPH=empty">,</w>                <w xml:id="line.1011#w.10" pos="VER" lemma="herus" msd="Numb=Sing">ere</w>                <w xml:id="line.1011#w.11" pos="PUNC" lemma="," msd="MORPH=empty">,</w>                <w xml:id="line.1011#w.12" pos="PROper" lemma="tu" msd="Case=Acc|Numb=Sing">te</w>                <w xml:id="line.1011#w.13" pos="VER" lemma="obsecro" msd="Numb=Sing|Mood=Ind|Tense=Pres|Voice=Act|Person=1">obsecro</w>                <w xml:id="line.1011#w.14" pos="PUNC" lemma="." msd="MORPH=empty">.</w>            </seg>            <seg xml:id="urn:cts:latinLit:phi0119.phi010.perseus-lat2:line.1012">                <w xml:id="line.1012#w.1" pos="PROdem" lemma="hic1" msd="Case=Dat|Numb=Plur">hisce</w>                <w xml:id="line.1012#w.2" pos="PROper" lemma="ego" msd="Case=Nom|Numb=Sing">ego</w>                <w xml:id="line.1012#w.3" pos="ADV" lemma="iam" msd="Deg=Pos">iam</w>                <w xml:id="line.1012#w.4" pos="NOM" lemma="sementis" msd="Case=Acc|Numb=Sing">sementem</w>                <w xml:id="line.1012#w.5" pos="PRE" lemma="in" msd="MORPH=empty">in</w>                <w xml:id="line.1012#w.6" pos="NOM" lemma="os?" msd="Case=Abl|Numb=Sing">ore</w>                <w xml:id="line.1012#w.7" pos="VER" lemma="facio" msd="Numb=Sing|Mood=Ind|Tense=Fut|Voice=Act|Person=1">faciam</w>                <w xml:id="line.1012#w.8" pos="NOM" lemma="pugnus" msd="Case=Acc|Numb=Plur">pugnosque</w>                <w xml:id="line.1012#w.9" pos="CON" lemma="que" msd="MORPH=empty">pugnosque</w>                <w xml:id="line.1012#w.10" pos="VER" lemma="obsero?" msd="Numb=Sing|Mood=Ind|Tense=Fut|Voice=Act|Person=1">obseram</w>                <w xml:id="line.1012#w.11" pos="PUNC" lemma="." msd="MORPH=empty">.</w>            </seg>            <seg xml:id="urn:cts:latinLit:phi0119.phi010.perseus-lat2:line.1013">                <w xml:id="line.1013#w.1" pos="ADJqua" lemma="magnus" msd="Case=Abl|Numb=Sing|Deg=Sup">maximo</w>                <w xml:id="line.1013#w.2" pos="ADV" lemma="hodie" msd="Deg=Pos">hodie</w>                <w xml:id="line.1013#w.3" pos="NOM" lemma="malum?" msd="Case=Abl|Numb=Sing">malo</w>                <w xml:id="line.1013#w.4" pos="INJ" lemma="hercules" msd="MORPH=empty">hercle</w>                <w xml:id="line.1013#w.5" pos="PROpos" lemma="uester" msd="Case=Abl|Numb=Sing">vostro</w>                <w xml:id="line.1013#w.6" pos="NOM" lemma="sstunc" msd="Case=Voc|Numb=Sing">Ã­stunc</w>                <w xml:id="line.1013#w.7" pos="VER" lemma="fero" msd="Numb=Plur|Mood=Ind|Tense=Pres|Voice=Act|Person=2">fertis</w>                <w xml:id="line.1013#w.8" pos="PUNC" lemma="." msd="MORPH=empty">.</w>                <w xml:id="line.1013#w.9" pos="VER" lemma="mitto" msd="Numb=Plur|Mood=Imp|Tense=Pres|Voice=Act|Person=2">mittite</w>                <w xml:id="line.1013#w.10" pos="PUNC" lemma="." msd="MORPH=empty">.</w>            </seg>            <seg xml:id="urn:cts:latinLit:phi0119.phi010.perseus-lat2:line.1014">                <w xml:id="line.1014#w.1" pos="VER" lemma="teneo" msd="Numb=Sing|Mood=Ind|Tense=Pres|Voice=Act|Person=1">Teneo</w>                <w xml:id="line.1014#w.2" pos="PROper" lemma="ego" msd="Case=Nom|Numb=Sing">ego</w>                <w xml:id="line.1014#w.3" pos="PROdem" lemma="hic1" msd="Case=Dat|Numb=Sing">huic</w>                <w xml:id="line.1014#w.4" pos="NOM" lemma="oculus" msd="Case=Acc|Numb=Sing">oculum</w>                <w xml:id="line.1014#w.5" pos="PUNC" lemma="." msd="MORPH=empty">.</w>            </seg>            <seg xml:id="urn:cts:latinLit:phi0119.phi010.perseus-lat2:line.1014b">                <w xml:id="line.1014b#w.1" pos="NOM" lemma="facio" msd="Numb=Sing|Mood=Imp|Tense=Pres|Voice=Act|Person=2">Face</w>                <w xml:id="line.1014b#w.2" pos="ADVint" lemma="ut2" msd="MORPH=empty">ut</w>                <w xml:id="line.1014b#w.3" pos="NOM" lemma="oculus" msd="Case=Nom|Numb=Plur">oculi</w>                <w xml:id="line.1014b#w.4" pos="NOM" lemma="locus" msd="Case=Nom|Numb=Sing">locus</w>                <w xml:id="line.1014b#w.5" pos="PRE" lemma="in" msd="MORPH=empty">in</w>                <w xml:id="line.1014b#w.6" pos="NOM" lemma="caput" msd="Case=Abl|Numb=Sing">capite</w>                <w xml:id="line.1014b#w.7" pos="VER" lemma="appareo" msd="Numb=Sing|Mood=Sub|Tense=Pres|Voice=Act|Person=3">appareat</w>                <w xml:id="line.1014b#w.8" pos="PUNC" lemma="." msd="MORPH=empty">.</w>            </seg>            <seg xml:id="urn:cts:latinLit:phi0119.phi010.perseus-lat2:line.1015">                <w xml:id="line.1015#w.1" pos="PROper" lemma="uos" msd="Case=Nom|Numb=Plur">vos</w>                <w xml:id="line.1015#w.2" pos="ADJqua" lemma="scelestus" msd="Case=Voc|Numb=Plur|Deg=Pos">scelesti</w>                <w xml:id="line.1015#w.3" pos="PUNC" lemma="," msd="MORPH=empty">,</w>                <w xml:id="line.1015#w.4" pos="PROper" lemma="uos" msd="Case=Nom|Numb=Plur">vos</w>                <w xml:id="line.1015#w.5" pos="ADJqua" lemma="rapax" msd="Case=Nom|Numb=Plur|Deg=Pos">rapacis</w>                <w xml:id="line.1015#w.6" pos="PUNC" lemma="," msd="MORPH=empty">,</w>                <w xml:id="line.1015#w.7" pos="PROper" lemma="uos" msd="Case=Nom|Numb=Plur">vos</w>                <w xml:id="line.1015#w.8" pos="NOM" lemma="praedo" msd="Case=Nom|Numb=Plur">praedones</w>                <w xml:id="line.1015#w.9" pos="PUNC" lemma="." msd="MORPH=empty">.</w>            </seg>            <seg xml:id="urn:cts:latinLit:phi0119.phi010.perseus-lat2:line.1015b">                <w xml:id="line.1015b#w.1" pos="VER" lemma="pereo1" msd="Numb=Plur|Mood=Ind|Tense=Perf|Voice=Act|Person=1">Periimus</w>                <w xml:id="line.1015b#w.2" pos="PUNC" lemma="." msd="MORPH=empty">.</w>            </seg>            <seg xml:id="urn:cts:latinLit:phi0119.phi010.perseus-lat2:line.1016">                <w xml:id="line.1016#w.1" pos="VER" lemma="obsecro" msd="Numb=Sing|Mood=Ind|Tense=Pres|Voice=Act|Person=1">obsecro</w>                <w xml:id="line.1016#w.2" pos="INJ" lemma="hercules" msd="MORPH=empty">hercle</w>                <w xml:id="line.1016#w.3" pos="PUNC" lemma="." msd="MORPH=empty">.</w>            </seg>            <seg xml:id="urn:cts:latinLit:phi0119.phi010.perseus-lat2:line.1016b">                <w xml:id="line.1016b#w.1" pos="VER" lemma="mitto" msd="Numb=Plur|Mood=Imp|Tense=Pres|Voice=Act|Person=2">Mittite</w>                <w xml:id="line.1016b#w.2" pos="CONcoo" lemma="ergo2" msd="MORPH=empty">ergo</w>                <w xml:id="line.1016b#w.3" pos="PUNC" lemma="." msd="MORPH=empty">.</w>            </seg>            <seg xml:id="urn:cts:latinLit:phi0119.phi010.perseus-lat2:line.1016c">                <w xml:id="line.1016c#w.1" pos="PROint" lemma="quis1" msd="Case=Nom|Numb=Sing">Quid</w>                <w xml:id="line.1016c#w.2" pos="PROper" lemma="ego" msd="Case=Acc|Numb=Sing">me</w>                <w xml:id="line.1016c#w.3" pos="PROper" lemma="uos" msd="Case=Dat|Numb=Plur">vobis</w>                <w xml:id="line.1016c#w.4" pos="NOM" lemma="tactio" msd="Case=Nom|Numb=Sing">tactiost</w>                <w xml:id="line.1016c#w.5" pos="VER" lemma="sum1" msd="Numb=Sing|Mood=Ind|Tense=Pres|Voice=Act|Person=3">tactiost</w>                <w xml:id="line.1016c#w.6" pos="PUNC" lemma="?" msd="MORPH=empty">?</w>            </seg>            <seg xml:id="urn:cts:latinLit:phi0119.phi010.perseus-lat2:line.1017">                <w xml:id="line.1017#w.1" pos="VER" lemma="pecto" msd="Numb=Sing|Mood=Imp|Tense=Pres|Voice=Act|Person=2">pecte</w>                <w xml:id="line.1017#w.2" pos="NOM" lemma="pugnus" msd="Case=Abl|Numb=Plur">pugnis</w>                <w xml:id="line.1017#w.3" pos="PUNC" lemma="." msd="MORPH=empty">.</w>            </seg>            <seg xml:id="urn:cts:latinLit:phi0119.phi010.perseus-lat2:line.1017b">                <w xml:id="line.1017b#w.1" pos="INJ" lemma="ago" msd="Numb=Plur|Mood=Imp|Tense=Pres|Voice=Act|Person=2">Agite</w>                <w xml:id="line.1017b#w.2" pos="VER" lemma="abeo1" msd="Numb=Plur|Mood=Imp|Tense=Pres|Voice=Act|Person=2">abite</w>                <w xml:id="line.1017b#w.3" pos="PUNC" lemma="," msd="MORPH=empty">,</w>                <w xml:id="line.1017b#w.4" pos="VER" lemma="fugio" msd="Numb=Plur|Mood=Imp|Tense=Pres|Voice=Act|Person=2">fugite</w>                <w xml:id="line.1017b#w.5" pos="ADV" lemma="hinc" msd="Deg=Pos">hinc</w>                <w xml:id="line.1017b#w.6" pos="PRE" lemma="in" msd="MORPH=empty">in</w>                <w xml:id="line.1017b#w.7" pos="ADJqua" lemma="malus3" msd="Case=Acc|Numb=Sing|Deg=Pos">malam</w>                <w xml:id="line.1017b#w.8" pos="NOM" lemma="crux" msd="Case=Acc|Numb=Sing">crucem</w>                <w xml:id="line.1017b#w.9" pos="PUNC" lemma="." msd="MORPH=empty">.</w>            </seg>            <seg xml:id="urn:cts:latinLit:phi0119.phi010.perseus-lat2:line.1018">                <w xml:id="line.1018#w.1" pos="INJ" lemma="hem" msd="MORPH=empty">em</w>                <w xml:id="line.1018#w.2" pos="PROper" lemma="tu" msd="Case=Dat|Numb=Sing">tibi</w>                <w xml:id="line.1018#w.3" pos="ADV" lemma="etiam" msd="Deg=Pos">etiam</w>                <w xml:id="line.1018#w.4" pos="PUNC" lemma=":" msd="MORPH=empty">:</w>                <w xml:id="line.1018#w.5" pos="CONsub" lemma="quia" msd="MORPH=empty">quia</w>                <w xml:id="line.1018#w.6" pos="ADJqua" lemma="posterus" msd="Case=Nom|Numb=Sing|Deg=Sup">postremus</w>                <w xml:id="line.1018#w.7" pos="VER" lemma="cedo1" msd="Numb=Sing|Mood=Ind|Tense=Pres|Voice=Act|Person=2">cedis</w>                <w xml:id="line.1018#w.8" pos="PUNC" lemma="," msd="MORPH=empty">,</w>                <w xml:id="line.1018#w.9" pos="PROdem" lemma="hic1" msd="Case=Acc|Numb=Sing">hoc</w>                <w xml:id="line.1018#w.10" pos="NOM" lemma="praemium" msd="Case=Dat|Numb=Sing">praemi</w>                <w xml:id="line.1018#w.11" pos="VER" lemma="fero" msd="Numb=Sing|Mood=Ind|Tense=Fut|Voice=Act|Person=2">feres</w>                <w xml:id="line.1018#w.12" pos="PUNC" lemma="." msd="MORPH=empty">.</w>            </seg>            <seg xml:id="urn:cts:latinLit:phi0119.phi010.perseus-lat2:line.1019">                <w xml:id="line.1019#w.1" pos="ADV" lemma="nimis" msd="Deg=Pos">nimis</w>                <w xml:id="line.1019#w.2" pos="ADV" lemma="bene" msd="Deg=Pos">bene</w>                <w xml:id="line.1019#w.3" pos="NOM" lemma="os?" msd="Case=Acc|Numb=Plur">ora</w>                <w xml:id="line.1019#w.4" pos="VER" lemma="commeto1" msd="Numb=Sing|Mood=Ind|Tense=Perf|Voice=Act|Person=1">commetavi</w>                <w xml:id="line.1019#w.5" pos="CONcoo" lemma="atque1" msd="MORPH=empty">atque</w>                <w xml:id="line.1019#w.6" pos="PRE" lemma="ex" msd="MORPH=empty">ex</w>                <w xml:id="line.1019#w.7" pos="PROpos" lemma="meus" msd="Case=Abl|Numb=Sing">mea</w>                <w xml:id="line.1019#w.8" pos="NOM" lemma="sententia" msd="Case=Abl|Numb=Sing">sententia</w>                <w xml:id="line.1019#w.9" pos="PUNC" lemma="." msd="MORPH=empty">.</w>            </seg>            <seg xml:id="urn:cts:latinLit:phi0119.phi010.perseus-lat2:line.1020">                <w xml:id="line.1020#w.1" pos="INJ" lemma="edepol" msd="MORPH=empty">edepol</w>                <w xml:id="line.1020#w.2" pos="PUNC" lemma="," msd="MORPH=empty">,</w>                <w xml:id="line.1020#w.3" pos="NOM" lemma="herus" msd="Numb=Sing">ere</w>                <w xml:id="line.1020#w.4" pos="PUNC" lemma="," msd="MORPH=empty">,</w>                <w xml:id="line.1020#w.5" pos="CONsub" lemma="ne4" msd="MORPH=empty">ne</w>                <w xml:id="line.1020#w.6" pos="PROper" lemma="tu" msd="Case=Dat|Numb=Sing">tibi</w>                <w xml:id="line.1020#w.7" pos="NOM" lemma="suppetiae" msd="Case=Acc|Numb=Plur">suppetias</w>                <w xml:id="line.1020#w.8" pos="ADV" lemma="tempori" msd="Deg=Pos">temperi</w>                <w xml:id="line.1020#w.9" pos="VER" lemma="aduenio" msd="Numb=Sing|Mood=Ind|Tense=Perf|Voice=Act|Person=1">adveni</w>                <w xml:id="line.1020#w.10" pos="ADV" lemma="modo1" msd="Deg=Pos">modo</w>                <w xml:id="line.1020#w.11" pos="PUNC" lemma="." msd="MORPH=empty">.</w>            </seg>            <seg xml:id="urn:cts:latinLit:phi0119.phi010.perseus-lat2:line.1021">                <w xml:id="line.1021#w.1" pos="CONcoo" lemma="at2" msd="MORPH=empty">At</w>                <w xml:id="line.1021#w.2" pos="PROper" lemma="tu" msd="Case=Dat|Numb=Sing">tibi</w>                <w xml:id="line.1021#w.3" pos="NOM" lemma="deus" msd="Case=Voc|Numb=Plur">di</w>                <w xml:id="line.1021#w.4" pos="ADV" lemma="semper" msd="Deg=Pos">semper</w>                <w xml:id="line.1021#w.5" pos="PUNC" lemma="," msd="MORPH=empty">,</w>                <w xml:id="line.1021#w.6" pos="NOM" lemma="adolescens?" msd="Case=Voc|Numb=Sing">adulescens</w>                <w xml:id="line.1021#w.7" pos="PUNC" lemma="," msd="MORPH=empty">,</w>                <w xml:id="line.1021#w.8" pos="PROrel" lemma="quisquis1" msd="Case=Nom|Numb=Sing">quisquis</w>                <w xml:id="line.1021#w.9" pos="VER" lemma="sum1" msd="Numb=Sing|Mood=Ind|Tense=Pres|Voice=Act|Person=2">es</w>                <w xml:id="line.1021#w.10" pos="PUNC" lemma="," msd="MORPH=empty">,</w>                <w xml:id="line.1021#w.11" pos="VER" lemma="facio" msd="Numb=Plur|Mood=Sub|Tense=Pres|Voice=Act|Person=3">faciant</w>                <w xml:id="line.1021#w.12" pos="ADV" lemma="bene" msd="Deg=Pos">bene</w>                <w xml:id="line.1021#w.13" pos="PUNC" lemma="." msd="MORPH=empty">.</w>            </seg>            <seg xml:id="urn:cts:latinLit:phi0119.phi010.perseus-lat2:line.1022">                <w xml:id="line.1022#w.1" pos="CONcoo" lemma="nam" msd="MORPH=empty">nam</w>                <w xml:id="line.1022#w.2" pos="ADV" lemma="absque2" msd="MORPH=empty">absque</w>                <w xml:id="line.1022#w.3" pos="PROper" lemma="tu" msd="Case=Acc|Numb=Sing">te</w>                <w xml:id="line.1022#w.4" pos="VER" lemma="sum1" msd="Numb=Sing|Mood=Sub|Tense=Impa|Voice=Act|Person=3">esset</w>                <w xml:id="line.1022#w.5" pos="PUNC" lemma="," msd="MORPH=empty">,</w>                <w xml:id="line.1022#w.6" pos="ADV" lemma="hodie" msd="Deg=Pos">hodie</w>                <w xml:id="line.1022#w.7" pos="ADVneg" lemma="numquam" msd="MORPH=empty">numquam</w>                <w xml:id="line.1022#w.8" pos="PRE" lemma="ad2" msd="MORPH=empty">ad</w>                <w xml:id="line.1022#w.9" pos="NOM" lemma="sol" msd="Case=Acc|Numb=Sing">solem</w>                <w xml:id="line.1022#w.10" pos="NOM" lemma="occasus" msd="Case=Acc|Numb=Sing">occasum</w>                <w xml:id="line.1022#w.11" pos="VER" lemma="uiuo" msd="Numb=Sing|Mood=Sub|Tense=Impa|Voice=Act|Person=1">viverem</w>                <w xml:id="line.1022#w.12" pos="PUNC" lemma="." msd="MORPH=empty">.</w>            </seg>            <seg xml:id="urn:cts:latinLit:phi0119.phi010.perseus-lat2:line.1023">                <w xml:id="line.1023#w.1" pos="CONcoo" lemma="ergo2" msd="MORPH=empty">Ergo</w>                <w xml:id="line.1023#w.2" pos="INJ" lemma="edepol" msd="MORPH=empty">edepol</w>                <w xml:id="line.1023#w.3" pos="PUNC" lemma="," msd="MORPH=empty">,</w>                <w xml:id="line.1023#w.4" pos="CONsub" lemma="si2" msd="MORPH=empty">si</w>                <w xml:id="line.1023#w.5" pos="ADV" lemma="recte" msd="Deg=Pos">recte</w>                <w xml:id="line.1023#w.6" pos="VER" lemma="facio" msd="Numb=Sing|Mood=Sub|Tense=Pres|Voice=Act|Person=2">facias</w>                <w xml:id="line.1023#w.7" pos="PUNC" lemma="," msd="MORPH=empty">,</w>                <w xml:id="line.1023#w.8" pos="VER" lemma="herus" msd="Numb=Sing">ere</w>                <w xml:id="line.1023#w.9" pos="PUNC" lemma="," msd="MORPH=empty">,</w>                <w xml:id="line.1023#w.10" pos="PROper" lemma="ego" msd="Case=Acc|Numb=Sing">med</w>                <w xml:id="line.1023#w.11" pos="VER" lemma="emitto" msd="Numb=Sing|Mood=Sub|Tense=Pres|Voice=Act|Person=2">emittas</w>                <w xml:id="line.1023#w.12" pos="NOM" lemma="manus?" msd="Case=Abl|Numb=Sing">manu</w>                <w xml:id="line.1023#w.13" pos="PUNC" lemma="." msd="MORPH=empty">.</w>            </seg>            <seg xml:id="urn:cts:latinLit:phi0119.phi010.perseus-lat2:line.1024">                <w xml:id="line.1024#w.1" pos="VER" lemma="libero" msd="Numb=Sing|Mood=Sub|Tense=Pres|Voice=Act|Person=1">Liberem</w>                <w xml:id="line.1024#w.2" pos="PROper" lemma="ego" msd="Case=Nom|Numb=Sing">ego</w>                <w xml:id="line.1024#w.3" pos="PROper" lemma="tu" msd="Case=Acc|Numb=Sing">te</w>                <w xml:id="line.1024#w.4" pos="PUNC" lemma="?" msd="MORPH=empty">?</w>            </seg>            <seg xml:id="urn:cts:latinLit:phi0119.phi010.perseus-lat2:line.1024b">                <w xml:id="line.1024b#w.1" pos="CONcoo" lemma="uerum4" msd="MORPH=empty">Verum</w>                <w xml:id="line.1024b#w.2" pos="PUNC" lemma="," msd="MORPH=empty">,</w>                <w xml:id="line.1024b#w.3" pos="CONsub" lemma="quandoquidem" msd="MORPH=empty">quandoquidem</w>                <w xml:id="line.1024b#w.4" pos="PUNC" lemma="," msd="MORPH=empty">,</w>                <w xml:id="line.1024b#w.5" pos="NOM" lemma="herus" msd="Numb=Sing">ere</w>                <w xml:id="line.1024b#w.6" pos="PUNC" lemma="," msd="MORPH=empty">,</w>                <w xml:id="line.1024b#w.7" pos="PROper" lemma="tu" msd="Case=Acc|Numb=Sing">te</w>                <w xml:id="line.1024b#w.8" pos="VER" lemma="seruo" msd="Numb=Sing|Mood=Ind|Tense=Perf|Voice=Act|Person=1">servavi</w>                <w xml:id="line.1024b#w.9" pos="PUNC" lemma="." msd="MORPH=empty">.</w>            </seg>            <seg xml:id="urn:cts:latinLit:phi0119.phi010.perseus-lat2:line.1024c">                <w xml:id="line.1024c#w.1" pos="PROint" lemma="quis1" msd="Case=Nom|Numb=Sing">Quid</w>                <w xml:id="line.1024c#w.2" pos="VER" lemma="sum1" msd="Numb=Sing|Mood=Ind|Tense=Pres|Voice=Act|Person=3">est</w>                <w xml:id="line.1024c#w.3" pos="PUNC" lemma="?" msd="MORPH=empty">?</w>            </seg>            <seg xml:id="urn:cts:latinLit:phi0119.phi010.perseus-lat2:line.1025">                <w xml:id="line.1025#w.1" pos="NOM" lemma="adolescens?" msd="Case=Nom|Numb=Sing">adulescens</w>                <w xml:id="line.1025#w.2" pos="PUNC" lemma="," msd="MORPH=empty">,</w>                <w xml:id="line.1025#w.3" pos="VER" lemma="erro2" msd="Numb=Sing|Mood=Ind|Tense=Pres|Voice=Act|Person=2">erras</w>                <w xml:id="line.1025#w.4" pos="PUNC" lemma="." msd="MORPH=empty">.</w>            </seg>            <seg xml:id="urn:cts:latinLit:phi0119.phi010.perseus-lat2:line.1025b">                <w xml:id="line.1025b#w.1" pos="PROint" lemma="quis1" msd="Case=Acc|Numb=Sing">Quid</w>                <w xml:id="line.1025b#w.2" pos="PUNC" lemma="," msd="MORPH=empty">,</w>                <w xml:id="line.1025b#w.3" pos="VER" lemma="erro2" msd="Numb=Sing|Mood=Ind|Tense=Pres|Voice=Act|Person=1">erro</w>                <w xml:id="line.1025b#w.4" pos="PUNC" lemma="?" msd="MORPH=empty">?</w>            </seg>            <seg xml:id="urn:cts:latinLit:phi0119.phi010.perseus-lat2:line.1025c">                <w xml:id="line.1025c#w.1" pos="PRE" lemma="per" msd="MORPH=empty">Per</w>                <w xml:id="line.1025c#w.2" pos="NOM" lemma="iuum" msd="Case=Acc|Numb=Sing">Iovem</w>                <w xml:id="line.1025c#w.3" pos="VER" lemma="adiuro" msd="Numb=Sing|Mood=Ind|Tense=Pres|Voice=Act|Person=1">adiuro</w>                <w xml:id="line.1025c#w.4" pos="NOM" lemma="pater" msd="Case=Acc|Numb=Sing">patrem</w>                <w xml:id="line.1025c#w.5" pos="PUNC" lemma="," msd="MORPH=empty">,</w>            </seg>            <seg xml:id="urn:cts:latinLit:phi0119.phi010.perseus-lat2:line.1026">                <w xml:id="line.1026#w.1" pos="PROper" lemma="ego" msd="Case=Acc|Numb=Sing">med</w>                <w xml:id="line.1026#w.2" pos="NOM" lemma="herus" msd="Case=Acc|Numb=Sing">erum</w>                <w xml:id="line.1026#w.3" pos="PROpos" lemma="tuus" msd="Case=Acc|Numb=Sing">tuom</w>                <w xml:id="line.1026#w.4" pos="ADVneg" lemma="non" msd="MORPH=empty">non</w>                <w xml:id="line.1026#w.5" pos="VER" lemma="sum1" msd="Mood=Inf|Tense=Pres|Voice=Act">esse</w>                <w xml:id="line.1026#w.6" pos="PUNC" lemma="." msd="MORPH=empty">.</w>            </seg>            <seg xml:id="urn:cts:latinLit:phi0119.phi010.perseus-lat2:line.1026b">                <w xml:id="line.1026b#w.1" pos="ADVneg" lemma="non" msd="MORPH=empty">Non</w>                <w xml:id="line.1026b#w.2" pos="VER" lemma="taceo" msd="Numb=Sing|Mood=Ind|Tense=Pres|Voice=Act|Person=2">taces</w>                <w xml:id="line.1026b#w.3" pos="PUNC" lemma="?" msd="MORPH=empty">?</w>            </seg>            <seg xml:id="urn:cts:latinLit:phi0119.phi010.perseus-lat2:line.1026c">                <w xml:id="line.1026c#w.1" pos="ADVneg" lemma="non" msd="MORPH=empty">Non</w>                <w xml:id="line.1026c#w.2" pos="VER" lemma="mentior" msd="Numb=Sing|Mood=Ind|Tense=Pres|Voice=Dep|Person=1">mentior</w>                <w xml:id="line.1026c#w.3" pos="PUNC" lemma=";" msd="MORPH=empty">;</w>            </seg>            <seg xml:id="urn:cts:latinLit:phi0119.phi010.perseus-lat2:line.1027">                <w xml:id="line.1027#w.1" pos="CONcoo" lemma="nec2" msd="MORPH=empty">nec</w>                <w xml:id="line.1027#w.2" pos="PROpos" lemma="meus" msd="Case=Nom|Numb=Sing">meus</w>                <w xml:id="line.1027#w.3" pos="NOM" lemma="seruus?" msd="Case=Nom|Numb=Sing">servos</w>                <w xml:id="line.1027#w.4" pos="ADV" lemma="pmquam" msd="Deg=Pos">Ãºmquam</w>                <w xml:id="line.1027#w.5" pos="PROdem" lemma="talis" msd="Case=Acc|Numb=Sing">tale</w>                <w xml:id="line.1027#w.6" pos="VER" lemma="facio" msd="Numb=Sing|Mood=Ind|Tense=Perf|Voice=Act|Person=3">fecit</w>                <w xml:id="line.1027#w.7" pos="PROrel" lemma="qualis1" msd="Case=Nom|Numb=Sing">quale</w>                <w xml:id="line.1027#w.8" pos="PROper" lemma="tu" msd="Case=Nom|Numb=Sing">tu</w>                <w xml:id="line.1027#w.9" pos="PROper" lemma="ego" msd="Case=Dat|Numb=Sing">mihi</w>                <w xml:id="line.1027#w.10" pos="PUNC" lemma="." msd="MORPH=empty">.</w>            </seg>            <seg xml:id="urn:cts:latinLit:phi0119.phi010.perseus-lat2:line.1028">                <w xml:id="line.1028#w.1" pos="ADV" lemma="sic" msd="Deg=Pos">Sic</w>                <w xml:id="line.1028#w.2" pos="PRE" lemma="sino" msd="Mood=Imp|Tense=Pres|Voice=Act|Person=2">sine</w>                <w xml:id="line.1028#w.3" pos="CONcoo" lemma="igitur" msd="MORPH=empty">igitur</w>                <w xml:id="line.1028#w.4" pos="PUNC" lemma="," msd="MORPH=empty">,</w>                <w xml:id="line.1028#w.5" pos="CONsub" lemma="si2" msd="MORPH=empty">si</w>                <w xml:id="line.1028#w.6" pos="PROpos" lemma="tuus" msd="Case=Acc|Numb=Sing">tuom</w>                <w xml:id="line.1028#w.7" pos="VER" lemma="nago" msd="Numb=Sing|Mood=Ind|Tense=Pres|Voice=Act|Person=2">nÃ©gas</w>                <w xml:id="line.1028#w.8" pos="PROper" lemma="ego" msd="Case=Acc|Numb=Sing">me</w>                <w xml:id="line.1028#w.9" pos="VER" lemma="sum1" msd="Mood=Inf|Tense=Pres|Voice=Act">Ã©sse</w>                <w xml:id="line.1028#w.10" pos="PUNC" lemma="," msd="MORPH=empty">,</w>                <w xml:id="line.1028#w.11" pos="VER" lemma="abeo1" msd="Mood=Inf|Tense=Pres|Voice=Act">abire</w>                <w xml:id="line.1028#w.12" pos="ADJqua" lemma="liber2" msd="Case=Acc|Numb=Sing|Deg=Pos">liberum</w>                <w xml:id="line.1028#w.13" pos="PUNC" lemma="." msd="MORPH=empty">.</w>            </seg>            <seg xml:id="urn:cts:latinLit:phi0119.phi010.perseus-lat2:line.1029">                <w xml:id="line.1029#w.1" pos="PROpos" lemma="meus" msd="Case=Abl|Numb=Sing">Mea</w>                <w xml:id="line.1029#w.2" pos="ADV" lemma="quidem" msd="Deg=Pos">quidem</w>                <w xml:id="line.1029#w.3" pos="INJ" lemma="hercules" msd="MORPH=empty">hercle</w>                <w xml:id="line.1029#w.4" pos="NOM" lemma="causa" msd="Case=Nom|Numb=Sing">causa</w>                <w xml:id="line.1029#w.5" pos="ADJqua" lemma="liber2" msd="Case=Nom|Numb=Sing|Deg=Pos">liber</w>                <w xml:id="line.1029#w.6" pos="VER" lemma="sum1" msd="Numb=Sing|Mood=Imp|Tense=Fut|Voice=Act|Person=2">esto</w>                <w xml:id="line.1029#w.7" pos="CONcoo" lemma="atque1" msd="MORPH=empty">atque</w>                <w xml:id="line.1029#w.8" pos="VER" lemma="eo1" msd="Numb=Sing|Mood=Imp|Tense=Fut|Voice=Act|Person=2">ito</w>                <w xml:id="line.1029#w.9" pos="ADVrel" lemma="quo?" msd="Numb=Sing">quo</w>                <w xml:id="line.1029#w.10" pos="VER" lemma="uolo?" msd="Numb=Sing|Mood=Ind|Tense=Fut|Voice=Act|Person=2">voles</w>                <w xml:id="line.1029#w.11" pos="PUNC" lemma="." msd="MORPH=empty">.</w>            </seg>            <seg xml:id="urn:cts:latinLit:phi0119.phi010.perseus-lat2:line.1030">                <w xml:id="line.1030#w.1" pos="ADV" lemma="nempe" msd="Deg=Pos">Nempe</w>                <w xml:id="line.1030#w.2" pos="VER" lemma="iubeo" msd="Numb=Sing|Mood=Ind|Tense=Pres|Voice=Act|Person=2">iubes</w>                <w xml:id="line.1030#w.3" pos="PUNC" lemma="?" msd="MORPH=empty">?</w>            </seg>            <seg xml:id="urn:cts:latinLit:phi0119.phi010.perseus-lat2:line.1030b">                <w xml:id="line.1030b#w.1" pos="VER" lemma="iubeo" msd="Numb=Sing|Mood=Ind|Tense=Pres|Voice=Act|Person=1">Iubeo</w>                <w xml:id="line.1030b#w.2" pos="INJ" lemma="hercules" msd="MORPH=empty">hercle</w>                <w xml:id="line.1030b#w.3" pos="PUNC" lemma="," msd="MORPH=empty">,</w>                <w xml:id="line.1030b#w.4" pos="CONsub" lemma="si2" msd="MORPH=empty">si</w>                <w xml:id="line.1030b#w.5" pos="PROind" lemma="quis2" msd="Case=Nom|Numb=Sing">quid</w>                <w xml:id="line.1030b#w.6" pos="NOM" lemma="imperium" msd="Case=Gen|Numb=Sing">imperi</w>                <w xml:id="line.1030b#w.7" pos="VER" lemma="sum1" msd="Numb=Sing|Mood=Ind|Tense=Pres|Voice=Act|Person=3">est</w>                <w xml:id="line.1030b#w.8" pos="PRE" lemma="in" msd="MORPH=empty">in</w>                <w xml:id="line.1030b#w.9" pos="PROper" lemma="tu" msd="Case=Abl|Numb=Sing">te</w>                <w xml:id="line.1030b#w.10" pos="PROper" lemma="ego" msd="Case=Dat|Numb=Sing">mihi</w>                <w xml:id="line.1030b#w.11" pos="PUNC" lemma="." msd="MORPH=empty">.</w>            </seg>            <seg xml:id="urn:cts:latinLit:phi0119.phi010.perseus-lat2:line.1031">                <w xml:id="line.1031#w.1" pos="VER" lemma="salueo" msd="Numb=Sing|Mood=Imp|Tense=Pres|Voice=Act|Person=2">Salve</w>                <w xml:id="line.1031#w.2" pos="PUNC" lemma="," msd="MORPH=empty">,</w>                <w xml:id="line.1031#w.3" pos="PROpos" lemma="meus" msd="Case=Voc|Numb=Sing">mi</w>                <w xml:id="line.1031#w.4" pos="NOM" lemma="patronus" msd="Case=Voc|Numb=Sing">patrone</w>                <w xml:id="line.1031#w.5" pos="PUNC" lemma="." msd="MORPH=empty">.</w>                <w xml:id="line.1031#w.6" pos="CONsub" lemma="cum3" msd="MORPH=empty">cum</w>                <w xml:id="line.1031#w.7" pos="PROper" lemma="tu" msd="Case=Nom|Numb=Sing">tu</w>                <w xml:id="line.1031#w.8" pos="ADJqua" lemma="liber2" msd="Case=Nom|Numb=Sing|Deg=Pos">liber</w>                <w xml:id="line.1031#w.9" pos="VER" lemma="sum1" msd="Numb=Sing|Mood=Ind|Tense=Pres|Voice=Act|Person=2">es</w>                <w xml:id="line.1031#w.10" pos="PUNC" lemma="," msd="MORPH=empty">,</w>                <w xml:id="line.1031#w.11" pos="NOM" lemma="messenium" msd="Case=Abl|Numb=Sing">Messenio</w>                <w xml:id="line.1031#w.12" pos="PUNC" lemma="," msd="MORPH=empty">,</w>            </seg>            <seg xml:id="urn:cts:latinLit:phi0119.phi010.perseus-lat2:line.1032">                <w xml:id="line.1032#w.1" pos="VER" lemma="gaudeo" msd="Numb=Sing|Mood=Ind|Tense=Pres|Voice=SemDep|Person=1">gaudeo</w>                <w xml:id="line.1032#w.2" pos="PUNC" lemma="." msd="MORPH=empty">.</w>                <w xml:id="line.1032#w.3" pos="VER" lemma="credo" msd="Numb=Sing|Mood=Ind|Tense=Pres|Voice=Act|Person=1">credo</w>                <w xml:id="line.1032#w.4" pos="INJ" lemma="hercules" msd="MORPH=empty">hercle</w>                <w xml:id="line.1032#w.5" pos="PROper" lemma="uos" msd="Case=Dat|Numb=Plur">vobis</w>                <w xml:id="line.1032#w.6" pos="PUNC" lemma="." msd="MORPH=empty">.</w>                <w xml:id="line.1032#w.7" pos="CONcoo" lemma="sed" msd="MORPH=empty">sed</w>                <w xml:id="line.1032#w.8" pos="PUNC" lemma="," msd="MORPH=empty">,</w>                <w xml:id="line.1032#w.9" pos="NOM" lemma="patronus" msd="Case=Voc|Numb=Sing">patrone</w>                <w xml:id="line.1032#w.10" pos="PUNC" lemma="," msd="MORPH=empty">,</w>                <w xml:id="line.1032#w.11" pos="PROper" lemma="tu" msd="Case=Acc|Numb=Sing">te</w>                <w xml:id="line.1032#w.12" pos="VER" lemma="obsecro" msd="Numb=Sing|Mood=Ind|Tense=Pres|Voice=Act|Person=1">obsecro</w>                <w xml:id="line.1032#w.13" pos="PUNC" lemma="," msd="MORPH=empty">,</w>            </seg>            <seg xml:id="urn:cts:latinLit:phi0119.phi010.perseus-lat2:line.1033">                <w xml:id="line.1033#w.1" pos="CONsub" lemma="ne4" msd="MORPH=empty">ne</w>                <w xml:id="line.1033#w.2" pos="ADV" lemma="parum2" msd="Deg=Comp">minus</w>                <w xml:id="line.1033#w.3" pos="VER" lemma="impero" msd="Numb=Sing|Mood=Sub|Tense=Pres|Voice=Act|Person=2">imperes</w>                <w xml:id="line.1033#w.4" pos="PROper" lemma="ego" msd="Case=Dat|Numb=Sing">mihÃ­</w>                <w xml:id="line.1033#w.5" pos="ADVrel" lemma="quam1" msd="MORPH=empty">quam</w>                <w xml:id="line.1033#w.6" pos="CONsub" lemma="cum3" msd="MORPH=empty">cum</w>                <w xml:id="line.1033#w.7" pos="PROpos" lemma="tuus" msd="Case=Acc|Numb=Plur">tuos</w>                <w xml:id="line.1033#w.8" pos="NOM" lemma="seruus?" msd="Case=Acc|Numb=Plur">servos</w>                <w xml:id="line.1033#w.9" pos="VER" lemma="sum1" msd="Numb=Sing|Mood=Ind|Tense=Perf|Voice=Act|Person=1">fui</w>                <w xml:id="line.1033#w.10" pos="PUNC" lemma="." msd="MORPH=empty">.</w>            </seg>            <seg xml:id="urn:cts:latinLit:phi0119.phi010.perseus-lat2:line.1034">                <w xml:id="line.1034#w.1" pos="PRE" lemma="apud" msd="MORPH=empty">apud</w>                <w xml:id="line.1034#w.2" pos="PROper" lemma="tu" msd="Case=Acc|Numb=Sing">ted</w>                <w xml:id="line.1034#w.3" pos="VER" lemma="habito" msd="Numb=Sing|Mood=Ind|Tense=Fut|Voice=Act|Person=1">habitabo</w>                <w xml:id="line.1034#w.4" pos="CONcoo" lemma="et2" msd="MORPH=empty">et</w>                <w xml:id="line.1034#w.5" pos="ADVint" lemma="quando2" msd="MORPH=empty">quando</w>                <w xml:id="line.1034#w.6" pos="VER" lemma="eo1" msd="Numb=Sing|Mood=Ind|Tense=Fut|Voice=Act|Person=2">ibis</w>                <w xml:id="line.1034#w.7" pos="PUNC" lemma="," msd="MORPH=empty">,</w>                <w xml:id="line.1034#w.8" pos="ADV" lemma="una" msd="Numb=Sing|Deg=Pos">una</w>                <w xml:id="line.1034#w.9" pos="PROper" lemma="tu" msd="Case=Abl|Numb=Sing">tecum</w>                <w xml:id="line.1034#w.10" pos="CON" lemma="cum3" msd="MORPH=empty">tecum</w>                <w xml:id="line.1034#w.11" pos="VER" lemma="eo1" msd="Numb=Sing|Mood=Ind|Tense=Fut|Voice=Act|Person=1">ibo</w>                <w xml:id="line.1034#w.12" pos="NOM" lemma="domus" msd="Case=Acc|Numb=Sing">domum</w>                <w xml:id="line.1034#w.13" pos="PUNC" lemma="." msd="MORPH=empty">.</w>            </seg>            <seg xml:id="urn:cts:latinLit:phi0119.phi010.perseus-lat2:line.1035">                <w xml:id="line.1035#w.1" pos="ADV" lemma="parum2" msd="Deg=Sup">Minime</w>                <w xml:id="line.1035#w.2" pos="PUNC" lemma="." msd="MORPH=empty">.</w>            </seg>            <seg xml:id="urn:cts:latinLit:phi0119.phi010.perseus-lat2:line.1035b">                <w xml:id="line.1035b#w.1" pos="ADV" lemma="nunc" msd="Deg=Pos">Nunc</w>                <w xml:id="line.1035b#w.2" pos="VER" lemma="eo1" msd="Numb=Sing|Mood=Ind|Tense=Fut|Voice=Act|Person=1">ibo</w>                <w xml:id="line.1035b#w.3" pos="PRE" lemma="in" msd="MORPH=empty">in</w>                <w xml:id="line.1035b#w.4" pos="NOM" lemma="taberna" msd="Case=Acc|Numb=Sing">tabernam</w>                <w xml:id="line.1035b#w.5" pos="PUNC" lemma="," msd="MORPH=empty">,</w>                <w xml:id="line.1035b#w.6" pos="NOM" lemma="uas?" msd="Case=Acc|Numb=Plur">vasa</w>                <w xml:id="line.1035b#w.7" pos="CONcoo" lemma="atque1" msd="MORPH=empty">atque</w>                <w xml:id="line.1035b#w.8" pos="NOM" lemma="argentum" msd="Case=Acc|Numb=Sing">argentum</w>                <w xml:id="line.1035b#w.9" pos="PROper" lemma="tu" msd="Case=Dat|Numb=Sing">tibi</w>            </seg>            <seg xml:id="urn:cts:latinLit:phi0119.phi010.perseus-lat2:line.1036">                <w xml:id="line.1036#w.1" pos="VER" lemma="refero" msd="Numb=Sing|Mood=Ind|Tense=Fut|Voice=Act|Person=1">referam</w>                <w xml:id="line.1036#w.2" pos="PUNC" lemma="." msd="MORPH=empty">.</w>                <w xml:id="line.1036#w.3" pos="ADV" lemma="recte" msd="Deg=Pos">recte</w>                <w xml:id="line.1036#w.4" pos="VER" lemma="sum1" msd="Numb=Sing|Mood=Ind|Tense=Pres|Voice=Act|Person=3">est</w>                <w xml:id="line.1036#w.5" pos="VER" lemma="obsigno" msd="Case=Acc|Numb=Sing|Mood=Par|Tense=Perf|Voice=Pass">obsignatum</w>                <w xml:id="line.1036#w.6" pos="PRE" lemma="in" msd="MORPH=empty">in</w>                <w xml:id="line.1036#w.7" pos="NOM" lemma="uidulus" msd="Case=Abl|Numb=Sing|Deg=Pos">vidulo</w>                <w xml:id="line.1036#w.8" pos="NOM" lemma="marsupium" msd="Case=Acc|Numb=Sing">marsuppium</w>            </seg>            <seg xml:id="urn:cts:latinLit:phi0119.phi010.perseus-lat2:line.1037">                <w xml:id="line.1037#w.1" pos="PRE" lemma="cum2" msd="MORPH=empty">cum</w>                <w xml:id="line.1037#w.2" pos="NOM" lemma="uiaticum" msd="Case=Abl|Numb=Sing">viatico</w>                <w xml:id="line.1037#w.3" pos="PUNC" lemma=":" msd="MORPH=empty">:</w>                <w xml:id="line.1037#w.4" pos="PROdem" lemma="is" msd="Case=Acc|Numb=Sing">id</w>                <w xml:id="line.1037#w.5" pos="PROper" lemma="tu" msd="Case=Dat|Numb=Sing">tibÃ­</w>                <w xml:id="line.1037#w.6" pos="ADV" lemma="iam" msd="Deg=Pos">iam</w>                <w xml:id="line.1037#w.7" pos="ADV" lemma="huc" msd="Deg=Pos">huc</w>                <w xml:id="line.1037#w.8" pos="VER" lemma="affero" msd="Numb=Sing|Mood=Ind|Tense=Fut|Voice=Act|Person=1">adferam</w>                <w xml:id="line.1037#w.9" pos="PUNC" lemma="." msd="MORPH=empty">.</w>            </seg>            <seg xml:id="urn:cts:latinLit:phi0119.phi010.perseus-lat2:line.1037b">                <w xml:id="line.1037b#w.1" pos="VER" lemma="affero" msd="Numb=Sing|Mood=Imp|Tense=Pres|Voice=Act|Person=2">Adfer</w>                <w xml:id="line.1037b#w.2" pos="ADV" lemma="strenue" msd="Deg=Pos">strenue</w>                <w xml:id="line.1037b#w.3" pos="PUNC" lemma="." msd="MORPH=empty">.</w>            </seg>            <seg xml:id="urn:cts:latinLit:phi0119.phi010.perseus-lat2:line.1038">                <w xml:id="line.1038#w.1" pos="ADJqua" lemma="saluus" msd="Case=Acc|Numb=Sing|Deg=Pos">Salvom</w>                <w xml:id="line.1038#w.2" pos="PROper" lemma="tu" msd="Case=Dat|Numb=Sing">tibi</w>                <w xml:id="line.1038#w.3" pos="ADV" lemma="ita" msd="Deg=Pos">ita</w>                <w xml:id="line.1038#w.4" pos="CONsub" lemma="ut4" msd="MORPH=empty">ut</w>                <w xml:id="line.1038#w.5" pos="PROper" lemma="ego" msd="Case=Dat|Numb=Sing">mihi</w>                <w xml:id="line.1038#w.6" pos="VER" lemma="do" msd="Numb=Sing|Mood=Ind|Tense=Perf|Voice=Act|Person=2">dedisti</w>                <w xml:id="line.1038#w.7" pos="VER" lemma="reddo" msd="Numb=Sing|Mood=Ind|Tense=Fut|Voice=Act|Person=1">reddibo</w>                <w xml:id="line.1038#w.8" pos="PUNC" lemma="." msd="MORPH=empty">.</w>                <w xml:id="line.1038#w.9" pos="ADV" lemma="hic2" msd="MORPH=empty">hic</w>                <w xml:id="line.1038#w.10" pos="PROper" lemma="ego" msd="Case=Acc|Numb=Sing">me</w>                <w xml:id="line.1038#w.11" pos="VER" lemma="maneo" msd="Numb=Sing|Mood=Imp|Tense=Pres|Voice=Act|Person=2">mane</w>                <w xml:id="line.1038#w.12" pos="PUNC" lemma="." msd="MORPH=empty">.</w>                <w xml:id="line.1038#w.13" pos="PUNC" lemma="â" msd="MORPH=empty">â</w>            </seg>            <seg xml:id="urn:cts:latinLit:phi0119.phi010.perseus-lat2:line.1039">                <w xml:id="line.1039#w.1" pos="ADJqua" lemma="nimius" msd="Case=Nom|Numb=Sing|Deg=Pos">Nimia</w>                <w xml:id="line.1039#w.2" pos="ADJqua" lemma="mirus" msd="Case=Nom|Numb=Plur|Deg=Pos">mira</w>                <w xml:id="line.1039#w.3" pos="PROper" lemma="ego" msd="Case=Dat|Numb=Sing">mihi</w>                <w xml:id="line.1039#w.4" pos="ADV" lemma="quidem" msd="Deg=Pos">quidem</w>                <w xml:id="line.1039#w.5" pos="ADV" lemma="hodie" msd="Deg=Pos">hodie</w>                <w xml:id="line.1039#w.6" pos="VER" lemma="exorior" msd="Case=Nom|Numb=Plur|Mood=Par|Tense=Perf|Voice=Dep">exorta</w>                <w xml:id="line.1039#w.7" pos="VER" lemma="sum1" msd="Numb=Plur|Mood=Ind|Tense=Pres|Voice=Act|Person=3">sunt</w>                <w xml:id="line.1039#w.8" pos="ADJqua" lemma="mirus" msd="Case=Abl|Numb=Plur|Deg=Pos">miris</w>                <w xml:id="line.1039#w.9" pos="NOM" lemma="modus" msd="Case=Abl|Numb=Plur">modis</w>                <w xml:id="line.1039#w.10" pos="PUNC" lemma=":" msd="MORPH=empty">:</w>            </seg>            <seg xml:id="urn:cts:latinLit:phi0119.phi010.perseus-lat2:line.1040">                <w xml:id="line.1040#w.1" pos="PROind" lemma="alius" msd="Case=Nom|Numb=Plur">alii</w>                <w xml:id="line.1040#w.2" pos="PROper" lemma="ego" msd="Case=Acc|Numb=Sing">me</w>                <w xml:id="line.1040#w.3" pos="VER" lemma="nego" msd="Numb=Plur|Mood=Ind|Tense=Pres|Voice=Act|Person=3">negant</w>                <w xml:id="line.1040#w.4" pos="PROdem" lemma="is" msd="Case=Acc|Numb=Sing">eum</w>                <w xml:id="line.1040#w.5" pos="VER" lemma="sum1" msd="Mood=Inf|Tense=Pres|Voice=Act">esse</w>                <w xml:id="line.1040#w.6" pos="PROrel" lemma="qui1" msd="Case=Nom|Numb=Sing">qui</w>                <w xml:id="line.1040#w.7" pos="VER" lemma="sum1" msd="Numb=Sing|Mood=Ind|Tense=Pres|Voice=Act|Person=1">sum</w>                <w xml:id="line.1040#w.8" pos="PUNC" lemma="," msd="MORPH=empty">,</w>                <w xml:id="line.1040#w.9" pos="CONcoo" lemma="atque1" msd="MORPH=empty">atque</w>                <w xml:id="line.1040#w.10" pos="VER" lemma="excludo" msd="Numb=Plur|Mood=Ind|Tense=Pres|Voice=Act|Person=3">excludunt</w>                <w xml:id="line.1040#w.11" pos="ADV" lemma="foras" msd="Deg=Pos">foras</w>            </seg>            <seg xml:id="urn:cts:latinLit:phi0119.phi010.perseus-lat2:line.1040a">            </seg>            <seg xml:id="urn:cts:latinLit:phi0119.phi010.perseus-lat2:line.1041">                <w xml:id="line.1041#w.1" pos="CONcoo" lemma="uel2" msd="MORPH=empty">vel</w>                <w xml:id="line.1041#w.2" pos="PROdem" lemma="ille" msd="Case=Nom|Numb=Sing">ille</w>                <w xml:id="line.1041#w.3" pos="PROrel" lemma="qui1" msd="Case=Nom|Numb=Sing">qui</w>                <w xml:id="line.1041#w.4" pos="PROref" lemma="sui1" msd="Case=Acc|Numb=Sing">se</w>                <w xml:id="line.1041#w.5" pos="VER" lemma="peto" msd="Mood=Inf|Tense=Pres|Voice=Act">petere</w>                <w xml:id="line.1041#w.6" pos="NOM" lemma="argentum" msd="Case=Acc|Numb=Sing">argentum</w>                <w xml:id="line.1041#w.7" pos="ADV" lemma="modo1" msd="Deg=Pos">modo</w>                <w xml:id="line.1041#w.8" pos="PUNC" lemma="," msd="MORPH=empty">,</w>                <w xml:id="line.1041#w.9" pos="PROrel" lemma="qui1" msd="Case=Nom|Numb=Sing">qui</w>                <w xml:id="line.1041#w.10" pos="NOM" lemma="seruus?" msd="Case=Acc|Numb=Sing">servom</w>                <w xml:id="line.1041#w.11" pos="PROref" lemma="sui1" msd="Case=Acc|Numb=Sing">se</w>                <w xml:id="line.1041#w.12" pos="PROpos" lemma="meus" msd="Case=Acc|Numb=Sing">meum</w>            </seg>            <seg xml:id="urn:cts:latinLit:phi0119.phi010.perseus-lat2:line.1042">                <w xml:id="line.1042#w.1" pos="VER" lemma="sum1" msd="Mood=Inf|Tense=Pres|Voice=Act">esse</w>                <w xml:id="line.1042#w.2" pos="VER" lemma="aio" msd="Numb=Sing|Mood=Ind|Tense=Impa|Voice=Act|Person=3">aiebat</w>                <w xml:id="line.1042#w.3" pos="PUNC" lemma="," msd="MORPH=empty">,</w>                <w xml:id="line.1042#w.4" pos="PROpos" lemma="meus" msd="Case=Nom|Numb=Sing">meus</w>                <w xml:id="line.1042#w.5" pos="NOM" lemma="seruator" msd="Case=Nom|Numb=Sing">servator</w>                <w xml:id="line.1042#w.6" pos="PUNC" lemma="," msd="MORPH=empty">,</w>                <w xml:id="line.1042#w.7" pos="PROrel" lemma="qui1" msd="Case=Acc|Numb=Sing">quem</w>                <w xml:id="line.1042#w.8" pos="PROper" lemma="ego" msd="Case=Nom|Numb=Sing">ego</w>                <w xml:id="line.1042#w.9" pos="ADV" lemma="modo1" msd="Deg=Pos">modo</w>                <w xml:id="line.1042#w.10" pos="VER" lemma="emitto" msd="Numb=Sing|Mood=Ind|Tense=Perf|Voice=Act|Person=1">emisi</w>                <w xml:id="line.1042#w.11" pos="NOM" lemma="manus?" msd="Case=Abl|Numb=Sing">manu</w>                <w xml:id="line.1042#w.12" pos="PUNC" lemma=";" msd="MORPH=empty">;</w>            </seg>            <seg xml:id="urn:cts:latinLit:phi0119.phi010.perseus-lat2:line.1043">                <w xml:id="line.1043#w.1" pos="PROdem" lemma="is" msd="Case=Nom|Numb=Sing">is</w>                <w xml:id="line.1043#w.2" pos="VER" lemma="aio" msd="Numb=Sing|Mood=Ind|Tense=Pres|Voice=Act|Person=3">ait</w>                <w xml:id="line.1043#w.3" pos="PROref" lemma="sui1" msd="Case=Acc|Numb=Sing">se</w>                <w xml:id="line.1043#w.4" pos="PROper" lemma="ego" msd="Case=Dat|Numb=Sing">mihi</w>                <w xml:id="line.1043#w.5" pos="VER" lemma="affero" msd="Case=Acc|Numb=Sing|Mood=Par|Tense=Fut|Voice=Act">allaturum</w>                <w xml:id="line.1043#w.6" pos="PRE" lemma="cum2" msd="MORPH=empty">cum</w>                <w xml:id="line.1043#w.7" pos="NOM" lemma="argentum" msd="Case=Abl|Numb=Sing">argento</w>                <w xml:id="line.1043#w.8" pos="NOM" lemma="marsupium" msd="Case=Acc|Numb=Sing">marsuppium</w>                <w xml:id="line.1043#w.9" pos="PUNC" lemma=":" msd="MORPH=empty">:</w>            </seg>            <seg xml:id="urn:cts:latinLit:phi0119.phi010.perseus-lat2:line.1044">                <w xml:id="line.1044#w.1" pos="PROdem" lemma="is" msd="Case=Acc|Numb=Sing">id</w>                <w xml:id="line.1044#w.2" pos="CONsub" lemma="si2" msd="MORPH=empty">si</w>                <w xml:id="line.1044#w.3" pos="VER" lemma="affero" msd="Numb=Sing|Mood=Ind|Tense=FutAnt|Voice=Act|Person=3">attulerit</w>                <w xml:id="line.1044#w.4" pos="PUNC" lemma="," msd="MORPH=empty">,</w>                <w xml:id="line.1044#w.5" pos="VER" lemma="dico?" msd="Numb=Sing|Mood=Ind|Tense=Fut|Voice=Act|Person=1">dicam</w>                <w xml:id="line.1044#w.6" pos="CONsub" lemma="ut4" msd="MORPH=empty">ut</w>                <w xml:id="line.1044#w.7" pos="PRE" lemma="ab" msd="MORPH=empty">a</w>                <w xml:id="line.1044#w.8" pos="PROper" lemma="ego" msd="Case=Abl|Numb=Sing">me</w>                <w xml:id="line.1044#w.9" pos="VER" lemma="sbeo" msd="Numb=Sing|Mood=Sub|Tense=Pres|Voice=Act|Person=3">Ã¡beat</w>                <w xml:id="line.1044#w.10" pos="ADJqua" lemma="liber2" msd="Case=Nom|Numb=Sing|Deg=Pos">liber</w>                <w xml:id="line.1044#w.11" pos="ADVrel" lemma="quo?" msd="Case=Abl">quo</w>                <w xml:id="line.1044#w.12" pos="VER" lemma="uolo?" msd="Numb=Sing|Mood=Ind|Tense=Fut|Voice=Act|Person=3">volet</w>                <w xml:id="line.1044#w.13" pos="PUNC" lemma="," msd="MORPH=empty">,</w>            </seg>            <seg xml:id="urn:cts:latinLit:phi0119.phi010.perseus-lat2:line.1045">                <w xml:id="line.1045#w.1" pos="CONsub" lemma="ne4" msd="MORPH=empty">ne</w>                <w xml:id="line.1045#w.2" pos="ADV" lemma="tum" msd="Deg=Pos">tum</w>                <w xml:id="line.1045#w.3" pos="PUNC" lemma="," msd="MORPH=empty">,</w>                <w xml:id="line.1045#w.4" pos="CONsub" lemma="quando3" msd="MORPH=empty">quando</w>                <w xml:id="line.1045#w.5" pos="ADJqua" lemma="sanus" msd="Case=Nom|Numb=Sing|Deg=Pos">sanus</w>                <w xml:id="line.1045#w.6" pos="VER" lemma="facio" msd="Case=Nom|Numb=Sing|Mood=Par|Tense=Perf|Voice=Pass">factus</w>                <w xml:id="line.1045#w.7" pos="VER" lemma="sum1" msd="Numb=Sing|Mood=Sub|Tense=Pres|Voice=Act|Person=3">sit</w>                <w xml:id="line.1045#w.8" pos="PUNC" lemma="," msd="MORPH=empty">,</w>                <w xml:id="line.1045#w.9" pos="PRE" lemma="ab" msd="MORPH=empty">a</w>                <w xml:id="line.1045#w.10" pos="PROper" lemma="ego" msd="Case=Abl|Numb=Sing">me</w>                <w xml:id="line.1045#w.11" pos="NOM" lemma="argentum" msd="Case=Acc|Numb=Sing">argentum</w>                <w xml:id="line.1045#w.12" pos="VER" lemma="peto" msd="Numb=Sing|Mood=Sub|Tense=Pres|Voice=Act|Person=3">petat</w>                <w xml:id="line.1045#w.13" pos="PUNC" lemma="." msd="MORPH=empty">.</w>            </seg>            <seg xml:id="urn:cts:latinLit:phi0119.phi010.perseus-lat2:line.1046">                <w xml:id="line.1046#w.1" pos="NOM" lemma="socer" msd="Case=Nom|Numb=Sing">socer</w>                <w xml:id="line.1046#w.2" pos="CONcoo" lemma="et2" msd="MORPH=empty">et</w>                <w xml:id="line.1046#w.3" pos="NOM" lemma="medicus?" msd="Case=Nom|Numb=Sing">medicus</w>                <w xml:id="line.1046#w.4" pos="PROper" lemma="ego" msd="Case=Acc|Numb=Sing">me</w>                <w xml:id="line.1046#w.5" pos="VER" lemma="insanio" msd="Mood=Inf|Tense=Pres|Voice=Act">insanire</w>                <w xml:id="line.1046#w.6" pos="VER" lemma="aio" msd="Numb=Plur|Mood=Ind|Tense=Impa|Voice=Act|Person=3">aiebant</w>                <w xml:id="line.1046#w.7" pos="PUNC" lemma="." msd="MORPH=empty">.</w>                <w xml:id="line.1046#w.8" pos="PROint" lemma="quis1" msd="Case=Nom|Numb=Sing">quid</w>                <w xml:id="line.1046#w.9" pos="VER" lemma="sum1" msd="Numb=Sing|Mood=Sub|Tense=Pres|Voice=Act|Person=3">sit</w>                <w xml:id="line.1046#w.10" pos="PUNC" lemma="," msd="MORPH=empty">,</w>                <w xml:id="line.1046#w.11" pos="ADJqua" lemma="mirus" msd="Case=Nom|Numb=Plur|Deg=Pos">mira</w>                <w xml:id="line.1046#w.12" pos="VER" lemma="sum1" msd="Numb=Plur|Mood=Ind|Tense=Pres|Voice=Act|Person=3">sunt</w>                <w xml:id="line.1046#w.13" pos="PUNC" lemma="." msd="MORPH=empty">.</w>            </seg>            <seg xml:id="urn:cts:latinLit:phi0119.phi010.perseus-lat2:line.1047">                <w xml:id="line.1047#w.1" pos="PROdem" lemma="hic1" msd="Case=Nom|Numb=Plur">haec</w>                <w xml:id="line.1047#w.2" pos="NOM" lemma="nihilum" msd="Case=Abl|Numb=Sing">nihilo</w>                <w xml:id="line.1047#w.3" pos="VER" lemma="sum1" msd="Mood=Inf|Tense=Pres|Voice=Act">esse</w>                <w xml:id="line.1047#w.4" pos="PROper" lemma="ego" msd="Case=Dat|Numb=Sing">mihi</w>                <w xml:id="line.1047#w.5" pos="VER" lemma="uideo" msd="Numb=Plur|Mood=Ind|Tense=Pres|Voice=Pass|Person=3">videntur</w>                <w xml:id="line.1047#w.6" pos="ADV" lemma="secus2" msd="Deg=Comp">setius</w>                <w xml:id="line.1047#w.7" pos="ADVrel" lemma="quam1" msd="MORPH=empty">quam</w>                <w xml:id="line.1047#w.8" pos="NOM" lemma="somnium" msd="Case=Acc|Numb=Plur">somnia</w>                <w xml:id="line.1047#w.9" pos="PUNC" lemma="." msd="MORPH=empty">.</w>            </seg>            <seg xml:id="urn:cts:latinLit:phi0119.phi010.perseus-lat2:line.1048">                <w xml:id="line.1048#w.1" pos="ADV" lemma="nunc" msd="Deg=Pos">nunc</w>                <w xml:id="line.1048#w.2" pos="VER" lemma="eo1" msd="Numb=Sing|Mood=Ind|Tense=Fut|Voice=Act|Person=1">ibo</w>                <w xml:id="line.1048#w.3" pos="ADV" lemma="intro2" msd="Deg=Pos">intro</w>                <w xml:id="line.1048#w.4" pos="PRE" lemma="ad2" msd="MORPH=empty">ad</w>                <w xml:id="line.1048#w.5" pos="PROdem" lemma="hic1" msd="Case=Acc|Numb=Sing">hanc</w>                <w xml:id="line.1048#w.6" pos="NOM" lemma="meretrix" msd="Case=Acc|Numb=Sing">meretricem</w>                <w xml:id="line.1048#w.7" pos="PUNC" lemma="," msd="MORPH=empty">,</w>                <w xml:id="line.1048#w.8" pos="CONsub" lemma="quamquam2" msd="MORPH=empty">quamquam</w>                <w xml:id="line.1048#w.9" pos="VER" lemma="succenseo" msd="Numb=Sing|Mood=Ind|Tense=Pres|Voice=Act|Person=3">suscenset</w>                <w xml:id="line.1048#w.10" pos="PROper" lemma="ego" msd="Case=Dat|Numb=Sing">mihi</w>                <w xml:id="line.1048#w.11" pos="PUNC" lemma="," msd="MORPH=empty">,</w>            </seg>            <seg xml:id="urn:cts:latinLit:phi0119.phi010.perseus-lat2:line.1049">                <w xml:id="line.1049#w.1" pos="CONsub" lemma="si2" msd="MORPH=empty">si</w>                <w xml:id="line.1049#w.2" pos="VER" lemma="possum1" msd="Numb=Sing|Mood=Ind|Tense=Pres|Voice=Act|Person=1">possum</w>                <w xml:id="line.1049#w.3" pos="VER" lemma="exoro" msd="Mood=Inf|Tense=Pres|Voice=Act">exorare</w>                <w xml:id="line.1049#w.4" pos="CONsub" lemma="ut4" msd="MORPH=empty">ut</w>                <w xml:id="line.1049#w.5" pos="NOM" lemma="palla" msd="Case=Acc|Numb=Sing">pallam</w>                <w xml:id="line.1049#w.6" pos="VER" lemma="reddo" msd="Numb=Sing|Mood=Sub|Tense=Pres|Voice=Act|Person=3">reddat</w>                <w xml:id="line.1049#w.7" pos="PUNC" lemma="," msd="MORPH=empty">,</w>                <w xml:id="line.1049#w.8" pos="PROrel" lemma="qui1" msd="Case=Acc|Numb=Sing">quam</w>                <w xml:id="line.1049#w.9" pos="VER" lemma="refero" msd="Numb=Sing|Mood=Sub|Tense=Pres|Voice=Act|Person=1">referam</w>                <w xml:id="line.1049#w.10" pos="NOM" lemma="domus" msd="Case=Acc|Numb=Sing">domum</w>                <w xml:id="line.1049#w.11" pos="PUNC" lemma="." msd="MORPH=empty">.</w>                <w xml:id="line.1049#w.12" pos="PUNC" lemma="â" msd="MORPH=empty">â</w>            </seg>            <seg xml:id="urn:cts:latinLit:phi0119.phi010.perseus-lat2:line.1050">                <w xml:id="line.1050#w.1" pos="PROper" lemma="ego" msd="Case=Acc|Numb=Sing">Men</w>                <w xml:id="line.1050#w.2" pos="ADV" lemma="ne2" msd="MORPH=empty">Men</w>                <w xml:id="line.1050#w.3" pos="ADV" lemma="hodie" msd="Deg=Pos">hodie</w>                <w xml:id="line.1050#w.4" pos="ADV" lemma="usquam" msd="Deg=Pos">usquam</w>                <w xml:id="line.1050#w.5" pos="VER" lemma="conuenio" msd="Mood=Inf|Tense=Perf|Voice=Act">convenisse</w>                <w xml:id="line.1050#w.6" pos="PROper" lemma="tu" msd="Case=Acc|Numb=Sing">te</w>                <w xml:id="line.1050#w.7" pos="PUNC" lemma="," msd="MORPH=empty">,</w>                <w xml:id="line.1050#w.8" pos="ADJqua" lemma="audax" msd="Case=Nom|Numb=Sing|Deg=Pos">audax</w>                <w xml:id="line.1050#w.9" pos="PUNC" lemma="," msd="MORPH=empty">,</w>                <w xml:id="line.1050#w.10" pos="VER" lemma="audeo" msd="Numb=Sing|Mood=Ind|Tense=Pres|Voice=SemDep|Person=2">audes</w>                <w xml:id="line.1050#w.11" pos="VER" lemma="dico?" msd="Mood=Inf|Tense=Pres|Voice=Act">dicere</w>                <w xml:id="line.1050#w.12" pos="PUNC" lemma="," msd="MORPH=empty">,</w>            </seg>            <seg xml:id="urn:cts:latinLit:phi0119.phi010.perseus-lat2:line.1051">                <w xml:id="line.1051#w.1" pos="CONsub" lemma="postquam" msd="MORPH=empty">postquam</w>                <w xml:id="line.1051#w.2" pos="PRE" lemma="aduersus3" msd="MORPH=empty">advorsum</w>                <w xml:id="line.1051#w.3" pos="PROper" lemma="ego" msd="Case=Dat|Numb=Sing">mi</w>                <w xml:id="line.1051#w.4" pos="VER" lemma="impero" msd="Numb=Sing|Mood=Ind|Tense=Perf|Voice=Act|Person=1">imperavi</w>                <w xml:id="line.1051#w.5" pos="CONsub" lemma="ut4" msd="MORPH=empty">ut</w>                <w xml:id="line.1051#w.6" pos="ADV" lemma="huc" msd="Deg=Pos">huc</w>                <w xml:id="line.1051#w.7" pos="VER" lemma="uenio" msd="Numb=Sing|Mood=Sub|Tense=Impa|Voice=Act|Person=2">venires</w>                <w xml:id="line.1051#w.8" pos="PUNC" lemma="?" msd="MORPH=empty">?</w>            </seg>            <seg xml:id="urn:cts:latinLit:phi0119.phi010.perseus-lat2:line.1051b">                <w xml:id="line.1051b#w.1" pos="ADV" lemma="quin1" msd="Deg=Pos">Quin</w>                <w xml:id="line.1051b#w.2" pos="ADV" lemma="modo1" msd="Deg=Pos">modo</w>            </seg>            <seg xml:id="urn:cts:latinLit:phi0119.phi010.perseus-lat2:line.1052">                <w xml:id="line.1052#w.1" pos="VER" lemma="erumpo" msd="Numb=Sing|Mood=Ind|Tense=Perf|Voice=Act|Person=1">erupui</w>                <w xml:id="line.1052#w.2" pos="PUNC" lemma="," msd="MORPH=empty">,</w>                <w xml:id="line.1052#w.3" pos="NOM" lemma="homo" msd="Case=Nom|Numb=Plur">homines</w>                <w xml:id="line.1052#w.4" pos="CONsub" lemma="cum3" msd="MORPH=empty">quom</w>                <w xml:id="line.1052#w.5" pos="VER" lemma="fero" msd="Numb=Plur|Mood=Ind|Tense=Impa|Voice=Act|Person=3">ferebant</w>                <w xml:id="line.1052#w.6" pos="PROper" lemma="tu" msd="Case=Acc|Numb=Sing">te</w>                <w xml:id="line.1052#w.7" pos="NOM" lemma="sublimen" msd="Case=Acc|Numb=Sing">sublimen</w>                <w xml:id="line.1052#w.8" pos="ADJcar" lemma="quatuor" msd="Case=Ind">quattuor</w>                <w xml:id="line.1052#w.9" pos="PUNC" lemma="," msd="MORPH=empty">,</w>            </seg>            <seg xml:id="urn:cts:latinLit:phi0119.phi010.perseus-lat2:line.1053">                <w xml:id="line.1053#w.1" pos="PRE" lemma="apud" msd="MORPH=empty">apud</w>                <w xml:id="line.1053#w.2" pos="PROdem" lemma="hic1" msd="Case=Acc|Numb=Plur">hasce</w>                <w xml:id="line.1053#w.3" pos="NOM" lemma="aedes" msd="Case=Acc|Numb=Plur">aedis</w>                <w xml:id="line.1053#w.4" pos="PUNC" lemma="." msd="MORPH=empty">.</w>                <w xml:id="line.1053#w.5" pos="PROper" lemma="tu" msd="Case=Nom|Numb=Sing">tu</w>                <w xml:id="line.1053#w.6" pos="VER" lemma="clamo" msd="Numb=Sing|Mood=Ind|Tense=Impa|Voice=Act|Person=2">clamabas</w>                <w xml:id="line.1053#w.7" pos="NOM" lemma="deus" msd="Case=Gen|Numb=Sing">deum</w>                <w xml:id="line.1053#w.8" pos="NOM" lemma="fides?" msd="Case=Acc|Numb=Sing">fidem</w>                <w xml:id="line.1053#w.9" pos="CONcoo" lemma="atque1" msd="MORPH=empty">atque</w>                <w xml:id="line.1053#w.10" pos="NOM" lemma="homo" msd="Case=Gen|Numb=Plur">hominum</w>                <w xml:id="line.1053#w.11" pos="PROind" lemma="omnis" msd="Case=Gen|Numb=Plur">omnium</w>                <w xml:id="line.1053#w.12" pos="PUNC" lemma="," msd="MORPH=empty">,</w>            </seg>            <seg xml:id="urn:cts:latinLit:phi0119.phi010.perseus-lat2:line.1054">                <w xml:id="line.1054#w.1" pos="PROrel" lemma="qui1" msd="MORPH=empty">quÃ³m</w>                <w xml:id="line.1054#w.2" pos="PROper" lemma="ego" msd="Case=Nom|Numb=Sing">ego</w>                <w xml:id="line.1054#w.3" pos="VER" lemma="accurro" msd="Numb=Sing|Mood=Ind|Tense=Pres|Voice=Act|Person=1">accurro</w>                <w xml:id="line.1054#w.4" pos="PROper" lemma="tu" msd="Case=Acc|Numb=Sing">teque</w>                <w xml:id="line.1054#w.5" pos="CON" lemma="que" msd="MORPH=empty">teque</w>                <w xml:id="line.1054#w.6" pos="VER" lemma="eripio" msd="Numb=Sing|Mood=Ind|Tense=Pres|Voice=Act|Person=1">eripio</w>                <w xml:id="line.1054#w.7" pos="NOM" lemma="uis" msd="Case=Abl|Numb=Sing">vi</w>                <w xml:id="line.1054#w.8" pos="VER" lemma="pugno" msd="Case=Abl|Numb=Sing|Mood=Ger|Voice=Act">pugnando</w>                <w xml:id="line.1054#w.9" pos="ADV" lemma="ingratis" msd="Case=Abl|Deg=Pos">ingratiis</w>                <w xml:id="line.1054#w.10" pos="PUNC" lemma="." msd="MORPH=empty">.</w>            </seg>            <seg xml:id="urn:cts:latinLit:phi0119.phi010.perseus-lat2:line.1055">                <w xml:id="line.1055#w.1" pos="PRE" lemma="ob" msd="MORPH=empty">ob</w>                <w xml:id="line.1055#w.2" pos="PROdem" lemma="is" msd="Case=Acc|Numb=Sing">eam</w>                <w xml:id="line.1055#w.3" pos="NOM" lemma="res" msd="Case=Acc|Numb=Sing">rem</w>                <w xml:id="line.1055#w.4" pos="PUNC" lemma="," msd="MORPH=empty">,</w>                <w xml:id="line.1055#w.5" pos="CONsub" lemma="quia" msd="MORPH=empty">quia</w>                <w xml:id="line.1055#w.6" pos="PROper" lemma="tu" msd="Case=Acc|Numb=Sing">te</w>                <w xml:id="line.1055#w.7" pos="VER" lemma="seruo" msd="Numb=Sing|Mood=Ind|Tense=Perf|Voice=Act|Person=1">servavi</w>                <w xml:id="line.1055#w.8" pos="PUNC" lemma="," msd="MORPH=empty">,</w>                <w xml:id="line.1055#w.9" pos="PROper" lemma="ego" msd="Case=Acc|Numb=Sing">me</w>                <w xml:id="line.1055#w.10" pos="VER" lemma="amitto" msd="Numb=Sing|Mood=Ind|Tense=Perf|Voice=Act|Person=2">amisisti</w>                <w xml:id="line.1055#w.11" pos="ADJqua" lemma="liber2" msd="Case=Acc|Numb=Sing|Deg=Pos">liberum</w>                <w xml:id="line.1055#w.12" pos="PUNC" lemma="." msd="MORPH=empty">.</w>            </seg>            <seg xml:id="urn:cts:latinLit:phi0119.phi010.perseus-lat2:line.1056">                <w xml:id="line.1056#w.1" pos="CONsub" lemma="cum3" msd="MORPH=empty">cum</w>                <w xml:id="line.1056#w.2" pos="NOM" lemma="argentum" msd="Case=Acc|Numb=Sing">argentum</w>                <w xml:id="line.1056#w.3" pos="VER" lemma="dico?" msd="Numb=Sing|Mood=Ind|Tense=Perf|Voice=Act|Person=1">dixi</w>                <w xml:id="line.1056#w.4" pos="PROper" lemma="ego" msd="Case=Acc|Numb=Sing">me</w>                <w xml:id="line.1056#w.5" pos="VER" lemma="peto" msd="Mood=Inf|Tense=Pres|Voice=Act">petere</w>                <w xml:id="line.1056#w.6" pos="CONcoo" lemma="et2" msd="MORPH=empty">et</w>                <w xml:id="line.1056#w.7" pos="NOM" lemma="uas?" msd="Case=Acc|Numb=Plur">vasa</w>                <w xml:id="line.1056#w.8" pos="PUNC" lemma="," msd="MORPH=empty">,</w>                <w xml:id="line.1056#w.9" pos="PROper" lemma="tu" msd="Case=Nom|Numb=Sing">tu</w>                <w xml:id="line.1056#w.10" pos="ADVrel" lemma="quantum3" msd="MORPH=empty">quantum</w>                <w xml:id="line.1056#w.11" pos="VER" lemma="possum1" msd="Numb=Sing|Mood=Ind|Tense=Pres|Voice=Act|Person=3">potest</w>            </seg>            <seg xml:id="urn:cts:latinLit:phi0119.phi010.perseus-lat2:line.1057">                <w xml:id="line.1057#w.1" pos="VER" lemma="praecurro" msd="Numb=Sing|Mood=Ind|Tense=Perf|Voice=Act|Person=2">praecucurristi</w>                <w xml:id="line.1057#w.2" pos="ADV" lemma="obuiam" msd="Deg=Pos">obviam</w>                <w xml:id="line.1057#w.3" pos="PUNC" lemma="," msd="MORPH=empty">,</w>                <w xml:id="line.1057#w.4" pos="CONsub" lemma="ut4" msd="MORPH=empty">ut</w>                <w xml:id="line.1057#w.5" pos="PROrel" lemma="qui1" msd="Case=Acc|Numb=Plur">quae</w>                <w xml:id="line.1057#w.6" pos="VER" lemma="facio" msd="Numb=Sing|Mood=Ind|Tense=Perf|Voice=Act|Person=2">fecisti</w>                <w xml:id="line.1057#w.7" pos="NOM" lemma="infitias" msd="Case=Acc|Numb=Plur|Person=2">infitias</w>                <w xml:id="line.1057#w.8" pos="VER" lemma="eo1" msd="Numb=Plur|Mood=Sub|Tense=Pres|Voice=Act|Person=2">eas</w>                <w xml:id="line.1057#w.9" pos="PUNC" lemma="." msd="MORPH=empty">.</w>            </seg>            <seg xml:id="urn:cts:latinLit:phi0119.phi010.perseus-lat2:line.1058">                <w xml:id="line.1058#w.1" pos="ADJqua" lemma="liber2" msd="Case=Acc|Numb=Sing|Deg=Pos">Liberum</w>                <w xml:id="line.1058#w.2" pos="PROper" lemma="ego" msd="Case=Nom|Numb=Sing">ego</w>                <w xml:id="line.1058#w.3" pos="PROper" lemma="tu" msd="Case=Acc|Numb=Sing">te</w>                <w xml:id="line.1058#w.4" pos="VER" lemma="iubeo" msd="Numb=Sing|Mood=Ind|Tense=Perf|Voice=Act|Person=1">iussi</w>                <w xml:id="line.1058#w.5" pos="VER" lemma="abeo1" msd="Mood=Inf|Tense=Pres|Voice=Act">abire</w>                <w xml:id="line.1058#w.6" pos="PUNC" lemma="?" msd="MORPH=empty">?</w>            </seg>            <seg xml:id="urn:cts:latinLit:phi0119.phi010.perseus-lat2:line.1058b">                <w xml:id="line.1058b#w.1" pos="ADJqua" lemma="certo?" msd="Case=Abl|Numb=Sing|Deg=Pos">Certo</w>                <w xml:id="line.1058b#w.2" pos="PUNC" lemma="." msd="MORPH=empty">.</w>            </seg>            <seg xml:id="urn:cts:latinLit:phi0119.phi010.perseus-lat2:line.1058c">                <w xml:id="line.1058c#w.1" pos="ADV" lemma="quin1" msd="Deg=Pos">Quin</w>                <w xml:id="line.1058c#w.2" pos="ADJqua" lemma="certus" msd="Case=Nom|Numb=Sing|Deg=Sup">certissimumst</w>                <w xml:id="line.1058c#w.3" pos="PUNC" lemma="," msd="MORPH=empty">,</w>            </seg>            <seg xml:id="urn:cts:latinLit:phi0119.phi010.perseus-lat2:line.1059">                <w xml:id="line.1059#w.1" pos="NOM" lemma="meptis" msd="Case=Abl|Numb=Sing">mepte</w>                <w xml:id="line.1059#w.2" pos="ADV" lemma="potius" msd="Deg=Comp">potius</w>                <w xml:id="line.1059#w.3" pos="VER" lemma="fio" msd="Mood=Inf|Tense=Pres|Voice=Act">fieri</w>                <w xml:id="line.1059#w.4" pos="NOM" lemma="seruus?" msd="Case=Acc|Numb=Sing">servom</w>                <w xml:id="line.1059#w.5" pos="PUNC" lemma="," msd="MORPH=empty">,</w>                <w xml:id="line.1059#w.6" pos="ADVrel" lemma="quam1" msd="MORPH=empty">quam</w>                <w xml:id="line.1059#w.7" pos="PROper" lemma="tu" msd="Case=Acc|Numb=Sing">te</w>                <w xml:id="line.1059#w.8" pos="ADV" lemma="umquam" msd="Deg=Pos">umquam</w>                <w xml:id="line.1059#w.9" pos="VER" lemma="emitto" msd="Numb=Sing|Mood=Ind|Tense=Fut|Voice=Act|Person=1">emittam</w>                <w xml:id="line.1059#w.10" pos="NOM" lemma="manus?" msd="Case=Abl|Numb=Sing">manu</w>                <w xml:id="line.1059#w.11" pos="PUNC" lemma="." msd="MORPH=empty">.</w>            </seg>            <seg xml:id="urn:cts:latinLit:phi0119.phi010.perseus-lat2:line.1060">                <w xml:id="line.1060#w.1" pos="CONsub" lemma="si2" msd="MORPH=empty">Si</w>                <w xml:id="line.1060#w.2" pos="VER" lemma="uolo?" msd="Numb=Plur|Mood=Ind|Tense=Pres|Voice=Act|Person=2">vÃ³ltis</w>                <w xml:id="line.1060#w.3" pos="PRE" lemma="per" msd="MORPH=empty">per</w>                <w xml:id="line.1060#w.4" pos="NOM" lemma="oculus" msd="Case=Acc|Numb=Plur">oculos</w>                <w xml:id="line.1060#w.5" pos="VER" lemma="iuro" msd="Mood=Inf|Tense=Pres|Voice=Act">iurare</w>                <w xml:id="line.1060#w.6" pos="PUNC" lemma="," msd="MORPH=empty">,</w>                <w xml:id="line.1060#w.7" pos="NOM" lemma="nihilum" msd="Case=Abl|Numb=Sing">nihilo</w>                <w xml:id="line.1060#w.8" pos="INJ" lemma="hercules" msd="MORPH=empty">hercle</w>                <w xml:id="line.1060#w.9" pos="PROdem" lemma="is" msd="Case=Abl|Numb=Sing">ea</w>                <w xml:id="line.1060#w.10" pos="NOM" lemma="causa" msd="Case=Abl|Numb=Sing">causa</w>                <w xml:id="line.1060#w.11" pos="ADV" lemma="magis2" msd="Deg=Comp">magis</w>            </seg>            <seg xml:id="urn:cts:latinLit:phi0119.phi010.perseus-lat2:line.1061">                <w xml:id="line.1061#w.1" pos="VER" lemma="facio" msd="Numb=Plur|Mood=Ind|Tense=Pres|Voice=Act|Person=2">faciÃ©tis</w>                <w xml:id="line.1061#w.2" pos="PUNC" lemma="," msd="MORPH=empty">,</w>                <w xml:id="line.1061#w.3" pos="CONsub" lemma="ut4" msd="MORPH=empty">ut</w>                <w xml:id="line.1061#w.4" pos="PROper" lemma="ego" msd="Case=Nom|Numb=Sing">ego</w>                <w xml:id="line.1061#w.5" pos="ADV" lemma="hadie" msd="MORPH=empty">hÃ³die</w>                <w xml:id="line.1061#w.6" pos="VER" lemma="aufero" msd="Numb=Sing|Mood=Sub|Tense=Perf|Voice=Act|Person=1">abstulerim</w>                <w xml:id="line.1061#w.7" pos="NOM" lemma="palla" msd="Case=Acc|Numb=Sing">pallam</w>                <w xml:id="line.1061#w.8" pos="CONcoo" lemma="et2" msd="MORPH=empty">et</w>                <w xml:id="line.1061#w.9" pos="NOM" lemma="spinter" msd="MORPH=empty">spinter</w>                <w xml:id="line.1061#w.10" pos="PUNC" lemma="," msd="MORPH=empty">,</w>                <w xml:id="line.1061#w.11" pos="ADJqua" lemma="malus3" msd="Case=Nom|Numb=Sing|Deg=Sup">pessumae</w>                <w xml:id="line.1061#w.12" pos="PUNC" lemma="." msd="MORPH=empty">.</w>            </seg>            <seg xml:id="urn:cts:latinLit:phi0119.phi010.perseus-lat2:line.1062">                <w xml:id="line.1062#w.1" pos="INJ" lemma="pro2" msd="MORPH=empty">Pro</w>                <w xml:id="line.1062#w.2" pos="NOM" lemma="deus" msd="Case=Voc|Numb=Plur">di</w>                <w xml:id="line.1062#w.3" pos="ADJqua" lemma="mmmortalis" msd="Case=Voc|Numb=Plur|Deg=Pos">Ã­mmortales</w>                <w xml:id="line.1062#w.4" pos="PUNC" lemma="," msd="MORPH=empty">,</w>                <w xml:id="line.1062#w.5" pos="PROint" lemma="quis1" msd="Case=Acc|Numb=Sing">quid</w>                <w xml:id="line.1062#w.6" pos="PROper" lemma="ego" msd="Case=Nom|Numb=Sing">ego</w>                <w xml:id="line.1062#w.7" pos="VER" lemma="uideo" msd="Numb=Sing|Mood=Ind|Tense=Pres|Voice=Act|Person=1">video</w>                <w xml:id="line.1062#w.8" pos="PUNC" lemma="?" msd="MORPH=empty">?</w>            </seg>            <seg xml:id="urn:cts:latinLit:phi0119.phi010.perseus-lat2:line.1062b">                <w xml:id="line.1062b#w.1" pos="PROint" lemma="quis1" msd="Case=Acc|Numb=Sing">Quid</w>                <w xml:id="line.1062b#w.2" pos="VER" lemma="uideo" msd="Numb=Sing|Mood=Ind|Tense=Pres|Voice=Act|Person=2">vides</w>                <w xml:id="line.1062b#w.3" pos="PUNC" lemma="?" msd="MORPH=empty">?</w>            </seg>            <seg xml:id="urn:cts:latinLit:phi0119.phi010.perseus-lat2:line.1062c">                <w xml:id="line.1062c#w.1" pos="NOM" lemma="speculum" msd="Case=Nom|Numb=Sing">Speculum</w>                <w xml:id="line.1062c#w.2" pos="PROpos" lemma="tuus" msd="Case=Acc|Numb=Sing">tuom</w>                <w xml:id="line.1062c#w.3" pos="PUNC" lemma="." msd="MORPH=empty">.</w>            </seg>            <seg xml:id="urn:cts:latinLit:phi0119.phi010.perseus-lat2:line.1063">                <w xml:id="line.1063#w.1" pos="PROint" lemma="quis1" msd="Case=Nom|Numb=Sing">Quid</w>                <w xml:id="line.1063#w.2" pos="NOM" lemma="negotium" msd="Case=Gen|Numb=Sing">negoti</w>                <w xml:id="line.1063#w.3" pos="VER" lemma="sum1" msd="Numb=Sing|Mood=Ind|Tense=Pres|Voice=Act|Person=3">est</w>                <w xml:id="line.1063#w.4" pos="PUNC" lemma="?" msd="MORPH=empty">?</w>            </seg>            <seg xml:id="urn:cts:latinLit:phi0119.phi010.perseus-lat2:line.1063b">                <w xml:id="line.1063b#w.1" pos="PROpos" lemma="tuus" msd="Case=Nom|Numb=Sing">Tuast</w>                <w xml:id="line.1063b#w.2" pos="VER" lemma="sum1" msd="Numb=Sing|Mood=Ind|Tense=Pres|Voice=Act|Person=3">Tuast</w>                <w xml:id="line.1063b#w.3" pos="NOM" lemma="imago" msd="Case=Nom|Numb=Sing">imago</w>                <w xml:id="line.1063b#w.4" pos="PUNC" lemma="." msd="MORPH=empty">.</w>                <w xml:id="line.1063b#w.5" pos="ADV" lemma="tam" msd="Deg=Pos">tam</w>                <w xml:id="line.1063b#w.6" pos="ADJqua" lemma="consimilis" msd="Case=Nom|Numb=Sing|Deg=Pos">consimilest</w>                <w xml:id="line.1063b#w.7" pos="VER" lemma="sum1" msd="Numb=Sing|Mood=Ind|Tense=Pres|Voice=Act|Person=3">consimilest</w>                <w xml:id="line.1063b#w.8" pos="ADVrel" lemma="quam1" msd="MORPH=empty">quam</w>                <w xml:id="line.1063b#w.9" pos="VER" lemma="possum1" msd="Numb=Sing|Mood=Ind|Tense=Pres|Voice=Act|Person=3">potest</w>                <w xml:id="line.1063b#w.10" pos="PUNC" lemma="." msd="MORPH=empty">.</w>            </seg>            <seg xml:id="urn:cts:latinLit:phi0119.phi010.perseus-lat2:line.1064">                <w xml:id="line.1064#w.1" pos="INJ" lemma="pol" msd="MORPH=empty">Pol</w>                <w xml:id="line.1064#w.2" pos="ADV" lemma="profecto" msd="Deg=Pos">profecto</w>                <w xml:id="line.1064#w.3" pos="ADVneg" lemma="haud" msd="MORPH=empty">haud</w>                <w xml:id="line.1064#w.4" pos="VER" lemma="sum1" msd="Numb=Sing|Mood=Ind|Tense=Pres|Voice=Act|Person=3">est</w>                <w xml:id="line.1064#w.5" pos="ADJqua" lemma="dissimilis" msd="Case=Nom|Numb=Sing|Deg=Pos">dissimilis</w>                <w xml:id="line.1064#w.6" pos="PUNC" lemma="," msd="MORPH=empty">,</w>                <w xml:id="line.1064#w.7" pos="PROpos" lemma="meus" msd="Case=Acc|Numb=Sing">meam</w>                <w xml:id="line.1064#w.8" pos="CONsub" lemma="cum3" msd="MORPH=empty">quom</w>                <w xml:id="line.1064#w.9" pos="NOM" lemma="forma" msd="Case=Acc|Numb=Sing">formam</w>                <w xml:id="line.1064#w.10" pos="VER" lemma="noscito" msd="Numb=Sing|Mood=Imp|Tense=Fut|Voice=Act|Person=2">noscito</w>                <w xml:id="line.1064#w.11" pos="PUNC" lemma="." msd="MORPH=empty">.</w>            </seg>            <seg xml:id="urn:cts:latinLit:phi0119.phi010.perseus-lat2:line.1065">                <w xml:id="line.1065#w.1" pos="INJ" lemma="o" msd="MORPH=empty">O</w>                <w xml:id="line.1065#w.2" pos="NOM" lemma="adolescens?" msd="Case=Voc|Numb=Sing">adulescens</w>                <w xml:id="line.1065#w.3" pos="PUNC" lemma="," msd="MORPH=empty">,</w>                <w xml:id="line.1065#w.4" pos="VER" lemma="salueo" msd="Numb=Sing|Mood=Imp|Tense=Pres|Voice=Act|Person=2">salve</w>                <w xml:id="line.1065#w.5" pos="PUNC" lemma="," msd="MORPH=empty">,</w>                <w xml:id="line.1065#w.6" pos="PROrel" lemma="qui1" msd="Case=Nom|Numb=Sing">qui</w>                <w xml:id="line.1065#w.7" pos="PROper" lemma="ego" msd="Case=Acc|Numb=Sing">me</w>                <w xml:id="line.1065#w.8" pos="VER" lemma="seruo" msd="Numb=Sing|Mood=Ind|Tense=Perf|Voice=Act|Person=2">servavisti</w>                <w xml:id="line.1065#w.9" pos="PUNC" lemma="," msd="MORPH=empty">,</w>                <w xml:id="line.1065#w.10" pos="PROrel" lemma="quisquis1" msd="Case=Nom|Numb=Sing">quisquis</w>                <w xml:id="line.1065#w.11" pos="VER" lemma="sum1" msd="Numb=Sing|Mood=Ind|Tense=Pres|Voice=Act|Person=2">es</w>                <w xml:id="line.1065#w.12" pos="PUNC" lemma="." msd="MORPH=empty">.</w>            </seg>            <seg xml:id="urn:cts:latinLit:phi0119.phi010.perseus-lat2:line.1066">                <w xml:id="line.1066#w.1" pos="NOM" lemma="adolescens?" msd="Case=Voc|Numb=Sing">Adulescens</w>                <w xml:id="line.1066#w.2" pos="PUNC" lemma="," msd="MORPH=empty">,</w>                <w xml:id="line.1066#w.3" pos="VER" lemma="quaeso" msd="Numb=Sing|Mood=Ind|Tense=Pres|Voice=Act|Person=1">quaeso</w>                <w xml:id="line.1066#w.4" pos="INJ" lemma="hercules" msd="MORPH=empty">hercle</w>                <w xml:id="line.1066#w.5" pos="VER" lemma="eloquor" msd="Numb=Sing|Mood=Imp|Tense=Pres|Voice=Dep|Person=2">eloquere</w>                <w xml:id="line.1066#w.6" pos="PROpos" lemma="tuus" msd="Case=Acc|Numb=Sing">tuom</w>                <w xml:id="line.1066#w.7" pos="PROper" lemma="ego" msd="Case=Dat|Numb=Sing">mihi</w>                <w xml:id="line.1066#w.8" pos="NOM" lemma="nomen" msd="Case=Acc|Numb=Sing">nomen</w>                <w xml:id="line.1066#w.9" pos="PUNC" lemma="," msd="MORPH=empty">,</w>                <w xml:id="line.1066#w.10" pos="CONsub" lemma="nisi" msd="MORPH=empty">nisi</w>                <w xml:id="line.1066#w.11" pos="VER" lemma="piget" msd="Numb=Sing|Mood=Ind|Tense=Pres|Voice=Act|Person=3">piget</w>                <w xml:id="line.1066#w.12" pos="PUNC" lemma="." msd="MORPH=empty">.</w>            </seg>            <seg xml:id="urn:cts:latinLit:phi0119.phi010.perseus-lat2:line.1067">                <w xml:id="line.1067#w.1" pos="ADVneg" lemma="non" msd="MORPH=empty">Non</w>                <w xml:id="line.1067#w.2" pos="INJ" lemma="edepol" msd="MORPH=empty">edepol</w>                <w xml:id="line.1067#w.3" pos="ADV" lemma="ita" msd="Deg=Pos">ita</w>                <w xml:id="line.1067#w.4" pos="VER" lemma="promereo" msd="Numb=Sing|Mood=Ind|Tense=Perf|Voice=Act|Person=2">promeruisti</w>                <w xml:id="line.1067#w.5" pos="PRE" lemma="de" msd="MORPH=empty">de</w>                <w xml:id="line.1067#w.6" pos="PROper" lemma="ego" msd="Case=Abl|Numb=Sing">me</w>                <w xml:id="line.1067#w.7" pos="PUNC" lemma="," msd="MORPH=empty">,</w>                <w xml:id="line.1067#w.8" pos="CONsub" lemma="ut4" msd="MORPH=empty">ut</w>                <w xml:id="line.1067#w.9" pos="VER" lemma="piget" msd="Numb=Sing|Mood=Sub|Tense=Pres|Voice=Act|Person=3">pigeat</w>                <w xml:id="line.1067#w.10" pos="PUNC" lemma="," msd="MORPH=empty">,</w>                <w xml:id="line.1067#w.11" pos="PROrel" lemma="qui1" msd="Case=Acc|Numb=Plur">quae</w>                <w xml:id="line.1067#w.12" pos="VER" lemma="uolo?" msd="Numb=Sing|Mood=Sub|Tense=Pres|Voice=Act|Person=2">velis</w>            </seg>            <seg xml:id="urn:cts:latinLit:phi0119.phi010.perseus-lat2:line.1068">                <w xml:id="line.1068#w.1" pos="VER" lemma="obsequor" msd="Mood=Inf|Tense=Pres|Voice=Dep">obsequi</w>                <w xml:id="line.1068#w.2" pos="PUNC" lemma="." msd="MORPH=empty">.</w>                <w xml:id="line.1068#w.3" pos="PROper" lemma="ego" msd="Case=Dat|Numb=Sing">mihi</w>                <w xml:id="line.1068#w.4" pos="VER" lemma="sum1" msd="Numb=Sing|Mood=Ind|Tense=Pres|Voice=Act|Person=3">est</w>                <w xml:id="line.1068#w.5" pos="ADJqua" lemma="menaechmus" msd="Case=Dat|Numb=Sing|Deg=Pos">Menaechmo</w>                <w xml:id="line.1068#w.6" pos="NOM" lemma="nomen" msd="Case=Nom|Numb=Sing">nomen</w>                <w xml:id="line.1068#w.7" pos="PUNC" lemma="." msd="MORPH=empty">.</w>            </seg>            <seg xml:id="urn:cts:latinLit:phi0119.phi010.perseus-lat2:line.1068b">                <w xml:id="line.1068b#w.1" pos="ADV" lemma="immo" msd="Deg=Pos">Immo</w>                <w xml:id="line.1068b#w.2" pos="INJ" lemma="edepol" msd="MORPH=empty">edepol</w>                <w xml:id="line.1068b#w.3" pos="PROper" lemma="ego" msd="Case=Dat|Numb=Sing">mihi</w>                <w xml:id="line.1068b#w.4" pos="PUNC" lemma="." msd="MORPH=empty">.</w>            </seg>            <seg xml:id="urn:cts:latinLit:phi0119.phi010.perseus-lat2:line.1069">                <w xml:id="line.1069#w.1" pos="NOM" lemma="siculus" msd="Case=Nom|Numb=Sing|Deg=Pos">Siculus</w>                <w xml:id="line.1069#w.2" pos="VER" lemma="sum1" msd="Numb=Sing|Mood=Ind|Tense=Pres|Voice=Act|Person=1">sum</w>                <w xml:id="line.1069#w.3" pos="ADJqua" lemma="syracusanus" msd="Case=Nom|Numb=Sing|Deg=Pos">Syracusanus</w>                <w xml:id="line.1069#w.4" pos="PUNC" lemma="." msd="MORPH=empty">.</w>            </seg>            <seg xml:id="urn:cts:latinLit:phi0119.phi010.perseus-lat2:line.1069b">                <w xml:id="line.1069b#w.1" pos="PROdem" lemma="idem" msd="Case=Nom|Numb=Sing">Eadem</w>                <w xml:id="line.1069b#w.2" pos="NOM" lemma="urbs" msd="Case=Nom|Numb=Sing">urbs</w>                <w xml:id="line.1069b#w.3" pos="CONcoo" lemma="et2" msd="MORPH=empty">et</w>                <w xml:id="line.1069b#w.4" pos="NOM" lemma="patria" msd="Case=Nom|Numb=Sing">patria</w>                <w xml:id="line.1069b#w.5" pos="VER" lemma="sum1" msd="Numb=Sing|Mood=Ind|Tense=Pres|Voice=Act|Person=3">est</w>                <w xml:id="line.1069b#w.6" pos="PROper" lemma="ego" msd="Case=Dat|Numb=Sing">mihi</w>                <w xml:id="line.1069b#w.7" pos="PUNC" lemma="." msd="MORPH=empty">.</w>            </seg>            <seg xml:id="urn:cts:latinLit:phi0119.phi010.perseus-lat2:line.1070">                <w xml:id="line.1070#w.1" pos="PROint" lemma="quis1" msd="Case=Acc|Numb=Sing">Quid</w>                <w xml:id="line.1070#w.2" pos="PROper" lemma="ego" msd="Case=Nom|Numb=Sing">ego</w>                <w xml:id="line.1070#w.3" pos="PRE" lemma="ex" msd="MORPH=empty">ex</w>                <w xml:id="line.1070#w.4" pos="PROper" lemma="tu" msd="Case=Abl|Numb=Sing">te</w>                <w xml:id="line.1070#w.5" pos="VER" lemma="audio" msd="Numb=Sing|Mood=Ind|Tense=Pres|Voice=Act|Person=1">audio</w>                <w xml:id="line.1070#w.6" pos="PUNC" lemma="?" msd="MORPH=empty">?</w>            </seg>            <seg xml:id="urn:cts:latinLit:phi0119.phi010.perseus-lat2:line.1070b">                <w xml:id="line.1070b#w.1" pos="PROdem" lemma="hic1" msd="Case=Nom|Numb=Sing">Hoc</w>                <w xml:id="line.1070b#w.2" pos="PROrel" lemma="qui1" msd="Case=Nom|Numb=Sing">quod</w>                <w xml:id="line.1070b#w.3" pos="NOM" lemma="res" msd="Case=Nom|Numb=Sing">res</w>                <w xml:id="line.1070b#w.4" pos="VER" lemma="sum1" msd="Numb=Sing|Mood=Ind|Tense=Pres|Voice=Act|Person=3">est</w>                <w xml:id="line.1070b#w.5" pos="PUNC" lemma="." msd="MORPH=empty">.</w>            </seg>            <seg xml:id="urn:cts:latinLit:phi0119.phi010.perseus-lat2:line.1070c">                <w xml:id="line.1070c#w.1" pos="VER" lemma="nosco" msd="Numb=Sing|Mood=Ind|Tense=Perf|Voice=Act|Person=1">Novi</w>                <w xml:id="line.1070c#w.2" pos="ADV" lemma="equidem" msd="Deg=Pos">equidem</w>                <w xml:id="line.1070c#w.3" pos="PROdem" lemma="hic1" msd="Case=Acc|Numb=Sing">hunc</w>                <w xml:id="line.1070c#w.4" pos="PUNC" lemma=":" msd="MORPH=empty">:</w>                <w xml:id="line.1070c#w.5" pos="NOM" lemma="herus" msd="Case=Nom|Numb=Sing">erus</w>                <w xml:id="line.1070c#w.6" pos="VER" lemma="sum1" msd="Numb=Sing|Mood=Ind|Tense=Pres|Voice=Act|Person=3">est</w>                <w xml:id="line.1070c#w.7" pos="PROpos" lemma="meus" msd="Case=Nom|Numb=Sing">meus</w>                <w xml:id="line.1070c#w.8" pos="PUNC" lemma="." msd="MORPH=empty">.</w>            </seg>            <seg xml:id="urn:cts:latinLit:phi0119.phi010.perseus-lat2:line.1071">                <w xml:id="line.1071#w.1" pos="PROper" lemma="ego" msd="Case=Nom|Numb=Sing">ego</w>                <w xml:id="line.1071#w.2" pos="ADV" lemma="quidem" msd="Deg=Pos">quidem</w>                <w xml:id="line.1071#w.3" pos="PROdem" lemma="hic1" msd="Case=Gen|Numb=Sing">huius</w>                <w xml:id="line.1071#w.4" pos="NOM" lemma="seruus?" msd="Case=Acc|Numb=Sing">servos</w>                <w xml:id="line.1071#w.5" pos="VER" lemma="sum1" msd="Numb=Sing|Mood=Ind|Tense=Pres|Voice=Act|Person=1">sum</w>                <w xml:id="line.1071#w.6" pos="PUNC" lemma="," msd="MORPH=empty">,</w>                <w xml:id="line.1071#w.7" pos="CONcoo" lemma="sed" msd="MORPH=empty">sed</w>                <w xml:id="line.1071#w.8" pos="PROper" lemma="ego" msd="Case=Acc|Numb=Sing">med</w>                <w xml:id="line.1071#w.9" pos="VER" lemma="sum1" msd="Mood=Inf|Tense=Pres|Voice=Act">esse</w>                <w xml:id="line.1071#w.10" pos="PROdem" lemma="hic1" msd="Case=Gen|Numb=Sing">huius</w>                <w xml:id="line.1071#w.11" pos="VER" lemma="credo" msd="Numb=Sing|Mood=Ind|Tense=Perf|Voice=Act|Person=1">credidi</w>                <w xml:id="line.1071#w.12" pos="PUNC" lemma="." msd="MORPH=empty">.</w>            </seg>            <seg xml:id="urn:cts:latinLit:phi0119.phi010.perseus-lat2:line.1072">                <w xml:id="line.1072#w.1" pos="PROper" lemma="ego" msd="Case=Nom|Numb=Sing">ego</w>                <w xml:id="line.1072#w.2" pos="PROdem" lemma="hic1" msd="Case=Acc|Numb=Sing">hunc</w>                <w xml:id="line.1072#w.3" pos="VER" lemma="censeo" msd="Numb=Sing|Mood=Ind|Tense=Impa|Voice=Act|Person=1">censebam</w>                <w xml:id="line.1072#w.4" pos="PROper" lemma="tu" msd="Case=Acc|Numb=Sing">te</w>                <w xml:id="line.1072#w.5" pos="VER" lemma="sum1" msd="Mood=Inf|Tense=Pres|Voice=Act">esse</w>                <w xml:id="line.1072#w.6" pos="PUNC" lemma="," msd="MORPH=empty">,</w>                <w xml:id="line.1072#w.7" pos="PROdem" lemma="hic1" msd="Case=Dat|Numb=Sing">huic</w>                <w xml:id="line.1072#w.8" pos="ADV" lemma="etiam" msd="Deg=Pos">etiam</w>                <w xml:id="line.1072#w.9" pos="VER" lemma="suhibeo" msd="Numb=Sing|Mood=Ind|Tense=Perf|Voice=Act|Person=1">Ã©xhibui</w>                <w xml:id="line.1072#w.10" pos="NOM" lemma="negotium" msd="Case=Acc|Numb=Sing">negotium</w>                <w xml:id="line.1072#w.11" pos="PUNC" lemma="." msd="MORPH=empty">.</w>            </seg>            <seg xml:id="urn:cts:latinLit:phi0119.phi010.perseus-lat2:line.1073">                <w xml:id="line.1073#w.1" pos="VER" lemma="quaeso" msd="Numb=Sing|Mood=Ind|Tense=Pres|Voice=Act|Person=1">quaeso</w>                <w xml:id="line.1073#w.2" pos="VER" lemma="ignosco" msd="Numb=Sing|Mood=Sub|Tense=Pres|Voice=Act|Person=2">ignoscas</w>                <w xml:id="line.1073#w.3" pos="PUNC" lemma="," msd="MORPH=empty">,</w>                <w xml:id="line.1073#w.4" pos="CONsub" lemma="si2" msd="MORPH=empty">si</w>                <w xml:id="line.1073#w.5" pos="PROind" lemma="quis2" msd="Case=Acc|Numb=Sing">quid</w>                <w xml:id="line.1073#w.6" pos="ADV" lemma="stulte" msd="Deg=Pos">stulte</w>                <w xml:id="line.1073#w.7" pos="VER" lemma="dico?" msd="Numb=Sing|Mood=Ind|Tense=Perf|Voice=Act|Person=1">dixi</w>                <w xml:id="line.1073#w.8" pos="CONcoo" lemma="atque1" msd="MORPH=empty">atque</w>                <w xml:id="line.1073#w.9" pos="ADJqua" lemma="imprudens" msd="Case=Nom|Numb=Sing|Deg=Pos">imprudens</w>                <w xml:id="line.1073#w.10" pos="PROper" lemma="tu" msd="Case=Dat|Numb=Sing">tibi</w>                <w xml:id="line.1073#w.11" pos="PUNC" lemma="." msd="MORPH=empty">.</w>            </seg>            <seg xml:id="urn:cts:latinLit:phi0119.phi010.perseus-lat2:line.1074">                <w xml:id="line.1074#w.1" pos="VER" lemma="deliro" msd="Mood=Inf|Tense=Pres|Voice=Act">Delirare</w>                <w xml:id="line.1074#w.2" pos="PROper" lemma="ego" msd="Case=Dat|Numb=Sing">mihi</w>                <w xml:id="line.1074#w.3" pos="VER" lemma="uideo" msd="Mood=Inf|Tense=Pres|Voice=Act">videre</w>                <w xml:id="line.1074#w.4" pos="PUNC" lemma=":" msd="MORPH=empty">:</w>                <w xml:id="line.1074#w.5" pos="ADVneg" lemma="non" msd="MORPH=empty">non</w>                <w xml:id="line.1074#w.6" pos="VER" lemma="commemini" msd="Numb=Sing|Mood=Ind|Tense=Perf|Voice=Act|Person=2">commeministi</w>                <w xml:id="line.1074#w.7" pos="PUNC" lemma="," msd="MORPH=empty">,</w>                <w xml:id="line.1074#w.8" pos="ADV" lemma="simul1" msd="Deg=Pos">simul</w>            </seg>            <seg xml:id="urn:cts:latinLit:phi0119.phi010.perseus-lat2:line.1075">                <w xml:id="line.1075#w.1" pos="PROper" lemma="tu" msd="Case=Acc|Numb=Sing">te</w>                <w xml:id="line.1075#w.2" pos="ADV" lemma="hodie" msd="Deg=Pos">hodie</w>                <w xml:id="line.1075#w.3" pos="PROper" lemma="ego" msd="Case=Abl|Numb=Sing">mecum</w>                <w xml:id="line.1075#w.4" pos="CON" lemma="cum3" msd="MORPH=empty">mecum</w>                <w xml:id="line.1075#w.5" pos="VER" lemma="exeo1" msd="Mood=Inf|Tense=Pres|Voice=Act">exire</w>                <w xml:id="line.1075#w.6" pos="PRE" lemma="ex" msd="MORPH=empty">ex</w>                <w xml:id="line.1075#w.7" pos="NOM" lemma="nauis" msd="Case=Abl|Numb=Sing">navi</w>                <w xml:id="line.1075#w.8" pos="PUNC" lemma="?" msd="MORPH=empty">?</w>            </seg>            <seg xml:id="urn:cts:latinLit:phi0119.phi010.perseus-lat2:line.1075b">                <w xml:id="line.1075b#w.1" pos="CONcoo" lemma="enim2" msd="MORPH=empty">Enim</w>                <w xml:id="line.1075b#w.2" pos="ADV" lemma="uero3" msd="Deg=Pos">vero</w>                <w xml:id="line.1075b#w.3" pos="ADJqua" lemma="aequum" msd="Case=Acc|Numb=Sing|Deg=Pos">aequom</w>                <w xml:id="line.1075b#w.4" pos="VER" lemma="postulo" msd="Numb=Sing|Mood=Ind|Tense=Pres|Voice=Act|Person=2">postulas</w>                <w xml:id="line.1075b#w.5" pos="PUNC" lemma="." msd="MORPH=empty">.</w>            </seg>            <seg xml:id="urn:cts:latinLit:phi0119.phi010.perseus-lat2:line.1076">                <w xml:id="line.1076#w.1" pos="PROper" lemma="tu" msd="Case=Nom|Numb=Sing">tÃº</w>                <w xml:id="line.1076#w.2" pos="NOM" lemma="herus" msd="Case=Nom|Numb=Sing">erus</w>                <w xml:id="line.1076#w.3" pos="VER" lemma="sum1" msd="Numb=Sing|Mood=Ind|Tense=Pres|Voice=Act|Person=2">es</w>                <w xml:id="line.1076#w.4" pos="PUNC" lemma=":" msd="MORPH=empty">:</w>                <w xml:id="line.1076#w.5" pos="PROper" lemma="tu" msd="Case=Nom|Numb=Sing">tu</w>                <w xml:id="line.1076#w.6" pos="NOM" lemma="seruus?" msd="Case=Acc|Numb=Sing">servom</w>                <w xml:id="line.1076#w.7" pos="VER" lemma="quaero" msd="Numb=Sing|Mood=Imp|Tense=Pres|Voice=Act|Person=2">quaere</w>                <w xml:id="line.1076#w.8" pos="PUNC" lemma="." msd="MORPH=empty">.</w>                <w xml:id="line.1076#w.9" pos="PROper" lemma="tu" msd="Case=Nom|Numb=Sing">tu</w>                <w xml:id="line.1076#w.10" pos="VER" lemma="salueo" msd="Numb=Sing|Mood=Imp|Tense=Fut|Voice=Act|Person=2">salveto</w>                <w xml:id="line.1076#w.11" pos="PUNC" lemma=":" msd="MORPH=empty">:</w>                <w xml:id="line.1076#w.12" pos="PROper" lemma="tu" msd="Case=Nom|Numb=Sing">tu</w>                <w xml:id="line.1076#w.13" pos="VER" lemma="ualeo" msd="Numb=Sing|Mood=Imp|Tense=Pres|Voice=Act|Person=2">vale</w>                <w xml:id="line.1076#w.14" pos="PUNC" lemma="." msd="MORPH=empty">.</w>            </seg>            <seg xml:id="urn:cts:latinLit:phi0119.phi010.perseus-lat2:line.1077">                <w xml:id="line.1077#w.1" pos="PROdem" lemma="hic1" msd="Case=Acc|Numb=Sing">hunc</w>                <w xml:id="line.1077#w.2" pos="PROper" lemma="ego" msd="Case=Nom|Numb=Sing">ego</w>                <w xml:id="line.1077#w.3" pos="VER" lemma="sum1" msd="Mood=Inf|Tense=Pres|Voice=Act">esse</w>                <w xml:id="line.1077#w.4" pos="VER" lemma="aio" msd="Numb=Sing|Mood=Ind|Tense=Pres|Voice=Act|Person=1">aio</w>                <w xml:id="line.1077#w.5" pos="NOM" lemma="menaechmus" msd="Case=Acc|Numb=Sing">Menaechmum</w>                <w xml:id="line.1077#w.6" pos="PUNC" lemma="." msd="MORPH=empty">.</w>            </seg>            <seg xml:id="urn:cts:latinLit:phi0119.phi010.perseus-lat2:line.1077b">                <w xml:id="line.1077b#w.1" pos="CONcoo" lemma="at2" msd="MORPH=empty">At</w>                <w xml:id="line.1077b#w.2" pos="PROper" lemma="ego" msd="Case=Nom|Numb=Sing">ego</w>                <w xml:id="line.1077b#w.3" pos="PROper" lemma="ego" msd="Case=Acc|Numb=Sing">me</w>                <w xml:id="line.1077b#w.4" pos="PUNC" lemma="." msd="MORPH=empty">.</w>            </seg>            <seg xml:id="urn:cts:latinLit:phi0119.phi010.perseus-lat2:line.1077c">                <w xml:id="line.1077c#w.1" pos="PROint" lemma="quis1" msd="Case=Nom|Numb=Sing">Quae</w>                <w xml:id="line.1077c#w.2" pos="PROdem" lemma="hic1" msd="Case=Nom|Numb=Sing">haec</w>                <w xml:id="line.1077c#w.3" pos="NOM" lemma="fabula" msd="Case=Nom|Numb=Sing">fabulast</w>                <w xml:id="line.1077c#w.4" pos="VER" lemma="sum1" msd="Numb=Sing|Mood=Ind|Tense=Pres|Voice=Act|Person=3">fabulast</w>                <w xml:id="line.1077c#w.5" pos="PUNC" lemma="?" msd="MORPH=empty">?</w>            </seg>            <seg xml:id="urn:cts:latinLit:phi0119.phi010.perseus-lat2:line.1078">                <w xml:id="line.1078#w.1" pos="PROper" lemma="tu" msd="Case=Nom|Numb=Sing">tÃº</w>                <w xml:id="line.1078#w.2" pos="VER" lemma="sum1" msd="Numb=Sing|Mood=Ind|Tense=Pres|Voice=Act|Person=2">es</w>                <w xml:id="line.1078#w.3" pos="VER" lemma="menaechus" msd="Case=Nom|Numb=Sing|Person=1">Menaechmus</w>                <w xml:id="line.1078#w.4" pos="PUNC" lemma="?" msd="MORPH=empty">?</w>            </seg>            <seg xml:id="urn:cts:latinLit:phi0119.phi010.perseus-lat2:line.1078b">                <w xml:id="line.1078b#w.1" pos="PROper" lemma="ego" msd="Case=Acc|Numb=Sing">Me</w>                <w xml:id="line.1078b#w.2" pos="VER" lemma="sum1" msd="Mood=Inf|Tense=Pres|Voice=Act">esse</w>                <w xml:id="line.1078b#w.3" pos="VER" lemma="dico?" msd="Numb=Sing|Mood=Ind|Tense=Pres|Voice=Act|Person=1">dico</w>                <w xml:id="line.1078b#w.4" pos="PUNC" lemma="," msd="MORPH=empty">,</w>                <w xml:id="line.1078b#w.5" pos="NOM" lemma="moschus" msd="Numb=Sing|Person=1">Moscho</w>                <w xml:id="line.1078b#w.6" pos="ADJqua" lemma="prognatus" msd="Case=Acc|Numb=Sing|Deg=Pos">prognatum</w>                <w xml:id="line.1078b#w.7" pos="NOM" lemma="pater" msd="Case=Abl|Numb=Sing">patre</w>                <w xml:id="line.1078b#w.8" pos="PUNC" lemma="." msd="MORPH=empty">.</w>            </seg>            <seg xml:id="urn:cts:latinLit:phi0119.phi010.perseus-lat2:line.1079">                <w xml:id="line.1079#w.1" pos="PROper" lemma="tu" msd="Case=Nom|Numb=Sing">Tun</w>                <w xml:id="line.1079#w.2" pos="ADV" lemma="ne2" msd="MORPH=empty">Tun</w>                <w xml:id="line.1079#w.3" pos="PROpos" lemma="meus" msd="Case=Abl|Numb=Sing">meo</w>                <w xml:id="line.1079#w.4" pos="NOM" lemma="pater" msd="Case=Abl|Numb=Sing">patre</w>                <w xml:id="line.1079#w.5" pos="VER" lemma="sum1" msd="Numb=Sing|Mood=Ind|Tense=Pres|Voice=Act|Person=2">es</w>                <w xml:id="line.1079#w.6" pos="ADJqua" lemma="prognatus" msd="Case=Nom|Numb=Sing|Deg=Pos">prognatus</w>                <w xml:id="line.1079#w.7" pos="PUNC" lemma="?" msd="MORPH=empty">?</w>            </seg>            <seg xml:id="urn:cts:latinLit:phi0119.phi010.perseus-lat2:line.1079b">                <w xml:id="line.1079b#w.1" pos="ADV" lemma="immo" msd="Deg=Pos">Immo</w>                <w xml:id="line.1079b#w.2" pos="ADV" lemma="equidem" msd="Deg=Pos">equidem</w>                <w xml:id="line.1079b#w.3" pos="PUNC" lemma="," msd="MORPH=empty">,</w>                <w xml:id="line.1079b#w.4" pos="NOM" lemma="adolescens?" msd="Case=Voc|Numb=Sing">adulescens</w>                <w xml:id="line.1079b#w.5" pos="PUNC" lemma="," msd="MORPH=empty">,</w>                <w xml:id="line.1079b#w.6" pos="PROpos" lemma="meus" msd="Case=Dat|Numb=Sing">meo</w>                <w xml:id="line.1079b#w.7" pos="PUNC" lemma=";" msd="MORPH=empty">;</w>            </seg>            <seg xml:id="urn:cts:latinLit:phi0119.phi010.perseus-lat2:line.1080">                <w xml:id="line.1080#w.1" pos="PROpos" lemma="tuus" msd="Case=Acc|Numb=Sing">tuom</w>                <w xml:id="line.1080#w.2" pos="PROper" lemma="tu" msd="Case=Dat|Numb=Sing">tibi</w>                <w xml:id="line.1080#w.3" pos="CONcoo" lemma="neque" msd="MORPH=empty">neque</w>                <w xml:id="line.1080#w.4" pos="VER" lemma="occupo2" msd="Mood=Inf|Tense=Pres|Voice=Act">occupare</w>                <w xml:id="line.1080#w.5" pos="CONcoo" lemma="neque" msd="MORPH=empty">neque</w>                <w xml:id="line.1080#w.6" pos="VER" lemma="praeripio" msd="Mood=Inf|Tense=Pres|Voice=Act">praeripere</w>                <w xml:id="line.1080#w.7" pos="VER" lemma="postulo" msd="Numb=Sing|Mood=Ind|Tense=Pres|Voice=Act|Person=1">postulo</w>                <w xml:id="line.1080#w.8" pos="PUNC" lemma="." msd="MORPH=empty">.</w>            </seg>            <seg xml:id="urn:cts:latinLit:phi0119.phi010.perseus-lat2:line.1081">                <w xml:id="line.1081#w.1" pos="NOM" lemma="deus" msd="Case=Voc|Numb=Plur">Di</w>                <w xml:id="line.1081#w.2" pos="ADJqua" lemma="immortalis" msd="Case=Voc|Numb=Plur|Deg=Pos">immortales</w>                <w xml:id="line.1081#w.3" pos="PUNC" lemma="," msd="MORPH=empty">,</w>                <w xml:id="line.1081#w.4" pos="NOM" lemma="spes" msd="Case=Acc|Numb=Sing">spem</w>                <w xml:id="line.1081#w.5" pos="ADJqua" lemma="insperatus" msd="Case=Acc|Numb=Sing|Deg=Pos">insperatam</w>                <w xml:id="line.1081#w.6" pos="VER" lemma="do" msd="Numb=Plur|Mood=Imp|Tense=Pres|Voice=Act|Person=2">date</w>                <w xml:id="line.1081#w.7" pos="PROper" lemma="ego" msd="Case=Dat|Numb=Sing">mihi</w>                <w xml:id="line.1081#w.8" pos="ADVrel" lemma="qui2" msd="MORPH=empty">quam</w>                <w xml:id="line.1081#w.9" pos="VER" lemma="suspicor" msd="Numb=Sing|Mood=Ind|Tense=Pres|Voice=Dep|Person=1">suspicor</w>                <w xml:id="line.1081#w.10" pos="PUNC" lemma="." msd="MORPH=empty">.</w>            </seg>            <seg xml:id="urn:cts:latinLit:phi0119.phi010.perseus-lat2:line.1082">                <w xml:id="line.1082#w.1" pos="CONcoo" lemma="nam" msd="MORPH=empty">nam</w>                <w xml:id="line.1082#w.2" pos="CONsub" lemma="nisi" msd="MORPH=empty">nisi</w>                <w xml:id="line.1082#w.3" pos="PROper" lemma="ego" msd="Case=Acc|Numb=Sing">me</w>                <w xml:id="line.1082#w.4" pos="NOM" lemma="animus" msd="Case=Nom|Numb=Sing">animus</w>                <w xml:id="line.1082#w.5" pos="VER" lemma="fallo" msd="Numb=Sing|Mood=Ind|Tense=Pres|Voice=Act|Person=3">fallit</w>                <w xml:id="line.1082#w.6" pos="PUNC" lemma="," msd="MORPH=empty">,</w>                <w xml:id="line.1082#w.7" pos="PROdem" lemma="hic1" msd="Case=Nom|Numb=Plur">hi</w>                <w xml:id="line.1082#w.8" pos="VER" lemma="sum1" msd="Numb=Plur|Mood=Ind|Tense=Pres|Voice=Act|Person=3">sunt</w>                <w xml:id="line.1082#w.9" pos="ADJqua" lemma="geminus" msd="Case=Nom|Numb=Plur|Deg=Pos">gemini</w>                <w xml:id="line.1082#w.10" pos="NOM" lemma="germanus?" msd="Case=Nom|Numb=Plur">germani</w>                <w xml:id="line.1082#w.11" pos="ADJcar" lemma="duo" msd="Case=Nom|Numb=Plur">duo</w>                <w xml:id="line.1082#w.12" pos="PUNC" lemma="." msd="MORPH=empty">.</w>            </seg>            <seg xml:id="urn:cts:latinLit:phi0119.phi010.perseus-lat2:line.1083">                <w xml:id="line.1083#w.1" pos="CONcoo" lemma="nam" msd="MORPH=empty">nam</w>                <w xml:id="line.1083#w.2" pos="CONcoo" lemma="et2" msd="MORPH=empty">et</w>                <w xml:id="line.1083#w.3" pos="NOM" lemma="patria" msd="Case=Acc|Numb=Sing">patriam</w>                <w xml:id="line.1083#w.4" pos="CONcoo" lemma="et2" msd="MORPH=empty">et</w>                <w xml:id="line.1083#w.5" pos="NOM" lemma="pater" msd="Case=Acc|Numb=Sing">patrem</w>                <w xml:id="line.1083#w.6" pos="VER" lemma="commemoro" msd="Numb=Plur|Mood=Ind|Tense=Pres|Voice=Act|Person=3">conmemorant</w>                <w xml:id="line.1083#w.7" pos="ADV" lemma="pariter" msd="Deg=Pos">pariter</w>                <w xml:id="line.1083#w.8" pos="PROrel" lemma="qui1" msd="Case=Nom|Numb=Plur">qui</w>                <w xml:id="line.1083#w.9" pos="VER" lemma="sum1" msd="Numb=Plur|Mood=Sub|Tense=Perf|Voice=Act|Person=3">fuerint</w>                <w xml:id="line.1083#w.10" pos="PROref" lemma="sui1" msd="Case=Dat|Numb=Sing">sibi</w>                <w xml:id="line.1083#w.11" pos="PUNC" lemma="." msd="MORPH=empty">.</w>            </seg>            <seg xml:id="urn:cts:latinLit:phi0119.phi010.perseus-lat2:line.1084">                <w xml:id="line.1084#w.1" pos="VER" lemma="seuoco" msd="Numb=Sing|Mood=Ind|Tense=Fut|Voice=Act|Person=1">sevocabo</w>                <w xml:id="line.1084#w.2" pos="NOM" lemma="herus" msd="Case=Acc|Numb=Sing">erum</w>                <w xml:id="line.1084#w.3" pos="PUNC" lemma="." msd="MORPH=empty">.</w>                <w xml:id="line.1084#w.4" pos="NOM" lemma="menaechis" msd="Case=Voc|Numb=Sing">Menaechme</w>                <w xml:id="line.1084#w.5" pos="PUNC" lemma="." msd="MORPH=empty">.</w>            </seg>            <seg xml:id="urn:cts:latinLit:phi0119.phi010.perseus-lat2:line.1084b">                <w xml:id="line.1084b#w.1" pos="PROint" lemma="quis1" msd="Case=Acc|Numb=Sing">Quid</w>                <w xml:id="line.1084b#w.2" pos="VER" lemma="uolo?" msd="Numb=Sing|Mood=Ind|Tense=Pres|Voice=Act|Person=2">vis</w>                <w xml:id="line.1084b#w.3" pos="PUNC" lemma="?" msd="MORPH=empty">?</w>            </seg>            <seg xml:id="urn:cts:latinLit:phi0119.phi010.perseus-lat2:line.1084c">                <w xml:id="line.1084c#w.1" pos="ADVneg" lemma="non" msd="MORPH=empty">Non</w>                <w xml:id="line.1084c#w.2" pos="ADJcar" lemma="ambo2" msd="Case=Acc|Numb=Plur">ambos</w>                <w xml:id="line.1084c#w.3" pos="VER" lemma="uolo?" msd="Numb=Sing|Mood=Ind|Tense=Pres|Voice=Act|Person=1">volo</w>                <w xml:id="line.1084c#w.4" pos="PUNC" lemma="," msd="MORPH=empty">,</w>            </seg>            <seg xml:id="urn:cts:latinLit:phi0119.phi010.perseus-lat2:line.1085">                <w xml:id="line.1085#w.1" pos="CONcoo" lemma="sed" msd="MORPH=empty">sed</w>                <w xml:id="line.1085#w.2" pos="PROint" lemma="uter3" msd="Case=Nom|Numb=Sing">uter</w>                <w xml:id="line.1085#w.3" pos="PROper" lemma="uos" msd="Case=Gen|Numb=Plur">vostrorum</w>                <w xml:id="line.1085#w.4" pos="VER" lemma="sum1" msd="Numb=Sing|Mood=Ind|Tense=Pres|Voice=Act|Person=3">est</w>                <w xml:id="line.1085#w.5" pos="VER" lemma="adueho" msd="Case=Nom|Numb=Sing|Mood=Par|Tense=Perf|Voice=Pass">advectus</w>                <w xml:id="line.1085#w.6" pos="PROper" lemma="ego" msd="Case=Abl|Numb=Sing">mecum</w>                <w xml:id="line.1085#w.7" pos="CON" lemma="cum3" msd="MORPH=empty">mecum</w>                <w xml:id="line.1085#w.8" pos="NOM" lemma="nauis" msd="Case=Abl|Numb=Sing">navi</w>                <w xml:id="line.1085#w.9" pos="PUNC" lemma="." msd="MORPH=empty">.</w>            </seg>            <seg xml:id="urn:cts:latinLit:phi0119.phi010.perseus-lat2:line.1085b">                <w xml:id="line.1085b#w.1" pos="ADVneg" lemma="non" msd="MORPH=empty">Non</w>                <w xml:id="line.1085b#w.2" pos="PROper" lemma="ego" msd="Case=Nom|Numb=Sing">ego</w>                <w xml:id="line.1085b#w.3" pos="PUNC" lemma="." msd="MORPH=empty">.</w>            </seg>            <seg xml:id="urn:cts:latinLit:phi0119.phi010.perseus-lat2:line.1086">                <w xml:id="line.1086#w.1" pos="CONcoo" lemma="at2" msd="MORPH=empty">At</w>                <w xml:id="line.1086#w.2" pos="PROper" lemma="ego" msd="Case=Nom|Numb=Sing">ego</w>                <w xml:id="line.1086#w.3" pos="PUNC" lemma="." msd="MORPH=empty">.</w>            </seg>            <seg xml:id="urn:cts:latinLit:phi0119.phi010.perseus-lat2:line.1086b">                <w xml:id="line.1086b#w.1" pos="PROper" lemma="tu" msd="Case=Acc|Numb=Sing">Te</w>                <w xml:id="line.1086b#w.2" pos="VER" lemma="uolo?" msd="Numb=Sing|Mood=Ind|Tense=Pres|Voice=Act|Person=1">volo</w>                <w xml:id="line.1086b#w.3" pos="CONcoo" lemma="igitur" msd="MORPH=empty">igitur</w>                <w xml:id="line.1086b#w.4" pos="PUNC" lemma="." msd="MORPH=empty">.</w>                <w xml:id="line.1086b#w.5" pos="ADV" lemma="huc" msd="Deg=Pos">huc</w>                <w xml:id="line.1086b#w.6" pos="VER" lemma="concedo1" msd="Numb=Sing|Mood=Imp|Tense=Pres|Voice=Act|Person=2">concede</w>                <w xml:id="line.1086b#w.7" pos="PUNC" lemma="." msd="MORPH=empty">.</w>            </seg>            <seg xml:id="urn:cts:latinLit:phi0119.phi010.perseus-lat2:line.1086c">                <w xml:id="line.1086c#w.1" pos="VER" lemma="concedo1" msd="Numb=Sing|Mood=Ind|Tense=Perf|Voice=Act|Person=1">Concessi</w>                <w xml:id="line.1086c#w.2" pos="PUNC" lemma="." msd="MORPH=empty">.</w>                <w xml:id="line.1086c#w.3" pos="PROint" lemma="quis1" msd="Case=Nom|Numb=Sing">quid</w>                <w xml:id="line.1086c#w.4" pos="VER" lemma="sum1" msd="Numb=Sing|Mood=Ind|Tense=Pres|Voice=Act|Person=3">est</w>                <w xml:id="line.1086c#w.5" pos="PUNC" lemma="?" msd="MORPH=empty">?</w>            </seg>            <seg xml:id="urn:cts:latinLit:phi0119.phi010.perseus-lat2:line.1087">                <w xml:id="line.1087#w.1" pos="PROdem" lemma="illic1" msd="Case=Nom|Deg=Pos">Illic</w>                <w xml:id="line.1087#w.2" pos="NOM" lemma="homo" msd="Case=Nom|Numb=Sing">homÃ³</w>                <w xml:id="line.1087#w.3" pos="CONcoo" lemma="aut" msd="MORPH=empty">aut</w>                <w xml:id="line.1087#w.4" pos="NOM" lemma="sycophanta" msd="Case=Abl|Numb=Sing">sycophanta</w>                <w xml:id="line.1087#w.5" pos="CONcoo" lemma="aut" msd="MORPH=empty">aut</w>                <w xml:id="line.1087#w.6" pos="ADJqua" lemma="geminus" msd="Case=Nom|Numb=Sing|Deg=Pos">geminus</w>                <w xml:id="line.1087#w.7" pos="VER" lemma="sum1" msd="Numb=Sing|Mood=Ind|Tense=Pres|Voice=Act|Person=3">est</w>                <w xml:id="line.1087#w.8" pos="NOM" lemma="frater" msd="Case=Voc|Numb=Sing">frater</w>                <w xml:id="line.1087#w.9" pos="PROpos" lemma="tuus" msd="Case=Acc|Numb=Plur">tuos</w>                <w xml:id="line.1087#w.10" pos="PUNC" lemma="." msd="MORPH=empty">.</w>            </seg>            <seg xml:id="urn:cts:latinLit:phi0119.phi010.perseus-lat2:line.1088">                <w xml:id="line.1088#w.1" pos="CONcoo" lemma="nam" msd="MORPH=empty">nam</w>                <w xml:id="line.1088#w.2" pos="PROper" lemma="ego" msd="Case=Nom|Numb=Sing">ego</w>                <w xml:id="line.1088#w.3" pos="NOM" lemma="homo" msd="Case=Acc|Numb=Sing">hominem</w>                <w xml:id="line.1088#w.4" pos="NOM" lemma="homo" msd="Case=Gen|Numb=Sing">hominis</w>                <w xml:id="line.1088#w.5" pos="ADJqua" lemma="similis" msd="Case=Acc|Numb=Sing|Deg=Comp">similiorem</w>                <w xml:id="line.1088#w.6" pos="ADVneg" lemma="numquam" msd="MORPH=empty">numquam</w>                <w xml:id="line.1088#w.7" pos="VER" lemma="uideo" msd="Numb=Sing|Mood=Ind|Tense=Perf|Voice=Act|Person=1">vidi</w>                <w xml:id="line.1088#w.8" pos="PROind" lemma="ulter" msd="Case=Acc|Numb=Sing">Ã¡lterum</w>                <w xml:id="line.1088#w.9" pos="PUNC" lemma="." msd="MORPH=empty">.</w>            </seg>            <seg xml:id="urn:cts:latinLit:phi0119.phi010.perseus-lat2:line.1089">                <w xml:id="line.1089#w.1" pos="CONcoo" lemma="neque" msd="MORPH=empty">neque</w>                <w xml:id="line.1089#w.2" pos="NOM" lemma="aqua" msd="Case=Nom|Numb=Sing">aqua</w>                <w xml:id="line.1089#w.3" pos="NOM" lemma="aqua" msd="Case=Gen|Numb=Sing">aquae</w>                <w xml:id="line.1089#w.4" pos="CONcoo" lemma="nec2" msd="MORPH=empty">nec</w>                <w xml:id="line.1089#w.5" pos="NOM" lemma="lac" msd="Case=Abl|Numb=Sing">lacte</w>                <w xml:id="line.1089#w.6" pos="VER" lemma="sum1" msd="Numb=Sing|Mood=Ind|Tense=Pres|Voice=Act|Person=3">est</w>                <w xml:id="line.1089#w.7" pos="NOM" lemma="lac" msd="Case=Gen|Numb=Sing">lactis</w>                <w xml:id="line.1089#w.8" pos="PUNC" lemma="," msd="MORPH=empty">,</w>                <w xml:id="line.1089#w.9" pos="VER" lemma="credo" msd="Numb=Sing|Mood=Imp|Tense=Pres|Voice=Act|Person=2">crede</w>                <w xml:id="line.1089#w.10" pos="PROpos" lemma="ego" msd="Case=Dat|Numb=Sing">mi</w>                <w xml:id="line.1089#w.11" pos="PUNC" lemma="," msd="MORPH=empty">,</w>                <w xml:id="line.1089#w.12" pos="ADV" lemma="usquam" msd="Deg=Pos">usquam</w>                <w xml:id="line.1089#w.13" pos="ADJqua" lemma="similiter" msd="Case=Nom|Deg=Comp">similius</w>                <w xml:id="line.1089#w.14" pos="PUNC" lemma="," msd="MORPH=empty">,</w>            </seg>            <seg xml:id="urn:cts:latinLit:phi0119.phi010.perseus-lat2:line.1090">                <w xml:id="line.1090#w.1" pos="ADVrel" lemma="quam1" msd="MORPH=empty">quam</w>                <w xml:id="line.1090#w.2" pos="PROdem" lemma="hic1" msd="Case=Nom|Numb=Sing">hic</w>                <w xml:id="line.1090#w.3" pos="PROpos" lemma="tu" msd="Case=Gen|Numb=Sing">tui</w>                <w xml:id="line.1090#w.4" pos="VER" lemma="sum1" msd="Numb=Sing|Mood=Ind|Tense=Pres|Voice=Act|Person=3">est</w>                <w xml:id="line.1090#w.5" pos="PUNC" lemma="," msd="MORPH=empty">,</w>                <w xml:id="line.1090#w.6" pos="PROper" lemma="tu" msd="Case=Nom|Numb=Sing">tuque</w>                <w xml:id="line.1090#w.7" pos="CON" lemma="que" msd="MORPH=empty">tuque</w>                <w xml:id="line.1090#w.8" pos="PROdem" lemma="hic1" msd="Case=Gen|Numb=Sing">huius</w>                <w xml:id="line.1090#w.9" pos="CONcoo" lemma="autem" msd="MORPH=empty">autem</w>                <w xml:id="line.1090#w.10" pos="PUNC" lemma=";" msd="MORPH=empty">;</w>                <w xml:id="line.1090#w.11" pos="PRE" lemma="post2" msd="MORPH=empty">post</w>                <w xml:id="line.1090#w.12" pos="PROdem" lemma="idem" msd="Case=Acc|Numb=Sing">eandem</w>                <w xml:id="line.1090#w.13" pos="NOM" lemma="patria" msd="Case=Acc|Numb=Sing">patriam</w>                <w xml:id="line.1090#w.14" pos="CONcoo" lemma="ac1" msd="MORPH=empty">ac</w>                <w xml:id="line.1090#w.15" pos="NOM" lemma="pater" msd="Case=Acc|Numb=Sing">patrem</w>            </seg>            <seg xml:id="urn:cts:latinLit:phi0119.phi010.perseus-lat2:line.1091">                <w xml:id="line.1091#w.1" pos="VER" lemma="memoro" msd="Numb=Sing|Mood=Ind|Tense=Pres|Voice=Act|Person=3">memorat</w>                <w xml:id="line.1091#w.2" pos="PUNC" lemma="." msd="MORPH=empty">.</w>                <w xml:id="line.1091#w.3" pos="ADV" lemma="bene" msd="Deg=Comp">meliust</w>                <w xml:id="line.1091#w.4" pos="VER" lemma="sum1" msd="Numb=Sing|Mood=Ind|Tense=Pres|Voice=Act|Person=3">meliust</w>                <w xml:id="line.1091#w.5" pos="PROper" lemma="nos" msd="Case=Acc|Numb=Plur">nos</w>                <w xml:id="line.1091#w.6" pos="VER" lemma="adeo1" msd="Mood=Inf|Tense=Pres|Voice=Act">adire</w>                <w xml:id="line.1091#w.7" pos="CONcoo" lemma="et" msd="MORPH=empty">Ã¡tque</w>                <w xml:id="line.1091#w.8" pos="CON" lemma="que" msd="MORPH=empty">Ã¡tque</w>                <w xml:id="line.1091#w.9" pos="PROdem" lemma="hic1" msd="Case=Acc|Numb=Sing">hunc</w>                <w xml:id="line.1091#w.10" pos="VER" lemma="percunctor" msd="Mood=Inf|Tense=Pres|Voice=Dep">percontarier</w>                <w xml:id="line.1091#w.11" pos="PUNC" lemma="." msd="MORPH=empty">.</w>            </seg>            <seg xml:id="urn:cts:latinLit:phi0119.phi010.perseus-lat2:line.1092">                <w xml:id="line.1092#w.1" pos="INJ" lemma="hercules" msd="MORPH=empty">Hercle</w>                <w xml:id="line.1092#w.2" pos="PROrel" lemma="qui1" msd="Case=Nom|Numb=Sing">qui</w>                <w xml:id="line.1092#w.3" pos="PROper" lemma="tu" msd="Case=Nom|Numb=Sing">tu</w>                <w xml:id="line.1092#w.4" pos="PROper" lemma="ego" msd="Case=Acc|Numb=Sing">me</w>                <w xml:id="line.1092#w.5" pos="VER" lemma="admoneo" msd="Numb=Sing|Mood=Ind|Tense=Perf|Voice=Act|Person=2">admonuisti</w>                <w xml:id="line.1092#w.6" pos="ADV" lemma="recte" msd="Deg=Pos">recte</w>                <w xml:id="line.1092#w.7" pos="PUNC" lemma="," msd="MORPH=empty">,</w>                <w xml:id="line.1092#w.8" pos="CONcoo" lemma="et2" msd="MORPH=empty">et</w>                <w xml:id="line.1092#w.9" pos="VER" lemma="habeo" msd="Numb=Sing|Mood=Ind|Tense=Pres|Voice=Act|Person=1">habeo</w>                <w xml:id="line.1092#w.10" pos="NOM" lemma="gratia" msd="Case=Acc|Numb=Sing">gratiam</w>                <w xml:id="line.1092#w.11" pos="PUNC" lemma="." msd="MORPH=empty">.</w>            </seg>            <seg xml:id="urn:cts:latinLit:phi0119.phi010.perseus-lat2:line.1093">                <w xml:id="line.1093#w.1" pos="VER" lemma="pergo" msd="Numb=Sing|Mood=Imp|Tense=Pres|Voice=Act|Person=2">perge</w>                <w xml:id="line.1093#w.2" pos="NOM" lemma="opera" msd="Case=Acc|Numb=Sing">operam</w>                <w xml:id="line.1093#w.3" pos="VER" lemma="do" msd="Mood=Inf|Tense=Pres|Voice=Act">dare</w>                <w xml:id="line.1093#w.4" pos="PUNC" lemma="," msd="MORPH=empty">,</w>                <w xml:id="line.1093#w.5" pos="VER" lemma="obsecro" msd="Numb=Sing|Mood=Ind|Tense=Pres|Voice=Act|Person=1">obsecro</w>                <w xml:id="line.1093#w.6" pos="INJ" lemma="hercules" msd="MORPH=empty">hercle</w>                <w xml:id="line.1093#w.7" pos="PUNC" lemma=";" msd="MORPH=empty">;</w>                <w xml:id="line.1093#w.8" pos="ADJqua" lemma="liber2" msd="Case=Nom|Numb=Sing|Deg=Pos">liber</w>                <w xml:id="line.1093#w.9" pos="VER" lemma="sum1" msd="Numb=Sing|Mood=Imp|Tense=Fut|Voice=Act|Person=3">esto</w>                <w xml:id="line.1093#w.10" pos="PUNC" lemma="," msd="MORPH=empty">,</w>                <w xml:id="line.1093#w.11" pos="CONsub" lemma="si2" msd="MORPH=empty">si</w>                <w xml:id="line.1093#w.12" pos="VER" lemma="inuenio" msd="Numb=Sing|Mood=Ind|Tense=Pres|Voice=Act|Person=2">invenis</w>            </seg>            <seg xml:id="urn:cts:latinLit:phi0119.phi010.perseus-lat2:line.1094">                <w xml:id="line.1094#w.1" pos="PROdem" lemma="hic1" msd="Case=Acc|Numb=Sing">hunc</w>                <w xml:id="line.1094#w.2" pos="PROpos" lemma="meus" msd="Case=Acc|Numb=Sing">meum</w>                <w xml:id="line.1094#w.3" pos="NOM" lemma="frater" msd="Case=Acc|Numb=Sing">fratrem</w>                <w xml:id="line.1094#w.4" pos="VER" lemma="sum1" msd="Mood=Inf|Tense=Pres|Voice=Act">esse</w>                <w xml:id="line.1094#w.5" pos="PUNC" lemma="." msd="MORPH=empty">.</w>            </seg>            <seg xml:id="urn:cts:latinLit:phi0119.phi010.perseus-lat2:line.1094b">                <w xml:id="line.1094b#w.1" pos="VER" lemma="spero" msd="Numb=Sing|Mood=Ind|Tense=Pres|Voice=Act|Person=1">Spero</w>                <w xml:id="line.1094b#w.2" pos="PUNC" lemma="." msd="MORPH=empty">.</w>            </seg>            <seg xml:id="urn:cts:latinLit:phi0119.phi010.perseus-lat2:line.1094c">                <w xml:id="line.1094c#w.1" pos="CONcoo" lemma="et2" msd="MORPH=empty">Et</w>                <w xml:id="line.1094c#w.2" pos="PROper" lemma="ego" msd="Case=Nom|Numb=Sing">ego</w>                <w xml:id="line.1094c#w.3" pos="ADV" lemma="item" msd="Deg=Pos">item</w>                <w xml:id="line.1094c#w.4" pos="VER" lemma="spero" msd="Numb=Sing|Mood=Ind|Tense=Pres|Voice=Act|Person=1">spero</w>                <w xml:id="line.1094c#w.5" pos="VER" lemma="sum1" msd="Mood=Par|Tense=Fut|Voice=Act">fore</w>                <w xml:id="line.1094c#w.6" pos="PUNC" lemma="." msd="MORPH=empty">.</w>            </seg>            <seg xml:id="urn:cts:latinLit:phi0119.phi010.perseus-lat2:line.1095">                <w xml:id="line.1095#w.1" pos="PROint" lemma="quis1" msd="Case=Acc|Numb=Sing">Quid</w>                <w xml:id="line.1095#w.2" pos="VER" lemma="aio" msd="Numb=Sing|Mood=Ind|Tense=Pres|Voice=Act|Person=2">ais</w>                <w xml:id="line.1095#w.3" pos="PROper" lemma="tu" msd="Case=Nom|Numb=Sing">tu</w>                <w xml:id="line.1095#w.4" pos="PUNC" lemma="?" msd="MORPH=empty">?</w>                <w xml:id="line.1095#w.5" pos="NOM" lemma="menaechus" msd="Case=Acc|Numb=Sing">Menaechmum</w>                <w xml:id="line.1095#w.6" pos="PUNC" lemma="," msd="MORPH=empty">,</w>                <w xml:id="line.1095#w.7" pos="VER" lemma="opinor" msd="Numb=Sing|Mood=Ind|Tense=Pres|Voice=Dep|Person=1">opinor</w>                <w xml:id="line.1095#w.8" pos="PUNC" lemma="," msd="MORPH=empty">,</w>                <w xml:id="line.1095#w.9" pos="PROper" lemma="tu" msd="Case=Acc|Numb=Sing">te</w>                <w xml:id="line.1095#w.10" pos="VER" lemma="uoco" msd="Mood=Inf|Tense=Pres|Voice=Pass">vocari</w>                <w xml:id="line.1095#w.11" pos="VER" lemma="dico?" msd="Numb=Sing|Mood=Ind|Tense=Pqp|Voice=Act|Person=2">dixeras</w>                <w xml:id="line.1095#w.12" pos="PUNC" lemma="." msd="MORPH=empty">.</w>            </seg>            <seg xml:id="urn:cts:latinLit:phi0119.phi010.perseus-lat2:line.1096">                <w xml:id="line.1096#w.1" pos="ADV" lemma="ita" msd="Deg=Pos">Ita</w>                <w xml:id="line.1096#w.2" pos="ADV" lemma="uero3" msd="Deg=Pos">vero</w>                <w xml:id="line.1096#w.3" pos="PUNC" lemma="." msd="MORPH=empty">.</w>            </seg>            <seg xml:id="urn:cts:latinLit:phi0119.phi010.perseus-lat2:line.1096b">                <w xml:id="line.1096b#w.1" pos="PROdem" lemma="hic1" msd="Case=Dat|Numb=Sing">Huic</w>                <w xml:id="line.1096b#w.2" pos="ADV" lemma="item" msd="Deg=Pos">item</w>                <w xml:id="line.1096b#w.3" pos="NOM" lemma="menaecamus" msd="Case=Dat|Numb=Sing">Menaechmo</w>                <w xml:id="line.1096b#w.4" pos="NOM" lemma="nomen" msd="Case=Nom|Numb=Sing">nomen</w>                <w xml:id="line.1096b#w.5" pos="VER" lemma="sum1" msd="Numb=Sing|Mood=Ind|Tense=Pres|Voice=Act|Person=3">est</w>                <w xml:id="line.1096b#w.6" pos="PUNC" lemma="." msd="MORPH=empty">.</w>                <w xml:id="line.1096b#w.7" pos="PRE" lemma="in" msd="MORPH=empty">in</w>                <w xml:id="line.1096b#w.8" pos="NOM" lemma="sicile" msd="Case=Acc|Numb=Plur">Sicilia</w>            </seg>            <seg xml:id="urn:cts:latinLit:phi0119.phi010.perseus-lat2:line.1097">                <w xml:id="line.1097#w.1" pos="PROper" lemma="tu" msd="Case=Acc|Numb=Sing">te</w>                <w xml:id="line.1097#w.2" pos="NOM" lemma="syracusae" msd="Case=Abl|Numb=Plur">Syracusis</w>                <w xml:id="line.1097#w.3" pos="VER" lemma="nascor" msd="Case=Acc|Numb=Sing|Mood=Par|Tense=Perf|Voice=Dep">natum</w>                <w xml:id="line.1097#w.4" pos="VER" lemma="sum1" msd="Mood=Inf|Tense=Pres|Voice=Act">esse</w>                <w xml:id="line.1097#w.5" pos="VER" lemma="dico?" msd="Numb=Sing|Mood=Ind|Tense=Perf|Voice=Act|Person=1">dixti</w>                <w xml:id="line.1097#w.6" pos="PUNC" lemma=":" msd="MORPH=empty">:</w>                <w xml:id="line.1097#w.7" pos="CONcoo" lemma="et2" msd="MORPH=empty">et</w>                <w xml:id="line.1097#w.8" pos="PROdem" lemma="hic1" msd="Case=Nom|Numb=Sing">hic</w>                <w xml:id="line.1097#w.9" pos="VER" lemma="nascor" msd="Numb=Sing|Mood=Par|Tense=Perf|Voice=Dep">natust</w>                <w xml:id="line.1097#w.10" pos="ADV" lemma="ibi" msd="Deg=Pos">ibi</w>                <w xml:id="line.1097#w.11" pos="PUNC" lemma="." msd="MORPH=empty">.</w>            </seg>            <seg xml:id="urn:cts:latinLit:phi0119.phi010.perseus-lat2:line.1098">                <w xml:id="line.1098#w.1" pos="NOM" lemma="moschus" msd="Case=Acc|Numb=Sing">Moschum</w>                <w xml:id="line.1098#w.2" pos="PROper" lemma="tu" msd="Case=Dat|Numb=Sing">tibi</w>                <w xml:id="line.1098#w.3" pos="NOM" lemma="pater" msd="Case=Acc|Numb=Sing">patrem</w>                <w xml:id="line.1098#w.4" pos="VER" lemma="sum1" msd="Mood=Inf|Tense=Perf|Voice=Act">fuisse</w>                <w xml:id="line.1098#w.5" pos="VER" lemma="dico?" msd="Numb=Sing|Mood=Ind|Tense=Perf|Voice=Act">dixti</w>                <w xml:id="line.1098#w.6" pos="PUNC" lemma=":" msd="MORPH=empty">:</w>                <w xml:id="line.1098#w.7" pos="PROdem" lemma="hic1" msd="Case=Dat|Numb=Sing">huic</w>                <w xml:id="line.1098#w.8" pos="ADV" lemma="itidem" msd="Deg=Pos">itidem</w>                <w xml:id="line.1098#w.9" pos="VER" lemma="sum1" msd="Numb=Sing|Mood=Ind|Tense=Perf|Voice=Act|Person=3">fuit</w>                <w xml:id="line.1098#w.10" pos="PUNC" lemma="." msd="MORPH=empty">.</w>            </seg>            <seg xml:id="urn:cts:latinLit:phi0119.phi010.perseus-lat2:line.1099">                <w xml:id="line.1099#w.1" pos="ADV" lemma="nunc" msd="Deg=Pos">nunc</w>                <w xml:id="line.1099#w.2" pos="NOM" lemma="opera" msd="Case=Acc|Numb=Sing">operam</w>                <w xml:id="line.1099#w.3" pos="VER" lemma="possum1" msd="Numb=Plur|Mood=Ind|Tense=Pres|Voice=Act|Person=2">potestis</w>                <w xml:id="line.1099#w.4" pos="ADJcar" lemma="ambo2" msd="Case=Nom|Numb=Plur">ambo</w>                <w xml:id="line.1099#w.5" pos="PROper" lemma="ego" msd="Case=Dat|Numb=Sing">mihi</w>                <w xml:id="line.1099#w.6" pos="VER" lemma="do" msd="Mood=Inf|Tense=Pres|Voice=Act">dare</w>                <w xml:id="line.1099#w.7" pos="CONcoo" lemma="et2" msd="MORPH=empty">et</w>                <w xml:id="line.1099#w.8" pos="PROper" lemma="uos" msd="Case=Dat|Numb=Plur">vobis</w>                <w xml:id="line.1099#w.9" pos="ADV" lemma="simul1" msd="Deg=Pos">simul</w>                <w xml:id="line.1099#w.10" pos="PUNC" lemma="." msd="MORPH=empty">.</w>            </seg>            <seg xml:id="urn:cts:latinLit:phi0119.phi010.perseus-lat2:line.1100">                <w xml:id="line.1100#w.1" pos="VER" lemma="promereo" msd="Numb=Sing|Mood=Ind|Tense=Perf|Voice=Act|Person=2">Promeruisti</w>                <w xml:id="line.1100#w.2" pos="CONsub" lemma="ut4" msd="MORPH=empty">ut</w>                <w xml:id="line.1100#w.3" pos="ADVneg" lemma="ne3" msd="MORPH=empty">ne</w>                <w xml:id="line.1100#w.4" pos="PROind" lemma="quis2" msd="Case=Acc|Numb=Sing">quid</w>                <w xml:id="line.1100#w.5" pos="VER" lemma="oro" msd="Numb=Sing|Mood=Sub|Tense=Pres|Voice=Act|Person=2">ores</w>                <w xml:id="line.1100#w.6" pos="PROrel" lemma="qui1" msd="Case=Acc|Numb=Sing">quod</w>                <w xml:id="line.1100#w.7" pos="VER" lemma="uolo?" msd="Numb=Sing|Mood=Sub|Tense=Pres|Voice=Act|Person=2">velis</w>                <w xml:id="line.1100#w.8" pos="PUNC" lemma="," msd="MORPH=empty">,</w>                <w xml:id="line.1100#w.9" pos="CONsub" lemma="quin2" msd="MORPH=empty">quin</w>                <w xml:id="line.1100#w.10" pos="VER" lemma="impetro" msd="Numb=Sing|Mood=Sub|Tense=Pres|Voice=Act|Person=2">impetres</w>                <w xml:id="line.1100#w.11" pos="PUNC" lemma="." msd="MORPH=empty">.</w>            </seg>            <seg xml:id="urn:cts:latinLit:phi0119.phi010.perseus-lat2:line.1101">                <w xml:id="line.1101#w.1" pos="ADV" lemma="tam" msd="Deg=Pos">tam</w>                <w xml:id="line.1101#w.2" pos="ADVrel" lemma="quasi1" msd="MORPH=empty">quasi</w>                <w xml:id="line.1101#w.3" pos="PROper" lemma="ego" msd="Case=Acc|Numb=Sing">me</w>                <w xml:id="line.1101#w.4" pos="VER" lemma="emo" msd="Numb=Sing|Mood=Ind|Tense=FutAnt|Voice=Act|Person=2">emeris</w>                <w xml:id="line.1101#w.5" pos="NOM" lemma="argentum" msd="Case=Abl|Numb=Sing">argento</w>                <w xml:id="line.1101#w.6" pos="PUNC" lemma="," msd="MORPH=empty">,</w>                <w xml:id="line.1101#w.7" pos="ADJqua" lemma="liber2" msd="Case=Nom|Numb=Sing|Deg=Pos">liber</w>                <w xml:id="line.1101#w.8" pos="VER" lemma="seruio" msd="Numb=Sing|Mood=Ind|Tense=Fut|Voice=Act|Person=1">servibo</w>                <w xml:id="line.1101#w.9" pos="PROper" lemma="tu" msd="Case=Dat|Numb=Sing">tibi</w>                <w xml:id="line.1101#w.10" pos="PUNC" lemma="." msd="MORPH=empty">.</w>            </seg>            <seg xml:id="urn:cts:latinLit:phi0119.phi010.perseus-lat2:line.1102">                <w xml:id="line.1102#w.1" pos="NOM" lemma="spes" msd="Case=Nom|Numb=Sing">Spes</w>                <w xml:id="line.1102#w.2" pos="PROper" lemma="ego" msd="Case=Dat|Numb=Sing">mihi</w>                <w xml:id="line.1102#w.3" pos="VER" lemma="sum1" msd="Numb=Sing|Mood=Ind|Tense=Pres|Voice=Act|Person=3">est</w>                <w xml:id="line.1102#w.4" pos="PUNC" lemma="," msd="MORPH=empty">,</w>                <w xml:id="line.1102#w.5" pos="PROper" lemma="uos" msd="Case=Acc|Numb=Plur">vos</w>                <w xml:id="line.1102#w.6" pos="VER" lemma="inuenio" msd="Case=Acc|Numb=Sing|Mood=Par|Tense=Fut|Voice=Act">inventurum</w>                <w xml:id="line.1102#w.7" pos="NOM" lemma="frater" msd="Case=Acc|Numb=Plur">fratres</w>                <w xml:id="line.1102#w.8" pos="NOM" lemma="germanus?" msd="Case=Acc|Numb=Plur">germanos</w>                <w xml:id="line.1102#w.9" pos="ADJcar" lemma="duo" msd="Case=Acc|Numb=Plur">duos</w>            </seg>            <seg xml:id="urn:cts:latinLit:phi0119.phi010.perseus-lat2:line.1103">                <w xml:id="line.1103#w.1" pos="ADJqua" lemma="geminus" msd="Case=Acc|Numb=Plur|Deg=Pos">geminos</w>                <w xml:id="line.1103#w.2" pos="PUNC" lemma="," msd="MORPH=empty">,</w>                <w xml:id="line.1103#w.3" pos="ADJcar" lemma="una" msd="Case=Abl|Numb=Sing|Deg=Pos">una</w>                <w xml:id="line.1103#w.4" pos="NOM" lemma="mater" msd="Case=Abl|Numb=Sing">matre</w>                <w xml:id="line.1103#w.5" pos="NOM" lemma="natus?" msd="Case=Acc|Numb=Plur">natos</w>                <w xml:id="line.1103#w.6" pos="CONcoo" lemma="et2" msd="MORPH=empty">et</w>                <w xml:id="line.1103#w.7" pos="NOM" lemma="pater" msd="Case=Abl|Numb=Sing">patre</w>                <w xml:id="line.1103#w.8" pos="ADJcar" lemma="unus" msd="Case=Abl|Numb=Sing">uno</w>                <w xml:id="line.1103#w.9" pos="ADJcar" lemma="unus" msd="Case=Abl|Numb=Sing">uno</w>                <w xml:id="line.1103#w.10" pos="NOM" lemma="dies" msd="Case=Abl|Numb=Sing">die</w>                <w xml:id="line.1103#w.11" pos="PUNC" lemma="." msd="MORPH=empty">.</w>            </seg>            <seg xml:id="urn:cts:latinLit:phi0119.phi010.perseus-lat2:line.1104">                <w xml:id="line.1104#w.1" pos="ADJqua" lemma="mirus" msd="Case=Acc|Numb=Plur|Deg=Pos">Mira</w>                <w xml:id="line.1104#w.2" pos="VER" lemma="memoro" msd="Numb=Sing|Mood=Ind|Tense=Pres|Voice=Act|Person=2">memoras</w>                <w xml:id="line.1104#w.3" pos="PUNC" lemma="." msd="MORPH=empty">.</w>                <w xml:id="line.1104#w.4" pos="ADV" lemma="utinam" msd="Deg=Pos">utinam</w>                <w xml:id="line.1104#w.5" pos="VER" lemma="efficio" msd="Mood=Inf|Tense=Pres|Voice=Act">efficere</w>                <w xml:id="line.1104#w.6" pos="PROrel" lemma="qui1" msd="Case=Acc|Numb=Sing">quod</w>                <w xml:id="line.1104#w.7" pos="VER" lemma="possum1" msd="Numb=Sing|Mood=Sub|Tense=Pres|Voice=Act|Person=2">possies</w>                <w xml:id="line.1104#w.8" pos="PUNC" lemma="." msd="MORPH=empty">.</w>            </seg>            <seg xml:id="urn:cts:latinLit:phi0119.phi010.perseus-lat2:line.1105">                <w xml:id="line.1105#w.1" pos="VER" lemma="possum1" msd="Numb=Sing|Mood=Ind|Tense=Pres|Voice=Act|Person=1">Possum</w>                <w xml:id="line.1105#w.2" pos="PUNC" lemma="." msd="MORPH=empty">.</w>                <w xml:id="line.1105#w.3" pos="CONcoo" lemma="sed" msd="MORPH=empty">sed</w>                <w xml:id="line.1105#w.4" pos="ADV" lemma="nunc" msd="Deg=Pos">nunc</w>                <w xml:id="line.1105#w.5" pos="VER" lemma="agite" msd="Mood=Imp|Tense=Pres|Voice=Act|Person=2">agite</w>                <w xml:id="line.1105#w.6" pos="PROind" lemma="uterque" msd="Case=Nom|Numb=Sing">uterque</w>                <w xml:id="line.1105#w.7" pos="PROdem" lemma="is" msd="Case=Acc|Numb=Sing">id</w>                <w xml:id="line.1105#w.8" pos="PROrel" lemma="qui1" msd="Case=Acc|Numb=Sing">quod</w>                <w xml:id="line.1105#w.9" pos="VER" lemma="rogo" msd="Numb=Sing|Mood=Ind|Tense=Fut|Voice=Act|Person=1">rogabo</w>                <w xml:id="line.1105#w.10" pos="VER" lemma="dico?" msd="Numb=Plur|Mood=Imp|Tense=Pres|Voice=Act|Person=2">dicite</w>                <w xml:id="line.1105#w.11" pos="PUNC" lemma="." msd="MORPH=empty">.</w>            </seg>            <seg xml:id="urn:cts:latinLit:phi0119.phi010.perseus-lat2:line.1106">                <w xml:id="line.1106#w.1" pos="ADVint" lemma="ubi2" msd="MORPH=empty">Vbi</w>                <w xml:id="line.1106#w.2" pos="VER" lemma="libet" msd="Numb=Sing|Mood=Ind|Tense=Pres|Voice=Act|Person=3">lubet</w>                <w xml:id="line.1106#w.3" pos="PUNC" lemma="," msd="MORPH=empty">,</w>                <w xml:id="line.1106#w.4" pos="VER" lemma="rogo" msd="Numb=Sing|Mood=Imp|Tense=Pres|Voice=Act|Person=2">roga</w>                <w xml:id="line.1106#w.5" pos="PUNC" lemma=":" msd="MORPH=empty">:</w>                <w xml:id="line.1106#w.6" pos="VER" lemma="respondeo" msd="Numb=Sing|Mood=Ind|Tense=Fut|Voice=Act|Person=1">rÃ©spondebo</w>                <w xml:id="line.1106#w.7" pos="PUNC" lemma="." msd="MORPH=empty">.</w>                <w xml:id="line.1106#w.8" pos="PROind" lemma="nihil" msd="Case=Ind">nil</w>                <w xml:id="line.1106#w.9" pos="VER" lemma="reticeo" msd="Numb=Sing|Mood=Ind|Tense=Fut|Voice=Act|Person=1">reticebo</w>                <w xml:id="line.1106#w.10" pos="PROrel" lemma="qui1" msd="Case=Acc|Numb=Sing">quod</w>                <w xml:id="line.1106#w.11" pos="VER" lemma="scio" msd="Numb=Sing|Mood=Sub|Tense=Pres|Voice=Act|Person=1">sciam</w>                <w xml:id="line.1106#w.12" pos="PUNC" lemma="." msd="MORPH=empty">.</w>            </seg>            <seg xml:id="urn:cts:latinLit:phi0119.phi010.perseus-lat2:line.1107">                <w xml:id="line.1107#w.1" pos="VER" lemma="sum1" msd="Numb=Sing|Mood=Ind|Tense=Pres|Voice=Act|Person=3">Est</w>                <w xml:id="line.1107#w.2" pos="PROper" lemma="tu" msd="Case=Dat|Numb=Sing">tibi</w>                <w xml:id="line.1107#w.3" pos="NOM" lemma="nomen" msd="Case=Nom|Numb=Sing">nomen</w>                <w xml:id="line.1107#w.4" pos="NOM" lemma="menaechorus" msd="Case=Dat|Numb=Sing">Menaechmo</w>                <w xml:id="line.1107#w.5" pos="PUNC" lemma="?" msd="MORPH=empty">?</w>            </seg>            <seg xml:id="urn:cts:latinLit:phi0119.phi010.perseus-lat2:line.1107b">                <w xml:id="line.1107b#w.1" pos="VER" lemma="fateor" msd="Numb=Sing|Mood=Ind|Tense=Pres|Voice=Dep|Person=1">Fateor</w>                <w xml:id="line.1107b#w.2" pos="PUNC" lemma="." msd="MORPH=empty">.</w>            </seg>            <seg xml:id="urn:cts:latinLit:phi0119.phi010.perseus-lat2:line.1107c">                <w xml:id="line.1107c#w.1" pos="VER" lemma="sum1" msd="Numb=Sing|Mood=Ind|Tense=Pres|Voice=Act|Person=3">Est</w>                <w xml:id="line.1107c#w.2" pos="ADV" lemma="itidem" msd="Deg=Pos">itidem</w>                <w xml:id="line.1107c#w.3" pos="PROper" lemma="tu" msd="Case=Dat|Numb=Sing">tibi</w>                <w xml:id="line.1107c#w.4" pos="PUNC" lemma="?" msd="MORPH=empty">?</w>            </seg>            <seg xml:id="urn:cts:latinLit:phi0119.phi010.perseus-lat2:line.1108">                <w xml:id="line.1108#w.1" pos="VER" lemma="sum1" msd="Numb=Sing|Mood=Ind|Tense=Pres|Voice=Act|Person=3">Est</w>                <w xml:id="line.1108#w.2" pos="PUNC" lemma="." msd="MORPH=empty">.</w>            </seg>            <seg xml:id="urn:cts:latinLit:phi0119.phi010.perseus-lat2:line.1108b">                <w xml:id="line.1108b#w.1" pos="NOM" lemma="pater" msd="Case=Acc|Numb=Sing">Patrem</w>                <w xml:id="line.1108b#w.2" pos="VER" lemma="sum1" msd="Mood=Inf|Tense=Perf|Voice=Act">fuisse</w>                <w xml:id="line.1108b#w.3" pos="NOM" lemma="moschus" msd="Case=Acc|Numb=Sing">Moschum</w>                <w xml:id="line.1108b#w.4" pos="PROper" lemma="tu" msd="Case=Dat|Numb=Sing">tibi</w>                <w xml:id="line.1108b#w.5" pos="VER" lemma="aio" msd="Numb=Sing|Mood=Ind|Tense=Pres|Voice=Act|Person=2">ais</w>                <w xml:id="line.1108b#w.6" pos="PUNC" lemma="?" msd="MORPH=empty">?</w>            </seg>            <seg xml:id="urn:cts:latinLit:phi0119.phi010.perseus-lat2:line.1108c">                <w xml:id="line.1108c#w.1" pos="ADV" lemma="ita" msd="Deg=Pos">Ita</w>                <w xml:id="line.1108c#w.2" pos="ADV" lemma="uero3" msd="Deg=Pos">vero</w>                <w xml:id="line.1108c#w.3" pos="PUNC" lemma="." msd="MORPH=empty">.</w>            </seg>            <seg xml:id="urn:cts:latinLit:phi0119.phi010.perseus-lat2:line.1108d">                <w xml:id="line.1108d#w.1" pos="CONcoo" lemma="et2" msd="MORPH=empty">Et</w>                <w xml:id="line.1108d#w.2" pos="PROper" lemma="ego" msd="Case=Dat|Numb=Sing">mihi</w>                <w xml:id="line.1108d#w.3" pos="PUNC" lemma="." msd="MORPH=empty">.</w>            </seg>            <seg xml:id="urn:cts:latinLit:phi0119.phi010.perseus-lat2:line.1109">                <w xml:id="line.1109#w.1" pos="VER" lemma="sum" msd="Numb=Sing|Mood=Ind|Tense=Pres|Voice=Act|Person=2">Esne</w>                <w xml:id="line.1109#w.2" pos="ADV" lemma="ne2" msd="MORPH=empty">Esne</w>                <w xml:id="line.1109#w.3" pos="PROper" lemma="tu" msd="Case=Nom|Numb=Sing">tu</w>                <w xml:id="line.1109#w.4" pos="ADJqua" lemma="syracusanus" msd="Case=Nom|Numb=Sing|Deg=Pos">Syracusanus</w>                <w xml:id="line.1109#w.5" pos="PUNC" lemma="?" msd="MORPH=empty">?</w>            </seg>            <seg xml:id="urn:cts:latinLit:phi0119.phi010.perseus-lat2:line.1109b">                <w xml:id="line.1109b#w.1" pos="ADJqua" lemma="certo?" msd="Case=Abl|Numb=Sing|Deg=Pos">Certo</w>                <w xml:id="line.1109b#w.2" pos="PUNC" lemma="." msd="MORPH=empty">.</w>            </seg>            <seg xml:id="urn:cts:latinLit:phi0119.phi010.perseus-lat2:line.1109c">                <w xml:id="line.1109c#w.1" pos="PROint" lemma="quis1" msd="Case=Acc|Numb=Sing">Quid</w>                <w xml:id="line.1109c#w.2" pos="PROper" lemma="tu" msd="Case=Nom|Numb=Sing">tu</w>                <w xml:id="line.1109c#w.3" pos="PUNC" lemma="?" msd="MORPH=empty">?</w>            </seg>            <seg xml:id="urn:cts:latinLit:phi0119.phi010.perseus-lat2:line.1109d">                <w xml:id="line.1109d#w.1" pos="ADVint.neg" lemma="quippini" msd="MORPH=empty">Quippini</w>                <w xml:id="line.1109d#w.2" pos="PUNC" lemma="?" msd="MORPH=empty">?</w>            </seg>            <seg xml:id="urn:cts:latinLit:phi0119.phi010.perseus-lat2:line.1110">                <w xml:id="line.1110#w.1" pos="ADV" lemma="bene" msd="Deg=Sup">Optime</w>                <w xml:id="line.1110#w.2" pos="ADV" lemma="usque" msd="Deg=Pos">usque</w>                <w xml:id="line.1110#w.3" pos="ADV" lemma="adhuc" msd="Deg=Pos">adhuc</w>                <w xml:id="line.1110#w.4" pos="VER" lemma="conuenio" msd="Numb=Plur|Mood=Ind|Tense=Pres|Voice=Act|Person=3">conveniunt</w>                <w xml:id="line.1110#w.5" pos="NOM" lemma="signum" msd="Case=Acc|Numb=Plur">signa</w>                <w xml:id="line.1110#w.6" pos="PUNC" lemma="." msd="MORPH=empty">.</w>                <w xml:id="line.1110#w.7" pos="ADV" lemma="porro" msd="Deg=Pos">porro</w>                <w xml:id="line.1110#w.8" pos="NOM" lemma="opera" msd="Case=Acc|Numb=Sing">operam</w>                <w xml:id="line.1110#w.9" pos="VER" lemma="do" msd="Numb=Plur|Mood=Imp|Tense=Pres|Voice=Act|Person=2">date</w>                <w xml:id="line.1110#w.10" pos="PUNC" lemma="." msd="MORPH=empty">.</w>            </seg>            <seg xml:id="urn:cts:latinLit:phi0119.phi010.perseus-lat2:line.1111">                <w xml:id="line.1111#w.1" pos="PROint" lemma="quis1" msd="Case=Acc|Numb=Sing">quid</w>                <w xml:id="line.1111#w.2" pos="ADV" lemma="longe" msd="Deg=Sup">longissime</w>                <w xml:id="line.1111#w.3" pos="VER" lemma="memini" msd="Numb=Sing|Mood=Ind|Tense=Perf|Voice=Act|Person=2">meministi</w>                <w xml:id="line.1111#w.4" pos="PUNC" lemma="," msd="MORPH=empty">,</w>                <w xml:id="line.1111#w.5" pos="VER" lemma="dico?" msd="Numb=Sing|Mood=Imp|Tense=Pres|Voice=Act|Person=2">dic</w>                <w xml:id="line.1111#w.6" pos="PROper" lemma="ego" msd="Case=Dat|Numb=Sing">mihi</w>                <w xml:id="line.1111#w.7" pos="PUNC" lemma="," msd="MORPH=empty">,</w>                <w xml:id="line.1111#w.8" pos="PRE" lemma="in" msd="MORPH=empty">in</w>                <w xml:id="line.1111#w.9" pos="NOM" lemma="patria" msd="Case=Abl|Numb=Sing">patria</w>                <w xml:id="line.1111#w.10" pos="PROpos" lemma="tuus" msd="Case=Abl|Numb=Sing">tua</w>                <w xml:id="line.1111#w.11" pos="PUNC" lemma="?" msd="MORPH=empty">?</w>            </seg>            <seg xml:id="urn:cts:latinLit:phi0119.phi010.perseus-lat2:line.1112">                <w xml:id="line.1112#w.1" pos="PRE" lemma="cum2" msd="MORPH=empty">Cum</w>                <w xml:id="line.1112#w.2" pos="NOM" lemma="pater" msd="Case=Abl|Numb=Sing">patre</w>                <w xml:id="line.1112#w.3" pos="ADVrel" lemma="ut1" msd="MORPH=empty">ut</w>                <w xml:id="line.1112#w.4" pos="VER" lemma="abeo1" msd="Numb=Sing|Mood=Ind|Tense=Perf|Voice=Act|Person=1">abii</w>                <w xml:id="line.1112#w.5" pos="NOM" lemma="tareo" msd="Case=Gen|Numb=Plur">Tarentum</w>                <w xml:id="line.1112#w.6" pos="INJ" lemma="de" msd="MORPH=empty">Ã¡d</w>                <w xml:id="line.1112#w.7" pos="VER" lemma="mercor" msd="Case=Acc|Numb=Sing">mercatum</w>                <w xml:id="line.1112#w.8" pos="PUNC" lemma="," msd="MORPH=empty">,</w>                <w xml:id="line.1112#w.9" pos="ADV" lemma="postea" msd="Deg=Pos">postea</w>            </seg>            <seg xml:id="urn:cts:latinLit:phi0119.phi010.perseus-lat2:line.1113">                <w xml:id="line.1113#w.1" pos="PRE" lemma="inter" msd="MORPH=empty">inter</w>                <w xml:id="line.1113#w.2" pos="NOM" lemma="homo" msd="Case=Acc|Numb=Plur">homines</w>                <w xml:id="line.1113#w.3" pos="PROper" lemma="ego" msd="Case=Acc|Numb=Sing">me</w>                <w xml:id="line.1113#w.4" pos="VER" lemma="deerro2" msd="Mood=Inf|Tense=Pres|Voice=Act">deerrare</w>                <w xml:id="line.1113#w.5" pos="ADJcar" lemma="ante?" msd="MORPH=empty">Ã¡</w>                <w xml:id="line.1113#w.6" pos="NOM" lemma="pater" msd="Case=Abl|Numb=Sing">patre</w>                <w xml:id="line.1113#w.7" pos="CONcoo" lemma="atque1" msd="MORPH=empty">atque</w>                <w xml:id="line.1113#w.8" pos="ADV" lemma="inde" msd="Deg=Pos">inde</w>                <w xml:id="line.1113#w.9" pos="VER" lemma="aueho" msd="Mood=Inf|Tense=Pres|Voice=Pass">avehi</w>                <w xml:id="line.1113#w.10" pos="PUNC" lemma="." msd="MORPH=empty">.</w>            </seg>            <seg xml:id="urn:cts:latinLit:phi0119.phi010.perseus-lat2:line.1114">                <w xml:id="line.1114#w.1" pos="ADV" lemma="iuppiter" msd="Deg=Pos">Iuppiter</w>                <w xml:id="line.1114#w.2" pos="ADJqua" lemma="superus" msd="Case=Voc|Numb=Sing|Deg=Sup">supreme</w>                <w xml:id="line.1114#w.3" pos="PUNC" lemma="," msd="MORPH=empty">,</w>                <w xml:id="line.1114#w.4" pos="VER" lemma="seruo" msd="Numb=Sing|Mood=Imp|Tense=Pres|Voice=Act|Person=2">serva</w>                <w xml:id="line.1114#w.5" pos="PROper" lemma="ego" msd="Case=Acc|Numb=Sing">me</w>                <w xml:id="line.1114#w.6" pos="PUNC" lemma="." msd="MORPH=empty">.</w>            </seg>            <seg xml:id="urn:cts:latinLit:phi0119.phi010.perseus-lat2:line.1114b">                <w xml:id="line.1114b#w.1" pos="PROint" lemma="quis1" msd="Case=Acc|Numb=Sing">Quid</w>                <w xml:id="line.1114b#w.2" pos="VER" lemma="clamo" msd="Numb=Sing|Mood=Ind|Tense=Pres|Voice=Act|Person=2">clamas</w>                <w xml:id="line.1114b#w.3" pos="PUNC" lemma="?" msd="MORPH=empty">?</w>                <w xml:id="line.1114b#w.4" pos="ADVint.neg" lemma="quin3" msd="Deg=Pos">quin</w>                <w xml:id="line.1114b#w.5" pos="VER" lemma="taceo" msd="Numb=Sing|Mood=Ind|Tense=Pres|Voice=Act|Person=2">taces</w>                <w xml:id="line.1114b#w.6" pos="PUNC" lemma="?" msd="MORPH=empty">?</w>            </seg>            <seg xml:id="urn:cts:latinLit:phi0119.phi010.perseus-lat2:line.1115">                <w xml:id="line.1115#w.1" pos="PROint" lemma="quot2" msd="Case=Ind">quot</w>                <w xml:id="line.1115#w.2" pos="VER" lemma="sum1" msd="Numb=Sing|Mood=Ind|Tense=Impa|Voice=Act|Person=2">eras</w>                <w xml:id="line.1115#w.3" pos="NOM" lemma="annus" msd="Case=Acc|Numb=Plur">annos</w>                <w xml:id="line.1115#w.4" pos="NOM" lemma="natus?" msd="Case=Nom|Numb=Sing">gnatus</w>                <w xml:id="line.1115#w.5" pos="PUNC" lemma="," msd="MORPH=empty">,</w>                <w xml:id="line.1115#w.6" pos="CONsub" lemma="cum3" msd="MORPH=empty">quom</w>                <w xml:id="line.1115#w.7" pos="PROper" lemma="tu" msd="Case=Acc|Numb=Sing">te</w>                <w xml:id="line.1115#w.8" pos="NOM" lemma="pater" msd="Case=Nom|Numb=Sing">pater</w>                <w xml:id="line.1115#w.9" pos="PRE" lemma="ab" msd="MORPH=empty">a</w>                <w xml:id="line.1115#w.10" pos="NOM" lemma="patria" msd="Case=Abl|Numb=Sing">patria</w>                <w xml:id="line.1115#w.11" pos="VER" lemma="aueho" msd="Numb=Sing|Mood=Ind|Tense=Pres|Voice=Act|Person=3">Ã¡vehit</w>                <w xml:id="line.1115#w.12" pos="PUNC" lemma="?" msd="MORPH=empty">?</w>            </seg>            <seg xml:id="urn:cts:latinLit:phi0119.phi010.perseus-lat2:line.1116">                <w xml:id="line.1116#w.1" pos="ADJqua" lemma="septuennis" msd="Case=Gen|Numb=Sing|Deg=Pos">Septuennis</w>                <w xml:id="line.1116#w.2" pos="PUNC" lemma=":" msd="MORPH=empty">:</w>                <w xml:id="line.1116#w.3" pos="CONcoo" lemma="nam" msd="MORPH=empty">nam</w>                <w xml:id="line.1116#w.4" pos="ADV" lemma="tunc" msd="Deg=Pos">tunc</w>                <w xml:id="line.1116#w.5" pos="NOM" lemma="dens" msd="Case=Nom|Numb=Plur">dentes</w>                <w xml:id="line.1116#w.6" pos="PROper" lemma="ego" msd="Case=Dat|Numb=Sing">mihi</w>                <w xml:id="line.1116#w.7" pos="VER" lemma="cado" msd="Numb=Plur|Mood=Ind|Tense=Impa|Voice=Act|Person=3">cadebant</w>                <w xml:id="line.1116#w.8" pos="NOM" lemma="primulus" msd="Case=Nom|Numb=Sing">primulum</w>                <w xml:id="line.1116#w.9" pos="PUNC" lemma="." msd="MORPH=empty">.</w>            </seg>            <seg xml:id="urn:cts:latinLit:phi0119.phi010.perseus-lat2:line.1117">                <w xml:id="line.1117#w.1" pos="CONcoo" lemma="neque" msd="MORPH=empty">neque</w>                <w xml:id="line.1117#w.2" pos="NOM" lemma="pater" msd="Case=Acc|Numb=Sing">patrÃ©m</w>                <w xml:id="line.1117#w.3" pos="ADV" lemma="umquam" msd="Deg=Pos">umquam</w>                <w xml:id="line.1117#w.4" pos="ADV" lemma="postilla" msd="Deg=Pos">postilla</w>                <w xml:id="line.1117#w.5" pos="VER" lemma="uideo" msd="Numb=Sing|Mood=Ind|Tense=Perf|Voice=Act|Person=1">vidi</w>                <w xml:id="line.1117#w.6" pos="PUNC" lemma="." msd="MORPH=empty">.</w>            </seg>            <seg xml:id="urn:cts:latinLit:phi0119.phi010.perseus-lat2:line.1117b">                <w xml:id="line.1117b#w.1" pos="PROint" lemma="quis1" msd="Case=Acc|Numb=Sing">Quid</w>                <w xml:id="line.1117b#w.2" pos="PUNC" lemma="?" msd="MORPH=empty">?</w>                <w xml:id="line.1117b#w.3" pos="PROper" lemma="uos" msd="Case=Nom|Numb=Plur">vos</w>                <w xml:id="line.1117b#w.4" pos="ADV" lemma="tum" msd="Deg=Pos">tum</w>                <w xml:id="line.1117b#w.5" pos="NOM" lemma="pater" msd="Case=Dat|Numb=Sing">patri</w>            </seg>            <seg xml:id="urn:cts:latinLit:phi0119.phi010.perseus-lat2:line.1118">                <w xml:id="line.1118#w.1" pos="NOM" lemma="filius" msd="Case=Voc|Numb=Plur">filii</w>                <w xml:id="line.1118#w.2" pos="PROrel" lemma="quot1" msd="Case=Ind">quot</w>                <w xml:id="line.1118#w.3" pos="VER" lemma="sum1" msd="Numb=Plur|Mood=Ind|Tense=Impa|Voice=Act|Person=2">eratis</w>                <w xml:id="line.1118#w.4" pos="PUNC" lemma="?" msd="MORPH=empty">?</w>            </seg>            <seg xml:id="urn:cts:latinLit:phi0119.phi010.perseus-lat2:line.1118b">                <w xml:id="line.1118b#w.1" pos="ADVrel" lemma="ut1" msd="MORPH=empty">Vt</w>                <w xml:id="line.1118b#w.2" pos="ADV" lemma="nunc" msd="Deg=Pos">nunc</w>                <w xml:id="line.1118b#w.3" pos="ADV" lemma="magis2" msd="Deg=Sup">maxime</w>                <w xml:id="line.1118b#w.4" pos="VER" lemma="memini" msd="Numb=Sing|Mood=Ind|Tense=Perf|Voice=Act|Person=1">memini</w>                <w xml:id="line.1118b#w.5" pos="PUNC" lemma="," msd="MORPH=empty">,</w>                <w xml:id="line.1118b#w.6" pos="ADJcar" lemma="duo" msd="Case=Acc|Numb=Plur">duo</w>                <w xml:id="line.1118b#w.7" pos="PUNC" lemma="." msd="MORPH=empty">.</w>            </seg>            <seg xml:id="urn:cts:latinLit:phi0119.phi010.perseus-lat2:line.1119">                <w xml:id="line.1119#w.1" pos="PROint" lemma="uter3" msd="Case=Nom|Numb=Sing">Vter</w>                <w xml:id="line.1119#w.2" pos="VER" lemma="sum1" msd="Numb=Plur|Mood=Ind|Tense=Impa|Voice=Act|Person=2">eratis</w>                <w xml:id="line.1119#w.3" pos="PUNC" lemma="," msd="MORPH=empty">,</w>                <w xml:id="line.1119#w.4" pos="PROper" lemma="tu" msd="Case=Nom|Numb=Sing">tun</w>                <w xml:id="line.1119#w.5" pos="ADV" lemma="ne2" msd="MORPH=empty">tun</w>                <w xml:id="line.1119#w.6" pos="ADVint" lemma="an" msd="MORPH=empty">an</w>                <w xml:id="line.1119#w.7" pos="PROdem" lemma="ille" msd="Case=Nom|Numb=Sing">ille</w>                <w xml:id="line.1119#w.8" pos="PUNC" lemma="," msd="MORPH=empty">,</w>                <w xml:id="line.1119#w.9" pos="ADJqua" lemma="magnus" msd="Case=Nom|Numb=Sing|Deg=Comp">maior</w>                <w xml:id="line.1119#w.10" pos="PUNC" lemma="?" msd="MORPH=empty">?</w>            </seg>            <seg xml:id="urn:cts:latinLit:phi0119.phi010.perseus-lat2:line.1119b">                <w xml:id="line.1119b#w.1" pos="ADV" lemma="aeque" msd="Deg=Pos">Aeque</w>                <w xml:id="line.1119b#w.2" pos="ADJcar" lemma="ambo2" msd="Case=Nom|Numb=Plur">ambo</w>                <w xml:id="line.1119b#w.3" pos="ADJqua" lemma="par2" msd="Case=Nom|Numb=Plur|Deg=Pos">pares</w>                <w xml:id="line.1119b#w.4" pos="PUNC" lemma="." msd="MORPH=empty">.</w>            </seg>            <seg xml:id="urn:cts:latinLit:phi0119.phi010.perseus-lat2:line.1120">                <w xml:id="line.1120#w.1" pos="ADVint" lemma="qui3" msd="Case=Nom|Numb=Sing">Qui</w>                <w xml:id="line.1120#w.2" pos="PROdem" lemma="is" msd="Case=Nom|Numb=Sing">id</w>                <w xml:id="line.1120#w.3" pos="VER" lemma="possum1" msd="Numb=Sing|Mood=Ind|Tense=Pres|Voice=Act|Person=3">potest</w>                <w xml:id="line.1120#w.4" pos="PUNC" lemma="?" msd="MORPH=empty">?</w>            </seg>            <seg xml:id="urn:cts:latinLit:phi0119.phi010.perseus-lat2:line.1120b">                <w xml:id="line.1120b#w.1" pos="ADJqua" lemma="geminus" msd="Case=Nom|Numb=Plur|Deg=Pos">Gemini</w>                <w xml:id="line.1120b#w.2" pos="ADJcar" lemma="ambo2" msd="Case=Nom|Numb=Plur">ambo</w>                <w xml:id="line.1120b#w.3" pos="VER" lemma="sum1" msd="Numb=Plur|Mood=Ind|Tense=Impa|Voice=Act|Person=1">eramus</w>                <w xml:id="line.1120b#w.4" pos="PUNC" lemma="." msd="MORPH=empty">.</w>            </seg>            <seg xml:id="urn:cts:latinLit:phi0119.phi010.perseus-lat2:line.1120c">                <w xml:id="line.1120c#w.1" pos="NOM" lemma="deus" msd="Case=Nom|Numb=Plur">Di</w>                <w xml:id="line.1120c#w.2" pos="PROper" lemma="ego" msd="Case=Acc|Numb=Sing">me</w>                <w xml:id="line.1120c#w.3" pos="VER" lemma="seruo" msd="Case=Acc|Numb=Sing|Mood=Par|Tense=Perf|Voice=Pass">servatum</w>                <w xml:id="line.1120c#w.4" pos="VER" lemma="uolo?" msd="Numb=Plur|Mood=Ind|Tense=Pres|Voice=Act|Person=3">volunt</w>                <w xml:id="line.1120c#w.5" pos="PUNC" lemma="." msd="MORPH=empty">.</w>            </seg>            <seg xml:id="urn:cts:latinLit:phi0119.phi010.perseus-lat2:line.1121">                <w xml:id="line.1121#w.1" pos="CONsub" lemma="si2" msd="MORPH=empty">Si</w>                <w xml:id="line.1121#w.2" pos="VER" lemma="interpello" msd="Numb=Sing|Mood=Ind|Tense=Pres|Voice=Act|Person=2">interpellas</w>                <w xml:id="line.1121#w.3" pos="PUNC" lemma="," msd="MORPH=empty">,</w>                <w xml:id="line.1121#w.4" pos="PROper" lemma="ego" msd="Case=Nom|Numb=Sing">ego</w>                <w xml:id="line.1121#w.5" pos="VER" lemma="taceo" msd="Numb=Sing|Mood=Ind|Tense=Fut|Voice=Act|Person=1">tacebo</w>                <w xml:id="line.1121#w.6" pos="ADV" lemma="potius" msd="Deg=Comp">potius</w>                <w xml:id="line.1121#w.7" pos="PUNC" lemma="." msd="MORPH=empty">.</w>            </seg>            <seg xml:id="urn:cts:latinLit:phi0119.phi010.perseus-lat2:line.1121b">                <w xml:id="line.1121b#w.1" pos="VER" lemma="taceo" msd="Numb=Sing|Mood=Ind|Tense=Pres|Voice=Act|Person=1">Taceo</w>                <w xml:id="line.1121b#w.2" pos="PUNC" lemma="." msd="MORPH=empty">.</w>            </seg>            <seg xml:id="urn:cts:latinLit:phi0119.phi010.perseus-lat2:line.1121c">                <w xml:id="line.1121c#w.1" pos="VER" lemma="dico?" msd="Numb=Sing|Mood=Imp|Tense=Pres|Voice=Act|Person=2">Dic</w>                <w xml:id="line.1121c#w.2" pos="PROper" lemma="ego" msd="Case=Dat|Numb=Sing">mihi</w>                <w xml:id="line.1121c#w.3" pos="PUNC" lemma=":" msd="MORPH=empty">:</w>            </seg>            <seg xml:id="urn:cts:latinLit:phi0119.phi010.perseus-lat2:line.1122">                <w xml:id="line.1122#w.1" pos="ADJcar" lemma="unus" msd="Case=Abl|Numb=Sing">uno</w>                <w xml:id="line.1122#w.2" pos="NOM" lemma="nomen" msd="Case=Abl|Numb=Sing">nomine</w>                <w xml:id="line.1122#w.3" pos="ADJcar" lemma="ambo2" msd="Case=Nom|Numb=Plur">ambo</w>                <w xml:id="line.1122#w.4" pos="VER" lemma="sum1" msd="Numb=Plur|Mood=Ind|Tense=Impa|Voice=Act|Person=2">eratis</w>                <w xml:id="line.1122#w.5" pos="PUNC" lemma="?" msd="MORPH=empty">?</w>            </seg>            <seg xml:id="urn:cts:latinLit:phi0119.phi010.perseus-lat2:line.1122b">                <w xml:id="line.1122b#w.1" pos="ADV" lemma="parum2" msd="Deg=Sup">Minime</w>                <w xml:id="line.1122b#w.2" pos="PUNC" lemma="." msd="MORPH=empty">.</w>                <w xml:id="line.1122b#w.3" pos="CONcoo" lemma="nam" msd="MORPH=empty">nam</w>                <w xml:id="line.1122b#w.4" pos="PROper" lemma="ego" msd="Case=Dat|Numb=Sing">mihi</w>                <w xml:id="line.1122b#w.5" pos="PROdem" lemma="hic1" msd="Case=Nom|Numb=Sing">hoc</w>                <w xml:id="line.1122b#w.6" pos="VER" lemma="sum1" msd="Numb=Sing|Mood=Ind|Tense=Impa|Voice=Act|Person=3">erat</w>                <w xml:id="line.1122b#w.7" pos="PUNC" lemma="," msd="MORPH=empty">,</w>            </seg>            <seg xml:id="urn:cts:latinLit:phi0119.phi010.perseus-lat2:line.1123">                <w xml:id="line.1123#w.1" pos="PROrel" lemma="qui1" msd="Case=Nom|Numb=Sing">quod</w>                <w xml:id="line.1123#w.2" pos="ADV" lemma="nunc" msd="Deg=Pos">nunc</w>                <w xml:id="line.1123#w.3" pos="VER" lemma="sum1" msd="Numb=Sing|Mood=Ind|Tense=Pres|Voice=Act|Person=3">est</w>                <w xml:id="line.1123#w.4" pos="PUNC" lemma="," msd="MORPH=empty">,</w>                <w xml:id="line.1123#w.5" pos="NOM" lemma="menaecharus" msd="Case=Abl|Numb=Sing">Menaechmo</w>                <w xml:id="line.1123#w.6" pos="PUNC" lemma=":" msd="MORPH=empty">:</w>                <w xml:id="line.1123#w.7" pos="PROind" lemma="ullus" msd="Case=Acc|Numb=Sing">Ã­llum</w>                <w xml:id="line.1123#w.8" pos="ADV" lemma="tum" msd="Deg=Pos">tum</w>                <w xml:id="line.1123#w.9" pos="VER" lemma="uoco" msd="Numb=Plur|Mood=Ind|Tense=Impa|Voice=Act|Person=3">vocabant</w>                <w xml:id="line.1123#w.10" pos="VER" lemma="soscelo" msd="Numb=Sing|Mood=Sub|Tense=Pres|Voice=Act|Person=1">Sosiclem</w>                <w xml:id="line.1123#w.11" pos="PUNC" lemma="." msd="MORPH=empty">.</w>            </seg>            <seg xml:id="urn:cts:latinLit:phi0119.phi010.perseus-lat2:line.1124">                <w xml:id="line.1124#w.1" pos="NOM" lemma="signum" msd="Case=Acc|Numb=Plur">Signa</w>                <w xml:id="line.1124#w.2" pos="VER" lemma="agnosco" msd="Numb=Sing|Mood=Ind|Tense=Perf|Voice=Act|Person=1">adgnovi</w>                <w xml:id="line.1124#w.3" pos="PUNC" lemma="," msd="MORPH=empty">,</w>                <w xml:id="line.1124#w.4" pos="VER" lemma="contineo" msd="Mood=Inf|Tense=Pres|Voice=Pass">contineri</w>                <w xml:id="line.1124#w.5" pos="CONsub" lemma="quin2" msd="MORPH=empty">quin</w>                <w xml:id="line.1124#w.6" pos="VER" lemma="complector" msd="Numb=Sing|Mood=Ind|Tense=Fut|Voice=Dep|Person=1">complectar</w>                <w xml:id="line.1124#w.7" pos="ADVneg" lemma="non" msd="MORPH=empty">non</w>                <w xml:id="line.1124#w.8" pos="VER" lemma="queo" msd="Numb=Sing|Mood=Ind|Tense=Pres|Voice=Act|Person=1">queo</w>                <w xml:id="line.1124#w.9" pos="PUNC" lemma="." msd="MORPH=empty">.</w>            </seg>            <seg xml:id="urn:cts:latinLit:phi0119.phi010.perseus-lat2:line.1125">                <w xml:id="line.1125#w.1" pos="PROpos" lemma="meus" msd="Case=Voc|Numb=Sing">mi</w>                <w xml:id="line.1125#w.2" pos="NOM" lemma="germanus?" msd="Case=Voc|Numb=Sing">germane</w>                <w xml:id="line.1125#w.3" pos="VER" lemma="gemo" msd="Case=Voc|Numb=Sing">gemine</w>                <w xml:id="line.1125#w.4" pos="ADV" lemma="ne2" msd="MORPH=empty">gemine</w>                <w xml:id="line.1125#w.5" pos="NOM" lemma="frater" msd="Case=Voc|Numb=Sing">frater</w>                <w xml:id="line.1125#w.6" pos="PUNC" lemma="," msd="MORPH=empty">,</w>                <w xml:id="line.1125#w.7" pos="VER" lemma="salueo" msd="Numb=Sing|Mood=Imp|Tense=Pres|Voice=Act|Person=2">salve</w>                <w xml:id="line.1125#w.8" pos="PUNC" lemma="." msd="MORPH=empty">.</w>                <w xml:id="line.1125#w.9" pos="PROper" lemma="ego" msd="Case=Nom|Numb=Sing">ego</w>                <w xml:id="line.1125#w.10" pos="VER" lemma="sum1" msd="Numb=Sing|Mood=Ind|Tense=Pres|Voice=Act|Person=1">sum</w>                <w xml:id="line.1125#w.11" pos="VER" lemma="soscclo" msd="Numb=Sing|Mood=Sub|Tense=Pres|Voice=Act|Person=2">Sosicles</w>                <w xml:id="line.1125#w.12" pos="PUNC" lemma="." msd="MORPH=empty">.</w>            </seg>            <seg xml:id="urn:cts:latinLit:phi0119.phi010.perseus-lat2:line.1126">                <w xml:id="line.1126#w.1" pos="PROint" lemma="quis1" msd="Case=Abl|Numb=Sing">Quo</w>                <w xml:id="line.1126#w.2" pos="NOM" lemma="modus" msd="Case=Abl|Numb=Sing|Deg=Pos">modo</w>                <w xml:id="line.1126#w.3" pos="CONcoo" lemma="igitur" msd="MORPH=empty">igitur</w>                <w xml:id="line.1126#w.4" pos="ADV" lemma="post1" msd="Deg=Pos">post</w>                <w xml:id="line.1126#w.5" pos="NOM" lemma="menaecharus" msd="Case=Abl|Numb=Sing|Deg=Pos">Menaechmo</w>                <w xml:id="line.1126#w.6" pos="NOM" lemma="nomen" msd="Case=Nom|Numb=Sing">nomen</w>                <w xml:id="line.1126#w.7" pos="VER" lemma="sum1" msd="Numb=Sing|Mood=Ind|Tense=Pres|Voice=Act|Person=3">est</w>                <w xml:id="line.1126#w.8" pos="VER" lemma="facio" msd="Case=Nom|Numb=Sing|Mood=Par|Tense=Perf|Voice=Pass">factum</w>                <w xml:id="line.1126#w.9" pos="PROper" lemma="tu" msd="Case=Dat|Numb=Sing">tibi</w>                <w xml:id="line.1126#w.10" pos="PUNC" lemma="?" msd="MORPH=empty">?</w>            </seg>            <seg xml:id="urn:cts:latinLit:phi0119.phi010.perseus-lat2:line.1127">                <w xml:id="line.1127#w.1" pos="CONsub" lemma="postquam" msd="MORPH=empty">Postquam</w>                <w xml:id="line.1127#w.2" pos="PRE" lemma="ad2" msd="MORPH=empty">ad</w>                <w xml:id="line.1127#w.3" pos="PROper" lemma="nos" msd="Case=Acc|Numb=Plur">nos</w>                <w xml:id="line.1127#w.4" pos="VER" lemma="renuntio" msd="Numb=Sing|Mood=Par|Tense=Perf|Voice=Pass">renuntiatum</w>                <w xml:id="line.1127#w.5" pos="VER" lemma="sum1" msd="Numb=Sing|Mood=Ind|Tense=Pres|Voice=Act|Person=3">est</w>                <w xml:id="line.1127#w.6" pos="PROper" lemma="tu" msd="Case=Acc|Numb=Sing">te</w>                <w xml:id="line.1127#w.7" pos="CONcoo" lemma="et2" msd="MORPH=empty">et</w>                <w xml:id="line.1127#w.8" pos="NOM" lemma="pater" msd="Case=Acc|Numb=Sing">patrem</w>                <w xml:id="line.1127#w.9" pos="VER" lemma="sum1" msd="Mood=Inf|Tense=Pres|Voice=Act">esse</w>                <w xml:id="line.1127#w.10" pos="VER" lemma="morior" msd="Case=Acc|Numb=Sing|Mood=Par|Tense=Perf|Voice=Dep">mortuom</w>                <w xml:id="line.1127#w.11" pos="PUNC" lemma="," msd="MORPH=empty">,</w>            </seg>            <seg xml:id="urn:cts:latinLit:phi0119.phi010.perseus-lat2:line.1128">                <w xml:id="line.1128#w.1" pos="NOM" lemma="auus" msd="Case=Acc|Numb=Plur">avos</w>                <w xml:id="line.1128#w.2" pos="PROpos" lemma="noster" msd="Case=Nom|Numb=Sing">noster</w>                <w xml:id="line.1128#w.3" pos="VER" lemma="muto2" msd="Numb=Sing|Mood=Ind|Tense=Perf|Voice=Act|Person=3">mutavit</w>                <w xml:id="line.1128#w.4" pos="PUNC" lemma=":" msd="MORPH=empty">:</w>                <w xml:id="line.1128#w.5" pos="PROrel" lemma="qui1" msd="Case=Nom|Numb=Sing">quod</w>                <w xml:id="line.1128#w.6" pos="PROper" lemma="tu" msd="Case=Dat|Numb=Sing">tibi</w>                <w xml:id="line.1128#w.7" pos="NOM" lemma="nomen" msd="Case=Nom|Numb=Sing">nomen</w>                <w xml:id="line.1128#w.8" pos="VER" lemma="sum1" msd="Numb=Sing|Mood=Ind|Tense=Pres|Voice=Act|Person=3">est</w>                <w xml:id="line.1128#w.9" pos="PUNC" lemma="," msd="MORPH=empty">,</w>                <w xml:id="line.1128#w.10" pos="VER" lemma="facio" msd="Numb=Sing|Mood=Ind|Tense=Perf|Voice=Act|Person=3">fecit</w>                <w xml:id="line.1128#w.11" pos="PROper" lemma="ego" msd="Case=Dat|Numb=Sing">mihi</w>                <w xml:id="line.1128#w.12" pos="PUNC" lemma="." msd="MORPH=empty">.</w>            </seg>            <seg xml:id="urn:cts:latinLit:phi0119.phi010.perseus-lat2:line.1129">                <w xml:id="line.1129#w.1" pos="VER" lemma="credo" msd="Numb=Sing|Mood=Ind|Tense=Pres|Voice=Act|Person=1">Credo</w>                <w xml:id="line.1129#w.2" pos="ADV" lemma="ita" msd="Deg=Pos">ita</w>                <w xml:id="line.1129#w.3" pos="VER" lemma="sum1" msd="Mood=Inf|Tense=Pres|Voice=Act">esse</w>                <w xml:id="line.1129#w.4" pos="VER" lemma="facio" msd="Numb=Sing|Mood=Par|Tense=Perf|Voice=Pass">factum</w>                <w xml:id="line.1129#w.5" pos="ADVrel" lemma="ut1" msd="MORPH=empty">ut</w>                <w xml:id="line.1129#w.6" pos="VER" lemma="dico?" msd="Numb=Sing|Mood=Ind|Tense=Pres|Voice=Act|Person=2">dicis</w>                <w xml:id="line.1129#w.7" pos="PUNC" lemma="." msd="MORPH=empty">.</w>                <w xml:id="line.1129#w.8" pos="CONcoo" lemma="sed" msd="MORPH=empty">sed</w>                <w xml:id="line.1129#w.9" pos="PROper" lemma="ego" msd="Case=Dat|Numb=Sing">mi</w>                <w xml:id="line.1129#w.10" pos="PROdem" lemma="hic1" msd="Case=Acc|Numb=Sing">hoc</w>                <w xml:id="line.1129#w.11" pos="VER" lemma="respondeo" msd="Numb=Sing|Mood=Imp|Tense=Pres|Voice=Act|Person=2">responde</w>                <w xml:id="line.1129#w.12" pos="PUNC" lemma="." msd="MORPH=empty">.</w>            </seg>            <seg xml:id="urn:cts:latinLit:phi0119.phi010.perseus-lat2:line.1129a">                <w xml:id="line.1129a#w.1" pos="VER" lemma="rogo" msd="Numb=Sing|Mood=Imp|Tense=Pres|Voice=Act|Person=2">Roga</w>                <w xml:id="line.1129a#w.2" pos="PUNC" lemma="." msd="MORPH=empty">.</w>            </seg>            <seg xml:id="urn:cts:latinLit:phi0119.phi010.perseus-lat2:line.1131">                <w xml:id="line.1131#w.1" pos="PROint" lemma="quis1" msd="Case=Nom|Numb=Sing">Quid</w>                <w xml:id="line.1131#w.2" pos="VER" lemma="sum1" msd="Numb=Sing|Mood=Ind|Tense=Impa|Voice=Act|Person=3">erat</w>                <w xml:id="line.1131#w.3" pos="NOM" lemma="nomen" msd="Case=Nom|Numb=Sing">nomen</w>                <w xml:id="line.1131#w.4" pos="PROpos" lemma="noster" msd="Case=Dat|Numb=Sing">nostrae</w>                <w xml:id="line.1131#w.5" pos="NOM" lemma="mater" msd="Case=Dat|Numb=Sing">matri</w>                <w xml:id="line.1131#w.6" pos="PUNC" lemma="?" msd="MORPH=empty">?</w>            </seg>            <seg xml:id="urn:cts:latinLit:phi0119.phi010.perseus-lat2:line.1131b">                <w xml:id="line.1131b#w.1" pos="NOM" lemma="teuximarcha" msd="Case=Nom|Numb=Plur">Teuximarchae</w>                <w xml:id="line.1131b#w.2" pos="PUNC" lemma="." msd="MORPH=empty">.</w>            </seg>            <seg xml:id="urn:cts:latinLit:phi0119.phi010.perseus-lat2:line.1131c">                <w xml:id="line.1131c#w.1" pos="VER" lemma="conuenio" msd="Numb=Sing|Mood=Ind|Tense=Pres|Voice=Act|Person=3">Convenit</w>                <w xml:id="line.1131c#w.2" pos="PUNC" lemma="." msd="MORPH=empty">.</w>            </seg>            <seg xml:id="urn:cts:latinLit:phi0119.phi010.perseus-lat2:line.1132">                <w xml:id="line.1132#w.1" pos="INJ" lemma="o" msd="MORPH=empty">o</w>                <w xml:id="line.1132#w.2" pos="VER" lemma="salueo" msd="Numb=Sing|Mood=Imp|Tense=Pres|Voice=Act|Person=2">salve</w>                <w xml:id="line.1132#w.3" pos="PUNC" lemma="," msd="MORPH=empty">,</w>                <w xml:id="line.1132#w.4" pos="ADV" lemma="insperatus" msd="Case=Voc|Deg=Pos">insperate</w>                <w xml:id="line.1132#w.5" pos="ADJqua" lemma="multus" msd="Case=Abl|Numb=Plur|Deg=Pos">multis</w>                <w xml:id="line.1132#w.6" pos="NOM" lemma="annus" msd="Case=Abl|Numb=Plur">annis</w>                <w xml:id="line.1132#w.7" pos="ADV" lemma="post1" msd="MORPH=empty">post</w>                <w xml:id="line.1132#w.8" pos="PROrel" lemma="qui1" msd="Case=Acc|Numb=Sing">quem</w>                <w xml:id="line.1132#w.9" pos="VER" lemma="conspicor" msd="Numb=Sing|Mood=Ind|Tense=Pres|Voice=Dep|Person=1">conspicor</w>                <w xml:id="line.1132#w.10" pos="PUNC" lemma="." msd="MORPH=empty">.</w>            </seg>            <seg xml:id="urn:cts:latinLit:phi0119.phi010.perseus-lat2:line.1133">                <w xml:id="line.1133#w.1" pos="NOM" lemma="frater" msd="Case=Nom|Numb=Sing">Frater</w>                <w xml:id="line.1133#w.2" pos="PUNC" lemma="," msd="MORPH=empty">,</w>                <w xml:id="line.1133#w.3" pos="CONcoo" lemma="et2" msd="MORPH=empty">et</w>                <w xml:id="line.1133#w.4" pos="PROper" lemma="tu" msd="Case=Nom|Numb=Sing">tu</w>                <w xml:id="line.1133#w.5" pos="PUNC" lemma="," msd="MORPH=empty">,</w>                <w xml:id="line.1133#w.6" pos="ADVrel" lemma="qui2" msd="MORPH=empty">quÃ©m</w>                <w xml:id="line.1133#w.7" pos="PROper" lemma="ego" msd="Case=Nom|Numb=Sing">ego</w>                <w xml:id="line.1133#w.8" pos="ADJqua" lemma="multus" msd="Case=Abl|Numb=Plur|Deg=Pos">multis</w>                <w xml:id="line.1133#w.9" pos="NOM" lemma="miseria" msd="Case=Abl|Numb=Plur">miseriis</w>                <w xml:id="line.1133#w.10" pos="NOM" lemma="labor?" msd="Case=Abl|Numb=Plur">laboribus</w>            </seg>            <seg xml:id="urn:cts:latinLit:phi0119.phi010.perseus-lat2:line.1134">                <w xml:id="line.1134#w.1" pos="ADV" lemma="usque" msd="Deg=Pos">usque</w>                <w xml:id="line.1134#w.2" pos="ADV" lemma="adhuc" msd="Deg=Pos">adhuc</w>                <w xml:id="line.1134#w.3" pos="VER" lemma="quaero" msd="Numb=Sing|Mood=Ind|Tense=Perf|Voice=Act|Person=1">quaesivi</w>                <w xml:id="line.1134#w.4" pos="PROind" lemma="qui" msd="Case=Acc|Numb=Sing">quemque</w>                <w xml:id="line.1134#w.5" pos="CON" lemma="que" msd="MORPH=empty">quemque</w>                <w xml:id="line.1134#w.6" pos="PROper" lemma="ego" msd="Case=Nom|Numb=Sing">ego</w>                <w xml:id="line.1134#w.7" pos="VER" lemma="sum1" msd="Mood=Inf|Tense=Pres|Voice=Act">esse</w>                <w xml:id="line.1134#w.8" pos="VER" lemma="inuenio" msd="Case=Acc|Numb=Sing|Mood=Par|Tense=Perf|Voice=Pass">inventum</w>                <w xml:id="line.1134#w.9" pos="VER" lemma="gaudeo" msd="Numb=Sing|Mood=Ind|Tense=Pres|Voice=SemDep|Person=1">gaudeo</w>                <w xml:id="line.1134#w.10" pos="PUNC" lemma="." msd="MORPH=empty">.</w>            </seg>            <seg xml:id="urn:cts:latinLit:phi0119.phi010.perseus-lat2:line.1135">                <w xml:id="line.1135#w.1" pos="PROdem" lemma="hic1" msd="Case=Nom|Numb=Sing">Hoc</w>                <w xml:id="line.1135#w.2" pos="VER" lemma="sum1" msd="Numb=Sing|Mood=Ind|Tense=Impa|Voice=Act|Person=3">erat</w>                <w xml:id="line.1135#w.3" pos="PUNC" lemma="," msd="MORPH=empty">,</w>                <w xml:id="line.1135#w.4" pos="CONsub" lemma="quod2" msd="MORPH=empty">quod</w>                <w xml:id="line.1135#w.5" pos="PROdem" lemma="hic1" msd="Case=Nom|Numb=Sing">haec</w>                <w xml:id="line.1135#w.6" pos="PROper" lemma="tu" msd="Case=Acc|Numb=Sing">te</w>                <w xml:id="line.1135#w.7" pos="NOM" lemma="meretrix" msd="Case=Nom|Numb=Sing">meretrix</w>                <w xml:id="line.1135#w.8" pos="PROdem" lemma="hic1" msd="Case=Gen|Numb=Sing">huius</w>                <w xml:id="line.1135#w.9" pos="VER" lemma="uoco" msd="Numb=Sing|Mood=Ind|Tense=Impa|Voice=Act|Person=3">vocabat</w>                <w xml:id="line.1135#w.10" pos="NOM" lemma="nomen" msd="Case=Abl|Numb=Sing">nomine</w>                <w xml:id="line.1135#w.11" pos="PUNC" lemma=":" msd="MORPH=empty">:</w>            </seg>            <seg xml:id="urn:cts:latinLit:phi0119.phi010.perseus-lat2:line.1136">                <w xml:id="line.1136#w.1" pos="PROdem" lemma="hic1" msd="Case=Acc|Numb=Sing">hunc</w>                <w xml:id="line.1136#w.2" pos="VER" lemma="censeo" msd="Numb=Sing|Mood=Ind|Tense=Impa|Voice=Act|Person=3">censebat</w>                <w xml:id="line.1136#w.3" pos="PROper" lemma="tu" msd="Case=Acc|Numb=Sing">te</w>                <w xml:id="line.1136#w.4" pos="VER" lemma="sum1" msd="Mood=Inf|Tense=Pres|Voice=Act">esse</w>                <w xml:id="line.1136#w.5" pos="PUNC" lemma="," msd="MORPH=empty">,</w>                <w xml:id="line.1136#w.6" pos="VER" lemma="credo" msd="Numb=Sing|Mood=Ind|Tense=Pres|Voice=Act|Person=1">credo</w>                <w xml:id="line.1136#w.7" pos="PUNC" lemma="," msd="MORPH=empty">,</w>                <w xml:id="line.1136#w.8" pos="CONsub" lemma="cum3" msd="MORPH=empty">quom</w>                <w xml:id="line.1136#w.9" pos="VER" lemma="uoco" msd="Numb=Sing|Mood=Ind|Tense=Pres|Voice=Act|Person=3">vocat</w>                <w xml:id="line.1136#w.10" pos="PROper" lemma="tu" msd="Case=Acc|Numb=Sing">te</w>                <w xml:id="line.1136#w.11" pos="PRE" lemma="ad2" msd="MORPH=empty">ad</w>                <w xml:id="line.1136#w.12" pos="NOM" lemma="prandium" msd="Case=Acc|Numb=Sing">prandium</w>                <w xml:id="line.1136#w.13" pos="PUNC" lemma="." msd="MORPH=empty">.</w>            </seg>            <seg xml:id="urn:cts:latinLit:phi0119.phi010.perseus-lat2:line.1137">                <w xml:id="line.1137#w.1" pos="CONcoo" lemma="namque" msd="MORPH=empty">Namque</w>                <w xml:id="line.1137#w.2" pos="INJ" lemma="edepol" msd="MORPH=empty">edepol</w>                <w xml:id="line.1137#w.3" pos="VER" lemma="iubeo" msd="Numb=Sing|Mood=Ind|Tense=Perf|Voice=Act|Person=1">iussi</w>                <w xml:id="line.1137#w.4" pos="PROdem" lemma="hic1" msd="Case=Nom|Numb=Sing">hic</w>                <w xml:id="line.1137#w.5" pos="PROper" lemma="ego" msd="Case=Dat|Numb=Sing">mihi</w>                <w xml:id="line.1137#w.6" pos="ADV" lemma="hodie" msd="Deg=Pos">hodie</w>                <w xml:id="line.1137#w.7" pos="NOM" lemma="prandium" msd="Case=Acc|Numb=Sing">prandium</w>                <w xml:id="line.1137#w.8" pos="VER" lemma="apparo2" msd="Mood=Inf|Tense=Pres|Voice=Pass">appararier</w>                <w xml:id="line.1137#w.9" pos="PUNC" lemma="," msd="MORPH=empty">,</w>            </seg>            <seg xml:id="urn:cts:latinLit:phi0119.phi010.perseus-lat2:line.1138">                <w xml:id="line.1138#w.1" pos="ADV" lemma="clam1" msd="Deg=Pos">clam</w>                <w xml:id="line.1138#w.2" pos="PROpos" lemma="meus" msd="Case=Acc|Numb=Sing">meam</w>                <w xml:id="line.1138#w.3" pos="NOM" lemma="uxor" msd="Case=Acc|Numb=Sing">uxorem</w>                <w xml:id="line.1138#w.4" pos="PUNC" lemma="," msd="MORPH=empty">,</w>                <w xml:id="line.1138#w.5" pos="PROrel" lemma="qui1" msd="Case=Dat|Numb=Sing">quoi</w>                <w xml:id="line.1138#w.6" pos="NOM" lemma="palla" msd="Case=Acc|Numb=Sing">pallam</w>                <w xml:id="line.1138#w.7" pos="VER" lemma="surripio" msd="Numb=Sing|Mood=Ind|Tense=Perf|Voice=Act|Person=1">surrupui</w>                <w xml:id="line.1138#w.8" pos="ADV" lemma="dudum" msd="Deg=Pos">dudum</w>                <w xml:id="line.1138#w.9" pos="NOM" lemma="domus" msd="Case=Abl|Numb=Sing">domo</w>                <w xml:id="line.1138#w.10" pos="PUNC" lemma="," msd="MORPH=empty">,</w>            </seg>            <seg xml:id="urn:cts:latinLit:phi0119.phi010.perseus-lat2:line.1139">                <w xml:id="line.1139#w.1" pos="PROdem" lemma="is" msd="Case=Acc|Numb=Sing">eam</w>                <w xml:id="line.1139#w.2" pos="VER" lemma="do" msd="Numb=Sing|Mood=Ind|Tense=Perf|Voice=Act|Person=1">dedi</w>                <w xml:id="line.1139#w.3" pos="PROdem" lemma="hic1" msd="Case=Dat|Numb=Sing">huic</w>                <w xml:id="line.1139#w.4" pos="PUNC" lemma="." msd="MORPH=empty">.</w>            </seg>            <seg xml:id="urn:cts:latinLit:phi0119.phi010.perseus-lat2:line.1139b">                <w xml:id="line.1139b#w.1" pos="PROdem" lemma="hic1" msd="Case=Acc|Numb=Sing">Hanc</w>                <w xml:id="line.1139b#w.2" pos="PUNC" lemma="," msd="MORPH=empty">,</w>                <w xml:id="line.1139b#w.3" pos="VER" lemma="dico?" msd="Numb=Sing|Mood=Ind|Tense=Pres|Voice=Act|Person=2">dicis</w>                <w xml:id="line.1139b#w.4" pos="PUNC" lemma="," msd="MORPH=empty">,</w>                <w xml:id="line.1139b#w.5" pos="NOM" lemma="frater" msd="Case=Voc|Numb=Sing">frater</w>                <w xml:id="line.1139b#w.6" pos="PUNC" lemma="," msd="MORPH=empty">,</w>                <w xml:id="line.1139b#w.7" pos="NOM" lemma="palla" msd="Case=Acc|Numb=Sing">pallam</w>                <w xml:id="line.1139b#w.8" pos="PUNC" lemma="," msd="MORPH=empty">,</w>                <w xml:id="line.1139b#w.9" pos="PROrel" lemma="qui1" msd="Case=Acc|Numb=Sing">quam</w>                <w xml:id="line.1139b#w.10" pos="PROper" lemma="ego" msd="Case=Nom|Numb=Sing">ego</w>                <w xml:id="line.1139b#w.11" pos="VER" lemma="habeo" msd="Numb=Sing|Mood=Ind|Tense=Pres|Voice=Act|Person=1">habeo</w>                <w xml:id="line.1139b#w.12" pos="PUNC" lemma="?" msd="MORPH=empty">?</w>            </seg>            <seg xml:id="urn:cts:latinLit:phi0119.phi010.perseus-lat2:line.1139c">                <w xml:id="line.1139c#w.1" pos="PROdem" lemma="hic1" msd="Case=Nom|Numb=Sing">Haec</w>                <w xml:id="line.1139c#w.2" pos="PROdem" lemma="is" msd="Case=Nom|Numb=Sing">east</w>                <w xml:id="line.1139c#w.3" pos="VER" lemma="sum1" msd="Numb=Sing|Mood=Ind|Tense=Pres|Voice=Act|Person=3">east</w>                <w xml:id="line.1139c#w.4" pos="PUNC" lemma="." msd="MORPH=empty">.</w>            </seg>            <seg xml:id="urn:cts:latinLit:phi0119.phi010.perseus-lat2:line.1140">                <w xml:id="line.1140#w.1" pos="PROrel" lemma="qui1" msd="Case=Abl|Numb=Sing">quo</w>                <w xml:id="line.1140#w.2" pos="NOM" lemma="modus" msd="Case=Abl|Numb=Sing">modo</w>                <w xml:id="line.1140#w.3" pos="PROdem" lemma="hic1" msd="Case=Nom|Numb=Plur">haec</w>                <w xml:id="line.1140#w.4" pos="PRE" lemma="ad2" msd="MORPH=empty">ad</w>                <w xml:id="line.1140#w.5" pos="PROper" lemma="tu" msd="Case=Acc|Numb=Sing">te</w>                <w xml:id="line.1140#w.6" pos="VER" lemma="peruenio" msd="Numb=Sing|Mood=Ind|Tense=Perf|Voice=Act|Person=3">pervenit</w>                <w xml:id="line.1140#w.7" pos="PUNC" lemma="?" msd="MORPH=empty">?</w>            </seg>            <seg xml:id="urn:cts:latinLit:phi0119.phi010.perseus-lat2:line.1140b">                <w xml:id="line.1140b#w.1" pos="NOM" lemma="meretrix" msd="Case=Nom|Numb=Sing">Meretrix</w>                <w xml:id="line.1140b#w.2" pos="ADV" lemma="huc" msd="Deg=Pos">huc</w>                <w xml:id="line.1140b#w.3" pos="PRE" lemma="ad2" msd="MORPH=empty">ad</w>                <w xml:id="line.1140b#w.4" pos="NOM" lemma="prandium" msd="Case=Acc|Numb=Sing">prandium</w>            </seg>            <seg xml:id="urn:cts:latinLit:phi0119.phi010.perseus-lat2:line.1141">                <w xml:id="line.1141#w.1" pos="PROper" lemma="ego" msd="Case=Acc|Numb=Sing">me</w>                <w xml:id="line.1141#w.2" pos="VER" lemma="abduco" msd="Numb=Sing|Mood=Ind|Tense=Perf|Voice=Act|Person=3">abduxit</w>                <w xml:id="line.1141#w.3" pos="PUNC" lemma="," msd="MORPH=empty">,</w>                <w xml:id="line.1141#w.4" pos="PROper" lemma="ego" msd="Case=Acc|Numb=Sing">me</w>                <w xml:id="line.1141#w.5" pos="PROref" lemma="sui1" msd="Case=Dat|Numb=Sing">sibi</w>                <w xml:id="line.1141#w.6" pos="VER" lemma="do" msd="Mood=Inf|Tense=Perf|Voice=Act">dedisse</w>                <w xml:id="line.1141#w.7" pos="VER" lemma="aio" msd="Numb=Sing|Mood=Ind|Tense=Impa|Voice=Act|Person=3">aiebat</w>                <w xml:id="line.1141#w.8" pos="PUNC" lemma="." msd="MORPH=empty">.</w>                <w xml:id="line.1141#w.9" pos="VER" lemma="prandio" msd="Case=Gen|Numb=Sing|Mood=Ger|Voice=Act">prandi</w>                <w xml:id="line.1141#w.10" pos="ADV" lemma="perbene" msd="Deg=Pos">perbene</w>                <w xml:id="line.1141#w.11" pos="PUNC" lemma="," msd="MORPH=empty">,</w>            </seg>            <seg xml:id="urn:cts:latinLit:phi0119.phi010.perseus-lat2:line.1142">                <w xml:id="line.1142#w.1" pos="VER" lemma="poto" msd="Numb=Sing|Mood=Ind|Tense=Perf|Voice=Act|Person=1">potavi</w>                <w xml:id="line.1142#w.2" pos="CONcoo" lemma="atque1" msd="MORPH=empty">atque</w>                <w xml:id="line.1142#w.3" pos="VER" lemma="accumbo" msd="Numb=Sing|Mood=Ind|Tense=Perf|Voice=Act|Person=1">accubui</w>                <w xml:id="line.1142#w.4" pos="NOM" lemma="scortum" msd="Case=Acc|Numb=Sing">scortum</w>                <w xml:id="line.1142#w.5" pos="PUNC" lemma="," msd="MORPH=empty">,</w>                <w xml:id="line.1142#w.6" pos="NOM" lemma="palla" msd="Case=Acc|Numb=Sing">pallam</w>                <w xml:id="line.1142#w.7" pos="CONcoo" lemma="et2" msd="MORPH=empty">et</w>                <w xml:id="line.1142#w.8" pos="NOM" lemma="aurum" msd="Case=Acc|Numb=Sing">aurum</w>                <w xml:id="line.1142#w.9" pos="PROdem" lemma="hic1" msd="Case=Acc|Numb=Sing">hoc</w>                <w xml:id="line.1142#w.10" pos="VER" lemma="aufero" msd="Numb=Sing|Mood=Ind|Tense=Perf|Voice=Act|Person=1">abstuli</w>                <w xml:id="line.1142#w.11" pos="PUNC" lemma="." msd="MORPH=empty">.</w>            </seg>            <seg xml:id="urn:cts:latinLit:phi0119.phi010.perseus-lat2:line.1143">                <w xml:id="line.1143#w.1" pos="VER" lemma="gaudeo" msd="Numb=Sing|Mood=Ind|Tense=Pres|Voice=SemDep|Person=1">Gaudeo</w>                <w xml:id="line.1143#w.2" pos="INJ" lemma="edepol" msd="MORPH=empty">edepol</w>                <w xml:id="line.1143#w.3" pos="PUNC" lemma="," msd="MORPH=empty">,</w>                <w xml:id="line.1143#w.4" pos="CONsub" lemma="si2" msd="MORPH=empty">si</w>                <w xml:id="line.1143#w.5" pos="PROind" lemma="quis2" msd="Case=Nom|Numb=Sing">quid</w>                <w xml:id="line.1143#w.6" pos="PRE" lemma="propter2" msd="MORPH=empty">propter</w>                <w xml:id="line.1143#w.7" pos="PROper" lemma="ego" msd="Case=Acc|Numb=Sing">me</w>                <w xml:id="line.1143#w.8" pos="PROper" lemma="tu" msd="Case=Dat|Numb=Sing">tibi</w>                <w xml:id="line.1143#w.9" pos="VER" lemma="euenio" msd="Numb=Sing|Mood=Ind|Tense=Pres|Voice=Act|Person=3">evenit</w>                <w xml:id="line.1143#w.10" pos="NOM" lemma="bonus" msd="Case=Gen|Numb=Sing">boni</w>                <w xml:id="line.1143#w.11" pos="PUNC" lemma="." msd="MORPH=empty">.</w>            </seg>            <seg xml:id="urn:cts:latinLit:phi0119.phi010.perseus-lat2:line.1144">                <w xml:id="line.1144#w.1" pos="CONcoo" lemma="nam" msd="MORPH=empty">nam</w>                <w xml:id="line.1144#w.2" pos="PROdem" lemma="ille" msd="Case=Nom|Numb=Sing">illa</w>                <w xml:id="line.1144#w.3" pos="CONsub" lemma="cum3" msd="MORPH=empty">quom</w>                <w xml:id="line.1144#w.4" pos="PROper" lemma="tu" msd="Case=Acc|Numb=Sing">te</w>                <w xml:id="line.1144#w.5" pos="PRE" lemma="ad2" msd="MORPH=empty">ad</w>                <w xml:id="line.1144#w.6" pos="PROref" lemma="sui1" msd="Case=Acc|Numb=Sing">se</w>                <w xml:id="line.1144#w.7" pos="VER" lemma="uoco" msd="Numb=Sing|Mood=Ind|Tense=Impa|Voice=Act|Person=3">vocabat</w>                <w xml:id="line.1144#w.8" pos="PUNC" lemma="," msd="MORPH=empty">,</w>                <w xml:id="line.1144#w.9" pos="PROper" lemma="ego" msd="Case=Acc|Numb=Sing">memet</w>                <w xml:id="line.1144#w.10" pos="VER" lemma="sum1" msd="Mood=Inf|Tense=Pres|Voice=Act">esse</w>                <w xml:id="line.1144#w.11" pos="VER" lemma="credo" msd="Numb=Sing|Mood=Ind|Tense=Perf|Voice=Act|Person=3">credidit</w>                <w xml:id="line.1144#w.12" pos="PUNC" lemma="." msd="MORPH=empty">.</w>            </seg>            <seg xml:id="urn:cts:latinLit:phi0119.phi010.perseus-lat2:line.1146">                <w xml:id="line.1146#w.1" pos="ADVint" lemma="numquid" msd="MORPH=empty">Numquid</w>                <w xml:id="line.1146#w.2" pos="PROper" lemma="ego" msd="Case=Acc|Numb=Sing">me</w>                <w xml:id="line.1146#w.3" pos="VER" lemma="moror1" msd="Numb=Sing|Mood=Imp|Tense=Pres|Voice=Dep|Person=2">morare</w>                <w xml:id="line.1146#w.4" pos="CONsub" lemma="quin2" msd="MORPH=empty">quin</w>                <w xml:id="line.1146#w.5" pos="PROper" lemma="ego" msd="Case=Nom|Numb=Sing">ego</w>                <w xml:id="line.1146#w.6" pos="ADJqua" lemma="liber2" msd="Case=Nom|Numb=Sing|Deg=Pos">liber</w>                <w xml:id="line.1146#w.7" pos="PUNC" lemma="," msd="MORPH=empty">,</w>                <w xml:id="line.1146#w.8" pos="CONsub" lemma="ut4" msd="MORPH=empty">ut</w>                <w xml:id="line.1146#w.9" pos="ADJqua" lemma="iustus" msd="Case=Gen|Numb=Sing|Deg=Pos">iusti</w>                <w xml:id="line.1146#w.10" pos="PUNC" lemma="," msd="MORPH=empty">,</w>                <w xml:id="line.1146#w.11" pos="VER" lemma="sum1" msd="Numb=Sing|Mood=Sub|Tense=Pres|Voice=Act|Person=1">siem</w>                <w xml:id="line.1146#w.12" pos="PUNC" lemma="?" msd="MORPH=empty">?</w>            </seg>            <seg xml:id="urn:cts:latinLit:phi0119.phi010.perseus-lat2:line.1147">                <w xml:id="line.1147#w.1" pos="ADJqua" lemma="bonus" msd="Case=Acc|Numb=Sing|Deg=Sup">Optimum</w>                <w xml:id="line.1147#w.2" pos="CONcoo" lemma="atque1" msd="MORPH=empty">atque</w>                <w xml:id="line.1147#w.3" pos="ADJqua" lemma="aequus" msd="Case=Acc|Numb=Sing|Deg=Sup">aequissimum</w>                <w xml:id="line.1147#w.4" pos="VER" lemma="oro" msd="Numb=Sing|Mood=Ind|Tense=Pres|Voice=Act|Person=3">orat</w>                <w xml:id="line.1147#w.5" pos="PUNC" lemma="," msd="MORPH=empty">,</w>                <w xml:id="line.1147#w.6" pos="NOM" lemma="frater" msd="Case=Nom|Numb=Sing">frater</w>                <w xml:id="line.1147#w.7" pos="PUNC" lemma=":" msd="MORPH=empty">:</w>                <w xml:id="line.1147#w.8" pos="VER" lemma="facio" msd="Numb=Sing|Mood=Imp|Tense=Pres|Voice=Act|Person=2">fac</w>                <w xml:id="line.1147#w.9" pos="NOM" lemma="causa" msd="Case=Nom|Numb=Sing">causa</w>                <w xml:id="line.1147#w.10" pos="PROpos" lemma="meus" msd="Case=Abl|Numb=Sing">mea</w>                <w xml:id="line.1147#w.11" pos="PUNC" lemma="." msd="MORPH=empty">.</w>            </seg>            <seg xml:id="urn:cts:latinLit:phi0119.phi010.perseus-lat2:line.1148">                <w xml:id="line.1148#w.1" pos="ADJqua" lemma="liber2" msd="Case=Nom|Numb=Sing|Deg=Pos">Liber</w>                <w xml:id="line.1148#w.2" pos="VER" lemma="sum1" msd="Numb=Sing|Mood=Imp|Tense=Fut|Voice=Act|Person=3">esto</w>                <w xml:id="line.1148#w.3" pos="PUNC" lemma="." msd="MORPH=empty">.</w>            </seg>            <seg xml:id="urn:cts:latinLit:phi0119.phi010.perseus-lat2:line.1148b">                <w xml:id="line.1148b#w.1" pos="CONsub" lemma="cum3" msd="MORPH=empty">Quom</w>                <w xml:id="line.1148b#w.2" pos="PROper" lemma="tu" msd="Case=Nom|Numb=Sing">tu</w>                <w xml:id="line.1148b#w.3" pos="VER" lemma="sum1" msd="Numb=Sing|Mood=Ind|Tense=Pres|Voice=Act|Person=2">es</w>                <w xml:id="line.1148b#w.4" pos="ADJqua" lemma="liber2" msd="Case=Nom|Numb=Sing|Deg=Pos">liber</w>                <w xml:id="line.1148b#w.5" pos="PUNC" lemma="," msd="MORPH=empty">,</w>                <w xml:id="line.1148b#w.6" pos="VER" lemma="gaudeo" msd="Numb=Sing|Mood=Ind|Tense=Pres|Voice=SemDep|Person=1">gaudeo</w>                <w xml:id="line.1148b#w.7" pos="PUNC" lemma="," msd="MORPH=empty">,</w>                <w xml:id="line.1148b#w.8" pos="NOM" lemma="messenium" msd="Case=Abl|Numb=Sing">Messenio</w>                <w xml:id="line.1148b#w.9" pos="PUNC" lemma="." msd="MORPH=empty">.</w>            </seg>            <seg xml:id="urn:cts:latinLit:phi0119.phi010.perseus-lat2:line.1149">                <w xml:id="line.1149#w.1" pos="CONcoo" lemma="sed" msd="MORPH=empty">Sed</w>                <w xml:id="line.1149#w.2" pos="ADJqua" lemma="bonus" msd="Case=Nom|Numb=Sing|Deg=Comp">meliorest</w>                <w xml:id="line.1149#w.3" pos="VER" lemma="sum1" msd="Numb=Sing|Mood=Ind|Tense=Pres|Voice=Act|Person=3">meliorest</w>                <w xml:id="line.1149#w.4" pos="NOM" lemma="opus?" msd="Case=Ind|Numb=Sing">opus</w>                <w xml:id="line.1149#w.5" pos="NOM" lemma="auspicium" msd="Case=Abl|Numb=Sing">auspicio</w>                <w xml:id="line.1149#w.6" pos="PUNC" lemma="," msd="MORPH=empty">,</w>                <w xml:id="line.1149#w.7" pos="CONsub" lemma="ut4" msd="MORPH=empty">ut</w>                <w xml:id="line.1149#w.8" pos="ADJqua" lemma="liber2" msd="Case=Nom|Numb=Sing|Deg=Pos">liber</w>                <w xml:id="line.1149#w.9" pos="ADV" lemma="perpetuo2" msd="Deg=Pos">perpetuo</w>                <w xml:id="line.1149#w.10" pos="VER" lemma="sum1" msd="Numb=Sing|Mood=Sub|Tense=Pres|Voice=Act|Person=1">siem</w>                <w xml:id="line.1149#w.11" pos="PUNC" lemma="." msd="MORPH=empty">.</w>            </seg>            <seg xml:id="urn:cts:latinLit:phi0119.phi010.perseus-lat2:line.1151">                <w xml:id="line.1151#w.1" pos="CONsub" lemma="quoniam" msd="MORPH=empty">Quoniam</w>                <w xml:id="line.1151#w.2" pos="PROdem" lemma="hic1" msd="Case=Nom|Numb=Plur">haec</w>                <w xml:id="line.1151#w.3" pos="VER" lemma="euenio" msd="Numb=Plur|Mood=Ind|Tense=Perf|Voice=Act|Person=3">evenerunt</w>                <w xml:id="line.1151#w.4" pos="PUNC" lemma="," msd="MORPH=empty">,</w>                <w xml:id="line.1151#w.5" pos="NOM" lemma="frater" msd="Case=Nom|Numb=Sing">frater</w>                <w xml:id="line.1151#w.6" pos="PUNC" lemma="," msd="MORPH=empty">,</w>                <w xml:id="line.1151#w.7" pos="PROpos" lemma="noster" msd="Case=Nom|Numb=Sing">nostra</w>                <w xml:id="line.1151#w.8" pos="PRE" lemma="ex" msd="Numb=Sing">Ã©x</w>                <w xml:id="line.1151#w.9" pos="NOM" lemma="sententia" msd="Case=Abl|Numb=Sing">sententia</w>                <w xml:id="line.1151#w.10" pos="PUNC" lemma="," msd="MORPH=empty">,</w>            </seg>            <seg xml:id="urn:cts:latinLit:phi0119.phi010.perseus-lat2:line.1152">                <w xml:id="line.1152#w.1" pos="PRE" lemma="in" msd="MORPH=empty">in</w>                <w xml:id="line.1152#w.2" pos="NOM" lemma="patria" msd="Case=Acc|Numb=Sing">patriam</w>                <w xml:id="line.1152#w.3" pos="VER" lemma="redeo1" msd="Numb=Plur|Mood=Sub|Tense=Pres|Voice=Act|Person=1">redeamus</w>                <w xml:id="line.1152#w.4" pos="ADJcar" lemma="ambo2" msd="Case=Nom|Numb=Plur">ambo</w>                <w xml:id="line.1152#w.5" pos="PUNC" lemma="." msd="MORPH=empty">.</w>            </seg>            <seg xml:id="urn:cts:latinLit:phi0119.phi010.perseus-lat2:line.1152b">                <w xml:id="line.1152b#w.1" pos="NOM" lemma="frater" msd="Case=Voc|Numb=Sing">Frater</w>                <w xml:id="line.1152b#w.2" pos="PUNC" lemma="," msd="MORPH=empty">,</w>                <w xml:id="line.1152b#w.3" pos="VER" lemma="facio" msd="Numb=Sing|Mood=Ind|Tense=Fut|Voice=Act|Person=1">faciam</w>                <w xml:id="line.1152b#w.4" pos="PUNC" lemma="," msd="MORPH=empty">,</w>                <w xml:id="line.1152b#w.5" pos="CONsub" lemma="ut4" msd="MORPH=empty">ut</w>                <w xml:id="line.1152b#w.6" pos="PROper" lemma="tu" msd="Case=Nom|Numb=Sing">tu</w>                <w xml:id="line.1152b#w.7" pos="VER" lemma="uolo?" msd="Numb=Sing|Mood=Ind|Tense=Fut|Voice=Act|Person=2">voles</w>                <w xml:id="line.1152b#w.8" pos="PUNC" lemma="." msd="MORPH=empty">.</w>            </seg>            <seg xml:id="urn:cts:latinLit:phi0119.phi010.perseus-lat2:line.1153">                <w xml:id="line.1153#w.1" pos="NOM" lemma="auctio" msd="Case=Acc|Numb=Sing">auctionem</w>                <w xml:id="line.1153#w.2" pos="ADV" lemma="hic2" msd="Deg=Pos">hic</w>                <w xml:id="line.1153#w.3" pos="VER" lemma="facio" msd="Numb=Sing|Mood=Ind|Tense=Fut|Voice=Act|Person=1">faciam</w>                <w xml:id="line.1153#w.4" pos="CONcoo" lemma="et2" msd="MORPH=empty">et</w>                <w xml:id="line.1153#w.5" pos="VER" lemma="uendo" msd="Numb=Sing|Mood=Ind|Tense=Fut|Voice=Act|Person=1">vendam</w>                <w xml:id="line.1153#w.6" pos="PROrel" lemma="quisquis1" msd="Case=Nom|Numb=Sing">quidquid</w>                <w xml:id="line.1153#w.7" pos="VER" lemma="sum1" msd="Numb=Sing|Mood=Ind|Tense=Pres|Voice=Act|Person=3">est</w>                <w xml:id="line.1153#w.8" pos="PUNC" lemma="." msd="MORPH=empty">.</w>                <w xml:id="line.1153#w.9" pos="ADV" lemma="nunc" msd="Deg=Pos">nunc</w>                <w xml:id="line.1153#w.10" pos="ADV" lemma="interim" msd="Deg=Pos">interim</w>            </seg>            <seg xml:id="urn:cts:latinLit:phi0119.phi010.perseus-lat2:line.1154">                <w xml:id="line.1154#w.1" pos="VER" lemma="eo1" msd="Numb=Plur|Mood=Sub|Tense=Pres|Voice=Act|Person=1">eamus</w>                <w xml:id="line.1154#w.2" pos="ADV" lemma="intro2" msd="Deg=Pos">intro</w>                <w xml:id="line.1154#w.3" pos="PUNC" lemma="," msd="MORPH=empty">,</w>                <w xml:id="line.1154#w.4" pos="NOM" lemma="frater" msd="Case=Voc|Numb=Sing">frater</w>                <w xml:id="line.1154#w.5" pos="PUNC" lemma="." msd="MORPH=empty">.</w>            </seg>            <seg xml:id="urn:cts:latinLit:phi0119.phi010.perseus-lat2:line.1154b">                <w xml:id="line.1154b#w.1" pos="VER" lemma="fio" msd="Numb=Sing|Mood=Sub|Tense=Pres|Voice=Act|Person=3">Fiat</w>                <w xml:id="line.1154b#w.2" pos="PUNC" lemma="." msd="MORPH=empty">.</w>            </seg>            <seg xml:id="urn:cts:latinLit:phi0119.phi010.perseus-lat2:line.1154c">                <w xml:id="line.1154c#w.1" pos="VER" lemma="scitio" msd="Mood=Ind|Tense=Pres|Voice=Act|Person=1">Scitin</w>                <w xml:id="line.1154c#w.2" pos="ADV" lemma="ne2" msd="MORPH=empty">Scitin</w>                <w xml:id="line.1154c#w.3" pos="PROint" lemma="quis1" msd="Case=Acc|Numb=Sing">quid</w>                <w xml:id="line.1154c#w.4" pos="PROper" lemma="ego" msd="Case=Nom|Numb=Sing">ego</w>                <w xml:id="line.1154c#w.5" pos="PROper" lemma="uos" msd="Case=Acc|Numb=Plur">vos</w>                <w xml:id="line.1154c#w.6" pos="VER" lemma="rogo" msd="Numb=Sing|Mood=Ind|Tense=Pres|Voice=Act|Person=1">rogo</w>                <w xml:id="line.1154c#w.7" pos="PUNC" lemma="?" msd="MORPH=empty">?</w>            </seg>            <seg xml:id="urn:cts:latinLit:phi0119.phi010.perseus-lat2:line.1155">                <w xml:id="line.1155#w.1" pos="PROint" lemma="quis1" msd="Case=Acc|Numb=Sing">Quid</w>                <w xml:id="line.1155#w.2" pos="PUNC" lemma="?" msd="MORPH=empty">?</w>            </seg>            <seg xml:id="urn:cts:latinLit:phi0119.phi010.perseus-lat2:line.1155b">                <w xml:id="line.1155b#w.1" pos="NOM" lemma="praeconium" msd="Case=Acc|Numb=Sing">Praeconium</w>                <w xml:id="line.1155b#w.2" pos="PROper" lemma="ego" msd="Case=Dat|Numb=Sing">mi</w>                <w xml:id="line.1155b#w.3" pos="CONsub" lemma="ut4" msd="MORPH=empty">ut</w>                <w xml:id="line.1155b#w.4" pos="VER" lemma="do" msd="Numb=Plur|Mood=Sub|Tense=Pres|Voice=Act|Person=2">detis</w>                <w xml:id="line.1155b#w.5" pos="PUNC" lemma="." msd="MORPH=empty">.</w>            </seg>            <seg xml:id="urn:cts:latinLit:phi0119.phi010.perseus-lat2:line.1155c">                <w xml:id="line.1155c#w.1" pos="VER" lemma="do" msd="Numb=Sing|Mood=Ind|Tense=Fut|Voice=Pass|Person=3">Dabitur</w>                <w xml:id="line.1155c#w.2" pos="PUNC" lemma="." msd="MORPH=empty">.</w>            </seg>            <seg xml:id="urn:cts:latinLit:phi0119.phi010.perseus-lat2:line.1155d">                <w xml:id="line.1155d#w.1" pos="CONcoo" lemma="ergo2" msd="MORPH=empty">Ergo</w>                <w xml:id="line.1155d#w.2" pos="NOM" lemma="nuncia" msd="Case=Acc|Numb=Sing">nunciam</w>            </seg>            <seg xml:id="urn:cts:latinLit:phi0119.phi010.perseus-lat2:line.1156">                <w xml:id="line.1156#w.1" pos="VER" lemma="uolo?" msd="Numb=Sing|Mood=Ind|Tense=Pres|Voice=Act|Person=2">vis</w>                <w xml:id="line.1156#w.2" pos="VER" lemma="conclamo" msd="Mood=Inf|Tense=Pres|Voice=Pass">conclamari</w>                <w xml:id="line.1156#w.3" pos="NOM" lemma="auctio" msd="Case=Acc|Numb=Sing">auctionem</w>                <w xml:id="line.1156#w.4" pos="VER" lemma="sum1" msd="Mood=Par|Tense=Fut|Voice=Act">fore</w>                <w xml:id="line.1156#w.5" pos="PUNC" lemma="?" msd="MORPH=empty">?</w>            </seg>            <seg xml:id="urn:cts:latinLit:phi0119.phi010.perseus-lat2:line.1156b">                <w xml:id="line.1156b#w.1" pos="ADV" lemma="equidem" msd="Deg=Pos">Equidem</w>                <w xml:id="line.1156b#w.2" pos="NOM" lemma="dies" msd="Case=Abl|Numb=Sing">die</w>                <w xml:id="line.1156b#w.3" pos="ADJord" lemma="septimus" msd="Case=Nom|Numb=Plur|Deg=Pos">septimi</w>                <w xml:id="line.1156b#w.4" pos="PUNC" lemma="." msd="MORPH=empty">.</w>            </seg>            <seg xml:id="urn:cts:latinLit:phi0119.phi010.perseus-lat2:line.1157">                <w xml:id="line.1157#w.1" pos="NOM" lemma="auctio" msd="Case=Nom|Numb=Sing">Auctio</w>                <w xml:id="line.1157#w.2" pos="VER" lemma="fio" msd="Numb=Sing|Mood=Ind|Tense=Fut|Voice=Act|Person=3">fiet</w>                <w xml:id="line.1157#w.3" pos="NOM" lemma="menaechis" msd="Case=Gen|Numb=Sing">Menaechmi</w>                <w xml:id="line.1157#w.4" pos="ADV" lemma="mane2" msd="Deg=Pos">mane</w>                <w xml:id="line.1157#w.5" pos="ADV" lemma="sane" msd="Deg=Pos">sane</w>                <w xml:id="line.1157#w.6" pos="ADJord" lemma="septimus" msd="Case=Nom|Numb=Plur|Deg=Pos">septimi</w>                <w xml:id="line.1157#w.7" pos="PUNC" lemma="." msd="MORPH=empty">.</w>            </seg>            <seg xml:id="urn:cts:latinLit:phi0119.phi010.perseus-lat2:line.1158">                <w xml:id="line.1158#w.1" pos="VER" lemma="ueneo" msd="Numb=Plur|Mood=Ind|Tense=Fut|Voice=Act|Person=3">venibunt</w>                <w xml:id="line.1158#w.2" pos="NOM" lemma="seruus?" msd="Case=Nom|Numb=Plur">servi</w>                <w xml:id="line.1158#w.3" pos="PUNC" lemma="," msd="MORPH=empty">,</w>                <w xml:id="line.1158#w.4" pos="NOM" lemma="supellex" msd="Case=Nom|Numb=Sing">supellex</w>                <w xml:id="line.1158#w.5" pos="PUNC" lemma="," msd="MORPH=empty">,</w>                <w xml:id="line.1158#w.6" pos="NOM" lemma="fundus" msd="Case=Gen|Numb=Sing">fundi</w>                <w xml:id="line.1158#w.7" pos="PUNC" lemma="," msd="MORPH=empty">,</w>                <w xml:id="line.1158#w.8" pos="NOM" lemma="aedes" msd="Case=Nom|Numb=Plur">aedes</w>                <w xml:id="line.1158#w.9" pos="PUNC" lemma="," msd="MORPH=empty">,</w>                <w xml:id="line.1158#w.10" pos="PROind" lemma="omnis" msd="Case=Acc|Numb=Plur">omnia</w>                <w xml:id="line.1158#w.11" pos="PUNC" lemma="." msd="MORPH=empty">.</w>            </seg>            <seg xml:id="urn:cts:latinLit:phi0119.phi010.perseus-lat2:line.1159">                <w xml:id="line.1159#w.1" pos="VER" lemma="ueneo" msd="Numb=Plur|Mood=Ind|Tense=Fut|Voice=Act|Person=3">venibunt</w>                <w xml:id="line.1159#w.2" pos="PROind" lemma="quisquis2" msd="Case=Nom|Numb=Plur">quiqui</w>                <w xml:id="line.1159#w.3" pos="VER" lemma="licet1" msd="Numb=Plur|Mood=Ind|Tense=Fut|Voice=Act|Person=3">licebunt</w>                <w xml:id="line.1159#w.4" pos="PUNC" lemma="," msd="MORPH=empty">,</w>                <w xml:id="line.1159#w.5" pos="ADJqua" lemma="praesens" msd="Case=Abl|Numb=Sing|Deg=Pos">praesenti</w>                <w xml:id="line.1159#w.6" pos="NOM" lemma="pecunia" msd="Case=Abl|Numb=Sing">pecunia</w>                <w xml:id="line.1159#w.7" pos="PUNC" lemma="." msd="MORPH=empty">.</w>            </seg>            <seg xml:id="urn:cts:latinLit:phi0119.phi010.perseus-lat2:line.1160">                <w xml:id="line.1160#w.1" pos="VER" lemma="ueneo" msd="Numb=Sing|Mood=Ind|Tense=Fut|Voice=Act|Person=3">venibit</w>                <w xml:id="line.1160#w.2" pos="NOM" lemma="uxor" msd="Case=Nom|Numb=Sing">uxor</w>                <w xml:id="line.1160#w.3" pos="ADV" lemma="quoque" msd="Deg=Pos">quoque</w>                <w xml:id="line.1160#w.4" pos="ADV" lemma="etiam" msd="Deg=Pos">etiam</w>                <w xml:id="line.1160#w.5" pos="PUNC" lemma="," msd="MORPH=empty">,</w>                <w xml:id="line.1160#w.6" pos="CONsub" lemma="si2" msd="MORPH=empty">si</w>                <w xml:id="line.1160#w.7" pos="PROind" lemma="quis2" msd="Case=Nom|Numb=Sing">quis</w>                <w xml:id="line.1160#w.8" pos="NOM" lemma="emptor" msd="Case=Nom|Numb=Sing">emptor</w>                <w xml:id="line.1160#w.9" pos="VER" lemma="uenio" msd="Numb=Sing|Mood=Ind|Tense=FutAnt|Voice=Act|Person=3">venerit</w>                <w xml:id="line.1160#w.10" pos="PUNC" lemma="." msd="MORPH=empty">.</w>            </seg>            <seg xml:id="urn:cts:latinLit:phi0119.phi010.perseus-lat2:line.1161">                <w xml:id="line.1161#w.1" pos="ADV" lemma="uix" msd="Deg=Pos">vix</w>                <w xml:id="line.1161#w.2" pos="VER" lemma="credo" msd="Numb=Sing|Mood=Ind|Tense=Pres|Voice=Act|Person=1">credo</w>                <w xml:id="line.1161#w.3" pos="PROind" lemma="totus" msd="Case=Abl|Numb=Sing">tota</w>                <w xml:id="line.1161#w.4" pos="NOM" lemma="auctio" msd="Case=Abl|Numb=Sing">auctione</w>                <w xml:id="line.1161#w.5" pos="VER" lemma="capio2" msd="Numb=Sing|Mood=Ind|Tense=Fut|Voice=Act|Person=3">capiet</w>                <w xml:id="line.1161#w.6" pos="PUNC" lemma="â " msd="MORPH=empty">â </w>                <w xml:id="line.1161#w.7" pos="NOM" lemma="quinquagesis" msd="Case=Nom|Numb=Sing">quinquagesies</w>                <w xml:id="line.1161#w.8" pos="PUNC" lemma="." msd="MORPH=empty">.</w>            </seg>            <seg xml:id="urn:cts:latinLit:phi0119.phi010.perseus-lat2:line.1162">                <w xml:id="line.1162#w.1" pos="ADV" lemma="nunc" msd="Deg=Pos">nunc</w>                <w xml:id="line.1162#w.2" pos="PUNC" lemma="," msd="MORPH=empty">,</w>                <w xml:id="line.1162#w.3" pos="NOM" lemma="spectator" msd="Case=Voc|Numb=Plur">spectatores</w>                <w xml:id="line.1162#w.4" pos="PUNC" lemma="," msd="MORPH=empty">,</w>                <w xml:id="line.1162#w.5" pos="VER" lemma="ualeo" msd="Numb=Plur|Mood=Imp|Tense=Pres|Voice=Act|Person=2">valete</w>                <w xml:id="line.1162#w.6" pos="CONcoo" lemma="et2" msd="MORPH=empty">et</w>                <w xml:id="line.1162#w.7" pos="PROper" lemma="nos" msd="Case=Dat|Numb=Plur">nobis</w>                <w xml:id="line.1162#w.8" pos="ADV" lemma="clare" msd="Deg=Pos">clare</w>                <w xml:id="line.1162#w.9" pos="VER" lemma="plaudo" msd="Numb=Plur|Mood=Imp|Tense=Pres|Voice=Act|Person=2">plaudite</w>                <w xml:id="line.1162#w.10" pos="PUNC" lemma="." msd="MORPH=empty">.</w>            </seg>        </body>
    </text>
</TEI>
